[2022-10-13 12:17:46,361] {taskinstance.py:1159} INFO - Dependencies all met for <TaskInstance: dbt.dbt_run scheduled__2022-10-13T00:01:00+00:00 [queued]>
[2022-10-13 12:17:46,372] {taskinstance.py:1159} INFO - Dependencies all met for <TaskInstance: dbt.dbt_run scheduled__2022-10-13T00:01:00+00:00 [queued]>
[2022-10-13 12:17:46,372] {taskinstance.py:1356} INFO - 
--------------------------------------------------------------------------------
[2022-10-13 12:17:46,372] {taskinstance.py:1357} INFO - Starting attempt 1 of 1
[2022-10-13 12:17:46,373] {taskinstance.py:1358} INFO - 
--------------------------------------------------------------------------------
[2022-10-13 12:17:46,390] {taskinstance.py:1377} INFO - Executing <Task(DbtRunOperator): dbt_run> on 2022-10-13 00:01:00+00:00
[2022-10-13 12:17:46,397] {standard_task_runner.py:52} INFO - Started process 236410 to run task
[2022-10-13 12:17:46,402] {standard_task_runner.py:79} INFO - Running: ['airflow', 'tasks', 'run', 'dbt', 'dbt_run', 'scheduled__2022-10-13T00:01:00+00:00', '--job-id', '69', '--raw', '--subdir', 'DAGS_FOLDER/dbt_airflow.py', '--cfg-path', '/tmp/tmpo6g9jnn2', '--error-file', '/tmp/tmpgzsikao7']
[2022-10-13 12:17:46,403] {standard_task_runner.py:80} INFO - Job 69: Subtask dbt_run
[2022-10-13 12:17:46,482] {task_command.py:370} INFO - Running <TaskInstance: dbt.dbt_run scheduled__2022-10-13T00:01:00+00:00 [running]> on host ubuntu
[2022-10-13 12:17:46,557] {taskinstance.py:1569} INFO - Exporting the following env vars:
AIRFLOW_CTX_DAG_OWNER=airflow
AIRFLOW_CTX_DAG_ID=dbt
AIRFLOW_CTX_TASK_ID=dbt_run
AIRFLOW_CTX_EXECUTION_DATE=2022-10-13T00:01:00+00:00
AIRFLOW_CTX_TRY_NUMBER=1
AIRFLOW_CTX_DAG_RUN_ID=scheduled__2022-10-13T00:01:00+00:00
[2022-10-13 12:17:46,559] {dbt_hook.py:117} INFO - dbt run --select Core --full-refresh
[2022-10-13 12:17:46,570] {dbt_hook.py:126} INFO - Output:
[2022-10-13 12:17:51,823] {dbt_hook.py:130} INFO - 19:17:51  Running with dbt=1.1.0
[2022-10-13 12:17:51,954] {dbt_hook.py:130} INFO - 19:17:51  Found 6 models, 5 tests, 6 snapshots, 0 analyses, 400 macros, 0 operations, 7 seed files, 2 sources, 0 exposures, 0 metrics
[2022-10-13 12:17:51,957] {dbt_hook.py:130} INFO - 19:17:51
[2022-10-13 12:17:55,283] {dbt_hook.py:130} INFO - 19:17:55  Concurrency: 2 threads (target='dev')
[2022-10-13 12:17:55,283] {dbt_hook.py:130} INFO - 19:17:55
[2022-10-13 12:17:55,292] {dbt_hook.py:130} INFO - 19:17:55  1 of 2 START incremental model DBT_HAMS71.Core_City ............................ [RUN]
[2022-10-13 12:17:55,314] {dbt_hook.py:130} INFO - 19:17:55  2 of 2 START incremental model DBT_HAMS71.Core_Transactions .................... [RUN]
[2022-10-13 12:17:57,670] {dbt_hook.py:130} INFO - 19:17:57  2 of 2 OK created incremental model DBT_HAMS71.Core_Transactions ............... [[32mSUCCESS 1[0m in 2.36s]
[2022-10-13 12:17:57,731] {dbt_hook.py:130} INFO - 19:17:57  1 of 2 OK created incremental model DBT_HAMS71.Core_City ....................... [[32mSUCCESS 1[0m in 2.44s]
[2022-10-13 12:17:57,735] {dbt_hook.py:130} INFO - 19:17:57
[2022-10-13 12:17:57,736] {dbt_hook.py:130} INFO - 19:17:57  Finished running 2 incremental models in 5.78s.
[2022-10-13 12:17:57,763] {dbt_hook.py:130} INFO - 19:17:57
[2022-10-13 12:17:57,765] {dbt_hook.py:130} INFO - 19:17:57  [32mCompleted successfully[0m
[2022-10-13 12:17:57,766] {dbt_hook.py:130} INFO - 19:17:57
[2022-10-13 12:17:57,766] {dbt_hook.py:130} INFO - 19:17:57  Done. PASS=2 WARN=0 ERROR=0 SKIP=0 TOTAL=2
[2022-10-13 12:17:59,537] {dbt_hook.py:132} INFO - Command exited with return code 0
[2022-10-13 12:17:59,551] {taskinstance.py:1395} INFO - Marking task as SUCCESS. dag_id=dbt, task_id=dbt_run, execution_date=20221013T000100, start_date=20221013T191746, end_date=20221013T191759
[2022-10-13 12:17:59,608] {local_task_job.py:156} INFO - Task exited with return code 0
[2022-10-13 12:17:59,639] {local_task_job.py:273} INFO - 1 downstream tasks scheduled from follow-on schedule check
