[2022-06-27 05:01:34,791] {taskinstance.py:1159} INFO - Dependencies all met for <TaskInstance: example_bash_operator.also_run_this scheduled__2022-06-26T00:00:00+00:00 [queued]>
[2022-06-27 05:01:34,845] {taskinstance.py:1159} INFO - Dependencies all met for <TaskInstance: example_bash_operator.also_run_this scheduled__2022-06-26T00:00:00+00:00 [queued]>
[2022-06-27 05:01:34,845] {taskinstance.py:1356} INFO - 
--------------------------------------------------------------------------------
[2022-06-27 05:01:34,845] {taskinstance.py:1357} INFO - Starting attempt 1 of 1
[2022-06-27 05:01:34,845] {taskinstance.py:1358} INFO - 
--------------------------------------------------------------------------------
[2022-06-27 05:01:34,887] {taskinstance.py:1377} INFO - Executing <Task(BashOperator): also_run_this> on 2022-06-26 00:00:00+00:00
[2022-06-27 05:01:34,895] {standard_task_runner.py:52} INFO - Started process 151450 to run task
[2022-06-27 05:01:34,969] {standard_task_runner.py:79} INFO - Running: ['airflow', 'tasks', 'run', 'example_bash_operator', 'also_run_this', 'scheduled__2022-06-26T00:00:00+00:00', '--job-id', '8', '--raw', '--subdir', '/home/ubuntu/airflow/airflow_env/lib/python3.8/site-packages/airflow/example_dags/example_bash_operator.py', '--cfg-path', '/tmp/tmp5ecy8onl', '--error-file', '/tmp/tmpyu7jg9_h']
[2022-06-27 05:01:34,979] {standard_task_runner.py:80} INFO - Job 8: Subtask also_run_this
[2022-06-27 05:01:35,151] {task_command.py:370} INFO - Running <TaskInstance: example_bash_operator.also_run_this scheduled__2022-06-26T00:00:00+00:00 [running]> on host ubuntu
[2022-06-27 05:01:35,488] {taskinstance.py:1569} INFO - Exporting the following env vars:
AIRFLOW_CTX_DAG_OWNER=airflow
AIRFLOW_CTX_DAG_ID=example_bash_operator
AIRFLOW_CTX_TASK_ID=also_run_this
AIRFLOW_CTX_EXECUTION_DATE=2022-06-26T00:00:00+00:00
AIRFLOW_CTX_TRY_NUMBER=1
AIRFLOW_CTX_DAG_RUN_ID=scheduled__2022-06-26T00:00:00+00:00
[2022-06-27 05:01:35,498] {subprocess.py:62} INFO - Tmp dir root location: 
 /tmp
[2022-06-27 05:01:35,499] {subprocess.py:74} INFO - Running command: ['bash', '-c', 'echo "run_id=scheduled__2022-06-26T00:00:00+00:00 | dag_run=<DagRun example_bash_operator @ 2022-06-26 00:00:00+00:00: scheduled__2022-06-26T00:00:00+00:00, externally triggered: False>"']
[2022-06-27 05:01:35,535] {subprocess.py:85} INFO - Output:
[2022-06-27 05:01:35,536] {subprocess.py:92} INFO - run_id=scheduled__2022-06-26T00:00:00+00:00 | dag_run=<DagRun example_bash_operator @ 2022-06-26 00:00:00+00:00: scheduled__2022-06-26T00:00:00+00:00, externally triggered: False>
[2022-06-27 05:01:35,536] {subprocess.py:96} INFO - Command exited with return code 0
[2022-06-27 05:01:35,622] {taskinstance.py:1395} INFO - Marking task as SUCCESS. dag_id=example_bash_operator, task_id=also_run_this, execution_date=20220626T000000, start_date=20220627T120134, end_date=20220627T120135
[2022-06-27 05:01:35,678] {local_task_job.py:156} INFO - Task exited with return code 0
[2022-06-27 05:01:35,783] {local_task_job.py:273} INFO - 0 downstream tasks scheduled from follow-on schedule check
