[2022-06-27 05:01:58,684] {taskinstance.py:1159} INFO - Dependencies all met for <TaskInstance: example_bash_operator.this_will_skip manual__2022-06-27T12:00:24.649090+00:00 [queued]>
[2022-06-27 05:01:58,771] {taskinstance.py:1159} INFO - Dependencies all met for <TaskInstance: example_bash_operator.this_will_skip manual__2022-06-27T12:00:24.649090+00:00 [queued]>
[2022-06-27 05:01:58,772] {taskinstance.py:1356} INFO - 
--------------------------------------------------------------------------------
[2022-06-27 05:01:58,772] {taskinstance.py:1357} INFO - Starting attempt 1 of 1
[2022-06-27 05:01:58,772] {taskinstance.py:1358} INFO - 
--------------------------------------------------------------------------------
[2022-06-27 05:01:58,844] {taskinstance.py:1377} INFO - Executing <Task(BashOperator): this_will_skip> on 2022-06-27 12:00:24.649090+00:00
[2022-06-27 05:01:58,853] {standard_task_runner.py:52} INFO - Started process 151465 to run task
[2022-06-27 05:01:58,892] {standard_task_runner.py:79} INFO - Running: ['airflow', 'tasks', 'run', 'example_bash_operator', 'this_will_skip', 'manual__2022-06-27T12:00:24.649090+00:00', '--job-id', '11', '--raw', '--subdir', '/home/ubuntu/airflow/airflow_env/lib/python3.8/site-packages/airflow/example_dags/example_bash_operator.py', '--cfg-path', '/tmp/tmp8e209fk8', '--error-file', '/tmp/tmphfroq5c1']
[2022-06-27 05:01:58,893] {standard_task_runner.py:80} INFO - Job 11: Subtask this_will_skip
[2022-06-27 05:01:59,111] {task_command.py:370} INFO - Running <TaskInstance: example_bash_operator.this_will_skip manual__2022-06-27T12:00:24.649090+00:00 [running]> on host ubuntu
[2022-06-27 05:01:59,360] {taskinstance.py:1569} INFO - Exporting the following env vars:
AIRFLOW_CTX_DAG_OWNER=airflow
AIRFLOW_CTX_DAG_ID=example_bash_operator
AIRFLOW_CTX_TASK_ID=this_will_skip
AIRFLOW_CTX_EXECUTION_DATE=2022-06-27T12:00:24.649090+00:00
AIRFLOW_CTX_TRY_NUMBER=1
AIRFLOW_CTX_DAG_RUN_ID=manual__2022-06-27T12:00:24.649090+00:00
[2022-06-27 05:01:59,371] {subprocess.py:62} INFO - Tmp dir root location: 
 /tmp
[2022-06-27 05:01:59,373] {subprocess.py:74} INFO - Running command: ['bash', '-c', 'echo "hello world"; exit 99;']
[2022-06-27 05:01:59,395] {subprocess.py:85} INFO - Output:
[2022-06-27 05:01:59,396] {subprocess.py:92} INFO - hello world
[2022-06-27 05:01:59,396] {subprocess.py:96} INFO - Command exited with return code 99
[2022-06-27 05:01:59,400] {taskinstance.py:1478} INFO - Bash command returned exit code 99. Skipping.
[2022-06-27 05:01:59,434] {taskinstance.py:1395} INFO - Marking task as SKIPPED. dag_id=example_bash_operator, task_id=this_will_skip, execution_date=20220627T120024, start_date=20220627T120158, end_date=20220627T120159
[2022-06-27 05:01:59,521] {local_task_job.py:156} INFO - Task exited with return code 0
[2022-06-27 05:01:59,642] {local_task_job.py:273} INFO - 0 downstream tasks scheduled from follow-on schedule check
