[2022-10-17 11:03:07,303] {taskinstance.py:1159} INFO - Dependencies all met for <TaskInstance: dbt.dbt_run scheduled__2022-10-15T00:00:00+00:00 [queued]>
[2022-10-17 11:03:07,308] {taskinstance.py:1159} INFO - Dependencies all met for <TaskInstance: dbt.dbt_run scheduled__2022-10-15T00:00:00+00:00 [queued]>
[2022-10-17 11:03:07,309] {taskinstance.py:1356} INFO - 
--------------------------------------------------------------------------------
[2022-10-17 11:03:07,309] {taskinstance.py:1357} INFO - Starting attempt 1 of 1
[2022-10-17 11:03:07,309] {taskinstance.py:1358} INFO - 
--------------------------------------------------------------------------------
[2022-10-17 11:03:07,320] {taskinstance.py:1377} INFO - Executing <Task(DbtRunOperator): dbt_run> on 2022-10-15 00:00:00+00:00
[2022-10-17 11:03:07,323] {standard_task_runner.py:52} INFO - Started process 262801 to run task
[2022-10-17 11:03:07,327] {standard_task_runner.py:79} INFO - Running: ['airflow', 'tasks', 'run', 'dbt', 'dbt_run', 'scheduled__2022-10-15T00:00:00+00:00', '--job-id', '116', '--raw', '--subdir', 'DAGS_FOLDER/dbt_airflow.py', '--cfg-path', '/tmp/tmp535rd8q8', '--error-file', '/tmp/tmpgp7r3aj1']
[2022-10-17 11:03:07,327] {standard_task_runner.py:80} INFO - Job 116: Subtask dbt_run
[2022-10-17 11:03:07,378] {task_command.py:370} INFO - Running <TaskInstance: dbt.dbt_run scheduled__2022-10-15T00:00:00+00:00 [running]> on host ubuntu
[2022-10-17 11:03:07,422] {taskinstance.py:1569} INFO - Exporting the following env vars:
AIRFLOW_CTX_DAG_OWNER=airflow
AIRFLOW_CTX_DAG_ID=dbt
AIRFLOW_CTX_TASK_ID=dbt_run
AIRFLOW_CTX_EXECUTION_DATE=2022-10-15T00:00:00+00:00
AIRFLOW_CTX_TRY_NUMBER=1
AIRFLOW_CTX_DAG_RUN_ID=scheduled__2022-10-15T00:00:00+00:00
[2022-10-17 11:03:07,423] {dbt_hook.py:117} INFO - dbt run --select Core --full-refresh
[2022-10-17 11:03:07,428] {dbt_hook.py:126} INFO - Output:
[2022-10-17 11:03:10,293] {dbt_hook.py:130} INFO - 18:03:10  Running with dbt=1.1.0
[2022-10-17 11:03:10,392] {dbt_hook.py:130} INFO - 18:03:10  Found 6 models, 5 tests, 6 snapshots, 0 analyses, 400 macros, 0 operations, 7 seed files, 2 sources, 0 exposures, 0 metrics
[2022-10-17 11:03:10,395] {dbt_hook.py:130} INFO - 18:03:10
[2022-10-17 11:03:13,375] {dbt_hook.py:130} INFO - 18:03:13  Concurrency: 2 threads (target='dev')
[2022-10-17 11:03:13,375] {dbt_hook.py:130} INFO - 18:03:13
[2022-10-17 11:03:13,382] {dbt_hook.py:130} INFO - 18:03:13  1 of 2 START incremental model DBT_HAMS71.Core_City ............................ [RUN]
[2022-10-17 11:03:13,401] {dbt_hook.py:130} INFO - 18:03:13  2 of 2 START incremental model DBT_HAMS71.Core_Transactions .................... [RUN]
[2022-10-17 11:03:15,474] {dbt_hook.py:130} INFO - 18:03:15  2 of 2 OK created incremental model DBT_HAMS71.Core_Transactions ............... [[32mSUCCESS 1[0m in 2.07s]
[2022-10-17 11:03:15,742] {dbt_hook.py:130} INFO - 18:03:15  1 of 2 OK created incremental model DBT_HAMS71.Core_City ....................... [[32mSUCCESS 1[0m in 2.36s]
[2022-10-17 11:03:15,744] {dbt_hook.py:130} INFO - 18:03:15
[2022-10-17 11:03:15,745] {dbt_hook.py:130} INFO - 18:03:15  Finished running 2 incremental models in 5.35s.
[2022-10-17 11:03:15,764] {dbt_hook.py:130} INFO - 18:03:15
[2022-10-17 11:03:15,765] {dbt_hook.py:130} INFO - 18:03:15  [32mCompleted successfully[0m
[2022-10-17 11:03:15,765] {dbt_hook.py:130} INFO - 18:03:15
[2022-10-17 11:03:15,765] {dbt_hook.py:130} INFO - 18:03:15  Done. PASS=2 WARN=0 ERROR=0 SKIP=0 TOTAL=2
[2022-10-17 11:03:17,236] {dbt_hook.py:132} INFO - Command exited with return code 0
[2022-10-17 11:03:17,246] {taskinstance.py:1395} INFO - Marking task as SUCCESS. dag_id=dbt, task_id=dbt_run, execution_date=20221015T000000, start_date=20221017T180307, end_date=20221017T180317
[2022-10-17 11:03:17,293] {local_task_job.py:156} INFO - Task exited with return code 0
[2022-10-17 11:03:17,317] {local_task_job.py:273} INFO - 1 downstream tasks scheduled from follow-on schedule check
