[2022-10-11 10:59:28,128] {taskinstance.py:1159} INFO - Dependencies all met for <TaskInstance: dbt.dbt_seed scheduled__2022-10-10T00:00:00+00:00 [queued]>
[2022-10-11 10:59:28,166] {taskinstance.py:1159} INFO - Dependencies all met for <TaskInstance: dbt.dbt_seed scheduled__2022-10-10T00:00:00+00:00 [queued]>
[2022-10-11 10:59:28,181] {taskinstance.py:1356} INFO - 
--------------------------------------------------------------------------------
[2022-10-11 10:59:28,181] {taskinstance.py:1357} INFO - Starting attempt 1 of 1
[2022-10-11 10:59:28,182] {taskinstance.py:1358} INFO - 
--------------------------------------------------------------------------------
[2022-10-11 10:59:28,351] {taskinstance.py:1377} INFO - Executing <Task(DbtSeedOperator): dbt_seed> on 2022-10-10 00:00:00+00:00
[2022-10-11 10:59:28,384] {standard_task_runner.py:79} INFO - Running: ['airflow', 'tasks', 'run', 'dbt', 'dbt_seed', 'scheduled__2022-10-10T00:00:00+00:00', '--job-id', '51', '--raw', '--subdir', 'DAGS_FOLDER/dbt_airflow.py', '--cfg-path', '/tmp/tmph8eadwkf', '--error-file', '/tmp/tmpd5rbvv9f']
[2022-10-11 10:59:28,356] {standard_task_runner.py:52} INFO - Started process 201338 to run task
[2022-10-11 10:59:28,410] {standard_task_runner.py:80} INFO - Job 51: Subtask dbt_seed
[2022-10-11 10:59:30,413] {task_command.py:370} INFO - Running <TaskInstance: dbt.dbt_seed scheduled__2022-10-10T00:00:00+00:00 [running]> on host ubuntu
[2022-10-11 10:59:31,349] {taskinstance.py:1569} INFO - Exporting the following env vars:
AIRFLOW_CTX_DAG_OWNER=airflow
AIRFLOW_CTX_DAG_ID=dbt
AIRFLOW_CTX_TASK_ID=dbt_seed
AIRFLOW_CTX_EXECUTION_DATE=2022-10-10T00:00:00+00:00
AIRFLOW_CTX_TRY_NUMBER=1
AIRFLOW_CTX_DAG_RUN_ID=scheduled__2022-10-10T00:00:00+00:00
[2022-10-11 10:59:31,350] {dbt_hook.py:117} INFO - dbt seed
[2022-10-11 10:59:31,385] {dbt_hook.py:126} INFO - Output:
[2022-10-11 10:59:45,983] {dbt_hook.py:130} INFO - 17:59:45  Running with dbt=1.1.0
[2022-10-11 10:59:46,117] {dbt_hook.py:130} INFO - 17:59:46  Found 6 models, 5 tests, 6 snapshots, 0 analyses, 400 macros, 0 operations, 7 seed files, 2 sources, 0 exposures, 0 metrics
[2022-10-11 10:59:46,120] {dbt_hook.py:130} INFO - 17:59:46
[2022-10-11 10:59:53,044] {dbt_hook.py:130} INFO - 17:59:53  Concurrency: 2 threads (target='dev')
[2022-10-11 10:59:53,045] {dbt_hook.py:130} INFO - 17:59:53
[2022-10-11 10:59:53,083] {dbt_hook.py:130} INFO - 17:59:53  1 of 7 START seed file DBT_HAMS71.STG_Accounts ................................. [RUN]
[2022-10-11 10:59:53,187] {dbt_hook.py:130} INFO - 17:59:53  2 of 7 START seed file DBT_HAMS71.STG_Address .................................. [RUN]
[2022-10-11 10:59:58,462] {dbt_hook.py:130} INFO - 17:59:58  2 of 7 OK loaded seed file DBT_HAMS71.STG_Address .............................. [[32mINSERT 300[0m in 5.27s]
[2022-10-11 10:59:58,463] {dbt_hook.py:130} INFO - 17:59:58  3 of 7 START seed file DBT_HAMS71.STG_Bank ..................................... [RUN]
[2022-10-11 10:59:58,533] {dbt_hook.py:130} INFO - 17:59:58  1 of 7 OK loaded seed file DBT_HAMS71.STG_Accounts ............................. [[32mINSERT 1000[0m in 5.46s]
[2022-10-11 10:59:58,534] {dbt_hook.py:130} INFO - 17:59:58  4 of 7 START seed file DBT_HAMS71.STG_Branch ................................... [RUN]
[2022-10-11 11:00:02,593] {dbt_hook.py:130} INFO - 18:00:02  3 of 7 OK loaded seed file DBT_HAMS71.STG_Bank ................................. [[32mINSERT 1000[0m in 4.13s]
[2022-10-11 11:00:02,596] {dbt_hook.py:130} INFO - 18:00:02  5 of 7 START seed file DBT_HAMS71.STG_City ..................................... [RUN]
[2022-10-11 11:00:07,101] {dbt_hook.py:130} INFO - 18:00:07  4 of 7 OK loaded seed file DBT_HAMS71.STG_Branch ............................... [[32mINSERT 1000[0m in 8.57s]
[2022-10-11 11:00:07,103] {dbt_hook.py:130} INFO - 18:00:07  6 of 7 START seed file DBT_HAMS71.STG_Contact .................................. [RUN]
[2022-10-11 11:00:16,574] {dbt_hook.py:130} INFO - 18:00:16  5 of 7 OK loaded seed file DBT_HAMS71.STG_City ................................. [[32mINSERT 300[0m in 13.98s]
[2022-10-11 11:00:16,577] {dbt_hook.py:130} INFO - 18:00:16  7 of 7 START seed file DBT_HAMS71.STG_Transactions ............................. [RUN]
[2022-10-11 11:00:47,474] {dbt_hook.py:130} INFO - 18:00:47  7 of 7 OK loaded seed file DBT_HAMS71.STG_Transactions ......................... [[32mINSERT 1000[0m in 30.90s]
[2022-10-11 11:00:55,300] {dbt_hook.py:130} INFO - 18:00:55  6 of 7 OK loaded seed file DBT_HAMS71.STG_Contact .............................. [[32mINSERT 1000[0m in 48.20s]
[2022-10-11 11:00:55,303] {dbt_hook.py:130} INFO - 18:00:55
[2022-10-11 11:00:55,303] {dbt_hook.py:130} INFO - 18:00:55  Finished running 7 seeds in 69.18s.
[2022-10-11 11:00:55,335] {dbt_hook.py:130} INFO - 18:00:55
[2022-10-11 11:00:55,336] {dbt_hook.py:130} INFO - 18:00:55  [32mCompleted successfully[0m
[2022-10-11 11:00:55,337] {dbt_hook.py:130} INFO - 18:00:55
[2022-10-11 11:00:55,337] {dbt_hook.py:130} INFO - 18:00:55  Done. PASS=7 WARN=0 ERROR=0 SKIP=0 TOTAL=7
[2022-10-11 11:00:56,915] {dbt_hook.py:132} INFO - Command exited with return code 0
[2022-10-11 11:00:56,927] {taskinstance.py:1395} INFO - Marking task as SUCCESS. dag_id=dbt, task_id=dbt_seed, execution_date=20221010T000000, start_date=20221011T175928, end_date=20221011T180056
[2022-10-11 11:00:56,951] {local_task_job.py:156} INFO - Task exited with return code 0
[2022-10-11 11:00:56,975] {local_task_job.py:273} INFO - 1 downstream tasks scheduled from follow-on schedule check
