[2022-10-13 14:23:39,974] {taskinstance.py:1159} INFO - Dependencies all met for <TaskInstance: dbt_dag_bash.dbt_snapshot manual__2022-10-13T21:22:59.806022+00:00 [queued]>
[2022-10-13 14:23:39,988] {taskinstance.py:1159} INFO - Dependencies all met for <TaskInstance: dbt_dag_bash.dbt_snapshot manual__2022-10-13T21:22:59.806022+00:00 [queued]>
[2022-10-13 14:23:39,988] {taskinstance.py:1356} INFO - 
--------------------------------------------------------------------------------
[2022-10-13 14:23:39,988] {taskinstance.py:1357} INFO - Starting attempt 1 of 1
[2022-10-13 14:23:39,988] {taskinstance.py:1358} INFO - 
--------------------------------------------------------------------------------
[2022-10-13 14:23:40,006] {taskinstance.py:1377} INFO - Executing <Task(BashOperator): dbt_snapshot> on 2022-10-13 21:22:59.806022+00:00
[2022-10-13 14:23:40,009] {standard_task_runner.py:52} INFO - Started process 251002 to run task
[2022-10-13 14:23:40,022] {standard_task_runner.py:79} INFO - Running: ['airflow', 'tasks', 'run', 'dbt_dag_bash', 'dbt_snapshot', 'manual__2022-10-13T21:22:59.806022+00:00', '--job-id', '92', '--raw', '--subdir', 'DAGS_FOLDER/dbt_bashOperator.py', '--cfg-path', '/tmp/tmpznfk7uvc', '--error-file', '/tmp/tmpdl0gybl8']
[2022-10-13 14:23:40,024] {standard_task_runner.py:80} INFO - Job 92: Subtask dbt_snapshot
[2022-10-13 14:23:40,082] {task_command.py:370} INFO - Running <TaskInstance: dbt_dag_bash.dbt_snapshot manual__2022-10-13T21:22:59.806022+00:00 [running]> on host ubuntu
[2022-10-13 14:23:40,140] {taskinstance.py:1569} INFO - Exporting the following env vars:
AIRFLOW_CTX_DAG_OWNER=airflow
AIRFLOW_CTX_DAG_ID=dbt_dag_bash
AIRFLOW_CTX_TASK_ID=dbt_snapshot
AIRFLOW_CTX_EXECUTION_DATE=2022-10-13T21:22:59.806022+00:00
AIRFLOW_CTX_TRY_NUMBER=1
AIRFLOW_CTX_DAG_RUN_ID=manual__2022-10-13T21:22:59.806022+00:00
[2022-10-13 14:23:40,141] {subprocess.py:62} INFO - Tmp dir root location: 
 /tmp
[2022-10-13 14:23:40,142] {subprocess.py:74} INFO - Running command: ['bash', '-c', 'cd /home/ubuntu/airflow/dbt_project/ && dbt snapshot']
[2022-10-13 14:23:40,157] {subprocess.py:85} INFO - Output:
[2022-10-13 14:23:43,498] {subprocess.py:92} INFO - 21:23:43  Running with dbt=1.1.0
[2022-10-13 14:23:43,658] {subprocess.py:92} INFO - 21:23:43  Found 6 models, 5 tests, 6 snapshots, 0 analyses, 400 macros, 0 operations, 7 seed files, 2 sources, 0 exposures, 0 metrics
[2022-10-13 14:23:43,662] {subprocess.py:92} INFO - 21:23:43
[2022-10-13 14:23:46,694] {subprocess.py:92} INFO - 21:23:46  Concurrency: 2 threads (target='dev')
[2022-10-13 14:23:46,694] {subprocess.py:92} INFO - 21:23:46
[2022-10-13 14:23:46,704] {subprocess.py:92} INFO - 21:23:46  1 of 6 START snapshot DBT_HAMS71.Core_Accounts ................................. [RUN]
[2022-10-13 14:23:46,717] {subprocess.py:92} INFO - 21:23:46  2 of 6 START snapshot DBT_HAMS71.Core_Address .................................. [RUN]
[2022-10-13 14:23:48,926] {subprocess.py:92} INFO - 21:23:48  2 of 6 OK snapshotted DBT_HAMS71.Core_Address .................................. [[32mSUCCESS 1[0m in 2.21s]
[2022-10-13 14:23:48,928] {subprocess.py:92} INFO - 21:23:48  3 of 6 START snapshot DBT_HAMS71.Core_Bank ..................................... [RUN]
[2022-10-13 14:23:49,063] {subprocess.py:92} INFO - 21:23:49  1 of 6 OK snapshotted DBT_HAMS71.Core_Accounts ................................. [[32mSUCCESS 1[0m in 2.36s]
[2022-10-13 14:23:49,065] {subprocess.py:92} INFO - 21:23:49  4 of 6 START snapshot DBT_HAMS71.Core_Branch ................................... [RUN]
[2022-10-13 14:23:51,256] {subprocess.py:92} INFO - 21:23:51  3 of 6 OK snapshotted DBT_HAMS71.Core_Bank ..................................... [[32mSUCCESS 1[0m in 2.33s]
[2022-10-13 14:23:51,257] {subprocess.py:92} INFO - 21:23:51  5 of 6 START snapshot DBT_HAMS71.Core_Contact .................................. [RUN]
[2022-10-13 14:23:51,664] {subprocess.py:92} INFO - 21:23:51  4 of 6 OK snapshotted DBT_HAMS71.Core_Branch ................................... [[32mSUCCESS 1[0m in 2.59s]
[2022-10-13 14:23:54,006] {subprocess.py:92} INFO - 21:23:54  5 of 6 OK snapshotted DBT_HAMS71.Core_Contact .................................. [[32mSUCCESS 1[0m in 2.75s]
[2022-10-13 14:23:54,012] {subprocess.py:92} INFO - 21:23:54  6 of 6 START snapshot DBT_HAMS71.Core_Contact_Account_Branch ................... [RUN]
[2022-10-13 14:23:56,996] {subprocess.py:92} INFO - 21:23:56  6 of 6 OK snapshotted DBT_HAMS71.Core_Contact_Account_Branch ................... [[32mSUCCESS 1[0m in 2.98s]
[2022-10-13 14:23:57,003] {subprocess.py:92} INFO - 21:23:57
[2022-10-13 14:23:57,004] {subprocess.py:92} INFO - 21:23:57  Finished running 6 snapshots in 13.34s.
[2022-10-13 14:23:57,030] {subprocess.py:92} INFO - 21:23:57
[2022-10-13 14:23:57,031] {subprocess.py:92} INFO - 21:23:57  [32mCompleted successfully[0m
[2022-10-13 14:23:57,032] {subprocess.py:92} INFO - 21:23:57
[2022-10-13 14:23:57,033] {subprocess.py:92} INFO - 21:23:57  Done. PASS=6 WARN=0 ERROR=0 SKIP=0 TOTAL=6
[2022-10-13 14:23:58,633] {subprocess.py:96} INFO - Command exited with return code 0
[2022-10-13 14:23:58,704] {taskinstance.py:1395} INFO - Marking task as SUCCESS. dag_id=dbt_dag_bash, task_id=dbt_snapshot, execution_date=20221013T212259, start_date=20221013T212339, end_date=20221013T212358
[2022-10-13 14:23:58,748] {local_task_job.py:156} INFO - Task exited with return code 0
[2022-10-13 14:23:58,811] {local_task_job.py:273} INFO - 1 downstream tasks scheduled from follow-on schedule check
