[2022-10-16 22:39:00,617] {taskinstance.py:1159} INFO - Dependencies all met for <TaskInstance: dbt_dag_bash.dbt_seed scheduled__2022-10-13T00:00:00+00:00 [queued]>
[2022-10-16 22:39:00,624] {taskinstance.py:1159} INFO - Dependencies all met for <TaskInstance: dbt_dag_bash.dbt_seed scheduled__2022-10-13T00:00:00+00:00 [queued]>
[2022-10-16 22:39:00,624] {taskinstance.py:1356} INFO - 
--------------------------------------------------------------------------------
[2022-10-16 22:39:00,624] {taskinstance.py:1357} INFO - Starting attempt 1 of 1
[2022-10-16 22:39:00,624] {taskinstance.py:1358} INFO - 
--------------------------------------------------------------------------------
[2022-10-16 22:39:00,637] {taskinstance.py:1377} INFO - Executing <Task(BashOperator): dbt_seed> on 2022-10-13 00:00:00+00:00
[2022-10-16 22:39:00,641] {standard_task_runner.py:52} INFO - Started process 253381 to run task
[2022-10-16 22:39:00,659] {standard_task_runner.py:79} INFO - Running: ['airflow', 'tasks', 'run', 'dbt_dag_bash', 'dbt_seed', 'scheduled__2022-10-13T00:00:00+00:00', '--job-id', '99', '--raw', '--subdir', 'DAGS_FOLDER/dbt_bashOperator.py', '--cfg-path', '/tmp/tmptr6a2oor', '--error-file', '/tmp/tmpk7aez3r2']
[2022-10-16 22:39:00,660] {standard_task_runner.py:80} INFO - Job 99: Subtask dbt_seed
[2022-10-16 22:39:00,708] {task_command.py:370} INFO - Running <TaskInstance: dbt_dag_bash.dbt_seed scheduled__2022-10-13T00:00:00+00:00 [running]> on host ubuntu
[2022-10-16 22:39:00,765] {taskinstance.py:1569} INFO - Exporting the following env vars:
AIRFLOW_CTX_DAG_OWNER=airflow
AIRFLOW_CTX_DAG_ID=dbt_dag_bash
AIRFLOW_CTX_TASK_ID=dbt_seed
AIRFLOW_CTX_EXECUTION_DATE=2022-10-13T00:00:00+00:00
AIRFLOW_CTX_TRY_NUMBER=1
AIRFLOW_CTX_DAG_RUN_ID=scheduled__2022-10-13T00:00:00+00:00
[2022-10-16 22:39:00,767] {subprocess.py:62} INFO - Tmp dir root location: 
 /tmp
[2022-10-16 22:39:00,768] {subprocess.py:74} INFO - Running command: ['bash', '-c', 'cd /home/ubuntu/airflow/dbt_project/ && dbt seed --full-refresh']
[2022-10-16 22:39:00,779] {subprocess.py:85} INFO - Output:
[2022-10-16 22:39:03,494] {subprocess.py:92} INFO - 05:39:03  Running with dbt=1.1.0
[2022-10-16 22:39:03,587] {subprocess.py:92} INFO - 05:39:03  Found 6 models, 5 tests, 6 snapshots, 0 analyses, 400 macros, 0 operations, 7 seed files, 2 sources, 0 exposures, 0 metrics
[2022-10-16 22:39:03,590] {subprocess.py:92} INFO - 05:39:03
[2022-10-16 22:39:07,293] {subprocess.py:92} INFO - 05:39:07  Concurrency: 2 threads (target='dev')
[2022-10-16 22:39:07,294] {subprocess.py:92} INFO - 05:39:07
[2022-10-16 22:39:07,302] {subprocess.py:92} INFO - 05:39:07  1 of 7 START seed file DBT_HAMS71.STG_Accounts ................................. [RUN]
[2022-10-16 22:39:07,303] {subprocess.py:92} INFO - 05:39:07  2 of 7 START seed file DBT_HAMS71.STG_Address .................................. [RUN]
[2022-10-16 22:39:11,738] {subprocess.py:92} INFO - 05:39:11  2 of 7 OK loaded seed file DBT_HAMS71.STG_Address .............................. [[32mCREATE 300[0m in 4.43s]
[2022-10-16 22:39:11,738] {subprocess.py:92} INFO - 05:39:11  3 of 7 START seed file DBT_HAMS71.STG_Bank ..................................... [RUN]
[2022-10-16 22:39:11,928] {subprocess.py:92} INFO - 05:39:11  1 of 7 OK loaded seed file DBT_HAMS71.STG_Accounts ............................. [[32mCREATE 1000[0m in 4.62s]
[2022-10-16 22:39:11,930] {subprocess.py:92} INFO - 05:39:11  4 of 7 START seed file DBT_HAMS71.STG_Branch ................................... [RUN]
[2022-10-16 22:39:14,688] {subprocess.py:92} INFO - 05:39:14  3 of 7 OK loaded seed file DBT_HAMS71.STG_Bank ................................. [[32mCREATE 1000[0m in 2.95s]
[2022-10-16 22:39:14,689] {subprocess.py:92} INFO - 05:39:14  5 of 7 START seed file DBT_HAMS71.STG_City ..................................... [RUN]
[2022-10-16 22:39:14,858] {subprocess.py:92} INFO - 05:39:14  4 of 7 OK loaded seed file DBT_HAMS71.STG_Branch ............................... [[32mCREATE 1000[0m in 2.93s]
[2022-10-16 22:39:14,859] {subprocess.py:92} INFO - 05:39:14  6 of 7 START seed file DBT_HAMS71.STG_Contact .................................. [RUN]
[2022-10-16 22:39:17,280] {subprocess.py:92} INFO - 05:39:17  5 of 7 OK loaded seed file DBT_HAMS71.STG_City ................................. [[32mCREATE 300[0m in 2.59s]
[2022-10-16 22:39:17,282] {subprocess.py:92} INFO - 05:39:17  7 of 7 START seed file DBT_HAMS71.STG_Transactions ............................. [RUN]
[2022-10-16 22:39:18,566] {subprocess.py:92} INFO - 05:39:18  6 of 7 OK loaded seed file DBT_HAMS71.STG_Contact .............................. [[32mCREATE 1000[0m in 3.70s]
[2022-10-16 22:39:22,313] {subprocess.py:92} INFO - 05:39:22  7 of 7 OK loaded seed file DBT_HAMS71.STG_Transactions ......................... [[32mCREATE 1000[0m in 5.03s]
[2022-10-16 22:39:22,320] {subprocess.py:92} INFO - 05:39:22
[2022-10-16 22:39:22,320] {subprocess.py:92} INFO - 05:39:22  Finished running 7 seeds in 18.73s.
[2022-10-16 22:39:22,461] {subprocess.py:92} INFO - 05:39:22
[2022-10-16 22:39:22,462] {subprocess.py:92} INFO - 05:39:22  [32mCompleted successfully[0m
[2022-10-16 22:39:22,462] {subprocess.py:92} INFO - 05:39:22
[2022-10-16 22:39:22,463] {subprocess.py:92} INFO - 05:39:22  Done. PASS=7 WARN=0 ERROR=0 SKIP=0 TOTAL=7
[2022-10-16 22:39:24,077] {subprocess.py:96} INFO - Command exited with return code 0
[2022-10-16 22:39:24,121] {taskinstance.py:1395} INFO - Marking task as SUCCESS. dag_id=dbt_dag_bash, task_id=dbt_seed, execution_date=20221013T000000, start_date=20221017T053900, end_date=20221017T053924
[2022-10-16 22:39:24,166] {local_task_job.py:156} INFO - Task exited with return code 0
[2022-10-16 22:39:24,213] {local_task_job.py:273} INFO - 1 downstream tasks scheduled from follow-on schedule check
