[2022-10-10 04:02:03,208] {taskinstance.py:1159} INFO - Dependencies all met for <TaskInstance: dbt.dbt_snapshot manual__2022-10-10T11:00:52.821136+00:00 [queued]>
[2022-10-10 04:02:03,214] {taskinstance.py:1159} INFO - Dependencies all met for <TaskInstance: dbt.dbt_snapshot manual__2022-10-10T11:00:52.821136+00:00 [queued]>
[2022-10-10 04:02:03,215] {taskinstance.py:1356} INFO - 
--------------------------------------------------------------------------------
[2022-10-10 04:02:03,215] {taskinstance.py:1357} INFO - Starting attempt 1 of 1
[2022-10-10 04:02:03,215] {taskinstance.py:1358} INFO - 
--------------------------------------------------------------------------------
[2022-10-10 04:02:03,232] {taskinstance.py:1377} INFO - Executing <Task(DbtSnapshotOperator): dbt_snapshot> on 2022-10-10 11:00:52.821136+00:00
[2022-10-10 04:02:03,238] {standard_task_runner.py:52} INFO - Started process 192181 to run task
[2022-10-10 04:02:03,250] {standard_task_runner.py:79} INFO - Running: ['airflow', 'tasks', 'run', 'dbt', 'dbt_snapshot', 'manual__2022-10-10T11:00:52.821136+00:00', '--job-id', '44', '--raw', '--subdir', 'DAGS_FOLDER/dbt_airflow.py', '--cfg-path', '/tmp/tmpycsjeli3', '--error-file', '/tmp/tmp_0y7liuk']
[2022-10-10 04:02:03,252] {standard_task_runner.py:80} INFO - Job 44: Subtask dbt_snapshot
[2022-10-10 04:02:03,342] {task_command.py:370} INFO - Running <TaskInstance: dbt.dbt_snapshot manual__2022-10-10T11:00:52.821136+00:00 [running]> on host ubuntu
[2022-10-10 04:02:03,432] {taskinstance.py:1569} INFO - Exporting the following env vars:
AIRFLOW_CTX_DAG_OWNER=airflow
AIRFLOW_CTX_DAG_ID=dbt
AIRFLOW_CTX_TASK_ID=dbt_snapshot
AIRFLOW_CTX_EXECUTION_DATE=2022-10-10T11:00:52.821136+00:00
AIRFLOW_CTX_TRY_NUMBER=1
AIRFLOW_CTX_DAG_RUN_ID=manual__2022-10-10T11:00:52.821136+00:00
[2022-10-10 04:02:03,433] {dbt_hook.py:117} INFO - dbt snapshot
[2022-10-10 04:02:03,454] {dbt_hook.py:126} INFO - Output:
[2022-10-10 04:02:06,799] {dbt_hook.py:130} INFO - 11:02:06  Running with dbt=1.1.0
[2022-10-10 04:02:06,902] {dbt_hook.py:130} INFO - 11:02:06  Found 6 models, 5 tests, 6 snapshots, 0 analyses, 400 macros, 0 operations, 7 seed files, 2 sources, 0 exposures, 0 metrics
[2022-10-10 04:02:06,905] {dbt_hook.py:130} INFO - 11:02:06
[2022-10-10 04:02:10,443] {dbt_hook.py:130} INFO - 11:02:10  Concurrency: 2 threads (target='dev')
[2022-10-10 04:02:10,444] {dbt_hook.py:130} INFO - 11:02:10
[2022-10-10 04:02:10,450] {dbt_hook.py:130} INFO - 11:02:10  1 of 6 START snapshot DBT_HAMS71.Core_Accounts ................................. [RUN]
[2022-10-10 04:02:10,452] {dbt_hook.py:130} INFO - 11:02:10  2 of 6 START snapshot DBT_HAMS71.Core_Address .................................. [RUN]
[2022-10-10 04:02:13,353] {dbt_hook.py:130} INFO - 11:02:13  1 of 6 OK snapshotted DBT_HAMS71.Core_Accounts ................................. [[32mSUCCESS 1[0m in 2.90s]
[2022-10-10 04:02:13,354] {dbt_hook.py:130} INFO - 11:02:13  2 of 6 OK snapshotted DBT_HAMS71.Core_Address .................................. [[32mSUCCESS 1[0m in 2.90s]
[2022-10-10 04:02:13,360] {dbt_hook.py:130} INFO - 11:02:13  3 of 6 START snapshot DBT_HAMS71.Core_Bank ..................................... [RUN]
[2022-10-10 04:02:13,361] {dbt_hook.py:130} INFO - 11:02:13  4 of 6 START snapshot DBT_HAMS71.Core_Branch ................................... [RUN]
[2022-10-10 04:02:16,180] {dbt_hook.py:130} INFO - 11:02:16  4 of 6 OK snapshotted DBT_HAMS71.Core_Branch ................................... [[32mSUCCESS 1[0m in 2.82s]
[2022-10-10 04:02:16,182] {dbt_hook.py:130} INFO - 11:02:16  5 of 6 START snapshot DBT_HAMS71.Core_Contact .................................. [RUN]
[2022-10-10 04:02:17,662] {dbt_hook.py:130} INFO - 11:02:17  3 of 6 OK snapshotted DBT_HAMS71.Core_Bank ..................................... [[32mSUCCESS 1[0m in 4.30s]
[2022-10-10 04:02:18,662] {dbt_hook.py:130} INFO - 11:02:18  5 of 6 OK snapshotted DBT_HAMS71.Core_Contact .................................. [[32mSUCCESS 1[0m in 2.48s]
[2022-10-10 04:02:18,664] {dbt_hook.py:130} INFO - 11:02:18  6 of 6 START snapshot DBT_HAMS71.Core_Contact_Account_Branch ................... [RUN]
[2022-10-10 04:02:21,963] {dbt_hook.py:130} INFO - 11:02:21  6 of 6 OK snapshotted DBT_HAMS71.Core_Contact_Account_Branch ................... [[32mSUCCESS 1[0m in 3.30s]
[2022-10-10 04:02:21,968] {dbt_hook.py:130} INFO - 11:02:21
[2022-10-10 04:02:21,969] {dbt_hook.py:130} INFO - 11:02:21  Finished running 6 snapshots in 15.06s.
[2022-10-10 04:02:21,982] {dbt_hook.py:130} INFO - 11:02:21
[2022-10-10 04:02:21,983] {dbt_hook.py:130} INFO - 11:02:21  [32mCompleted successfully[0m
[2022-10-10 04:02:21,983] {dbt_hook.py:130} INFO - 11:02:21
[2022-10-10 04:02:21,984] {dbt_hook.py:130} INFO - 11:02:21  Done. PASS=6 WARN=0 ERROR=0 SKIP=0 TOTAL=6
[2022-10-10 04:02:23,495] {dbt_hook.py:132} INFO - Command exited with return code 0
[2022-10-10 04:02:23,506] {taskinstance.py:1395} INFO - Marking task as SUCCESS. dag_id=dbt, task_id=dbt_snapshot, execution_date=20221010T110052, start_date=20221010T110203, end_date=20221010T110223
[2022-10-10 04:02:23,546] {local_task_job.py:156} INFO - Task exited with return code 0
[2022-10-10 04:02:23,559] {local_task_job.py:273} INFO - 0 downstream tasks scheduled from follow-on schedule check
