[2022-10-11 11:51:44,743] {taskinstance.py:1159} INFO - Dependencies all met for <TaskInstance: dbt.dbt_run manual__2022-10-11T18:51:07.213928+00:00 [queued]>
[2022-10-11 11:51:44,753] {taskinstance.py:1159} INFO - Dependencies all met for <TaskInstance: dbt.dbt_run manual__2022-10-11T18:51:07.213928+00:00 [queued]>
[2022-10-11 11:51:44,753] {taskinstance.py:1356} INFO - 
--------------------------------------------------------------------------------
[2022-10-11 11:51:44,754] {taskinstance.py:1357} INFO - Starting attempt 1 of 1
[2022-10-11 11:51:44,754] {taskinstance.py:1358} INFO - 
--------------------------------------------------------------------------------
[2022-10-11 11:51:44,775] {taskinstance.py:1377} INFO - Executing <Task(DbtRunOperator): dbt_run> on 2022-10-11 18:51:07.213928+00:00
[2022-10-11 11:51:44,779] {standard_task_runner.py:52} INFO - Started process 217682 to run task
[2022-10-11 11:51:44,786] {standard_task_runner.py:79} INFO - Running: ['airflow', 'tasks', 'run', 'dbt', 'dbt_run', 'manual__2022-10-11T18:51:07.213928+00:00', '--job-id', '56', '--raw', '--subdir', 'DAGS_FOLDER/dbt_airflow.py', '--cfg-path', '/tmp/tmpf8ez33dt', '--error-file', '/tmp/tmp65g8uj49']
[2022-10-11 11:51:44,787] {standard_task_runner.py:80} INFO - Job 56: Subtask dbt_run
[2022-10-11 11:51:44,857] {task_command.py:370} INFO - Running <TaskInstance: dbt.dbt_run manual__2022-10-11T18:51:07.213928+00:00 [running]> on host ubuntu
[2022-10-11 11:51:44,924] {taskinstance.py:1569} INFO - Exporting the following env vars:
AIRFLOW_CTX_DAG_OWNER=airflow
AIRFLOW_CTX_DAG_ID=dbt
AIRFLOW_CTX_TASK_ID=dbt_run
AIRFLOW_CTX_EXECUTION_DATE=2022-10-11T18:51:07.213928+00:00
AIRFLOW_CTX_TRY_NUMBER=1
AIRFLOW_CTX_DAG_RUN_ID=manual__2022-10-11T18:51:07.213928+00:00
[2022-10-11 11:51:44,925] {dbt_hook.py:117} INFO - dbt run --select Core --full-refresh
[2022-10-11 11:51:44,933] {dbt_hook.py:126} INFO - Output:
[2022-10-11 11:51:47,784] {dbt_hook.py:130} INFO - 18:51:47  Running with dbt=1.1.0
[2022-10-11 11:51:47,894] {dbt_hook.py:130} INFO - 18:51:47  Found 6 models, 5 tests, 6 snapshots, 0 analyses, 400 macros, 0 operations, 7 seed files, 2 sources, 0 exposures, 0 metrics
[2022-10-11 11:51:47,900] {dbt_hook.py:130} INFO - 18:51:47
[2022-10-11 11:51:51,687] {dbt_hook.py:130} INFO - 18:51:51  Concurrency: 2 threads (target='dev')
[2022-10-11 11:51:51,687] {dbt_hook.py:130} INFO - 18:51:51
[2022-10-11 11:51:51,692] {dbt_hook.py:130} INFO - 18:51:51  1 of 2 START incremental model DBT_HAMS71.Core_City ............................ [RUN]
[2022-10-11 11:51:51,700] {dbt_hook.py:130} INFO - 18:51:51  2 of 2 START incremental model DBT_HAMS71.Core_Transactions .................... [RUN]
[2022-10-11 11:51:54,045] {dbt_hook.py:130} INFO - 18:51:54  1 of 2 OK created incremental model DBT_HAMS71.Core_City ....................... [[32mSUCCESS 1[0m in 2.35s]
[2022-10-11 11:51:54,085] {dbt_hook.py:130} INFO - 18:51:54  2 of 2 OK created incremental model DBT_HAMS71.Core_Transactions ............... [[32mSUCCESS 1[0m in 2.38s]
[2022-10-11 11:51:54,088] {dbt_hook.py:130} INFO - 18:51:54
[2022-10-11 11:51:54,088] {dbt_hook.py:130} INFO - 18:51:54  Finished running 2 incremental models in 6.19s.
[2022-10-11 11:51:54,102] {dbt_hook.py:130} INFO - 18:51:54
[2022-10-11 11:51:54,102] {dbt_hook.py:130} INFO - 18:51:54  [32mCompleted successfully[0m
[2022-10-11 11:51:54,102] {dbt_hook.py:130} INFO - 18:51:54
[2022-10-11 11:51:54,103] {dbt_hook.py:130} INFO - 18:51:54  Done. PASS=2 WARN=0 ERROR=0 SKIP=0 TOTAL=2
[2022-10-11 11:51:56,178] {dbt_hook.py:132} INFO - Command exited with return code 0
[2022-10-11 11:51:56,192] {taskinstance.py:1395} INFO - Marking task as SUCCESS. dag_id=dbt, task_id=dbt_run, execution_date=20221011T185107, start_date=20221011T185144, end_date=20221011T185156
[2022-10-11 11:51:56,231] {local_task_job.py:156} INFO - Task exited with return code 0
[2022-10-11 11:51:56,261] {local_task_job.py:273} INFO - 1 downstream tasks scheduled from follow-on schedule check
