[2022-10-10 04:01:46,582] {taskinstance.py:1159} INFO - Dependencies all met for <TaskInstance: dbt.dbt_run manual__2022-10-10T11:00:52.821136+00:00 [queued]>
[2022-10-10 04:01:46,588] {taskinstance.py:1159} INFO - Dependencies all met for <TaskInstance: dbt.dbt_run manual__2022-10-10T11:00:52.821136+00:00 [queued]>
[2022-10-10 04:01:46,588] {taskinstance.py:1356} INFO - 
--------------------------------------------------------------------------------
[2022-10-10 04:01:46,588] {taskinstance.py:1357} INFO - Starting attempt 1 of 1
[2022-10-10 04:01:46,588] {taskinstance.py:1358} INFO - 
--------------------------------------------------------------------------------
[2022-10-10 04:01:46,608] {taskinstance.py:1377} INFO - Executing <Task(DbtRunOperator): dbt_run> on 2022-10-10 11:00:52.821136+00:00
[2022-10-10 04:01:46,612] {standard_task_runner.py:52} INFO - Started process 192003 to run task
[2022-10-10 04:01:46,623] {standard_task_runner.py:79} INFO - Running: ['airflow', 'tasks', 'run', 'dbt', 'dbt_run', 'manual__2022-10-10T11:00:52.821136+00:00', '--job-id', '43', '--raw', '--subdir', 'DAGS_FOLDER/dbt_airflow.py', '--cfg-path', '/tmp/tmpx17j0q7y', '--error-file', '/tmp/tmp73pdcucz']
[2022-10-10 04:01:46,627] {standard_task_runner.py:80} INFO - Job 43: Subtask dbt_run
[2022-10-10 04:01:46,739] {task_command.py:370} INFO - Running <TaskInstance: dbt.dbt_run manual__2022-10-10T11:00:52.821136+00:00 [running]> on host ubuntu
[2022-10-10 04:01:46,809] {taskinstance.py:1569} INFO - Exporting the following env vars:
AIRFLOW_CTX_DAG_OWNER=airflow
AIRFLOW_CTX_DAG_ID=dbt
AIRFLOW_CTX_TASK_ID=dbt_run
AIRFLOW_CTX_EXECUTION_DATE=2022-10-10T11:00:52.821136+00:00
AIRFLOW_CTX_TRY_NUMBER=1
AIRFLOW_CTX_DAG_RUN_ID=manual__2022-10-10T11:00:52.821136+00:00
[2022-10-10 04:01:46,810] {dbt_hook.py:117} INFO - dbt run --select Core --full-refresh
[2022-10-10 04:01:46,819] {dbt_hook.py:126} INFO - Output:
[2022-10-10 04:01:50,579] {dbt_hook.py:130} INFO - 11:01:50  Running with dbt=1.1.0
[2022-10-10 04:01:50,697] {dbt_hook.py:130} INFO - 11:01:50  Found 6 models, 5 tests, 6 snapshots, 0 analyses, 400 macros, 0 operations, 7 seed files, 2 sources, 0 exposures, 0 metrics
[2022-10-10 04:01:50,700] {dbt_hook.py:130} INFO - 11:01:50
[2022-10-10 04:01:55,672] {dbt_hook.py:130} INFO - 11:01:55  Concurrency: 2 threads (target='dev')
[2022-10-10 04:01:55,672] {dbt_hook.py:130} INFO - 11:01:55
[2022-10-10 04:01:55,682] {dbt_hook.py:130} INFO - 11:01:55  1 of 2 START incremental model DBT_HAMS71.Core_City ............................ [RUN]
[2022-10-10 04:01:55,685] {dbt_hook.py:130} INFO - 11:01:55  2 of 2 START incremental model DBT_HAMS71.Core_Transactions .................... [RUN]
[2022-10-10 04:01:58,222] {dbt_hook.py:130} INFO - 11:01:58  2 of 2 OK created incremental model DBT_HAMS71.Core_Transactions ............... [[32mSUCCESS 1[0m in 2.54s]
[2022-10-10 04:01:58,334] {dbt_hook.py:130} INFO - 11:01:58  1 of 2 OK created incremental model DBT_HAMS71.Core_City ....................... [[32mSUCCESS 1[0m in 2.65s]
[2022-10-10 04:01:58,346] {dbt_hook.py:130} INFO - 11:01:58
[2022-10-10 04:01:58,346] {dbt_hook.py:130} INFO - 11:01:58  Finished running 2 incremental models in 7.64s.
[2022-10-10 04:01:58,375] {dbt_hook.py:130} INFO - 11:01:58
[2022-10-10 04:01:58,376] {dbt_hook.py:130} INFO - 11:01:58  [32mCompleted successfully[0m
[2022-10-10 04:01:58,376] {dbt_hook.py:130} INFO - 11:01:58
[2022-10-10 04:01:58,377] {dbt_hook.py:130} INFO - 11:01:58  Done. PASS=2 WARN=0 ERROR=0 SKIP=0 TOTAL=2
[2022-10-10 04:02:01,009] {dbt_hook.py:132} INFO - Command exited with return code 0
[2022-10-10 04:02:01,022] {taskinstance.py:1395} INFO - Marking task as SUCCESS. dag_id=dbt, task_id=dbt_run, execution_date=20221010T110052, start_date=20221010T110146, end_date=20221010T110201
[2022-10-10 04:02:01,062] {local_task_job.py:156} INFO - Task exited with return code 0
[2022-10-10 04:02:01,080] {local_task_job.py:273} INFO - 1 downstream tasks scheduled from follow-on schedule check
