[2022-10-10 01:06:50,932] {taskinstance.py:1159} INFO - Dependencies all met for <TaskInstance: dbt.dbt_run manual__2022-10-10T08:06:12.511346+00:00 [queued]>
[2022-10-10 01:06:50,938] {taskinstance.py:1159} INFO - Dependencies all met for <TaskInstance: dbt.dbt_run manual__2022-10-10T08:06:12.511346+00:00 [queued]>
[2022-10-10 01:06:50,938] {taskinstance.py:1356} INFO - 
--------------------------------------------------------------------------------
[2022-10-10 01:06:50,939] {taskinstance.py:1357} INFO - Starting attempt 1 of 1
[2022-10-10 01:06:50,939] {taskinstance.py:1358} INFO - 
--------------------------------------------------------------------------------
[2022-10-10 01:06:50,955] {taskinstance.py:1377} INFO - Executing <Task(DbtRunOperator): dbt_run> on 2022-10-10 08:06:12.511346+00:00
[2022-10-10 01:06:50,959] {standard_task_runner.py:52} INFO - Started process 169021 to run task
[2022-10-10 01:06:50,967] {standard_task_runner.py:79} INFO - Running: ['airflow', 'tasks', 'run', 'dbt', 'dbt_run', 'manual__2022-10-10T08:06:12.511346+00:00', '--job-id', '26', '--raw', '--subdir', 'DAGS_FOLDER/dbt_airflow.py', '--cfg-path', '/tmp/tmpuud8lotr', '--error-file', '/tmp/tmpfyqnh_4j']
[2022-10-10 01:06:50,969] {standard_task_runner.py:80} INFO - Job 26: Subtask dbt_run
[2022-10-10 01:06:51,042] {task_command.py:370} INFO - Running <TaskInstance: dbt.dbt_run manual__2022-10-10T08:06:12.511346+00:00 [running]> on host ubuntu
[2022-10-10 01:06:51,162] {taskinstance.py:1569} INFO - Exporting the following env vars:
AIRFLOW_CTX_DAG_OWNER=airflow
AIRFLOW_CTX_DAG_ID=dbt
AIRFLOW_CTX_TASK_ID=dbt_run
AIRFLOW_CTX_EXECUTION_DATE=2022-10-10T08:06:12.511346+00:00
AIRFLOW_CTX_TRY_NUMBER=1
AIRFLOW_CTX_DAG_RUN_ID=manual__2022-10-10T08:06:12.511346+00:00
[2022-10-10 01:06:51,166] {dbt_hook.py:117} INFO - dbt run
[2022-10-10 01:06:51,184] {dbt_hook.py:126} INFO - Output:
[2022-10-10 01:06:55,875] {dbt_hook.py:130} INFO - 08:06:55  Running with dbt=1.1.0
[2022-10-10 01:06:56,012] {dbt_hook.py:130} INFO - 08:06:56  Found 6 models, 5 tests, 7 snapshots, 0 analyses, 400 macros, 0 operations, 7 seed files, 2 sources, 0 exposures, 0 metrics
[2022-10-10 01:06:56,018] {dbt_hook.py:130} INFO - 08:06:56
[2022-10-10 01:06:59,376] {dbt_hook.py:130} INFO - 08:06:59  Concurrency: 2 threads (target='dev')
[2022-10-10 01:06:59,376] {dbt_hook.py:130} INFO - 08:06:59
[2022-10-10 01:06:59,382] {dbt_hook.py:130} INFO - 08:06:59  1 of 6 START incremental model DBT_HAMS71.Core_City ............................ [RUN]
[2022-10-10 01:06:59,394] {dbt_hook.py:130} INFO - 08:06:59  2 of 6 START incremental model DBT_HAMS71.Core_Transactions .................... [RUN]
[2022-10-10 01:07:01,675] {dbt_hook.py:130} INFO - 08:07:01  1 of 6 OK created incremental model DBT_HAMS71.Core_City ....................... [[32mSUCCESS 1[0m in 2.29s]
[2022-10-10 01:07:01,678] {dbt_hook.py:130} INFO - 08:07:01  3 of 6 START incremental model DBT_HAMS71.STG_Accounting ....................... [RUN]
[2022-10-10 01:07:01,910] {dbt_hook.py:130} INFO - 08:07:01  2 of 6 OK created incremental model DBT_HAMS71.Core_Transactions ............... [[32mSUCCESS 1[0m in 2.51s]
[2022-10-10 01:07:01,912] {dbt_hook.py:130} INFO - 08:07:01  4 of 6 START table model DBT_HAMS71.my_first_dbt_model ......................... [RUN]
[2022-10-10 01:07:03,886] {dbt_hook.py:130} INFO - 08:07:03  4 of 6 OK created table model DBT_HAMS71.my_first_dbt_model .................... [[32mSUCCESS 1[0m in 1.97s]
[2022-10-10 01:07:03,888] {dbt_hook.py:130} INFO - 08:07:03  5 of 6 START table model DBT_HAMS71.snowflake_sample_data_store_sales .......... [RUN]
[2022-10-10 01:07:04,406] {dbt_hook.py:130} INFO - 08:07:04  3 of 6 OK created incremental model DBT_HAMS71.STG_Accounting .................. [[32mSUCCESS 1[0m in 2.72s]
[2022-10-10 01:07:04,408] {dbt_hook.py:130} INFO - 08:07:04  6 of 6 START incremental model DBT_HAMS71.my_second_dbt_model .................. [RUN]
[2022-10-10 01:07:06,756] {dbt_hook.py:130} INFO - 08:07:06  6 of 6 OK created incremental model DBT_HAMS71.my_second_dbt_model ............. [[32mSUCCESS 1[0m in 2.35s]
[2022-10-10 01:07:08,087] {dbt_hook.py:130} INFO - 08:07:08  5 of 6 OK created table model DBT_HAMS71.snowflake_sample_data_store_sales ..... [[32mSUCCESS 1[0m in 4.20s]
[2022-10-10 01:07:08,090] {dbt_hook.py:130} INFO - 08:07:08
[2022-10-10 01:07:08,091] {dbt_hook.py:130} INFO - 08:07:08  Finished running 4 incremental models, 2 table models in 12.07s.
[2022-10-10 01:07:08,107] {dbt_hook.py:130} INFO - 08:07:08
[2022-10-10 01:07:08,108] {dbt_hook.py:130} INFO - 08:07:08  [32mCompleted successfully[0m
[2022-10-10 01:07:08,109] {dbt_hook.py:130} INFO - 08:07:08
[2022-10-10 01:07:08,109] {dbt_hook.py:130} INFO - 08:07:08  Done. PASS=6 WARN=0 ERROR=0 SKIP=0 TOTAL=6
[2022-10-10 01:07:09,677] {dbt_hook.py:132} INFO - Command exited with return code 0
[2022-10-10 01:07:09,691] {taskinstance.py:1395} INFO - Marking task as SUCCESS. dag_id=dbt, task_id=dbt_run, execution_date=20221010T080612, start_date=20221010T080650, end_date=20221010T080709
[2022-10-10 01:07:09,734] {local_task_job.py:156} INFO - Task exited with return code 0
[2022-10-10 01:07:09,764] {local_task_job.py:273} INFO - 1 downstream tasks scheduled from follow-on schedule check
