[2022-10-10 00:56:17,911] {taskinstance.py:1159} INFO - Dependencies all met for <TaskInstance: dbt.dbt_run manual__2022-10-10T07:55:40.237822+00:00 [queued]>
[2022-10-10 00:56:17,921] {taskinstance.py:1159} INFO - Dependencies all met for <TaskInstance: dbt.dbt_run manual__2022-10-10T07:55:40.237822+00:00 [queued]>
[2022-10-10 00:56:17,921] {taskinstance.py:1356} INFO - 
--------------------------------------------------------------------------------
[2022-10-10 00:56:17,921] {taskinstance.py:1357} INFO - Starting attempt 1 of 1
[2022-10-10 00:56:17,921] {taskinstance.py:1358} INFO - 
--------------------------------------------------------------------------------
[2022-10-10 00:56:17,937] {taskinstance.py:1377} INFO - Executing <Task(DbtRunOperator): dbt_run> on 2022-10-10 07:55:40.237822+00:00
[2022-10-10 00:56:17,941] {standard_task_runner.py:52} INFO - Started process 166377 to run task
[2022-10-10 00:56:17,948] {standard_task_runner.py:79} INFO - Running: ['airflow', 'tasks', 'run', 'dbt', 'dbt_run', 'manual__2022-10-10T07:55:40.237822+00:00', '--job-id', '19', '--raw', '--subdir', 'DAGS_FOLDER/dbt_airflow.py', '--cfg-path', '/tmp/tmp4pyxp316', '--error-file', '/tmp/tmpbywqyt6q']
[2022-10-10 00:56:17,949] {standard_task_runner.py:80} INFO - Job 19: Subtask dbt_run
[2022-10-10 00:56:18,007] {task_command.py:370} INFO - Running <TaskInstance: dbt.dbt_run manual__2022-10-10T07:55:40.237822+00:00 [running]> on host ubuntu
[2022-10-10 00:56:18,066] {taskinstance.py:1569} INFO - Exporting the following env vars:
AIRFLOW_CTX_DAG_OWNER=airflow
AIRFLOW_CTX_DAG_ID=dbt
AIRFLOW_CTX_TASK_ID=dbt_run
AIRFLOW_CTX_EXECUTION_DATE=2022-10-10T07:55:40.237822+00:00
AIRFLOW_CTX_TRY_NUMBER=1
AIRFLOW_CTX_DAG_RUN_ID=manual__2022-10-10T07:55:40.237822+00:00
[2022-10-10 00:56:18,067] {dbt_hook.py:117} INFO - dbt run
[2022-10-10 00:56:18,074] {dbt_hook.py:126} INFO - Output:
[2022-10-10 00:56:20,914] {dbt_hook.py:130} INFO - 07:56:20  Running with dbt=1.1.0
[2022-10-10 00:56:21,029] {dbt_hook.py:130} INFO - 07:56:21  Found 6 models, 5 tests, 7 snapshots, 0 analyses, 400 macros, 0 operations, 7 seed files, 2 sources, 0 exposures, 0 metrics
[2022-10-10 00:56:21,033] {dbt_hook.py:130} INFO - 07:56:21
[2022-10-10 00:56:24,366] {dbt_hook.py:130} INFO - 07:56:24  Concurrency: 2 threads (target='dev')
[2022-10-10 00:56:24,366] {dbt_hook.py:130} INFO - 07:56:24
[2022-10-10 00:56:24,372] {dbt_hook.py:130} INFO - 07:56:24  1 of 6 START incremental model DBT_HAMS71.Core_City ............................ [RUN]
[2022-10-10 00:56:24,386] {dbt_hook.py:130} INFO - 07:56:24  2 of 6 START incremental model DBT_HAMS71.Core_Transactions .................... [RUN]
[2022-10-10 00:56:26,726] {dbt_hook.py:130} INFO - 07:56:26  2 of 6 OK created incremental model DBT_HAMS71.Core_Transactions ............... [[32mSUCCESS 1[0m in 2.34s]
[2022-10-10 00:56:26,728] {dbt_hook.py:130} INFO - 07:56:26  3 of 6 START incremental model DBT_HAMS71.STG_Accounting ....................... [RUN]
[2022-10-10 00:56:26,768] {dbt_hook.py:130} INFO - 07:56:26  1 of 6 OK created incremental model DBT_HAMS71.Core_City ....................... [[32mSUCCESS 1[0m in 2.39s]
[2022-10-10 00:56:26,770] {dbt_hook.py:130} INFO - 07:56:26  4 of 6 START table model DBT_HAMS71.my_first_dbt_model ......................... [RUN]
[2022-10-10 00:56:28,767] {dbt_hook.py:130} INFO - 07:56:28  4 of 6 OK created table model DBT_HAMS71.my_first_dbt_model .................... [[32mSUCCESS 1[0m in 2.00s]
[2022-10-10 00:56:28,769] {dbt_hook.py:130} INFO - 07:56:28  5 of 6 START table model DBT_HAMS71.snowflake_sample_data_store_sales .......... [RUN]
[2022-10-10 00:56:29,866] {dbt_hook.py:130} INFO - 07:56:29  3 of 6 OK created incremental model DBT_HAMS71.STG_Accounting .................. [[32mSUCCESS 1[0m in 3.14s]
[2022-10-10 00:56:29,868] {dbt_hook.py:130} INFO - 07:56:29  6 of 6 START incremental model DBT_HAMS71.my_second_dbt_model .................. [RUN]
[2022-10-10 00:56:31,709] {dbt_hook.py:130} INFO - 07:56:31  6 of 6 OK created incremental model DBT_HAMS71.my_second_dbt_model ............. [[32mSUCCESS 1[0m in 1.84s]
[2022-10-10 00:56:32,287] {dbt_hook.py:130} INFO - 07:56:32  5 of 6 OK created table model DBT_HAMS71.snowflake_sample_data_store_sales ..... [[32mSUCCESS 1[0m in 3.52s]
[2022-10-10 00:56:32,289] {dbt_hook.py:130} INFO - 07:56:32
[2022-10-10 00:56:32,289] {dbt_hook.py:130} INFO - 07:56:32  Finished running 4 incremental models, 2 table models in 11.26s.
[2022-10-10 00:56:32,305] {dbt_hook.py:130} INFO - 07:56:32
[2022-10-10 00:56:32,306] {dbt_hook.py:130} INFO - 07:56:32  [32mCompleted successfully[0m
[2022-10-10 00:56:32,306] {dbt_hook.py:130} INFO - 07:56:32
[2022-10-10 00:56:32,307] {dbt_hook.py:130} INFO - 07:56:32  Done. PASS=6 WARN=0 ERROR=0 SKIP=0 TOTAL=6
[2022-10-10 00:56:33,776] {dbt_hook.py:132} INFO - Command exited with return code 0
[2022-10-10 00:56:33,786] {taskinstance.py:1395} INFO - Marking task as SUCCESS. dag_id=dbt, task_id=dbt_run, execution_date=20221010T075540, start_date=20221010T075617, end_date=20221010T075633
[2022-10-10 00:56:33,802] {local_task_job.py:156} INFO - Task exited with return code 0
[2022-10-10 00:56:33,824] {local_task_job.py:273} INFO - 1 downstream tasks scheduled from follow-on schedule check
