[2022-06-27 05:01:26,375] {taskinstance.py:1159} INFO - Dependencies all met for <TaskInstance: example_bash_operator.runme_2 manual__2022-06-27T12:00:24.649090+00:00 [queued]>
[2022-06-27 05:01:26,392] {taskinstance.py:1159} INFO - Dependencies all met for <TaskInstance: example_bash_operator.runme_2 manual__2022-06-27T12:00:24.649090+00:00 [queued]>
[2022-06-27 05:01:26,392] {taskinstance.py:1356} INFO - 
--------------------------------------------------------------------------------
[2022-06-27 05:01:26,393] {taskinstance.py:1357} INFO - Starting attempt 1 of 1
[2022-06-27 05:01:26,393] {taskinstance.py:1358} INFO - 
--------------------------------------------------------------------------------
[2022-06-27 05:01:26,424] {taskinstance.py:1377} INFO - Executing <Task(BashOperator): runme_2> on 2022-06-27 12:00:24.649090+00:00
[2022-06-27 05:01:26,432] {standard_task_runner.py:52} INFO - Started process 151445 to run task
[2022-06-27 05:01:26,469] {standard_task_runner.py:79} INFO - Running: ['airflow', 'tasks', 'run', 'example_bash_operator', 'runme_2', 'manual__2022-06-27T12:00:24.649090+00:00', '--job-id', '7', '--raw', '--subdir', '/home/ubuntu/airflow/airflow_env/lib/python3.8/site-packages/airflow/example_dags/example_bash_operator.py', '--cfg-path', '/tmp/tmpb340p4kk', '--error-file', '/tmp/tmpa4adbtzv']
[2022-06-27 05:01:26,470] {standard_task_runner.py:80} INFO - Job 7: Subtask runme_2
[2022-06-27 05:01:26,696] {task_command.py:370} INFO - Running <TaskInstance: example_bash_operator.runme_2 manual__2022-06-27T12:00:24.649090+00:00 [running]> on host ubuntu
[2022-06-27 05:01:26,903] {taskinstance.py:1569} INFO - Exporting the following env vars:
AIRFLOW_CTX_DAG_OWNER=airflow
AIRFLOW_CTX_DAG_ID=example_bash_operator
AIRFLOW_CTX_TASK_ID=runme_2
AIRFLOW_CTX_EXECUTION_DATE=2022-06-27T12:00:24.649090+00:00
AIRFLOW_CTX_TRY_NUMBER=1
AIRFLOW_CTX_DAG_RUN_ID=manual__2022-06-27T12:00:24.649090+00:00
[2022-06-27 05:01:26,905] {subprocess.py:62} INFO - Tmp dir root location: 
 /tmp
[2022-06-27 05:01:26,912] {subprocess.py:74} INFO - Running command: ['bash', '-c', 'echo "example_bash_operator__runme_2__20220627" && sleep 1']
[2022-06-27 05:01:26,941] {subprocess.py:85} INFO - Output:
[2022-06-27 05:01:26,941] {subprocess.py:92} INFO - example_bash_operator__runme_2__20220627
[2022-06-27 05:01:27,941] {subprocess.py:96} INFO - Command exited with return code 0
[2022-06-27 05:01:27,984] {taskinstance.py:1395} INFO - Marking task as SUCCESS. dag_id=example_bash_operator, task_id=runme_2, execution_date=20220627T120024, start_date=20220627T120126, end_date=20220627T120127
[2022-06-27 05:01:28,029] {local_task_job.py:156} INFO - Task exited with return code 0
[2022-06-27 05:01:28,234] {local_task_job.py:273} INFO - 1 downstream tasks scheduled from follow-on schedule check
