[2022-10-10 01:37:12,154] {taskinstance.py:1159} INFO - Dependencies all met for <TaskInstance: dbt.dbt_snapshot manual__2022-10-10T08:36:34.934093+00:00 [queued]>
[2022-10-10 01:37:12,162] {taskinstance.py:1159} INFO - Dependencies all met for <TaskInstance: dbt.dbt_snapshot manual__2022-10-10T08:36:34.934093+00:00 [queued]>
[2022-10-10 01:37:12,162] {taskinstance.py:1356} INFO - 
--------------------------------------------------------------------------------
[2022-10-10 01:37:12,162] {taskinstance.py:1357} INFO - Starting attempt 1 of 1
[2022-10-10 01:37:12,162] {taskinstance.py:1358} INFO - 
--------------------------------------------------------------------------------
[2022-10-10 01:37:12,173] {taskinstance.py:1377} INFO - Executing <Task(DbtSnapshotOperator): dbt_snapshot> on 2022-10-10 08:36:34.934093+00:00
[2022-10-10 01:37:12,177] {standard_task_runner.py:52} INFO - Started process 174651 to run task
[2022-10-10 01:37:12,182] {standard_task_runner.py:79} INFO - Running: ['airflow', 'tasks', 'run', 'dbt', 'dbt_snapshot', 'manual__2022-10-10T08:36:34.934093+00:00', '--job-id', '39', '--raw', '--subdir', 'DAGS_FOLDER/dbt_airflow.py', '--cfg-path', '/tmp/tmp9681tgbo', '--error-file', '/tmp/tmpeo3ayv0t']
[2022-10-10 01:37:12,183] {standard_task_runner.py:80} INFO - Job 39: Subtask dbt_snapshot
[2022-10-10 01:37:12,224] {task_command.py:370} INFO - Running <TaskInstance: dbt.dbt_snapshot manual__2022-10-10T08:36:34.934093+00:00 [running]> on host ubuntu
[2022-10-10 01:37:12,265] {taskinstance.py:1569} INFO - Exporting the following env vars:
AIRFLOW_CTX_DAG_OWNER=airflow
AIRFLOW_CTX_DAG_ID=dbt
AIRFLOW_CTX_TASK_ID=dbt_snapshot
AIRFLOW_CTX_EXECUTION_DATE=2022-10-10T08:36:34.934093+00:00
AIRFLOW_CTX_TRY_NUMBER=1
AIRFLOW_CTX_DAG_RUN_ID=manual__2022-10-10T08:36:34.934093+00:00
[2022-10-10 01:37:12,266] {dbt_hook.py:117} INFO - dbt snapshot
[2022-10-10 01:37:12,271] {dbt_hook.py:126} INFO - Output:
[2022-10-10 01:37:14,991] {dbt_hook.py:130} INFO - 08:37:14  Running with dbt=1.1.0
[2022-10-10 01:37:15,094] {dbt_hook.py:130} INFO - 08:37:15  Found 6 models, 5 tests, 6 snapshots, 0 analyses, 400 macros, 0 operations, 7 seed files, 2 sources, 0 exposures, 0 metrics
[2022-10-10 01:37:15,097] {dbt_hook.py:130} INFO - 08:37:15
[2022-10-10 01:37:18,124] {dbt_hook.py:130} INFO - 08:37:18  Concurrency: 2 threads (target='dev')
[2022-10-10 01:37:18,124] {dbt_hook.py:130} INFO - 08:37:18
[2022-10-10 01:37:18,129] {dbt_hook.py:130} INFO - 08:37:18  1 of 6 START snapshot DBT_HAMS71.Core_Accounts ................................. [RUN]
[2022-10-10 01:37:18,149] {dbt_hook.py:130} INFO - 08:37:18  2 of 6 START snapshot DBT_HAMS71.Core_Address .................................. [RUN]
[2022-10-10 01:37:21,457] {dbt_hook.py:130} INFO - 08:37:21  2 of 6 OK snapshotted DBT_HAMS71.Core_Address .................................. [[32mSUCCESS 1[0m in 3.30s]
[2022-10-10 01:37:21,458] {dbt_hook.py:130} INFO - 08:37:21  3 of 6 START snapshot DBT_HAMS71.Core_Bank ..................................... [RUN]
[2022-10-10 01:37:21,551] {dbt_hook.py:130} INFO - 08:37:21  1 of 6 OK snapshotted DBT_HAMS71.Core_Accounts ................................. [[32mSUCCESS 1[0m in 3.42s]
[2022-10-10 01:37:21,553] {dbt_hook.py:130} INFO - 08:37:21  4 of 6 START snapshot DBT_HAMS71.Core_Branch ................................... [RUN]
[2022-10-10 01:37:23,817] {dbt_hook.py:130} INFO - 08:37:23  4 of 6 OK snapshotted DBT_HAMS71.Core_Branch ................................... [[32mSUCCESS 1[0m in 2.26s]
[2022-10-10 01:37:23,818] {dbt_hook.py:130} INFO - 08:37:23  3 of 6 OK snapshotted DBT_HAMS71.Core_Bank ..................................... [[32mSUCCESS 1[0m in 2.36s]
[2022-10-10 01:37:23,819] {dbt_hook.py:130} INFO - 08:37:23  5 of 6 START snapshot DBT_HAMS71.Core_Contact .................................. [RUN]
[2022-10-10 01:37:25,973] {dbt_hook.py:130} INFO - 08:37:25  5 of 6 OK snapshotted DBT_HAMS71.Core_Contact .................................. [[32mSUCCESS 1[0m in 2.15s]
[2022-10-10 01:37:25,975] {dbt_hook.py:130} INFO - 08:37:25  6 of 6 START snapshot DBT_HAMS71.Core_Contact_Account_Branch ................... [RUN]
[2022-10-10 01:37:28,473] {dbt_hook.py:130} INFO - 08:37:28  6 of 6 OK snapshotted DBT_HAMS71.Core_Contact_Account_Branch ................... [[32mSUCCESS 1[0m in 2.50s]
[2022-10-10 01:37:28,475] {dbt_hook.py:130} INFO - 08:37:28
[2022-10-10 01:37:28,475] {dbt_hook.py:130} INFO - 08:37:28  Finished running 6 snapshots in 13.38s.
[2022-10-10 01:37:28,487] {dbt_hook.py:130} INFO - 08:37:28
[2022-10-10 01:37:28,488] {dbt_hook.py:130} INFO - 08:37:28  [32mCompleted successfully[0m
[2022-10-10 01:37:28,488] {dbt_hook.py:130} INFO - 08:37:28
[2022-10-10 01:37:28,488] {dbt_hook.py:130} INFO - 08:37:28  Done. PASS=6 WARN=0 ERROR=0 SKIP=0 TOTAL=6
[2022-10-10 01:37:29,922] {dbt_hook.py:132} INFO - Command exited with return code 0
[2022-10-10 01:37:29,934] {taskinstance.py:1395} INFO - Marking task as SUCCESS. dag_id=dbt, task_id=dbt_snapshot, execution_date=20221010T083634, start_date=20221010T083712, end_date=20221010T083729
[2022-10-10 01:37:29,966] {local_task_job.py:156} INFO - Task exited with return code 0
[2022-10-10 01:37:29,986] {local_task_job.py:273} INFO - 1 downstream tasks scheduled from follow-on schedule check
