[2022-10-10 04:03:40,787] {taskinstance.py:1159} INFO - Dependencies all met for <TaskInstance: dbt.dbt_run manual__2022-10-10T11:03:09.822923+00:00 [queued]>
[2022-10-10 04:03:40,803] {taskinstance.py:1159} INFO - Dependencies all met for <TaskInstance: dbt.dbt_run manual__2022-10-10T11:03:09.822923+00:00 [queued]>
[2022-10-10 04:03:40,804] {taskinstance.py:1356} INFO - 
--------------------------------------------------------------------------------
[2022-10-10 04:03:40,804] {taskinstance.py:1357} INFO - Starting attempt 1 of 1
[2022-10-10 04:03:40,804] {taskinstance.py:1358} INFO - 
--------------------------------------------------------------------------------
[2022-10-10 04:03:40,831] {taskinstance.py:1377} INFO - Executing <Task(DbtRunOperator): dbt_run> on 2022-10-10 11:03:09.822923+00:00
[2022-10-10 04:03:40,837] {standard_task_runner.py:52} INFO - Started process 193073 to run task
[2022-10-10 04:03:40,843] {standard_task_runner.py:79} INFO - Running: ['airflow', 'tasks', 'run', 'dbt', 'dbt_run', 'manual__2022-10-10T11:03:09.822923+00:00', '--job-id', '46', '--raw', '--subdir', 'DAGS_FOLDER/dbt_airflow.py', '--cfg-path', '/tmp/tmp563b5il4', '--error-file', '/tmp/tmp5v839aud']
[2022-10-10 04:03:40,848] {standard_task_runner.py:80} INFO - Job 46: Subtask dbt_run
[2022-10-10 04:03:40,942] {task_command.py:370} INFO - Running <TaskInstance: dbt.dbt_run manual__2022-10-10T11:03:09.822923+00:00 [running]> on host ubuntu
[2022-10-10 04:03:41,020] {taskinstance.py:1569} INFO - Exporting the following env vars:
AIRFLOW_CTX_DAG_OWNER=airflow
AIRFLOW_CTX_DAG_ID=dbt
AIRFLOW_CTX_TASK_ID=dbt_run
AIRFLOW_CTX_EXECUTION_DATE=2022-10-10T11:03:09.822923+00:00
AIRFLOW_CTX_TRY_NUMBER=1
AIRFLOW_CTX_DAG_RUN_ID=manual__2022-10-10T11:03:09.822923+00:00
[2022-10-10 04:03:41,021] {dbt_hook.py:117} INFO - dbt run --select Core --full-refresh
[2022-10-10 04:03:41,033] {dbt_hook.py:126} INFO - Output:
[2022-10-10 04:03:44,423] {dbt_hook.py:130} INFO - 11:03:44  Running with dbt=1.1.0
[2022-10-10 04:03:44,528] {dbt_hook.py:130} INFO - 11:03:44  Found 6 models, 5 tests, 6 snapshots, 0 analyses, 400 macros, 0 operations, 7 seed files, 2 sources, 0 exposures, 0 metrics
[2022-10-10 04:03:44,530] {dbt_hook.py:130} INFO - 11:03:44
[2022-10-10 04:03:48,100] {dbt_hook.py:130} INFO - 11:03:48  Concurrency: 2 threads (target='dev')
[2022-10-10 04:03:48,100] {dbt_hook.py:130} INFO - 11:03:48
[2022-10-10 04:03:48,106] {dbt_hook.py:130} INFO - 11:03:48  1 of 2 START incremental model DBT_HAMS71.Core_City ............................ [RUN]
[2022-10-10 04:03:48,108] {dbt_hook.py:130} INFO - 11:03:48  2 of 2 START incremental model DBT_HAMS71.Core_Transactions .................... [RUN]
[2022-10-10 04:03:50,497] {dbt_hook.py:130} INFO - 11:03:50  2 of 2 OK created incremental model DBT_HAMS71.Core_Transactions ............... [[32mSUCCESS 1[0m in 2.39s]
[2022-10-10 04:03:50,498] {dbt_hook.py:130} INFO - 11:03:50  1 of 2 OK created incremental model DBT_HAMS71.Core_City ....................... [[32mSUCCESS 1[0m in 2.39s]
[2022-10-10 04:03:50,501] {dbt_hook.py:130} INFO - 11:03:50
[2022-10-10 04:03:50,501] {dbt_hook.py:130} INFO - 11:03:50  Finished running 2 incremental models in 5.97s.
[2022-10-10 04:03:50,519] {dbt_hook.py:130} INFO - 11:03:50
[2022-10-10 04:03:50,520] {dbt_hook.py:130} INFO - 11:03:50  [32mCompleted successfully[0m
[2022-10-10 04:03:50,520] {dbt_hook.py:130} INFO - 11:03:50
[2022-10-10 04:03:50,520] {dbt_hook.py:130} INFO - 11:03:50  Done. PASS=2 WARN=0 ERROR=0 SKIP=0 TOTAL=2
[2022-10-10 04:03:52,043] {dbt_hook.py:132} INFO - Command exited with return code 0
[2022-10-10 04:03:52,054] {taskinstance.py:1395} INFO - Marking task as SUCCESS. dag_id=dbt, task_id=dbt_run, execution_date=20221010T110309, start_date=20221010T110340, end_date=20221010T110352
[2022-10-10 04:03:52,090] {local_task_job.py:156} INFO - Task exited with return code 0
[2022-10-10 04:03:52,109] {local_task_job.py:273} INFO - 1 downstream tasks scheduled from follow-on schedule check
