[2022-10-17 10:59:12,955] {taskinstance.py:1159} INFO - Dependencies all met for <TaskInstance: dbt_dag_bash.dbt_seed scheduled__2022-10-15T00:00:00+00:00 [queued]>
[2022-10-17 10:59:12,961] {taskinstance.py:1159} INFO - Dependencies all met for <TaskInstance: dbt_dag_bash.dbt_seed scheduled__2022-10-15T00:00:00+00:00 [queued]>
[2022-10-17 10:59:12,961] {taskinstance.py:1356} INFO - 
--------------------------------------------------------------------------------
[2022-10-17 10:59:12,961] {taskinstance.py:1357} INFO - Starting attempt 1 of 1
[2022-10-17 10:59:12,961] {taskinstance.py:1358} INFO - 
--------------------------------------------------------------------------------
[2022-10-17 10:59:12,975] {taskinstance.py:1377} INFO - Executing <Task(BashOperator): dbt_seed> on 2022-10-15 00:00:00+00:00
[2022-10-17 10:59:12,978] {standard_task_runner.py:52} INFO - Started process 259696 to run task
[2022-10-17 10:59:12,982] {standard_task_runner.py:79} INFO - Running: ['airflow', 'tasks', 'run', 'dbt_dag_bash', 'dbt_seed', 'scheduled__2022-10-15T00:00:00+00:00', '--job-id', '110', '--raw', '--subdir', 'DAGS_FOLDER/dbt_bashOperator.py', '--cfg-path', '/tmp/tmp4y4cd13p', '--error-file', '/tmp/tmpwwrsa8wq']
[2022-10-17 10:59:12,983] {standard_task_runner.py:80} INFO - Job 110: Subtask dbt_seed
[2022-10-17 10:59:13,025] {task_command.py:370} INFO - Running <TaskInstance: dbt_dag_bash.dbt_seed scheduled__2022-10-15T00:00:00+00:00 [running]> on host ubuntu
[2022-10-17 10:59:13,091] {taskinstance.py:1569} INFO - Exporting the following env vars:
AIRFLOW_CTX_DAG_OWNER=airflow
AIRFLOW_CTX_DAG_ID=dbt_dag_bash
AIRFLOW_CTX_TASK_ID=dbt_seed
AIRFLOW_CTX_EXECUTION_DATE=2022-10-15T00:00:00+00:00
AIRFLOW_CTX_TRY_NUMBER=1
AIRFLOW_CTX_DAG_RUN_ID=scheduled__2022-10-15T00:00:00+00:00
[2022-10-17 10:59:13,092] {subprocess.py:62} INFO - Tmp dir root location: 
 /tmp
[2022-10-17 10:59:13,093] {subprocess.py:74} INFO - Running command: ['bash', '-c', 'cd /home/ubuntu/airflow/dbt_project/ && dbt seed --full-refresh']
[2022-10-17 10:59:13,101] {subprocess.py:85} INFO - Output:
[2022-10-17 10:59:15,972] {subprocess.py:92} INFO - 17:59:15  Running with dbt=1.1.0
[2022-10-17 10:59:16,080] {subprocess.py:92} INFO - 17:59:16  Found 6 models, 5 tests, 6 snapshots, 0 analyses, 400 macros, 0 operations, 7 seed files, 2 sources, 0 exposures, 0 metrics
[2022-10-17 10:59:16,085] {subprocess.py:92} INFO - 17:59:16
[2022-10-17 10:59:19,206] {subprocess.py:92} INFO - 17:59:19  Concurrency: 2 threads (target='dev')
[2022-10-17 10:59:19,206] {subprocess.py:92} INFO - 17:59:19
[2022-10-17 10:59:19,215] {subprocess.py:92} INFO - 17:59:19  1 of 7 START seed file DBT_HAMS71.STG_Accounts ................................. [RUN]
[2022-10-17 10:59:19,216] {subprocess.py:92} INFO - 17:59:19  2 of 7 START seed file DBT_HAMS71.STG_Address .................................. [RUN]
[2022-10-17 10:59:22,671] {subprocess.py:92} INFO - 17:59:22  1 of 7 OK loaded seed file DBT_HAMS71.STG_Accounts ............................. [[32mCREATE 1000[0m in 3.45s]
[2022-10-17 10:59:22,672] {subprocess.py:92} INFO - 17:59:22  2 of 7 OK loaded seed file DBT_HAMS71.STG_Address .............................. [[32mCREATE 300[0m in 3.45s]
[2022-10-17 10:59:22,675] {subprocess.py:92} INFO - 17:59:22  3 of 7 START seed file DBT_HAMS71.STG_Bank ..................................... [RUN]
[2022-10-17 10:59:22,677] {subprocess.py:92} INFO - 17:59:22  4 of 7 START seed file DBT_HAMS71.STG_Branch ................................... [RUN]
[2022-10-17 10:59:25,705] {subprocess.py:92} INFO - 17:59:25  3 of 7 OK loaded seed file DBT_HAMS71.STG_Bank ................................. [[32mCREATE 1000[0m in 3.03s]
[2022-10-17 10:59:25,706] {subprocess.py:92} INFO - 17:59:25  5 of 7 START seed file DBT_HAMS71.STG_City ..................................... [RUN]
[2022-10-17 10:59:25,826] {subprocess.py:92} INFO - 17:59:25  4 of 7 OK loaded seed file DBT_HAMS71.STG_Branch ............................... [[32mCREATE 1000[0m in 3.15s]
[2022-10-17 10:59:25,827] {subprocess.py:92} INFO - 17:59:25  6 of 7 START seed file DBT_HAMS71.STG_Contact .................................. [RUN]
[2022-10-17 10:59:28,325] {subprocess.py:92} INFO - 17:59:28  5 of 7 OK loaded seed file DBT_HAMS71.STG_City ................................. [[32mCREATE 300[0m in 2.62s]
[2022-10-17 10:59:28,326] {subprocess.py:92} INFO - 17:59:28  7 of 7 START seed file DBT_HAMS71.STG_Transactions ............................. [RUN]
[2022-10-17 10:59:29,215] {subprocess.py:92} INFO - 17:59:29  6 of 7 OK loaded seed file DBT_HAMS71.STG_Contact .............................. [[32mCREATE 1000[0m in 3.39s]
[2022-10-17 10:59:31,466] {subprocess.py:92} INFO - 17:59:31  7 of 7 OK loaded seed file DBT_HAMS71.STG_Transactions ......................... [[32mCREATE 1000[0m in 3.14s]
[2022-10-17 10:59:31,469] {subprocess.py:92} INFO - 17:59:31
[2022-10-17 10:59:31,469] {subprocess.py:92} INFO - 17:59:31  Finished running 7 seeds in 15.38s.
[2022-10-17 10:59:31,504] {subprocess.py:92} INFO - 17:59:31
[2022-10-17 10:59:31,504] {subprocess.py:92} INFO - 17:59:31  [32mCompleted successfully[0m
[2022-10-17 10:59:31,504] {subprocess.py:92} INFO - 17:59:31
[2022-10-17 10:59:31,505] {subprocess.py:92} INFO - 17:59:31  Done. PASS=7 WARN=0 ERROR=0 SKIP=0 TOTAL=7
[2022-10-17 10:59:33,204] {subprocess.py:96} INFO - Command exited with return code 0
[2022-10-17 10:59:33,237] {taskinstance.py:1395} INFO - Marking task as SUCCESS. dag_id=dbt_dag_bash, task_id=dbt_seed, execution_date=20221015T000000, start_date=20221017T175912, end_date=20221017T175933
[2022-10-17 10:59:33,291] {local_task_job.py:156} INFO - Task exited with return code 0
[2022-10-17 10:59:33,311] {local_task_job.py:273} INFO - 1 downstream tasks scheduled from follow-on schedule check
