[2022-06-27 05:02:09,478] {taskinstance.py:1159} INFO - Dependencies all met for <TaskInstance: example_bash_operator.run_after_loop scheduled__2022-06-26T00:00:00+00:00 [queued]>
[2022-06-27 05:02:09,505] {taskinstance.py:1159} INFO - Dependencies all met for <TaskInstance: example_bash_operator.run_after_loop scheduled__2022-06-26T00:00:00+00:00 [queued]>
[2022-06-27 05:02:09,505] {taskinstance.py:1356} INFO - 
--------------------------------------------------------------------------------
[2022-06-27 05:02:09,505] {taskinstance.py:1357} INFO - Starting attempt 1 of 1
[2022-06-27 05:02:09,505] {taskinstance.py:1358} INFO - 
--------------------------------------------------------------------------------
[2022-06-27 05:02:09,566] {taskinstance.py:1377} INFO - Executing <Task(BashOperator): run_after_loop> on 2022-06-26 00:00:00+00:00
[2022-06-27 05:02:09,569] {standard_task_runner.py:52} INFO - Started process 151473 to run task
[2022-06-27 05:02:09,601] {standard_task_runner.py:79} INFO - Running: ['airflow', 'tasks', 'run', 'example_bash_operator', 'run_after_loop', 'scheduled__2022-06-26T00:00:00+00:00', '--job-id', '12', '--raw', '--subdir', '/home/ubuntu/airflow/airflow_env/lib/python3.8/site-packages/airflow/example_dags/example_bash_operator.py', '--cfg-path', '/tmp/tmpkmmzw36a', '--error-file', '/tmp/tmpi79sh89c']
[2022-06-27 05:02:09,602] {standard_task_runner.py:80} INFO - Job 12: Subtask run_after_loop
[2022-06-27 05:02:09,815] {task_command.py:370} INFO - Running <TaskInstance: example_bash_operator.run_after_loop scheduled__2022-06-26T00:00:00+00:00 [running]> on host ubuntu
[2022-06-27 05:02:10,383] {taskinstance.py:1569} INFO - Exporting the following env vars:
AIRFLOW_CTX_DAG_OWNER=airflow
AIRFLOW_CTX_DAG_ID=example_bash_operator
AIRFLOW_CTX_TASK_ID=run_after_loop
AIRFLOW_CTX_EXECUTION_DATE=2022-06-26T00:00:00+00:00
AIRFLOW_CTX_TRY_NUMBER=1
AIRFLOW_CTX_DAG_RUN_ID=scheduled__2022-06-26T00:00:00+00:00
[2022-06-27 05:02:10,385] {subprocess.py:62} INFO - Tmp dir root location: 
 /tmp
[2022-06-27 05:02:10,394] {subprocess.py:74} INFO - Running command: ['bash', '-c', 'echo 1']
[2022-06-27 05:02:10,446] {subprocess.py:85} INFO - Output:
[2022-06-27 05:02:10,446] {subprocess.py:92} INFO - 1
[2022-06-27 05:02:10,446] {subprocess.py:96} INFO - Command exited with return code 0
[2022-06-27 05:02:10,641] {taskinstance.py:1395} INFO - Marking task as SUCCESS. dag_id=example_bash_operator, task_id=run_after_loop, execution_date=20220626T000000, start_date=20220627T120209, end_date=20220627T120210
[2022-06-27 05:02:10,723] {local_task_job.py:156} INFO - Task exited with return code 0
[2022-06-27 05:02:10,800] {local_task_job.py:273} INFO - 0 downstream tasks scheduled from follow-on schedule check
