[2022-10-10 00:55:42,793] {taskinstance.py:1159} INFO - Dependencies all met for <TaskInstance: dbt.dbt_seed manual__2022-10-10T07:55:40.237822+00:00 [queued]>
[2022-10-10 00:55:42,800] {taskinstance.py:1159} INFO - Dependencies all met for <TaskInstance: dbt.dbt_seed manual__2022-10-10T07:55:40.237822+00:00 [queued]>
[2022-10-10 00:55:42,801] {taskinstance.py:1356} INFO - 
--------------------------------------------------------------------------------
[2022-10-10 00:55:42,801] {taskinstance.py:1357} INFO - Starting attempt 1 of 1
[2022-10-10 00:55:42,801] {taskinstance.py:1358} INFO - 
--------------------------------------------------------------------------------
[2022-10-10 00:55:42,816] {taskinstance.py:1377} INFO - Executing <Task(DbtSeedOperator): dbt_seed> on 2022-10-10 07:55:40.237822+00:00
[2022-10-10 00:55:42,819] {standard_task_runner.py:52} INFO - Started process 166071 to run task
[2022-10-10 00:55:42,828] {standard_task_runner.py:79} INFO - Running: ['airflow', 'tasks', 'run', 'dbt', 'dbt_seed', 'manual__2022-10-10T07:55:40.237822+00:00', '--job-id', '18', '--raw', '--subdir', 'DAGS_FOLDER/dbt_airflow.py', '--cfg-path', '/tmp/tmp67w1gqpm', '--error-file', '/tmp/tmpdsbf08my']
[2022-10-10 00:55:42,829] {standard_task_runner.py:80} INFO - Job 18: Subtask dbt_seed
[2022-10-10 00:55:42,897] {task_command.py:370} INFO - Running <TaskInstance: dbt.dbt_seed manual__2022-10-10T07:55:40.237822+00:00 [running]> on host ubuntu
[2022-10-10 00:55:42,981] {taskinstance.py:1569} INFO - Exporting the following env vars:
AIRFLOW_CTX_DAG_OWNER=airflow
AIRFLOW_CTX_DAG_ID=dbt
AIRFLOW_CTX_TASK_ID=dbt_seed
AIRFLOW_CTX_EXECUTION_DATE=2022-10-10T07:55:40.237822+00:00
AIRFLOW_CTX_TRY_NUMBER=1
AIRFLOW_CTX_DAG_RUN_ID=manual__2022-10-10T07:55:40.237822+00:00
[2022-10-10 00:55:42,983] {dbt_hook.py:117} INFO - dbt seed
[2022-10-10 00:55:42,989] {dbt_hook.py:126} INFO - Output:
[2022-10-10 00:55:50,608] {dbt_hook.py:130} INFO - 07:55:50  Running with dbt=1.1.0
[2022-10-10 00:55:50,643] {dbt_hook.py:130} INFO - 07:55:50  Unable to do partial parsing because a project dependency has been added
[2022-10-10 00:55:52,272] {dbt_hook.py:130} INFO - 07:55:52  Found 6 models, 5 tests, 7 snapshots, 0 analyses, 400 macros, 0 operations, 7 seed files, 2 sources, 0 exposures, 0 metrics
[2022-10-10 00:55:52,274] {dbt_hook.py:130} INFO - 07:55:52
[2022-10-10 00:55:59,268] {dbt_hook.py:130} INFO - 07:55:59  Concurrency: 2 threads (target='dev')
[2022-10-10 00:55:59,268] {dbt_hook.py:130} INFO - 07:55:59
[2022-10-10 00:55:59,277] {dbt_hook.py:130} INFO - 07:55:59  1 of 7 START seed file DBT_HAMS71.STG_Accounts ................................. [RUN]
[2022-10-10 00:55:59,286] {dbt_hook.py:130} INFO - 07:55:59  2 of 7 START seed file DBT_HAMS71.STG_Address .................................. [RUN]
[2022-10-10 00:56:03,298] {dbt_hook.py:130} INFO - 07:56:03  2 of 7 OK loaded seed file DBT_HAMS71.STG_Address .............................. [[32mINSERT 300[0m in 4.01s]
[2022-10-10 00:56:03,300] {dbt_hook.py:130} INFO - 07:56:03  3 of 7 START seed file DBT_HAMS71.STG_Bank ..................................... [RUN]
[2022-10-10 00:56:03,320] {dbt_hook.py:130} INFO - 07:56:03  1 of 7 OK loaded seed file DBT_HAMS71.STG_Accounts ............................. [[32mINSERT 1000[0m in 4.04s]
[2022-10-10 00:56:03,324] {dbt_hook.py:130} INFO - 07:56:03  4 of 7 START seed file DBT_HAMS71.STG_Branch ................................... [RUN]
[2022-10-10 00:56:07,248] {dbt_hook.py:130} INFO - 07:56:07  3 of 7 OK loaded seed file DBT_HAMS71.STG_Bank ................................. [[32mINSERT 1000[0m in 3.95s]
[2022-10-10 00:56:07,249] {dbt_hook.py:130} INFO - 07:56:07  5 of 7 START seed file DBT_HAMS71.STG_City ..................................... [RUN]
[2022-10-10 00:56:07,426] {dbt_hook.py:130} INFO - 07:56:07  4 of 7 OK loaded seed file DBT_HAMS71.STG_Branch ............................... [[32mINSERT 1000[0m in 4.10s]
[2022-10-10 00:56:07,427] {dbt_hook.py:130} INFO - 07:56:07  6 of 7 START seed file DBT_HAMS71.STG_Contact .................................. [RUN]
[2022-10-10 00:56:10,390] {dbt_hook.py:130} INFO - 07:56:10  5 of 7 OK loaded seed file DBT_HAMS71.STG_City ................................. [[32mINSERT 300[0m in 3.14s]
[2022-10-10 00:56:10,391] {dbt_hook.py:130} INFO - 07:56:10  7 of 7 START seed file DBT_HAMS71.STG_Transactions ............................. [RUN]
[2022-10-10 00:56:11,251] {dbt_hook.py:130} INFO - 07:56:11  6 of 7 OK loaded seed file DBT_HAMS71.STG_Contact .............................. [[32mINSERT 1000[0m in 3.82s]
[2022-10-10 00:56:14,330] {dbt_hook.py:130} INFO - 07:56:14  7 of 7 OK loaded seed file DBT_HAMS71.STG_Transactions ......................... [[32mINSERT 1000[0m in 3.94s]
[2022-10-10 00:56:14,336] {dbt_hook.py:130} INFO - 07:56:14
[2022-10-10 00:56:14,336] {dbt_hook.py:130} INFO - 07:56:14  Finished running 7 seeds in 22.06s.
[2022-10-10 00:56:14,349] {dbt_hook.py:130} INFO - 07:56:14
[2022-10-10 00:56:14,350] {dbt_hook.py:130} INFO - 07:56:14  [32mCompleted successfully[0m
[2022-10-10 00:56:14,350] {dbt_hook.py:130} INFO - 07:56:14
[2022-10-10 00:56:14,351] {dbt_hook.py:130} INFO - 07:56:14  Done. PASS=7 WARN=0 ERROR=0 SKIP=0 TOTAL=7
[2022-10-10 00:56:15,880] {dbt_hook.py:132} INFO - Command exited with return code 0
[2022-10-10 00:56:15,891] {taskinstance.py:1395} INFO - Marking task as SUCCESS. dag_id=dbt, task_id=dbt_seed, execution_date=20221010T075540, start_date=20221010T075542, end_date=20221010T075615
[2022-10-10 00:56:15,906] {local_task_job.py:156} INFO - Task exited with return code 0
[2022-10-10 00:56:15,927] {local_task_job.py:273} INFO - 1 downstream tasks scheduled from follow-on schedule check
