[2022-10-13 12:18:23,798] {taskinstance.py:1159} INFO - Dependencies all met for <TaskInstance: dbt.dbt_seed scheduled__2022-10-13T00:03:00+00:00 [queued]>
[2022-10-13 12:18:23,805] {taskinstance.py:1159} INFO - Dependencies all met for <TaskInstance: dbt.dbt_seed scheduled__2022-10-13T00:03:00+00:00 [queued]>
[2022-10-13 12:18:23,805] {taskinstance.py:1356} INFO - 
--------------------------------------------------------------------------------
[2022-10-13 12:18:23,805] {taskinstance.py:1357} INFO - Starting attempt 1 of 1
[2022-10-13 12:18:23,805] {taskinstance.py:1358} INFO - 
--------------------------------------------------------------------------------
[2022-10-13 12:18:23,824] {taskinstance.py:1377} INFO - Executing <Task(DbtSeedOperator): dbt_seed> on 2022-10-13 00:03:00+00:00
[2022-10-13 12:18:23,830] {standard_task_runner.py:52} INFO - Started process 236618 to run task
[2022-10-13 12:18:23,836] {standard_task_runner.py:79} INFO - Running: ['airflow', 'tasks', 'run', 'dbt', 'dbt_seed', 'scheduled__2022-10-13T00:03:00+00:00', '--job-id', '71', '--raw', '--subdir', 'DAGS_FOLDER/dbt_airflow.py', '--cfg-path', '/tmp/tmpvt59xod7', '--error-file', '/tmp/tmpw6cin43d']
[2022-10-13 12:18:23,837] {standard_task_runner.py:80} INFO - Job 71: Subtask dbt_seed
[2022-10-13 12:18:23,898] {task_command.py:370} INFO - Running <TaskInstance: dbt.dbt_seed scheduled__2022-10-13T00:03:00+00:00 [running]> on host ubuntu
[2022-10-13 12:18:23,945] {taskinstance.py:1569} INFO - Exporting the following env vars:
AIRFLOW_CTX_DAG_OWNER=airflow
AIRFLOW_CTX_DAG_ID=dbt
AIRFLOW_CTX_TASK_ID=dbt_seed
AIRFLOW_CTX_EXECUTION_DATE=2022-10-13T00:03:00+00:00
AIRFLOW_CTX_TRY_NUMBER=1
AIRFLOW_CTX_DAG_RUN_ID=scheduled__2022-10-13T00:03:00+00:00
[2022-10-13 12:18:23,946] {dbt_hook.py:117} INFO - dbt seed
[2022-10-13 12:18:23,952] {dbt_hook.py:126} INFO - Output:
[2022-10-13 12:18:27,083] {dbt_hook.py:130} INFO - 19:18:27  Running with dbt=1.1.0
[2022-10-13 12:18:27,218] {dbt_hook.py:130} INFO - 19:18:27  Found 6 models, 5 tests, 6 snapshots, 0 analyses, 400 macros, 0 operations, 7 seed files, 2 sources, 0 exposures, 0 metrics
[2022-10-13 12:18:27,221] {dbt_hook.py:130} INFO - 19:18:27
[2022-10-13 12:18:30,776] {dbt_hook.py:130} INFO - 19:18:30  Concurrency: 2 threads (target='dev')
[2022-10-13 12:18:30,776] {dbt_hook.py:130} INFO - 19:18:30
[2022-10-13 12:18:30,835] {dbt_hook.py:130} INFO - 19:18:30  1 of 7 START seed file DBT_HAMS71.STG_Accounts ................................. [RUN]
[2022-10-13 12:18:30,836] {dbt_hook.py:130} INFO - 19:18:30  2 of 7 START seed file DBT_HAMS71.STG_Address .................................. [RUN]
[2022-10-13 12:18:35,235] {dbt_hook.py:130} INFO - 19:18:35  2 of 7 OK loaded seed file DBT_HAMS71.STG_Address .............................. [[32mINSERT 300[0m in 4.39s]
[2022-10-13 12:18:35,236] {dbt_hook.py:130} INFO - 19:18:35  3 of 7 START seed file DBT_HAMS71.STG_Bank ..................................... [RUN]
[2022-10-13 12:18:36,263] {dbt_hook.py:130} INFO - 19:18:36  1 of 7 OK loaded seed file DBT_HAMS71.STG_Accounts ............................. [[32mINSERT 1000[0m in 5.42s]
[2022-10-13 12:18:36,272] {dbt_hook.py:130} INFO - 19:18:36  4 of 7 START seed file DBT_HAMS71.STG_Branch ................................... [RUN]
[2022-10-13 12:18:39,062] {dbt_hook.py:130} INFO - 19:18:39  3 of 7 OK loaded seed file DBT_HAMS71.STG_Bank ................................. [[32mINSERT 1000[0m in 3.83s]
[2022-10-13 12:18:39,064] {dbt_hook.py:130} INFO - 19:18:39  5 of 7 START seed file DBT_HAMS71.STG_City ..................................... [RUN]
[2022-10-13 12:18:39,799] {dbt_hook.py:130} INFO - 19:18:39  4 of 7 OK loaded seed file DBT_HAMS71.STG_Branch ............................... [[32mINSERT 1000[0m in 3.53s]
[2022-10-13 12:18:39,800] {dbt_hook.py:130} INFO - 19:18:39  6 of 7 START seed file DBT_HAMS71.STG_Contact .................................. [RUN]
[2022-10-13 12:18:42,208] {dbt_hook.py:130} INFO - 19:18:42  5 of 7 OK loaded seed file DBT_HAMS71.STG_City ................................. [[32mINSERT 300[0m in 3.14s]
[2022-10-13 12:18:42,209] {dbt_hook.py:130} INFO - 19:18:42  7 of 7 START seed file DBT_HAMS71.STG_Transactions ............................. [RUN]
[2022-10-13 12:18:44,826] {dbt_hook.py:130} INFO - 19:18:44  6 of 7 OK loaded seed file DBT_HAMS71.STG_Contact .............................. [[32mINSERT 1000[0m in 5.02s]
[2022-10-13 12:18:45,732] {dbt_hook.py:130} INFO - 19:18:45  7 of 7 OK loaded seed file DBT_HAMS71.STG_Transactions ......................... [[32mINSERT 1000[0m in 3.52s]
[2022-10-13 12:18:45,736] {dbt_hook.py:130} INFO - 19:18:45
[2022-10-13 12:18:45,736] {dbt_hook.py:130} INFO - 19:18:45  Finished running 7 seeds in 18.51s.
[2022-10-13 12:18:45,751] {dbt_hook.py:130} INFO - 19:18:45
[2022-10-13 12:18:45,752] {dbt_hook.py:130} INFO - 19:18:45  [32mCompleted successfully[0m
[2022-10-13 12:18:45,752] {dbt_hook.py:130} INFO - 19:18:45
[2022-10-13 12:18:45,753] {dbt_hook.py:130} INFO - 19:18:45  Done. PASS=7 WARN=0 ERROR=0 SKIP=0 TOTAL=7
[2022-10-13 12:18:47,367] {dbt_hook.py:132} INFO - Command exited with return code 0
[2022-10-13 12:18:47,379] {taskinstance.py:1395} INFO - Marking task as SUCCESS. dag_id=dbt, task_id=dbt_seed, execution_date=20221013T000300, start_date=20221013T191823, end_date=20221013T191847
[2022-10-13 12:18:47,422] {local_task_job.py:156} INFO - Task exited with return code 0
[2022-10-13 12:18:47,446] {local_task_job.py:273} INFO - 1 downstream tasks scheduled from follow-on schedule check
