[2022-10-10 01:03:22,832] {taskinstance.py:1159} INFO - Dependencies all met for <TaskInstance: dbt.dbt_run manual__2022-10-10T08:02:50.396145+00:00 [queued]>
[2022-10-10 01:03:22,844] {taskinstance.py:1159} INFO - Dependencies all met for <TaskInstance: dbt.dbt_run manual__2022-10-10T08:02:50.396145+00:00 [queued]>
[2022-10-10 01:03:22,845] {taskinstance.py:1356} INFO - 
--------------------------------------------------------------------------------
[2022-10-10 01:03:22,845] {taskinstance.py:1357} INFO - Starting attempt 1 of 1
[2022-10-10 01:03:22,845] {taskinstance.py:1358} INFO - 
--------------------------------------------------------------------------------
[2022-10-10 01:03:22,870] {taskinstance.py:1377} INFO - Executing <Task(DbtRunOperator): dbt_run> on 2022-10-10 08:02:50.396145+00:00
[2022-10-10 01:03:22,877] {standard_task_runner.py:52} INFO - Started process 167760 to run task
[2022-10-10 01:03:22,881] {standard_task_runner.py:79} INFO - Running: ['airflow', 'tasks', 'run', 'dbt', 'dbt_run', 'manual__2022-10-10T08:02:50.396145+00:00', '--job-id', '22', '--raw', '--subdir', 'DAGS_FOLDER/dbt_airflow.py', '--cfg-path', '/tmp/tmp22kyc6_i', '--error-file', '/tmp/tmp4ixqe8ds']
[2022-10-10 01:03:22,882] {standard_task_runner.py:80} INFO - Job 22: Subtask dbt_run
[2022-10-10 01:03:22,937] {task_command.py:370} INFO - Running <TaskInstance: dbt.dbt_run manual__2022-10-10T08:02:50.396145+00:00 [running]> on host ubuntu
[2022-10-10 01:03:22,992] {taskinstance.py:1569} INFO - Exporting the following env vars:
AIRFLOW_CTX_DAG_OWNER=airflow
AIRFLOW_CTX_DAG_ID=dbt
AIRFLOW_CTX_TASK_ID=dbt_run
AIRFLOW_CTX_EXECUTION_DATE=2022-10-10T08:02:50.396145+00:00
AIRFLOW_CTX_TRY_NUMBER=1
AIRFLOW_CTX_DAG_RUN_ID=manual__2022-10-10T08:02:50.396145+00:00
[2022-10-10 01:03:22,993] {dbt_hook.py:117} INFO - dbt run
[2022-10-10 01:03:22,999] {dbt_hook.py:126} INFO - Output:
[2022-10-10 01:03:27,191] {dbt_hook.py:130} INFO - 08:03:27  Running with dbt=1.1.0
[2022-10-10 01:03:27,328] {dbt_hook.py:130} INFO - 08:03:27  Found 6 models, 5 tests, 7 snapshots, 0 analyses, 400 macros, 0 operations, 7 seed files, 2 sources, 0 exposures, 0 metrics
[2022-10-10 01:03:27,333] {dbt_hook.py:130} INFO - 08:03:27
[2022-10-10 01:03:31,048] {dbt_hook.py:130} INFO - 08:03:31  Concurrency: 2 threads (target='dev')
[2022-10-10 01:03:31,049] {dbt_hook.py:130} INFO - 08:03:31
[2022-10-10 01:03:31,058] {dbt_hook.py:130} INFO - 08:03:31  1 of 6 START incremental model DBT_HAMS71.Core_City ............................ [RUN]
[2022-10-10 01:03:31,060] {dbt_hook.py:130} INFO - 08:03:31  2 of 6 START incremental model DBT_HAMS71.Core_Transactions .................... [RUN]
[2022-10-10 01:03:33,771] {dbt_hook.py:130} INFO - 08:03:33  2 of 6 OK created incremental model DBT_HAMS71.Core_Transactions ............... [[32mSUCCESS 1[0m in 2.71s]
[2022-10-10 01:03:33,773] {dbt_hook.py:130} INFO - 08:03:33  3 of 6 START incremental model DBT_HAMS71.STG_Accounting ....................... [RUN]
[2022-10-10 01:03:33,871] {dbt_hook.py:130} INFO - 08:03:33  1 of 6 OK created incremental model DBT_HAMS71.Core_City ....................... [[32mSUCCESS 1[0m in 2.81s]
[2022-10-10 01:03:33,872] {dbt_hook.py:130} INFO - 08:03:33  4 of 6 START table model DBT_HAMS71.my_first_dbt_model ......................... [RUN]
[2022-10-10 01:03:35,997] {dbt_hook.py:130} INFO - 08:03:35  3 of 6 OK created incremental model DBT_HAMS71.STG_Accounting .................. [[32mSUCCESS 1[0m in 2.22s]
[2022-10-10 01:03:36,003] {dbt_hook.py:130} INFO - 08:03:36  5 of 6 START table model DBT_HAMS71.snowflake_sample_data_store_sales .......... [RUN]
[2022-10-10 01:03:37,029] {dbt_hook.py:130} INFO - 08:03:37  4 of 6 OK created table model DBT_HAMS71.my_first_dbt_model .................... [[32mSUCCESS 1[0m in 3.15s]
[2022-10-10 01:03:37,033] {dbt_hook.py:130} INFO - 08:03:37  6 of 6 START incremental model DBT_HAMS71.my_second_dbt_model .................. [RUN]
[2022-10-10 01:03:38,856] {dbt_hook.py:130} INFO - 08:03:38  6 of 6 OK created incremental model DBT_HAMS71.my_second_dbt_model ............. [[32mSUCCESS 1[0m in 1.82s]
[2022-10-10 01:03:39,657] {dbt_hook.py:130} INFO - 08:03:39  5 of 6 OK created table model DBT_HAMS71.snowflake_sample_data_store_sales ..... [[32mSUCCESS 1[0m in 3.65s]
[2022-10-10 01:03:39,660] {dbt_hook.py:130} INFO - 08:03:39
[2022-10-10 01:03:39,660] {dbt_hook.py:130} INFO - 08:03:39  Finished running 4 incremental models, 2 table models in 12.33s.
[2022-10-10 01:03:39,687] {dbt_hook.py:130} INFO - 08:03:39
[2022-10-10 01:03:39,688] {dbt_hook.py:130} INFO - 08:03:39  [32mCompleted successfully[0m
[2022-10-10 01:03:39,688] {dbt_hook.py:130} INFO - 08:03:39
[2022-10-10 01:03:39,689] {dbt_hook.py:130} INFO - 08:03:39  Done. PASS=6 WARN=0 ERROR=0 SKIP=0 TOTAL=6
[2022-10-10 01:03:41,261] {dbt_hook.py:132} INFO - Command exited with return code 0
[2022-10-10 01:03:41,277] {taskinstance.py:1395} INFO - Marking task as SUCCESS. dag_id=dbt, task_id=dbt_run, execution_date=20221010T080250, start_date=20221010T080322, end_date=20221010T080341
[2022-10-10 01:03:41,297] {local_task_job.py:156} INFO - Task exited with return code 0
[2022-10-10 01:03:41,328] {local_task_job.py:273} INFO - 1 downstream tasks scheduled from follow-on schedule check
