[2022-10-18 11:19:15,323] {taskinstance.py:1159} INFO - Dependencies all met for <TaskInstance: dbt_dag_bash.dbt_seed manual__2022-10-18T18:19:10.537511+00:00 [queued]>
[2022-10-18 11:19:15,338] {taskinstance.py:1159} INFO - Dependencies all met for <TaskInstance: dbt_dag_bash.dbt_seed manual__2022-10-18T18:19:10.537511+00:00 [queued]>
[2022-10-18 11:19:15,339] {taskinstance.py:1356} INFO - 
--------------------------------------------------------------------------------
[2022-10-18 11:19:15,339] {taskinstance.py:1357} INFO - Starting attempt 1 of 1
[2022-10-18 11:19:15,339] {taskinstance.py:1358} INFO - 
--------------------------------------------------------------------------------
[2022-10-18 11:19:15,353] {taskinstance.py:1377} INFO - Executing <Task(BashOperator): dbt_seed> on 2022-10-18 18:19:10.537511+00:00
[2022-10-18 11:19:15,356] {standard_task_runner.py:52} INFO - Started process 269178 to run task
[2022-10-18 11:19:15,363] {standard_task_runner.py:79} INFO - Running: ['airflow', 'tasks', 'run', 'dbt_dag_bash', 'dbt_seed', 'manual__2022-10-18T18:19:10.537511+00:00', '--job-id', '131', '--raw', '--subdir', 'DAGS_FOLDER/dbt_bashOperator.py', '--cfg-path', '/tmp/tmp8ofh21wo', '--error-file', '/tmp/tmpq4mifu4p']
[2022-10-18 11:19:15,364] {standard_task_runner.py:80} INFO - Job 131: Subtask dbt_seed
[2022-10-18 11:19:15,448] {task_command.py:370} INFO - Running <TaskInstance: dbt_dag_bash.dbt_seed manual__2022-10-18T18:19:10.537511+00:00 [running]> on host ubuntu
[2022-10-18 11:19:15,509] {taskinstance.py:1569} INFO - Exporting the following env vars:
AIRFLOW_CTX_DAG_OWNER=airflow
AIRFLOW_CTX_DAG_ID=dbt_dag_bash
AIRFLOW_CTX_TASK_ID=dbt_seed
AIRFLOW_CTX_EXECUTION_DATE=2022-10-18T18:19:10.537511+00:00
AIRFLOW_CTX_TRY_NUMBER=1
AIRFLOW_CTX_DAG_RUN_ID=manual__2022-10-18T18:19:10.537511+00:00
[2022-10-18 11:19:15,510] {subprocess.py:62} INFO - Tmp dir root location: 
 /tmp
[2022-10-18 11:19:15,511] {subprocess.py:74} INFO - Running command: ['bash', '-c', 'cd /home/ubuntu/airflow/dbt_project/ && dbt seed --full-refresh']
[2022-10-18 11:19:15,527] {subprocess.py:85} INFO - Output:
[2022-10-18 11:19:18,868] {subprocess.py:92} INFO - 18:19:18  Running with dbt=1.1.0
[2022-10-18 11:19:18,975] {subprocess.py:92} INFO - 18:19:18  Found 6 models, 5 tests, 6 snapshots, 0 analyses, 400 macros, 0 operations, 7 seed files, 2 sources, 0 exposures, 0 metrics
[2022-10-18 11:19:18,978] {subprocess.py:92} INFO - 18:19:18
[2022-10-18 11:19:38,820] {subprocess.py:92} INFO - 18:19:38  Concurrency: 2 threads (target='dev')
[2022-10-18 11:19:38,820] {subprocess.py:92} INFO - 18:19:38
[2022-10-18 11:19:38,828] {subprocess.py:92} INFO - 18:19:38  1 of 7 START seed file DBT_HAMS71.STG_Accounts ................................. [RUN]
[2022-10-18 11:19:38,843] {subprocess.py:92} INFO - 18:19:38  2 of 7 START seed file DBT_HAMS71.STG_Address .................................. [RUN]
[2022-10-18 11:19:45,433] {subprocess.py:92} INFO - 18:19:45  2 of 7 OK loaded seed file DBT_HAMS71.STG_Address .............................. [[32mCREATE 300[0m in 6.58s]
[2022-10-18 11:19:45,435] {subprocess.py:92} INFO - 18:19:45  3 of 7 START seed file DBT_HAMS71.STG_Bank ..................................... [RUN]
[2022-10-18 11:19:45,472] {subprocess.py:92} INFO - 18:19:45  1 of 7 OK loaded seed file DBT_HAMS71.STG_Accounts ............................. [[32mCREATE 1000[0m in 6.64s]
[2022-10-18 11:19:45,474] {subprocess.py:92} INFO - 18:19:45  4 of 7 START seed file DBT_HAMS71.STG_Branch ................................... [RUN]
[2022-10-18 11:19:52,125] {subprocess.py:92} INFO - 18:19:52  3 of 7 OK loaded seed file DBT_HAMS71.STG_Bank ................................. [[32mCREATE 1000[0m in 6.69s]
[2022-10-18 11:19:52,126] {subprocess.py:92} INFO - 18:19:52  5 of 7 START seed file DBT_HAMS71.STG_City ..................................... [RUN]
[2022-10-18 11:19:52,132] {subprocess.py:92} INFO - 18:19:52  4 of 7 OK loaded seed file DBT_HAMS71.STG_Branch ............................... [[32mCREATE 1000[0m in 6.66s]
[2022-10-18 11:19:52,133] {subprocess.py:92} INFO - 18:19:52  6 of 7 START seed file DBT_HAMS71.STG_Contact .................................. [RUN]
[2022-10-18 11:19:58,450] {subprocess.py:92} INFO - 18:19:58  5 of 7 OK loaded seed file DBT_HAMS71.STG_City ................................. [[32mCREATE 300[0m in 6.32s]
[2022-10-18 11:19:58,451] {subprocess.py:92} INFO - 18:19:58  7 of 7 START seed file DBT_HAMS71.STG_Transactions ............................. [RUN]
[2022-10-18 11:19:59,027] {subprocess.py:92} INFO - 18:19:59  6 of 7 OK loaded seed file DBT_HAMS71.STG_Contact .............................. [[32mCREATE 1000[0m in 6.89s]
[2022-10-18 11:20:04,757] {subprocess.py:92} INFO - 18:20:04  7 of 7 OK loaded seed file DBT_HAMS71.STG_Transactions ......................... [[32mCREATE 1000[0m in 6.30s]
[2022-10-18 11:20:04,759] {subprocess.py:92} INFO - 18:20:04
[2022-10-18 11:20:04,759] {subprocess.py:92} INFO - 18:20:04  Finished running 7 seeds in 45.78s.
[2022-10-18 11:20:04,772] {subprocess.py:92} INFO - 18:20:04
[2022-10-18 11:20:04,773] {subprocess.py:92} INFO - 18:20:04  [32mCompleted successfully[0m
[2022-10-18 11:20:04,773] {subprocess.py:92} INFO - 18:20:04
[2022-10-18 11:20:04,773] {subprocess.py:92} INFO - 18:20:04  Done. PASS=7 WARN=0 ERROR=0 SKIP=0 TOTAL=7
[2022-10-18 11:20:09,703] {subprocess.py:96} INFO - Command exited with return code 0
[2022-10-18 11:20:09,727] {taskinstance.py:1395} INFO - Marking task as SUCCESS. dag_id=dbt_dag_bash, task_id=dbt_seed, execution_date=20221018T181910, start_date=20221018T181915, end_date=20221018T182009
[2022-10-18 11:20:09,787] {local_task_job.py:156} INFO - Task exited with return code 0
[2022-10-18 11:20:09,805] {local_task_job.py:273} INFO - 1 downstream tasks scheduled from follow-on schedule check
