[2022-10-18 00:11:20,998] {taskinstance.py:1159} INFO - Dependencies all met for <TaskInstance: dbt_dag_bash.dbt_seed scheduled__2022-10-17T00:00:00+00:00 [queued]>
[2022-10-18 00:11:21,007] {taskinstance.py:1159} INFO - Dependencies all met for <TaskInstance: dbt_dag_bash.dbt_seed scheduled__2022-10-17T00:00:00+00:00 [queued]>
[2022-10-18 00:11:21,007] {taskinstance.py:1356} INFO - 
--------------------------------------------------------------------------------
[2022-10-18 00:11:21,007] {taskinstance.py:1357} INFO - Starting attempt 1 of 1
[2022-10-18 00:11:21,007] {taskinstance.py:1358} INFO - 
--------------------------------------------------------------------------------
[2022-10-18 00:11:21,026] {taskinstance.py:1377} INFO - Executing <Task(BashOperator): dbt_seed> on 2022-10-17 00:00:00+00:00
[2022-10-18 00:11:21,030] {standard_task_runner.py:52} INFO - Started process 265177 to run task
[2022-10-18 00:11:21,037] {standard_task_runner.py:79} INFO - Running: ['airflow', 'tasks', 'run', 'dbt_dag_bash', 'dbt_seed', 'scheduled__2022-10-17T00:00:00+00:00', '--job-id', '126', '--raw', '--subdir', 'DAGS_FOLDER/dbt_bashOperator.py', '--cfg-path', '/tmp/tmpnaqixm_u', '--error-file', '/tmp/tmppku79t16']
[2022-10-18 00:11:21,038] {standard_task_runner.py:80} INFO - Job 126: Subtask dbt_seed
[2022-10-18 00:11:21,094] {task_command.py:370} INFO - Running <TaskInstance: dbt_dag_bash.dbt_seed scheduled__2022-10-17T00:00:00+00:00 [running]> on host ubuntu
[2022-10-18 00:11:21,146] {taskinstance.py:1569} INFO - Exporting the following env vars:
AIRFLOW_CTX_DAG_OWNER=airflow
AIRFLOW_CTX_DAG_ID=dbt_dag_bash
AIRFLOW_CTX_TASK_ID=dbt_seed
AIRFLOW_CTX_EXECUTION_DATE=2022-10-17T00:00:00+00:00
AIRFLOW_CTX_TRY_NUMBER=1
AIRFLOW_CTX_DAG_RUN_ID=scheduled__2022-10-17T00:00:00+00:00
[2022-10-18 00:11:21,147] {subprocess.py:62} INFO - Tmp dir root location: 
 /tmp
[2022-10-18 00:11:21,148] {subprocess.py:74} INFO - Running command: ['bash', '-c', 'cd /home/ubuntu/airflow/dbt_project/ && dbt seed --full-refresh']
[2022-10-18 00:11:21,156] {subprocess.py:85} INFO - Output:
[2022-10-18 00:11:24,317] {subprocess.py:92} INFO - 07:11:24  Running with dbt=1.1.0
[2022-10-18 00:11:24,446] {subprocess.py:92} INFO - 07:11:24  Found 6 models, 5 tests, 6 snapshots, 0 analyses, 400 macros, 0 operations, 7 seed files, 2 sources, 0 exposures, 0 metrics
[2022-10-18 00:11:24,452] {subprocess.py:92} INFO - 07:11:24
[2022-10-18 00:11:27,780] {subprocess.py:92} INFO - 07:11:27  Concurrency: 2 threads (target='dev')
[2022-10-18 00:11:27,780] {subprocess.py:92} INFO - 07:11:27
[2022-10-18 00:11:27,787] {subprocess.py:92} INFO - 07:11:27  1 of 7 START seed file DBT_HAMS71.STG_Accounts ................................. [RUN]
[2022-10-18 00:11:27,788] {subprocess.py:92} INFO - 07:11:27  2 of 7 START seed file DBT_HAMS71.STG_Address .................................. [RUN]
[2022-10-18 00:11:31,259] {subprocess.py:92} INFO - 07:11:31  2 of 7 OK loaded seed file DBT_HAMS71.STG_Address .............................. [[32mCREATE 300[0m in 3.47s]
[2022-10-18 00:11:31,260] {subprocess.py:92} INFO - 07:11:31  3 of 7 START seed file DBT_HAMS71.STG_Bank ..................................... [RUN]
[2022-10-18 00:11:31,642] {subprocess.py:92} INFO - 07:11:31  1 of 7 OK loaded seed file DBT_HAMS71.STG_Accounts ............................. [[32mCREATE 1000[0m in 3.84s]
[2022-10-18 00:11:31,667] {subprocess.py:92} INFO - 07:11:31  4 of 7 START seed file DBT_HAMS71.STG_Branch ................................... [RUN]
[2022-10-18 00:11:34,339] {subprocess.py:92} INFO - 07:11:34  3 of 7 OK loaded seed file DBT_HAMS71.STG_Bank ................................. [[32mCREATE 1000[0m in 3.08s]
[2022-10-18 00:11:34,341] {subprocess.py:92} INFO - 07:11:34  5 of 7 START seed file DBT_HAMS71.STG_City ..................................... [RUN]
[2022-10-18 00:11:34,960] {subprocess.py:92} INFO - 07:11:34  4 of 7 OK loaded seed file DBT_HAMS71.STG_Branch ............................... [[32mCREATE 1000[0m in 3.29s]
[2022-10-18 00:11:34,963] {subprocess.py:92} INFO - 07:11:34  6 of 7 START seed file DBT_HAMS71.STG_Contact .................................. [RUN]
[2022-10-18 00:11:38,125] {subprocess.py:92} INFO - 07:11:38  5 of 7 OK loaded seed file DBT_HAMS71.STG_City ................................. [[32mCREATE 300[0m in 3.78s]
[2022-10-18 00:11:38,128] {subprocess.py:92} INFO - 07:11:38  7 of 7 START seed file DBT_HAMS71.STG_Transactions ............................. [RUN]
[2022-10-18 00:11:39,447] {subprocess.py:92} INFO - 07:11:39  6 of 7 OK loaded seed file DBT_HAMS71.STG_Contact .............................. [[32mCREATE 1000[0m in 4.48s]
[2022-10-18 00:11:41,170] {subprocess.py:92} INFO - 07:11:41  7 of 7 OK loaded seed file DBT_HAMS71.STG_Transactions ......................... [[32mCREATE 1000[0m in 3.04s]
[2022-10-18 00:11:41,172] {subprocess.py:92} INFO - 07:11:41
[2022-10-18 00:11:41,173] {subprocess.py:92} INFO - 07:11:41  Finished running 7 seeds in 16.72s.
[2022-10-18 00:11:41,187] {subprocess.py:92} INFO - 07:11:41
[2022-10-18 00:11:41,187] {subprocess.py:92} INFO - 07:11:41  [32mCompleted successfully[0m
[2022-10-18 00:11:41,187] {subprocess.py:92} INFO - 07:11:41
[2022-10-18 00:11:41,188] {subprocess.py:92} INFO - 07:11:41  Done. PASS=7 WARN=0 ERROR=0 SKIP=0 TOTAL=7
[2022-10-18 00:11:43,022] {subprocess.py:96} INFO - Command exited with return code 0
[2022-10-18 00:11:43,046] {taskinstance.py:1395} INFO - Marking task as SUCCESS. dag_id=dbt_dag_bash, task_id=dbt_seed, execution_date=20221017T000000, start_date=20221018T071121, end_date=20221018T071143
[2022-10-18 00:11:43,093] {local_task_job.py:156} INFO - Task exited with return code 0
[2022-10-18 00:11:43,122] {local_task_job.py:273} INFO - 1 downstream tasks scheduled from follow-on schedule check
