[2022-10-10 04:04:51,665] {taskinstance.py:1159} INFO - Dependencies all met for <TaskInstance: dbt.dbt_seed manual__2022-10-10T11:04:48.280463+00:00 [queued]>
[2022-10-10 04:04:51,671] {taskinstance.py:1159} INFO - Dependencies all met for <TaskInstance: dbt.dbt_seed manual__2022-10-10T11:04:48.280463+00:00 [queued]>
[2022-10-10 04:04:51,671] {taskinstance.py:1356} INFO - 
--------------------------------------------------------------------------------
[2022-10-10 04:04:51,671] {taskinstance.py:1357} INFO - Starting attempt 1 of 1
[2022-10-10 04:04:51,671] {taskinstance.py:1358} INFO - 
--------------------------------------------------------------------------------
[2022-10-10 04:04:51,687] {taskinstance.py:1377} INFO - Executing <Task(DbtSeedOperator): dbt_seed> on 2022-10-10 11:04:48.280463+00:00
[2022-10-10 04:04:51,690] {standard_task_runner.py:52} INFO - Started process 193736 to run task
[2022-10-10 04:04:51,696] {standard_task_runner.py:79} INFO - Running: ['airflow', 'tasks', 'run', 'dbt', 'dbt_seed', 'manual__2022-10-10T11:04:48.280463+00:00', '--job-id', '48', '--raw', '--subdir', 'DAGS_FOLDER/dbt_airflow.py', '--cfg-path', '/tmp/tmphwcr0w_m', '--error-file', '/tmp/tmpg5eoq3mi']
[2022-10-10 04:04:51,697] {standard_task_runner.py:80} INFO - Job 48: Subtask dbt_seed
[2022-10-10 04:04:51,790] {task_command.py:370} INFO - Running <TaskInstance: dbt.dbt_seed manual__2022-10-10T11:04:48.280463+00:00 [running]> on host ubuntu
[2022-10-10 04:04:51,883] {taskinstance.py:1569} INFO - Exporting the following env vars:
AIRFLOW_CTX_DAG_OWNER=airflow
AIRFLOW_CTX_DAG_ID=dbt
AIRFLOW_CTX_TASK_ID=dbt_seed
AIRFLOW_CTX_EXECUTION_DATE=2022-10-10T11:04:48.280463+00:00
AIRFLOW_CTX_TRY_NUMBER=1
AIRFLOW_CTX_DAG_RUN_ID=manual__2022-10-10T11:04:48.280463+00:00
[2022-10-10 04:04:51,886] {dbt_hook.py:117} INFO - dbt seed
[2022-10-10 04:04:51,905] {dbt_hook.py:126} INFO - Output:
[2022-10-10 04:04:56,185] {dbt_hook.py:130} INFO - 11:04:56  Running with dbt=1.1.0
[2022-10-10 04:04:56,503] {dbt_hook.py:130} INFO - 11:04:56  Found 6 models, 5 tests, 6 snapshots, 0 analyses, 400 macros, 0 operations, 7 seed files, 2 sources, 0 exposures, 0 metrics
[2022-10-10 04:04:56,508] {dbt_hook.py:130} INFO - 11:04:56
[2022-10-10 04:05:01,469] {dbt_hook.py:130} INFO - 11:05:01  Concurrency: 2 threads (target='dev')
[2022-10-10 04:05:01,469] {dbt_hook.py:130} INFO - 11:05:01
[2022-10-10 04:05:01,475] {dbt_hook.py:130} INFO - 11:05:01  1 of 7 START seed file DBT_HAMS71.STG_Accounts ................................. [RUN]
[2022-10-10 04:05:01,479] {dbt_hook.py:130} INFO - 11:05:01  2 of 7 START seed file DBT_HAMS71.STG_Address .................................. [RUN]
[2022-10-10 04:05:04,953] {dbt_hook.py:130} INFO - 11:05:04  2 of 7 OK loaded seed file DBT_HAMS71.STG_Address .............................. [[32mINSERT 300[0m in 3.47s]
[2022-10-10 04:05:04,955] {dbt_hook.py:130} INFO - 11:05:04  3 of 7 START seed file DBT_HAMS71.STG_Bank ..................................... [RUN]
[2022-10-10 04:05:04,997] {dbt_hook.py:130} INFO - 11:05:04  1 of 7 OK loaded seed file DBT_HAMS71.STG_Accounts ............................. [[32mINSERT 1000[0m in 3.52s]
[2022-10-10 04:05:04,999] {dbt_hook.py:130} INFO - 11:05:04  4 of 7 START seed file DBT_HAMS71.STG_Branch ................................... [RUN]
[2022-10-10 04:05:08,409] {dbt_hook.py:130} INFO - 11:05:08  3 of 7 OK loaded seed file DBT_HAMS71.STG_Bank ................................. [[32mINSERT 1000[0m in 3.45s]
[2022-10-10 04:05:08,410] {dbt_hook.py:130} INFO - 11:05:08  5 of 7 START seed file DBT_HAMS71.STG_City ..................................... [RUN]
[2022-10-10 04:05:08,509] {dbt_hook.py:130} INFO - 11:05:08  4 of 7 OK loaded seed file DBT_HAMS71.STG_Branch ............................... [[32mINSERT 1000[0m in 3.51s]
[2022-10-10 04:05:08,510] {dbt_hook.py:130} INFO - 11:05:08  6 of 7 START seed file DBT_HAMS71.STG_Contact .................................. [RUN]
[2022-10-10 04:05:11,719] {dbt_hook.py:130} INFO - 11:05:11  5 of 7 OK loaded seed file DBT_HAMS71.STG_City ................................. [[32mINSERT 300[0m in 3.31s]
[2022-10-10 04:05:11,721] {dbt_hook.py:130} INFO - 11:05:11  7 of 7 START seed file DBT_HAMS71.STG_Transactions ............................. [RUN]
[2022-10-10 04:05:12,818] {dbt_hook.py:130} INFO - 11:05:12  6 of 7 OK loaded seed file DBT_HAMS71.STG_Contact .............................. [[32mINSERT 1000[0m in 4.31s]
[2022-10-10 04:05:16,309] {dbt_hook.py:130} INFO - 11:05:16  7 of 7 OK loaded seed file DBT_HAMS71.STG_Transactions ......................... [[32mINSERT 1000[0m in 4.59s]
[2022-10-10 04:05:16,312] {dbt_hook.py:130} INFO - 11:05:16
[2022-10-10 04:05:16,312] {dbt_hook.py:130} INFO - 11:05:16  Finished running 7 seeds in 19.80s.
[2022-10-10 04:05:16,330] {dbt_hook.py:130} INFO - 11:05:16
[2022-10-10 04:05:16,331] {dbt_hook.py:130} INFO - 11:05:16  [32mCompleted successfully[0m
[2022-10-10 04:05:16,331] {dbt_hook.py:130} INFO - 11:05:16
[2022-10-10 04:05:16,332] {dbt_hook.py:130} INFO - 11:05:16  Done. PASS=7 WARN=0 ERROR=0 SKIP=0 TOTAL=7
[2022-10-10 04:05:18,051] {dbt_hook.py:132} INFO - Command exited with return code 0
[2022-10-10 04:05:18,064] {taskinstance.py:1395} INFO - Marking task as SUCCESS. dag_id=dbt, task_id=dbt_seed, execution_date=20221010T110448, start_date=20221010T110451, end_date=20221010T110518
[2022-10-10 04:05:18,097] {local_task_job.py:156} INFO - Task exited with return code 0
[2022-10-10 04:05:18,123] {local_task_job.py:273} INFO - 1 downstream tasks scheduled from follow-on schedule check
