[2022-06-27 05:01:50,243] {taskinstance.py:1159} INFO - Dependencies all met for <TaskInstance: example_bash_operator.also_run_this manual__2022-06-27T12:00:24.649090+00:00 [queued]>
[2022-06-27 05:01:50,273] {taskinstance.py:1159} INFO - Dependencies all met for <TaskInstance: example_bash_operator.also_run_this manual__2022-06-27T12:00:24.649090+00:00 [queued]>
[2022-06-27 05:01:50,274] {taskinstance.py:1356} INFO - 
--------------------------------------------------------------------------------
[2022-06-27 05:01:50,281] {taskinstance.py:1357} INFO - Starting attempt 1 of 1
[2022-06-27 05:01:50,282] {taskinstance.py:1358} INFO - 
--------------------------------------------------------------------------------
[2022-06-27 05:01:50,376] {taskinstance.py:1377} INFO - Executing <Task(BashOperator): also_run_this> on 2022-06-27 12:00:24.649090+00:00
[2022-06-27 05:01:50,391] {standard_task_runner.py:52} INFO - Started process 151461 to run task
[2022-06-27 05:01:50,416] {standard_task_runner.py:79} INFO - Running: ['airflow', 'tasks', 'run', 'example_bash_operator', 'also_run_this', 'manual__2022-06-27T12:00:24.649090+00:00', '--job-id', '10', '--raw', '--subdir', '/home/ubuntu/airflow/airflow_env/lib/python3.8/site-packages/airflow/example_dags/example_bash_operator.py', '--cfg-path', '/tmp/tmpfvt6ij1b', '--error-file', '/tmp/tmpryxbfyc4']
[2022-06-27 05:01:50,422] {standard_task_runner.py:80} INFO - Job 10: Subtask also_run_this
[2022-06-27 05:01:50,603] {task_command.py:370} INFO - Running <TaskInstance: example_bash_operator.also_run_this manual__2022-06-27T12:00:24.649090+00:00 [running]> on host ubuntu
[2022-06-27 05:01:51,015] {taskinstance.py:1569} INFO - Exporting the following env vars:
AIRFLOW_CTX_DAG_OWNER=airflow
AIRFLOW_CTX_DAG_ID=example_bash_operator
AIRFLOW_CTX_TASK_ID=also_run_this
AIRFLOW_CTX_EXECUTION_DATE=2022-06-27T12:00:24.649090+00:00
AIRFLOW_CTX_TRY_NUMBER=1
AIRFLOW_CTX_DAG_RUN_ID=manual__2022-06-27T12:00:24.649090+00:00
[2022-06-27 05:01:51,035] {subprocess.py:62} INFO - Tmp dir root location: 
 /tmp
[2022-06-27 05:01:51,037] {subprocess.py:74} INFO - Running command: ['bash', '-c', 'echo "run_id=manual__2022-06-27T12:00:24.649090+00:00 | dag_run=<DagRun example_bash_operator @ 2022-06-27 12:00:24.649090+00:00: manual__2022-06-27T12:00:24.649090+00:00, externally triggered: True>"']
[2022-06-27 05:01:51,130] {subprocess.py:85} INFO - Output:
[2022-06-27 05:01:51,132] {subprocess.py:92} INFO - run_id=manual__2022-06-27T12:00:24.649090+00:00 | dag_run=<DagRun example_bash_operator @ 2022-06-27 12:00:24.649090+00:00: manual__2022-06-27T12:00:24.649090+00:00, externally triggered: True>
[2022-06-27 05:01:51,141] {subprocess.py:96} INFO - Command exited with return code 0
[2022-06-27 05:01:51,289] {taskinstance.py:1395} INFO - Marking task as SUCCESS. dag_id=example_bash_operator, task_id=also_run_this, execution_date=20220627T120024, start_date=20220627T120150, end_date=20220627T120151
[2022-06-27 05:01:51,368] {local_task_job.py:156} INFO - Task exited with return code 0
[2022-06-27 05:01:51,495] {local_task_job.py:273} INFO - 0 downstream tasks scheduled from follow-on schedule check
