[2022-10-13 12:17:19,217] {taskinstance.py:1159} INFO - Dependencies all met for <TaskInstance: dbt.dbt_seed scheduled__2022-10-13T00:02:00+00:00 [queued]>
[2022-10-13 12:17:19,226] {taskinstance.py:1159} INFO - Dependencies all met for <TaskInstance: dbt.dbt_seed scheduled__2022-10-13T00:02:00+00:00 [queued]>
[2022-10-13 12:17:19,227] {taskinstance.py:1356} INFO - 
--------------------------------------------------------------------------------
[2022-10-13 12:17:19,227] {taskinstance.py:1357} INFO - Starting attempt 1 of 1
[2022-10-13 12:17:19,227] {taskinstance.py:1358} INFO - 
--------------------------------------------------------------------------------
[2022-10-13 12:17:19,251] {taskinstance.py:1377} INFO - Executing <Task(DbtSeedOperator): dbt_seed> on 2022-10-13 00:02:00+00:00
[2022-10-13 12:17:19,256] {standard_task_runner.py:52} INFO - Started process 236193 to run task
[2022-10-13 12:17:19,269] {standard_task_runner.py:79} INFO - Running: ['airflow', 'tasks', 'run', 'dbt', 'dbt_seed', 'scheduled__2022-10-13T00:02:00+00:00', '--job-id', '68', '--raw', '--subdir', 'DAGS_FOLDER/dbt_airflow.py', '--cfg-path', '/tmp/tmpkq_qtx5h', '--error-file', '/tmp/tmprb1c9kvc']
[2022-10-13 12:17:19,270] {standard_task_runner.py:80} INFO - Job 68: Subtask dbt_seed
[2022-10-13 12:17:19,376] {task_command.py:370} INFO - Running <TaskInstance: dbt.dbt_seed scheduled__2022-10-13T00:02:00+00:00 [running]> on host ubuntu
[2022-10-13 12:17:19,468] {taskinstance.py:1569} INFO - Exporting the following env vars:
AIRFLOW_CTX_DAG_OWNER=airflow
AIRFLOW_CTX_DAG_ID=dbt
AIRFLOW_CTX_TASK_ID=dbt_seed
AIRFLOW_CTX_EXECUTION_DATE=2022-10-13T00:02:00+00:00
AIRFLOW_CTX_TRY_NUMBER=1
AIRFLOW_CTX_DAG_RUN_ID=scheduled__2022-10-13T00:02:00+00:00
[2022-10-13 12:17:19,469] {dbt_hook.py:117} INFO - dbt seed
[2022-10-13 12:17:19,480] {dbt_hook.py:126} INFO - Output:
[2022-10-13 12:17:24,395] {dbt_hook.py:130} INFO - 19:17:24  Running with dbt=1.1.0
[2022-10-13 12:17:24,532] {dbt_hook.py:130} INFO - 19:17:24  Found 6 models, 5 tests, 6 snapshots, 0 analyses, 400 macros, 0 operations, 7 seed files, 2 sources, 0 exposures, 0 metrics
[2022-10-13 12:17:24,536] {dbt_hook.py:130} INFO - 19:17:24
[2022-10-13 12:17:27,795] {dbt_hook.py:130} INFO - 19:17:27  Concurrency: 2 threads (target='dev')
[2022-10-13 12:17:27,796] {dbt_hook.py:130} INFO - 19:17:27
[2022-10-13 12:17:27,810] {dbt_hook.py:130} INFO - 19:17:27  1 of 7 START seed file DBT_HAMS71.STG_Accounts ................................. [RUN]
[2022-10-13 12:17:27,812] {dbt_hook.py:130} INFO - 19:17:27  2 of 7 START seed file DBT_HAMS71.STG_Address .................................. [RUN]
[2022-10-13 12:17:32,032] {dbt_hook.py:130} INFO - 19:17:32  2 of 7 OK loaded seed file DBT_HAMS71.STG_Address .............................. [[32mINSERT 300[0m in 4.22s]
[2022-10-13 12:17:32,034] {dbt_hook.py:130} INFO - 19:17:32  3 of 7 START seed file DBT_HAMS71.STG_Bank ..................................... [RUN]
[2022-10-13 12:17:32,301] {dbt_hook.py:130} INFO - 19:17:32  1 of 7 OK loaded seed file DBT_HAMS71.STG_Accounts ............................. [[32mINSERT 1000[0m in 4.49s]
[2022-10-13 12:17:32,302] {dbt_hook.py:130} INFO - 19:17:32  4 of 7 START seed file DBT_HAMS71.STG_Branch ................................... [RUN]
[2022-10-13 12:17:35,653] {dbt_hook.py:130} INFO - 19:17:35  3 of 7 OK loaded seed file DBT_HAMS71.STG_Bank ................................. [[32mINSERT 1000[0m in 3.62s]
[2022-10-13 12:17:35,655] {dbt_hook.py:130} INFO - 19:17:35  5 of 7 START seed file DBT_HAMS71.STG_City ..................................... [RUN]
[2022-10-13 12:17:36,143] {dbt_hook.py:130} INFO - 19:17:36  4 of 7 OK loaded seed file DBT_HAMS71.STG_Branch ............................... [[32mINSERT 1000[0m in 3.84s]
[2022-10-13 12:17:36,144] {dbt_hook.py:130} INFO - 19:17:36  6 of 7 START seed file DBT_HAMS71.STG_Contact .................................. [RUN]
[2022-10-13 12:17:38,972] {dbt_hook.py:130} INFO - 19:17:38  5 of 7 OK loaded seed file DBT_HAMS71.STG_City ................................. [[32mINSERT 300[0m in 3.32s]
[2022-10-13 12:17:38,976] {dbt_hook.py:130} INFO - 19:17:38  7 of 7 START seed file DBT_HAMS71.STG_Transactions ............................. [RUN]
[2022-10-13 12:17:40,210] {dbt_hook.py:130} INFO - 19:17:40  6 of 7 OK loaded seed file DBT_HAMS71.STG_Contact .............................. [[32mINSERT 1000[0m in 4.06s]
[2022-10-13 12:17:42,460] {dbt_hook.py:130} INFO - 19:17:42  7 of 7 OK loaded seed file DBT_HAMS71.STG_Transactions ......................... [[32mINSERT 1000[0m in 3.48s]
[2022-10-13 12:17:42,463] {dbt_hook.py:130} INFO - 19:17:42
[2022-10-13 12:17:42,463] {dbt_hook.py:130} INFO - 19:17:42  Finished running 7 seeds in 17.93s.
[2022-10-13 12:17:42,487] {dbt_hook.py:130} INFO - 19:17:42
[2022-10-13 12:17:42,488] {dbt_hook.py:130} INFO - 19:17:42  [32mCompleted successfully[0m
[2022-10-13 12:17:42,489] {dbt_hook.py:130} INFO - 19:17:42
[2022-10-13 12:17:42,490] {dbt_hook.py:130} INFO - 19:17:42  Done. PASS=7 WARN=0 ERROR=0 SKIP=0 TOTAL=7
[2022-10-13 12:17:44,176] {dbt_hook.py:132} INFO - Command exited with return code 0
[2022-10-13 12:17:44,207] {taskinstance.py:1395} INFO - Marking task as SUCCESS. dag_id=dbt, task_id=dbt_seed, execution_date=20221013T000200, start_date=20221013T191719, end_date=20221013T191744
[2022-10-13 12:17:44,297] {local_task_job.py:156} INFO - Task exited with return code 0
[2022-10-13 12:17:44,337] {local_task_job.py:273} INFO - 1 downstream tasks scheduled from follow-on schedule check
