[2022-10-11 11:51:57,875] {taskinstance.py:1159} INFO - Dependencies all met for <TaskInstance: dbt.dbt_snapshot manual__2022-10-11T18:51:07.213928+00:00 [queued]>
[2022-10-11 11:51:57,883] {taskinstance.py:1159} INFO - Dependencies all met for <TaskInstance: dbt.dbt_snapshot manual__2022-10-11T18:51:07.213928+00:00 [queued]>
[2022-10-11 11:51:57,883] {taskinstance.py:1356} INFO - 
--------------------------------------------------------------------------------
[2022-10-11 11:51:57,883] {taskinstance.py:1357} INFO - Starting attempt 1 of 1
[2022-10-11 11:51:57,883] {taskinstance.py:1358} INFO - 
--------------------------------------------------------------------------------
[2022-10-11 11:51:57,894] {taskinstance.py:1377} INFO - Executing <Task(DbtSnapshotOperator): dbt_snapshot> on 2022-10-11 18:51:07.213928+00:00
[2022-10-11 11:51:57,898] {standard_task_runner.py:52} INFO - Started process 217838 to run task
[2022-10-11 11:51:57,903] {standard_task_runner.py:79} INFO - Running: ['airflow', 'tasks', 'run', 'dbt', 'dbt_snapshot', 'manual__2022-10-11T18:51:07.213928+00:00', '--job-id', '57', '--raw', '--subdir', 'DAGS_FOLDER/dbt_airflow.py', '--cfg-path', '/tmp/tmpqk8uhstz', '--error-file', '/tmp/tmpcuzhldo1']
[2022-10-11 11:51:57,904] {standard_task_runner.py:80} INFO - Job 57: Subtask dbt_snapshot
[2022-10-11 11:51:57,952] {task_command.py:370} INFO - Running <TaskInstance: dbt.dbt_snapshot manual__2022-10-11T18:51:07.213928+00:00 [running]> on host ubuntu
[2022-10-11 11:51:57,995] {taskinstance.py:1569} INFO - Exporting the following env vars:
AIRFLOW_CTX_DAG_OWNER=airflow
AIRFLOW_CTX_DAG_ID=dbt
AIRFLOW_CTX_TASK_ID=dbt_snapshot
AIRFLOW_CTX_EXECUTION_DATE=2022-10-11T18:51:07.213928+00:00
AIRFLOW_CTX_TRY_NUMBER=1
AIRFLOW_CTX_DAG_RUN_ID=manual__2022-10-11T18:51:07.213928+00:00
[2022-10-11 11:51:57,996] {dbt_hook.py:117} INFO - dbt snapshot
[2022-10-11 11:51:58,003] {dbt_hook.py:126} INFO - Output:
[2022-10-11 11:52:01,413] {dbt_hook.py:130} INFO - 18:52:01  Running with dbt=1.1.0
[2022-10-11 11:52:01,535] {dbt_hook.py:130} INFO - 18:52:01  Found 6 models, 5 tests, 6 snapshots, 0 analyses, 400 macros, 0 operations, 7 seed files, 2 sources, 0 exposures, 0 metrics
[2022-10-11 11:52:01,540] {dbt_hook.py:130} INFO - 18:52:01
[2022-10-11 11:52:04,586] {dbt_hook.py:130} INFO - 18:52:04  Concurrency: 2 threads (target='dev')
[2022-10-11 11:52:04,586] {dbt_hook.py:130} INFO - 18:52:04
[2022-10-11 11:52:04,591] {dbt_hook.py:130} INFO - 18:52:04  1 of 6 START snapshot DBT_HAMS71.Core_Accounts ................................. [RUN]
[2022-10-11 11:52:04,603] {dbt_hook.py:130} INFO - 18:52:04  2 of 6 START snapshot DBT_HAMS71.Core_Address .................................. [RUN]
[2022-10-11 11:52:07,344] {dbt_hook.py:130} INFO - 18:52:07  1 of 6 OK snapshotted DBT_HAMS71.Core_Accounts ................................. [[32mSUCCESS 1[0m in 2.75s]
[2022-10-11 11:52:07,345] {dbt_hook.py:130} INFO - 18:52:07  3 of 6 START snapshot DBT_HAMS71.Core_Bank ..................................... [RUN]
[2022-10-11 11:52:07,374] {dbt_hook.py:130} INFO - 18:52:07  2 of 6 OK snapshotted DBT_HAMS71.Core_Address .................................. [[32mSUCCESS 1[0m in 2.77s]
[2022-10-11 11:52:07,375] {dbt_hook.py:130} INFO - 18:52:07  4 of 6 START snapshot DBT_HAMS71.Core_Branch ................................... [RUN]
[2022-10-11 11:52:10,513] {dbt_hook.py:130} INFO - 18:52:10  3 of 6 OK snapshotted DBT_HAMS71.Core_Bank ..................................... [[32mSUCCESS 1[0m in 3.17s]
[2022-10-11 11:52:10,518] {dbt_hook.py:130} INFO - 18:52:10  5 of 6 START snapshot DBT_HAMS71.Core_Contact .................................. [RUN]
[2022-10-11 11:52:10,605] {dbt_hook.py:130} INFO - 18:52:10  4 of 6 OK snapshotted DBT_HAMS71.Core_Branch ................................... [[32mSUCCESS 1[0m in 3.23s]
[2022-10-11 11:52:12,774] {dbt_hook.py:130} INFO - 18:52:12  5 of 6 OK snapshotted DBT_HAMS71.Core_Contact .................................. [[32mSUCCESS 1[0m in 2.25s]
[2022-10-11 11:52:12,776] {dbt_hook.py:130} INFO - 18:52:12  6 of 6 START snapshot DBT_HAMS71.Core_Contact_Account_Branch ................... [RUN]
[2022-10-11 11:52:16,355] {dbt_hook.py:130} INFO - 18:52:16  6 of 6 OK snapshotted DBT_HAMS71.Core_Contact_Account_Branch ................... [[32mSUCCESS 1[0m in 3.58s]
[2022-10-11 11:52:16,358] {dbt_hook.py:130} INFO - 18:52:16
[2022-10-11 11:52:16,358] {dbt_hook.py:130} INFO - 18:52:16  Finished running 6 snapshots in 14.82s.
[2022-10-11 11:52:16,371] {dbt_hook.py:130} INFO - 18:52:16
[2022-10-11 11:52:16,371] {dbt_hook.py:130} INFO - 18:52:16  [32mCompleted successfully[0m
[2022-10-11 11:52:16,371] {dbt_hook.py:130} INFO - 18:52:16
[2022-10-11 11:52:16,372] {dbt_hook.py:130} INFO - 18:52:16  Done. PASS=6 WARN=0 ERROR=0 SKIP=0 TOTAL=6
[2022-10-11 11:52:18,278] {dbt_hook.py:132} INFO - Command exited with return code 0
[2022-10-11 11:52:18,289] {taskinstance.py:1395} INFO - Marking task as SUCCESS. dag_id=dbt, task_id=dbt_snapshot, execution_date=20221011T185107, start_date=20221011T185157, end_date=20221011T185218
[2022-10-11 11:52:18,321] {local_task_job.py:156} INFO - Task exited with return code 0
[2022-10-11 11:52:18,338] {local_task_job.py:273} INFO - 1 downstream tasks scheduled from follow-on schedule check
