[2022-06-27 05:01:16,379] {taskinstance.py:1159} INFO - Dependencies all met for <TaskInstance: example_bash_operator.runme_1 manual__2022-06-27T12:00:24.649090+00:00 [queued]>
[2022-06-27 05:01:16,411] {taskinstance.py:1159} INFO - Dependencies all met for <TaskInstance: example_bash_operator.runme_1 manual__2022-06-27T12:00:24.649090+00:00 [queued]>
[2022-06-27 05:01:16,411] {taskinstance.py:1356} INFO - 
--------------------------------------------------------------------------------
[2022-06-27 05:01:16,412] {taskinstance.py:1357} INFO - Starting attempt 1 of 1
[2022-06-27 05:01:16,412] {taskinstance.py:1358} INFO - 
--------------------------------------------------------------------------------
[2022-06-27 05:01:16,483] {taskinstance.py:1377} INFO - Executing <Task(BashOperator): runme_1> on 2022-06-27 12:00:24.649090+00:00
[2022-06-27 05:01:16,486] {standard_task_runner.py:52} INFO - Started process 151440 to run task
[2022-06-27 05:01:16,535] {standard_task_runner.py:79} INFO - Running: ['airflow', 'tasks', 'run', 'example_bash_operator', 'runme_1', 'manual__2022-06-27T12:00:24.649090+00:00', '--job-id', '6', '--raw', '--subdir', '/home/ubuntu/airflow/airflow_env/lib/python3.8/site-packages/airflow/example_dags/example_bash_operator.py', '--cfg-path', '/tmp/tmpg2v3ljzi', '--error-file', '/tmp/tmpb1qdi6zs']
[2022-06-27 05:01:16,537] {standard_task_runner.py:80} INFO - Job 6: Subtask runme_1
[2022-06-27 05:01:16,827] {task_command.py:370} INFO - Running <TaskInstance: example_bash_operator.runme_1 manual__2022-06-27T12:00:24.649090+00:00 [running]> on host ubuntu
[2022-06-27 05:01:16,990] {taskinstance.py:1569} INFO - Exporting the following env vars:
AIRFLOW_CTX_DAG_OWNER=airflow
AIRFLOW_CTX_DAG_ID=example_bash_operator
AIRFLOW_CTX_TASK_ID=runme_1
AIRFLOW_CTX_EXECUTION_DATE=2022-06-27T12:00:24.649090+00:00
AIRFLOW_CTX_TRY_NUMBER=1
AIRFLOW_CTX_DAG_RUN_ID=manual__2022-06-27T12:00:24.649090+00:00
[2022-06-27 05:01:16,991] {subprocess.py:62} INFO - Tmp dir root location: 
 /tmp
[2022-06-27 05:01:16,996] {subprocess.py:74} INFO - Running command: ['bash', '-c', 'echo "example_bash_operator__runme_1__20220627" && sleep 1']
[2022-06-27 05:01:17,026] {subprocess.py:85} INFO - Output:
[2022-06-27 05:01:17,029] {subprocess.py:92} INFO - example_bash_operator__runme_1__20220627
[2022-06-27 05:01:18,030] {subprocess.py:96} INFO - Command exited with return code 0
[2022-06-27 05:01:18,177] {taskinstance.py:1395} INFO - Marking task as SUCCESS. dag_id=example_bash_operator, task_id=runme_1, execution_date=20220627T120024, start_date=20220627T120116, end_date=20220627T120118
[2022-06-27 05:01:18,311] {local_task_job.py:156} INFO - Task exited with return code 0
[2022-06-27 05:01:18,607] {local_task_job.py:273} INFO - 0 downstream tasks scheduled from follow-on schedule check
