[2022-06-27 05:00:46,753] {taskinstance.py:1159} INFO - Dependencies all met for <TaskInstance: example_bash_operator.runme_1 scheduled__2022-06-26T00:00:00+00:00 [queued]>
[2022-06-27 05:00:46,779] {taskinstance.py:1159} INFO - Dependencies all met for <TaskInstance: example_bash_operator.runme_1 scheduled__2022-06-26T00:00:00+00:00 [queued]>
[2022-06-27 05:00:46,779] {taskinstance.py:1356} INFO - 
--------------------------------------------------------------------------------
[2022-06-27 05:00:46,779] {taskinstance.py:1357} INFO - Starting attempt 1 of 1
[2022-06-27 05:00:46,780] {taskinstance.py:1358} INFO - 
--------------------------------------------------------------------------------
[2022-06-27 05:00:46,830] {taskinstance.py:1377} INFO - Executing <Task(BashOperator): runme_1> on 2022-06-26 00:00:00+00:00
[2022-06-27 05:00:46,859] {standard_task_runner.py:52} INFO - Started process 151427 to run task
[2022-06-27 05:00:46,947] {standard_task_runner.py:79} INFO - Running: ['airflow', 'tasks', 'run', 'example_bash_operator', 'runme_1', 'scheduled__2022-06-26T00:00:00+00:00', '--job-id', '3', '--raw', '--subdir', '/home/ubuntu/airflow/airflow_env/lib/python3.8/site-packages/airflow/example_dags/example_bash_operator.py', '--cfg-path', '/tmp/tmppqfioi68', '--error-file', '/tmp/tmparep0b2n']
[2022-06-27 05:00:46,949] {standard_task_runner.py:80} INFO - Job 3: Subtask runme_1
[2022-06-27 05:00:47,604] {task_command.py:370} INFO - Running <TaskInstance: example_bash_operator.runme_1 scheduled__2022-06-26T00:00:00+00:00 [running]> on host ubuntu
[2022-06-27 05:00:48,610] {taskinstance.py:1569} INFO - Exporting the following env vars:
AIRFLOW_CTX_DAG_OWNER=airflow
AIRFLOW_CTX_DAG_ID=example_bash_operator
AIRFLOW_CTX_TASK_ID=runme_1
AIRFLOW_CTX_EXECUTION_DATE=2022-06-26T00:00:00+00:00
AIRFLOW_CTX_TRY_NUMBER=1
AIRFLOW_CTX_DAG_RUN_ID=scheduled__2022-06-26T00:00:00+00:00
[2022-06-27 05:00:48,652] {subprocess.py:62} INFO - Tmp dir root location: 
 /tmp
[2022-06-27 05:00:48,657] {subprocess.py:74} INFO - Running command: ['bash', '-c', 'echo "example_bash_operator__runme_1__20220626" && sleep 1']
[2022-06-27 05:00:48,808] {subprocess.py:85} INFO - Output:
[2022-06-27 05:00:48,832] {subprocess.py:92} INFO - example_bash_operator__runme_1__20220626
[2022-06-27 05:00:49,836] {subprocess.py:96} INFO - Command exited with return code 0
[2022-06-27 05:00:49,932] {taskinstance.py:1395} INFO - Marking task as SUCCESS. dag_id=example_bash_operator, task_id=runme_1, execution_date=20220626T000000, start_date=20220627T120046, end_date=20220627T120049
[2022-06-27 05:00:50,004] {local_task_job.py:156} INFO - Task exited with return code 0
[2022-06-27 05:00:50,146] {local_task_job.py:273} INFO - 0 downstream tasks scheduled from follow-on schedule check
