[2022-10-10 04:05:34,930] {taskinstance.py:1159} INFO - Dependencies all met for <TaskInstance: dbt.dbt_snapshot manual__2022-10-10T11:04:48.280463+00:00 [queued]>
[2022-10-10 04:05:34,939] {taskinstance.py:1159} INFO - Dependencies all met for <TaskInstance: dbt.dbt_snapshot manual__2022-10-10T11:04:48.280463+00:00 [queued]>
[2022-10-10 04:05:34,939] {taskinstance.py:1356} INFO - 
--------------------------------------------------------------------------------
[2022-10-10 04:05:34,939] {taskinstance.py:1357} INFO - Starting attempt 1 of 1
[2022-10-10 04:05:34,939] {taskinstance.py:1358} INFO - 
--------------------------------------------------------------------------------
[2022-10-10 04:05:34,953] {taskinstance.py:1377} INFO - Executing <Task(DbtSnapshotOperator): dbt_snapshot> on 2022-10-10 11:04:48.280463+00:00
[2022-10-10 04:05:34,958] {standard_task_runner.py:52} INFO - Started process 194211 to run task
[2022-10-10 04:05:34,966] {standard_task_runner.py:79} INFO - Running: ['airflow', 'tasks', 'run', 'dbt', 'dbt_snapshot', 'manual__2022-10-10T11:04:48.280463+00:00', '--job-id', '50', '--raw', '--subdir', 'DAGS_FOLDER/dbt_airflow.py', '--cfg-path', '/tmp/tmpmk1lq5iu', '--error-file', '/tmp/tmpj2p3kkxy']
[2022-10-10 04:05:34,967] {standard_task_runner.py:80} INFO - Job 50: Subtask dbt_snapshot
[2022-10-10 04:05:35,034] {task_command.py:370} INFO - Running <TaskInstance: dbt.dbt_snapshot manual__2022-10-10T11:04:48.280463+00:00 [running]> on host ubuntu
[2022-10-10 04:05:35,096] {taskinstance.py:1569} INFO - Exporting the following env vars:
AIRFLOW_CTX_DAG_OWNER=airflow
AIRFLOW_CTX_DAG_ID=dbt
AIRFLOW_CTX_TASK_ID=dbt_snapshot
AIRFLOW_CTX_EXECUTION_DATE=2022-10-10T11:04:48.280463+00:00
AIRFLOW_CTX_TRY_NUMBER=1
AIRFLOW_CTX_DAG_RUN_ID=manual__2022-10-10T11:04:48.280463+00:00
[2022-10-10 04:05:35,098] {dbt_hook.py:117} INFO - dbt snapshot
[2022-10-10 04:05:35,112] {dbt_hook.py:126} INFO - Output:
[2022-10-10 04:05:38,417] {dbt_hook.py:130} INFO - 11:05:38  Running with dbt=1.1.0
[2022-10-10 04:05:38,523] {dbt_hook.py:130} INFO - 11:05:38  Found 6 models, 5 tests, 6 snapshots, 0 analyses, 400 macros, 0 operations, 7 seed files, 2 sources, 0 exposures, 0 metrics
[2022-10-10 04:05:38,526] {dbt_hook.py:130} INFO - 11:05:38
[2022-10-10 04:05:41,920] {dbt_hook.py:130} INFO - 11:05:41  Concurrency: 2 threads (target='dev')
[2022-10-10 04:05:41,920] {dbt_hook.py:130} INFO - 11:05:41
[2022-10-10 04:05:41,931] {dbt_hook.py:130} INFO - 11:05:41  1 of 6 START snapshot DBT_HAMS71.Core_Accounts ................................. [RUN]
[2022-10-10 04:05:41,932] {dbt_hook.py:130} INFO - 11:05:41  2 of 6 START snapshot DBT_HAMS71.Core_Address .................................. [RUN]
[2022-10-10 04:05:44,548] {dbt_hook.py:130} INFO - 11:05:44  2 of 6 OK snapshotted DBT_HAMS71.Core_Address .................................. [[32mSUCCESS 1[0m in 2.61s]
[2022-10-10 04:05:44,549] {dbt_hook.py:130} INFO - 11:05:44  3 of 6 START snapshot DBT_HAMS71.Core_Bank ..................................... [RUN]
[2022-10-10 04:05:44,582] {dbt_hook.py:130} INFO - 11:05:44  1 of 6 OK snapshotted DBT_HAMS71.Core_Accounts ................................. [[32mSUCCESS 1[0m in 2.65s]
[2022-10-10 04:05:44,583] {dbt_hook.py:130} INFO - 11:05:44  4 of 6 START snapshot DBT_HAMS71.Core_Branch ................................... [RUN]
[2022-10-10 04:05:46,918] {dbt_hook.py:130} INFO - 11:05:46  3 of 6 OK snapshotted DBT_HAMS71.Core_Bank ..................................... [[32mSUCCESS 1[0m in 2.37s]
[2022-10-10 04:05:46,921] {dbt_hook.py:130} INFO - 11:05:46  5 of 6 START snapshot DBT_HAMS71.Core_Contact .................................. [RUN]
[2022-10-10 04:05:47,082] {dbt_hook.py:130} INFO - 11:05:47  4 of 6 OK snapshotted DBT_HAMS71.Core_Branch ................................... [[32mSUCCESS 1[0m in 2.50s]
[2022-10-10 04:05:49,548] {dbt_hook.py:130} INFO - 11:05:49  5 of 6 OK snapshotted DBT_HAMS71.Core_Contact .................................. [[32mSUCCESS 1[0m in 2.63s]
[2022-10-10 04:05:49,552] {dbt_hook.py:130} INFO - 11:05:49  6 of 6 START snapshot DBT_HAMS71.Core_Contact_Account_Branch ................... [RUN]
[2022-10-10 04:05:52,459] {dbt_hook.py:130} INFO - 11:05:52  6 of 6 OK snapshotted DBT_HAMS71.Core_Contact_Account_Branch ................... [[32mSUCCESS 1[0m in 2.91s]
[2022-10-10 04:05:52,465] {dbt_hook.py:130} INFO - 11:05:52
[2022-10-10 04:05:52,465] {dbt_hook.py:130} INFO - 11:05:52  Finished running 6 snapshots in 13.94s.
[2022-10-10 04:05:52,482] {dbt_hook.py:130} INFO - 11:05:52
[2022-10-10 04:05:52,482] {dbt_hook.py:130} INFO - 11:05:52  [32mCompleted successfully[0m
[2022-10-10 04:05:52,483] {dbt_hook.py:130} INFO - 11:05:52
[2022-10-10 04:05:52,485] {dbt_hook.py:130} INFO - 11:05:52  Done. PASS=6 WARN=0 ERROR=0 SKIP=0 TOTAL=6
[2022-10-10 04:05:54,024] {dbt_hook.py:132} INFO - Command exited with return code 0
[2022-10-10 04:05:54,036] {taskinstance.py:1395} INFO - Marking task as SUCCESS. dag_id=dbt, task_id=dbt_snapshot, execution_date=20221010T110448, start_date=20221010T110534, end_date=20221010T110554
[2022-10-10 04:05:54,090] {local_task_job.py:156} INFO - Task exited with return code 0
[2022-10-10 04:05:54,102] {local_task_job.py:273} INFO - 0 downstream tasks scheduled from follow-on schedule check
