[2022-10-18 00:12:46,270] {processor.py:153} INFO - Started process (PID=265864) to work on /home/ubuntu/airflow/airflow_env/lib/python3.8/site-packages/airflow/example_dags/example_xcom.py
[2022-10-18 00:12:46,271] {processor.py:641} INFO - Processing file /home/ubuntu/airflow/airflow_env/lib/python3.8/site-packages/airflow/example_dags/example_xcom.py for tasks to queue
[2022-10-18 00:12:46,272] {logging_mixin.py:115} INFO - [2022-10-18 00:12:46,272] {dagbag.py:507} INFO - Filling up the DagBag from /home/ubuntu/airflow/airflow_env/lib/python3.8/site-packages/airflow/example_dags/example_xcom.py
[2022-10-18 00:12:46,300] {processor.py:651} INFO - DAG(s) dict_keys(['example_xcom']) retrieved from /home/ubuntu/airflow/airflow_env/lib/python3.8/site-packages/airflow/example_dags/example_xcom.py
[2022-10-18 00:12:46,348] {logging_mixin.py:115} INFO - [2022-10-18 00:12:46,348] {dag.py:2379} INFO - Sync 1 DAGs
[2022-10-18 00:12:46,364] {logging_mixin.py:115} INFO - [2022-10-18 00:12:46,363] {dag.py:2927} INFO - Setting next_dagrun for example_xcom to 2021-01-01T00:00:00+00:00, run_after=2021-01-01T00:00:00+00:00
[2022-10-18 00:12:46,377] {processor.py:161} INFO - Processing /home/ubuntu/airflow/airflow_env/lib/python3.8/site-packages/airflow/example_dags/example_xcom.py took 0.112 seconds
[2022-10-18 00:13:21,398] {processor.py:153} INFO - Started process (PID=265933) to work on /home/ubuntu/airflow/airflow_env/lib/python3.8/site-packages/airflow/example_dags/example_xcom.py
[2022-10-18 00:13:21,399] {processor.py:641} INFO - Processing file /home/ubuntu/airflow/airflow_env/lib/python3.8/site-packages/airflow/example_dags/example_xcom.py for tasks to queue
[2022-10-18 00:13:21,400] {logging_mixin.py:115} INFO - [2022-10-18 00:13:21,400] {dagbag.py:507} INFO - Filling up the DagBag from /home/ubuntu/airflow/airflow_env/lib/python3.8/site-packages/airflow/example_dags/example_xcom.py
[2022-10-18 00:13:21,470] {processor.py:651} INFO - DAG(s) dict_keys(['example_xcom']) retrieved from /home/ubuntu/airflow/airflow_env/lib/python3.8/site-packages/airflow/example_dags/example_xcom.py
[2022-10-18 00:13:21,873] {logging_mixin.py:115} INFO - [2022-10-18 00:13:21,872] {dag.py:2379} INFO - Sync 1 DAGs
[2022-10-18 00:13:21,920] {logging_mixin.py:115} INFO - [2022-10-18 00:13:21,920] {dag.py:2927} INFO - Setting next_dagrun for example_xcom to 2021-01-01T00:00:00+00:00, run_after=2021-01-01T00:00:00+00:00
[2022-10-18 00:13:21,953] {processor.py:161} INFO - Processing /home/ubuntu/airflow/airflow_env/lib/python3.8/site-packages/airflow/example_dags/example_xcom.py took 0.560 seconds
[2022-10-18 00:13:57,738] {processor.py:153} INFO - Started process (PID=265985) to work on /home/ubuntu/airflow/airflow_env/lib/python3.8/site-packages/airflow/example_dags/example_xcom.py
[2022-10-18 00:13:57,739] {processor.py:641} INFO - Processing file /home/ubuntu/airflow/airflow_env/lib/python3.8/site-packages/airflow/example_dags/example_xcom.py for tasks to queue
[2022-10-18 00:13:57,740] {logging_mixin.py:115} INFO - [2022-10-18 00:13:57,740] {dagbag.py:507} INFO - Filling up the DagBag from /home/ubuntu/airflow/airflow_env/lib/python3.8/site-packages/airflow/example_dags/example_xcom.py
[2022-10-18 00:13:57,777] {processor.py:651} INFO - DAG(s) dict_keys(['example_xcom']) retrieved from /home/ubuntu/airflow/airflow_env/lib/python3.8/site-packages/airflow/example_dags/example_xcom.py
[2022-10-18 00:13:57,808] {logging_mixin.py:115} INFO - [2022-10-18 00:13:57,808] {dag.py:2379} INFO - Sync 1 DAGs
[2022-10-18 00:13:57,835] {logging_mixin.py:115} INFO - [2022-10-18 00:13:57,835] {dag.py:2927} INFO - Setting next_dagrun for example_xcom to 2021-01-01T00:00:00+00:00, run_after=2021-01-01T00:00:00+00:00
[2022-10-18 00:13:57,860] {processor.py:161} INFO - Processing /home/ubuntu/airflow/airflow_env/lib/python3.8/site-packages/airflow/example_dags/example_xcom.py took 0.128 seconds
[2022-10-18 00:14:33,762] {processor.py:153} INFO - Started process (PID=266052) to work on /home/ubuntu/airflow/airflow_env/lib/python3.8/site-packages/airflow/example_dags/example_xcom.py
[2022-10-18 00:14:33,762] {processor.py:641} INFO - Processing file /home/ubuntu/airflow/airflow_env/lib/python3.8/site-packages/airflow/example_dags/example_xcom.py for tasks to queue
[2022-10-18 00:14:33,763] {logging_mixin.py:115} INFO - [2022-10-18 00:14:33,763] {dagbag.py:507} INFO - Filling up the DagBag from /home/ubuntu/airflow/airflow_env/lib/python3.8/site-packages/airflow/example_dags/example_xcom.py
[2022-10-18 00:14:33,782] {processor.py:651} INFO - DAG(s) dict_keys(['example_xcom']) retrieved from /home/ubuntu/airflow/airflow_env/lib/python3.8/site-packages/airflow/example_dags/example_xcom.py
[2022-10-18 00:14:33,832] {logging_mixin.py:115} INFO - [2022-10-18 00:14:33,832] {dag.py:2379} INFO - Sync 1 DAGs
[2022-10-18 00:14:33,845] {logging_mixin.py:115} INFO - [2022-10-18 00:14:33,845] {dag.py:2927} INFO - Setting next_dagrun for example_xcom to 2021-01-01T00:00:00+00:00, run_after=2021-01-01T00:00:00+00:00
[2022-10-18 00:14:33,860] {processor.py:161} INFO - Processing /home/ubuntu/airflow/airflow_env/lib/python3.8/site-packages/airflow/example_dags/example_xcom.py took 0.102 seconds
[2022-10-18 00:15:07,905] {processor.py:153} INFO - Started process (PID=266141) to work on /home/ubuntu/airflow/airflow_env/lib/python3.8/site-packages/airflow/example_dags/example_xcom.py
[2022-10-18 00:15:07,906] {processor.py:641} INFO - Processing file /home/ubuntu/airflow/airflow_env/lib/python3.8/site-packages/airflow/example_dags/example_xcom.py for tasks to queue
[2022-10-18 00:15:07,906] {logging_mixin.py:115} INFO - [2022-10-18 00:15:07,906] {dagbag.py:507} INFO - Filling up the DagBag from /home/ubuntu/airflow/airflow_env/lib/python3.8/site-packages/airflow/example_dags/example_xcom.py
[2022-10-18 00:15:07,932] {processor.py:651} INFO - DAG(s) dict_keys(['example_xcom']) retrieved from /home/ubuntu/airflow/airflow_env/lib/python3.8/site-packages/airflow/example_dags/example_xcom.py
[2022-10-18 00:15:07,956] {logging_mixin.py:115} INFO - [2022-10-18 00:15:07,955] {dag.py:2379} INFO - Sync 1 DAGs
[2022-10-18 00:15:07,978] {logging_mixin.py:115} INFO - [2022-10-18 00:15:07,978] {dag.py:2927} INFO - Setting next_dagrun for example_xcom to 2021-01-01T00:00:00+00:00, run_after=2021-01-01T00:00:00+00:00
[2022-10-18 00:15:07,996] {processor.py:161} INFO - Processing /home/ubuntu/airflow/airflow_env/lib/python3.8/site-packages/airflow/example_dags/example_xcom.py took 0.096 seconds
[2022-10-18 00:15:42,265] {processor.py:153} INFO - Started process (PID=266181) to work on /home/ubuntu/airflow/airflow_env/lib/python3.8/site-packages/airflow/example_dags/example_xcom.py
[2022-10-18 00:15:42,266] {processor.py:641} INFO - Processing file /home/ubuntu/airflow/airflow_env/lib/python3.8/site-packages/airflow/example_dags/example_xcom.py for tasks to queue
[2022-10-18 00:15:42,267] {logging_mixin.py:115} INFO - [2022-10-18 00:15:42,267] {dagbag.py:507} INFO - Filling up the DagBag from /home/ubuntu/airflow/airflow_env/lib/python3.8/site-packages/airflow/example_dags/example_xcom.py
[2022-10-18 00:15:42,290] {processor.py:651} INFO - DAG(s) dict_keys(['example_xcom']) retrieved from /home/ubuntu/airflow/airflow_env/lib/python3.8/site-packages/airflow/example_dags/example_xcom.py
[2022-10-18 00:15:42,339] {logging_mixin.py:115} INFO - [2022-10-18 00:15:42,338] {dag.py:2379} INFO - Sync 1 DAGs
[2022-10-18 00:15:42,350] {logging_mixin.py:115} INFO - [2022-10-18 00:15:42,350] {dag.py:2927} INFO - Setting next_dagrun for example_xcom to 2021-01-01T00:00:00+00:00, run_after=2021-01-01T00:00:00+00:00
[2022-10-18 00:15:42,362] {processor.py:161} INFO - Processing /home/ubuntu/airflow/airflow_env/lib/python3.8/site-packages/airflow/example_dags/example_xcom.py took 0.101 seconds
[2022-10-18 00:16:18,022] {processor.py:153} INFO - Started process (PID=266218) to work on /home/ubuntu/airflow/airflow_env/lib/python3.8/site-packages/airflow/example_dags/example_xcom.py
[2022-10-18 00:16:18,022] {processor.py:641} INFO - Processing file /home/ubuntu/airflow/airflow_env/lib/python3.8/site-packages/airflow/example_dags/example_xcom.py for tasks to queue
[2022-10-18 00:16:18,024] {logging_mixin.py:115} INFO - [2022-10-18 00:16:18,024] {dagbag.py:507} INFO - Filling up the DagBag from /home/ubuntu/airflow/airflow_env/lib/python3.8/site-packages/airflow/example_dags/example_xcom.py
[2022-10-18 00:16:18,053] {processor.py:651} INFO - DAG(s) dict_keys(['example_xcom']) retrieved from /home/ubuntu/airflow/airflow_env/lib/python3.8/site-packages/airflow/example_dags/example_xcom.py
[2022-10-18 00:16:18,072] {logging_mixin.py:115} INFO - [2022-10-18 00:16:18,072] {dag.py:2379} INFO - Sync 1 DAGs
[2022-10-18 00:16:18,091] {logging_mixin.py:115} INFO - [2022-10-18 00:16:18,091] {dag.py:2927} INFO - Setting next_dagrun for example_xcom to 2021-01-01T00:00:00+00:00, run_after=2021-01-01T00:00:00+00:00
[2022-10-18 00:16:18,106] {processor.py:161} INFO - Processing /home/ubuntu/airflow/airflow_env/lib/python3.8/site-packages/airflow/example_dags/example_xcom.py took 0.088 seconds
[2022-10-18 00:16:52,043] {processor.py:153} INFO - Started process (PID=266263) to work on /home/ubuntu/airflow/airflow_env/lib/python3.8/site-packages/airflow/example_dags/example_xcom.py
[2022-10-18 00:16:52,044] {processor.py:641} INFO - Processing file /home/ubuntu/airflow/airflow_env/lib/python3.8/site-packages/airflow/example_dags/example_xcom.py for tasks to queue
[2022-10-18 00:16:52,046] {logging_mixin.py:115} INFO - [2022-10-18 00:16:52,045] {dagbag.py:507} INFO - Filling up the DagBag from /home/ubuntu/airflow/airflow_env/lib/python3.8/site-packages/airflow/example_dags/example_xcom.py
[2022-10-18 00:16:52,079] {processor.py:651} INFO - DAG(s) dict_keys(['example_xcom']) retrieved from /home/ubuntu/airflow/airflow_env/lib/python3.8/site-packages/airflow/example_dags/example_xcom.py
[2022-10-18 00:16:52,145] {logging_mixin.py:115} INFO - [2022-10-18 00:16:52,144] {dag.py:2379} INFO - Sync 1 DAGs
[2022-10-18 00:16:52,165] {logging_mixin.py:115} INFO - [2022-10-18 00:16:52,165] {dag.py:2927} INFO - Setting next_dagrun for example_xcom to 2021-01-01T00:00:00+00:00, run_after=2021-01-01T00:00:00+00:00
[2022-10-18 00:16:52,186] {processor.py:161} INFO - Processing /home/ubuntu/airflow/airflow_env/lib/python3.8/site-packages/airflow/example_dags/example_xcom.py took 0.148 seconds
[2022-10-18 00:17:28,038] {processor.py:153} INFO - Started process (PID=266324) to work on /home/ubuntu/airflow/airflow_env/lib/python3.8/site-packages/airflow/example_dags/example_xcom.py
[2022-10-18 00:17:28,039] {processor.py:641} INFO - Processing file /home/ubuntu/airflow/airflow_env/lib/python3.8/site-packages/airflow/example_dags/example_xcom.py for tasks to queue
[2022-10-18 00:17:28,040] {logging_mixin.py:115} INFO - [2022-10-18 00:17:28,040] {dagbag.py:507} INFO - Filling up the DagBag from /home/ubuntu/airflow/airflow_env/lib/python3.8/site-packages/airflow/example_dags/example_xcom.py
[2022-10-18 00:17:28,065] {processor.py:651} INFO - DAG(s) dict_keys(['example_xcom']) retrieved from /home/ubuntu/airflow/airflow_env/lib/python3.8/site-packages/airflow/example_dags/example_xcom.py
[2022-10-18 00:17:28,086] {logging_mixin.py:115} INFO - [2022-10-18 00:17:28,086] {dag.py:2379} INFO - Sync 1 DAGs
[2022-10-18 00:17:28,104] {logging_mixin.py:115} INFO - [2022-10-18 00:17:28,104] {dag.py:2927} INFO - Setting next_dagrun for example_xcom to 2021-01-01T00:00:00+00:00, run_after=2021-01-01T00:00:00+00:00
[2022-10-18 00:17:28,118] {processor.py:161} INFO - Processing /home/ubuntu/airflow/airflow_env/lib/python3.8/site-packages/airflow/example_dags/example_xcom.py took 0.086 seconds
[2022-10-18 00:18:01,896] {processor.py:153} INFO - Started process (PID=266364) to work on /home/ubuntu/airflow/airflow_env/lib/python3.8/site-packages/airflow/example_dags/example_xcom.py
[2022-10-18 00:18:01,897] {processor.py:641} INFO - Processing file /home/ubuntu/airflow/airflow_env/lib/python3.8/site-packages/airflow/example_dags/example_xcom.py for tasks to queue
[2022-10-18 00:18:01,898] {logging_mixin.py:115} INFO - [2022-10-18 00:18:01,898] {dagbag.py:507} INFO - Filling up the DagBag from /home/ubuntu/airflow/airflow_env/lib/python3.8/site-packages/airflow/example_dags/example_xcom.py
[2022-10-18 00:18:01,918] {processor.py:651} INFO - DAG(s) dict_keys(['example_xcom']) retrieved from /home/ubuntu/airflow/airflow_env/lib/python3.8/site-packages/airflow/example_dags/example_xcom.py
[2022-10-18 00:18:01,936] {logging_mixin.py:115} INFO - [2022-10-18 00:18:01,936] {dag.py:2379} INFO - Sync 1 DAGs
[2022-10-18 00:18:01,952] {logging_mixin.py:115} INFO - [2022-10-18 00:18:01,951] {dag.py:2927} INFO - Setting next_dagrun for example_xcom to 2021-01-01T00:00:00+00:00, run_after=2021-01-01T00:00:00+00:00
[2022-10-18 00:18:01,966] {processor.py:161} INFO - Processing /home/ubuntu/airflow/airflow_env/lib/python3.8/site-packages/airflow/example_dags/example_xcom.py took 0.074 seconds
[2022-10-18 11:02:56,342] {processor.py:153} INFO - Started process (PID=267029) to work on /home/ubuntu/airflow/airflow_env/lib/python3.8/site-packages/airflow/example_dags/example_xcom.py
[2022-10-18 11:02:56,343] {processor.py:641} INFO - Processing file /home/ubuntu/airflow/airflow_env/lib/python3.8/site-packages/airflow/example_dags/example_xcom.py for tasks to queue
[2022-10-18 11:02:56,345] {logging_mixin.py:115} INFO - [2022-10-18 11:02:56,344] {dagbag.py:507} INFO - Filling up the DagBag from /home/ubuntu/airflow/airflow_env/lib/python3.8/site-packages/airflow/example_dags/example_xcom.py
[2022-10-18 11:02:56,405] {processor.py:651} INFO - DAG(s) dict_keys(['example_xcom']) retrieved from /home/ubuntu/airflow/airflow_env/lib/python3.8/site-packages/airflow/example_dags/example_xcom.py
[2022-10-18 11:02:56,475] {logging_mixin.py:115} INFO - [2022-10-18 11:02:56,475] {dag.py:2379} INFO - Sync 1 DAGs
[2022-10-18 11:02:56,506] {logging_mixin.py:115} INFO - [2022-10-18 11:02:56,506] {dag.py:2927} INFO - Setting next_dagrun for example_xcom to 2021-01-01T00:00:00+00:00, run_after=2021-01-01T00:00:00+00:00
[2022-10-18 11:02:56,554] {processor.py:161} INFO - Processing /home/ubuntu/airflow/airflow_env/lib/python3.8/site-packages/airflow/example_dags/example_xcom.py took 0.221 seconds
[2022-10-18 11:03:31,997] {processor.py:153} INFO - Started process (PID=267434) to work on /home/ubuntu/airflow/airflow_env/lib/python3.8/site-packages/airflow/example_dags/example_xcom.py
[2022-10-18 11:03:31,998] {processor.py:641} INFO - Processing file /home/ubuntu/airflow/airflow_env/lib/python3.8/site-packages/airflow/example_dags/example_xcom.py for tasks to queue
[2022-10-18 11:03:31,999] {logging_mixin.py:115} INFO - [2022-10-18 11:03:31,999] {dagbag.py:507} INFO - Filling up the DagBag from /home/ubuntu/airflow/airflow_env/lib/python3.8/site-packages/airflow/example_dags/example_xcom.py
[2022-10-18 11:03:32,020] {processor.py:651} INFO - DAG(s) dict_keys(['example_xcom']) retrieved from /home/ubuntu/airflow/airflow_env/lib/python3.8/site-packages/airflow/example_dags/example_xcom.py
[2022-10-18 11:03:32,083] {logging_mixin.py:115} INFO - [2022-10-18 11:03:32,083] {dag.py:2379} INFO - Sync 1 DAGs
[2022-10-18 11:03:32,094] {logging_mixin.py:115} INFO - [2022-10-18 11:03:32,094] {dag.py:2927} INFO - Setting next_dagrun for example_xcom to 2021-01-01T00:00:00+00:00, run_after=2021-01-01T00:00:00+00:00
[2022-10-18 11:03:32,106] {processor.py:161} INFO - Processing /home/ubuntu/airflow/airflow_env/lib/python3.8/site-packages/airflow/example_dags/example_xcom.py took 0.113 seconds
[2022-10-18 11:04:08,338] {processor.py:153} INFO - Started process (PID=267472) to work on /home/ubuntu/airflow/airflow_env/lib/python3.8/site-packages/airflow/example_dags/example_xcom.py
[2022-10-18 11:04:08,339] {processor.py:641} INFO - Processing file /home/ubuntu/airflow/airflow_env/lib/python3.8/site-packages/airflow/example_dags/example_xcom.py for tasks to queue
[2022-10-18 11:04:08,340] {logging_mixin.py:115} INFO - [2022-10-18 11:04:08,340] {dagbag.py:507} INFO - Filling up the DagBag from /home/ubuntu/airflow/airflow_env/lib/python3.8/site-packages/airflow/example_dags/example_xcom.py
[2022-10-18 11:04:08,363] {processor.py:651} INFO - DAG(s) dict_keys(['example_xcom']) retrieved from /home/ubuntu/airflow/airflow_env/lib/python3.8/site-packages/airflow/example_dags/example_xcom.py
[2022-10-18 11:04:08,419] {logging_mixin.py:115} INFO - [2022-10-18 11:04:08,418] {dag.py:2379} INFO - Sync 1 DAGs
[2022-10-18 11:04:08,434] {logging_mixin.py:115} INFO - [2022-10-18 11:04:08,434] {dag.py:2927} INFO - Setting next_dagrun for example_xcom to 2021-01-01T00:00:00+00:00, run_after=2021-01-01T00:00:00+00:00
[2022-10-18 11:04:08,449] {processor.py:161} INFO - Processing /home/ubuntu/airflow/airflow_env/lib/python3.8/site-packages/airflow/example_dags/example_xcom.py took 0.115 seconds
[2022-10-18 11:04:43,214] {processor.py:153} INFO - Started process (PID=267510) to work on /home/ubuntu/airflow/airflow_env/lib/python3.8/site-packages/airflow/example_dags/example_xcom.py
[2022-10-18 11:04:43,215] {processor.py:641} INFO - Processing file /home/ubuntu/airflow/airflow_env/lib/python3.8/site-packages/airflow/example_dags/example_xcom.py for tasks to queue
[2022-10-18 11:04:43,215] {logging_mixin.py:115} INFO - [2022-10-18 11:04:43,215] {dagbag.py:507} INFO - Filling up the DagBag from /home/ubuntu/airflow/airflow_env/lib/python3.8/site-packages/airflow/example_dags/example_xcom.py
[2022-10-18 11:04:43,233] {processor.py:651} INFO - DAG(s) dict_keys(['example_xcom']) retrieved from /home/ubuntu/airflow/airflow_env/lib/python3.8/site-packages/airflow/example_dags/example_xcom.py
[2022-10-18 11:04:43,249] {logging_mixin.py:115} INFO - [2022-10-18 11:04:43,249] {dag.py:2379} INFO - Sync 1 DAGs
[2022-10-18 11:04:43,264] {logging_mixin.py:115} INFO - [2022-10-18 11:04:43,264] {dag.py:2927} INFO - Setting next_dagrun for example_xcom to 2021-01-01T00:00:00+00:00, run_after=2021-01-01T00:00:00+00:00
[2022-10-18 11:04:43,275] {processor.py:161} INFO - Processing /home/ubuntu/airflow/airflow_env/lib/python3.8/site-packages/airflow/example_dags/example_xcom.py took 0.064 seconds
[2022-10-18 11:05:16,823] {processor.py:153} INFO - Started process (PID=267729) to work on /home/ubuntu/airflow/airflow_env/lib/python3.8/site-packages/airflow/example_dags/example_xcom.py
[2022-10-18 11:05:16,823] {processor.py:641} INFO - Processing file /home/ubuntu/airflow/airflow_env/lib/python3.8/site-packages/airflow/example_dags/example_xcom.py for tasks to queue
[2022-10-18 11:05:16,824] {logging_mixin.py:115} INFO - [2022-10-18 11:05:16,824] {dagbag.py:507} INFO - Filling up the DagBag from /home/ubuntu/airflow/airflow_env/lib/python3.8/site-packages/airflow/example_dags/example_xcom.py
[2022-10-18 11:05:16,844] {processor.py:651} INFO - DAG(s) dict_keys(['example_xcom']) retrieved from /home/ubuntu/airflow/airflow_env/lib/python3.8/site-packages/airflow/example_dags/example_xcom.py
[2022-10-18 11:05:16,866] {logging_mixin.py:115} INFO - [2022-10-18 11:05:16,866] {dag.py:2379} INFO - Sync 1 DAGs
[2022-10-18 11:05:16,887] {logging_mixin.py:115} INFO - [2022-10-18 11:05:16,886] {dag.py:2927} INFO - Setting next_dagrun for example_xcom to 2021-01-01T00:00:00+00:00, run_after=2021-01-01T00:00:00+00:00
[2022-10-18 11:05:16,901] {processor.py:161} INFO - Processing /home/ubuntu/airflow/airflow_env/lib/python3.8/site-packages/airflow/example_dags/example_xcom.py took 0.082 seconds
[2022-10-18 11:05:49,950] {processor.py:153} INFO - Started process (PID=267869) to work on /home/ubuntu/airflow/airflow_env/lib/python3.8/site-packages/airflow/example_dags/example_xcom.py
[2022-10-18 11:05:49,951] {processor.py:641} INFO - Processing file /home/ubuntu/airflow/airflow_env/lib/python3.8/site-packages/airflow/example_dags/example_xcom.py for tasks to queue
[2022-10-18 11:05:49,952] {logging_mixin.py:115} INFO - [2022-10-18 11:05:49,952] {dagbag.py:507} INFO - Filling up the DagBag from /home/ubuntu/airflow/airflow_env/lib/python3.8/site-packages/airflow/example_dags/example_xcom.py
[2022-10-18 11:05:49,972] {processor.py:651} INFO - DAG(s) dict_keys(['example_xcom']) retrieved from /home/ubuntu/airflow/airflow_env/lib/python3.8/site-packages/airflow/example_dags/example_xcom.py
[2022-10-18 11:05:49,989] {logging_mixin.py:115} INFO - [2022-10-18 11:05:49,988] {dag.py:2379} INFO - Sync 1 DAGs
[2022-10-18 11:05:50,002] {logging_mixin.py:115} INFO - [2022-10-18 11:05:50,002] {dag.py:2927} INFO - Setting next_dagrun for example_xcom to 2021-01-01T00:00:00+00:00, run_after=2021-01-01T00:00:00+00:00
[2022-10-18 11:05:50,016] {processor.py:161} INFO - Processing /home/ubuntu/airflow/airflow_env/lib/python3.8/site-packages/airflow/example_dags/example_xcom.py took 0.069 seconds
[2022-10-18 11:06:26,644] {processor.py:153} INFO - Started process (PID=267918) to work on /home/ubuntu/airflow/airflow_env/lib/python3.8/site-packages/airflow/example_dags/example_xcom.py
[2022-10-18 11:06:26,645] {processor.py:641} INFO - Processing file /home/ubuntu/airflow/airflow_env/lib/python3.8/site-packages/airflow/example_dags/example_xcom.py for tasks to queue
[2022-10-18 11:06:26,646] {logging_mixin.py:115} INFO - [2022-10-18 11:06:26,646] {dagbag.py:507} INFO - Filling up the DagBag from /home/ubuntu/airflow/airflow_env/lib/python3.8/site-packages/airflow/example_dags/example_xcom.py
[2022-10-18 11:06:26,668] {processor.py:651} INFO - DAG(s) dict_keys(['example_xcom']) retrieved from /home/ubuntu/airflow/airflow_env/lib/python3.8/site-packages/airflow/example_dags/example_xcom.py
[2022-10-18 11:06:26,690] {logging_mixin.py:115} INFO - [2022-10-18 11:06:26,690] {dag.py:2379} INFO - Sync 1 DAGs
[2022-10-18 11:06:26,710] {logging_mixin.py:115} INFO - [2022-10-18 11:06:26,710] {dag.py:2927} INFO - Setting next_dagrun for example_xcom to 2021-01-01T00:00:00+00:00, run_after=2021-01-01T00:00:00+00:00
[2022-10-18 11:06:26,723] {processor.py:161} INFO - Processing /home/ubuntu/airflow/airflow_env/lib/python3.8/site-packages/airflow/example_dags/example_xcom.py took 0.084 seconds
[2022-10-18 11:07:00,568] {processor.py:153} INFO - Started process (PID=267954) to work on /home/ubuntu/airflow/airflow_env/lib/python3.8/site-packages/airflow/example_dags/example_xcom.py
[2022-10-18 11:07:00,569] {processor.py:641} INFO - Processing file /home/ubuntu/airflow/airflow_env/lib/python3.8/site-packages/airflow/example_dags/example_xcom.py for tasks to queue
[2022-10-18 11:07:00,570] {logging_mixin.py:115} INFO - [2022-10-18 11:07:00,569] {dagbag.py:507} INFO - Filling up the DagBag from /home/ubuntu/airflow/airflow_env/lib/python3.8/site-packages/airflow/example_dags/example_xcom.py
[2022-10-18 11:07:00,603] {processor.py:651} INFO - DAG(s) dict_keys(['example_xcom']) retrieved from /home/ubuntu/airflow/airflow_env/lib/python3.8/site-packages/airflow/example_dags/example_xcom.py
[2022-10-18 11:07:00,625] {logging_mixin.py:115} INFO - [2022-10-18 11:07:00,625] {dag.py:2379} INFO - Sync 1 DAGs
[2022-10-18 11:07:00,639] {logging_mixin.py:115} INFO - [2022-10-18 11:07:00,639] {dag.py:2927} INFO - Setting next_dagrun for example_xcom to 2021-01-01T00:00:00+00:00, run_after=2021-01-01T00:00:00+00:00
[2022-10-18 11:07:00,655] {processor.py:161} INFO - Processing /home/ubuntu/airflow/airflow_env/lib/python3.8/site-packages/airflow/example_dags/example_xcom.py took 0.092 seconds
[2022-10-18 11:07:35,329] {processor.py:153} INFO - Started process (PID=268031) to work on /home/ubuntu/airflow/airflow_env/lib/python3.8/site-packages/airflow/example_dags/example_xcom.py
[2022-10-18 11:07:35,330] {processor.py:641} INFO - Processing file /home/ubuntu/airflow/airflow_env/lib/python3.8/site-packages/airflow/example_dags/example_xcom.py for tasks to queue
[2022-10-18 11:07:35,330] {logging_mixin.py:115} INFO - [2022-10-18 11:07:35,330] {dagbag.py:507} INFO - Filling up the DagBag from /home/ubuntu/airflow/airflow_env/lib/python3.8/site-packages/airflow/example_dags/example_xcom.py
[2022-10-18 11:07:35,348] {processor.py:651} INFO - DAG(s) dict_keys(['example_xcom']) retrieved from /home/ubuntu/airflow/airflow_env/lib/python3.8/site-packages/airflow/example_dags/example_xcom.py
[2022-10-18 11:07:35,366] {logging_mixin.py:115} INFO - [2022-10-18 11:07:35,366] {dag.py:2379} INFO - Sync 1 DAGs
[2022-10-18 11:07:35,379] {logging_mixin.py:115} INFO - [2022-10-18 11:07:35,379] {dag.py:2927} INFO - Setting next_dagrun for example_xcom to 2021-01-01T00:00:00+00:00, run_after=2021-01-01T00:00:00+00:00
[2022-10-18 11:07:35,389] {processor.py:161} INFO - Processing /home/ubuntu/airflow/airflow_env/lib/python3.8/site-packages/airflow/example_dags/example_xcom.py took 0.064 seconds
[2022-10-18 11:08:07,799] {processor.py:153} INFO - Started process (PID=268065) to work on /home/ubuntu/airflow/airflow_env/lib/python3.8/site-packages/airflow/example_dags/example_xcom.py
[2022-10-18 11:08:07,800] {processor.py:641} INFO - Processing file /home/ubuntu/airflow/airflow_env/lib/python3.8/site-packages/airflow/example_dags/example_xcom.py for tasks to queue
[2022-10-18 11:08:07,801] {logging_mixin.py:115} INFO - [2022-10-18 11:08:07,801] {dagbag.py:507} INFO - Filling up the DagBag from /home/ubuntu/airflow/airflow_env/lib/python3.8/site-packages/airflow/example_dags/example_xcom.py
[2022-10-18 11:08:07,823] {processor.py:651} INFO - DAG(s) dict_keys(['example_xcom']) retrieved from /home/ubuntu/airflow/airflow_env/lib/python3.8/site-packages/airflow/example_dags/example_xcom.py
[2022-10-18 11:08:07,877] {logging_mixin.py:115} INFO - [2022-10-18 11:08:07,877] {dag.py:2379} INFO - Sync 1 DAGs
[2022-10-18 11:08:07,892] {logging_mixin.py:115} INFO - [2022-10-18 11:08:07,892] {dag.py:2927} INFO - Setting next_dagrun for example_xcom to 2021-01-01T00:00:00+00:00, run_after=2021-01-01T00:00:00+00:00
[2022-10-18 11:08:07,909] {processor.py:161} INFO - Processing /home/ubuntu/airflow/airflow_env/lib/python3.8/site-packages/airflow/example_dags/example_xcom.py took 0.116 seconds
[2022-10-18 11:08:41,845] {processor.py:153} INFO - Started process (PID=268101) to work on /home/ubuntu/airflow/airflow_env/lib/python3.8/site-packages/airflow/example_dags/example_xcom.py
[2022-10-18 11:08:41,845] {processor.py:641} INFO - Processing file /home/ubuntu/airflow/airflow_env/lib/python3.8/site-packages/airflow/example_dags/example_xcom.py for tasks to queue
[2022-10-18 11:08:41,846] {logging_mixin.py:115} INFO - [2022-10-18 11:08:41,846] {dagbag.py:507} INFO - Filling up the DagBag from /home/ubuntu/airflow/airflow_env/lib/python3.8/site-packages/airflow/example_dags/example_xcom.py
[2022-10-18 11:08:41,865] {processor.py:651} INFO - DAG(s) dict_keys(['example_xcom']) retrieved from /home/ubuntu/airflow/airflow_env/lib/python3.8/site-packages/airflow/example_dags/example_xcom.py
[2022-10-18 11:08:41,881] {logging_mixin.py:115} INFO - [2022-10-18 11:08:41,881] {dag.py:2379} INFO - Sync 1 DAGs
[2022-10-18 11:08:41,894] {logging_mixin.py:115} INFO - [2022-10-18 11:08:41,894] {dag.py:2927} INFO - Setting next_dagrun for example_xcom to 2021-01-01T00:00:00+00:00, run_after=2021-01-01T00:00:00+00:00
[2022-10-18 11:08:41,905] {processor.py:161} INFO - Processing /home/ubuntu/airflow/airflow_env/lib/python3.8/site-packages/airflow/example_dags/example_xcom.py took 0.064 seconds
[2022-10-18 11:09:14,922] {processor.py:153} INFO - Started process (PID=268139) to work on /home/ubuntu/airflow/airflow_env/lib/python3.8/site-packages/airflow/example_dags/example_xcom.py
[2022-10-18 11:09:14,923] {processor.py:641} INFO - Processing file /home/ubuntu/airflow/airflow_env/lib/python3.8/site-packages/airflow/example_dags/example_xcom.py for tasks to queue
[2022-10-18 11:09:14,923] {logging_mixin.py:115} INFO - [2022-10-18 11:09:14,923] {dagbag.py:507} INFO - Filling up the DagBag from /home/ubuntu/airflow/airflow_env/lib/python3.8/site-packages/airflow/example_dags/example_xcom.py
[2022-10-18 11:09:14,943] {processor.py:651} INFO - DAG(s) dict_keys(['example_xcom']) retrieved from /home/ubuntu/airflow/airflow_env/lib/python3.8/site-packages/airflow/example_dags/example_xcom.py
[2022-10-18 11:09:14,959] {logging_mixin.py:115} INFO - [2022-10-18 11:09:14,958] {dag.py:2379} INFO - Sync 1 DAGs
[2022-10-18 11:09:14,972] {logging_mixin.py:115} INFO - [2022-10-18 11:09:14,972] {dag.py:2927} INFO - Setting next_dagrun for example_xcom to 2021-01-01T00:00:00+00:00, run_after=2021-01-01T00:00:00+00:00
[2022-10-18 11:09:14,986] {processor.py:161} INFO - Processing /home/ubuntu/airflow/airflow_env/lib/python3.8/site-packages/airflow/example_dags/example_xcom.py took 0.068 seconds
[2022-10-18 11:09:49,492] {processor.py:153} INFO - Started process (PID=268175) to work on /home/ubuntu/airflow/airflow_env/lib/python3.8/site-packages/airflow/example_dags/example_xcom.py
[2022-10-18 11:09:49,493] {processor.py:641} INFO - Processing file /home/ubuntu/airflow/airflow_env/lib/python3.8/site-packages/airflow/example_dags/example_xcom.py for tasks to queue
[2022-10-18 11:09:49,494] {logging_mixin.py:115} INFO - [2022-10-18 11:09:49,494] {dagbag.py:507} INFO - Filling up the DagBag from /home/ubuntu/airflow/airflow_env/lib/python3.8/site-packages/airflow/example_dags/example_xcom.py
[2022-10-18 11:09:49,518] {processor.py:651} INFO - DAG(s) dict_keys(['example_xcom']) retrieved from /home/ubuntu/airflow/airflow_env/lib/python3.8/site-packages/airflow/example_dags/example_xcom.py
[2022-10-18 11:09:49,538] {logging_mixin.py:115} INFO - [2022-10-18 11:09:49,537] {dag.py:2379} INFO - Sync 1 DAGs
[2022-10-18 11:09:49,555] {logging_mixin.py:115} INFO - [2022-10-18 11:09:49,555] {dag.py:2927} INFO - Setting next_dagrun for example_xcom to 2021-01-01T00:00:00+00:00, run_after=2021-01-01T00:00:00+00:00
[2022-10-18 11:09:49,571] {processor.py:161} INFO - Processing /home/ubuntu/airflow/airflow_env/lib/python3.8/site-packages/airflow/example_dags/example_xcom.py took 0.084 seconds
[2022-10-18 11:10:21,778] {processor.py:153} INFO - Started process (PID=268211) to work on /home/ubuntu/airflow/airflow_env/lib/python3.8/site-packages/airflow/example_dags/example_xcom.py
[2022-10-18 11:10:21,779] {processor.py:641} INFO - Processing file /home/ubuntu/airflow/airflow_env/lib/python3.8/site-packages/airflow/example_dags/example_xcom.py for tasks to queue
[2022-10-18 11:10:21,780] {logging_mixin.py:115} INFO - [2022-10-18 11:10:21,780] {dagbag.py:507} INFO - Filling up the DagBag from /home/ubuntu/airflow/airflow_env/lib/python3.8/site-packages/airflow/example_dags/example_xcom.py
[2022-10-18 11:10:21,798] {processor.py:651} INFO - DAG(s) dict_keys(['example_xcom']) retrieved from /home/ubuntu/airflow/airflow_env/lib/python3.8/site-packages/airflow/example_dags/example_xcom.py
[2022-10-18 11:10:21,814] {logging_mixin.py:115} INFO - [2022-10-18 11:10:21,814] {dag.py:2379} INFO - Sync 1 DAGs
[2022-10-18 11:10:21,828] {logging_mixin.py:115} INFO - [2022-10-18 11:10:21,828] {dag.py:2927} INFO - Setting next_dagrun for example_xcom to 2021-01-01T00:00:00+00:00, run_after=2021-01-01T00:00:00+00:00
[2022-10-18 11:10:21,840] {processor.py:161} INFO - Processing /home/ubuntu/airflow/airflow_env/lib/python3.8/site-packages/airflow/example_dags/example_xcom.py took 0.065 seconds
[2022-10-18 11:10:56,588] {processor.py:153} INFO - Started process (PID=268249) to work on /home/ubuntu/airflow/airflow_env/lib/python3.8/site-packages/airflow/example_dags/example_xcom.py
[2022-10-18 11:10:56,589] {processor.py:641} INFO - Processing file /home/ubuntu/airflow/airflow_env/lib/python3.8/site-packages/airflow/example_dags/example_xcom.py for tasks to queue
[2022-10-18 11:10:56,589] {logging_mixin.py:115} INFO - [2022-10-18 11:10:56,589] {dagbag.py:507} INFO - Filling up the DagBag from /home/ubuntu/airflow/airflow_env/lib/python3.8/site-packages/airflow/example_dags/example_xcom.py
[2022-10-18 11:10:56,609] {processor.py:651} INFO - DAG(s) dict_keys(['example_xcom']) retrieved from /home/ubuntu/airflow/airflow_env/lib/python3.8/site-packages/airflow/example_dags/example_xcom.py
[2022-10-18 11:10:56,629] {logging_mixin.py:115} INFO - [2022-10-18 11:10:56,629] {dag.py:2379} INFO - Sync 1 DAGs
[2022-10-18 11:10:56,642] {logging_mixin.py:115} INFO - [2022-10-18 11:10:56,642] {dag.py:2927} INFO - Setting next_dagrun for example_xcom to 2021-01-01T00:00:00+00:00, run_after=2021-01-01T00:00:00+00:00
[2022-10-18 11:10:56,655] {processor.py:161} INFO - Processing /home/ubuntu/airflow/airflow_env/lib/python3.8/site-packages/airflow/example_dags/example_xcom.py took 0.072 seconds
[2022-10-18 11:11:31,854] {processor.py:153} INFO - Started process (PID=268297) to work on /home/ubuntu/airflow/airflow_env/lib/python3.8/site-packages/airflow/example_dags/example_xcom.py
[2022-10-18 11:11:31,855] {processor.py:641} INFO - Processing file /home/ubuntu/airflow/airflow_env/lib/python3.8/site-packages/airflow/example_dags/example_xcom.py for tasks to queue
[2022-10-18 11:11:31,856] {logging_mixin.py:115} INFO - [2022-10-18 11:11:31,856] {dagbag.py:507} INFO - Filling up the DagBag from /home/ubuntu/airflow/airflow_env/lib/python3.8/site-packages/airflow/example_dags/example_xcom.py
[2022-10-18 11:11:31,874] {processor.py:651} INFO - DAG(s) dict_keys(['example_xcom']) retrieved from /home/ubuntu/airflow/airflow_env/lib/python3.8/site-packages/airflow/example_dags/example_xcom.py
[2022-10-18 11:11:31,889] {logging_mixin.py:115} INFO - [2022-10-18 11:11:31,889] {dag.py:2379} INFO - Sync 1 DAGs
[2022-10-18 11:11:31,903] {logging_mixin.py:115} INFO - [2022-10-18 11:11:31,903] {dag.py:2927} INFO - Setting next_dagrun for example_xcom to 2021-01-01T00:00:00+00:00, run_after=2021-01-01T00:00:00+00:00
[2022-10-18 11:11:31,914] {processor.py:161} INFO - Processing /home/ubuntu/airflow/airflow_env/lib/python3.8/site-packages/airflow/example_dags/example_xcom.py took 0.063 seconds
[2022-10-18 11:12:05,273] {processor.py:153} INFO - Started process (PID=268333) to work on /home/ubuntu/airflow/airflow_env/lib/python3.8/site-packages/airflow/example_dags/example_xcom.py
[2022-10-18 11:12:05,274] {processor.py:641} INFO - Processing file /home/ubuntu/airflow/airflow_env/lib/python3.8/site-packages/airflow/example_dags/example_xcom.py for tasks to queue
[2022-10-18 11:12:05,275] {logging_mixin.py:115} INFO - [2022-10-18 11:12:05,275] {dagbag.py:507} INFO - Filling up the DagBag from /home/ubuntu/airflow/airflow_env/lib/python3.8/site-packages/airflow/example_dags/example_xcom.py
[2022-10-18 11:12:05,293] {processor.py:651} INFO - DAG(s) dict_keys(['example_xcom']) retrieved from /home/ubuntu/airflow/airflow_env/lib/python3.8/site-packages/airflow/example_dags/example_xcom.py
[2022-10-18 11:12:05,309] {logging_mixin.py:115} INFO - [2022-10-18 11:12:05,309] {dag.py:2379} INFO - Sync 1 DAGs
[2022-10-18 11:12:05,324] {logging_mixin.py:115} INFO - [2022-10-18 11:12:05,324] {dag.py:2927} INFO - Setting next_dagrun for example_xcom to 2021-01-01T00:00:00+00:00, run_after=2021-01-01T00:00:00+00:00
[2022-10-18 11:12:05,336] {processor.py:161} INFO - Processing /home/ubuntu/airflow/airflow_env/lib/python3.8/site-packages/airflow/example_dags/example_xcom.py took 0.066 seconds
[2022-10-18 11:12:39,154] {processor.py:153} INFO - Started process (PID=268397) to work on /home/ubuntu/airflow/airflow_env/lib/python3.8/site-packages/airflow/example_dags/example_xcom.py
[2022-10-18 11:12:39,155] {processor.py:641} INFO - Processing file /home/ubuntu/airflow/airflow_env/lib/python3.8/site-packages/airflow/example_dags/example_xcom.py for tasks to queue
[2022-10-18 11:12:39,155] {logging_mixin.py:115} INFO - [2022-10-18 11:12:39,155] {dagbag.py:507} INFO - Filling up the DagBag from /home/ubuntu/airflow/airflow_env/lib/python3.8/site-packages/airflow/example_dags/example_xcom.py
[2022-10-18 11:12:39,174] {processor.py:651} INFO - DAG(s) dict_keys(['example_xcom']) retrieved from /home/ubuntu/airflow/airflow_env/lib/python3.8/site-packages/airflow/example_dags/example_xcom.py
[2022-10-18 11:12:39,215] {logging_mixin.py:115} INFO - [2022-10-18 11:12:39,215] {dag.py:2379} INFO - Sync 1 DAGs
[2022-10-18 11:12:39,227] {logging_mixin.py:115} INFO - [2022-10-18 11:12:39,227] {dag.py:2927} INFO - Setting next_dagrun for example_xcom to 2021-01-01T00:00:00+00:00, run_after=2021-01-01T00:00:00+00:00
[2022-10-18 11:12:39,239] {processor.py:161} INFO - Processing /home/ubuntu/airflow/airflow_env/lib/python3.8/site-packages/airflow/example_dags/example_xcom.py took 0.089 seconds
[2022-10-18 11:13:14,342] {processor.py:153} INFO - Started process (PID=268437) to work on /home/ubuntu/airflow/airflow_env/lib/python3.8/site-packages/airflow/example_dags/example_xcom.py
[2022-10-18 11:13:14,343] {processor.py:641} INFO - Processing file /home/ubuntu/airflow/airflow_env/lib/python3.8/site-packages/airflow/example_dags/example_xcom.py for tasks to queue
[2022-10-18 11:13:14,343] {logging_mixin.py:115} INFO - [2022-10-18 11:13:14,343] {dagbag.py:507} INFO - Filling up the DagBag from /home/ubuntu/airflow/airflow_env/lib/python3.8/site-packages/airflow/example_dags/example_xcom.py
[2022-10-18 11:13:14,363] {processor.py:651} INFO - DAG(s) dict_keys(['example_xcom']) retrieved from /home/ubuntu/airflow/airflow_env/lib/python3.8/site-packages/airflow/example_dags/example_xcom.py
[2022-10-18 11:13:14,403] {logging_mixin.py:115} INFO - [2022-10-18 11:13:14,403] {dag.py:2379} INFO - Sync 1 DAGs
[2022-10-18 11:13:14,415] {logging_mixin.py:115} INFO - [2022-10-18 11:13:14,415] {dag.py:2927} INFO - Setting next_dagrun for example_xcom to 2021-01-01T00:00:00+00:00, run_after=2021-01-01T00:00:00+00:00
[2022-10-18 11:13:14,428] {processor.py:161} INFO - Processing /home/ubuntu/airflow/airflow_env/lib/python3.8/site-packages/airflow/example_dags/example_xcom.py took 0.090 seconds
[2022-10-18 11:13:52,397] {processor.py:153} INFO - Started process (PID=268474) to work on /home/ubuntu/airflow/airflow_env/lib/python3.8/site-packages/airflow/example_dags/example_xcom.py
[2022-10-18 11:13:52,398] {processor.py:641} INFO - Processing file /home/ubuntu/airflow/airflow_env/lib/python3.8/site-packages/airflow/example_dags/example_xcom.py for tasks to queue
[2022-10-18 11:13:52,399] {logging_mixin.py:115} INFO - [2022-10-18 11:13:52,399] {dagbag.py:507} INFO - Filling up the DagBag from /home/ubuntu/airflow/airflow_env/lib/python3.8/site-packages/airflow/example_dags/example_xcom.py
[2022-10-18 11:13:52,434] {processor.py:651} INFO - DAG(s) dict_keys(['example_xcom']) retrieved from /home/ubuntu/airflow/airflow_env/lib/python3.8/site-packages/airflow/example_dags/example_xcom.py
[2022-10-18 11:13:52,526] {logging_mixin.py:115} INFO - [2022-10-18 11:13:52,526] {dag.py:2379} INFO - Sync 1 DAGs
[2022-10-18 11:13:52,550] {logging_mixin.py:115} INFO - [2022-10-18 11:13:52,550] {dag.py:2927} INFO - Setting next_dagrun for example_xcom to 2021-01-01T00:00:00+00:00, run_after=2021-01-01T00:00:00+00:00
[2022-10-18 11:13:52,569] {processor.py:161} INFO - Processing /home/ubuntu/airflow/airflow_env/lib/python3.8/site-packages/airflow/example_dags/example_xcom.py took 0.178 seconds
[2022-10-18 11:14:24,486] {processor.py:153} INFO - Started process (PID=268512) to work on /home/ubuntu/airflow/airflow_env/lib/python3.8/site-packages/airflow/example_dags/example_xcom.py
[2022-10-18 11:14:24,486] {processor.py:641} INFO - Processing file /home/ubuntu/airflow/airflow_env/lib/python3.8/site-packages/airflow/example_dags/example_xcom.py for tasks to queue
[2022-10-18 11:14:24,487] {logging_mixin.py:115} INFO - [2022-10-18 11:14:24,487] {dagbag.py:507} INFO - Filling up the DagBag from /home/ubuntu/airflow/airflow_env/lib/python3.8/site-packages/airflow/example_dags/example_xcom.py
[2022-10-18 11:14:24,505] {processor.py:651} INFO - DAG(s) dict_keys(['example_xcom']) retrieved from /home/ubuntu/airflow/airflow_env/lib/python3.8/site-packages/airflow/example_dags/example_xcom.py
[2022-10-18 11:14:24,522] {logging_mixin.py:115} INFO - [2022-10-18 11:14:24,522] {dag.py:2379} INFO - Sync 1 DAGs
[2022-10-18 11:14:24,535] {logging_mixin.py:115} INFO - [2022-10-18 11:14:24,535] {dag.py:2927} INFO - Setting next_dagrun for example_xcom to 2021-01-01T00:00:00+00:00, run_after=2021-01-01T00:00:00+00:00
[2022-10-18 11:14:24,547] {processor.py:161} INFO - Processing /home/ubuntu/airflow/airflow_env/lib/python3.8/site-packages/airflow/example_dags/example_xcom.py took 0.065 seconds
[2022-10-18 11:14:59,932] {processor.py:153} INFO - Started process (PID=268550) to work on /home/ubuntu/airflow/airflow_env/lib/python3.8/site-packages/airflow/example_dags/example_xcom.py
[2022-10-18 11:14:59,933] {processor.py:641} INFO - Processing file /home/ubuntu/airflow/airflow_env/lib/python3.8/site-packages/airflow/example_dags/example_xcom.py for tasks to queue
[2022-10-18 11:14:59,935] {logging_mixin.py:115} INFO - [2022-10-18 11:14:59,935] {dagbag.py:507} INFO - Filling up the DagBag from /home/ubuntu/airflow/airflow_env/lib/python3.8/site-packages/airflow/example_dags/example_xcom.py
[2022-10-18 11:14:59,976] {processor.py:651} INFO - DAG(s) dict_keys(['example_xcom']) retrieved from /home/ubuntu/airflow/airflow_env/lib/python3.8/site-packages/airflow/example_dags/example_xcom.py
[2022-10-18 11:15:00,006] {logging_mixin.py:115} INFO - [2022-10-18 11:15:00,006] {dag.py:2379} INFO - Sync 1 DAGs
[2022-10-18 11:15:00,031] {logging_mixin.py:115} INFO - [2022-10-18 11:15:00,031] {dag.py:2927} INFO - Setting next_dagrun for example_xcom to 2021-01-01T00:00:00+00:00, run_after=2021-01-01T00:00:00+00:00
[2022-10-18 11:15:00,051] {processor.py:161} INFO - Processing /home/ubuntu/airflow/airflow_env/lib/python3.8/site-packages/airflow/example_dags/example_xcom.py took 0.124 seconds
[2022-10-18 11:15:33,968] {processor.py:153} INFO - Started process (PID=268587) to work on /home/ubuntu/airflow/airflow_env/lib/python3.8/site-packages/airflow/example_dags/example_xcom.py
[2022-10-18 11:15:33,969] {processor.py:641} INFO - Processing file /home/ubuntu/airflow/airflow_env/lib/python3.8/site-packages/airflow/example_dags/example_xcom.py for tasks to queue
[2022-10-18 11:15:33,970] {logging_mixin.py:115} INFO - [2022-10-18 11:15:33,970] {dagbag.py:507} INFO - Filling up the DagBag from /home/ubuntu/airflow/airflow_env/lib/python3.8/site-packages/airflow/example_dags/example_xcom.py
[2022-10-18 11:15:33,994] {processor.py:651} INFO - DAG(s) dict_keys(['example_xcom']) retrieved from /home/ubuntu/airflow/airflow_env/lib/python3.8/site-packages/airflow/example_dags/example_xcom.py
[2022-10-18 11:15:34,016] {logging_mixin.py:115} INFO - [2022-10-18 11:15:34,016] {dag.py:2379} INFO - Sync 1 DAGs
[2022-10-18 11:15:34,033] {logging_mixin.py:115} INFO - [2022-10-18 11:15:34,033] {dag.py:2927} INFO - Setting next_dagrun for example_xcom to 2021-01-01T00:00:00+00:00, run_after=2021-01-01T00:00:00+00:00
[2022-10-18 11:15:34,045] {processor.py:161} INFO - Processing /home/ubuntu/airflow/airflow_env/lib/python3.8/site-packages/airflow/example_dags/example_xcom.py took 0.081 seconds
[2022-10-18 11:16:07,739] {processor.py:153} INFO - Started process (PID=268627) to work on /home/ubuntu/airflow/airflow_env/lib/python3.8/site-packages/airflow/example_dags/example_xcom.py
[2022-10-18 11:16:07,740] {processor.py:641} INFO - Processing file /home/ubuntu/airflow/airflow_env/lib/python3.8/site-packages/airflow/example_dags/example_xcom.py for tasks to queue
[2022-10-18 11:16:07,740] {logging_mixin.py:115} INFO - [2022-10-18 11:16:07,740] {dagbag.py:507} INFO - Filling up the DagBag from /home/ubuntu/airflow/airflow_env/lib/python3.8/site-packages/airflow/example_dags/example_xcom.py
[2022-10-18 11:16:07,764] {processor.py:651} INFO - DAG(s) dict_keys(['example_xcom']) retrieved from /home/ubuntu/airflow/airflow_env/lib/python3.8/site-packages/airflow/example_dags/example_xcom.py
[2022-10-18 11:16:07,783] {logging_mixin.py:115} INFO - [2022-10-18 11:16:07,783] {dag.py:2379} INFO - Sync 1 DAGs
[2022-10-18 11:16:07,798] {logging_mixin.py:115} INFO - [2022-10-18 11:16:07,798] {dag.py:2927} INFO - Setting next_dagrun for example_xcom to 2021-01-01T00:00:00+00:00, run_after=2021-01-01T00:00:00+00:00
[2022-10-18 11:16:07,812] {processor.py:161} INFO - Processing /home/ubuntu/airflow/airflow_env/lib/python3.8/site-packages/airflow/example_dags/example_xcom.py took 0.078 seconds
[2022-10-18 11:16:42,404] {processor.py:153} INFO - Started process (PID=268669) to work on /home/ubuntu/airflow/airflow_env/lib/python3.8/site-packages/airflow/example_dags/example_xcom.py
[2022-10-18 11:16:42,405] {processor.py:641} INFO - Processing file /home/ubuntu/airflow/airflow_env/lib/python3.8/site-packages/airflow/example_dags/example_xcom.py for tasks to queue
[2022-10-18 11:16:42,405] {logging_mixin.py:115} INFO - [2022-10-18 11:16:42,405] {dagbag.py:507} INFO - Filling up the DagBag from /home/ubuntu/airflow/airflow_env/lib/python3.8/site-packages/airflow/example_dags/example_xcom.py
[2022-10-18 11:16:42,434] {processor.py:651} INFO - DAG(s) dict_keys(['example_xcom']) retrieved from /home/ubuntu/airflow/airflow_env/lib/python3.8/site-packages/airflow/example_dags/example_xcom.py
[2022-10-18 11:16:42,461] {logging_mixin.py:115} INFO - [2022-10-18 11:16:42,461] {dag.py:2379} INFO - Sync 1 DAGs
[2022-10-18 11:16:42,486] {logging_mixin.py:115} INFO - [2022-10-18 11:16:42,486] {dag.py:2927} INFO - Setting next_dagrun for example_xcom to 2021-01-01T00:00:00+00:00, run_after=2021-01-01T00:00:00+00:00
[2022-10-18 11:16:42,502] {processor.py:161} INFO - Processing /home/ubuntu/airflow/airflow_env/lib/python3.8/site-packages/airflow/example_dags/example_xcom.py took 0.102 seconds
[2022-10-18 11:17:18,860] {processor.py:153} INFO - Started process (PID=268717) to work on /home/ubuntu/airflow/airflow_env/lib/python3.8/site-packages/airflow/example_dags/example_xcom.py
[2022-10-18 11:17:18,861] {processor.py:641} INFO - Processing file /home/ubuntu/airflow/airflow_env/lib/python3.8/site-packages/airflow/example_dags/example_xcom.py for tasks to queue
[2022-10-18 11:17:18,862] {logging_mixin.py:115} INFO - [2022-10-18 11:17:18,862] {dagbag.py:507} INFO - Filling up the DagBag from /home/ubuntu/airflow/airflow_env/lib/python3.8/site-packages/airflow/example_dags/example_xcom.py
[2022-10-18 11:17:18,889] {processor.py:651} INFO - DAG(s) dict_keys(['example_xcom']) retrieved from /home/ubuntu/airflow/airflow_env/lib/python3.8/site-packages/airflow/example_dags/example_xcom.py
[2022-10-18 11:17:18,916] {logging_mixin.py:115} INFO - [2022-10-18 11:17:18,916] {dag.py:2379} INFO - Sync 1 DAGs
[2022-10-18 11:17:18,936] {logging_mixin.py:115} INFO - [2022-10-18 11:17:18,936] {dag.py:2927} INFO - Setting next_dagrun for example_xcom to 2021-01-01T00:00:00+00:00, run_after=2021-01-01T00:00:00+00:00
[2022-10-18 11:17:18,961] {processor.py:161} INFO - Processing /home/ubuntu/airflow/airflow_env/lib/python3.8/site-packages/airflow/example_dags/example_xcom.py took 0.106 seconds
[2022-10-18 11:17:54,282] {processor.py:153} INFO - Started process (PID=268795) to work on /home/ubuntu/airflow/airflow_env/lib/python3.8/site-packages/airflow/example_dags/example_xcom.py
[2022-10-18 11:17:54,283] {processor.py:641} INFO - Processing file /home/ubuntu/airflow/airflow_env/lib/python3.8/site-packages/airflow/example_dags/example_xcom.py for tasks to queue
[2022-10-18 11:17:54,284] {logging_mixin.py:115} INFO - [2022-10-18 11:17:54,283] {dagbag.py:507} INFO - Filling up the DagBag from /home/ubuntu/airflow/airflow_env/lib/python3.8/site-packages/airflow/example_dags/example_xcom.py
[2022-10-18 11:17:54,306] {processor.py:651} INFO - DAG(s) dict_keys(['example_xcom']) retrieved from /home/ubuntu/airflow/airflow_env/lib/python3.8/site-packages/airflow/example_dags/example_xcom.py
[2022-10-18 11:17:54,361] {logging_mixin.py:115} INFO - [2022-10-18 11:17:54,361] {dag.py:2379} INFO - Sync 1 DAGs
[2022-10-18 11:17:54,378] {logging_mixin.py:115} INFO - [2022-10-18 11:17:54,378] {dag.py:2927} INFO - Setting next_dagrun for example_xcom to 2021-01-01T00:00:00+00:00, run_after=2021-01-01T00:00:00+00:00
[2022-10-18 11:17:54,392] {processor.py:161} INFO - Processing /home/ubuntu/airflow/airflow_env/lib/python3.8/site-packages/airflow/example_dags/example_xcom.py took 0.114 seconds
[2022-10-18 11:18:28,057] {processor.py:153} INFO - Started process (PID=268880) to work on /home/ubuntu/airflow/airflow_env/lib/python3.8/site-packages/airflow/example_dags/example_xcom.py
[2022-10-18 11:18:28,058] {processor.py:641} INFO - Processing file /home/ubuntu/airflow/airflow_env/lib/python3.8/site-packages/airflow/example_dags/example_xcom.py for tasks to queue
[2022-10-18 11:18:28,059] {logging_mixin.py:115} INFO - [2022-10-18 11:18:28,059] {dagbag.py:507} INFO - Filling up the DagBag from /home/ubuntu/airflow/airflow_env/lib/python3.8/site-packages/airflow/example_dags/example_xcom.py
[2022-10-18 11:18:28,079] {processor.py:651} INFO - DAG(s) dict_keys(['example_xcom']) retrieved from /home/ubuntu/airflow/airflow_env/lib/python3.8/site-packages/airflow/example_dags/example_xcom.py
[2022-10-18 11:18:28,095] {logging_mixin.py:115} INFO - [2022-10-18 11:18:28,095] {dag.py:2379} INFO - Sync 1 DAGs
[2022-10-18 11:18:28,109] {logging_mixin.py:115} INFO - [2022-10-18 11:18:28,109] {dag.py:2927} INFO - Setting next_dagrun for example_xcom to 2021-01-01T00:00:00+00:00, run_after=2021-01-01T00:00:00+00:00
[2022-10-18 11:18:28,123] {processor.py:161} INFO - Processing /home/ubuntu/airflow/airflow_env/lib/python3.8/site-packages/airflow/example_dags/example_xcom.py took 0.069 seconds
[2022-10-18 11:19:04,323] {processor.py:153} INFO - Started process (PID=269057) to work on /home/ubuntu/airflow/airflow_env/lib/python3.8/site-packages/airflow/example_dags/example_xcom.py
[2022-10-18 11:19:04,324] {processor.py:641} INFO - Processing file /home/ubuntu/airflow/airflow_env/lib/python3.8/site-packages/airflow/example_dags/example_xcom.py for tasks to queue
[2022-10-18 11:19:04,326] {logging_mixin.py:115} INFO - [2022-10-18 11:19:04,325] {dagbag.py:507} INFO - Filling up the DagBag from /home/ubuntu/airflow/airflow_env/lib/python3.8/site-packages/airflow/example_dags/example_xcom.py
[2022-10-18 11:19:04,435] {processor.py:651} INFO - DAG(s) dict_keys(['example_xcom']) retrieved from /home/ubuntu/airflow/airflow_env/lib/python3.8/site-packages/airflow/example_dags/example_xcom.py
[2022-10-18 11:19:04,504] {logging_mixin.py:115} INFO - [2022-10-18 11:19:04,504] {dag.py:2379} INFO - Sync 1 DAGs
[2022-10-18 11:19:04,541] {logging_mixin.py:115} INFO - [2022-10-18 11:19:04,541] {dag.py:2927} INFO - Setting next_dagrun for example_xcom to 2021-01-01T00:00:00+00:00, run_after=2021-01-01T00:00:00+00:00
[2022-10-18 11:19:04,571] {processor.py:161} INFO - Processing /home/ubuntu/airflow/airflow_env/lib/python3.8/site-packages/airflow/example_dags/example_xcom.py took 0.256 seconds
[2022-10-18 11:21:44,484] {processor.py:153} INFO - Started process (PID=270452) to work on /home/ubuntu/airflow/airflow_env/lib/python3.8/site-packages/airflow/example_dags/example_xcom.py
[2022-10-18 11:21:44,485] {processor.py:641} INFO - Processing file /home/ubuntu/airflow/airflow_env/lib/python3.8/site-packages/airflow/example_dags/example_xcom.py for tasks to queue
[2022-10-18 11:21:44,486] {logging_mixin.py:115} INFO - [2022-10-18 11:21:44,485] {dagbag.py:507} INFO - Filling up the DagBag from /home/ubuntu/airflow/airflow_env/lib/python3.8/site-packages/airflow/example_dags/example_xcom.py
[2022-10-18 11:21:44,506] {processor.py:651} INFO - DAG(s) dict_keys(['example_xcom']) retrieved from /home/ubuntu/airflow/airflow_env/lib/python3.8/site-packages/airflow/example_dags/example_xcom.py
[2022-10-18 11:21:44,549] {logging_mixin.py:115} INFO - [2022-10-18 11:21:44,549] {dag.py:2379} INFO - Sync 1 DAGs
[2022-10-18 11:21:44,560] {logging_mixin.py:115} INFO - [2022-10-18 11:21:44,559] {dag.py:2927} INFO - Setting next_dagrun for example_xcom to 2021-01-01T00:00:00+00:00, run_after=2021-01-01T00:00:00+00:00
[2022-10-18 11:21:44,572] {processor.py:161} INFO - Processing /home/ubuntu/airflow/airflow_env/lib/python3.8/site-packages/airflow/example_dags/example_xcom.py took 0.092 seconds
[2022-10-18 11:22:17,618] {processor.py:153} INFO - Started process (PID=270529) to work on /home/ubuntu/airflow/airflow_env/lib/python3.8/site-packages/airflow/example_dags/example_xcom.py
[2022-10-18 11:22:17,619] {processor.py:641} INFO - Processing file /home/ubuntu/airflow/airflow_env/lib/python3.8/site-packages/airflow/example_dags/example_xcom.py for tasks to queue
[2022-10-18 11:22:17,619] {logging_mixin.py:115} INFO - [2022-10-18 11:22:17,619] {dagbag.py:507} INFO - Filling up the DagBag from /home/ubuntu/airflow/airflow_env/lib/python3.8/site-packages/airflow/example_dags/example_xcom.py
[2022-10-18 11:22:17,641] {processor.py:651} INFO - DAG(s) dict_keys(['example_xcom']) retrieved from /home/ubuntu/airflow/airflow_env/lib/python3.8/site-packages/airflow/example_dags/example_xcom.py
[2022-10-18 11:22:17,681] {logging_mixin.py:115} INFO - [2022-10-18 11:22:17,681] {dag.py:2379} INFO - Sync 1 DAGs
[2022-10-18 11:22:17,692] {logging_mixin.py:115} INFO - [2022-10-18 11:22:17,692] {dag.py:2927} INFO - Setting next_dagrun for example_xcom to 2021-01-01T00:00:00+00:00, run_after=2021-01-01T00:00:00+00:00
[2022-10-18 11:22:17,704] {processor.py:161} INFO - Processing /home/ubuntu/airflow/airflow_env/lib/python3.8/site-packages/airflow/example_dags/example_xcom.py took 0.090 seconds
