[2022-10-18 00:13:03,451] {processor.py:153} INFO - Started process (PID=265882) to work on /home/ubuntu/airflow/airflow_env/lib/python3.8/site-packages/airflow/example_dags/example_branch_day_of_week_operator.py
[2022-10-18 00:13:03,452] {processor.py:641} INFO - Processing file /home/ubuntu/airflow/airflow_env/lib/python3.8/site-packages/airflow/example_dags/example_branch_day_of_week_operator.py for tasks to queue
[2022-10-18 00:13:03,453] {logging_mixin.py:115} INFO - [2022-10-18 00:13:03,452] {dagbag.py:507} INFO - Filling up the DagBag from /home/ubuntu/airflow/airflow_env/lib/python3.8/site-packages/airflow/example_dags/example_branch_day_of_week_operator.py
[2022-10-18 00:13:03,466] {processor.py:651} INFO - DAG(s) dict_keys(['example_weekday_branch_operator']) retrieved from /home/ubuntu/airflow/airflow_env/lib/python3.8/site-packages/airflow/example_dags/example_branch_day_of_week_operator.py
[2022-10-18 00:13:03,489] {logging_mixin.py:115} INFO - [2022-10-18 00:13:03,489] {dag.py:2379} INFO - Sync 1 DAGs
[2022-10-18 00:13:03,513] {logging_mixin.py:115} INFO - [2022-10-18 00:13:03,513] {dag.py:2927} INFO - Setting next_dagrun for example_weekday_branch_operator to 2022-10-17T00:00:00+00:00, run_after=2022-10-18T00:00:00+00:00
[2022-10-18 00:13:03,531] {processor.py:161} INFO - Processing /home/ubuntu/airflow/airflow_env/lib/python3.8/site-packages/airflow/example_dags/example_branch_day_of_week_operator.py took 0.086 seconds
[2022-10-18 00:13:40,891] {processor.py:153} INFO - Started process (PID=265959) to work on /home/ubuntu/airflow/airflow_env/lib/python3.8/site-packages/airflow/example_dags/example_branch_day_of_week_operator.py
[2022-10-18 00:13:40,892] {processor.py:641} INFO - Processing file /home/ubuntu/airflow/airflow_env/lib/python3.8/site-packages/airflow/example_dags/example_branch_day_of_week_operator.py for tasks to queue
[2022-10-18 00:13:40,893] {logging_mixin.py:115} INFO - [2022-10-18 00:13:40,893] {dagbag.py:507} INFO - Filling up the DagBag from /home/ubuntu/airflow/airflow_env/lib/python3.8/site-packages/airflow/example_dags/example_branch_day_of_week_operator.py
[2022-10-18 00:13:40,903] {processor.py:651} INFO - DAG(s) dict_keys(['example_weekday_branch_operator']) retrieved from /home/ubuntu/airflow/airflow_env/lib/python3.8/site-packages/airflow/example_dags/example_branch_day_of_week_operator.py
[2022-10-18 00:13:40,923] {logging_mixin.py:115} INFO - [2022-10-18 00:13:40,923] {dag.py:2379} INFO - Sync 1 DAGs
[2022-10-18 00:13:40,942] {logging_mixin.py:115} INFO - [2022-10-18 00:13:40,941] {dag.py:2927} INFO - Setting next_dagrun for example_weekday_branch_operator to 2022-10-17T00:00:00+00:00, run_after=2022-10-18T00:00:00+00:00
[2022-10-18 00:13:40,955] {processor.py:161} INFO - Processing /home/ubuntu/airflow/airflow_env/lib/python3.8/site-packages/airflow/example_dags/example_branch_day_of_week_operator.py took 0.069 seconds
[2022-10-18 00:14:14,750] {processor.py:153} INFO - Started process (PID=266023) to work on /home/ubuntu/airflow/airflow_env/lib/python3.8/site-packages/airflow/example_dags/example_branch_day_of_week_operator.py
[2022-10-18 00:14:14,751] {processor.py:641} INFO - Processing file /home/ubuntu/airflow/airflow_env/lib/python3.8/site-packages/airflow/example_dags/example_branch_day_of_week_operator.py for tasks to queue
[2022-10-18 00:14:14,752] {logging_mixin.py:115} INFO - [2022-10-18 00:14:14,752] {dagbag.py:507} INFO - Filling up the DagBag from /home/ubuntu/airflow/airflow_env/lib/python3.8/site-packages/airflow/example_dags/example_branch_day_of_week_operator.py
[2022-10-18 00:14:14,765] {processor.py:651} INFO - DAG(s) dict_keys(['example_weekday_branch_operator']) retrieved from /home/ubuntu/airflow/airflow_env/lib/python3.8/site-packages/airflow/example_dags/example_branch_day_of_week_operator.py
[2022-10-18 00:14:14,789] {logging_mixin.py:115} INFO - [2022-10-18 00:14:14,789] {dag.py:2379} INFO - Sync 1 DAGs
[2022-10-18 00:14:14,811] {logging_mixin.py:115} INFO - [2022-10-18 00:14:14,811] {dag.py:2927} INFO - Setting next_dagrun for example_weekday_branch_operator to 2022-10-17T00:00:00+00:00, run_after=2022-10-18T00:00:00+00:00
[2022-10-18 00:14:14,828] {processor.py:161} INFO - Processing /home/ubuntu/airflow/airflow_env/lib/python3.8/site-packages/airflow/example_dags/example_branch_day_of_week_operator.py took 0.083 seconds
[2022-10-18 00:14:53,902] {processor.py:153} INFO - Started process (PID=266080) to work on /home/ubuntu/airflow/airflow_env/lib/python3.8/site-packages/airflow/example_dags/example_branch_day_of_week_operator.py
[2022-10-18 00:14:53,903] {processor.py:641} INFO - Processing file /home/ubuntu/airflow/airflow_env/lib/python3.8/site-packages/airflow/example_dags/example_branch_day_of_week_operator.py for tasks to queue
[2022-10-18 00:14:53,904] {logging_mixin.py:115} INFO - [2022-10-18 00:14:53,903] {dagbag.py:507} INFO - Filling up the DagBag from /home/ubuntu/airflow/airflow_env/lib/python3.8/site-packages/airflow/example_dags/example_branch_day_of_week_operator.py
[2022-10-18 00:14:53,912] {processor.py:651} INFO - DAG(s) dict_keys(['example_weekday_branch_operator']) retrieved from /home/ubuntu/airflow/airflow_env/lib/python3.8/site-packages/airflow/example_dags/example_branch_day_of_week_operator.py
[2022-10-18 00:14:53,931] {logging_mixin.py:115} INFO - [2022-10-18 00:14:53,931] {dag.py:2379} INFO - Sync 1 DAGs
[2022-10-18 00:14:53,949] {logging_mixin.py:115} INFO - [2022-10-18 00:14:53,949] {dag.py:2927} INFO - Setting next_dagrun for example_weekday_branch_operator to 2022-10-17T00:00:00+00:00, run_after=2022-10-18T00:00:00+00:00
[2022-10-18 00:14:53,961] {processor.py:161} INFO - Processing /home/ubuntu/airflow/airflow_env/lib/python3.8/site-packages/airflow/example_dags/example_branch_day_of_week_operator.py took 0.063 seconds
[2022-10-18 00:15:29,843] {processor.py:153} INFO - Started process (PID=266166) to work on /home/ubuntu/airflow/airflow_env/lib/python3.8/site-packages/airflow/example_dags/example_branch_day_of_week_operator.py
[2022-10-18 00:15:29,844] {processor.py:641} INFO - Processing file /home/ubuntu/airflow/airflow_env/lib/python3.8/site-packages/airflow/example_dags/example_branch_day_of_week_operator.py for tasks to queue
[2022-10-18 00:15:29,845] {logging_mixin.py:115} INFO - [2022-10-18 00:15:29,845] {dagbag.py:507} INFO - Filling up the DagBag from /home/ubuntu/airflow/airflow_env/lib/python3.8/site-packages/airflow/example_dags/example_branch_day_of_week_operator.py
[2022-10-18 00:15:29,855] {processor.py:651} INFO - DAG(s) dict_keys(['example_weekday_branch_operator']) retrieved from /home/ubuntu/airflow/airflow_env/lib/python3.8/site-packages/airflow/example_dags/example_branch_day_of_week_operator.py
[2022-10-18 00:15:29,879] {logging_mixin.py:115} INFO - [2022-10-18 00:15:29,879] {dag.py:2379} INFO - Sync 1 DAGs
[2022-10-18 00:15:29,900] {logging_mixin.py:115} INFO - [2022-10-18 00:15:29,900] {dag.py:2927} INFO - Setting next_dagrun for example_weekday_branch_operator to 2022-10-17T00:00:00+00:00, run_after=2022-10-18T00:00:00+00:00
[2022-10-18 00:15:29,914] {processor.py:161} INFO - Processing /home/ubuntu/airflow/airflow_env/lib/python3.8/site-packages/airflow/example_dags/example_branch_day_of_week_operator.py took 0.075 seconds
[2022-10-18 00:16:08,310] {processor.py:153} INFO - Started process (PID=266208) to work on /home/ubuntu/airflow/airflow_env/lib/python3.8/site-packages/airflow/example_dags/example_branch_day_of_week_operator.py
[2022-10-18 00:16:08,311] {processor.py:641} INFO - Processing file /home/ubuntu/airflow/airflow_env/lib/python3.8/site-packages/airflow/example_dags/example_branch_day_of_week_operator.py for tasks to queue
[2022-10-18 00:16:08,312] {logging_mixin.py:115} INFO - [2022-10-18 00:16:08,312] {dagbag.py:507} INFO - Filling up the DagBag from /home/ubuntu/airflow/airflow_env/lib/python3.8/site-packages/airflow/example_dags/example_branch_day_of_week_operator.py
[2022-10-18 00:16:08,323] {processor.py:651} INFO - DAG(s) dict_keys(['example_weekday_branch_operator']) retrieved from /home/ubuntu/airflow/airflow_env/lib/python3.8/site-packages/airflow/example_dags/example_branch_day_of_week_operator.py
[2022-10-18 00:16:08,344] {logging_mixin.py:115} INFO - [2022-10-18 00:16:08,344] {dag.py:2379} INFO - Sync 1 DAGs
[2022-10-18 00:16:08,369] {logging_mixin.py:115} INFO - [2022-10-18 00:16:08,369] {dag.py:2927} INFO - Setting next_dagrun for example_weekday_branch_operator to 2022-10-17T00:00:00+00:00, run_after=2022-10-18T00:00:00+00:00
[2022-10-18 00:16:08,386] {processor.py:161} INFO - Processing /home/ubuntu/airflow/airflow_env/lib/python3.8/site-packages/airflow/example_dags/example_branch_day_of_week_operator.py took 0.080 seconds
[2022-10-18 00:16:44,199] {processor.py:153} INFO - Started process (PID=266250) to work on /home/ubuntu/airflow/airflow_env/lib/python3.8/site-packages/airflow/example_dags/example_branch_day_of_week_operator.py
[2022-10-18 00:16:44,199] {processor.py:641} INFO - Processing file /home/ubuntu/airflow/airflow_env/lib/python3.8/site-packages/airflow/example_dags/example_branch_day_of_week_operator.py for tasks to queue
[2022-10-18 00:16:44,200] {logging_mixin.py:115} INFO - [2022-10-18 00:16:44,200] {dagbag.py:507} INFO - Filling up the DagBag from /home/ubuntu/airflow/airflow_env/lib/python3.8/site-packages/airflow/example_dags/example_branch_day_of_week_operator.py
[2022-10-18 00:16:44,209] {processor.py:651} INFO - DAG(s) dict_keys(['example_weekday_branch_operator']) retrieved from /home/ubuntu/airflow/airflow_env/lib/python3.8/site-packages/airflow/example_dags/example_branch_day_of_week_operator.py
[2022-10-18 00:16:44,228] {logging_mixin.py:115} INFO - [2022-10-18 00:16:44,228] {dag.py:2379} INFO - Sync 1 DAGs
[2022-10-18 00:16:44,245] {logging_mixin.py:115} INFO - [2022-10-18 00:16:44,245] {dag.py:2927} INFO - Setting next_dagrun for example_weekday_branch_operator to 2022-10-17T00:00:00+00:00, run_after=2022-10-18T00:00:00+00:00
[2022-10-18 00:16:44,258] {processor.py:161} INFO - Processing /home/ubuntu/airflow/airflow_env/lib/python3.8/site-packages/airflow/example_dags/example_branch_day_of_week_operator.py took 0.063 seconds
[2022-10-18 00:17:20,117] {processor.py:153} INFO - Started process (PID=266304) to work on /home/ubuntu/airflow/airflow_env/lib/python3.8/site-packages/airflow/example_dags/example_branch_day_of_week_operator.py
[2022-10-18 00:17:20,118] {processor.py:641} INFO - Processing file /home/ubuntu/airflow/airflow_env/lib/python3.8/site-packages/airflow/example_dags/example_branch_day_of_week_operator.py for tasks to queue
[2022-10-18 00:17:20,119] {logging_mixin.py:115} INFO - [2022-10-18 00:17:20,119] {dagbag.py:507} INFO - Filling up the DagBag from /home/ubuntu/airflow/airflow_env/lib/python3.8/site-packages/airflow/example_dags/example_branch_day_of_week_operator.py
[2022-10-18 00:17:20,131] {processor.py:651} INFO - DAG(s) dict_keys(['example_weekday_branch_operator']) retrieved from /home/ubuntu/airflow/airflow_env/lib/python3.8/site-packages/airflow/example_dags/example_branch_day_of_week_operator.py
[2022-10-18 00:17:20,153] {logging_mixin.py:115} INFO - [2022-10-18 00:17:20,153] {dag.py:2379} INFO - Sync 1 DAGs
[2022-10-18 00:17:20,170] {logging_mixin.py:115} INFO - [2022-10-18 00:17:20,170] {dag.py:2927} INFO - Setting next_dagrun for example_weekday_branch_operator to 2022-10-17T00:00:00+00:00, run_after=2022-10-18T00:00:00+00:00
[2022-10-18 00:17:20,186] {processor.py:161} INFO - Processing /home/ubuntu/airflow/airflow_env/lib/python3.8/site-packages/airflow/example_dags/example_branch_day_of_week_operator.py took 0.073 seconds
[2022-10-18 00:17:59,035] {processor.py:153} INFO - Started process (PID=266360) to work on /home/ubuntu/airflow/airflow_env/lib/python3.8/site-packages/airflow/example_dags/example_branch_day_of_week_operator.py
[2022-10-18 00:17:59,036] {processor.py:641} INFO - Processing file /home/ubuntu/airflow/airflow_env/lib/python3.8/site-packages/airflow/example_dags/example_branch_day_of_week_operator.py for tasks to queue
[2022-10-18 00:17:59,037] {logging_mixin.py:115} INFO - [2022-10-18 00:17:59,036] {dagbag.py:507} INFO - Filling up the DagBag from /home/ubuntu/airflow/airflow_env/lib/python3.8/site-packages/airflow/example_dags/example_branch_day_of_week_operator.py
[2022-10-18 00:17:59,048] {processor.py:651} INFO - DAG(s) dict_keys(['example_weekday_branch_operator']) retrieved from /home/ubuntu/airflow/airflow_env/lib/python3.8/site-packages/airflow/example_dags/example_branch_day_of_week_operator.py
[2022-10-18 00:17:59,069] {logging_mixin.py:115} INFO - [2022-10-18 00:17:59,068] {dag.py:2379} INFO - Sync 1 DAGs
[2022-10-18 00:17:59,087] {logging_mixin.py:115} INFO - [2022-10-18 00:17:59,087] {dag.py:2927} INFO - Setting next_dagrun for example_weekday_branch_operator to 2022-10-17T00:00:00+00:00, run_after=2022-10-18T00:00:00+00:00
[2022-10-18 00:17:59,099] {processor.py:161} INFO - Processing /home/ubuntu/airflow/airflow_env/lib/python3.8/site-packages/airflow/example_dags/example_branch_day_of_week_operator.py took 0.069 seconds
[2022-10-18 11:03:11,776] {processor.py:153} INFO - Started process (PID=267412) to work on /home/ubuntu/airflow/airflow_env/lib/python3.8/site-packages/airflow/example_dags/example_branch_day_of_week_operator.py
[2022-10-18 11:03:11,777] {processor.py:641} INFO - Processing file /home/ubuntu/airflow/airflow_env/lib/python3.8/site-packages/airflow/example_dags/example_branch_day_of_week_operator.py for tasks to queue
[2022-10-18 11:03:11,778] {logging_mixin.py:115} INFO - [2022-10-18 11:03:11,778] {dagbag.py:507} INFO - Filling up the DagBag from /home/ubuntu/airflow/airflow_env/lib/python3.8/site-packages/airflow/example_dags/example_branch_day_of_week_operator.py
[2022-10-18 11:03:11,786] {processor.py:651} INFO - DAG(s) dict_keys(['example_weekday_branch_operator']) retrieved from /home/ubuntu/airflow/airflow_env/lib/python3.8/site-packages/airflow/example_dags/example_branch_day_of_week_operator.py
[2022-10-18 11:03:11,803] {logging_mixin.py:115} INFO - [2022-10-18 11:03:11,803] {dag.py:2379} INFO - Sync 1 DAGs
[2022-10-18 11:03:11,820] {logging_mixin.py:115} INFO - [2022-10-18 11:03:11,819] {dag.py:2927} INFO - Setting next_dagrun for example_weekday_branch_operator to 2022-10-17T00:00:00+00:00, run_after=2022-10-18T00:00:00+00:00
[2022-10-18 11:03:11,831] {processor.py:161} INFO - Processing /home/ubuntu/airflow/airflow_env/lib/python3.8/site-packages/airflow/example_dags/example_branch_day_of_week_operator.py took 0.059 seconds
[2022-10-18 11:03:48,372] {processor.py:153} INFO - Started process (PID=267452) to work on /home/ubuntu/airflow/airflow_env/lib/python3.8/site-packages/airflow/example_dags/example_branch_day_of_week_operator.py
[2022-10-18 11:03:48,372] {processor.py:641} INFO - Processing file /home/ubuntu/airflow/airflow_env/lib/python3.8/site-packages/airflow/example_dags/example_branch_day_of_week_operator.py for tasks to queue
[2022-10-18 11:03:48,373] {logging_mixin.py:115} INFO - [2022-10-18 11:03:48,373] {dagbag.py:507} INFO - Filling up the DagBag from /home/ubuntu/airflow/airflow_env/lib/python3.8/site-packages/airflow/example_dags/example_branch_day_of_week_operator.py
[2022-10-18 11:03:48,384] {processor.py:651} INFO - DAG(s) dict_keys(['example_weekday_branch_operator']) retrieved from /home/ubuntu/airflow/airflow_env/lib/python3.8/site-packages/airflow/example_dags/example_branch_day_of_week_operator.py
[2022-10-18 11:03:48,405] {logging_mixin.py:115} INFO - [2022-10-18 11:03:48,405] {dag.py:2379} INFO - Sync 1 DAGs
[2022-10-18 11:03:48,426] {logging_mixin.py:115} INFO - [2022-10-18 11:03:48,426] {dag.py:2927} INFO - Setting next_dagrun for example_weekday_branch_operator to 2022-10-17T00:00:00+00:00, run_after=2022-10-18T00:00:00+00:00
[2022-10-18 11:03:48,440] {processor.py:161} INFO - Processing /home/ubuntu/airflow/airflow_env/lib/python3.8/site-packages/airflow/example_dags/example_branch_day_of_week_operator.py took 0.073 seconds
[2022-10-18 11:04:26,145] {processor.py:153} INFO - Started process (PID=267492) to work on /home/ubuntu/airflow/airflow_env/lib/python3.8/site-packages/airflow/example_dags/example_branch_day_of_week_operator.py
[2022-10-18 11:04:26,146] {processor.py:641} INFO - Processing file /home/ubuntu/airflow/airflow_env/lib/python3.8/site-packages/airflow/example_dags/example_branch_day_of_week_operator.py for tasks to queue
[2022-10-18 11:04:26,146] {logging_mixin.py:115} INFO - [2022-10-18 11:04:26,146] {dagbag.py:507} INFO - Filling up the DagBag from /home/ubuntu/airflow/airflow_env/lib/python3.8/site-packages/airflow/example_dags/example_branch_day_of_week_operator.py
[2022-10-18 11:04:26,159] {processor.py:651} INFO - DAG(s) dict_keys(['example_weekday_branch_operator']) retrieved from /home/ubuntu/airflow/airflow_env/lib/python3.8/site-packages/airflow/example_dags/example_branch_day_of_week_operator.py
[2022-10-18 11:04:26,184] {logging_mixin.py:115} INFO - [2022-10-18 11:04:26,184] {dag.py:2379} INFO - Sync 1 DAGs
[2022-10-18 11:04:26,203] {logging_mixin.py:115} INFO - [2022-10-18 11:04:26,203] {dag.py:2927} INFO - Setting next_dagrun for example_weekday_branch_operator to 2022-10-17T00:00:00+00:00, run_after=2022-10-18T00:00:00+00:00
[2022-10-18 11:04:26,224] {processor.py:161} INFO - Processing /home/ubuntu/airflow/airflow_env/lib/python3.8/site-packages/airflow/example_dags/example_branch_day_of_week_operator.py took 0.083 seconds
[2022-10-18 11:05:00,918] {processor.py:153} INFO - Started process (PID=267534) to work on /home/ubuntu/airflow/airflow_env/lib/python3.8/site-packages/airflow/example_dags/example_branch_day_of_week_operator.py
[2022-10-18 11:05:00,919] {processor.py:641} INFO - Processing file /home/ubuntu/airflow/airflow_env/lib/python3.8/site-packages/airflow/example_dags/example_branch_day_of_week_operator.py for tasks to queue
[2022-10-18 11:05:00,920] {logging_mixin.py:115} INFO - [2022-10-18 11:05:00,920] {dagbag.py:507} INFO - Filling up the DagBag from /home/ubuntu/airflow/airflow_env/lib/python3.8/site-packages/airflow/example_dags/example_branch_day_of_week_operator.py
[2022-10-18 11:05:00,928] {processor.py:651} INFO - DAG(s) dict_keys(['example_weekday_branch_operator']) retrieved from /home/ubuntu/airflow/airflow_env/lib/python3.8/site-packages/airflow/example_dags/example_branch_day_of_week_operator.py
[2022-10-18 11:05:00,947] {logging_mixin.py:115} INFO - [2022-10-18 11:05:00,947] {dag.py:2379} INFO - Sync 1 DAGs
[2022-10-18 11:05:00,965] {logging_mixin.py:115} INFO - [2022-10-18 11:05:00,965] {dag.py:2927} INFO - Setting next_dagrun for example_weekday_branch_operator to 2022-10-17T00:00:00+00:00, run_after=2022-10-18T00:00:00+00:00
[2022-10-18 11:05:00,980] {processor.py:161} INFO - Processing /home/ubuntu/airflow/airflow_env/lib/python3.8/site-packages/airflow/example_dags/example_branch_day_of_week_operator.py took 0.066 seconds
[2022-10-18 11:05:35,951] {processor.py:153} INFO - Started process (PID=267854) to work on /home/ubuntu/airflow/airflow_env/lib/python3.8/site-packages/airflow/example_dags/example_branch_day_of_week_operator.py
[2022-10-18 11:05:35,952] {processor.py:641} INFO - Processing file /home/ubuntu/airflow/airflow_env/lib/python3.8/site-packages/airflow/example_dags/example_branch_day_of_week_operator.py for tasks to queue
[2022-10-18 11:05:35,952] {logging_mixin.py:115} INFO - [2022-10-18 11:05:35,952] {dagbag.py:507} INFO - Filling up the DagBag from /home/ubuntu/airflow/airflow_env/lib/python3.8/site-packages/airflow/example_dags/example_branch_day_of_week_operator.py
[2022-10-18 11:05:35,961] {processor.py:651} INFO - DAG(s) dict_keys(['example_weekday_branch_operator']) retrieved from /home/ubuntu/airflow/airflow_env/lib/python3.8/site-packages/airflow/example_dags/example_branch_day_of_week_operator.py
[2022-10-18 11:05:35,978] {logging_mixin.py:115} INFO - [2022-10-18 11:05:35,977] {dag.py:2379} INFO - Sync 1 DAGs
[2022-10-18 11:05:35,994] {logging_mixin.py:115} INFO - [2022-10-18 11:05:35,994] {dag.py:2927} INFO - Setting next_dagrun for example_weekday_branch_operator to 2022-10-17T00:00:00+00:00, run_after=2022-10-18T00:00:00+00:00
[2022-10-18 11:05:36,006] {processor.py:161} INFO - Processing /home/ubuntu/airflow/airflow_env/lib/python3.8/site-packages/airflow/example_dags/example_branch_day_of_week_operator.py took 0.058 seconds
[2022-10-18 11:06:11,674] {processor.py:153} INFO - Started process (PID=267898) to work on /home/ubuntu/airflow/airflow_env/lib/python3.8/site-packages/airflow/example_dags/example_branch_day_of_week_operator.py
[2022-10-18 11:06:11,675] {processor.py:641} INFO - Processing file /home/ubuntu/airflow/airflow_env/lib/python3.8/site-packages/airflow/example_dags/example_branch_day_of_week_operator.py for tasks to queue
[2022-10-18 11:06:11,676] {logging_mixin.py:115} INFO - [2022-10-18 11:06:11,676] {dagbag.py:507} INFO - Filling up the DagBag from /home/ubuntu/airflow/airflow_env/lib/python3.8/site-packages/airflow/example_dags/example_branch_day_of_week_operator.py
[2022-10-18 11:06:11,684] {processor.py:651} INFO - DAG(s) dict_keys(['example_weekday_branch_operator']) retrieved from /home/ubuntu/airflow/airflow_env/lib/python3.8/site-packages/airflow/example_dags/example_branch_day_of_week_operator.py
[2022-10-18 11:06:11,701] {logging_mixin.py:115} INFO - [2022-10-18 11:06:11,701] {dag.py:2379} INFO - Sync 1 DAGs
[2022-10-18 11:06:11,722] {logging_mixin.py:115} INFO - [2022-10-18 11:06:11,721] {dag.py:2927} INFO - Setting next_dagrun for example_weekday_branch_operator to 2022-10-17T00:00:00+00:00, run_after=2022-10-18T00:00:00+00:00
[2022-10-18 11:06:11,734] {processor.py:161} INFO - Processing /home/ubuntu/airflow/airflow_env/lib/python3.8/site-packages/airflow/example_dags/example_branch_day_of_week_operator.py took 0.063 seconds
[2022-10-18 11:06:48,788] {processor.py:153} INFO - Started process (PID=267941) to work on /home/ubuntu/airflow/airflow_env/lib/python3.8/site-packages/airflow/example_dags/example_branch_day_of_week_operator.py
[2022-10-18 11:06:48,789] {processor.py:641} INFO - Processing file /home/ubuntu/airflow/airflow_env/lib/python3.8/site-packages/airflow/example_dags/example_branch_day_of_week_operator.py for tasks to queue
[2022-10-18 11:06:48,790] {logging_mixin.py:115} INFO - [2022-10-18 11:06:48,790] {dagbag.py:507} INFO - Filling up the DagBag from /home/ubuntu/airflow/airflow_env/lib/python3.8/site-packages/airflow/example_dags/example_branch_day_of_week_operator.py
[2022-10-18 11:06:48,804] {processor.py:651} INFO - DAG(s) dict_keys(['example_weekday_branch_operator']) retrieved from /home/ubuntu/airflow/airflow_env/lib/python3.8/site-packages/airflow/example_dags/example_branch_day_of_week_operator.py
[2022-10-18 11:06:48,832] {logging_mixin.py:115} INFO - [2022-10-18 11:06:48,831] {dag.py:2379} INFO - Sync 1 DAGs
[2022-10-18 11:06:48,855] {logging_mixin.py:115} INFO - [2022-10-18 11:06:48,854] {dag.py:2927} INFO - Setting next_dagrun for example_weekday_branch_operator to 2022-10-17T00:00:00+00:00, run_after=2022-10-18T00:00:00+00:00
[2022-10-18 11:06:48,868] {processor.py:161} INFO - Processing /home/ubuntu/airflow/airflow_env/lib/python3.8/site-packages/airflow/example_dags/example_branch_day_of_week_operator.py took 0.086 seconds
[2022-10-18 11:07:23,602] {processor.py:153} INFO - Started process (PID=267989) to work on /home/ubuntu/airflow/airflow_env/lib/python3.8/site-packages/airflow/example_dags/example_branch_day_of_week_operator.py
[2022-10-18 11:07:23,603] {processor.py:641} INFO - Processing file /home/ubuntu/airflow/airflow_env/lib/python3.8/site-packages/airflow/example_dags/example_branch_day_of_week_operator.py for tasks to queue
[2022-10-18 11:07:23,603] {logging_mixin.py:115} INFO - [2022-10-18 11:07:23,603] {dagbag.py:507} INFO - Filling up the DagBag from /home/ubuntu/airflow/airflow_env/lib/python3.8/site-packages/airflow/example_dags/example_branch_day_of_week_operator.py
[2022-10-18 11:07:23,611] {processor.py:651} INFO - DAG(s) dict_keys(['example_weekday_branch_operator']) retrieved from /home/ubuntu/airflow/airflow_env/lib/python3.8/site-packages/airflow/example_dags/example_branch_day_of_week_operator.py
[2022-10-18 11:07:23,628] {logging_mixin.py:115} INFO - [2022-10-18 11:07:23,628] {dag.py:2379} INFO - Sync 1 DAGs
[2022-10-18 11:07:23,648] {logging_mixin.py:115} INFO - [2022-10-18 11:07:23,647] {dag.py:2927} INFO - Setting next_dagrun for example_weekday_branch_operator to 2022-10-17T00:00:00+00:00, run_after=2022-10-18T00:00:00+00:00
[2022-10-18 11:07:23,659] {processor.py:161} INFO - Processing /home/ubuntu/airflow/airflow_env/lib/python3.8/site-packages/airflow/example_dags/example_branch_day_of_week_operator.py took 0.060 seconds
[2022-10-18 11:08:00,692] {processor.py:153} INFO - Started process (PID=268058) to work on /home/ubuntu/airflow/airflow_env/lib/python3.8/site-packages/airflow/example_dags/example_branch_day_of_week_operator.py
[2022-10-18 11:08:00,693] {processor.py:641} INFO - Processing file /home/ubuntu/airflow/airflow_env/lib/python3.8/site-packages/airflow/example_dags/example_branch_day_of_week_operator.py for tasks to queue
[2022-10-18 11:08:00,694] {logging_mixin.py:115} INFO - [2022-10-18 11:08:00,694] {dagbag.py:507} INFO - Filling up the DagBag from /home/ubuntu/airflow/airflow_env/lib/python3.8/site-packages/airflow/example_dags/example_branch_day_of_week_operator.py
[2022-10-18 11:08:00,703] {processor.py:651} INFO - DAG(s) dict_keys(['example_weekday_branch_operator']) retrieved from /home/ubuntu/airflow/airflow_env/lib/python3.8/site-packages/airflow/example_dags/example_branch_day_of_week_operator.py
[2022-10-18 11:08:00,719] {logging_mixin.py:115} INFO - [2022-10-18 11:08:00,719] {dag.py:2379} INFO - Sync 1 DAGs
[2022-10-18 11:08:00,737] {logging_mixin.py:115} INFO - [2022-10-18 11:08:00,736] {dag.py:2927} INFO - Setting next_dagrun for example_weekday_branch_operator to 2022-10-17T00:00:00+00:00, run_after=2022-10-18T00:00:00+00:00
[2022-10-18 11:08:00,749] {processor.py:161} INFO - Processing /home/ubuntu/airflow/airflow_env/lib/python3.8/site-packages/airflow/example_dags/example_branch_day_of_week_operator.py took 0.062 seconds
[2022-10-18 11:08:39,561] {processor.py:153} INFO - Started process (PID=268099) to work on /home/ubuntu/airflow/airflow_env/lib/python3.8/site-packages/airflow/example_dags/example_branch_day_of_week_operator.py
[2022-10-18 11:08:39,562] {processor.py:641} INFO - Processing file /home/ubuntu/airflow/airflow_env/lib/python3.8/site-packages/airflow/example_dags/example_branch_day_of_week_operator.py for tasks to queue
[2022-10-18 11:08:39,562] {logging_mixin.py:115} INFO - [2022-10-18 11:08:39,562] {dagbag.py:507} INFO - Filling up the DagBag from /home/ubuntu/airflow/airflow_env/lib/python3.8/site-packages/airflow/example_dags/example_branch_day_of_week_operator.py
[2022-10-18 11:08:39,570] {processor.py:651} INFO - DAG(s) dict_keys(['example_weekday_branch_operator']) retrieved from /home/ubuntu/airflow/airflow_env/lib/python3.8/site-packages/airflow/example_dags/example_branch_day_of_week_operator.py
[2022-10-18 11:08:39,587] {logging_mixin.py:115} INFO - [2022-10-18 11:08:39,587] {dag.py:2379} INFO - Sync 1 DAGs
[2022-10-18 11:08:39,603] {logging_mixin.py:115} INFO - [2022-10-18 11:08:39,602] {dag.py:2927} INFO - Setting next_dagrun for example_weekday_branch_operator to 2022-10-17T00:00:00+00:00, run_after=2022-10-18T00:00:00+00:00
[2022-10-18 11:08:39,614] {processor.py:161} INFO - Processing /home/ubuntu/airflow/airflow_env/lib/python3.8/site-packages/airflow/example_dags/example_branch_day_of_week_operator.py took 0.057 seconds
[2022-10-18 11:09:13,786] {processor.py:153} INFO - Started process (PID=268138) to work on /home/ubuntu/airflow/airflow_env/lib/python3.8/site-packages/airflow/example_dags/example_branch_day_of_week_operator.py
[2022-10-18 11:09:13,787] {processor.py:641} INFO - Processing file /home/ubuntu/airflow/airflow_env/lib/python3.8/site-packages/airflow/example_dags/example_branch_day_of_week_operator.py for tasks to queue
[2022-10-18 11:09:13,788] {logging_mixin.py:115} INFO - [2022-10-18 11:09:13,788] {dagbag.py:507} INFO - Filling up the DagBag from /home/ubuntu/airflow/airflow_env/lib/python3.8/site-packages/airflow/example_dags/example_branch_day_of_week_operator.py
[2022-10-18 11:09:13,796] {processor.py:651} INFO - DAG(s) dict_keys(['example_weekday_branch_operator']) retrieved from /home/ubuntu/airflow/airflow_env/lib/python3.8/site-packages/airflow/example_dags/example_branch_day_of_week_operator.py
[2022-10-18 11:09:13,813] {logging_mixin.py:115} INFO - [2022-10-18 11:09:13,813] {dag.py:2379} INFO - Sync 1 DAGs
[2022-10-18 11:09:13,828] {logging_mixin.py:115} INFO - [2022-10-18 11:09:13,828] {dag.py:2927} INFO - Setting next_dagrun for example_weekday_branch_operator to 2022-10-17T00:00:00+00:00, run_after=2022-10-18T00:00:00+00:00
[2022-10-18 11:09:13,839] {processor.py:161} INFO - Processing /home/ubuntu/airflow/airflow_env/lib/python3.8/site-packages/airflow/example_dags/example_branch_day_of_week_operator.py took 0.056 seconds
[2022-10-18 11:09:52,647] {processor.py:153} INFO - Started process (PID=268178) to work on /home/ubuntu/airflow/airflow_env/lib/python3.8/site-packages/airflow/example_dags/example_branch_day_of_week_operator.py
[2022-10-18 11:09:52,648] {processor.py:641} INFO - Processing file /home/ubuntu/airflow/airflow_env/lib/python3.8/site-packages/airflow/example_dags/example_branch_day_of_week_operator.py for tasks to queue
[2022-10-18 11:09:52,648] {logging_mixin.py:115} INFO - [2022-10-18 11:09:52,648] {dagbag.py:507} INFO - Filling up the DagBag from /home/ubuntu/airflow/airflow_env/lib/python3.8/site-packages/airflow/example_dags/example_branch_day_of_week_operator.py
[2022-10-18 11:09:52,656] {processor.py:651} INFO - DAG(s) dict_keys(['example_weekday_branch_operator']) retrieved from /home/ubuntu/airflow/airflow_env/lib/python3.8/site-packages/airflow/example_dags/example_branch_day_of_week_operator.py
[2022-10-18 11:09:52,672] {logging_mixin.py:115} INFO - [2022-10-18 11:09:52,672] {dag.py:2379} INFO - Sync 1 DAGs
[2022-10-18 11:09:52,688] {logging_mixin.py:115} INFO - [2022-10-18 11:09:52,687] {dag.py:2927} INFO - Setting next_dagrun for example_weekday_branch_operator to 2022-10-17T00:00:00+00:00, run_after=2022-10-18T00:00:00+00:00
[2022-10-18 11:09:52,702] {processor.py:161} INFO - Processing /home/ubuntu/airflow/airflow_env/lib/python3.8/site-packages/airflow/example_dags/example_branch_day_of_week_operator.py took 0.059 seconds
[2022-10-18 11:10:28,622] {processor.py:153} INFO - Started process (PID=268218) to work on /home/ubuntu/airflow/airflow_env/lib/python3.8/site-packages/airflow/example_dags/example_branch_day_of_week_operator.py
[2022-10-18 11:10:28,623] {processor.py:641} INFO - Processing file /home/ubuntu/airflow/airflow_env/lib/python3.8/site-packages/airflow/example_dags/example_branch_day_of_week_operator.py for tasks to queue
[2022-10-18 11:10:28,623] {logging_mixin.py:115} INFO - [2022-10-18 11:10:28,623] {dagbag.py:507} INFO - Filling up the DagBag from /home/ubuntu/airflow/airflow_env/lib/python3.8/site-packages/airflow/example_dags/example_branch_day_of_week_operator.py
[2022-10-18 11:10:28,631] {processor.py:651} INFO - DAG(s) dict_keys(['example_weekday_branch_operator']) retrieved from /home/ubuntu/airflow/airflow_env/lib/python3.8/site-packages/airflow/example_dags/example_branch_day_of_week_operator.py
[2022-10-18 11:10:28,647] {logging_mixin.py:115} INFO - [2022-10-18 11:10:28,647] {dag.py:2379} INFO - Sync 1 DAGs
[2022-10-18 11:10:28,663] {logging_mixin.py:115} INFO - [2022-10-18 11:10:28,663] {dag.py:2927} INFO - Setting next_dagrun for example_weekday_branch_operator to 2022-10-17T00:00:00+00:00, run_after=2022-10-18T00:00:00+00:00
[2022-10-18 11:10:28,675] {processor.py:161} INFO - Processing /home/ubuntu/airflow/airflow_env/lib/python3.8/site-packages/airflow/example_dags/example_branch_day_of_week_operator.py took 0.057 seconds
[2022-10-18 11:11:05,741] {processor.py:153} INFO - Started process (PID=268262) to work on /home/ubuntu/airflow/airflow_env/lib/python3.8/site-packages/airflow/example_dags/example_branch_day_of_week_operator.py
[2022-10-18 11:11:05,742] {processor.py:641} INFO - Processing file /home/ubuntu/airflow/airflow_env/lib/python3.8/site-packages/airflow/example_dags/example_branch_day_of_week_operator.py for tasks to queue
[2022-10-18 11:11:05,743] {logging_mixin.py:115} INFO - [2022-10-18 11:11:05,743] {dagbag.py:507} INFO - Filling up the DagBag from /home/ubuntu/airflow/airflow_env/lib/python3.8/site-packages/airflow/example_dags/example_branch_day_of_week_operator.py
[2022-10-18 11:11:05,750] {processor.py:651} INFO - DAG(s) dict_keys(['example_weekday_branch_operator']) retrieved from /home/ubuntu/airflow/airflow_env/lib/python3.8/site-packages/airflow/example_dags/example_branch_day_of_week_operator.py
[2022-10-18 11:11:05,767] {logging_mixin.py:115} INFO - [2022-10-18 11:11:05,767] {dag.py:2379} INFO - Sync 1 DAGs
[2022-10-18 11:11:05,788] {logging_mixin.py:115} INFO - [2022-10-18 11:11:05,788] {dag.py:2927} INFO - Setting next_dagrun for example_weekday_branch_operator to 2022-10-17T00:00:00+00:00, run_after=2022-10-18T00:00:00+00:00
[2022-10-18 11:11:05,802] {processor.py:161} INFO - Processing /home/ubuntu/airflow/airflow_env/lib/python3.8/site-packages/airflow/example_dags/example_branch_day_of_week_operator.py took 0.065 seconds
[2022-10-18 11:11:41,986] {processor.py:153} INFO - Started process (PID=268308) to work on /home/ubuntu/airflow/airflow_env/lib/python3.8/site-packages/airflow/example_dags/example_branch_day_of_week_operator.py
[2022-10-18 11:11:41,987] {processor.py:641} INFO - Processing file /home/ubuntu/airflow/airflow_env/lib/python3.8/site-packages/airflow/example_dags/example_branch_day_of_week_operator.py for tasks to queue
[2022-10-18 11:11:41,988] {logging_mixin.py:115} INFO - [2022-10-18 11:11:41,988] {dagbag.py:507} INFO - Filling up the DagBag from /home/ubuntu/airflow/airflow_env/lib/python3.8/site-packages/airflow/example_dags/example_branch_day_of_week_operator.py
[2022-10-18 11:11:41,995] {processor.py:651} INFO - DAG(s) dict_keys(['example_weekday_branch_operator']) retrieved from /home/ubuntu/airflow/airflow_env/lib/python3.8/site-packages/airflow/example_dags/example_branch_day_of_week_operator.py
[2022-10-18 11:11:42,011] {logging_mixin.py:115} INFO - [2022-10-18 11:11:42,011] {dag.py:2379} INFO - Sync 1 DAGs
[2022-10-18 11:11:42,027] {logging_mixin.py:115} INFO - [2022-10-18 11:11:42,027] {dag.py:2927} INFO - Setting next_dagrun for example_weekday_branch_operator to 2022-10-17T00:00:00+00:00, run_after=2022-10-18T00:00:00+00:00
[2022-10-18 11:11:42,038] {processor.py:161} INFO - Processing /home/ubuntu/airflow/airflow_env/lib/python3.8/site-packages/airflow/example_dags/example_branch_day_of_week_operator.py took 0.055 seconds
[2022-10-18 11:12:20,092] {processor.py:153} INFO - Started process (PID=268348) to work on /home/ubuntu/airflow/airflow_env/lib/python3.8/site-packages/airflow/example_dags/example_branch_day_of_week_operator.py
[2022-10-18 11:12:20,093] {processor.py:641} INFO - Processing file /home/ubuntu/airflow/airflow_env/lib/python3.8/site-packages/airflow/example_dags/example_branch_day_of_week_operator.py for tasks to queue
[2022-10-18 11:12:20,093] {logging_mixin.py:115} INFO - [2022-10-18 11:12:20,093] {dagbag.py:507} INFO - Filling up the DagBag from /home/ubuntu/airflow/airflow_env/lib/python3.8/site-packages/airflow/example_dags/example_branch_day_of_week_operator.py
[2022-10-18 11:12:20,101] {processor.py:651} INFO - DAG(s) dict_keys(['example_weekday_branch_operator']) retrieved from /home/ubuntu/airflow/airflow_env/lib/python3.8/site-packages/airflow/example_dags/example_branch_day_of_week_operator.py
[2022-10-18 11:12:20,118] {logging_mixin.py:115} INFO - [2022-10-18 11:12:20,118] {dag.py:2379} INFO - Sync 1 DAGs
[2022-10-18 11:12:20,135] {logging_mixin.py:115} INFO - [2022-10-18 11:12:20,135] {dag.py:2927} INFO - Setting next_dagrun for example_weekday_branch_operator to 2022-10-17T00:00:00+00:00, run_after=2022-10-18T00:00:00+00:00
[2022-10-18 11:12:20,148] {processor.py:161} INFO - Processing /home/ubuntu/airflow/airflow_env/lib/python3.8/site-packages/airflow/example_dags/example_branch_day_of_week_operator.py took 0.060 seconds
[2022-10-18 11:12:53,136] {processor.py:153} INFO - Started process (PID=268413) to work on /home/ubuntu/airflow/airflow_env/lib/python3.8/site-packages/airflow/example_dags/example_branch_day_of_week_operator.py
[2022-10-18 11:12:53,136] {processor.py:641} INFO - Processing file /home/ubuntu/airflow/airflow_env/lib/python3.8/site-packages/airflow/example_dags/example_branch_day_of_week_operator.py for tasks to queue
[2022-10-18 11:12:53,137] {logging_mixin.py:115} INFO - [2022-10-18 11:12:53,137] {dagbag.py:507} INFO - Filling up the DagBag from /home/ubuntu/airflow/airflow_env/lib/python3.8/site-packages/airflow/example_dags/example_branch_day_of_week_operator.py
[2022-10-18 11:12:53,145] {processor.py:651} INFO - DAG(s) dict_keys(['example_weekday_branch_operator']) retrieved from /home/ubuntu/airflow/airflow_env/lib/python3.8/site-packages/airflow/example_dags/example_branch_day_of_week_operator.py
[2022-10-18 11:12:53,161] {logging_mixin.py:115} INFO - [2022-10-18 11:12:53,160] {dag.py:2379} INFO - Sync 1 DAGs
[2022-10-18 11:12:53,177] {logging_mixin.py:115} INFO - [2022-10-18 11:12:53,177] {dag.py:2927} INFO - Setting next_dagrun for example_weekday_branch_operator to 2022-10-17T00:00:00+00:00, run_after=2022-10-18T00:00:00+00:00
[2022-10-18 11:12:53,192] {processor.py:161} INFO - Processing /home/ubuntu/airflow/airflow_env/lib/python3.8/site-packages/airflow/example_dags/example_branch_day_of_week_operator.py took 0.060 seconds
[2022-10-18 11:13:32,285] {processor.py:153} INFO - Started process (PID=268454) to work on /home/ubuntu/airflow/airflow_env/lib/python3.8/site-packages/airflow/example_dags/example_branch_day_of_week_operator.py
[2022-10-18 11:13:32,286] {processor.py:641} INFO - Processing file /home/ubuntu/airflow/airflow_env/lib/python3.8/site-packages/airflow/example_dags/example_branch_day_of_week_operator.py for tasks to queue
[2022-10-18 11:13:32,287] {logging_mixin.py:115} INFO - [2022-10-18 11:13:32,287] {dagbag.py:507} INFO - Filling up the DagBag from /home/ubuntu/airflow/airflow_env/lib/python3.8/site-packages/airflow/example_dags/example_branch_day_of_week_operator.py
[2022-10-18 11:13:32,296] {processor.py:651} INFO - DAG(s) dict_keys(['example_weekday_branch_operator']) retrieved from /home/ubuntu/airflow/airflow_env/lib/python3.8/site-packages/airflow/example_dags/example_branch_day_of_week_operator.py
[2022-10-18 11:13:32,322] {logging_mixin.py:115} INFO - [2022-10-18 11:13:32,322] {dag.py:2379} INFO - Sync 1 DAGs
[2022-10-18 11:13:32,346] {logging_mixin.py:115} INFO - [2022-10-18 11:13:32,345] {dag.py:2927} INFO - Setting next_dagrun for example_weekday_branch_operator to 2022-10-17T00:00:00+00:00, run_after=2022-10-18T00:00:00+00:00
[2022-10-18 11:13:32,358] {processor.py:161} INFO - Processing /home/ubuntu/airflow/airflow_env/lib/python3.8/site-packages/airflow/example_dags/example_branch_day_of_week_operator.py took 0.077 seconds
[2022-10-18 11:14:08,787] {processor.py:153} INFO - Started process (PID=268492) to work on /home/ubuntu/airflow/airflow_env/lib/python3.8/site-packages/airflow/example_dags/example_branch_day_of_week_operator.py
[2022-10-18 11:14:08,788] {processor.py:641} INFO - Processing file /home/ubuntu/airflow/airflow_env/lib/python3.8/site-packages/airflow/example_dags/example_branch_day_of_week_operator.py for tasks to queue
[2022-10-18 11:14:08,789] {logging_mixin.py:115} INFO - [2022-10-18 11:14:08,789] {dagbag.py:507} INFO - Filling up the DagBag from /home/ubuntu/airflow/airflow_env/lib/python3.8/site-packages/airflow/example_dags/example_branch_day_of_week_operator.py
[2022-10-18 11:14:08,797] {processor.py:651} INFO - DAG(s) dict_keys(['example_weekday_branch_operator']) retrieved from /home/ubuntu/airflow/airflow_env/lib/python3.8/site-packages/airflow/example_dags/example_branch_day_of_week_operator.py
[2022-10-18 11:14:08,823] {logging_mixin.py:115} INFO - [2022-10-18 11:14:08,823] {dag.py:2379} INFO - Sync 1 DAGs
[2022-10-18 11:14:08,841] {logging_mixin.py:115} INFO - [2022-10-18 11:14:08,841] {dag.py:2927} INFO - Setting next_dagrun for example_weekday_branch_operator to 2022-10-17T00:00:00+00:00, run_after=2022-10-18T00:00:00+00:00
[2022-10-18 11:14:08,854] {processor.py:161} INFO - Processing /home/ubuntu/airflow/airflow_env/lib/python3.8/site-packages/airflow/example_dags/example_branch_day_of_week_operator.py took 0.070 seconds
[2022-10-18 11:14:43,192] {processor.py:153} INFO - Started process (PID=268531) to work on /home/ubuntu/airflow/airflow_env/lib/python3.8/site-packages/airflow/example_dags/example_branch_day_of_week_operator.py
[2022-10-18 11:14:43,193] {processor.py:641} INFO - Processing file /home/ubuntu/airflow/airflow_env/lib/python3.8/site-packages/airflow/example_dags/example_branch_day_of_week_operator.py for tasks to queue
[2022-10-18 11:14:43,194] {logging_mixin.py:115} INFO - [2022-10-18 11:14:43,194] {dagbag.py:507} INFO - Filling up the DagBag from /home/ubuntu/airflow/airflow_env/lib/python3.8/site-packages/airflow/example_dags/example_branch_day_of_week_operator.py
[2022-10-18 11:14:43,204] {processor.py:651} INFO - DAG(s) dict_keys(['example_weekday_branch_operator']) retrieved from /home/ubuntu/airflow/airflow_env/lib/python3.8/site-packages/airflow/example_dags/example_branch_day_of_week_operator.py
[2022-10-18 11:14:43,223] {logging_mixin.py:115} INFO - [2022-10-18 11:14:43,223] {dag.py:2379} INFO - Sync 1 DAGs
[2022-10-18 11:14:43,239] {logging_mixin.py:115} INFO - [2022-10-18 11:14:43,239] {dag.py:2927} INFO - Setting next_dagrun for example_weekday_branch_operator to 2022-10-17T00:00:00+00:00, run_after=2022-10-18T00:00:00+00:00
[2022-10-18 11:14:43,254] {processor.py:161} INFO - Processing /home/ubuntu/airflow/airflow_env/lib/python3.8/site-packages/airflow/example_dags/example_branch_day_of_week_operator.py took 0.066 seconds
[2022-10-18 11:15:18,384] {processor.py:153} INFO - Started process (PID=268572) to work on /home/ubuntu/airflow/airflow_env/lib/python3.8/site-packages/airflow/example_dags/example_branch_day_of_week_operator.py
[2022-10-18 11:15:18,386] {processor.py:641} INFO - Processing file /home/ubuntu/airflow/airflow_env/lib/python3.8/site-packages/airflow/example_dags/example_branch_day_of_week_operator.py for tasks to queue
[2022-10-18 11:15:18,387] {logging_mixin.py:115} INFO - [2022-10-18 11:15:18,387] {dagbag.py:507} INFO - Filling up the DagBag from /home/ubuntu/airflow/airflow_env/lib/python3.8/site-packages/airflow/example_dags/example_branch_day_of_week_operator.py
[2022-10-18 11:15:18,400] {processor.py:651} INFO - DAG(s) dict_keys(['example_weekday_branch_operator']) retrieved from /home/ubuntu/airflow/airflow_env/lib/python3.8/site-packages/airflow/example_dags/example_branch_day_of_week_operator.py
[2022-10-18 11:15:18,426] {logging_mixin.py:115} INFO - [2022-10-18 11:15:18,426] {dag.py:2379} INFO - Sync 1 DAGs
[2022-10-18 11:15:18,458] {logging_mixin.py:115} INFO - [2022-10-18 11:15:18,458] {dag.py:2927} INFO - Setting next_dagrun for example_weekday_branch_operator to 2022-10-17T00:00:00+00:00, run_after=2022-10-18T00:00:00+00:00
[2022-10-18 11:15:18,477] {processor.py:161} INFO - Processing /home/ubuntu/airflow/airflow_env/lib/python3.8/site-packages/airflow/example_dags/example_branch_day_of_week_operator.py took 0.099 seconds
[2022-10-18 11:15:57,437] {processor.py:153} INFO - Started process (PID=268616) to work on /home/ubuntu/airflow/airflow_env/lib/python3.8/site-packages/airflow/example_dags/example_branch_day_of_week_operator.py
[2022-10-18 11:15:57,437] {processor.py:641} INFO - Processing file /home/ubuntu/airflow/airflow_env/lib/python3.8/site-packages/airflow/example_dags/example_branch_day_of_week_operator.py for tasks to queue
[2022-10-18 11:15:57,438] {logging_mixin.py:115} INFO - [2022-10-18 11:15:57,438] {dagbag.py:507} INFO - Filling up the DagBag from /home/ubuntu/airflow/airflow_env/lib/python3.8/site-packages/airflow/example_dags/example_branch_day_of_week_operator.py
[2022-10-18 11:15:57,446] {processor.py:651} INFO - DAG(s) dict_keys(['example_weekday_branch_operator']) retrieved from /home/ubuntu/airflow/airflow_env/lib/python3.8/site-packages/airflow/example_dags/example_branch_day_of_week_operator.py
[2022-10-18 11:15:57,466] {logging_mixin.py:115} INFO - [2022-10-18 11:15:57,466] {dag.py:2379} INFO - Sync 1 DAGs
[2022-10-18 11:15:57,482] {logging_mixin.py:115} INFO - [2022-10-18 11:15:57,482] {dag.py:2927} INFO - Setting next_dagrun for example_weekday_branch_operator to 2022-10-17T00:00:00+00:00, run_after=2022-10-18T00:00:00+00:00
[2022-10-18 11:15:57,495] {processor.py:161} INFO - Processing /home/ubuntu/airflow/airflow_env/lib/python3.8/site-packages/airflow/example_dags/example_branch_day_of_week_operator.py took 0.062 seconds
[2022-10-18 11:16:33,563] {processor.py:153} INFO - Started process (PID=268659) to work on /home/ubuntu/airflow/airflow_env/lib/python3.8/site-packages/airflow/example_dags/example_branch_day_of_week_operator.py
[2022-10-18 11:16:33,564] {processor.py:641} INFO - Processing file /home/ubuntu/airflow/airflow_env/lib/python3.8/site-packages/airflow/example_dags/example_branch_day_of_week_operator.py for tasks to queue
[2022-10-18 11:16:33,565] {logging_mixin.py:115} INFO - [2022-10-18 11:16:33,565] {dagbag.py:507} INFO - Filling up the DagBag from /home/ubuntu/airflow/airflow_env/lib/python3.8/site-packages/airflow/example_dags/example_branch_day_of_week_operator.py
[2022-10-18 11:16:33,573] {processor.py:651} INFO - DAG(s) dict_keys(['example_weekday_branch_operator']) retrieved from /home/ubuntu/airflow/airflow_env/lib/python3.8/site-packages/airflow/example_dags/example_branch_day_of_week_operator.py
[2022-10-18 11:16:33,593] {logging_mixin.py:115} INFO - [2022-10-18 11:16:33,593] {dag.py:2379} INFO - Sync 1 DAGs
[2022-10-18 11:16:33,609] {logging_mixin.py:115} INFO - [2022-10-18 11:16:33,609] {dag.py:2927} INFO - Setting next_dagrun for example_weekday_branch_operator to 2022-10-17T00:00:00+00:00, run_after=2022-10-18T00:00:00+00:00
[2022-10-18 11:16:33,621] {processor.py:161} INFO - Processing /home/ubuntu/airflow/airflow_env/lib/python3.8/site-packages/airflow/example_dags/example_branch_day_of_week_operator.py took 0.061 seconds
[2022-10-18 11:17:08,682] {processor.py:153} INFO - Started process (PID=268700) to work on /home/ubuntu/airflow/airflow_env/lib/python3.8/site-packages/airflow/example_dags/example_branch_day_of_week_operator.py
[2022-10-18 11:17:08,683] {processor.py:641} INFO - Processing file /home/ubuntu/airflow/airflow_env/lib/python3.8/site-packages/airflow/example_dags/example_branch_day_of_week_operator.py for tasks to queue
[2022-10-18 11:17:08,684] {logging_mixin.py:115} INFO - [2022-10-18 11:17:08,684] {dagbag.py:507} INFO - Filling up the DagBag from /home/ubuntu/airflow/airflow_env/lib/python3.8/site-packages/airflow/example_dags/example_branch_day_of_week_operator.py
[2022-10-18 11:17:08,692] {processor.py:651} INFO - DAG(s) dict_keys(['example_weekday_branch_operator']) retrieved from /home/ubuntu/airflow/airflow_env/lib/python3.8/site-packages/airflow/example_dags/example_branch_day_of_week_operator.py
[2022-10-18 11:17:08,709] {logging_mixin.py:115} INFO - [2022-10-18 11:17:08,709] {dag.py:2379} INFO - Sync 1 DAGs
[2022-10-18 11:17:08,726] {logging_mixin.py:115} INFO - [2022-10-18 11:17:08,726] {dag.py:2927} INFO - Setting next_dagrun for example_weekday_branch_operator to 2022-10-17T00:00:00+00:00, run_after=2022-10-18T00:00:00+00:00
[2022-10-18 11:17:08,742] {processor.py:161} INFO - Processing /home/ubuntu/airflow/airflow_env/lib/python3.8/site-packages/airflow/example_dags/example_branch_day_of_week_operator.py took 0.063 seconds
[2022-10-18 11:17:45,704] {processor.py:153} INFO - Started process (PID=268786) to work on /home/ubuntu/airflow/airflow_env/lib/python3.8/site-packages/airflow/example_dags/example_branch_day_of_week_operator.py
[2022-10-18 11:17:45,705] {processor.py:641} INFO - Processing file /home/ubuntu/airflow/airflow_env/lib/python3.8/site-packages/airflow/example_dags/example_branch_day_of_week_operator.py for tasks to queue
[2022-10-18 11:17:45,706] {logging_mixin.py:115} INFO - [2022-10-18 11:17:45,706] {dagbag.py:507} INFO - Filling up the DagBag from /home/ubuntu/airflow/airflow_env/lib/python3.8/site-packages/airflow/example_dags/example_branch_day_of_week_operator.py
[2022-10-18 11:17:45,714] {processor.py:651} INFO - DAG(s) dict_keys(['example_weekday_branch_operator']) retrieved from /home/ubuntu/airflow/airflow_env/lib/python3.8/site-packages/airflow/example_dags/example_branch_day_of_week_operator.py
[2022-10-18 11:17:45,734] {logging_mixin.py:115} INFO - [2022-10-18 11:17:45,734] {dag.py:2379} INFO - Sync 1 DAGs
[2022-10-18 11:17:45,755] {logging_mixin.py:115} INFO - [2022-10-18 11:17:45,755] {dag.py:2927} INFO - Setting next_dagrun for example_weekday_branch_operator to 2022-10-17T00:00:00+00:00, run_after=2022-10-18T00:00:00+00:00
[2022-10-18 11:17:45,768] {processor.py:161} INFO - Processing /home/ubuntu/airflow/airflow_env/lib/python3.8/site-packages/airflow/example_dags/example_branch_day_of_week_operator.py took 0.067 seconds
[2022-10-18 11:18:21,152] {processor.py:153} INFO - Started process (PID=268834) to work on /home/ubuntu/airflow/airflow_env/lib/python3.8/site-packages/airflow/example_dags/example_branch_day_of_week_operator.py
[2022-10-18 11:18:21,153] {processor.py:641} INFO - Processing file /home/ubuntu/airflow/airflow_env/lib/python3.8/site-packages/airflow/example_dags/example_branch_day_of_week_operator.py for tasks to queue
[2022-10-18 11:18:21,154] {logging_mixin.py:115} INFO - [2022-10-18 11:18:21,154] {dagbag.py:507} INFO - Filling up the DagBag from /home/ubuntu/airflow/airflow_env/lib/python3.8/site-packages/airflow/example_dags/example_branch_day_of_week_operator.py
[2022-10-18 11:18:21,166] {processor.py:651} INFO - DAG(s) dict_keys(['example_weekday_branch_operator']) retrieved from /home/ubuntu/airflow/airflow_env/lib/python3.8/site-packages/airflow/example_dags/example_branch_day_of_week_operator.py
[2022-10-18 11:18:21,187] {logging_mixin.py:115} INFO - [2022-10-18 11:18:21,187] {dag.py:2379} INFO - Sync 1 DAGs
[2022-10-18 11:18:21,214] {logging_mixin.py:115} INFO - [2022-10-18 11:18:21,213] {dag.py:2927} INFO - Setting next_dagrun for example_weekday_branch_operator to 2022-10-17T00:00:00+00:00, run_after=2022-10-18T00:00:00+00:00
[2022-10-18 11:18:21,231] {processor.py:161} INFO - Processing /home/ubuntu/airflow/airflow_env/lib/python3.8/site-packages/airflow/example_dags/example_branch_day_of_week_operator.py took 0.084 seconds
[2022-10-18 11:19:01,336] {processor.py:153} INFO - Started process (PID=269037) to work on /home/ubuntu/airflow/airflow_env/lib/python3.8/site-packages/airflow/example_dags/example_branch_day_of_week_operator.py
[2022-10-18 11:19:01,338] {processor.py:641} INFO - Processing file /home/ubuntu/airflow/airflow_env/lib/python3.8/site-packages/airflow/example_dags/example_branch_day_of_week_operator.py for tasks to queue
[2022-10-18 11:19:01,339] {logging_mixin.py:115} INFO - [2022-10-18 11:19:01,338] {dagbag.py:507} INFO - Filling up the DagBag from /home/ubuntu/airflow/airflow_env/lib/python3.8/site-packages/airflow/example_dags/example_branch_day_of_week_operator.py
[2022-10-18 11:19:01,350] {processor.py:651} INFO - DAG(s) dict_keys(['example_weekday_branch_operator']) retrieved from /home/ubuntu/airflow/airflow_env/lib/python3.8/site-packages/airflow/example_dags/example_branch_day_of_week_operator.py
[2022-10-18 11:19:01,384] {logging_mixin.py:115} INFO - [2022-10-18 11:19:01,384] {dag.py:2379} INFO - Sync 1 DAGs
[2022-10-18 11:19:01,421] {logging_mixin.py:115} INFO - [2022-10-18 11:19:01,421] {dag.py:2927} INFO - Setting next_dagrun for example_weekday_branch_operator to 2022-10-17T00:00:00+00:00, run_after=2022-10-18T00:00:00+00:00
[2022-10-18 11:19:01,440] {processor.py:161} INFO - Processing /home/ubuntu/airflow/airflow_env/lib/python3.8/site-packages/airflow/example_dags/example_branch_day_of_week_operator.py took 0.112 seconds
[2022-10-18 11:21:59,926] {processor.py:153} INFO - Started process (PID=270486) to work on /home/ubuntu/airflow/airflow_env/lib/python3.8/site-packages/airflow/example_dags/example_branch_day_of_week_operator.py
[2022-10-18 11:21:59,927] {processor.py:641} INFO - Processing file /home/ubuntu/airflow/airflow_env/lib/python3.8/site-packages/airflow/example_dags/example_branch_day_of_week_operator.py for tasks to queue
[2022-10-18 11:21:59,928] {logging_mixin.py:115} INFO - [2022-10-18 11:21:59,928] {dagbag.py:507} INFO - Filling up the DagBag from /home/ubuntu/airflow/airflow_env/lib/python3.8/site-packages/airflow/example_dags/example_branch_day_of_week_operator.py
[2022-10-18 11:21:59,938] {processor.py:651} INFO - DAG(s) dict_keys(['example_weekday_branch_operator']) retrieved from /home/ubuntu/airflow/airflow_env/lib/python3.8/site-packages/airflow/example_dags/example_branch_day_of_week_operator.py
[2022-10-18 11:21:59,958] {logging_mixin.py:115} INFO - [2022-10-18 11:21:59,958] {dag.py:2379} INFO - Sync 1 DAGs
[2022-10-18 11:21:59,973] {logging_mixin.py:115} INFO - [2022-10-18 11:21:59,972] {dag.py:2927} INFO - Setting next_dagrun for example_weekday_branch_operator to 2022-10-17T00:00:00+00:00, run_after=2022-10-18T00:00:00+00:00
[2022-10-18 11:21:59,985] {processor.py:161} INFO - Processing /home/ubuntu/airflow/airflow_env/lib/python3.8/site-packages/airflow/example_dags/example_branch_day_of_week_operator.py took 0.063 seconds
