[2022-10-18 00:12:40,137] {processor.py:153} INFO - Started process (PID=265832) to work on /home/ubuntu/airflow/airflow_env/lib/python3.8/site-packages/airflow/example_dags/example_trigger_controller_dag.py
[2022-10-18 00:12:40,137] {processor.py:641} INFO - Processing file /home/ubuntu/airflow/airflow_env/lib/python3.8/site-packages/airflow/example_dags/example_trigger_controller_dag.py for tasks to queue
[2022-10-18 00:12:40,138] {logging_mixin.py:115} INFO - [2022-10-18 00:12:40,138] {dagbag.py:507} INFO - Filling up the DagBag from /home/ubuntu/airflow/airflow_env/lib/python3.8/site-packages/airflow/example_dags/example_trigger_controller_dag.py
[2022-10-18 00:12:40,154] {processor.py:651} INFO - DAG(s) dict_keys(['example_trigger_controller_dag']) retrieved from /home/ubuntu/airflow/airflow_env/lib/python3.8/site-packages/airflow/example_dags/example_trigger_controller_dag.py
[2022-10-18 00:12:40,347] {logging_mixin.py:115} INFO - [2022-10-18 00:12:40,347] {dag.py:2379} INFO - Sync 1 DAGs
[2022-10-18 00:12:40,560] {logging_mixin.py:115} INFO - [2022-10-18 00:12:40,560] {dag.py:2927} INFO - Setting next_dagrun for example_trigger_controller_dag to 2021-01-01T00:00:00+00:00, run_after=2021-01-01T00:00:00+00:00
[2022-10-18 00:12:40,628] {processor.py:161} INFO - Processing /home/ubuntu/airflow/airflow_env/lib/python3.8/site-packages/airflow/example_dags/example_trigger_controller_dag.py took 0.511 seconds
[2022-10-18 00:13:16,119] {processor.py:153} INFO - Started process (PID=265924) to work on /home/ubuntu/airflow/airflow_env/lib/python3.8/site-packages/airflow/example_dags/example_trigger_controller_dag.py
[2022-10-18 00:13:16,120] {processor.py:641} INFO - Processing file /home/ubuntu/airflow/airflow_env/lib/python3.8/site-packages/airflow/example_dags/example_trigger_controller_dag.py for tasks to queue
[2022-10-18 00:13:16,121] {logging_mixin.py:115} INFO - [2022-10-18 00:13:16,120] {dagbag.py:507} INFO - Filling up the DagBag from /home/ubuntu/airflow/airflow_env/lib/python3.8/site-packages/airflow/example_dags/example_trigger_controller_dag.py
[2022-10-18 00:13:16,125] {processor.py:651} INFO - DAG(s) dict_keys(['example_trigger_controller_dag']) retrieved from /home/ubuntu/airflow/airflow_env/lib/python3.8/site-packages/airflow/example_dags/example_trigger_controller_dag.py
[2022-10-18 00:13:16,149] {logging_mixin.py:115} INFO - [2022-10-18 00:13:16,149] {dag.py:2379} INFO - Sync 1 DAGs
[2022-10-18 00:13:16,172] {logging_mixin.py:115} INFO - [2022-10-18 00:13:16,172] {dag.py:2927} INFO - Setting next_dagrun for example_trigger_controller_dag to 2021-01-01T00:00:00+00:00, run_after=2021-01-01T00:00:00+00:00
[2022-10-18 00:13:16,187] {processor.py:161} INFO - Processing /home/ubuntu/airflow/airflow_env/lib/python3.8/site-packages/airflow/example_dags/example_trigger_controller_dag.py took 0.074 seconds
[2022-10-18 00:13:51,292] {processor.py:153} INFO - Started process (PID=265976) to work on /home/ubuntu/airflow/airflow_env/lib/python3.8/site-packages/airflow/example_dags/example_trigger_controller_dag.py
[2022-10-18 00:13:51,293] {processor.py:641} INFO - Processing file /home/ubuntu/airflow/airflow_env/lib/python3.8/site-packages/airflow/example_dags/example_trigger_controller_dag.py for tasks to queue
[2022-10-18 00:13:51,294] {logging_mixin.py:115} INFO - [2022-10-18 00:13:51,294] {dagbag.py:507} INFO - Filling up the DagBag from /home/ubuntu/airflow/airflow_env/lib/python3.8/site-packages/airflow/example_dags/example_trigger_controller_dag.py
[2022-10-18 00:13:51,298] {processor.py:651} INFO - DAG(s) dict_keys(['example_trigger_controller_dag']) retrieved from /home/ubuntu/airflow/airflow_env/lib/python3.8/site-packages/airflow/example_dags/example_trigger_controller_dag.py
[2022-10-18 00:13:51,320] {logging_mixin.py:115} INFO - [2022-10-18 00:13:51,320] {dag.py:2379} INFO - Sync 1 DAGs
[2022-10-18 00:13:51,339] {logging_mixin.py:115} INFO - [2022-10-18 00:13:51,339] {dag.py:2927} INFO - Setting next_dagrun for example_trigger_controller_dag to 2021-01-01T00:00:00+00:00, run_after=2021-01-01T00:00:00+00:00
[2022-10-18 00:13:51,355] {processor.py:161} INFO - Processing /home/ubuntu/airflow/airflow_env/lib/python3.8/site-packages/airflow/example_dags/example_trigger_controller_dag.py took 0.067 seconds
[2022-10-18 00:14:26,134] {processor.py:153} INFO - Started process (PID=266042) to work on /home/ubuntu/airflow/airflow_env/lib/python3.8/site-packages/airflow/example_dags/example_trigger_controller_dag.py
[2022-10-18 00:14:26,135] {processor.py:641} INFO - Processing file /home/ubuntu/airflow/airflow_env/lib/python3.8/site-packages/airflow/example_dags/example_trigger_controller_dag.py for tasks to queue
[2022-10-18 00:14:26,136] {logging_mixin.py:115} INFO - [2022-10-18 00:14:26,135] {dagbag.py:507} INFO - Filling up the DagBag from /home/ubuntu/airflow/airflow_env/lib/python3.8/site-packages/airflow/example_dags/example_trigger_controller_dag.py
[2022-10-18 00:14:26,140] {processor.py:651} INFO - DAG(s) dict_keys(['example_trigger_controller_dag']) retrieved from /home/ubuntu/airflow/airflow_env/lib/python3.8/site-packages/airflow/example_dags/example_trigger_controller_dag.py
[2022-10-18 00:14:26,162] {logging_mixin.py:115} INFO - [2022-10-18 00:14:26,162] {dag.py:2379} INFO - Sync 1 DAGs
[2022-10-18 00:14:26,182] {logging_mixin.py:115} INFO - [2022-10-18 00:14:26,181] {dag.py:2927} INFO - Setting next_dagrun for example_trigger_controller_dag to 2021-01-01T00:00:00+00:00, run_after=2021-01-01T00:00:00+00:00
[2022-10-18 00:14:26,196] {processor.py:161} INFO - Processing /home/ubuntu/airflow/airflow_env/lib/python3.8/site-packages/airflow/example_dags/example_trigger_controller_dag.py took 0.067 seconds
[2022-10-18 00:15:01,248] {processor.py:153} INFO - Started process (PID=266132) to work on /home/ubuntu/airflow/airflow_env/lib/python3.8/site-packages/airflow/example_dags/example_trigger_controller_dag.py
[2022-10-18 00:15:01,250] {processor.py:641} INFO - Processing file /home/ubuntu/airflow/airflow_env/lib/python3.8/site-packages/airflow/example_dags/example_trigger_controller_dag.py for tasks to queue
[2022-10-18 00:15:01,252] {logging_mixin.py:115} INFO - [2022-10-18 00:15:01,252] {dagbag.py:507} INFO - Filling up the DagBag from /home/ubuntu/airflow/airflow_env/lib/python3.8/site-packages/airflow/example_dags/example_trigger_controller_dag.py
[2022-10-18 00:15:01,256] {processor.py:651} INFO - DAG(s) dict_keys(['example_trigger_controller_dag']) retrieved from /home/ubuntu/airflow/airflow_env/lib/python3.8/site-packages/airflow/example_dags/example_trigger_controller_dag.py
[2022-10-18 00:15:01,277] {logging_mixin.py:115} INFO - [2022-10-18 00:15:01,277] {dag.py:2379} INFO - Sync 1 DAGs
[2022-10-18 00:15:01,295] {logging_mixin.py:115} INFO - [2022-10-18 00:15:01,294] {dag.py:2927} INFO - Setting next_dagrun for example_trigger_controller_dag to 2021-01-01T00:00:00+00:00, run_after=2021-01-01T00:00:00+00:00
[2022-10-18 00:15:01,310] {processor.py:161} INFO - Processing /home/ubuntu/airflow/airflow_env/lib/python3.8/site-packages/airflow/example_dags/example_trigger_controller_dag.py took 0.076 seconds
[2022-10-18 00:15:35,668] {processor.py:153} INFO - Started process (PID=266173) to work on /home/ubuntu/airflow/airflow_env/lib/python3.8/site-packages/airflow/example_dags/example_trigger_controller_dag.py
[2022-10-18 00:15:35,670] {processor.py:641} INFO - Processing file /home/ubuntu/airflow/airflow_env/lib/python3.8/site-packages/airflow/example_dags/example_trigger_controller_dag.py for tasks to queue
[2022-10-18 00:15:35,671] {logging_mixin.py:115} INFO - [2022-10-18 00:15:35,671] {dagbag.py:507} INFO - Filling up the DagBag from /home/ubuntu/airflow/airflow_env/lib/python3.8/site-packages/airflow/example_dags/example_trigger_controller_dag.py
[2022-10-18 00:15:35,677] {processor.py:651} INFO - DAG(s) dict_keys(['example_trigger_controller_dag']) retrieved from /home/ubuntu/airflow/airflow_env/lib/python3.8/site-packages/airflow/example_dags/example_trigger_controller_dag.py
[2022-10-18 00:15:35,715] {logging_mixin.py:115} INFO - [2022-10-18 00:15:35,714] {dag.py:2379} INFO - Sync 1 DAGs
[2022-10-18 00:15:35,748] {logging_mixin.py:115} INFO - [2022-10-18 00:15:35,748] {dag.py:2927} INFO - Setting next_dagrun for example_trigger_controller_dag to 2021-01-01T00:00:00+00:00, run_after=2021-01-01T00:00:00+00:00
[2022-10-18 00:15:35,789] {processor.py:161} INFO - Processing /home/ubuntu/airflow/airflow_env/lib/python3.8/site-packages/airflow/example_dags/example_trigger_controller_dag.py took 0.128 seconds
[2022-10-18 00:16:10,347] {processor.py:153} INFO - Started process (PID=266211) to work on /home/ubuntu/airflow/airflow_env/lib/python3.8/site-packages/airflow/example_dags/example_trigger_controller_dag.py
[2022-10-18 00:16:10,352] {processor.py:641} INFO - Processing file /home/ubuntu/airflow/airflow_env/lib/python3.8/site-packages/airflow/example_dags/example_trigger_controller_dag.py for tasks to queue
[2022-10-18 00:16:10,353] {logging_mixin.py:115} INFO - [2022-10-18 00:16:10,353] {dagbag.py:507} INFO - Filling up the DagBag from /home/ubuntu/airflow/airflow_env/lib/python3.8/site-packages/airflow/example_dags/example_trigger_controller_dag.py
[2022-10-18 00:16:10,361] {processor.py:651} INFO - DAG(s) dict_keys(['example_trigger_controller_dag']) retrieved from /home/ubuntu/airflow/airflow_env/lib/python3.8/site-packages/airflow/example_dags/example_trigger_controller_dag.py
[2022-10-18 00:16:10,388] {logging_mixin.py:115} INFO - [2022-10-18 00:16:10,388] {dag.py:2379} INFO - Sync 1 DAGs
[2022-10-18 00:16:10,411] {logging_mixin.py:115} INFO - [2022-10-18 00:16:10,410] {dag.py:2927} INFO - Setting next_dagrun for example_trigger_controller_dag to 2021-01-01T00:00:00+00:00, run_after=2021-01-01T00:00:00+00:00
[2022-10-18 00:16:10,435] {processor.py:161} INFO - Processing /home/ubuntu/airflow/airflow_env/lib/python3.8/site-packages/airflow/example_dags/example_trigger_controller_dag.py took 0.094 seconds
[2022-10-18 00:16:45,489] {processor.py:153} INFO - Started process (PID=266252) to work on /home/ubuntu/airflow/airflow_env/lib/python3.8/site-packages/airflow/example_dags/example_trigger_controller_dag.py
[2022-10-18 00:16:45,490] {processor.py:641} INFO - Processing file /home/ubuntu/airflow/airflow_env/lib/python3.8/site-packages/airflow/example_dags/example_trigger_controller_dag.py for tasks to queue
[2022-10-18 00:16:45,491] {logging_mixin.py:115} INFO - [2022-10-18 00:16:45,491] {dagbag.py:507} INFO - Filling up the DagBag from /home/ubuntu/airflow/airflow_env/lib/python3.8/site-packages/airflow/example_dags/example_trigger_controller_dag.py
[2022-10-18 00:16:45,497] {processor.py:651} INFO - DAG(s) dict_keys(['example_trigger_controller_dag']) retrieved from /home/ubuntu/airflow/airflow_env/lib/python3.8/site-packages/airflow/example_dags/example_trigger_controller_dag.py
[2022-10-18 00:16:45,526] {logging_mixin.py:115} INFO - [2022-10-18 00:16:45,526] {dag.py:2379} INFO - Sync 1 DAGs
[2022-10-18 00:16:45,546] {logging_mixin.py:115} INFO - [2022-10-18 00:16:45,546] {dag.py:2927} INFO - Setting next_dagrun for example_trigger_controller_dag to 2021-01-01T00:00:00+00:00, run_after=2021-01-01T00:00:00+00:00
[2022-10-18 00:16:45,561] {processor.py:161} INFO - Processing /home/ubuntu/airflow/airflow_env/lib/python3.8/site-packages/airflow/example_dags/example_trigger_controller_dag.py took 0.078 seconds
[2022-10-18 00:17:21,314] {processor.py:153} INFO - Started process (PID=266306) to work on /home/ubuntu/airflow/airflow_env/lib/python3.8/site-packages/airflow/example_dags/example_trigger_controller_dag.py
[2022-10-18 00:17:21,314] {processor.py:641} INFO - Processing file /home/ubuntu/airflow/airflow_env/lib/python3.8/site-packages/airflow/example_dags/example_trigger_controller_dag.py for tasks to queue
[2022-10-18 00:17:21,315] {logging_mixin.py:115} INFO - [2022-10-18 00:17:21,315] {dagbag.py:507} INFO - Filling up the DagBag from /home/ubuntu/airflow/airflow_env/lib/python3.8/site-packages/airflow/example_dags/example_trigger_controller_dag.py
[2022-10-18 00:17:21,319] {processor.py:651} INFO - DAG(s) dict_keys(['example_trigger_controller_dag']) retrieved from /home/ubuntu/airflow/airflow_env/lib/python3.8/site-packages/airflow/example_dags/example_trigger_controller_dag.py
[2022-10-18 00:17:21,340] {logging_mixin.py:115} INFO - [2022-10-18 00:17:21,340] {dag.py:2379} INFO - Sync 1 DAGs
[2022-10-18 00:17:21,355] {logging_mixin.py:115} INFO - [2022-10-18 00:17:21,355] {dag.py:2927} INFO - Setting next_dagrun for example_trigger_controller_dag to 2021-01-01T00:00:00+00:00, run_after=2021-01-01T00:00:00+00:00
[2022-10-18 00:17:21,367] {processor.py:161} INFO - Processing /home/ubuntu/airflow/airflow_env/lib/python3.8/site-packages/airflow/example_dags/example_trigger_controller_dag.py took 0.058 seconds
[2022-10-18 00:17:53,904] {processor.py:153} INFO - Started process (PID=266353) to work on /home/ubuntu/airflow/airflow_env/lib/python3.8/site-packages/airflow/example_dags/example_trigger_controller_dag.py
[2022-10-18 00:17:53,905] {processor.py:641} INFO - Processing file /home/ubuntu/airflow/airflow_env/lib/python3.8/site-packages/airflow/example_dags/example_trigger_controller_dag.py for tasks to queue
[2022-10-18 00:17:53,906] {logging_mixin.py:115} INFO - [2022-10-18 00:17:53,906] {dagbag.py:507} INFO - Filling up the DagBag from /home/ubuntu/airflow/airflow_env/lib/python3.8/site-packages/airflow/example_dags/example_trigger_controller_dag.py
[2022-10-18 00:17:53,912] {processor.py:651} INFO - DAG(s) dict_keys(['example_trigger_controller_dag']) retrieved from /home/ubuntu/airflow/airflow_env/lib/python3.8/site-packages/airflow/example_dags/example_trigger_controller_dag.py
[2022-10-18 00:17:53,949] {logging_mixin.py:115} INFO - [2022-10-18 00:17:53,949] {dag.py:2379} INFO - Sync 1 DAGs
[2022-10-18 00:17:53,976] {logging_mixin.py:115} INFO - [2022-10-18 00:17:53,976] {dag.py:2927} INFO - Setting next_dagrun for example_trigger_controller_dag to 2021-01-01T00:00:00+00:00, run_after=2021-01-01T00:00:00+00:00
[2022-10-18 00:17:53,997] {processor.py:161} INFO - Processing /home/ubuntu/airflow/airflow_env/lib/python3.8/site-packages/airflow/example_dags/example_trigger_controller_dag.py took 0.098 seconds
[2022-10-18 11:02:51,177] {processor.py:153} INFO - Started process (PID=266889) to work on /home/ubuntu/airflow/airflow_env/lib/python3.8/site-packages/airflow/example_dags/example_trigger_controller_dag.py
[2022-10-18 11:02:51,178] {processor.py:641} INFO - Processing file /home/ubuntu/airflow/airflow_env/lib/python3.8/site-packages/airflow/example_dags/example_trigger_controller_dag.py for tasks to queue
[2022-10-18 11:02:51,179] {logging_mixin.py:115} INFO - [2022-10-18 11:02:51,179] {dagbag.py:507} INFO - Filling up the DagBag from /home/ubuntu/airflow/airflow_env/lib/python3.8/site-packages/airflow/example_dags/example_trigger_controller_dag.py
[2022-10-18 11:02:51,186] {processor.py:651} INFO - DAG(s) dict_keys(['example_trigger_controller_dag']) retrieved from /home/ubuntu/airflow/airflow_env/lib/python3.8/site-packages/airflow/example_dags/example_trigger_controller_dag.py
[2022-10-18 11:02:51,222] {logging_mixin.py:115} INFO - [2022-10-18 11:02:51,222] {dag.py:2379} INFO - Sync 1 DAGs
[2022-10-18 11:02:51,245] {logging_mixin.py:115} INFO - [2022-10-18 11:02:51,245] {dag.py:2927} INFO - Setting next_dagrun for example_trigger_controller_dag to 2021-01-01T00:00:00+00:00, run_after=2021-01-01T00:00:00+00:00
[2022-10-18 11:02:51,260] {processor.py:161} INFO - Processing /home/ubuntu/airflow/airflow_env/lib/python3.8/site-packages/airflow/example_dags/example_trigger_controller_dag.py took 0.090 seconds
[2022-10-18 11:03:27,209] {processor.py:153} INFO - Started process (PID=267427) to work on /home/ubuntu/airflow/airflow_env/lib/python3.8/site-packages/airflow/example_dags/example_trigger_controller_dag.py
[2022-10-18 11:03:27,210] {processor.py:641} INFO - Processing file /home/ubuntu/airflow/airflow_env/lib/python3.8/site-packages/airflow/example_dags/example_trigger_controller_dag.py for tasks to queue
[2022-10-18 11:03:27,211] {logging_mixin.py:115} INFO - [2022-10-18 11:03:27,211] {dagbag.py:507} INFO - Filling up the DagBag from /home/ubuntu/airflow/airflow_env/lib/python3.8/site-packages/airflow/example_dags/example_trigger_controller_dag.py
[2022-10-18 11:03:27,216] {processor.py:651} INFO - DAG(s) dict_keys(['example_trigger_controller_dag']) retrieved from /home/ubuntu/airflow/airflow_env/lib/python3.8/site-packages/airflow/example_dags/example_trigger_controller_dag.py
[2022-10-18 11:03:27,234] {logging_mixin.py:115} INFO - [2022-10-18 11:03:27,234] {dag.py:2379} INFO - Sync 1 DAGs
[2022-10-18 11:03:27,249] {logging_mixin.py:115} INFO - [2022-10-18 11:03:27,249] {dag.py:2927} INFO - Setting next_dagrun for example_trigger_controller_dag to 2021-01-01T00:00:00+00:00, run_after=2021-01-01T00:00:00+00:00
[2022-10-18 11:03:27,260] {processor.py:161} INFO - Processing /home/ubuntu/airflow/airflow_env/lib/python3.8/site-packages/airflow/example_dags/example_trigger_controller_dag.py took 0.055 seconds
[2022-10-18 11:04:02,053] {processor.py:153} INFO - Started process (PID=267465) to work on /home/ubuntu/airflow/airflow_env/lib/python3.8/site-packages/airflow/example_dags/example_trigger_controller_dag.py
[2022-10-18 11:04:02,054] {processor.py:641} INFO - Processing file /home/ubuntu/airflow/airflow_env/lib/python3.8/site-packages/airflow/example_dags/example_trigger_controller_dag.py for tasks to queue
[2022-10-18 11:04:02,055] {logging_mixin.py:115} INFO - [2022-10-18 11:04:02,054] {dagbag.py:507} INFO - Filling up the DagBag from /home/ubuntu/airflow/airflow_env/lib/python3.8/site-packages/airflow/example_dags/example_trigger_controller_dag.py
[2022-10-18 11:04:02,059] {processor.py:651} INFO - DAG(s) dict_keys(['example_trigger_controller_dag']) retrieved from /home/ubuntu/airflow/airflow_env/lib/python3.8/site-packages/airflow/example_dags/example_trigger_controller_dag.py
[2022-10-18 11:04:02,079] {logging_mixin.py:115} INFO - [2022-10-18 11:04:02,079] {dag.py:2379} INFO - Sync 1 DAGs
[2022-10-18 11:04:02,098] {logging_mixin.py:115} INFO - [2022-10-18 11:04:02,098] {dag.py:2927} INFO - Setting next_dagrun for example_trigger_controller_dag to 2021-01-01T00:00:00+00:00, run_after=2021-01-01T00:00:00+00:00
[2022-10-18 11:04:02,111] {processor.py:161} INFO - Processing /home/ubuntu/airflow/airflow_env/lib/python3.8/site-packages/airflow/example_dags/example_trigger_controller_dag.py took 0.061 seconds
[2022-10-18 11:04:36,279] {processor.py:153} INFO - Started process (PID=267503) to work on /home/ubuntu/airflow/airflow_env/lib/python3.8/site-packages/airflow/example_dags/example_trigger_controller_dag.py
[2022-10-18 11:04:36,279] {processor.py:641} INFO - Processing file /home/ubuntu/airflow/airflow_env/lib/python3.8/site-packages/airflow/example_dags/example_trigger_controller_dag.py for tasks to queue
[2022-10-18 11:04:36,280] {logging_mixin.py:115} INFO - [2022-10-18 11:04:36,280] {dagbag.py:507} INFO - Filling up the DagBag from /home/ubuntu/airflow/airflow_env/lib/python3.8/site-packages/airflow/example_dags/example_trigger_controller_dag.py
[2022-10-18 11:04:36,285] {processor.py:651} INFO - DAG(s) dict_keys(['example_trigger_controller_dag']) retrieved from /home/ubuntu/airflow/airflow_env/lib/python3.8/site-packages/airflow/example_dags/example_trigger_controller_dag.py
[2022-10-18 11:04:36,303] {logging_mixin.py:115} INFO - [2022-10-18 11:04:36,303] {dag.py:2379} INFO - Sync 1 DAGs
[2022-10-18 11:04:36,317] {logging_mixin.py:115} INFO - [2022-10-18 11:04:36,317] {dag.py:2927} INFO - Setting next_dagrun for example_trigger_controller_dag to 2021-01-01T00:00:00+00:00, run_after=2021-01-01T00:00:00+00:00
[2022-10-18 11:04:36,332] {processor.py:161} INFO - Processing /home/ubuntu/airflow/airflow_env/lib/python3.8/site-packages/airflow/example_dags/example_trigger_controller_dag.py took 0.058 seconds
[2022-10-18 11:05:12,329] {processor.py:153} INFO - Started process (PID=267606) to work on /home/ubuntu/airflow/airflow_env/lib/python3.8/site-packages/airflow/example_dags/example_trigger_controller_dag.py
[2022-10-18 11:05:12,330] {processor.py:641} INFO - Processing file /home/ubuntu/airflow/airflow_env/lib/python3.8/site-packages/airflow/example_dags/example_trigger_controller_dag.py for tasks to queue
[2022-10-18 11:05:12,330] {logging_mixin.py:115} INFO - [2022-10-18 11:05:12,330] {dagbag.py:507} INFO - Filling up the DagBag from /home/ubuntu/airflow/airflow_env/lib/python3.8/site-packages/airflow/example_dags/example_trigger_controller_dag.py
[2022-10-18 11:05:12,334] {processor.py:651} INFO - DAG(s) dict_keys(['example_trigger_controller_dag']) retrieved from /home/ubuntu/airflow/airflow_env/lib/python3.8/site-packages/airflow/example_dags/example_trigger_controller_dag.py
[2022-10-18 11:05:12,352] {logging_mixin.py:115} INFO - [2022-10-18 11:05:12,352] {dag.py:2379} INFO - Sync 1 DAGs
[2022-10-18 11:05:12,368] {logging_mixin.py:115} INFO - [2022-10-18 11:05:12,368] {dag.py:2927} INFO - Setting next_dagrun for example_trigger_controller_dag to 2021-01-01T00:00:00+00:00, run_after=2021-01-01T00:00:00+00:00
[2022-10-18 11:05:12,380] {processor.py:161} INFO - Processing /home/ubuntu/airflow/airflow_env/lib/python3.8/site-packages/airflow/example_dags/example_trigger_controller_dag.py took 0.054 seconds
[2022-10-18 11:05:45,951] {processor.py:153} INFO - Started process (PID=267864) to work on /home/ubuntu/airflow/airflow_env/lib/python3.8/site-packages/airflow/example_dags/example_trigger_controller_dag.py
[2022-10-18 11:05:45,952] {processor.py:641} INFO - Processing file /home/ubuntu/airflow/airflow_env/lib/python3.8/site-packages/airflow/example_dags/example_trigger_controller_dag.py for tasks to queue
[2022-10-18 11:05:45,952] {logging_mixin.py:115} INFO - [2022-10-18 11:05:45,952] {dagbag.py:507} INFO - Filling up the DagBag from /home/ubuntu/airflow/airflow_env/lib/python3.8/site-packages/airflow/example_dags/example_trigger_controller_dag.py
[2022-10-18 11:05:45,955] {processor.py:651} INFO - DAG(s) dict_keys(['example_trigger_controller_dag']) retrieved from /home/ubuntu/airflow/airflow_env/lib/python3.8/site-packages/airflow/example_dags/example_trigger_controller_dag.py
[2022-10-18 11:05:45,972] {logging_mixin.py:115} INFO - [2022-10-18 11:05:45,972] {dag.py:2379} INFO - Sync 1 DAGs
[2022-10-18 11:05:45,986] {logging_mixin.py:115} INFO - [2022-10-18 11:05:45,986] {dag.py:2927} INFO - Setting next_dagrun for example_trigger_controller_dag to 2021-01-01T00:00:00+00:00, run_after=2021-01-01T00:00:00+00:00
[2022-10-18 11:05:46,000] {processor.py:161} INFO - Processing /home/ubuntu/airflow/airflow_env/lib/python3.8/site-packages/airflow/example_dags/example_trigger_controller_dag.py took 0.053 seconds
[2022-10-18 11:06:20,780] {processor.py:153} INFO - Started process (PID=267912) to work on /home/ubuntu/airflow/airflow_env/lib/python3.8/site-packages/airflow/example_dags/example_trigger_controller_dag.py
[2022-10-18 11:06:20,781] {processor.py:641} INFO - Processing file /home/ubuntu/airflow/airflow_env/lib/python3.8/site-packages/airflow/example_dags/example_trigger_controller_dag.py for tasks to queue
[2022-10-18 11:06:20,782] {logging_mixin.py:115} INFO - [2022-10-18 11:06:20,782] {dagbag.py:507} INFO - Filling up the DagBag from /home/ubuntu/airflow/airflow_env/lib/python3.8/site-packages/airflow/example_dags/example_trigger_controller_dag.py
[2022-10-18 11:06:20,785] {processor.py:651} INFO - DAG(s) dict_keys(['example_trigger_controller_dag']) retrieved from /home/ubuntu/airflow/airflow_env/lib/python3.8/site-packages/airflow/example_dags/example_trigger_controller_dag.py
[2022-10-18 11:06:20,802] {logging_mixin.py:115} INFO - [2022-10-18 11:06:20,802] {dag.py:2379} INFO - Sync 1 DAGs
[2022-10-18 11:06:20,817] {logging_mixin.py:115} INFO - [2022-10-18 11:06:20,817] {dag.py:2927} INFO - Setting next_dagrun for example_trigger_controller_dag to 2021-01-01T00:00:00+00:00, run_after=2021-01-01T00:00:00+00:00
[2022-10-18 11:06:20,830] {processor.py:161} INFO - Processing /home/ubuntu/airflow/airflow_env/lib/python3.8/site-packages/airflow/example_dags/example_trigger_controller_dag.py took 0.053 seconds
[2022-10-18 11:06:53,942] {processor.py:153} INFO - Started process (PID=267947) to work on /home/ubuntu/airflow/airflow_env/lib/python3.8/site-packages/airflow/example_dags/example_trigger_controller_dag.py
[2022-10-18 11:06:53,942] {processor.py:641} INFO - Processing file /home/ubuntu/airflow/airflow_env/lib/python3.8/site-packages/airflow/example_dags/example_trigger_controller_dag.py for tasks to queue
[2022-10-18 11:06:53,943] {logging_mixin.py:115} INFO - [2022-10-18 11:06:53,943] {dagbag.py:507} INFO - Filling up the DagBag from /home/ubuntu/airflow/airflow_env/lib/python3.8/site-packages/airflow/example_dags/example_trigger_controller_dag.py
[2022-10-18 11:06:53,948] {processor.py:651} INFO - DAG(s) dict_keys(['example_trigger_controller_dag']) retrieved from /home/ubuntu/airflow/airflow_env/lib/python3.8/site-packages/airflow/example_dags/example_trigger_controller_dag.py
[2022-10-18 11:06:53,970] {logging_mixin.py:115} INFO - [2022-10-18 11:06:53,970] {dag.py:2379} INFO - Sync 1 DAGs
[2022-10-18 11:06:53,985] {logging_mixin.py:115} INFO - [2022-10-18 11:06:53,985] {dag.py:2927} INFO - Setting next_dagrun for example_trigger_controller_dag to 2021-01-01T00:00:00+00:00, run_after=2021-01-01T00:00:00+00:00
[2022-10-18 11:06:53,996] {processor.py:161} INFO - Processing /home/ubuntu/airflow/airflow_env/lib/python3.8/site-packages/airflow/example_dags/example_trigger_controller_dag.py took 0.059 seconds
[2022-10-18 11:07:26,916] {processor.py:153} INFO - Started process (PID=267995) to work on /home/ubuntu/airflow/airflow_env/lib/python3.8/site-packages/airflow/example_dags/example_trigger_controller_dag.py
[2022-10-18 11:07:26,917] {processor.py:641} INFO - Processing file /home/ubuntu/airflow/airflow_env/lib/python3.8/site-packages/airflow/example_dags/example_trigger_controller_dag.py for tasks to queue
[2022-10-18 11:07:26,918] {logging_mixin.py:115} INFO - [2022-10-18 11:07:26,918] {dagbag.py:507} INFO - Filling up the DagBag from /home/ubuntu/airflow/airflow_env/lib/python3.8/site-packages/airflow/example_dags/example_trigger_controller_dag.py
[2022-10-18 11:07:26,921] {processor.py:651} INFO - DAG(s) dict_keys(['example_trigger_controller_dag']) retrieved from /home/ubuntu/airflow/airflow_env/lib/python3.8/site-packages/airflow/example_dags/example_trigger_controller_dag.py
[2022-10-18 11:07:26,940] {logging_mixin.py:115} INFO - [2022-10-18 11:07:26,940] {dag.py:2379} INFO - Sync 1 DAGs
[2022-10-18 11:07:26,957] {logging_mixin.py:115} INFO - [2022-10-18 11:07:26,957] {dag.py:2927} INFO - Setting next_dagrun for example_trigger_controller_dag to 2021-01-01T00:00:00+00:00, run_after=2021-01-01T00:00:00+00:00
[2022-10-18 11:07:26,972] {processor.py:161} INFO - Processing /home/ubuntu/airflow/airflow_env/lib/python3.8/site-packages/airflow/example_dags/example_trigger_controller_dag.py took 0.059 seconds
[2022-10-18 11:07:59,550] {processor.py:153} INFO - Started process (PID=268057) to work on /home/ubuntu/airflow/airflow_env/lib/python3.8/site-packages/airflow/example_dags/example_trigger_controller_dag.py
[2022-10-18 11:07:59,551] {processor.py:641} INFO - Processing file /home/ubuntu/airflow/airflow_env/lib/python3.8/site-packages/airflow/example_dags/example_trigger_controller_dag.py for tasks to queue
[2022-10-18 11:07:59,552] {logging_mixin.py:115} INFO - [2022-10-18 11:07:59,552] {dagbag.py:507} INFO - Filling up the DagBag from /home/ubuntu/airflow/airflow_env/lib/python3.8/site-packages/airflow/example_dags/example_trigger_controller_dag.py
[2022-10-18 11:07:59,557] {processor.py:651} INFO - DAG(s) dict_keys(['example_trigger_controller_dag']) retrieved from /home/ubuntu/airflow/airflow_env/lib/python3.8/site-packages/airflow/example_dags/example_trigger_controller_dag.py
[2022-10-18 11:07:59,577] {logging_mixin.py:115} INFO - [2022-10-18 11:07:59,577] {dag.py:2379} INFO - Sync 1 DAGs
[2022-10-18 11:07:59,592] {logging_mixin.py:115} INFO - [2022-10-18 11:07:59,591] {dag.py:2927} INFO - Setting next_dagrun for example_trigger_controller_dag to 2021-01-01T00:00:00+00:00, run_after=2021-01-01T00:00:00+00:00
[2022-10-18 11:07:59,603] {processor.py:161} INFO - Processing /home/ubuntu/airflow/airflow_env/lib/python3.8/site-packages/airflow/example_dags/example_trigger_controller_dag.py took 0.056 seconds
[2022-10-18 11:08:32,687] {processor.py:153} INFO - Started process (PID=268091) to work on /home/ubuntu/airflow/airflow_env/lib/python3.8/site-packages/airflow/example_dags/example_trigger_controller_dag.py
[2022-10-18 11:08:32,688] {processor.py:641} INFO - Processing file /home/ubuntu/airflow/airflow_env/lib/python3.8/site-packages/airflow/example_dags/example_trigger_controller_dag.py for tasks to queue
[2022-10-18 11:08:32,688] {logging_mixin.py:115} INFO - [2022-10-18 11:08:32,688] {dagbag.py:507} INFO - Filling up the DagBag from /home/ubuntu/airflow/airflow_env/lib/python3.8/site-packages/airflow/example_dags/example_trigger_controller_dag.py
[2022-10-18 11:08:32,692] {processor.py:651} INFO - DAG(s) dict_keys(['example_trigger_controller_dag']) retrieved from /home/ubuntu/airflow/airflow_env/lib/python3.8/site-packages/airflow/example_dags/example_trigger_controller_dag.py
[2022-10-18 11:08:32,709] {logging_mixin.py:115} INFO - [2022-10-18 11:08:32,709] {dag.py:2379} INFO - Sync 1 DAGs
[2022-10-18 11:08:32,725] {logging_mixin.py:115} INFO - [2022-10-18 11:08:32,724] {dag.py:2927} INFO - Setting next_dagrun for example_trigger_controller_dag to 2021-01-01T00:00:00+00:00, run_after=2021-01-01T00:00:00+00:00
[2022-10-18 11:08:32,740] {processor.py:161} INFO - Processing /home/ubuntu/airflow/airflow_env/lib/python3.8/site-packages/airflow/example_dags/example_trigger_controller_dag.py took 0.056 seconds
[2022-10-18 11:09:06,385] {processor.py:153} INFO - Started process (PID=268130) to work on /home/ubuntu/airflow/airflow_env/lib/python3.8/site-packages/airflow/example_dags/example_trigger_controller_dag.py
[2022-10-18 11:09:06,386] {processor.py:641} INFO - Processing file /home/ubuntu/airflow/airflow_env/lib/python3.8/site-packages/airflow/example_dags/example_trigger_controller_dag.py for tasks to queue
[2022-10-18 11:09:06,387] {logging_mixin.py:115} INFO - [2022-10-18 11:09:06,387] {dagbag.py:507} INFO - Filling up the DagBag from /home/ubuntu/airflow/airflow_env/lib/python3.8/site-packages/airflow/example_dags/example_trigger_controller_dag.py
[2022-10-18 11:09:06,391] {processor.py:651} INFO - DAG(s) dict_keys(['example_trigger_controller_dag']) retrieved from /home/ubuntu/airflow/airflow_env/lib/python3.8/site-packages/airflow/example_dags/example_trigger_controller_dag.py
[2022-10-18 11:09:06,412] {logging_mixin.py:115} INFO - [2022-10-18 11:09:06,412] {dag.py:2379} INFO - Sync 1 DAGs
[2022-10-18 11:09:06,429] {logging_mixin.py:115} INFO - [2022-10-18 11:09:06,429] {dag.py:2927} INFO - Setting next_dagrun for example_trigger_controller_dag to 2021-01-01T00:00:00+00:00, run_after=2021-01-01T00:00:00+00:00
[2022-10-18 11:09:06,446] {processor.py:161} INFO - Processing /home/ubuntu/airflow/airflow_env/lib/python3.8/site-packages/airflow/example_dags/example_trigger_controller_dag.py took 0.064 seconds
[2022-10-18 11:09:39,351] {processor.py:153} INFO - Started process (PID=268164) to work on /home/ubuntu/airflow/airflow_env/lib/python3.8/site-packages/airflow/example_dags/example_trigger_controller_dag.py
[2022-10-18 11:09:39,352] {processor.py:641} INFO - Processing file /home/ubuntu/airflow/airflow_env/lib/python3.8/site-packages/airflow/example_dags/example_trigger_controller_dag.py for tasks to queue
[2022-10-18 11:09:39,352] {logging_mixin.py:115} INFO - [2022-10-18 11:09:39,352] {dagbag.py:507} INFO - Filling up the DagBag from /home/ubuntu/airflow/airflow_env/lib/python3.8/site-packages/airflow/example_dags/example_trigger_controller_dag.py
[2022-10-18 11:09:39,356] {processor.py:651} INFO - DAG(s) dict_keys(['example_trigger_controller_dag']) retrieved from /home/ubuntu/airflow/airflow_env/lib/python3.8/site-packages/airflow/example_dags/example_trigger_controller_dag.py
[2022-10-18 11:09:39,373] {logging_mixin.py:115} INFO - [2022-10-18 11:09:39,373] {dag.py:2379} INFO - Sync 1 DAGs
[2022-10-18 11:09:39,387] {logging_mixin.py:115} INFO - [2022-10-18 11:09:39,387] {dag.py:2927} INFO - Setting next_dagrun for example_trigger_controller_dag to 2021-01-01T00:00:00+00:00, run_after=2021-01-01T00:00:00+00:00
[2022-10-18 11:09:39,398] {processor.py:161} INFO - Processing /home/ubuntu/airflow/airflow_env/lib/python3.8/site-packages/airflow/example_dags/example_trigger_controller_dag.py took 0.051 seconds
[2022-10-18 11:10:15,460] {processor.py:153} INFO - Started process (PID=268202) to work on /home/ubuntu/airflow/airflow_env/lib/python3.8/site-packages/airflow/example_dags/example_trigger_controller_dag.py
[2022-10-18 11:10:15,461] {processor.py:641} INFO - Processing file /home/ubuntu/airflow/airflow_env/lib/python3.8/site-packages/airflow/example_dags/example_trigger_controller_dag.py for tasks to queue
[2022-10-18 11:10:15,461] {logging_mixin.py:115} INFO - [2022-10-18 11:10:15,461] {dagbag.py:507} INFO - Filling up the DagBag from /home/ubuntu/airflow/airflow_env/lib/python3.8/site-packages/airflow/example_dags/example_trigger_controller_dag.py
[2022-10-18 11:10:15,464] {processor.py:651} INFO - DAG(s) dict_keys(['example_trigger_controller_dag']) retrieved from /home/ubuntu/airflow/airflow_env/lib/python3.8/site-packages/airflow/example_dags/example_trigger_controller_dag.py
[2022-10-18 11:10:15,483] {logging_mixin.py:115} INFO - [2022-10-18 11:10:15,483] {dag.py:2379} INFO - Sync 1 DAGs
[2022-10-18 11:10:15,498] {logging_mixin.py:115} INFO - [2022-10-18 11:10:15,498] {dag.py:2927} INFO - Setting next_dagrun for example_trigger_controller_dag to 2021-01-01T00:00:00+00:00, run_after=2021-01-01T00:00:00+00:00
[2022-10-18 11:10:15,511] {processor.py:161} INFO - Processing /home/ubuntu/airflow/airflow_env/lib/python3.8/site-packages/airflow/example_dags/example_trigger_controller_dag.py took 0.059 seconds
[2022-10-18 11:10:50,182] {processor.py:153} INFO - Started process (PID=268243) to work on /home/ubuntu/airflow/airflow_env/lib/python3.8/site-packages/airflow/example_dags/example_trigger_controller_dag.py
[2022-10-18 11:10:50,183] {processor.py:641} INFO - Processing file /home/ubuntu/airflow/airflow_env/lib/python3.8/site-packages/airflow/example_dags/example_trigger_controller_dag.py for tasks to queue
[2022-10-18 11:10:50,183] {logging_mixin.py:115} INFO - [2022-10-18 11:10:50,183] {dagbag.py:507} INFO - Filling up the DagBag from /home/ubuntu/airflow/airflow_env/lib/python3.8/site-packages/airflow/example_dags/example_trigger_controller_dag.py
[2022-10-18 11:10:50,187] {processor.py:651} INFO - DAG(s) dict_keys(['example_trigger_controller_dag']) retrieved from /home/ubuntu/airflow/airflow_env/lib/python3.8/site-packages/airflow/example_dags/example_trigger_controller_dag.py
[2022-10-18 11:10:50,204] {logging_mixin.py:115} INFO - [2022-10-18 11:10:50,204] {dag.py:2379} INFO - Sync 1 DAGs
[2022-10-18 11:10:50,219] {logging_mixin.py:115} INFO - [2022-10-18 11:10:50,218] {dag.py:2927} INFO - Setting next_dagrun for example_trigger_controller_dag to 2021-01-01T00:00:00+00:00, run_after=2021-01-01T00:00:00+00:00
[2022-10-18 11:10:50,233] {processor.py:161} INFO - Processing /home/ubuntu/airflow/airflow_env/lib/python3.8/site-packages/airflow/example_dags/example_trigger_controller_dag.py took 0.056 seconds
[2022-10-18 11:11:25,283] {processor.py:153} INFO - Started process (PID=268290) to work on /home/ubuntu/airflow/airflow_env/lib/python3.8/site-packages/airflow/example_dags/example_trigger_controller_dag.py
[2022-10-18 11:11:25,285] {processor.py:641} INFO - Processing file /home/ubuntu/airflow/airflow_env/lib/python3.8/site-packages/airflow/example_dags/example_trigger_controller_dag.py for tasks to queue
[2022-10-18 11:11:25,285] {logging_mixin.py:115} INFO - [2022-10-18 11:11:25,285] {dagbag.py:507} INFO - Filling up the DagBag from /home/ubuntu/airflow/airflow_env/lib/python3.8/site-packages/airflow/example_dags/example_trigger_controller_dag.py
[2022-10-18 11:11:25,289] {processor.py:651} INFO - DAG(s) dict_keys(['example_trigger_controller_dag']) retrieved from /home/ubuntu/airflow/airflow_env/lib/python3.8/site-packages/airflow/example_dags/example_trigger_controller_dag.py
[2022-10-18 11:11:25,306] {logging_mixin.py:115} INFO - [2022-10-18 11:11:25,306] {dag.py:2379} INFO - Sync 1 DAGs
[2022-10-18 11:11:25,321] {logging_mixin.py:115} INFO - [2022-10-18 11:11:25,321] {dag.py:2927} INFO - Setting next_dagrun for example_trigger_controller_dag to 2021-01-01T00:00:00+00:00, run_after=2021-01-01T00:00:00+00:00
[2022-10-18 11:11:25,334] {processor.py:161} INFO - Processing /home/ubuntu/airflow/airflow_env/lib/python3.8/site-packages/airflow/example_dags/example_trigger_controller_dag.py took 0.055 seconds
[2022-10-18 11:11:58,400] {processor.py:153} INFO - Started process (PID=268325) to work on /home/ubuntu/airflow/airflow_env/lib/python3.8/site-packages/airflow/example_dags/example_trigger_controller_dag.py
[2022-10-18 11:11:58,401] {processor.py:641} INFO - Processing file /home/ubuntu/airflow/airflow_env/lib/python3.8/site-packages/airflow/example_dags/example_trigger_controller_dag.py for tasks to queue
[2022-10-18 11:11:58,401] {logging_mixin.py:115} INFO - [2022-10-18 11:11:58,401] {dagbag.py:507} INFO - Filling up the DagBag from /home/ubuntu/airflow/airflow_env/lib/python3.8/site-packages/airflow/example_dags/example_trigger_controller_dag.py
[2022-10-18 11:11:58,405] {processor.py:651} INFO - DAG(s) dict_keys(['example_trigger_controller_dag']) retrieved from /home/ubuntu/airflow/airflow_env/lib/python3.8/site-packages/airflow/example_dags/example_trigger_controller_dag.py
[2022-10-18 11:11:58,424] {logging_mixin.py:115} INFO - [2022-10-18 11:11:58,424] {dag.py:2379} INFO - Sync 1 DAGs
[2022-10-18 11:11:58,439] {logging_mixin.py:115} INFO - [2022-10-18 11:11:58,438] {dag.py:2927} INFO - Setting next_dagrun for example_trigger_controller_dag to 2021-01-01T00:00:00+00:00, run_after=2021-01-01T00:00:00+00:00
[2022-10-18 11:11:58,451] {processor.py:161} INFO - Processing /home/ubuntu/airflow/airflow_env/lib/python3.8/site-packages/airflow/example_dags/example_trigger_controller_dag.py took 0.055 seconds
[2022-10-18 11:12:30,984] {processor.py:153} INFO - Started process (PID=268389) to work on /home/ubuntu/airflow/airflow_env/lib/python3.8/site-packages/airflow/example_dags/example_trigger_controller_dag.py
[2022-10-18 11:12:30,985] {processor.py:641} INFO - Processing file /home/ubuntu/airflow/airflow_env/lib/python3.8/site-packages/airflow/example_dags/example_trigger_controller_dag.py for tasks to queue
[2022-10-18 11:12:30,986] {logging_mixin.py:115} INFO - [2022-10-18 11:12:30,986] {dagbag.py:507} INFO - Filling up the DagBag from /home/ubuntu/airflow/airflow_env/lib/python3.8/site-packages/airflow/example_dags/example_trigger_controller_dag.py
[2022-10-18 11:12:30,990] {processor.py:651} INFO - DAG(s) dict_keys(['example_trigger_controller_dag']) retrieved from /home/ubuntu/airflow/airflow_env/lib/python3.8/site-packages/airflow/example_dags/example_trigger_controller_dag.py
[2022-10-18 11:12:31,008] {logging_mixin.py:115} INFO - [2022-10-18 11:12:31,008] {dag.py:2379} INFO - Sync 1 DAGs
[2022-10-18 11:12:31,021] {logging_mixin.py:115} INFO - [2022-10-18 11:12:31,021] {dag.py:2927} INFO - Setting next_dagrun for example_trigger_controller_dag to 2021-01-01T00:00:00+00:00, run_after=2021-01-01T00:00:00+00:00
[2022-10-18 11:12:31,032] {processor.py:161} INFO - Processing /home/ubuntu/airflow/airflow_env/lib/python3.8/site-packages/airflow/example_dags/example_trigger_controller_dag.py took 0.051 seconds
[2022-10-18 11:13:01,775] {processor.py:153} INFO - Started process (PID=268421) to work on /home/ubuntu/airflow/airflow_env/lib/python3.8/site-packages/airflow/example_dags/example_trigger_controller_dag.py
[2022-10-18 11:13:01,776] {processor.py:641} INFO - Processing file /home/ubuntu/airflow/airflow_env/lib/python3.8/site-packages/airflow/example_dags/example_trigger_controller_dag.py for tasks to queue
[2022-10-18 11:13:01,777] {logging_mixin.py:115} INFO - [2022-10-18 11:13:01,777] {dagbag.py:507} INFO - Filling up the DagBag from /home/ubuntu/airflow/airflow_env/lib/python3.8/site-packages/airflow/example_dags/example_trigger_controller_dag.py
[2022-10-18 11:13:01,781] {processor.py:651} INFO - DAG(s) dict_keys(['example_trigger_controller_dag']) retrieved from /home/ubuntu/airflow/airflow_env/lib/python3.8/site-packages/airflow/example_dags/example_trigger_controller_dag.py
[2022-10-18 11:13:01,800] {logging_mixin.py:115} INFO - [2022-10-18 11:13:01,800] {dag.py:2379} INFO - Sync 1 DAGs
[2022-10-18 11:13:01,814] {logging_mixin.py:115} INFO - [2022-10-18 11:13:01,814] {dag.py:2927} INFO - Setting next_dagrun for example_trigger_controller_dag to 2021-01-01T00:00:00+00:00, run_after=2021-01-01T00:00:00+00:00
[2022-10-18 11:13:01,829] {processor.py:161} INFO - Processing /home/ubuntu/airflow/airflow_env/lib/python3.8/site-packages/airflow/example_dags/example_trigger_controller_dag.py took 0.058 seconds
[2022-10-18 11:13:37,253] {processor.py:153} INFO - Started process (PID=268459) to work on /home/ubuntu/airflow/airflow_env/lib/python3.8/site-packages/airflow/example_dags/example_trigger_controller_dag.py
[2022-10-18 11:13:37,254] {processor.py:641} INFO - Processing file /home/ubuntu/airflow/airflow_env/lib/python3.8/site-packages/airflow/example_dags/example_trigger_controller_dag.py for tasks to queue
[2022-10-18 11:13:37,255] {logging_mixin.py:115} INFO - [2022-10-18 11:13:37,254] {dagbag.py:507} INFO - Filling up the DagBag from /home/ubuntu/airflow/airflow_env/lib/python3.8/site-packages/airflow/example_dags/example_trigger_controller_dag.py
[2022-10-18 11:13:37,259] {processor.py:651} INFO - DAG(s) dict_keys(['example_trigger_controller_dag']) retrieved from /home/ubuntu/airflow/airflow_env/lib/python3.8/site-packages/airflow/example_dags/example_trigger_controller_dag.py
[2022-10-18 11:13:37,278] {logging_mixin.py:115} INFO - [2022-10-18 11:13:37,278] {dag.py:2379} INFO - Sync 1 DAGs
[2022-10-18 11:13:37,293] {logging_mixin.py:115} INFO - [2022-10-18 11:13:37,293] {dag.py:2927} INFO - Setting next_dagrun for example_trigger_controller_dag to 2021-01-01T00:00:00+00:00, run_after=2021-01-01T00:00:00+00:00
[2022-10-18 11:13:37,305] {processor.py:161} INFO - Processing /home/ubuntu/airflow/airflow_env/lib/python3.8/site-packages/airflow/example_dags/example_trigger_controller_dag.py took 0.057 seconds
[2022-10-18 11:14:12,792] {processor.py:153} INFO - Started process (PID=268499) to work on /home/ubuntu/airflow/airflow_env/lib/python3.8/site-packages/airflow/example_dags/example_trigger_controller_dag.py
[2022-10-18 11:14:12,793] {processor.py:641} INFO - Processing file /home/ubuntu/airflow/airflow_env/lib/python3.8/site-packages/airflow/example_dags/example_trigger_controller_dag.py for tasks to queue
[2022-10-18 11:14:12,793] {logging_mixin.py:115} INFO - [2022-10-18 11:14:12,793] {dagbag.py:507} INFO - Filling up the DagBag from /home/ubuntu/airflow/airflow_env/lib/python3.8/site-packages/airflow/example_dags/example_trigger_controller_dag.py
[2022-10-18 11:14:12,797] {processor.py:651} INFO - DAG(s) dict_keys(['example_trigger_controller_dag']) retrieved from /home/ubuntu/airflow/airflow_env/lib/python3.8/site-packages/airflow/example_dags/example_trigger_controller_dag.py
[2022-10-18 11:14:12,821] {logging_mixin.py:115} INFO - [2022-10-18 11:14:12,821] {dag.py:2379} INFO - Sync 1 DAGs
[2022-10-18 11:14:12,843] {logging_mixin.py:115} INFO - [2022-10-18 11:14:12,843] {dag.py:2927} INFO - Setting next_dagrun for example_trigger_controller_dag to 2021-01-01T00:00:00+00:00, run_after=2021-01-01T00:00:00+00:00
[2022-10-18 11:14:12,856] {processor.py:161} INFO - Processing /home/ubuntu/airflow/airflow_env/lib/python3.8/site-packages/airflow/example_dags/example_trigger_controller_dag.py took 0.069 seconds
[2022-10-18 11:14:46,245] {processor.py:153} INFO - Started process (PID=268536) to work on /home/ubuntu/airflow/airflow_env/lib/python3.8/site-packages/airflow/example_dags/example_trigger_controller_dag.py
[2022-10-18 11:14:46,247] {processor.py:641} INFO - Processing file /home/ubuntu/airflow/airflow_env/lib/python3.8/site-packages/airflow/example_dags/example_trigger_controller_dag.py for tasks to queue
[2022-10-18 11:14:46,248] {logging_mixin.py:115} INFO - [2022-10-18 11:14:46,248] {dagbag.py:507} INFO - Filling up the DagBag from /home/ubuntu/airflow/airflow_env/lib/python3.8/site-packages/airflow/example_dags/example_trigger_controller_dag.py
[2022-10-18 11:14:46,254] {processor.py:651} INFO - DAG(s) dict_keys(['example_trigger_controller_dag']) retrieved from /home/ubuntu/airflow/airflow_env/lib/python3.8/site-packages/airflow/example_dags/example_trigger_controller_dag.py
[2022-10-18 11:14:46,282] {logging_mixin.py:115} INFO - [2022-10-18 11:14:46,282] {dag.py:2379} INFO - Sync 1 DAGs
[2022-10-18 11:14:46,307] {logging_mixin.py:115} INFO - [2022-10-18 11:14:46,307] {dag.py:2927} INFO - Setting next_dagrun for example_trigger_controller_dag to 2021-01-01T00:00:00+00:00, run_after=2021-01-01T00:00:00+00:00
[2022-10-18 11:14:46,327] {processor.py:161} INFO - Processing /home/ubuntu/airflow/airflow_env/lib/python3.8/site-packages/airflow/example_dags/example_trigger_controller_dag.py took 0.087 seconds
[2022-10-18 11:15:20,955] {processor.py:153} INFO - Started process (PID=268574) to work on /home/ubuntu/airflow/airflow_env/lib/python3.8/site-packages/airflow/example_dags/example_trigger_controller_dag.py
[2022-10-18 11:15:20,958] {processor.py:641} INFO - Processing file /home/ubuntu/airflow/airflow_env/lib/python3.8/site-packages/airflow/example_dags/example_trigger_controller_dag.py for tasks to queue
[2022-10-18 11:15:20,959] {logging_mixin.py:115} INFO - [2022-10-18 11:15:20,959] {dagbag.py:507} INFO - Filling up the DagBag from /home/ubuntu/airflow/airflow_env/lib/python3.8/site-packages/airflow/example_dags/example_trigger_controller_dag.py
[2022-10-18 11:15:20,963] {processor.py:651} INFO - DAG(s) dict_keys(['example_trigger_controller_dag']) retrieved from /home/ubuntu/airflow/airflow_env/lib/python3.8/site-packages/airflow/example_dags/example_trigger_controller_dag.py
[2022-10-18 11:15:20,987] {logging_mixin.py:115} INFO - [2022-10-18 11:15:20,987] {dag.py:2379} INFO - Sync 1 DAGs
[2022-10-18 11:15:21,004] {logging_mixin.py:115} INFO - [2022-10-18 11:15:21,003] {dag.py:2927} INFO - Setting next_dagrun for example_trigger_controller_dag to 2021-01-01T00:00:00+00:00, run_after=2021-01-01T00:00:00+00:00
[2022-10-18 11:15:21,015] {processor.py:161} INFO - Processing /home/ubuntu/airflow/airflow_env/lib/python3.8/site-packages/airflow/example_dags/example_trigger_controller_dag.py took 0.064 seconds
[2022-10-18 11:15:53,436] {processor.py:153} INFO - Started process (PID=268606) to work on /home/ubuntu/airflow/airflow_env/lib/python3.8/site-packages/airflow/example_dags/example_trigger_controller_dag.py
[2022-10-18 11:15:53,437] {processor.py:641} INFO - Processing file /home/ubuntu/airflow/airflow_env/lib/python3.8/site-packages/airflow/example_dags/example_trigger_controller_dag.py for tasks to queue
[2022-10-18 11:15:53,438] {logging_mixin.py:115} INFO - [2022-10-18 11:15:53,438] {dagbag.py:507} INFO - Filling up the DagBag from /home/ubuntu/airflow/airflow_env/lib/python3.8/site-packages/airflow/example_dags/example_trigger_controller_dag.py
[2022-10-18 11:15:53,441] {processor.py:651} INFO - DAG(s) dict_keys(['example_trigger_controller_dag']) retrieved from /home/ubuntu/airflow/airflow_env/lib/python3.8/site-packages/airflow/example_dags/example_trigger_controller_dag.py
[2022-10-18 11:15:53,461] {logging_mixin.py:115} INFO - [2022-10-18 11:15:53,460] {dag.py:2379} INFO - Sync 1 DAGs
[2022-10-18 11:15:53,477] {logging_mixin.py:115} INFO - [2022-10-18 11:15:53,477] {dag.py:2927} INFO - Setting next_dagrun for example_trigger_controller_dag to 2021-01-01T00:00:00+00:00, run_after=2021-01-01T00:00:00+00:00
[2022-10-18 11:15:53,490] {processor.py:161} INFO - Processing /home/ubuntu/airflow/airflow_env/lib/python3.8/site-packages/airflow/example_dags/example_trigger_controller_dag.py took 0.058 seconds
[2022-10-18 11:16:28,422] {processor.py:153} INFO - Started process (PID=268654) to work on /home/ubuntu/airflow/airflow_env/lib/python3.8/site-packages/airflow/example_dags/example_trigger_controller_dag.py
[2022-10-18 11:16:28,423] {processor.py:641} INFO - Processing file /home/ubuntu/airflow/airflow_env/lib/python3.8/site-packages/airflow/example_dags/example_trigger_controller_dag.py for tasks to queue
[2022-10-18 11:16:28,424] {logging_mixin.py:115} INFO - [2022-10-18 11:16:28,423] {dagbag.py:507} INFO - Filling up the DagBag from /home/ubuntu/airflow/airflow_env/lib/python3.8/site-packages/airflow/example_dags/example_trigger_controller_dag.py
[2022-10-18 11:16:28,427] {processor.py:651} INFO - DAG(s) dict_keys(['example_trigger_controller_dag']) retrieved from /home/ubuntu/airflow/airflow_env/lib/python3.8/site-packages/airflow/example_dags/example_trigger_controller_dag.py
[2022-10-18 11:16:28,446] {logging_mixin.py:115} INFO - [2022-10-18 11:16:28,446] {dag.py:2379} INFO - Sync 1 DAGs
[2022-10-18 11:16:28,461] {logging_mixin.py:115} INFO - [2022-10-18 11:16:28,461] {dag.py:2927} INFO - Setting next_dagrun for example_trigger_controller_dag to 2021-01-01T00:00:00+00:00, run_after=2021-01-01T00:00:00+00:00
[2022-10-18 11:16:28,474] {processor.py:161} INFO - Processing /home/ubuntu/airflow/airflow_env/lib/python3.8/site-packages/airflow/example_dags/example_trigger_controller_dag.py took 0.056 seconds
[2022-10-18 11:16:59,274] {processor.py:153} INFO - Started process (PID=268686) to work on /home/ubuntu/airflow/airflow_env/lib/python3.8/site-packages/airflow/example_dags/example_trigger_controller_dag.py
[2022-10-18 11:16:59,274] {processor.py:641} INFO - Processing file /home/ubuntu/airflow/airflow_env/lib/python3.8/site-packages/airflow/example_dags/example_trigger_controller_dag.py for tasks to queue
[2022-10-18 11:16:59,275] {logging_mixin.py:115} INFO - [2022-10-18 11:16:59,275] {dagbag.py:507} INFO - Filling up the DagBag from /home/ubuntu/airflow/airflow_env/lib/python3.8/site-packages/airflow/example_dags/example_trigger_controller_dag.py
[2022-10-18 11:16:59,278] {processor.py:651} INFO - DAG(s) dict_keys(['example_trigger_controller_dag']) retrieved from /home/ubuntu/airflow/airflow_env/lib/python3.8/site-packages/airflow/example_dags/example_trigger_controller_dag.py
[2022-10-18 11:16:59,297] {logging_mixin.py:115} INFO - [2022-10-18 11:16:59,297] {dag.py:2379} INFO - Sync 1 DAGs
[2022-10-18 11:16:59,314] {logging_mixin.py:115} INFO - [2022-10-18 11:16:59,314] {dag.py:2927} INFO - Setting next_dagrun for example_trigger_controller_dag to 2021-01-01T00:00:00+00:00, run_after=2021-01-01T00:00:00+00:00
[2022-10-18 11:16:59,328] {processor.py:161} INFO - Processing /home/ubuntu/airflow/airflow_env/lib/python3.8/site-packages/airflow/example_dags/example_trigger_controller_dag.py took 0.058 seconds
[2022-10-18 11:17:32,551] {processor.py:153} INFO - Started process (PID=268763) to work on /home/ubuntu/airflow/airflow_env/lib/python3.8/site-packages/airflow/example_dags/example_trigger_controller_dag.py
[2022-10-18 11:17:32,552] {processor.py:641} INFO - Processing file /home/ubuntu/airflow/airflow_env/lib/python3.8/site-packages/airflow/example_dags/example_trigger_controller_dag.py for tasks to queue
[2022-10-18 11:17:32,553] {logging_mixin.py:115} INFO - [2022-10-18 11:17:32,552] {dagbag.py:507} INFO - Filling up the DagBag from /home/ubuntu/airflow/airflow_env/lib/python3.8/site-packages/airflow/example_dags/example_trigger_controller_dag.py
[2022-10-18 11:17:32,557] {processor.py:651} INFO - DAG(s) dict_keys(['example_trigger_controller_dag']) retrieved from /home/ubuntu/airflow/airflow_env/lib/python3.8/site-packages/airflow/example_dags/example_trigger_controller_dag.py
[2022-10-18 11:17:32,578] {logging_mixin.py:115} INFO - [2022-10-18 11:17:32,578] {dag.py:2379} INFO - Sync 1 DAGs
[2022-10-18 11:17:32,595] {logging_mixin.py:115} INFO - [2022-10-18 11:17:32,595] {dag.py:2927} INFO - Setting next_dagrun for example_trigger_controller_dag to 2021-01-01T00:00:00+00:00, run_after=2021-01-01T00:00:00+00:00
[2022-10-18 11:17:32,614] {processor.py:161} INFO - Processing /home/ubuntu/airflow/airflow_env/lib/python3.8/site-packages/airflow/example_dags/example_trigger_controller_dag.py took 0.069 seconds
[2022-10-18 11:18:06,295] {processor.py:153} INFO - Started process (PID=268817) to work on /home/ubuntu/airflow/airflow_env/lib/python3.8/site-packages/airflow/example_dags/example_trigger_controller_dag.py
[2022-10-18 11:18:06,296] {processor.py:641} INFO - Processing file /home/ubuntu/airflow/airflow_env/lib/python3.8/site-packages/airflow/example_dags/example_trigger_controller_dag.py for tasks to queue
[2022-10-18 11:18:06,296] {logging_mixin.py:115} INFO - [2022-10-18 11:18:06,296] {dagbag.py:507} INFO - Filling up the DagBag from /home/ubuntu/airflow/airflow_env/lib/python3.8/site-packages/airflow/example_dags/example_trigger_controller_dag.py
[2022-10-18 11:18:06,300] {processor.py:651} INFO - DAG(s) dict_keys(['example_trigger_controller_dag']) retrieved from /home/ubuntu/airflow/airflow_env/lib/python3.8/site-packages/airflow/example_dags/example_trigger_controller_dag.py
[2022-10-18 11:18:06,318] {logging_mixin.py:115} INFO - [2022-10-18 11:18:06,318] {dag.py:2379} INFO - Sync 1 DAGs
[2022-10-18 11:18:06,333] {logging_mixin.py:115} INFO - [2022-10-18 11:18:06,333] {dag.py:2927} INFO - Setting next_dagrun for example_trigger_controller_dag to 2021-01-01T00:00:00+00:00, run_after=2021-01-01T00:00:00+00:00
[2022-10-18 11:18:06,345] {processor.py:161} INFO - Processing /home/ubuntu/airflow/airflow_env/lib/python3.8/site-packages/airflow/example_dags/example_trigger_controller_dag.py took 0.054 seconds
[2022-10-18 11:18:39,495] {processor.py:153} INFO - Started process (PID=268922) to work on /home/ubuntu/airflow/airflow_env/lib/python3.8/site-packages/airflow/example_dags/example_trigger_controller_dag.py
[2022-10-18 11:18:39,496] {processor.py:641} INFO - Processing file /home/ubuntu/airflow/airflow_env/lib/python3.8/site-packages/airflow/example_dags/example_trigger_controller_dag.py for tasks to queue
[2022-10-18 11:18:39,496] {logging_mixin.py:115} INFO - [2022-10-18 11:18:39,496] {dagbag.py:507} INFO - Filling up the DagBag from /home/ubuntu/airflow/airflow_env/lib/python3.8/site-packages/airflow/example_dags/example_trigger_controller_dag.py
[2022-10-18 11:18:39,506] {processor.py:651} INFO - DAG(s) dict_keys(['example_trigger_controller_dag']) retrieved from /home/ubuntu/airflow/airflow_env/lib/python3.8/site-packages/airflow/example_dags/example_trigger_controller_dag.py
[2022-10-18 11:18:39,525] {logging_mixin.py:115} INFO - [2022-10-18 11:18:39,524] {dag.py:2379} INFO - Sync 1 DAGs
[2022-10-18 11:18:39,538] {logging_mixin.py:115} INFO - [2022-10-18 11:18:39,538] {dag.py:2927} INFO - Setting next_dagrun for example_trigger_controller_dag to 2021-01-01T00:00:00+00:00, run_after=2021-01-01T00:00:00+00:00
[2022-10-18 11:18:39,550] {processor.py:161} INFO - Processing /home/ubuntu/airflow/airflow_env/lib/python3.8/site-packages/airflow/example_dags/example_trigger_controller_dag.py took 0.058 seconds
[2022-10-18 11:19:13,667] {processor.py:153} INFO - Started process (PID=269131) to work on /home/ubuntu/airflow/airflow_env/lib/python3.8/site-packages/airflow/example_dags/example_trigger_controller_dag.py
[2022-10-18 11:19:13,668] {processor.py:641} INFO - Processing file /home/ubuntu/airflow/airflow_env/lib/python3.8/site-packages/airflow/example_dags/example_trigger_controller_dag.py for tasks to queue
[2022-10-18 11:19:13,669] {logging_mixin.py:115} INFO - [2022-10-18 11:19:13,669] {dagbag.py:507} INFO - Filling up the DagBag from /home/ubuntu/airflow/airflow_env/lib/python3.8/site-packages/airflow/example_dags/example_trigger_controller_dag.py
[2022-10-18 11:19:13,675] {processor.py:651} INFO - DAG(s) dict_keys(['example_trigger_controller_dag']) retrieved from /home/ubuntu/airflow/airflow_env/lib/python3.8/site-packages/airflow/example_dags/example_trigger_controller_dag.py
[2022-10-18 11:19:13,706] {logging_mixin.py:115} INFO - [2022-10-18 11:19:13,706] {dag.py:2379} INFO - Sync 1 DAGs
[2022-10-18 11:19:13,736] {logging_mixin.py:115} INFO - [2022-10-18 11:19:13,736] {dag.py:2927} INFO - Setting next_dagrun for example_trigger_controller_dag to 2021-01-01T00:00:00+00:00, run_after=2021-01-01T00:00:00+00:00
[2022-10-18 11:19:13,755] {processor.py:161} INFO - Processing /home/ubuntu/airflow/airflow_env/lib/python3.8/site-packages/airflow/example_dags/example_trigger_controller_dag.py took 0.093 seconds
[2022-10-18 11:21:39,526] {processor.py:153} INFO - Started process (PID=270390) to work on /home/ubuntu/airflow/airflow_env/lib/python3.8/site-packages/airflow/example_dags/example_trigger_controller_dag.py
[2022-10-18 11:21:39,527] {processor.py:641} INFO - Processing file /home/ubuntu/airflow/airflow_env/lib/python3.8/site-packages/airflow/example_dags/example_trigger_controller_dag.py for tasks to queue
[2022-10-18 11:21:39,528] {logging_mixin.py:115} INFO - [2022-10-18 11:21:39,528] {dagbag.py:507} INFO - Filling up the DagBag from /home/ubuntu/airflow/airflow_env/lib/python3.8/site-packages/airflow/example_dags/example_trigger_controller_dag.py
[2022-10-18 11:21:39,534] {processor.py:651} INFO - DAG(s) dict_keys(['example_trigger_controller_dag']) retrieved from /home/ubuntu/airflow/airflow_env/lib/python3.8/site-packages/airflow/example_dags/example_trigger_controller_dag.py
[2022-10-18 11:21:39,561] {logging_mixin.py:115} INFO - [2022-10-18 11:21:39,560] {dag.py:2379} INFO - Sync 1 DAGs
[2022-10-18 11:21:39,580] {logging_mixin.py:115} INFO - [2022-10-18 11:21:39,580] {dag.py:2927} INFO - Setting next_dagrun for example_trigger_controller_dag to 2021-01-01T00:00:00+00:00, run_after=2021-01-01T00:00:00+00:00
[2022-10-18 11:21:39,603] {processor.py:161} INFO - Processing /home/ubuntu/airflow/airflow_env/lib/python3.8/site-packages/airflow/example_dags/example_trigger_controller_dag.py took 0.083 seconds
[2022-10-18 11:22:12,616] {processor.py:153} INFO - Started process (PID=270500) to work on /home/ubuntu/airflow/airflow_env/lib/python3.8/site-packages/airflow/example_dags/example_trigger_controller_dag.py
[2022-10-18 11:22:12,617] {processor.py:641} INFO - Processing file /home/ubuntu/airflow/airflow_env/lib/python3.8/site-packages/airflow/example_dags/example_trigger_controller_dag.py for tasks to queue
[2022-10-18 11:22:12,618] {logging_mixin.py:115} INFO - [2022-10-18 11:22:12,618] {dagbag.py:507} INFO - Filling up the DagBag from /home/ubuntu/airflow/airflow_env/lib/python3.8/site-packages/airflow/example_dags/example_trigger_controller_dag.py
[2022-10-18 11:22:12,621] {processor.py:651} INFO - DAG(s) dict_keys(['example_trigger_controller_dag']) retrieved from /home/ubuntu/airflow/airflow_env/lib/python3.8/site-packages/airflow/example_dags/example_trigger_controller_dag.py
[2022-10-18 11:22:12,642] {logging_mixin.py:115} INFO - [2022-10-18 11:22:12,642] {dag.py:2379} INFO - Sync 1 DAGs
[2022-10-18 11:22:12,658] {logging_mixin.py:115} INFO - [2022-10-18 11:22:12,658] {dag.py:2927} INFO - Setting next_dagrun for example_trigger_controller_dag to 2021-01-01T00:00:00+00:00, run_after=2021-01-01T00:00:00+00:00
[2022-10-18 11:22:12,669] {processor.py:161} INFO - Processing /home/ubuntu/airflow/airflow_env/lib/python3.8/site-packages/airflow/example_dags/example_trigger_controller_dag.py took 0.057 seconds
[2022-10-18 11:22:47,564] {processor.py:153} INFO - Started process (PID=270655) to work on /home/ubuntu/airflow/airflow_env/lib/python3.8/site-packages/airflow/example_dags/example_trigger_controller_dag.py
[2022-10-18 11:22:47,565] {processor.py:641} INFO - Processing file /home/ubuntu/airflow/airflow_env/lib/python3.8/site-packages/airflow/example_dags/example_trigger_controller_dag.py for tasks to queue
[2022-10-18 11:22:47,565] {logging_mixin.py:115} INFO - [2022-10-18 11:22:47,565] {dagbag.py:507} INFO - Filling up the DagBag from /home/ubuntu/airflow/airflow_env/lib/python3.8/site-packages/airflow/example_dags/example_trigger_controller_dag.py
[2022-10-18 11:22:47,569] {processor.py:651} INFO - DAG(s) dict_keys(['example_trigger_controller_dag']) retrieved from /home/ubuntu/airflow/airflow_env/lib/python3.8/site-packages/airflow/example_dags/example_trigger_controller_dag.py
[2022-10-18 11:22:47,588] {logging_mixin.py:115} INFO - [2022-10-18 11:22:47,588] {dag.py:2379} INFO - Sync 1 DAGs
[2022-10-18 11:22:47,604] {logging_mixin.py:115} INFO - [2022-10-18 11:22:47,604] {dag.py:2927} INFO - Setting next_dagrun for example_trigger_controller_dag to 2021-01-01T00:00:00+00:00, run_after=2021-01-01T00:00:00+00:00
[2022-10-18 11:22:47,616] {processor.py:161} INFO - Processing /home/ubuntu/airflow/airflow_env/lib/python3.8/site-packages/airflow/example_dags/example_trigger_controller_dag.py took 0.056 seconds
[2022-10-18 11:23:23,150] {processor.py:153} INFO - Started process (PID=270722) to work on /home/ubuntu/airflow/airflow_env/lib/python3.8/site-packages/airflow/example_dags/example_trigger_controller_dag.py
[2022-10-18 11:23:23,151] {processor.py:641} INFO - Processing file /home/ubuntu/airflow/airflow_env/lib/python3.8/site-packages/airflow/example_dags/example_trigger_controller_dag.py for tasks to queue
[2022-10-18 11:23:23,151] {logging_mixin.py:115} INFO - [2022-10-18 11:23:23,151] {dagbag.py:507} INFO - Filling up the DagBag from /home/ubuntu/airflow/airflow_env/lib/python3.8/site-packages/airflow/example_dags/example_trigger_controller_dag.py
[2022-10-18 11:23:23,156] {processor.py:651} INFO - DAG(s) dict_keys(['example_trigger_controller_dag']) retrieved from /home/ubuntu/airflow/airflow_env/lib/python3.8/site-packages/airflow/example_dags/example_trigger_controller_dag.py
[2022-10-18 11:23:23,176] {logging_mixin.py:115} INFO - [2022-10-18 11:23:23,176] {dag.py:2379} INFO - Sync 1 DAGs
[2022-10-18 11:23:23,192] {logging_mixin.py:115} INFO - [2022-10-18 11:23:23,192] {dag.py:2927} INFO - Setting next_dagrun for example_trigger_controller_dag to 2021-01-01T00:00:00+00:00, run_after=2021-01-01T00:00:00+00:00
[2022-10-18 11:23:23,205] {processor.py:161} INFO - Processing /home/ubuntu/airflow/airflow_env/lib/python3.8/site-packages/airflow/example_dags/example_trigger_controller_dag.py took 0.058 seconds
[2022-10-18 11:23:57,330] {processor.py:153} INFO - Started process (PID=270760) to work on /home/ubuntu/airflow/airflow_env/lib/python3.8/site-packages/airflow/example_dags/example_trigger_controller_dag.py
[2022-10-18 11:23:57,331] {processor.py:641} INFO - Processing file /home/ubuntu/airflow/airflow_env/lib/python3.8/site-packages/airflow/example_dags/example_trigger_controller_dag.py for tasks to queue
[2022-10-18 11:23:57,332] {logging_mixin.py:115} INFO - [2022-10-18 11:23:57,331] {dagbag.py:507} INFO - Filling up the DagBag from /home/ubuntu/airflow/airflow_env/lib/python3.8/site-packages/airflow/example_dags/example_trigger_controller_dag.py
[2022-10-18 11:23:57,336] {processor.py:651} INFO - DAG(s) dict_keys(['example_trigger_controller_dag']) retrieved from /home/ubuntu/airflow/airflow_env/lib/python3.8/site-packages/airflow/example_dags/example_trigger_controller_dag.py
[2022-10-18 11:23:57,357] {logging_mixin.py:115} INFO - [2022-10-18 11:23:57,357] {dag.py:2379} INFO - Sync 1 DAGs
[2022-10-18 11:23:57,373] {logging_mixin.py:115} INFO - [2022-10-18 11:23:57,372] {dag.py:2927} INFO - Setting next_dagrun for example_trigger_controller_dag to 2021-01-01T00:00:00+00:00, run_after=2021-01-01T00:00:00+00:00
[2022-10-18 11:23:57,384] {processor.py:161} INFO - Processing /home/ubuntu/airflow/airflow_env/lib/python3.8/site-packages/airflow/example_dags/example_trigger_controller_dag.py took 0.058 seconds
[2022-10-18 11:24:31,996] {processor.py:153} INFO - Started process (PID=270797) to work on /home/ubuntu/airflow/airflow_env/lib/python3.8/site-packages/airflow/example_dags/example_trigger_controller_dag.py
[2022-10-18 11:24:31,997] {processor.py:641} INFO - Processing file /home/ubuntu/airflow/airflow_env/lib/python3.8/site-packages/airflow/example_dags/example_trigger_controller_dag.py for tasks to queue
[2022-10-18 11:24:31,997] {logging_mixin.py:115} INFO - [2022-10-18 11:24:31,997] {dagbag.py:507} INFO - Filling up the DagBag from /home/ubuntu/airflow/airflow_env/lib/python3.8/site-packages/airflow/example_dags/example_trigger_controller_dag.py
[2022-10-18 11:24:32,001] {processor.py:651} INFO - DAG(s) dict_keys(['example_trigger_controller_dag']) retrieved from /home/ubuntu/airflow/airflow_env/lib/python3.8/site-packages/airflow/example_dags/example_trigger_controller_dag.py
[2022-10-18 11:24:32,021] {logging_mixin.py:115} INFO - [2022-10-18 11:24:32,021] {dag.py:2379} INFO - Sync 1 DAGs
[2022-10-18 11:24:32,034] {logging_mixin.py:115} INFO - [2022-10-18 11:24:32,034] {dag.py:2927} INFO - Setting next_dagrun for example_trigger_controller_dag to 2021-01-01T00:00:00+00:00, run_after=2021-01-01T00:00:00+00:00
[2022-10-18 11:24:32,047] {processor.py:161} INFO - Processing /home/ubuntu/airflow/airflow_env/lib/python3.8/site-packages/airflow/example_dags/example_trigger_controller_dag.py took 0.055 seconds
[2022-10-18 11:25:08,135] {processor.py:153} INFO - Started process (PID=270836) to work on /home/ubuntu/airflow/airflow_env/lib/python3.8/site-packages/airflow/example_dags/example_trigger_controller_dag.py
[2022-10-18 11:25:08,136] {processor.py:641} INFO - Processing file /home/ubuntu/airflow/airflow_env/lib/python3.8/site-packages/airflow/example_dags/example_trigger_controller_dag.py for tasks to queue
[2022-10-18 11:25:08,136] {logging_mixin.py:115} INFO - [2022-10-18 11:25:08,136] {dagbag.py:507} INFO - Filling up the DagBag from /home/ubuntu/airflow/airflow_env/lib/python3.8/site-packages/airflow/example_dags/example_trigger_controller_dag.py
[2022-10-18 11:25:08,141] {processor.py:651} INFO - DAG(s) dict_keys(['example_trigger_controller_dag']) retrieved from /home/ubuntu/airflow/airflow_env/lib/python3.8/site-packages/airflow/example_dags/example_trigger_controller_dag.py
[2022-10-18 11:25:08,165] {logging_mixin.py:115} INFO - [2022-10-18 11:25:08,165] {dag.py:2379} INFO - Sync 1 DAGs
[2022-10-18 11:25:08,179] {logging_mixin.py:115} INFO - [2022-10-18 11:25:08,179] {dag.py:2927} INFO - Setting next_dagrun for example_trigger_controller_dag to 2021-01-01T00:00:00+00:00, run_after=2021-01-01T00:00:00+00:00
[2022-10-18 11:25:08,191] {processor.py:161} INFO - Processing /home/ubuntu/airflow/airflow_env/lib/python3.8/site-packages/airflow/example_dags/example_trigger_controller_dag.py took 0.061 seconds
[2022-10-18 11:25:41,843] {processor.py:153} INFO - Started process (PID=270874) to work on /home/ubuntu/airflow/airflow_env/lib/python3.8/site-packages/airflow/example_dags/example_trigger_controller_dag.py
[2022-10-18 11:25:41,844] {processor.py:641} INFO - Processing file /home/ubuntu/airflow/airflow_env/lib/python3.8/site-packages/airflow/example_dags/example_trigger_controller_dag.py for tasks to queue
[2022-10-18 11:25:41,845] {logging_mixin.py:115} INFO - [2022-10-18 11:25:41,845] {dagbag.py:507} INFO - Filling up the DagBag from /home/ubuntu/airflow/airflow_env/lib/python3.8/site-packages/airflow/example_dags/example_trigger_controller_dag.py
[2022-10-18 11:25:41,849] {processor.py:651} INFO - DAG(s) dict_keys(['example_trigger_controller_dag']) retrieved from /home/ubuntu/airflow/airflow_env/lib/python3.8/site-packages/airflow/example_dags/example_trigger_controller_dag.py
[2022-10-18 11:25:41,871] {logging_mixin.py:115} INFO - [2022-10-18 11:25:41,871] {dag.py:2379} INFO - Sync 1 DAGs
[2022-10-18 11:25:41,888] {logging_mixin.py:115} INFO - [2022-10-18 11:25:41,888] {dag.py:2927} INFO - Setting next_dagrun for example_trigger_controller_dag to 2021-01-01T00:00:00+00:00, run_after=2021-01-01T00:00:00+00:00
[2022-10-18 11:25:41,899] {processor.py:161} INFO - Processing /home/ubuntu/airflow/airflow_env/lib/python3.8/site-packages/airflow/example_dags/example_trigger_controller_dag.py took 0.060 seconds
[2022-10-18 11:26:16,236] {processor.py:153} INFO - Started process (PID=270921) to work on /home/ubuntu/airflow/airflow_env/lib/python3.8/site-packages/airflow/example_dags/example_trigger_controller_dag.py
[2022-10-18 11:26:16,236] {processor.py:641} INFO - Processing file /home/ubuntu/airflow/airflow_env/lib/python3.8/site-packages/airflow/example_dags/example_trigger_controller_dag.py for tasks to queue
[2022-10-18 11:26:16,237] {logging_mixin.py:115} INFO - [2022-10-18 11:26:16,237] {dagbag.py:507} INFO - Filling up the DagBag from /home/ubuntu/airflow/airflow_env/lib/python3.8/site-packages/airflow/example_dags/example_trigger_controller_dag.py
[2022-10-18 11:26:16,241] {processor.py:651} INFO - DAG(s) dict_keys(['example_trigger_controller_dag']) retrieved from /home/ubuntu/airflow/airflow_env/lib/python3.8/site-packages/airflow/example_dags/example_trigger_controller_dag.py
[2022-10-18 11:26:16,258] {logging_mixin.py:115} INFO - [2022-10-18 11:26:16,258] {dag.py:2379} INFO - Sync 1 DAGs
[2022-10-18 11:26:16,273] {logging_mixin.py:115} INFO - [2022-10-18 11:26:16,272] {dag.py:2927} INFO - Setting next_dagrun for example_trigger_controller_dag to 2021-01-01T00:00:00+00:00, run_after=2021-01-01T00:00:00+00:00
[2022-10-18 11:26:16,284] {processor.py:161} INFO - Processing /home/ubuntu/airflow/airflow_env/lib/python3.8/site-packages/airflow/example_dags/example_trigger_controller_dag.py took 0.052 seconds
[2022-10-18 11:26:51,091] {processor.py:153} INFO - Started process (PID=270956) to work on /home/ubuntu/airflow/airflow_env/lib/python3.8/site-packages/airflow/example_dags/example_trigger_controller_dag.py
[2022-10-18 11:26:51,092] {processor.py:641} INFO - Processing file /home/ubuntu/airflow/airflow_env/lib/python3.8/site-packages/airflow/example_dags/example_trigger_controller_dag.py for tasks to queue
[2022-10-18 11:26:51,093] {logging_mixin.py:115} INFO - [2022-10-18 11:26:51,092] {dagbag.py:507} INFO - Filling up the DagBag from /home/ubuntu/airflow/airflow_env/lib/python3.8/site-packages/airflow/example_dags/example_trigger_controller_dag.py
[2022-10-18 11:26:51,099] {processor.py:651} INFO - DAG(s) dict_keys(['example_trigger_controller_dag']) retrieved from /home/ubuntu/airflow/airflow_env/lib/python3.8/site-packages/airflow/example_dags/example_trigger_controller_dag.py
[2022-10-18 11:26:51,124] {logging_mixin.py:115} INFO - [2022-10-18 11:26:51,124] {dag.py:2379} INFO - Sync 1 DAGs
[2022-10-18 11:26:51,139] {logging_mixin.py:115} INFO - [2022-10-18 11:26:51,138] {dag.py:2927} INFO - Setting next_dagrun for example_trigger_controller_dag to 2021-01-01T00:00:00+00:00, run_after=2021-01-01T00:00:00+00:00
[2022-10-18 11:26:51,152] {processor.py:161} INFO - Processing /home/ubuntu/airflow/airflow_env/lib/python3.8/site-packages/airflow/example_dags/example_trigger_controller_dag.py took 0.067 seconds
[2022-10-18 11:27:26,309] {processor.py:153} INFO - Started process (PID=270997) to work on /home/ubuntu/airflow/airflow_env/lib/python3.8/site-packages/airflow/example_dags/example_trigger_controller_dag.py
[2022-10-18 11:27:26,310] {processor.py:641} INFO - Processing file /home/ubuntu/airflow/airflow_env/lib/python3.8/site-packages/airflow/example_dags/example_trigger_controller_dag.py for tasks to queue
[2022-10-18 11:27:26,311] {logging_mixin.py:115} INFO - [2022-10-18 11:27:26,310] {dagbag.py:507} INFO - Filling up the DagBag from /home/ubuntu/airflow/airflow_env/lib/python3.8/site-packages/airflow/example_dags/example_trigger_controller_dag.py
[2022-10-18 11:27:26,314] {processor.py:651} INFO - DAG(s) dict_keys(['example_trigger_controller_dag']) retrieved from /home/ubuntu/airflow/airflow_env/lib/python3.8/site-packages/airflow/example_dags/example_trigger_controller_dag.py
[2022-10-18 11:27:26,333] {logging_mixin.py:115} INFO - [2022-10-18 11:27:26,333] {dag.py:2379} INFO - Sync 1 DAGs
[2022-10-18 11:27:26,347] {logging_mixin.py:115} INFO - [2022-10-18 11:27:26,347] {dag.py:2927} INFO - Setting next_dagrun for example_trigger_controller_dag to 2021-01-01T00:00:00+00:00, run_after=2021-01-01T00:00:00+00:00
[2022-10-18 11:27:26,362] {processor.py:161} INFO - Processing /home/ubuntu/airflow/airflow_env/lib/python3.8/site-packages/airflow/example_dags/example_trigger_controller_dag.py took 0.057 seconds
[2022-10-18 11:28:01,650] {processor.py:153} INFO - Started process (PID=271064) to work on /home/ubuntu/airflow/airflow_env/lib/python3.8/site-packages/airflow/example_dags/example_trigger_controller_dag.py
[2022-10-18 11:28:01,653] {processor.py:641} INFO - Processing file /home/ubuntu/airflow/airflow_env/lib/python3.8/site-packages/airflow/example_dags/example_trigger_controller_dag.py for tasks to queue
[2022-10-18 11:28:01,653] {logging_mixin.py:115} INFO - [2022-10-18 11:28:01,653] {dagbag.py:507} INFO - Filling up the DagBag from /home/ubuntu/airflow/airflow_env/lib/python3.8/site-packages/airflow/example_dags/example_trigger_controller_dag.py
[2022-10-18 11:28:01,657] {processor.py:651} INFO - DAG(s) dict_keys(['example_trigger_controller_dag']) retrieved from /home/ubuntu/airflow/airflow_env/lib/python3.8/site-packages/airflow/example_dags/example_trigger_controller_dag.py
[2022-10-18 11:28:01,679] {logging_mixin.py:115} INFO - [2022-10-18 11:28:01,679] {dag.py:2379} INFO - Sync 1 DAGs
[2022-10-18 11:28:01,695] {logging_mixin.py:115} INFO - [2022-10-18 11:28:01,694] {dag.py:2927} INFO - Setting next_dagrun for example_trigger_controller_dag to 2021-01-01T00:00:00+00:00, run_after=2021-01-01T00:00:00+00:00
[2022-10-18 11:28:01,707] {processor.py:161} INFO - Processing /home/ubuntu/airflow/airflow_env/lib/python3.8/site-packages/airflow/example_dags/example_trigger_controller_dag.py took 0.061 seconds
[2022-10-18 11:28:37,881] {processor.py:153} INFO - Started process (PID=271102) to work on /home/ubuntu/airflow/airflow_env/lib/python3.8/site-packages/airflow/example_dags/example_trigger_controller_dag.py
[2022-10-18 11:28:37,881] {processor.py:641} INFO - Processing file /home/ubuntu/airflow/airflow_env/lib/python3.8/site-packages/airflow/example_dags/example_trigger_controller_dag.py for tasks to queue
[2022-10-18 11:28:37,882] {logging_mixin.py:115} INFO - [2022-10-18 11:28:37,882] {dagbag.py:507} INFO - Filling up the DagBag from /home/ubuntu/airflow/airflow_env/lib/python3.8/site-packages/airflow/example_dags/example_trigger_controller_dag.py
[2022-10-18 11:28:37,885] {processor.py:651} INFO - DAG(s) dict_keys(['example_trigger_controller_dag']) retrieved from /home/ubuntu/airflow/airflow_env/lib/python3.8/site-packages/airflow/example_dags/example_trigger_controller_dag.py
[2022-10-18 11:28:37,905] {logging_mixin.py:115} INFO - [2022-10-18 11:28:37,904] {dag.py:2379} INFO - Sync 1 DAGs
[2022-10-18 11:28:37,919] {logging_mixin.py:115} INFO - [2022-10-18 11:28:37,919] {dag.py:2927} INFO - Setting next_dagrun for example_trigger_controller_dag to 2021-01-01T00:00:00+00:00, run_after=2021-01-01T00:00:00+00:00
[2022-10-18 11:28:37,933] {processor.py:161} INFO - Processing /home/ubuntu/airflow/airflow_env/lib/python3.8/site-packages/airflow/example_dags/example_trigger_controller_dag.py took 0.056 seconds
[2022-10-18 11:29:10,954] {processor.py:153} INFO - Started process (PID=271197) to work on /home/ubuntu/airflow/airflow_env/lib/python3.8/site-packages/airflow/example_dags/example_trigger_controller_dag.py
[2022-10-18 11:29:10,955] {processor.py:641} INFO - Processing file /home/ubuntu/airflow/airflow_env/lib/python3.8/site-packages/airflow/example_dags/example_trigger_controller_dag.py for tasks to queue
[2022-10-18 11:29:10,955] {logging_mixin.py:115} INFO - [2022-10-18 11:29:10,955] {dagbag.py:507} INFO - Filling up the DagBag from /home/ubuntu/airflow/airflow_env/lib/python3.8/site-packages/airflow/example_dags/example_trigger_controller_dag.py
[2022-10-18 11:29:10,960] {processor.py:651} INFO - DAG(s) dict_keys(['example_trigger_controller_dag']) retrieved from /home/ubuntu/airflow/airflow_env/lib/python3.8/site-packages/airflow/example_dags/example_trigger_controller_dag.py
[2022-10-18 11:29:10,981] {logging_mixin.py:115} INFO - [2022-10-18 11:29:10,981] {dag.py:2379} INFO - Sync 1 DAGs
[2022-10-18 11:29:10,994] {logging_mixin.py:115} INFO - [2022-10-18 11:29:10,994] {dag.py:2927} INFO - Setting next_dagrun for example_trigger_controller_dag to 2021-01-01T00:00:00+00:00, run_after=2021-01-01T00:00:00+00:00
[2022-10-18 11:29:11,005] {processor.py:161} INFO - Processing /home/ubuntu/airflow/airflow_env/lib/python3.8/site-packages/airflow/example_dags/example_trigger_controller_dag.py took 0.055 seconds
[2022-10-18 11:29:41,551] {processor.py:153} INFO - Started process (PID=271234) to work on /home/ubuntu/airflow/airflow_env/lib/python3.8/site-packages/airflow/example_dags/example_trigger_controller_dag.py
[2022-10-18 11:29:41,553] {processor.py:641} INFO - Processing file /home/ubuntu/airflow/airflow_env/lib/python3.8/site-packages/airflow/example_dags/example_trigger_controller_dag.py for tasks to queue
[2022-10-18 11:29:41,555] {logging_mixin.py:115} INFO - [2022-10-18 11:29:41,555] {dagbag.py:507} INFO - Filling up the DagBag from /home/ubuntu/airflow/airflow_env/lib/python3.8/site-packages/airflow/example_dags/example_trigger_controller_dag.py
[2022-10-18 11:29:41,566] {processor.py:651} INFO - DAG(s) dict_keys(['example_trigger_controller_dag']) retrieved from /home/ubuntu/airflow/airflow_env/lib/python3.8/site-packages/airflow/example_dags/example_trigger_controller_dag.py
[2022-10-18 11:29:41,602] {logging_mixin.py:115} INFO - [2022-10-18 11:29:41,602] {dag.py:2379} INFO - Sync 1 DAGs
[2022-10-18 11:29:41,624] {logging_mixin.py:115} INFO - [2022-10-18 11:29:41,624] {dag.py:2927} INFO - Setting next_dagrun for example_trigger_controller_dag to 2021-01-01T00:00:00+00:00, run_after=2021-01-01T00:00:00+00:00
[2022-10-18 11:29:41,642] {processor.py:161} INFO - Processing /home/ubuntu/airflow/airflow_env/lib/python3.8/site-packages/airflow/example_dags/example_trigger_controller_dag.py took 0.097 seconds
[2022-10-18 11:30:15,931] {processor.py:153} INFO - Started process (PID=271276) to work on /home/ubuntu/airflow/airflow_env/lib/python3.8/site-packages/airflow/example_dags/example_trigger_controller_dag.py
[2022-10-18 11:30:15,934] {processor.py:641} INFO - Processing file /home/ubuntu/airflow/airflow_env/lib/python3.8/site-packages/airflow/example_dags/example_trigger_controller_dag.py for tasks to queue
[2022-10-18 11:30:15,935] {logging_mixin.py:115} INFO - [2022-10-18 11:30:15,935] {dagbag.py:507} INFO - Filling up the DagBag from /home/ubuntu/airflow/airflow_env/lib/python3.8/site-packages/airflow/example_dags/example_trigger_controller_dag.py
[2022-10-18 11:30:15,942] {processor.py:651} INFO - DAG(s) dict_keys(['example_trigger_controller_dag']) retrieved from /home/ubuntu/airflow/airflow_env/lib/python3.8/site-packages/airflow/example_dags/example_trigger_controller_dag.py
[2022-10-18 11:30:15,980] {logging_mixin.py:115} INFO - [2022-10-18 11:30:15,980] {dag.py:2379} INFO - Sync 1 DAGs
[2022-10-18 11:30:16,007] {logging_mixin.py:115} INFO - [2022-10-18 11:30:16,007] {dag.py:2927} INFO - Setting next_dagrun for example_trigger_controller_dag to 2021-01-01T00:00:00+00:00, run_after=2021-01-01T00:00:00+00:00
[2022-10-18 11:30:16,025] {processor.py:161} INFO - Processing /home/ubuntu/airflow/airflow_env/lib/python3.8/site-packages/airflow/example_dags/example_trigger_controller_dag.py took 0.098 seconds
