[2022-10-18 00:12:46,507] {processor.py:153} INFO - Started process (PID=265865) to work on /home/ubuntu/airflow/airflow_env/lib/python3.8/site-packages/airflow/example_dags/example_xcomargs.py
[2022-10-18 00:12:46,508] {processor.py:641} INFO - Processing file /home/ubuntu/airflow/airflow_env/lib/python3.8/site-packages/airflow/example_dags/example_xcomargs.py for tasks to queue
[2022-10-18 00:12:46,509] {logging_mixin.py:115} INFO - [2022-10-18 00:12:46,508] {dagbag.py:507} INFO - Filling up the DagBag from /home/ubuntu/airflow/airflow_env/lib/python3.8/site-packages/airflow/example_dags/example_xcomargs.py
[2022-10-18 00:12:46,529] {processor.py:651} INFO - DAG(s) dict_keys(['example_xcom_args', 'example_xcom_args_with_operators']) retrieved from /home/ubuntu/airflow/airflow_env/lib/python3.8/site-packages/airflow/example_dags/example_xcomargs.py
[2022-10-18 00:12:46,575] {logging_mixin.py:115} INFO - [2022-10-18 00:12:46,575] {dag.py:2379} INFO - Sync 2 DAGs
[2022-10-18 00:12:46,588] {logging_mixin.py:115} INFO - [2022-10-18 00:12:46,588] {dag.py:2927} INFO - Setting next_dagrun for example_xcom_args to None, run_after=None
[2022-10-18 00:12:46,588] {logging_mixin.py:115} INFO - [2022-10-18 00:12:46,588] {dag.py:2927} INFO - Setting next_dagrun for example_xcom_args_with_operators to None, run_after=None
[2022-10-18 00:12:46,600] {processor.py:161} INFO - Processing /home/ubuntu/airflow/airflow_env/lib/python3.8/site-packages/airflow/example_dags/example_xcomargs.py took 0.096 seconds
[2022-10-18 00:13:23,010] {processor.py:153} INFO - Started process (PID=265942) to work on /home/ubuntu/airflow/airflow_env/lib/python3.8/site-packages/airflow/example_dags/example_xcomargs.py
[2022-10-18 00:13:23,014] {processor.py:641} INFO - Processing file /home/ubuntu/airflow/airflow_env/lib/python3.8/site-packages/airflow/example_dags/example_xcomargs.py for tasks to queue
[2022-10-18 00:13:23,015] {logging_mixin.py:115} INFO - [2022-10-18 00:13:23,015] {dagbag.py:507} INFO - Filling up the DagBag from /home/ubuntu/airflow/airflow_env/lib/python3.8/site-packages/airflow/example_dags/example_xcomargs.py
[2022-10-18 00:13:23,043] {processor.py:651} INFO - DAG(s) dict_keys(['example_xcom_args', 'example_xcom_args_with_operators']) retrieved from /home/ubuntu/airflow/airflow_env/lib/python3.8/site-packages/airflow/example_dags/example_xcomargs.py
[2022-10-18 00:13:23,100] {logging_mixin.py:115} INFO - [2022-10-18 00:13:23,100] {dag.py:2379} INFO - Sync 2 DAGs
[2022-10-18 00:13:23,116] {logging_mixin.py:115} INFO - [2022-10-18 00:13:23,116] {dag.py:2927} INFO - Setting next_dagrun for example_xcom_args to None, run_after=None
[2022-10-18 00:13:23,116] {logging_mixin.py:115} INFO - [2022-10-18 00:13:23,116] {dag.py:2927} INFO - Setting next_dagrun for example_xcom_args_with_operators to None, run_after=None
[2022-10-18 00:13:23,135] {processor.py:161} INFO - Processing /home/ubuntu/airflow/airflow_env/lib/python3.8/site-packages/airflow/example_dags/example_xcomargs.py took 0.129 seconds
[2022-10-18 00:13:58,979] {processor.py:153} INFO - Started process (PID=265986) to work on /home/ubuntu/airflow/airflow_env/lib/python3.8/site-packages/airflow/example_dags/example_xcomargs.py
[2022-10-18 00:13:58,980] {processor.py:641} INFO - Processing file /home/ubuntu/airflow/airflow_env/lib/python3.8/site-packages/airflow/example_dags/example_xcomargs.py for tasks to queue
[2022-10-18 00:13:58,981] {logging_mixin.py:115} INFO - [2022-10-18 00:13:58,981] {dagbag.py:507} INFO - Filling up the DagBag from /home/ubuntu/airflow/airflow_env/lib/python3.8/site-packages/airflow/example_dags/example_xcomargs.py
[2022-10-18 00:13:59,015] {processor.py:651} INFO - DAG(s) dict_keys(['example_xcom_args', 'example_xcom_args_with_operators']) retrieved from /home/ubuntu/airflow/airflow_env/lib/python3.8/site-packages/airflow/example_dags/example_xcomargs.py
[2022-10-18 00:13:59,045] {logging_mixin.py:115} INFO - [2022-10-18 00:13:59,045] {dag.py:2379} INFO - Sync 2 DAGs
[2022-10-18 00:13:59,061] {logging_mixin.py:115} INFO - [2022-10-18 00:13:59,061] {dag.py:2927} INFO - Setting next_dagrun for example_xcom_args to None, run_after=None
[2022-10-18 00:13:59,061] {logging_mixin.py:115} INFO - [2022-10-18 00:13:59,061] {dag.py:2927} INFO - Setting next_dagrun for example_xcom_args_with_operators to None, run_after=None
[2022-10-18 00:13:59,075] {processor.py:161} INFO - Processing /home/ubuntu/airflow/airflow_env/lib/python3.8/site-packages/airflow/example_dags/example_xcomargs.py took 0.100 seconds
[2022-10-18 00:14:35,015] {processor.py:153} INFO - Started process (PID=266053) to work on /home/ubuntu/airflow/airflow_env/lib/python3.8/site-packages/airflow/example_dags/example_xcomargs.py
[2022-10-18 00:14:35,016] {processor.py:641} INFO - Processing file /home/ubuntu/airflow/airflow_env/lib/python3.8/site-packages/airflow/example_dags/example_xcomargs.py for tasks to queue
[2022-10-18 00:14:35,017] {logging_mixin.py:115} INFO - [2022-10-18 00:14:35,017] {dagbag.py:507} INFO - Filling up the DagBag from /home/ubuntu/airflow/airflow_env/lib/python3.8/site-packages/airflow/example_dags/example_xcomargs.py
[2022-10-18 00:14:35,063] {processor.py:651} INFO - DAG(s) dict_keys(['example_xcom_args', 'example_xcom_args_with_operators']) retrieved from /home/ubuntu/airflow/airflow_env/lib/python3.8/site-packages/airflow/example_dags/example_xcomargs.py
[2022-10-18 00:14:35,143] {logging_mixin.py:115} INFO - [2022-10-18 00:14:35,143] {dag.py:2379} INFO - Sync 2 DAGs
[2022-10-18 00:14:35,161] {logging_mixin.py:115} INFO - [2022-10-18 00:14:35,161] {dag.py:2927} INFO - Setting next_dagrun for example_xcom_args to None, run_after=None
[2022-10-18 00:14:35,161] {logging_mixin.py:115} INFO - [2022-10-18 00:14:35,161] {dag.py:2927} INFO - Setting next_dagrun for example_xcom_args_with_operators to None, run_after=None
[2022-10-18 00:14:35,177] {processor.py:161} INFO - Processing /home/ubuntu/airflow/airflow_env/lib/python3.8/site-packages/airflow/example_dags/example_xcomargs.py took 0.168 seconds
[2022-10-18 00:15:09,149] {processor.py:153} INFO - Started process (PID=266143) to work on /home/ubuntu/airflow/airflow_env/lib/python3.8/site-packages/airflow/example_dags/example_xcomargs.py
[2022-10-18 00:15:09,150] {processor.py:641} INFO - Processing file /home/ubuntu/airflow/airflow_env/lib/python3.8/site-packages/airflow/example_dags/example_xcomargs.py for tasks to queue
[2022-10-18 00:15:09,151] {logging_mixin.py:115} INFO - [2022-10-18 00:15:09,151] {dagbag.py:507} INFO - Filling up the DagBag from /home/ubuntu/airflow/airflow_env/lib/python3.8/site-packages/airflow/example_dags/example_xcomargs.py
[2022-10-18 00:15:09,176] {processor.py:651} INFO - DAG(s) dict_keys(['example_xcom_args', 'example_xcom_args_with_operators']) retrieved from /home/ubuntu/airflow/airflow_env/lib/python3.8/site-packages/airflow/example_dags/example_xcomargs.py
[2022-10-18 00:15:09,229] {logging_mixin.py:115} INFO - [2022-10-18 00:15:09,228] {dag.py:2379} INFO - Sync 2 DAGs
[2022-10-18 00:15:09,243] {logging_mixin.py:115} INFO - [2022-10-18 00:15:09,243] {dag.py:2927} INFO - Setting next_dagrun for example_xcom_args to None, run_after=None
[2022-10-18 00:15:09,244] {logging_mixin.py:115} INFO - [2022-10-18 00:15:09,244] {dag.py:2927} INFO - Setting next_dagrun for example_xcom_args_with_operators to None, run_after=None
[2022-10-18 00:15:09,260] {processor.py:161} INFO - Processing /home/ubuntu/airflow/airflow_env/lib/python3.8/site-packages/airflow/example_dags/example_xcomargs.py took 0.115 seconds
[2022-10-18 00:15:44,915] {processor.py:153} INFO - Started process (PID=266184) to work on /home/ubuntu/airflow/airflow_env/lib/python3.8/site-packages/airflow/example_dags/example_xcomargs.py
[2022-10-18 00:15:44,916] {processor.py:641} INFO - Processing file /home/ubuntu/airflow/airflow_env/lib/python3.8/site-packages/airflow/example_dags/example_xcomargs.py for tasks to queue
[2022-10-18 00:15:44,917] {logging_mixin.py:115} INFO - [2022-10-18 00:15:44,917] {dagbag.py:507} INFO - Filling up the DagBag from /home/ubuntu/airflow/airflow_env/lib/python3.8/site-packages/airflow/example_dags/example_xcomargs.py
[2022-10-18 00:15:44,941] {processor.py:651} INFO - DAG(s) dict_keys(['example_xcom_args', 'example_xcom_args_with_operators']) retrieved from /home/ubuntu/airflow/airflow_env/lib/python3.8/site-packages/airflow/example_dags/example_xcomargs.py
[2022-10-18 00:15:44,963] {logging_mixin.py:115} INFO - [2022-10-18 00:15:44,963] {dag.py:2379} INFO - Sync 2 DAGs
[2022-10-18 00:15:44,979] {logging_mixin.py:115} INFO - [2022-10-18 00:15:44,979] {dag.py:2927} INFO - Setting next_dagrun for example_xcom_args to None, run_after=None
[2022-10-18 00:15:44,980] {logging_mixin.py:115} INFO - [2022-10-18 00:15:44,979] {dag.py:2927} INFO - Setting next_dagrun for example_xcom_args_with_operators to None, run_after=None
[2022-10-18 00:15:44,992] {processor.py:161} INFO - Processing /home/ubuntu/airflow/airflow_env/lib/python3.8/site-packages/airflow/example_dags/example_xcomargs.py took 0.082 seconds
[2022-10-18 00:16:18,609] {processor.py:153} INFO - Started process (PID=266219) to work on /home/ubuntu/airflow/airflow_env/lib/python3.8/site-packages/airflow/example_dags/example_xcomargs.py
[2022-10-18 00:16:18,610] {processor.py:641} INFO - Processing file /home/ubuntu/airflow/airflow_env/lib/python3.8/site-packages/airflow/example_dags/example_xcomargs.py for tasks to queue
[2022-10-18 00:16:18,610] {logging_mixin.py:115} INFO - [2022-10-18 00:16:18,610] {dagbag.py:507} INFO - Filling up the DagBag from /home/ubuntu/airflow/airflow_env/lib/python3.8/site-packages/airflow/example_dags/example_xcomargs.py
[2022-10-18 00:16:18,633] {processor.py:651} INFO - DAG(s) dict_keys(['example_xcom_args', 'example_xcom_args_with_operators']) retrieved from /home/ubuntu/airflow/airflow_env/lib/python3.8/site-packages/airflow/example_dags/example_xcomargs.py
[2022-10-18 00:16:18,653] {logging_mixin.py:115} INFO - [2022-10-18 00:16:18,652] {dag.py:2379} INFO - Sync 2 DAGs
[2022-10-18 00:16:18,669] {logging_mixin.py:115} INFO - [2022-10-18 00:16:18,669] {dag.py:2927} INFO - Setting next_dagrun for example_xcom_args to None, run_after=None
[2022-10-18 00:16:18,670] {logging_mixin.py:115} INFO - [2022-10-18 00:16:18,670] {dag.py:2927} INFO - Setting next_dagrun for example_xcom_args_with_operators to None, run_after=None
[2022-10-18 00:16:18,682] {processor.py:161} INFO - Processing /home/ubuntu/airflow/airflow_env/lib/python3.8/site-packages/airflow/example_dags/example_xcomargs.py took 0.078 seconds
[2022-10-18 00:16:53,279] {processor.py:153} INFO - Started process (PID=266264) to work on /home/ubuntu/airflow/airflow_env/lib/python3.8/site-packages/airflow/example_dags/example_xcomargs.py
[2022-10-18 00:16:53,280] {processor.py:641} INFO - Processing file /home/ubuntu/airflow/airflow_env/lib/python3.8/site-packages/airflow/example_dags/example_xcomargs.py for tasks to queue
[2022-10-18 00:16:53,280] {logging_mixin.py:115} INFO - [2022-10-18 00:16:53,280] {dagbag.py:507} INFO - Filling up the DagBag from /home/ubuntu/airflow/airflow_env/lib/python3.8/site-packages/airflow/example_dags/example_xcomargs.py
[2022-10-18 00:16:53,303] {processor.py:651} INFO - DAG(s) dict_keys(['example_xcom_args', 'example_xcom_args_with_operators']) retrieved from /home/ubuntu/airflow/airflow_env/lib/python3.8/site-packages/airflow/example_dags/example_xcomargs.py
[2022-10-18 00:16:53,351] {logging_mixin.py:115} INFO - [2022-10-18 00:16:53,351] {dag.py:2379} INFO - Sync 2 DAGs
[2022-10-18 00:16:53,363] {logging_mixin.py:115} INFO - [2022-10-18 00:16:53,363] {dag.py:2927} INFO - Setting next_dagrun for example_xcom_args to None, run_after=None
[2022-10-18 00:16:53,363] {logging_mixin.py:115} INFO - [2022-10-18 00:16:53,363] {dag.py:2927} INFO - Setting next_dagrun for example_xcom_args_with_operators to None, run_after=None
[2022-10-18 00:16:53,376] {processor.py:161} INFO - Processing /home/ubuntu/airflow/airflow_env/lib/python3.8/site-packages/airflow/example_dags/example_xcomargs.py took 0.101 seconds
[2022-10-18 00:17:29,169] {processor.py:153} INFO - Started process (PID=266325) to work on /home/ubuntu/airflow/airflow_env/lib/python3.8/site-packages/airflow/example_dags/example_xcomargs.py
[2022-10-18 00:17:29,170] {processor.py:641} INFO - Processing file /home/ubuntu/airflow/airflow_env/lib/python3.8/site-packages/airflow/example_dags/example_xcomargs.py for tasks to queue
[2022-10-18 00:17:29,171] {logging_mixin.py:115} INFO - [2022-10-18 00:17:29,171] {dagbag.py:507} INFO - Filling up the DagBag from /home/ubuntu/airflow/airflow_env/lib/python3.8/site-packages/airflow/example_dags/example_xcomargs.py
[2022-10-18 00:17:29,192] {processor.py:651} INFO - DAG(s) dict_keys(['example_xcom_args', 'example_xcom_args_with_operators']) retrieved from /home/ubuntu/airflow/airflow_env/lib/python3.8/site-packages/airflow/example_dags/example_xcomargs.py
[2022-10-18 00:17:29,210] {logging_mixin.py:115} INFO - [2022-10-18 00:17:29,210] {dag.py:2379} INFO - Sync 2 DAGs
[2022-10-18 00:17:29,224] {logging_mixin.py:115} INFO - [2022-10-18 00:17:29,224] {dag.py:2927} INFO - Setting next_dagrun for example_xcom_args to None, run_after=None
[2022-10-18 00:17:29,224] {logging_mixin.py:115} INFO - [2022-10-18 00:17:29,224] {dag.py:2927} INFO - Setting next_dagrun for example_xcom_args_with_operators to None, run_after=None
[2022-10-18 00:17:29,236] {processor.py:161} INFO - Processing /home/ubuntu/airflow/airflow_env/lib/python3.8/site-packages/airflow/example_dags/example_xcomargs.py took 0.070 seconds
[2022-10-18 00:18:03,042] {processor.py:153} INFO - Started process (PID=266367) to work on /home/ubuntu/airflow/airflow_env/lib/python3.8/site-packages/airflow/example_dags/example_xcomargs.py
[2022-10-18 00:18:03,043] {processor.py:641} INFO - Processing file /home/ubuntu/airflow/airflow_env/lib/python3.8/site-packages/airflow/example_dags/example_xcomargs.py for tasks to queue
[2022-10-18 00:18:03,044] {logging_mixin.py:115} INFO - [2022-10-18 00:18:03,044] {dagbag.py:507} INFO - Filling up the DagBag from /home/ubuntu/airflow/airflow_env/lib/python3.8/site-packages/airflow/example_dags/example_xcomargs.py
[2022-10-18 00:18:03,069] {processor.py:651} INFO - DAG(s) dict_keys(['example_xcom_args', 'example_xcom_args_with_operators']) retrieved from /home/ubuntu/airflow/airflow_env/lib/python3.8/site-packages/airflow/example_dags/example_xcomargs.py
[2022-10-18 00:18:03,090] {logging_mixin.py:115} INFO - [2022-10-18 00:18:03,090] {dag.py:2379} INFO - Sync 2 DAGs
[2022-10-18 00:18:03,105] {logging_mixin.py:115} INFO - [2022-10-18 00:18:03,105] {dag.py:2927} INFO - Setting next_dagrun for example_xcom_args to None, run_after=None
[2022-10-18 00:18:03,106] {logging_mixin.py:115} INFO - [2022-10-18 00:18:03,105] {dag.py:2927} INFO - Setting next_dagrun for example_xcom_args_with_operators to None, run_after=None
[2022-10-18 00:18:03,119] {processor.py:161} INFO - Processing /home/ubuntu/airflow/airflow_env/lib/python3.8/site-packages/airflow/example_dags/example_xcomargs.py took 0.080 seconds
[2022-10-18 11:02:57,672] {processor.py:153} INFO - Started process (PID=267048) to work on /home/ubuntu/airflow/airflow_env/lib/python3.8/site-packages/airflow/example_dags/example_xcomargs.py
[2022-10-18 11:02:57,673] {processor.py:641} INFO - Processing file /home/ubuntu/airflow/airflow_env/lib/python3.8/site-packages/airflow/example_dags/example_xcomargs.py for tasks to queue
[2022-10-18 11:02:57,674] {logging_mixin.py:115} INFO - [2022-10-18 11:02:57,674] {dagbag.py:507} INFO - Filling up the DagBag from /home/ubuntu/airflow/airflow_env/lib/python3.8/site-packages/airflow/example_dags/example_xcomargs.py
[2022-10-18 11:02:57,714] {processor.py:651} INFO - DAG(s) dict_keys(['example_xcom_args', 'example_xcom_args_with_operators']) retrieved from /home/ubuntu/airflow/airflow_env/lib/python3.8/site-packages/airflow/example_dags/example_xcomargs.py
[2022-10-18 11:02:57,808] {logging_mixin.py:115} INFO - [2022-10-18 11:02:57,807] {dag.py:2379} INFO - Sync 2 DAGs
[2022-10-18 11:02:57,826] {logging_mixin.py:115} INFO - [2022-10-18 11:02:57,826] {dag.py:2927} INFO - Setting next_dagrun for example_xcom_args to None, run_after=None
[2022-10-18 11:02:57,827] {logging_mixin.py:115} INFO - [2022-10-18 11:02:57,827] {dag.py:2927} INFO - Setting next_dagrun for example_xcom_args_with_operators to None, run_after=None
[2022-10-18 11:02:57,847] {processor.py:161} INFO - Processing /home/ubuntu/airflow/airflow_env/lib/python3.8/site-packages/airflow/example_dags/example_xcomargs.py took 0.181 seconds
[2022-10-18 11:03:33,234] {processor.py:153} INFO - Started process (PID=267435) to work on /home/ubuntu/airflow/airflow_env/lib/python3.8/site-packages/airflow/example_dags/example_xcomargs.py
[2022-10-18 11:03:33,235] {processor.py:641} INFO - Processing file /home/ubuntu/airflow/airflow_env/lib/python3.8/site-packages/airflow/example_dags/example_xcomargs.py for tasks to queue
[2022-10-18 11:03:33,236] {logging_mixin.py:115} INFO - [2022-10-18 11:03:33,236] {dagbag.py:507} INFO - Filling up the DagBag from /home/ubuntu/airflow/airflow_env/lib/python3.8/site-packages/airflow/example_dags/example_xcomargs.py
[2022-10-18 11:03:33,256] {processor.py:651} INFO - DAG(s) dict_keys(['example_xcom_args', 'example_xcom_args_with_operators']) retrieved from /home/ubuntu/airflow/airflow_env/lib/python3.8/site-packages/airflow/example_dags/example_xcomargs.py
[2022-10-18 11:03:33,298] {logging_mixin.py:115} INFO - [2022-10-18 11:03:33,298] {dag.py:2379} INFO - Sync 2 DAGs
[2022-10-18 11:03:33,309] {logging_mixin.py:115} INFO - [2022-10-18 11:03:33,309] {dag.py:2927} INFO - Setting next_dagrun for example_xcom_args to None, run_after=None
[2022-10-18 11:03:33,309] {logging_mixin.py:115} INFO - [2022-10-18 11:03:33,309] {dag.py:2927} INFO - Setting next_dagrun for example_xcom_args_with_operators to None, run_after=None
[2022-10-18 11:03:33,323] {processor.py:161} INFO - Processing /home/ubuntu/airflow/airflow_env/lib/python3.8/site-packages/airflow/example_dags/example_xcomargs.py took 0.092 seconds
[2022-10-18 11:04:09,573] {processor.py:153} INFO - Started process (PID=267473) to work on /home/ubuntu/airflow/airflow_env/lib/python3.8/site-packages/airflow/example_dags/example_xcomargs.py
[2022-10-18 11:04:09,574] {processor.py:641} INFO - Processing file /home/ubuntu/airflow/airflow_env/lib/python3.8/site-packages/airflow/example_dags/example_xcomargs.py for tasks to queue
[2022-10-18 11:04:09,575] {logging_mixin.py:115} INFO - [2022-10-18 11:04:09,575] {dagbag.py:507} INFO - Filling up the DagBag from /home/ubuntu/airflow/airflow_env/lib/python3.8/site-packages/airflow/example_dags/example_xcomargs.py
[2022-10-18 11:04:09,596] {processor.py:651} INFO - DAG(s) dict_keys(['example_xcom_args', 'example_xcom_args_with_operators']) retrieved from /home/ubuntu/airflow/airflow_env/lib/python3.8/site-packages/airflow/example_dags/example_xcomargs.py
[2022-10-18 11:04:09,616] {logging_mixin.py:115} INFO - [2022-10-18 11:04:09,616] {dag.py:2379} INFO - Sync 2 DAGs
[2022-10-18 11:04:09,632] {logging_mixin.py:115} INFO - [2022-10-18 11:04:09,632] {dag.py:2927} INFO - Setting next_dagrun for example_xcom_args to None, run_after=None
[2022-10-18 11:04:09,633] {logging_mixin.py:115} INFO - [2022-10-18 11:04:09,633] {dag.py:2927} INFO - Setting next_dagrun for example_xcom_args_with_operators to None, run_after=None
[2022-10-18 11:04:09,645] {processor.py:161} INFO - Processing /home/ubuntu/airflow/airflow_env/lib/python3.8/site-packages/airflow/example_dags/example_xcomargs.py took 0.076 seconds
[2022-10-18 11:04:44,353] {processor.py:153} INFO - Started process (PID=267513) to work on /home/ubuntu/airflow/airflow_env/lib/python3.8/site-packages/airflow/example_dags/example_xcomargs.py
[2022-10-18 11:04:44,353] {processor.py:641} INFO - Processing file /home/ubuntu/airflow/airflow_env/lib/python3.8/site-packages/airflow/example_dags/example_xcomargs.py for tasks to queue
[2022-10-18 11:04:44,354] {logging_mixin.py:115} INFO - [2022-10-18 11:04:44,354] {dagbag.py:507} INFO - Filling up the DagBag from /home/ubuntu/airflow/airflow_env/lib/python3.8/site-packages/airflow/example_dags/example_xcomargs.py
[2022-10-18 11:04:44,376] {processor.py:651} INFO - DAG(s) dict_keys(['example_xcom_args', 'example_xcom_args_with_operators']) retrieved from /home/ubuntu/airflow/airflow_env/lib/python3.8/site-packages/airflow/example_dags/example_xcomargs.py
[2022-10-18 11:04:44,394] {logging_mixin.py:115} INFO - [2022-10-18 11:04:44,394] {dag.py:2379} INFO - Sync 2 DAGs
[2022-10-18 11:04:44,407] {logging_mixin.py:115} INFO - [2022-10-18 11:04:44,407] {dag.py:2927} INFO - Setting next_dagrun for example_xcom_args to None, run_after=None
[2022-10-18 11:04:44,407] {logging_mixin.py:115} INFO - [2022-10-18 11:04:44,407] {dag.py:2927} INFO - Setting next_dagrun for example_xcom_args_with_operators to None, run_after=None
[2022-10-18 11:04:44,419] {processor.py:161} INFO - Processing /home/ubuntu/airflow/airflow_env/lib/python3.8/site-packages/airflow/example_dags/example_xcomargs.py took 0.069 seconds
[2022-10-18 11:05:17,960] {processor.py:153} INFO - Started process (PID=267759) to work on /home/ubuntu/airflow/airflow_env/lib/python3.8/site-packages/airflow/example_dags/example_xcomargs.py
[2022-10-18 11:05:17,961] {processor.py:641} INFO - Processing file /home/ubuntu/airflow/airflow_env/lib/python3.8/site-packages/airflow/example_dags/example_xcomargs.py for tasks to queue
[2022-10-18 11:05:17,962] {logging_mixin.py:115} INFO - [2022-10-18 11:05:17,961] {dagbag.py:507} INFO - Filling up the DagBag from /home/ubuntu/airflow/airflow_env/lib/python3.8/site-packages/airflow/example_dags/example_xcomargs.py
[2022-10-18 11:05:17,990] {processor.py:651} INFO - DAG(s) dict_keys(['example_xcom_args', 'example_xcom_args_with_operators']) retrieved from /home/ubuntu/airflow/airflow_env/lib/python3.8/site-packages/airflow/example_dags/example_xcomargs.py
[2022-10-18 11:05:18,011] {logging_mixin.py:115} INFO - [2022-10-18 11:05:18,011] {dag.py:2379} INFO - Sync 2 DAGs
[2022-10-18 11:05:18,030] {logging_mixin.py:115} INFO - [2022-10-18 11:05:18,029] {dag.py:2927} INFO - Setting next_dagrun for example_xcom_args to None, run_after=None
[2022-10-18 11:05:18,030] {logging_mixin.py:115} INFO - [2022-10-18 11:05:18,030] {dag.py:2927} INFO - Setting next_dagrun for example_xcom_args_with_operators to None, run_after=None
[2022-10-18 11:05:18,044] {processor.py:161} INFO - Processing /home/ubuntu/airflow/airflow_env/lib/python3.8/site-packages/airflow/example_dags/example_xcomargs.py took 0.089 seconds
[2022-10-18 11:05:51,093] {processor.py:153} INFO - Started process (PID=267870) to work on /home/ubuntu/airflow/airflow_env/lib/python3.8/site-packages/airflow/example_dags/example_xcomargs.py
[2022-10-18 11:05:51,094] {processor.py:641} INFO - Processing file /home/ubuntu/airflow/airflow_env/lib/python3.8/site-packages/airflow/example_dags/example_xcomargs.py for tasks to queue
[2022-10-18 11:05:51,094] {logging_mixin.py:115} INFO - [2022-10-18 11:05:51,094] {dagbag.py:507} INFO - Filling up the DagBag from /home/ubuntu/airflow/airflow_env/lib/python3.8/site-packages/airflow/example_dags/example_xcomargs.py
[2022-10-18 11:05:51,113] {processor.py:651} INFO - DAG(s) dict_keys(['example_xcom_args', 'example_xcom_args_with_operators']) retrieved from /home/ubuntu/airflow/airflow_env/lib/python3.8/site-packages/airflow/example_dags/example_xcomargs.py
[2022-10-18 11:05:51,131] {logging_mixin.py:115} INFO - [2022-10-18 11:05:51,131] {dag.py:2379} INFO - Sync 2 DAGs
[2022-10-18 11:05:51,144] {logging_mixin.py:115} INFO - [2022-10-18 11:05:51,144] {dag.py:2927} INFO - Setting next_dagrun for example_xcom_args to None, run_after=None
[2022-10-18 11:05:51,145] {logging_mixin.py:115} INFO - [2022-10-18 11:05:51,145] {dag.py:2927} INFO - Setting next_dagrun for example_xcom_args_with_operators to None, run_after=None
[2022-10-18 11:05:51,156] {processor.py:161} INFO - Processing /home/ubuntu/airflow/airflow_env/lib/python3.8/site-packages/airflow/example_dags/example_xcomargs.py took 0.067 seconds
[2022-10-18 11:06:27,776] {processor.py:153} INFO - Started process (PID=267919) to work on /home/ubuntu/airflow/airflow_env/lib/python3.8/site-packages/airflow/example_dags/example_xcomargs.py
[2022-10-18 11:06:27,776] {processor.py:641} INFO - Processing file /home/ubuntu/airflow/airflow_env/lib/python3.8/site-packages/airflow/example_dags/example_xcomargs.py for tasks to queue
[2022-10-18 11:06:27,777] {logging_mixin.py:115} INFO - [2022-10-18 11:06:27,777] {dagbag.py:507} INFO - Filling up the DagBag from /home/ubuntu/airflow/airflow_env/lib/python3.8/site-packages/airflow/example_dags/example_xcomargs.py
[2022-10-18 11:06:27,797] {processor.py:651} INFO - DAG(s) dict_keys(['example_xcom_args', 'example_xcom_args_with_operators']) retrieved from /home/ubuntu/airflow/airflow_env/lib/python3.8/site-packages/airflow/example_dags/example_xcomargs.py
[2022-10-18 11:06:27,819] {logging_mixin.py:115} INFO - [2022-10-18 11:06:27,819] {dag.py:2379} INFO - Sync 2 DAGs
[2022-10-18 11:06:27,837] {logging_mixin.py:115} INFO - [2022-10-18 11:06:27,837] {dag.py:2927} INFO - Setting next_dagrun for example_xcom_args to None, run_after=None
[2022-10-18 11:06:27,837] {logging_mixin.py:115} INFO - [2022-10-18 11:06:27,837] {dag.py:2927} INFO - Setting next_dagrun for example_xcom_args_with_operators to None, run_after=None
[2022-10-18 11:06:27,852] {processor.py:161} INFO - Processing /home/ubuntu/airflow/airflow_env/lib/python3.8/site-packages/airflow/example_dags/example_xcomargs.py took 0.080 seconds
[2022-10-18 11:07:01,972] {processor.py:153} INFO - Started process (PID=267956) to work on /home/ubuntu/airflow/airflow_env/lib/python3.8/site-packages/airflow/example_dags/example_xcomargs.py
[2022-10-18 11:07:01,973] {processor.py:641} INFO - Processing file /home/ubuntu/airflow/airflow_env/lib/python3.8/site-packages/airflow/example_dags/example_xcomargs.py for tasks to queue
[2022-10-18 11:07:01,974] {logging_mixin.py:115} INFO - [2022-10-18 11:07:01,974] {dagbag.py:507} INFO - Filling up the DagBag from /home/ubuntu/airflow/airflow_env/lib/python3.8/site-packages/airflow/example_dags/example_xcomargs.py
[2022-10-18 11:07:01,996] {processor.py:651} INFO - DAG(s) dict_keys(['example_xcom_args', 'example_xcom_args_with_operators']) retrieved from /home/ubuntu/airflow/airflow_env/lib/python3.8/site-packages/airflow/example_dags/example_xcomargs.py
[2022-10-18 11:07:02,014] {logging_mixin.py:115} INFO - [2022-10-18 11:07:02,014] {dag.py:2379} INFO - Sync 2 DAGs
[2022-10-18 11:07:02,029] {logging_mixin.py:115} INFO - [2022-10-18 11:07:02,029] {dag.py:2927} INFO - Setting next_dagrun for example_xcom_args to None, run_after=None
[2022-10-18 11:07:02,030] {logging_mixin.py:115} INFO - [2022-10-18 11:07:02,029] {dag.py:2927} INFO - Setting next_dagrun for example_xcom_args_with_operators to None, run_after=None
[2022-10-18 11:07:02,040] {processor.py:161} INFO - Processing /home/ubuntu/airflow/airflow_env/lib/python3.8/site-packages/airflow/example_dags/example_xcomargs.py took 0.075 seconds
[2022-10-18 11:07:36,461] {processor.py:153} INFO - Started process (PID=268032) to work on /home/ubuntu/airflow/airflow_env/lib/python3.8/site-packages/airflow/example_dags/example_xcomargs.py
[2022-10-18 11:07:36,461] {processor.py:641} INFO - Processing file /home/ubuntu/airflow/airflow_env/lib/python3.8/site-packages/airflow/example_dags/example_xcomargs.py for tasks to queue
[2022-10-18 11:07:36,462] {logging_mixin.py:115} INFO - [2022-10-18 11:07:36,462] {dagbag.py:507} INFO - Filling up the DagBag from /home/ubuntu/airflow/airflow_env/lib/python3.8/site-packages/airflow/example_dags/example_xcomargs.py
[2022-10-18 11:07:36,489] {processor.py:651} INFO - DAG(s) dict_keys(['example_xcom_args', 'example_xcom_args_with_operators']) retrieved from /home/ubuntu/airflow/airflow_env/lib/python3.8/site-packages/airflow/example_dags/example_xcomargs.py
[2022-10-18 11:07:36,507] {logging_mixin.py:115} INFO - [2022-10-18 11:07:36,506] {dag.py:2379} INFO - Sync 2 DAGs
[2022-10-18 11:07:36,521] {logging_mixin.py:115} INFO - [2022-10-18 11:07:36,521] {dag.py:2927} INFO - Setting next_dagrun for example_xcom_args to None, run_after=None
[2022-10-18 11:07:36,522] {logging_mixin.py:115} INFO - [2022-10-18 11:07:36,522] {dag.py:2927} INFO - Setting next_dagrun for example_xcom_args_with_operators to None, run_after=None
[2022-10-18 11:07:36,534] {processor.py:161} INFO - Processing /home/ubuntu/airflow/airflow_env/lib/python3.8/site-packages/airflow/example_dags/example_xcomargs.py took 0.077 seconds
[2022-10-18 11:08:08,123] {processor.py:153} INFO - Started process (PID=268066) to work on /home/ubuntu/airflow/airflow_env/lib/python3.8/site-packages/airflow/example_dags/example_xcomargs.py
[2022-10-18 11:08:08,123] {processor.py:641} INFO - Processing file /home/ubuntu/airflow/airflow_env/lib/python3.8/site-packages/airflow/example_dags/example_xcomargs.py for tasks to queue
[2022-10-18 11:08:08,124] {logging_mixin.py:115} INFO - [2022-10-18 11:08:08,124] {dagbag.py:507} INFO - Filling up the DagBag from /home/ubuntu/airflow/airflow_env/lib/python3.8/site-packages/airflow/example_dags/example_xcomargs.py
[2022-10-18 11:08:08,144] {processor.py:651} INFO - DAG(s) dict_keys(['example_xcom_args', 'example_xcom_args_with_operators']) retrieved from /home/ubuntu/airflow/airflow_env/lib/python3.8/site-packages/airflow/example_dags/example_xcomargs.py
[2022-10-18 11:08:08,186] {logging_mixin.py:115} INFO - [2022-10-18 11:08:08,185] {dag.py:2379} INFO - Sync 2 DAGs
[2022-10-18 11:08:08,197] {logging_mixin.py:115} INFO - [2022-10-18 11:08:08,197] {dag.py:2927} INFO - Setting next_dagrun for example_xcom_args to None, run_after=None
[2022-10-18 11:08:08,198] {logging_mixin.py:115} INFO - [2022-10-18 11:08:08,198] {dag.py:2927} INFO - Setting next_dagrun for example_xcom_args_with_operators to None, run_after=None
[2022-10-18 11:08:08,214] {processor.py:161} INFO - Processing /home/ubuntu/airflow/airflow_env/lib/python3.8/site-packages/airflow/example_dags/example_xcomargs.py took 0.095 seconds
[2022-10-18 11:08:42,977] {processor.py:153} INFO - Started process (PID=268102) to work on /home/ubuntu/airflow/airflow_env/lib/python3.8/site-packages/airflow/example_dags/example_xcomargs.py
[2022-10-18 11:08:42,978] {processor.py:641} INFO - Processing file /home/ubuntu/airflow/airflow_env/lib/python3.8/site-packages/airflow/example_dags/example_xcomargs.py for tasks to queue
[2022-10-18 11:08:42,978] {logging_mixin.py:115} INFO - [2022-10-18 11:08:42,978] {dagbag.py:507} INFO - Filling up the DagBag from /home/ubuntu/airflow/airflow_env/lib/python3.8/site-packages/airflow/example_dags/example_xcomargs.py
[2022-10-18 11:08:42,998] {processor.py:651} INFO - DAG(s) dict_keys(['example_xcom_args', 'example_xcom_args_with_operators']) retrieved from /home/ubuntu/airflow/airflow_env/lib/python3.8/site-packages/airflow/example_dags/example_xcomargs.py
[2022-10-18 11:08:43,015] {logging_mixin.py:115} INFO - [2022-10-18 11:08:43,015] {dag.py:2379} INFO - Sync 2 DAGs
[2022-10-18 11:08:43,030] {logging_mixin.py:115} INFO - [2022-10-18 11:08:43,030] {dag.py:2927} INFO - Setting next_dagrun for example_xcom_args to None, run_after=None
[2022-10-18 11:08:43,030] {logging_mixin.py:115} INFO - [2022-10-18 11:08:43,030] {dag.py:2927} INFO - Setting next_dagrun for example_xcom_args_with_operators to None, run_after=None
[2022-10-18 11:08:43,040] {processor.py:161} INFO - Processing /home/ubuntu/airflow/airflow_env/lib/python3.8/site-packages/airflow/example_dags/example_xcomargs.py took 0.067 seconds
[2022-10-18 11:09:15,529] {processor.py:153} INFO - Started process (PID=268140) to work on /home/ubuntu/airflow/airflow_env/lib/python3.8/site-packages/airflow/example_dags/example_xcomargs.py
[2022-10-18 11:09:15,530] {processor.py:641} INFO - Processing file /home/ubuntu/airflow/airflow_env/lib/python3.8/site-packages/airflow/example_dags/example_xcomargs.py for tasks to queue
[2022-10-18 11:09:15,531] {logging_mixin.py:115} INFO - [2022-10-18 11:09:15,531] {dagbag.py:507} INFO - Filling up the DagBag from /home/ubuntu/airflow/airflow_env/lib/python3.8/site-packages/airflow/example_dags/example_xcomargs.py
[2022-10-18 11:09:15,559] {processor.py:651} INFO - DAG(s) dict_keys(['example_xcom_args', 'example_xcom_args_with_operators']) retrieved from /home/ubuntu/airflow/airflow_env/lib/python3.8/site-packages/airflow/example_dags/example_xcomargs.py
[2022-10-18 11:09:15,587] {logging_mixin.py:115} INFO - [2022-10-18 11:09:15,587] {dag.py:2379} INFO - Sync 2 DAGs
[2022-10-18 11:09:15,601] {logging_mixin.py:115} INFO - [2022-10-18 11:09:15,601] {dag.py:2927} INFO - Setting next_dagrun for example_xcom_args to None, run_after=None
[2022-10-18 11:09:15,601] {logging_mixin.py:115} INFO - [2022-10-18 11:09:15,601] {dag.py:2927} INFO - Setting next_dagrun for example_xcom_args_with_operators to None, run_after=None
[2022-10-18 11:09:15,612] {processor.py:161} INFO - Processing /home/ubuntu/airflow/airflow_env/lib/python3.8/site-packages/airflow/example_dags/example_xcomargs.py took 0.089 seconds
[2022-10-18 11:09:50,372] {processor.py:153} INFO - Started process (PID=268176) to work on /home/ubuntu/airflow/airflow_env/lib/python3.8/site-packages/airflow/example_dags/example_xcomargs.py
[2022-10-18 11:09:50,373] {processor.py:641} INFO - Processing file /home/ubuntu/airflow/airflow_env/lib/python3.8/site-packages/airflow/example_dags/example_xcomargs.py for tasks to queue
[2022-10-18 11:09:50,374] {logging_mixin.py:115} INFO - [2022-10-18 11:09:50,374] {dagbag.py:507} INFO - Filling up the DagBag from /home/ubuntu/airflow/airflow_env/lib/python3.8/site-packages/airflow/example_dags/example_xcomargs.py
[2022-10-18 11:09:50,400] {processor.py:651} INFO - DAG(s) dict_keys(['example_xcom_args', 'example_xcom_args_with_operators']) retrieved from /home/ubuntu/airflow/airflow_env/lib/python3.8/site-packages/airflow/example_dags/example_xcomargs.py
[2022-10-18 11:09:50,427] {logging_mixin.py:115} INFO - [2022-10-18 11:09:50,427] {dag.py:2379} INFO - Sync 2 DAGs
[2022-10-18 11:09:50,445] {logging_mixin.py:115} INFO - [2022-10-18 11:09:50,445] {dag.py:2927} INFO - Setting next_dagrun for example_xcom_args to None, run_after=None
[2022-10-18 11:09:50,446] {logging_mixin.py:115} INFO - [2022-10-18 11:09:50,446] {dag.py:2927} INFO - Setting next_dagrun for example_xcom_args_with_operators to None, run_after=None
[2022-10-18 11:09:50,458] {processor.py:161} INFO - Processing /home/ubuntu/airflow/airflow_env/lib/python3.8/site-packages/airflow/example_dags/example_xcomargs.py took 0.091 seconds
[2022-10-18 11:10:26,876] {processor.py:153} INFO - Started process (PID=268216) to work on /home/ubuntu/airflow/airflow_env/lib/python3.8/site-packages/airflow/example_dags/example_xcomargs.py
[2022-10-18 11:10:26,877] {processor.py:641} INFO - Processing file /home/ubuntu/airflow/airflow_env/lib/python3.8/site-packages/airflow/example_dags/example_xcomargs.py for tasks to queue
[2022-10-18 11:10:26,878] {logging_mixin.py:115} INFO - [2022-10-18 11:10:26,878] {dagbag.py:507} INFO - Filling up the DagBag from /home/ubuntu/airflow/airflow_env/lib/python3.8/site-packages/airflow/example_dags/example_xcomargs.py
[2022-10-18 11:10:26,897] {processor.py:651} INFO - DAG(s) dict_keys(['example_xcom_args', 'example_xcom_args_with_operators']) retrieved from /home/ubuntu/airflow/airflow_env/lib/python3.8/site-packages/airflow/example_dags/example_xcomargs.py
[2022-10-18 11:10:26,915] {logging_mixin.py:115} INFO - [2022-10-18 11:10:26,915] {dag.py:2379} INFO - Sync 2 DAGs
[2022-10-18 11:10:26,932] {logging_mixin.py:115} INFO - [2022-10-18 11:10:26,932] {dag.py:2927} INFO - Setting next_dagrun for example_xcom_args to None, run_after=None
[2022-10-18 11:10:26,932] {logging_mixin.py:115} INFO - [2022-10-18 11:10:26,932] {dag.py:2927} INFO - Setting next_dagrun for example_xcom_args_with_operators to None, run_after=None
[2022-10-18 11:10:26,943] {processor.py:161} INFO - Processing /home/ubuntu/airflow/airflow_env/lib/python3.8/site-packages/airflow/example_dags/example_xcomargs.py took 0.070 seconds
[2022-10-18 11:11:02,583] {processor.py:153} INFO - Started process (PID=268258) to work on /home/ubuntu/airflow/airflow_env/lib/python3.8/site-packages/airflow/example_dags/example_xcomargs.py
[2022-10-18 11:11:02,584] {processor.py:641} INFO - Processing file /home/ubuntu/airflow/airflow_env/lib/python3.8/site-packages/airflow/example_dags/example_xcomargs.py for tasks to queue
[2022-10-18 11:11:02,585] {logging_mixin.py:115} INFO - [2022-10-18 11:11:02,585] {dagbag.py:507} INFO - Filling up the DagBag from /home/ubuntu/airflow/airflow_env/lib/python3.8/site-packages/airflow/example_dags/example_xcomargs.py
[2022-10-18 11:11:02,605] {processor.py:651} INFO - DAG(s) dict_keys(['example_xcom_args', 'example_xcom_args_with_operators']) retrieved from /home/ubuntu/airflow/airflow_env/lib/python3.8/site-packages/airflow/example_dags/example_xcomargs.py
[2022-10-18 11:11:02,628] {logging_mixin.py:115} INFO - [2022-10-18 11:11:02,628] {dag.py:2379} INFO - Sync 2 DAGs
[2022-10-18 11:11:02,642] {logging_mixin.py:115} INFO - [2022-10-18 11:11:02,642] {dag.py:2927} INFO - Setting next_dagrun for example_xcom_args to None, run_after=None
[2022-10-18 11:11:02,642] {logging_mixin.py:115} INFO - [2022-10-18 11:11:02,642] {dag.py:2927} INFO - Setting next_dagrun for example_xcom_args_with_operators to None, run_after=None
[2022-10-18 11:11:02,658] {processor.py:161} INFO - Processing /home/ubuntu/airflow/airflow_env/lib/python3.8/site-packages/airflow/example_dags/example_xcomargs.py took 0.078 seconds
[2022-10-18 11:11:36,325] {processor.py:153} INFO - Started process (PID=268302) to work on /home/ubuntu/airflow/airflow_env/lib/python3.8/site-packages/airflow/example_dags/example_xcomargs.py
[2022-10-18 11:11:36,326] {processor.py:641} INFO - Processing file /home/ubuntu/airflow/airflow_env/lib/python3.8/site-packages/airflow/example_dags/example_xcomargs.py for tasks to queue
[2022-10-18 11:11:36,326] {logging_mixin.py:115} INFO - [2022-10-18 11:11:36,326] {dagbag.py:507} INFO - Filling up the DagBag from /home/ubuntu/airflow/airflow_env/lib/python3.8/site-packages/airflow/example_dags/example_xcomargs.py
[2022-10-18 11:11:36,347] {processor.py:651} INFO - DAG(s) dict_keys(['example_xcom_args', 'example_xcom_args_with_operators']) retrieved from /home/ubuntu/airflow/airflow_env/lib/python3.8/site-packages/airflow/example_dags/example_xcomargs.py
[2022-10-18 11:11:36,364] {logging_mixin.py:115} INFO - [2022-10-18 11:11:36,364] {dag.py:2379} INFO - Sync 2 DAGs
[2022-10-18 11:11:36,378] {logging_mixin.py:115} INFO - [2022-10-18 11:11:36,378] {dag.py:2927} INFO - Setting next_dagrun for example_xcom_args to None, run_after=None
[2022-10-18 11:11:36,378] {logging_mixin.py:115} INFO - [2022-10-18 11:11:36,378] {dag.py:2927} INFO - Setting next_dagrun for example_xcom_args_with_operators to None, run_after=None
[2022-10-18 11:11:36,389] {processor.py:161} INFO - Processing /home/ubuntu/airflow/airflow_env/lib/python3.8/site-packages/airflow/example_dags/example_xcomargs.py took 0.068 seconds
[2022-10-18 11:12:07,728] {processor.py:153} INFO - Started process (PID=268336) to work on /home/ubuntu/airflow/airflow_env/lib/python3.8/site-packages/airflow/example_dags/example_xcomargs.py
[2022-10-18 11:12:07,729] {processor.py:641} INFO - Processing file /home/ubuntu/airflow/airflow_env/lib/python3.8/site-packages/airflow/example_dags/example_xcomargs.py for tasks to queue
[2022-10-18 11:12:07,730] {logging_mixin.py:115} INFO - [2022-10-18 11:12:07,729] {dagbag.py:507} INFO - Filling up the DagBag from /home/ubuntu/airflow/airflow_env/lib/python3.8/site-packages/airflow/example_dags/example_xcomargs.py
[2022-10-18 11:12:07,750] {processor.py:651} INFO - DAG(s) dict_keys(['example_xcom_args', 'example_xcom_args_with_operators']) retrieved from /home/ubuntu/airflow/airflow_env/lib/python3.8/site-packages/airflow/example_dags/example_xcomargs.py
[2022-10-18 11:12:07,768] {logging_mixin.py:115} INFO - [2022-10-18 11:12:07,767] {dag.py:2379} INFO - Sync 2 DAGs
[2022-10-18 11:12:07,781] {logging_mixin.py:115} INFO - [2022-10-18 11:12:07,781] {dag.py:2927} INFO - Setting next_dagrun for example_xcom_args to None, run_after=None
[2022-10-18 11:12:07,781] {logging_mixin.py:115} INFO - [2022-10-18 11:12:07,781] {dag.py:2927} INFO - Setting next_dagrun for example_xcom_args_with_operators to None, run_after=None
[2022-10-18 11:12:07,791] {processor.py:161} INFO - Processing /home/ubuntu/airflow/airflow_env/lib/python3.8/site-packages/airflow/example_dags/example_xcomargs.py took 0.067 seconds
[2022-10-18 11:12:41,662] {processor.py:153} INFO - Started process (PID=268400) to work on /home/ubuntu/airflow/airflow_env/lib/python3.8/site-packages/airflow/example_dags/example_xcomargs.py
[2022-10-18 11:12:41,663] {processor.py:641} INFO - Processing file /home/ubuntu/airflow/airflow_env/lib/python3.8/site-packages/airflow/example_dags/example_xcomargs.py for tasks to queue
[2022-10-18 11:12:41,664] {logging_mixin.py:115} INFO - [2022-10-18 11:12:41,664] {dagbag.py:507} INFO - Filling up the DagBag from /home/ubuntu/airflow/airflow_env/lib/python3.8/site-packages/airflow/example_dags/example_xcomargs.py
[2022-10-18 11:12:41,684] {processor.py:651} INFO - DAG(s) dict_keys(['example_xcom_args', 'example_xcom_args_with_operators']) retrieved from /home/ubuntu/airflow/airflow_env/lib/python3.8/site-packages/airflow/example_dags/example_xcomargs.py
[2022-10-18 11:12:41,729] {logging_mixin.py:115} INFO - [2022-10-18 11:12:41,729] {dag.py:2379} INFO - Sync 2 DAGs
[2022-10-18 11:12:41,742] {logging_mixin.py:115} INFO - [2022-10-18 11:12:41,742] {dag.py:2927} INFO - Setting next_dagrun for example_xcom_args to None, run_after=None
[2022-10-18 11:12:41,743] {logging_mixin.py:115} INFO - [2022-10-18 11:12:41,743] {dag.py:2927} INFO - Setting next_dagrun for example_xcom_args_with_operators to None, run_after=None
[2022-10-18 11:12:41,754] {processor.py:161} INFO - Processing /home/ubuntu/airflow/airflow_env/lib/python3.8/site-packages/airflow/example_dags/example_xcomargs.py took 0.096 seconds
[2022-10-18 11:13:17,207] {processor.py:153} INFO - Started process (PID=268440) to work on /home/ubuntu/airflow/airflow_env/lib/python3.8/site-packages/airflow/example_dags/example_xcomargs.py
[2022-10-18 11:13:17,208] {processor.py:641} INFO - Processing file /home/ubuntu/airflow/airflow_env/lib/python3.8/site-packages/airflow/example_dags/example_xcomargs.py for tasks to queue
[2022-10-18 11:13:17,208] {logging_mixin.py:115} INFO - [2022-10-18 11:13:17,208] {dagbag.py:507} INFO - Filling up the DagBag from /home/ubuntu/airflow/airflow_env/lib/python3.8/site-packages/airflow/example_dags/example_xcomargs.py
[2022-10-18 11:13:17,228] {processor.py:651} INFO - DAG(s) dict_keys(['example_xcom_args', 'example_xcom_args_with_operators']) retrieved from /home/ubuntu/airflow/airflow_env/lib/python3.8/site-packages/airflow/example_dags/example_xcomargs.py
[2022-10-18 11:13:17,246] {logging_mixin.py:115} INFO - [2022-10-18 11:13:17,246] {dag.py:2379} INFO - Sync 2 DAGs
[2022-10-18 11:13:17,260] {logging_mixin.py:115} INFO - [2022-10-18 11:13:17,260] {dag.py:2927} INFO - Setting next_dagrun for example_xcom_args to None, run_after=None
[2022-10-18 11:13:17,260] {logging_mixin.py:115} INFO - [2022-10-18 11:13:17,260] {dag.py:2927} INFO - Setting next_dagrun for example_xcom_args_with_operators to None, run_after=None
[2022-10-18 11:13:17,273] {processor.py:161} INFO - Processing /home/ubuntu/airflow/airflow_env/lib/python3.8/site-packages/airflow/example_dags/example_xcomargs.py took 0.069 seconds
[2022-10-18 11:13:53,407] {processor.py:153} INFO - Started process (PID=268475) to work on /home/ubuntu/airflow/airflow_env/lib/python3.8/site-packages/airflow/example_dags/example_xcomargs.py
[2022-10-18 11:13:53,409] {processor.py:641} INFO - Processing file /home/ubuntu/airflow/airflow_env/lib/python3.8/site-packages/airflow/example_dags/example_xcomargs.py for tasks to queue
[2022-10-18 11:13:53,410] {logging_mixin.py:115} INFO - [2022-10-18 11:13:53,410] {dagbag.py:507} INFO - Filling up the DagBag from /home/ubuntu/airflow/airflow_env/lib/python3.8/site-packages/airflow/example_dags/example_xcomargs.py
[2022-10-18 11:13:53,439] {processor.py:651} INFO - DAG(s) dict_keys(['example_xcom_args', 'example_xcom_args_with_operators']) retrieved from /home/ubuntu/airflow/airflow_env/lib/python3.8/site-packages/airflow/example_dags/example_xcomargs.py
[2022-10-18 11:13:53,512] {logging_mixin.py:115} INFO - [2022-10-18 11:13:53,512] {dag.py:2379} INFO - Sync 2 DAGs
[2022-10-18 11:13:53,534] {logging_mixin.py:115} INFO - [2022-10-18 11:13:53,534] {dag.py:2927} INFO - Setting next_dagrun for example_xcom_args to None, run_after=None
[2022-10-18 11:13:53,534] {logging_mixin.py:115} INFO - [2022-10-18 11:13:53,534] {dag.py:2927} INFO - Setting next_dagrun for example_xcom_args_with_operators to None, run_after=None
[2022-10-18 11:13:53,551] {processor.py:161} INFO - Processing /home/ubuntu/airflow/airflow_env/lib/python3.8/site-packages/airflow/example_dags/example_xcomargs.py took 0.150 seconds
[2022-10-18 11:14:27,903] {processor.py:153} INFO - Started process (PID=268516) to work on /home/ubuntu/airflow/airflow_env/lib/python3.8/site-packages/airflow/example_dags/example_xcomargs.py
[2022-10-18 11:14:27,904] {processor.py:641} INFO - Processing file /home/ubuntu/airflow/airflow_env/lib/python3.8/site-packages/airflow/example_dags/example_xcomargs.py for tasks to queue
[2022-10-18 11:14:27,906] {logging_mixin.py:115} INFO - [2022-10-18 11:14:27,905] {dagbag.py:507} INFO - Filling up the DagBag from /home/ubuntu/airflow/airflow_env/lib/python3.8/site-packages/airflow/example_dags/example_xcomargs.py
[2022-10-18 11:14:27,943] {processor.py:651} INFO - DAG(s) dict_keys(['example_xcom_args', 'example_xcom_args_with_operators']) retrieved from /home/ubuntu/airflow/airflow_env/lib/python3.8/site-packages/airflow/example_dags/example_xcomargs.py
[2022-10-18 11:14:27,970] {logging_mixin.py:115} INFO - [2022-10-18 11:14:27,970] {dag.py:2379} INFO - Sync 2 DAGs
[2022-10-18 11:14:27,994] {logging_mixin.py:115} INFO - [2022-10-18 11:14:27,994] {dag.py:2927} INFO - Setting next_dagrun for example_xcom_args to None, run_after=None
[2022-10-18 11:14:27,994] {logging_mixin.py:115} INFO - [2022-10-18 11:14:27,994] {dag.py:2927} INFO - Setting next_dagrun for example_xcom_args_with_operators to None, run_after=None
[2022-10-18 11:14:28,014] {processor.py:161} INFO - Processing /home/ubuntu/airflow/airflow_env/lib/python3.8/site-packages/airflow/example_dags/example_xcomargs.py took 0.116 seconds
[2022-10-18 11:15:03,471] {processor.py:153} INFO - Started process (PID=268554) to work on /home/ubuntu/airflow/airflow_env/lib/python3.8/site-packages/airflow/example_dags/example_xcomargs.py
[2022-10-18 11:15:03,472] {processor.py:641} INFO - Processing file /home/ubuntu/airflow/airflow_env/lib/python3.8/site-packages/airflow/example_dags/example_xcomargs.py for tasks to queue
[2022-10-18 11:15:03,473] {logging_mixin.py:115} INFO - [2022-10-18 11:15:03,473] {dagbag.py:507} INFO - Filling up the DagBag from /home/ubuntu/airflow/airflow_env/lib/python3.8/site-packages/airflow/example_dags/example_xcomargs.py
[2022-10-18 11:15:03,510] {processor.py:651} INFO - DAG(s) dict_keys(['example_xcom_args', 'example_xcom_args_with_operators']) retrieved from /home/ubuntu/airflow/airflow_env/lib/python3.8/site-packages/airflow/example_dags/example_xcomargs.py
[2022-10-18 11:15:03,531] {logging_mixin.py:115} INFO - [2022-10-18 11:15:03,531] {dag.py:2379} INFO - Sync 2 DAGs
[2022-10-18 11:15:03,552] {logging_mixin.py:115} INFO - [2022-10-18 11:15:03,552] {dag.py:2927} INFO - Setting next_dagrun for example_xcom_args to None, run_after=None
[2022-10-18 11:15:03,553] {logging_mixin.py:115} INFO - [2022-10-18 11:15:03,553] {dag.py:2927} INFO - Setting next_dagrun for example_xcom_args_with_operators to None, run_after=None
[2022-10-18 11:15:03,567] {processor.py:161} INFO - Processing /home/ubuntu/airflow/airflow_env/lib/python3.8/site-packages/airflow/example_dags/example_xcomargs.py took 0.100 seconds
[2022-10-18 11:15:38,443] {processor.py:153} INFO - Started process (PID=268592) to work on /home/ubuntu/airflow/airflow_env/lib/python3.8/site-packages/airflow/example_dags/example_xcomargs.py
[2022-10-18 11:15:38,444] {processor.py:641} INFO - Processing file /home/ubuntu/airflow/airflow_env/lib/python3.8/site-packages/airflow/example_dags/example_xcomargs.py for tasks to queue
[2022-10-18 11:15:38,445] {logging_mixin.py:115} INFO - [2022-10-18 11:15:38,445] {dagbag.py:507} INFO - Filling up the DagBag from /home/ubuntu/airflow/airflow_env/lib/python3.8/site-packages/airflow/example_dags/example_xcomargs.py
[2022-10-18 11:15:38,465] {processor.py:651} INFO - DAG(s) dict_keys(['example_xcom_args', 'example_xcom_args_with_operators']) retrieved from /home/ubuntu/airflow/airflow_env/lib/python3.8/site-packages/airflow/example_dags/example_xcomargs.py
[2022-10-18 11:15:38,484] {logging_mixin.py:115} INFO - [2022-10-18 11:15:38,484] {dag.py:2379} INFO - Sync 2 DAGs
[2022-10-18 11:15:38,499] {logging_mixin.py:115} INFO - [2022-10-18 11:15:38,498] {dag.py:2927} INFO - Setting next_dagrun for example_xcom_args to None, run_after=None
[2022-10-18 11:15:38,499] {logging_mixin.py:115} INFO - [2022-10-18 11:15:38,499] {dag.py:2927} INFO - Setting next_dagrun for example_xcom_args_with_operators to None, run_after=None
[2022-10-18 11:15:38,510] {processor.py:161} INFO - Processing /home/ubuntu/airflow/airflow_env/lib/python3.8/site-packages/airflow/example_dags/example_xcomargs.py took 0.071 seconds
[2022-10-18 11:16:12,227] {processor.py:153} INFO - Started process (PID=268632) to work on /home/ubuntu/airflow/airflow_env/lib/python3.8/site-packages/airflow/example_dags/example_xcomargs.py
[2022-10-18 11:16:12,229] {processor.py:641} INFO - Processing file /home/ubuntu/airflow/airflow_env/lib/python3.8/site-packages/airflow/example_dags/example_xcomargs.py for tasks to queue
[2022-10-18 11:16:12,230] {logging_mixin.py:115} INFO - [2022-10-18 11:16:12,230] {dagbag.py:507} INFO - Filling up the DagBag from /home/ubuntu/airflow/airflow_env/lib/python3.8/site-packages/airflow/example_dags/example_xcomargs.py
[2022-10-18 11:16:12,272] {processor.py:651} INFO - DAG(s) dict_keys(['example_xcom_args', 'example_xcom_args_with_operators']) retrieved from /home/ubuntu/airflow/airflow_env/lib/python3.8/site-packages/airflow/example_dags/example_xcomargs.py
[2022-10-18 11:16:12,299] {logging_mixin.py:115} INFO - [2022-10-18 11:16:12,299] {dag.py:2379} INFO - Sync 2 DAGs
[2022-10-18 11:16:12,316] {logging_mixin.py:115} INFO - [2022-10-18 11:16:12,316] {dag.py:2927} INFO - Setting next_dagrun for example_xcom_args to None, run_after=None
[2022-10-18 11:16:12,316] {logging_mixin.py:115} INFO - [2022-10-18 11:16:12,316] {dag.py:2927} INFO - Setting next_dagrun for example_xcom_args_with_operators to None, run_after=None
[2022-10-18 11:16:12,330] {processor.py:161} INFO - Processing /home/ubuntu/airflow/airflow_env/lib/python3.8/site-packages/airflow/example_dags/example_xcomargs.py took 0.109 seconds
[2022-10-18 11:16:46,144] {processor.py:153} INFO - Started process (PID=268673) to work on /home/ubuntu/airflow/airflow_env/lib/python3.8/site-packages/airflow/example_dags/example_xcomargs.py
[2022-10-18 11:16:46,145] {processor.py:641} INFO - Processing file /home/ubuntu/airflow/airflow_env/lib/python3.8/site-packages/airflow/example_dags/example_xcomargs.py for tasks to queue
[2022-10-18 11:16:46,146] {logging_mixin.py:115} INFO - [2022-10-18 11:16:46,146] {dagbag.py:507} INFO - Filling up the DagBag from /home/ubuntu/airflow/airflow_env/lib/python3.8/site-packages/airflow/example_dags/example_xcomargs.py
[2022-10-18 11:16:46,169] {processor.py:651} INFO - DAG(s) dict_keys(['example_xcom_args', 'example_xcom_args_with_operators']) retrieved from /home/ubuntu/airflow/airflow_env/lib/python3.8/site-packages/airflow/example_dags/example_xcomargs.py
[2022-10-18 11:16:46,187] {logging_mixin.py:115} INFO - [2022-10-18 11:16:46,187] {dag.py:2379} INFO - Sync 2 DAGs
[2022-10-18 11:16:46,203] {logging_mixin.py:115} INFO - [2022-10-18 11:16:46,203] {dag.py:2927} INFO - Setting next_dagrun for example_xcom_args to None, run_after=None
[2022-10-18 11:16:46,203] {logging_mixin.py:115} INFO - [2022-10-18 11:16:46,203] {dag.py:2927} INFO - Setting next_dagrun for example_xcom_args_with_operators to None, run_after=None
[2022-10-18 11:16:46,219] {processor.py:161} INFO - Processing /home/ubuntu/airflow/airflow_env/lib/python3.8/site-packages/airflow/example_dags/example_xcomargs.py took 0.080 seconds
[2022-10-18 11:17:22,255] {processor.py:153} INFO - Started process (PID=268721) to work on /home/ubuntu/airflow/airflow_env/lib/python3.8/site-packages/airflow/example_dags/example_xcomargs.py
[2022-10-18 11:17:22,256] {processor.py:641} INFO - Processing file /home/ubuntu/airflow/airflow_env/lib/python3.8/site-packages/airflow/example_dags/example_xcomargs.py for tasks to queue
[2022-10-18 11:17:22,256] {logging_mixin.py:115} INFO - [2022-10-18 11:17:22,256] {dagbag.py:507} INFO - Filling up the DagBag from /home/ubuntu/airflow/airflow_env/lib/python3.8/site-packages/airflow/example_dags/example_xcomargs.py
[2022-10-18 11:17:22,278] {processor.py:651} INFO - DAG(s) dict_keys(['example_xcom_args', 'example_xcom_args_with_operators']) retrieved from /home/ubuntu/airflow/airflow_env/lib/python3.8/site-packages/airflow/example_dags/example_xcomargs.py
[2022-10-18 11:17:22,301] {logging_mixin.py:115} INFO - [2022-10-18 11:17:22,301] {dag.py:2379} INFO - Sync 2 DAGs
[2022-10-18 11:17:22,354] {logging_mixin.py:115} INFO - [2022-10-18 11:17:22,354] {dag.py:2927} INFO - Setting next_dagrun for example_xcom_args to None, run_after=None
[2022-10-18 11:17:22,355] {logging_mixin.py:115} INFO - [2022-10-18 11:17:22,355] {dag.py:2927} INFO - Setting next_dagrun for example_xcom_args_with_operators to None, run_after=None
[2022-10-18 11:17:22,373] {processor.py:161} INFO - Processing /home/ubuntu/airflow/airflow_env/lib/python3.8/site-packages/airflow/example_dags/example_xcomargs.py took 0.122 seconds
[2022-10-18 11:17:54,682] {processor.py:153} INFO - Started process (PID=268796) to work on /home/ubuntu/airflow/airflow_env/lib/python3.8/site-packages/airflow/example_dags/example_xcomargs.py
[2022-10-18 11:17:54,683] {processor.py:641} INFO - Processing file /home/ubuntu/airflow/airflow_env/lib/python3.8/site-packages/airflow/example_dags/example_xcomargs.py for tasks to queue
[2022-10-18 11:17:54,683] {logging_mixin.py:115} INFO - [2022-10-18 11:17:54,683] {dagbag.py:507} INFO - Filling up the DagBag from /home/ubuntu/airflow/airflow_env/lib/python3.8/site-packages/airflow/example_dags/example_xcomargs.py
[2022-10-18 11:17:54,712] {processor.py:651} INFO - DAG(s) dict_keys(['example_xcom_args', 'example_xcom_args_with_operators']) retrieved from /home/ubuntu/airflow/airflow_env/lib/python3.8/site-packages/airflow/example_dags/example_xcomargs.py
[2022-10-18 11:17:54,781] {logging_mixin.py:115} INFO - [2022-10-18 11:17:54,781] {dag.py:2379} INFO - Sync 2 DAGs
[2022-10-18 11:17:54,807] {logging_mixin.py:115} INFO - [2022-10-18 11:17:54,807] {dag.py:2927} INFO - Setting next_dagrun for example_xcom_args to None, run_after=None
[2022-10-18 11:17:54,808] {logging_mixin.py:115} INFO - [2022-10-18 11:17:54,808] {dag.py:2927} INFO - Setting next_dagrun for example_xcom_args_with_operators to None, run_after=None
[2022-10-18 11:17:54,826] {processor.py:161} INFO - Processing /home/ubuntu/airflow/airflow_env/lib/python3.8/site-packages/airflow/example_dags/example_xcomargs.py took 0.149 seconds
[2022-10-18 11:18:29,209] {processor.py:153} INFO - Started process (PID=268881) to work on /home/ubuntu/airflow/airflow_env/lib/python3.8/site-packages/airflow/example_dags/example_xcomargs.py
[2022-10-18 11:18:29,209] {processor.py:641} INFO - Processing file /home/ubuntu/airflow/airflow_env/lib/python3.8/site-packages/airflow/example_dags/example_xcomargs.py for tasks to queue
[2022-10-18 11:18:29,210] {logging_mixin.py:115} INFO - [2022-10-18 11:18:29,210] {dagbag.py:507} INFO - Filling up the DagBag from /home/ubuntu/airflow/airflow_env/lib/python3.8/site-packages/airflow/example_dags/example_xcomargs.py
[2022-10-18 11:18:29,233] {processor.py:651} INFO - DAG(s) dict_keys(['example_xcom_args', 'example_xcom_args_with_operators']) retrieved from /home/ubuntu/airflow/airflow_env/lib/python3.8/site-packages/airflow/example_dags/example_xcomargs.py
[2022-10-18 11:18:29,256] {logging_mixin.py:115} INFO - [2022-10-18 11:18:29,256] {dag.py:2379} INFO - Sync 2 DAGs
[2022-10-18 11:18:29,270] {logging_mixin.py:115} INFO - [2022-10-18 11:18:29,270] {dag.py:2927} INFO - Setting next_dagrun for example_xcom_args to None, run_after=None
[2022-10-18 11:18:29,270] {logging_mixin.py:115} INFO - [2022-10-18 11:18:29,270] {dag.py:2927} INFO - Setting next_dagrun for example_xcom_args_with_operators to None, run_after=None
[2022-10-18 11:18:29,281] {processor.py:161} INFO - Processing /home/ubuntu/airflow/airflow_env/lib/python3.8/site-packages/airflow/example_dags/example_xcomargs.py took 0.077 seconds
[2022-10-18 11:19:05,673] {processor.py:153} INFO - Started process (PID=269073) to work on /home/ubuntu/airflow/airflow_env/lib/python3.8/site-packages/airflow/example_dags/example_xcomargs.py
[2022-10-18 11:19:05,676] {processor.py:641} INFO - Processing file /home/ubuntu/airflow/airflow_env/lib/python3.8/site-packages/airflow/example_dags/example_xcomargs.py for tasks to queue
[2022-10-18 11:19:05,677] {logging_mixin.py:115} INFO - [2022-10-18 11:19:05,677] {dagbag.py:507} INFO - Filling up the DagBag from /home/ubuntu/airflow/airflow_env/lib/python3.8/site-packages/airflow/example_dags/example_xcomargs.py
[2022-10-18 11:19:05,731] {processor.py:651} INFO - DAG(s) dict_keys(['example_xcom_args', 'example_xcom_args_with_operators']) retrieved from /home/ubuntu/airflow/airflow_env/lib/python3.8/site-packages/airflow/example_dags/example_xcomargs.py
[2022-10-18 11:19:05,776] {logging_mixin.py:115} INFO - [2022-10-18 11:19:05,776] {dag.py:2379} INFO - Sync 2 DAGs
[2022-10-18 11:19:05,819] {logging_mixin.py:115} INFO - [2022-10-18 11:19:05,818] {dag.py:2927} INFO - Setting next_dagrun for example_xcom_args to None, run_after=None
[2022-10-18 11:19:05,820] {logging_mixin.py:115} INFO - [2022-10-18 11:19:05,819] {dag.py:2927} INFO - Setting next_dagrun for example_xcom_args_with_operators to None, run_after=None
[2022-10-18 11:19:05,841] {processor.py:161} INFO - Processing /home/ubuntu/airflow/airflow_env/lib/python3.8/site-packages/airflow/example_dags/example_xcomargs.py took 0.180 seconds
[2022-10-18 11:21:45,620] {processor.py:153} INFO - Started process (PID=270468) to work on /home/ubuntu/airflow/airflow_env/lib/python3.8/site-packages/airflow/example_dags/example_xcomargs.py
[2022-10-18 11:21:45,621] {processor.py:641} INFO - Processing file /home/ubuntu/airflow/airflow_env/lib/python3.8/site-packages/airflow/example_dags/example_xcomargs.py for tasks to queue
[2022-10-18 11:21:45,621] {logging_mixin.py:115} INFO - [2022-10-18 11:21:45,621] {dagbag.py:507} INFO - Filling up the DagBag from /home/ubuntu/airflow/airflow_env/lib/python3.8/site-packages/airflow/example_dags/example_xcomargs.py
[2022-10-18 11:21:45,646] {processor.py:651} INFO - DAG(s) dict_keys(['example_xcom_args', 'example_xcom_args_with_operators']) retrieved from /home/ubuntu/airflow/airflow_env/lib/python3.8/site-packages/airflow/example_dags/example_xcomargs.py
[2022-10-18 11:21:45,699] {logging_mixin.py:115} INFO - [2022-10-18 11:21:45,699] {dag.py:2379} INFO - Sync 2 DAGs
[2022-10-18 11:21:45,711] {logging_mixin.py:115} INFO - [2022-10-18 11:21:45,711] {dag.py:2927} INFO - Setting next_dagrun for example_xcom_args to None, run_after=None
[2022-10-18 11:21:45,712] {logging_mixin.py:115} INFO - [2022-10-18 11:21:45,712] {dag.py:2927} INFO - Setting next_dagrun for example_xcom_args_with_operators to None, run_after=None
[2022-10-18 11:21:45,724] {processor.py:161} INFO - Processing /home/ubuntu/airflow/airflow_env/lib/python3.8/site-packages/airflow/example_dags/example_xcomargs.py took 0.108 seconds
[2022-10-18 11:22:18,212] {processor.py:153} INFO - Started process (PID=270530) to work on /home/ubuntu/airflow/airflow_env/lib/python3.8/site-packages/airflow/example_dags/example_xcomargs.py
[2022-10-18 11:22:18,213] {processor.py:641} INFO - Processing file /home/ubuntu/airflow/airflow_env/lib/python3.8/site-packages/airflow/example_dags/example_xcomargs.py for tasks to queue
[2022-10-18 11:22:18,214] {logging_mixin.py:115} INFO - [2022-10-18 11:22:18,214] {dagbag.py:507} INFO - Filling up the DagBag from /home/ubuntu/airflow/airflow_env/lib/python3.8/site-packages/airflow/example_dags/example_xcomargs.py
[2022-10-18 11:22:18,237] {processor.py:651} INFO - DAG(s) dict_keys(['example_xcom_args', 'example_xcom_args_with_operators']) retrieved from /home/ubuntu/airflow/airflow_env/lib/python3.8/site-packages/airflow/example_dags/example_xcomargs.py
[2022-10-18 11:22:18,286] {logging_mixin.py:115} INFO - [2022-10-18 11:22:18,286] {dag.py:2379} INFO - Sync 2 DAGs
[2022-10-18 11:22:18,300] {logging_mixin.py:115} INFO - [2022-10-18 11:22:18,300] {dag.py:2927} INFO - Setting next_dagrun for example_xcom_args to None, run_after=None
[2022-10-18 11:22:18,300] {logging_mixin.py:115} INFO - [2022-10-18 11:22:18,300] {dag.py:2927} INFO - Setting next_dagrun for example_xcom_args_with_operators to None, run_after=None
[2022-10-18 11:22:18,313] {processor.py:161} INFO - Processing /home/ubuntu/airflow/airflow_env/lib/python3.8/site-packages/airflow/example_dags/example_xcomargs.py took 0.105 seconds
