[2022-10-18 00:13:04,492] {processor.py:153} INFO - Started process (PID=265883) to work on /home/ubuntu/airflow/airflow_env/lib/python3.8/site-packages/airflow/example_dags/example_complex.py
[2022-10-18 00:13:04,493] {processor.py:641} INFO - Processing file /home/ubuntu/airflow/airflow_env/lib/python3.8/site-packages/airflow/example_dags/example_complex.py for tasks to queue
[2022-10-18 00:13:04,494] {logging_mixin.py:115} INFO - [2022-10-18 00:13:04,494] {dagbag.py:507} INFO - Filling up the DagBag from /home/ubuntu/airflow/airflow_env/lib/python3.8/site-packages/airflow/example_dags/example_complex.py
[2022-10-18 00:13:04,508] {processor.py:651} INFO - DAG(s) dict_keys(['example_complex']) retrieved from /home/ubuntu/airflow/airflow_env/lib/python3.8/site-packages/airflow/example_dags/example_complex.py
[2022-10-18 00:13:04,530] {logging_mixin.py:115} INFO - [2022-10-18 00:13:04,530] {dag.py:2379} INFO - Sync 1 DAGs
[2022-10-18 00:13:04,545] {logging_mixin.py:115} INFO - [2022-10-18 00:13:04,545] {dag.py:2927} INFO - Setting next_dagrun for example_complex to None, run_after=None
[2022-10-18 00:13:04,559] {processor.py:161} INFO - Processing /home/ubuntu/airflow/airflow_env/lib/python3.8/site-packages/airflow/example_dags/example_complex.py took 0.070 seconds
[2022-10-18 00:13:42,025] {processor.py:153} INFO - Started process (PID=265960) to work on /home/ubuntu/airflow/airflow_env/lib/python3.8/site-packages/airflow/example_dags/example_complex.py
[2022-10-18 00:13:42,026] {processor.py:641} INFO - Processing file /home/ubuntu/airflow/airflow_env/lib/python3.8/site-packages/airflow/example_dags/example_complex.py for tasks to queue
[2022-10-18 00:13:42,027] {logging_mixin.py:115} INFO - [2022-10-18 00:13:42,027] {dagbag.py:507} INFO - Filling up the DagBag from /home/ubuntu/airflow/airflow_env/lib/python3.8/site-packages/airflow/example_dags/example_complex.py
[2022-10-18 00:13:42,041] {processor.py:651} INFO - DAG(s) dict_keys(['example_complex']) retrieved from /home/ubuntu/airflow/airflow_env/lib/python3.8/site-packages/airflow/example_dags/example_complex.py
[2022-10-18 00:13:42,065] {logging_mixin.py:115} INFO - [2022-10-18 00:13:42,065] {dag.py:2379} INFO - Sync 1 DAGs
[2022-10-18 00:13:42,081] {logging_mixin.py:115} INFO - [2022-10-18 00:13:42,081] {dag.py:2927} INFO - Setting next_dagrun for example_complex to None, run_after=None
[2022-10-18 00:13:42,097] {processor.py:161} INFO - Processing /home/ubuntu/airflow/airflow_env/lib/python3.8/site-packages/airflow/example_dags/example_complex.py took 0.076 seconds
[2022-10-18 00:14:15,905] {processor.py:153} INFO - Started process (PID=266024) to work on /home/ubuntu/airflow/airflow_env/lib/python3.8/site-packages/airflow/example_dags/example_complex.py
[2022-10-18 00:14:15,906] {processor.py:641} INFO - Processing file /home/ubuntu/airflow/airflow_env/lib/python3.8/site-packages/airflow/example_dags/example_complex.py for tasks to queue
[2022-10-18 00:14:15,907] {logging_mixin.py:115} INFO - [2022-10-18 00:14:15,907] {dagbag.py:507} INFO - Filling up the DagBag from /home/ubuntu/airflow/airflow_env/lib/python3.8/site-packages/airflow/example_dags/example_complex.py
[2022-10-18 00:14:15,928] {processor.py:651} INFO - DAG(s) dict_keys(['example_complex']) retrieved from /home/ubuntu/airflow/airflow_env/lib/python3.8/site-packages/airflow/example_dags/example_complex.py
[2022-10-18 00:14:15,970] {logging_mixin.py:115} INFO - [2022-10-18 00:14:15,970] {dag.py:2379} INFO - Sync 1 DAGs
[2022-10-18 00:14:15,996] {logging_mixin.py:115} INFO - [2022-10-18 00:14:15,996] {dag.py:2927} INFO - Setting next_dagrun for example_complex to None, run_after=None
[2022-10-18 00:14:16,012] {processor.py:161} INFO - Processing /home/ubuntu/airflow/airflow_env/lib/python3.8/site-packages/airflow/example_dags/example_complex.py took 0.113 seconds
[2022-10-18 00:14:55,048] {processor.py:153} INFO - Started process (PID=266081) to work on /home/ubuntu/airflow/airflow_env/lib/python3.8/site-packages/airflow/example_dags/example_complex.py
[2022-10-18 00:14:55,050] {processor.py:641} INFO - Processing file /home/ubuntu/airflow/airflow_env/lib/python3.8/site-packages/airflow/example_dags/example_complex.py for tasks to queue
[2022-10-18 00:14:55,051] {logging_mixin.py:115} INFO - [2022-10-18 00:14:55,051] {dagbag.py:507} INFO - Filling up the DagBag from /home/ubuntu/airflow/airflow_env/lib/python3.8/site-packages/airflow/example_dags/example_complex.py
[2022-10-18 00:14:55,071] {processor.py:651} INFO - DAG(s) dict_keys(['example_complex']) retrieved from /home/ubuntu/airflow/airflow_env/lib/python3.8/site-packages/airflow/example_dags/example_complex.py
[2022-10-18 00:14:55,098] {logging_mixin.py:115} INFO - [2022-10-18 00:14:55,098] {dag.py:2379} INFO - Sync 1 DAGs
[2022-10-18 00:14:55,125] {logging_mixin.py:115} INFO - [2022-10-18 00:14:55,124] {dag.py:2927} INFO - Setting next_dagrun for example_complex to None, run_after=None
[2022-10-18 00:14:55,145] {processor.py:161} INFO - Processing /home/ubuntu/airflow/airflow_env/lib/python3.8/site-packages/airflow/example_dags/example_complex.py took 0.101 seconds
[2022-10-18 00:15:30,985] {processor.py:153} INFO - Started process (PID=266167) to work on /home/ubuntu/airflow/airflow_env/lib/python3.8/site-packages/airflow/example_dags/example_complex.py
[2022-10-18 00:15:30,986] {processor.py:641} INFO - Processing file /home/ubuntu/airflow/airflow_env/lib/python3.8/site-packages/airflow/example_dags/example_complex.py for tasks to queue
[2022-10-18 00:15:30,987] {logging_mixin.py:115} INFO - [2022-10-18 00:15:30,987] {dagbag.py:507} INFO - Filling up the DagBag from /home/ubuntu/airflow/airflow_env/lib/python3.8/site-packages/airflow/example_dags/example_complex.py
[2022-10-18 00:15:31,004] {processor.py:651} INFO - DAG(s) dict_keys(['example_complex']) retrieved from /home/ubuntu/airflow/airflow_env/lib/python3.8/site-packages/airflow/example_dags/example_complex.py
[2022-10-18 00:15:31,030] {logging_mixin.py:115} INFO - [2022-10-18 00:15:31,030] {dag.py:2379} INFO - Sync 1 DAGs
[2022-10-18 00:15:31,050] {logging_mixin.py:115} INFO - [2022-10-18 00:15:31,050] {dag.py:2927} INFO - Setting next_dagrun for example_complex to None, run_after=None
[2022-10-18 00:15:31,068] {processor.py:161} INFO - Processing /home/ubuntu/airflow/airflow_env/lib/python3.8/site-packages/airflow/example_dags/example_complex.py took 0.088 seconds
[2022-10-18 00:16:08,613] {processor.py:153} INFO - Started process (PID=266209) to work on /home/ubuntu/airflow/airflow_env/lib/python3.8/site-packages/airflow/example_dags/example_complex.py
[2022-10-18 00:16:08,614] {processor.py:641} INFO - Processing file /home/ubuntu/airflow/airflow_env/lib/python3.8/site-packages/airflow/example_dags/example_complex.py for tasks to queue
[2022-10-18 00:16:08,615] {logging_mixin.py:115} INFO - [2022-10-18 00:16:08,615] {dagbag.py:507} INFO - Filling up the DagBag from /home/ubuntu/airflow/airflow_env/lib/python3.8/site-packages/airflow/example_dags/example_complex.py
[2022-10-18 00:16:08,629] {processor.py:651} INFO - DAG(s) dict_keys(['example_complex']) retrieved from /home/ubuntu/airflow/airflow_env/lib/python3.8/site-packages/airflow/example_dags/example_complex.py
[2022-10-18 00:16:08,652] {logging_mixin.py:115} INFO - [2022-10-18 00:16:08,652] {dag.py:2379} INFO - Sync 1 DAGs
[2022-10-18 00:16:08,667] {logging_mixin.py:115} INFO - [2022-10-18 00:16:08,667] {dag.py:2927} INFO - Setting next_dagrun for example_complex to None, run_after=None
[2022-10-18 00:16:08,678] {processor.py:161} INFO - Processing /home/ubuntu/airflow/airflow_env/lib/python3.8/site-packages/airflow/example_dags/example_complex.py took 0.069 seconds
[2022-10-18 00:16:44,343] {processor.py:153} INFO - Started process (PID=266251) to work on /home/ubuntu/airflow/airflow_env/lib/python3.8/site-packages/airflow/example_dags/example_complex.py
[2022-10-18 00:16:44,344] {processor.py:641} INFO - Processing file /home/ubuntu/airflow/airflow_env/lib/python3.8/site-packages/airflow/example_dags/example_complex.py for tasks to queue
[2022-10-18 00:16:44,344] {logging_mixin.py:115} INFO - [2022-10-18 00:16:44,344] {dagbag.py:507} INFO - Filling up the DagBag from /home/ubuntu/airflow/airflow_env/lib/python3.8/site-packages/airflow/example_dags/example_complex.py
[2022-10-18 00:16:44,357] {processor.py:651} INFO - DAG(s) dict_keys(['example_complex']) retrieved from /home/ubuntu/airflow/airflow_env/lib/python3.8/site-packages/airflow/example_dags/example_complex.py
[2022-10-18 00:16:44,382] {logging_mixin.py:115} INFO - [2022-10-18 00:16:44,382] {dag.py:2379} INFO - Sync 1 DAGs
[2022-10-18 00:16:44,397] {logging_mixin.py:115} INFO - [2022-10-18 00:16:44,397] {dag.py:2927} INFO - Setting next_dagrun for example_complex to None, run_after=None
[2022-10-18 00:16:44,409] {processor.py:161} INFO - Processing /home/ubuntu/airflow/airflow_env/lib/python3.8/site-packages/airflow/example_dags/example_complex.py took 0.070 seconds
[2022-10-18 00:17:20,602] {processor.py:153} INFO - Started process (PID=266305) to work on /home/ubuntu/airflow/airflow_env/lib/python3.8/site-packages/airflow/example_dags/example_complex.py
[2022-10-18 00:17:20,603] {processor.py:641} INFO - Processing file /home/ubuntu/airflow/airflow_env/lib/python3.8/site-packages/airflow/example_dags/example_complex.py for tasks to queue
[2022-10-18 00:17:20,604] {logging_mixin.py:115} INFO - [2022-10-18 00:17:20,604] {dagbag.py:507} INFO - Filling up the DagBag from /home/ubuntu/airflow/airflow_env/lib/python3.8/site-packages/airflow/example_dags/example_complex.py
[2022-10-18 00:17:20,619] {processor.py:651} INFO - DAG(s) dict_keys(['example_complex']) retrieved from /home/ubuntu/airflow/airflow_env/lib/python3.8/site-packages/airflow/example_dags/example_complex.py
[2022-10-18 00:17:20,644] {logging_mixin.py:115} INFO - [2022-10-18 00:17:20,644] {dag.py:2379} INFO - Sync 1 DAGs
[2022-10-18 00:17:20,664] {logging_mixin.py:115} INFO - [2022-10-18 00:17:20,664] {dag.py:2927} INFO - Setting next_dagrun for example_complex to None, run_after=None
[2022-10-18 00:17:20,678] {processor.py:161} INFO - Processing /home/ubuntu/airflow/airflow_env/lib/python3.8/site-packages/airflow/example_dags/example_complex.py took 0.081 seconds
[2022-10-18 00:18:00,168] {processor.py:153} INFO - Started process (PID=266361) to work on /home/ubuntu/airflow/airflow_env/lib/python3.8/site-packages/airflow/example_dags/example_complex.py
[2022-10-18 00:18:00,169] {processor.py:641} INFO - Processing file /home/ubuntu/airflow/airflow_env/lib/python3.8/site-packages/airflow/example_dags/example_complex.py for tasks to queue
[2022-10-18 00:18:00,170] {logging_mixin.py:115} INFO - [2022-10-18 00:18:00,170] {dagbag.py:507} INFO - Filling up the DagBag from /home/ubuntu/airflow/airflow_env/lib/python3.8/site-packages/airflow/example_dags/example_complex.py
[2022-10-18 00:18:00,182] {processor.py:651} INFO - DAG(s) dict_keys(['example_complex']) retrieved from /home/ubuntu/airflow/airflow_env/lib/python3.8/site-packages/airflow/example_dags/example_complex.py
[2022-10-18 00:18:00,208] {logging_mixin.py:115} INFO - [2022-10-18 00:18:00,208] {dag.py:2379} INFO - Sync 1 DAGs
[2022-10-18 00:18:00,225] {logging_mixin.py:115} INFO - [2022-10-18 00:18:00,225] {dag.py:2927} INFO - Setting next_dagrun for example_complex to None, run_after=None
[2022-10-18 00:18:00,238] {processor.py:161} INFO - Processing /home/ubuntu/airflow/airflow_env/lib/python3.8/site-packages/airflow/example_dags/example_complex.py took 0.074 seconds
[2022-10-18 11:03:12,907] {processor.py:153} INFO - Started process (PID=267413) to work on /home/ubuntu/airflow/airflow_env/lib/python3.8/site-packages/airflow/example_dags/example_complex.py
[2022-10-18 11:03:12,908] {processor.py:641} INFO - Processing file /home/ubuntu/airflow/airflow_env/lib/python3.8/site-packages/airflow/example_dags/example_complex.py for tasks to queue
[2022-10-18 11:03:12,909] {logging_mixin.py:115} INFO - [2022-10-18 11:03:12,909] {dagbag.py:507} INFO - Filling up the DagBag from /home/ubuntu/airflow/airflow_env/lib/python3.8/site-packages/airflow/example_dags/example_complex.py
[2022-10-18 11:03:12,920] {processor.py:651} INFO - DAG(s) dict_keys(['example_complex']) retrieved from /home/ubuntu/airflow/airflow_env/lib/python3.8/site-packages/airflow/example_dags/example_complex.py
[2022-10-18 11:03:12,940] {logging_mixin.py:115} INFO - [2022-10-18 11:03:12,940] {dag.py:2379} INFO - Sync 1 DAGs
[2022-10-18 11:03:12,953] {logging_mixin.py:115} INFO - [2022-10-18 11:03:12,953] {dag.py:2927} INFO - Setting next_dagrun for example_complex to None, run_after=None
[2022-10-18 11:03:12,965] {processor.py:161} INFO - Processing /home/ubuntu/airflow/airflow_env/lib/python3.8/site-packages/airflow/example_dags/example_complex.py took 0.061 seconds
[2022-10-18 11:03:49,501] {processor.py:153} INFO - Started process (PID=267453) to work on /home/ubuntu/airflow/airflow_env/lib/python3.8/site-packages/airflow/example_dags/example_complex.py
[2022-10-18 11:03:49,502] {processor.py:641} INFO - Processing file /home/ubuntu/airflow/airflow_env/lib/python3.8/site-packages/airflow/example_dags/example_complex.py for tasks to queue
[2022-10-18 11:03:49,502] {logging_mixin.py:115} INFO - [2022-10-18 11:03:49,502] {dagbag.py:507} INFO - Filling up the DagBag from /home/ubuntu/airflow/airflow_env/lib/python3.8/site-packages/airflow/example_dags/example_complex.py
[2022-10-18 11:03:49,513] {processor.py:651} INFO - DAG(s) dict_keys(['example_complex']) retrieved from /home/ubuntu/airflow/airflow_env/lib/python3.8/site-packages/airflow/example_dags/example_complex.py
[2022-10-18 11:03:49,533] {logging_mixin.py:115} INFO - [2022-10-18 11:03:49,533] {dag.py:2379} INFO - Sync 1 DAGs
[2022-10-18 11:03:49,547] {logging_mixin.py:115} INFO - [2022-10-18 11:03:49,547] {dag.py:2927} INFO - Setting next_dagrun for example_complex to None, run_after=None
[2022-10-18 11:03:49,557] {processor.py:161} INFO - Processing /home/ubuntu/airflow/airflow_env/lib/python3.8/site-packages/airflow/example_dags/example_complex.py took 0.061 seconds
[2022-10-18 11:04:27,277] {processor.py:153} INFO - Started process (PID=267493) to work on /home/ubuntu/airflow/airflow_env/lib/python3.8/site-packages/airflow/example_dags/example_complex.py
[2022-10-18 11:04:27,278] {processor.py:641} INFO - Processing file /home/ubuntu/airflow/airflow_env/lib/python3.8/site-packages/airflow/example_dags/example_complex.py for tasks to queue
[2022-10-18 11:04:27,279] {logging_mixin.py:115} INFO - [2022-10-18 11:04:27,279] {dagbag.py:507} INFO - Filling up the DagBag from /home/ubuntu/airflow/airflow_env/lib/python3.8/site-packages/airflow/example_dags/example_complex.py
[2022-10-18 11:04:27,293] {processor.py:651} INFO - DAG(s) dict_keys(['example_complex']) retrieved from /home/ubuntu/airflow/airflow_env/lib/python3.8/site-packages/airflow/example_dags/example_complex.py
[2022-10-18 11:04:27,317] {logging_mixin.py:115} INFO - [2022-10-18 11:04:27,317] {dag.py:2379} INFO - Sync 1 DAGs
[2022-10-18 11:04:27,334] {logging_mixin.py:115} INFO - [2022-10-18 11:04:27,334] {dag.py:2927} INFO - Setting next_dagrun for example_complex to None, run_after=None
[2022-10-18 11:04:27,348] {processor.py:161} INFO - Processing /home/ubuntu/airflow/airflow_env/lib/python3.8/site-packages/airflow/example_dags/example_complex.py took 0.075 seconds
[2022-10-18 11:05:02,056] {processor.py:153} INFO - Started process (PID=267535) to work on /home/ubuntu/airflow/airflow_env/lib/python3.8/site-packages/airflow/example_dags/example_complex.py
[2022-10-18 11:05:02,057] {processor.py:641} INFO - Processing file /home/ubuntu/airflow/airflow_env/lib/python3.8/site-packages/airflow/example_dags/example_complex.py for tasks to queue
[2022-10-18 11:05:02,057] {logging_mixin.py:115} INFO - [2022-10-18 11:05:02,057] {dagbag.py:507} INFO - Filling up the DagBag from /home/ubuntu/airflow/airflow_env/lib/python3.8/site-packages/airflow/example_dags/example_complex.py
[2022-10-18 11:05:02,069] {processor.py:651} INFO - DAG(s) dict_keys(['example_complex']) retrieved from /home/ubuntu/airflow/airflow_env/lib/python3.8/site-packages/airflow/example_dags/example_complex.py
[2022-10-18 11:05:02,088] {logging_mixin.py:115} INFO - [2022-10-18 11:05:02,088] {dag.py:2379} INFO - Sync 1 DAGs
[2022-10-18 11:05:02,109] {logging_mixin.py:115} INFO - [2022-10-18 11:05:02,109] {dag.py:2927} INFO - Setting next_dagrun for example_complex to None, run_after=None
[2022-10-18 11:05:02,126] {processor.py:161} INFO - Processing /home/ubuntu/airflow/airflow_env/lib/python3.8/site-packages/airflow/example_dags/example_complex.py took 0.073 seconds
[2022-10-18 11:05:37,086] {processor.py:153} INFO - Started process (PID=267855) to work on /home/ubuntu/airflow/airflow_env/lib/python3.8/site-packages/airflow/example_dags/example_complex.py
[2022-10-18 11:05:37,087] {processor.py:641} INFO - Processing file /home/ubuntu/airflow/airflow_env/lib/python3.8/site-packages/airflow/example_dags/example_complex.py for tasks to queue
[2022-10-18 11:05:37,087] {logging_mixin.py:115} INFO - [2022-10-18 11:05:37,087] {dagbag.py:507} INFO - Filling up the DagBag from /home/ubuntu/airflow/airflow_env/lib/python3.8/site-packages/airflow/example_dags/example_complex.py
[2022-10-18 11:05:37,099] {processor.py:651} INFO - DAG(s) dict_keys(['example_complex']) retrieved from /home/ubuntu/airflow/airflow_env/lib/python3.8/site-packages/airflow/example_dags/example_complex.py
[2022-10-18 11:05:37,118] {logging_mixin.py:115} INFO - [2022-10-18 11:05:37,118] {dag.py:2379} INFO - Sync 1 DAGs
[2022-10-18 11:05:37,133] {logging_mixin.py:115} INFO - [2022-10-18 11:05:37,133] {dag.py:2927} INFO - Setting next_dagrun for example_complex to None, run_after=None
[2022-10-18 11:05:37,144] {processor.py:161} INFO - Processing /home/ubuntu/airflow/airflow_env/lib/python3.8/site-packages/airflow/example_dags/example_complex.py took 0.061 seconds
[2022-10-18 11:06:15,086] {processor.py:153} INFO - Started process (PID=267901) to work on /home/ubuntu/airflow/airflow_env/lib/python3.8/site-packages/airflow/example_dags/example_complex.py
[2022-10-18 11:06:15,087] {processor.py:641} INFO - Processing file /home/ubuntu/airflow/airflow_env/lib/python3.8/site-packages/airflow/example_dags/example_complex.py for tasks to queue
[2022-10-18 11:06:15,088] {logging_mixin.py:115} INFO - [2022-10-18 11:06:15,088] {dagbag.py:507} INFO - Filling up the DagBag from /home/ubuntu/airflow/airflow_env/lib/python3.8/site-packages/airflow/example_dags/example_complex.py
[2022-10-18 11:06:15,100] {processor.py:651} INFO - DAG(s) dict_keys(['example_complex']) retrieved from /home/ubuntu/airflow/airflow_env/lib/python3.8/site-packages/airflow/example_dags/example_complex.py
[2022-10-18 11:06:15,118] {logging_mixin.py:115} INFO - [2022-10-18 11:06:15,118] {dag.py:2379} INFO - Sync 1 DAGs
[2022-10-18 11:06:15,131] {logging_mixin.py:115} INFO - [2022-10-18 11:06:15,131] {dag.py:2927} INFO - Setting next_dagrun for example_complex to None, run_after=None
[2022-10-18 11:06:15,143] {processor.py:161} INFO - Processing /home/ubuntu/airflow/airflow_env/lib/python3.8/site-packages/airflow/example_dags/example_complex.py took 0.061 seconds
[2022-10-18 11:06:49,918] {processor.py:153} INFO - Started process (PID=267942) to work on /home/ubuntu/airflow/airflow_env/lib/python3.8/site-packages/airflow/example_dags/example_complex.py
[2022-10-18 11:06:49,919] {processor.py:641} INFO - Processing file /home/ubuntu/airflow/airflow_env/lib/python3.8/site-packages/airflow/example_dags/example_complex.py for tasks to queue
[2022-10-18 11:06:49,920] {logging_mixin.py:115} INFO - [2022-10-18 11:06:49,920] {dagbag.py:507} INFO - Filling up the DagBag from /home/ubuntu/airflow/airflow_env/lib/python3.8/site-packages/airflow/example_dags/example_complex.py
[2022-10-18 11:06:49,941] {processor.py:651} INFO - DAG(s) dict_keys(['example_complex']) retrieved from /home/ubuntu/airflow/airflow_env/lib/python3.8/site-packages/airflow/example_dags/example_complex.py
[2022-10-18 11:06:49,970] {logging_mixin.py:115} INFO - [2022-10-18 11:06:49,970] {dag.py:2379} INFO - Sync 1 DAGs
[2022-10-18 11:06:49,985] {logging_mixin.py:115} INFO - [2022-10-18 11:06:49,984] {dag.py:2927} INFO - Setting next_dagrun for example_complex to None, run_after=None
[2022-10-18 11:06:49,996] {processor.py:161} INFO - Processing /home/ubuntu/airflow/airflow_env/lib/python3.8/site-packages/airflow/example_dags/example_complex.py took 0.081 seconds
[2022-10-18 11:07:27,537] {processor.py:153} INFO - Started process (PID=268008) to work on /home/ubuntu/airflow/airflow_env/lib/python3.8/site-packages/airflow/example_dags/example_complex.py
[2022-10-18 11:07:27,538] {processor.py:641} INFO - Processing file /home/ubuntu/airflow/airflow_env/lib/python3.8/site-packages/airflow/example_dags/example_complex.py for tasks to queue
[2022-10-18 11:07:27,539] {logging_mixin.py:115} INFO - [2022-10-18 11:07:27,538] {dagbag.py:507} INFO - Filling up the DagBag from /home/ubuntu/airflow/airflow_env/lib/python3.8/site-packages/airflow/example_dags/example_complex.py
[2022-10-18 11:07:27,552] {processor.py:651} INFO - DAG(s) dict_keys(['example_complex']) retrieved from /home/ubuntu/airflow/airflow_env/lib/python3.8/site-packages/airflow/example_dags/example_complex.py
[2022-10-18 11:07:27,572] {logging_mixin.py:115} INFO - [2022-10-18 11:07:27,572] {dag.py:2379} INFO - Sync 1 DAGs
[2022-10-18 11:07:27,586] {logging_mixin.py:115} INFO - [2022-10-18 11:07:27,586] {dag.py:2927} INFO - Setting next_dagrun for example_complex to None, run_after=None
[2022-10-18 11:07:27,597] {processor.py:161} INFO - Processing /home/ubuntu/airflow/airflow_env/lib/python3.8/site-packages/airflow/example_dags/example_complex.py took 0.066 seconds
[2022-10-18 11:08:01,821] {processor.py:153} INFO - Started process (PID=268059) to work on /home/ubuntu/airflow/airflow_env/lib/python3.8/site-packages/airflow/example_dags/example_complex.py
[2022-10-18 11:08:01,822] {processor.py:641} INFO - Processing file /home/ubuntu/airflow/airflow_env/lib/python3.8/site-packages/airflow/example_dags/example_complex.py for tasks to queue
[2022-10-18 11:08:01,823] {logging_mixin.py:115} INFO - [2022-10-18 11:08:01,823] {dagbag.py:507} INFO - Filling up the DagBag from /home/ubuntu/airflow/airflow_env/lib/python3.8/site-packages/airflow/example_dags/example_complex.py
[2022-10-18 11:08:01,834] {processor.py:651} INFO - DAG(s) dict_keys(['example_complex']) retrieved from /home/ubuntu/airflow/airflow_env/lib/python3.8/site-packages/airflow/example_dags/example_complex.py
[2022-10-18 11:08:01,856] {logging_mixin.py:115} INFO - [2022-10-18 11:08:01,856] {dag.py:2379} INFO - Sync 1 DAGs
[2022-10-18 11:08:01,878] {logging_mixin.py:115} INFO - [2022-10-18 11:08:01,877] {dag.py:2927} INFO - Setting next_dagrun for example_complex to None, run_after=None
[2022-10-18 11:08:01,895] {processor.py:161} INFO - Processing /home/ubuntu/airflow/airflow_env/lib/python3.8/site-packages/airflow/example_dags/example_complex.py took 0.077 seconds
[2022-10-18 11:08:40,713] {processor.py:153} INFO - Started process (PID=268100) to work on /home/ubuntu/airflow/airflow_env/lib/python3.8/site-packages/airflow/example_dags/example_complex.py
[2022-10-18 11:08:40,714] {processor.py:641} INFO - Processing file /home/ubuntu/airflow/airflow_env/lib/python3.8/site-packages/airflow/example_dags/example_complex.py for tasks to queue
[2022-10-18 11:08:40,715] {logging_mixin.py:115} INFO - [2022-10-18 11:08:40,714] {dagbag.py:507} INFO - Filling up the DagBag from /home/ubuntu/airflow/airflow_env/lib/python3.8/site-packages/airflow/example_dags/example_complex.py
[2022-10-18 11:08:40,726] {processor.py:651} INFO - DAG(s) dict_keys(['example_complex']) retrieved from /home/ubuntu/airflow/airflow_env/lib/python3.8/site-packages/airflow/example_dags/example_complex.py
[2022-10-18 11:08:40,744] {logging_mixin.py:115} INFO - [2022-10-18 11:08:40,744] {dag.py:2379} INFO - Sync 1 DAGs
[2022-10-18 11:08:40,757] {logging_mixin.py:115} INFO - [2022-10-18 11:08:40,757] {dag.py:2927} INFO - Setting next_dagrun for example_complex to None, run_after=None
[2022-10-18 11:08:40,768] {processor.py:161} INFO - Processing /home/ubuntu/airflow/airflow_env/lib/python3.8/site-packages/airflow/example_dags/example_complex.py took 0.059 seconds
[2022-10-18 11:09:17,799] {processor.py:153} INFO - Started process (PID=268142) to work on /home/ubuntu/airflow/airflow_env/lib/python3.8/site-packages/airflow/example_dags/example_complex.py
[2022-10-18 11:09:17,800] {processor.py:641} INFO - Processing file /home/ubuntu/airflow/airflow_env/lib/python3.8/site-packages/airflow/example_dags/example_complex.py for tasks to queue
[2022-10-18 11:09:17,800] {logging_mixin.py:115} INFO - [2022-10-18 11:09:17,800] {dagbag.py:507} INFO - Filling up the DagBag from /home/ubuntu/airflow/airflow_env/lib/python3.8/site-packages/airflow/example_dags/example_complex.py
[2022-10-18 11:09:17,815] {processor.py:651} INFO - DAG(s) dict_keys(['example_complex']) retrieved from /home/ubuntu/airflow/airflow_env/lib/python3.8/site-packages/airflow/example_dags/example_complex.py
[2022-10-18 11:09:17,834] {logging_mixin.py:115} INFO - [2022-10-18 11:09:17,834] {dag.py:2379} INFO - Sync 1 DAGs
[2022-10-18 11:09:17,849] {logging_mixin.py:115} INFO - [2022-10-18 11:09:17,848] {dag.py:2927} INFO - Setting next_dagrun for example_complex to None, run_after=None
[2022-10-18 11:09:17,860] {processor.py:161} INFO - Processing /home/ubuntu/airflow/airflow_env/lib/python3.8/site-packages/airflow/example_dags/example_complex.py took 0.066 seconds
[2022-10-18 11:09:53,780] {processor.py:153} INFO - Started process (PID=268179) to work on /home/ubuntu/airflow/airflow_env/lib/python3.8/site-packages/airflow/example_dags/example_complex.py
[2022-10-18 11:09:53,781] {processor.py:641} INFO - Processing file /home/ubuntu/airflow/airflow_env/lib/python3.8/site-packages/airflow/example_dags/example_complex.py for tasks to queue
[2022-10-18 11:09:53,781] {logging_mixin.py:115} INFO - [2022-10-18 11:09:53,781] {dagbag.py:507} INFO - Filling up the DagBag from /home/ubuntu/airflow/airflow_env/lib/python3.8/site-packages/airflow/example_dags/example_complex.py
[2022-10-18 11:09:53,793] {processor.py:651} INFO - DAG(s) dict_keys(['example_complex']) retrieved from /home/ubuntu/airflow/airflow_env/lib/python3.8/site-packages/airflow/example_dags/example_complex.py
[2022-10-18 11:09:53,812] {logging_mixin.py:115} INFO - [2022-10-18 11:09:53,812] {dag.py:2379} INFO - Sync 1 DAGs
[2022-10-18 11:09:53,825] {logging_mixin.py:115} INFO - [2022-10-18 11:09:53,825] {dag.py:2927} INFO - Setting next_dagrun for example_complex to None, run_after=None
[2022-10-18 11:09:53,841] {processor.py:161} INFO - Processing /home/ubuntu/airflow/airflow_env/lib/python3.8/site-packages/airflow/example_dags/example_complex.py took 0.064 seconds
[2022-10-18 11:10:29,758] {processor.py:153} INFO - Started process (PID=268219) to work on /home/ubuntu/airflow/airflow_env/lib/python3.8/site-packages/airflow/example_dags/example_complex.py
[2022-10-18 11:10:29,759] {processor.py:641} INFO - Processing file /home/ubuntu/airflow/airflow_env/lib/python3.8/site-packages/airflow/example_dags/example_complex.py for tasks to queue
[2022-10-18 11:10:29,762] {logging_mixin.py:115} INFO - [2022-10-18 11:10:29,762] {dagbag.py:507} INFO - Filling up the DagBag from /home/ubuntu/airflow/airflow_env/lib/python3.8/site-packages/airflow/example_dags/example_complex.py
[2022-10-18 11:10:29,775] {processor.py:651} INFO - DAG(s) dict_keys(['example_complex']) retrieved from /home/ubuntu/airflow/airflow_env/lib/python3.8/site-packages/airflow/example_dags/example_complex.py
[2022-10-18 11:10:29,795] {logging_mixin.py:115} INFO - [2022-10-18 11:10:29,795] {dag.py:2379} INFO - Sync 1 DAGs
[2022-10-18 11:10:29,809] {logging_mixin.py:115} INFO - [2022-10-18 11:10:29,809] {dag.py:2927} INFO - Setting next_dagrun for example_complex to None, run_after=None
[2022-10-18 11:10:29,823] {processor.py:161} INFO - Processing /home/ubuntu/airflow/airflow_env/lib/python3.8/site-packages/airflow/example_dags/example_complex.py took 0.068 seconds
[2022-10-18 11:11:06,051] {processor.py:153} INFO - Started process (PID=268263) to work on /home/ubuntu/airflow/airflow_env/lib/python3.8/site-packages/airflow/example_dags/example_complex.py
[2022-10-18 11:11:06,052] {processor.py:641} INFO - Processing file /home/ubuntu/airflow/airflow_env/lib/python3.8/site-packages/airflow/example_dags/example_complex.py for tasks to queue
[2022-10-18 11:11:06,053] {logging_mixin.py:115} INFO - [2022-10-18 11:11:06,052] {dagbag.py:507} INFO - Filling up the DagBag from /home/ubuntu/airflow/airflow_env/lib/python3.8/site-packages/airflow/example_dags/example_complex.py
[2022-10-18 11:11:06,065] {processor.py:651} INFO - DAG(s) dict_keys(['example_complex']) retrieved from /home/ubuntu/airflow/airflow_env/lib/python3.8/site-packages/airflow/example_dags/example_complex.py
[2022-10-18 11:11:06,084] {logging_mixin.py:115} INFO - [2022-10-18 11:11:06,084] {dag.py:2379} INFO - Sync 1 DAGs
[2022-10-18 11:11:06,100] {logging_mixin.py:115} INFO - [2022-10-18 11:11:06,100] {dag.py:2927} INFO - Setting next_dagrun for example_complex to None, run_after=None
[2022-10-18 11:11:06,114] {processor.py:161} INFO - Processing /home/ubuntu/airflow/airflow_env/lib/python3.8/site-packages/airflow/example_dags/example_complex.py took 0.067 seconds
[2022-10-18 11:11:43,124] {processor.py:153} INFO - Started process (PID=268309) to work on /home/ubuntu/airflow/airflow_env/lib/python3.8/site-packages/airflow/example_dags/example_complex.py
[2022-10-18 11:11:43,125] {processor.py:641} INFO - Processing file /home/ubuntu/airflow/airflow_env/lib/python3.8/site-packages/airflow/example_dags/example_complex.py for tasks to queue
[2022-10-18 11:11:43,125] {logging_mixin.py:115} INFO - [2022-10-18 11:11:43,125] {dagbag.py:507} INFO - Filling up the DagBag from /home/ubuntu/airflow/airflow_env/lib/python3.8/site-packages/airflow/example_dags/example_complex.py
[2022-10-18 11:11:43,136] {processor.py:651} INFO - DAG(s) dict_keys(['example_complex']) retrieved from /home/ubuntu/airflow/airflow_env/lib/python3.8/site-packages/airflow/example_dags/example_complex.py
[2022-10-18 11:11:43,154] {logging_mixin.py:115} INFO - [2022-10-18 11:11:43,154] {dag.py:2379} INFO - Sync 1 DAGs
[2022-10-18 11:11:43,167] {logging_mixin.py:115} INFO - [2022-10-18 11:11:43,167] {dag.py:2927} INFO - Setting next_dagrun for example_complex to None, run_after=None
[2022-10-18 11:11:43,179] {processor.py:161} INFO - Processing /home/ubuntu/airflow/airflow_env/lib/python3.8/site-packages/airflow/example_dags/example_complex.py took 0.058 seconds
[2022-10-18 11:12:20,696] {processor.py:153} INFO - Started process (PID=268349) to work on /home/ubuntu/airflow/airflow_env/lib/python3.8/site-packages/airflow/example_dags/example_complex.py
[2022-10-18 11:12:20,697] {processor.py:641} INFO - Processing file /home/ubuntu/airflow/airflow_env/lib/python3.8/site-packages/airflow/example_dags/example_complex.py for tasks to queue
[2022-10-18 11:12:20,697] {logging_mixin.py:115} INFO - [2022-10-18 11:12:20,697] {dagbag.py:507} INFO - Filling up the DagBag from /home/ubuntu/airflow/airflow_env/lib/python3.8/site-packages/airflow/example_dags/example_complex.py
[2022-10-18 11:12:20,709] {processor.py:651} INFO - DAG(s) dict_keys(['example_complex']) retrieved from /home/ubuntu/airflow/airflow_env/lib/python3.8/site-packages/airflow/example_dags/example_complex.py
[2022-10-18 11:12:20,728] {logging_mixin.py:115} INFO - [2022-10-18 11:12:20,727] {dag.py:2379} INFO - Sync 1 DAGs
[2022-10-18 11:12:20,742] {logging_mixin.py:115} INFO - [2022-10-18 11:12:20,742] {dag.py:2927} INFO - Setting next_dagrun for example_complex to None, run_after=None
[2022-10-18 11:12:20,754] {processor.py:161} INFO - Processing /home/ubuntu/airflow/airflow_env/lib/python3.8/site-packages/airflow/example_dags/example_complex.py took 0.062 seconds
[2022-10-18 11:12:54,266] {processor.py:153} INFO - Started process (PID=268414) to work on /home/ubuntu/airflow/airflow_env/lib/python3.8/site-packages/airflow/example_dags/example_complex.py
[2022-10-18 11:12:54,267] {processor.py:641} INFO - Processing file /home/ubuntu/airflow/airflow_env/lib/python3.8/site-packages/airflow/example_dags/example_complex.py for tasks to queue
[2022-10-18 11:12:54,267] {logging_mixin.py:115} INFO - [2022-10-18 11:12:54,267] {dagbag.py:507} INFO - Filling up the DagBag from /home/ubuntu/airflow/airflow_env/lib/python3.8/site-packages/airflow/example_dags/example_complex.py
[2022-10-18 11:12:54,278] {processor.py:651} INFO - DAG(s) dict_keys(['example_complex']) retrieved from /home/ubuntu/airflow/airflow_env/lib/python3.8/site-packages/airflow/example_dags/example_complex.py
[2022-10-18 11:12:54,299] {logging_mixin.py:115} INFO - [2022-10-18 11:12:54,299] {dag.py:2379} INFO - Sync 1 DAGs
[2022-10-18 11:12:54,313] {logging_mixin.py:115} INFO - [2022-10-18 11:12:54,313] {dag.py:2927} INFO - Setting next_dagrun for example_complex to None, run_after=None
[2022-10-18 11:12:54,325] {processor.py:161} INFO - Processing /home/ubuntu/airflow/airflow_env/lib/python3.8/site-packages/airflow/example_dags/example_complex.py took 0.064 seconds
[2022-10-18 11:13:32,678] {processor.py:153} INFO - Started process (PID=268455) to work on /home/ubuntu/airflow/airflow_env/lib/python3.8/site-packages/airflow/example_dags/example_complex.py
[2022-10-18 11:13:32,679] {processor.py:641} INFO - Processing file /home/ubuntu/airflow/airflow_env/lib/python3.8/site-packages/airflow/example_dags/example_complex.py for tasks to queue
[2022-10-18 11:13:32,680] {logging_mixin.py:115} INFO - [2022-10-18 11:13:32,680] {dagbag.py:507} INFO - Filling up the DagBag from /home/ubuntu/airflow/airflow_env/lib/python3.8/site-packages/airflow/example_dags/example_complex.py
[2022-10-18 11:13:32,691] {processor.py:651} INFO - DAG(s) dict_keys(['example_complex']) retrieved from /home/ubuntu/airflow/airflow_env/lib/python3.8/site-packages/airflow/example_dags/example_complex.py
[2022-10-18 11:13:32,711] {logging_mixin.py:115} INFO - [2022-10-18 11:13:32,711] {dag.py:2379} INFO - Sync 1 DAGs
[2022-10-18 11:13:32,725] {logging_mixin.py:115} INFO - [2022-10-18 11:13:32,725] {dag.py:2927} INFO - Setting next_dagrun for example_complex to None, run_after=None
[2022-10-18 11:13:32,739] {processor.py:161} INFO - Processing /home/ubuntu/airflow/airflow_env/lib/python3.8/site-packages/airflow/example_dags/example_complex.py took 0.064 seconds
[2022-10-18 11:14:08,952] {processor.py:153} INFO - Started process (PID=268493) to work on /home/ubuntu/airflow/airflow_env/lib/python3.8/site-packages/airflow/example_dags/example_complex.py
[2022-10-18 11:14:08,953] {processor.py:641} INFO - Processing file /home/ubuntu/airflow/airflow_env/lib/python3.8/site-packages/airflow/example_dags/example_complex.py for tasks to queue
[2022-10-18 11:14:08,954] {logging_mixin.py:115} INFO - [2022-10-18 11:14:08,953] {dagbag.py:507} INFO - Filling up the DagBag from /home/ubuntu/airflow/airflow_env/lib/python3.8/site-packages/airflow/example_dags/example_complex.py
[2022-10-18 11:14:08,968] {processor.py:651} INFO - DAG(s) dict_keys(['example_complex']) retrieved from /home/ubuntu/airflow/airflow_env/lib/python3.8/site-packages/airflow/example_dags/example_complex.py
[2022-10-18 11:14:08,991] {logging_mixin.py:115} INFO - [2022-10-18 11:14:08,991] {dag.py:2379} INFO - Sync 1 DAGs
[2022-10-18 11:14:09,010] {logging_mixin.py:115} INFO - [2022-10-18 11:14:09,010] {dag.py:2927} INFO - Setting next_dagrun for example_complex to None, run_after=None
[2022-10-18 11:14:09,022] {processor.py:161} INFO - Processing /home/ubuntu/airflow/airflow_env/lib/python3.8/site-packages/airflow/example_dags/example_complex.py took 0.074 seconds
[2022-10-18 11:14:44,337] {processor.py:153} INFO - Started process (PID=268534) to work on /home/ubuntu/airflow/airflow_env/lib/python3.8/site-packages/airflow/example_dags/example_complex.py
[2022-10-18 11:14:44,338] {processor.py:641} INFO - Processing file /home/ubuntu/airflow/airflow_env/lib/python3.8/site-packages/airflow/example_dags/example_complex.py for tasks to queue
[2022-10-18 11:14:44,338] {logging_mixin.py:115} INFO - [2022-10-18 11:14:44,338] {dagbag.py:507} INFO - Filling up the DagBag from /home/ubuntu/airflow/airflow_env/lib/python3.8/site-packages/airflow/example_dags/example_complex.py
[2022-10-18 11:14:44,354] {processor.py:651} INFO - DAG(s) dict_keys(['example_complex']) retrieved from /home/ubuntu/airflow/airflow_env/lib/python3.8/site-packages/airflow/example_dags/example_complex.py
[2022-10-18 11:14:44,381] {logging_mixin.py:115} INFO - [2022-10-18 11:14:44,381] {dag.py:2379} INFO - Sync 1 DAGs
[2022-10-18 11:14:44,401] {logging_mixin.py:115} INFO - [2022-10-18 11:14:44,401] {dag.py:2927} INFO - Setting next_dagrun for example_complex to None, run_after=None
[2022-10-18 11:14:44,418] {processor.py:161} INFO - Processing /home/ubuntu/airflow/airflow_env/lib/python3.8/site-packages/airflow/example_dags/example_complex.py took 0.085 seconds
[2022-10-18 11:15:23,307] {processor.py:153} INFO - Started process (PID=268577) to work on /home/ubuntu/airflow/airflow_env/lib/python3.8/site-packages/airflow/example_dags/example_complex.py
[2022-10-18 11:15:23,308] {processor.py:641} INFO - Processing file /home/ubuntu/airflow/airflow_env/lib/python3.8/site-packages/airflow/example_dags/example_complex.py for tasks to queue
[2022-10-18 11:15:23,309] {logging_mixin.py:115} INFO - [2022-10-18 11:15:23,309] {dagbag.py:507} INFO - Filling up the DagBag from /home/ubuntu/airflow/airflow_env/lib/python3.8/site-packages/airflow/example_dags/example_complex.py
[2022-10-18 11:15:23,320] {processor.py:651} INFO - DAG(s) dict_keys(['example_complex']) retrieved from /home/ubuntu/airflow/airflow_env/lib/python3.8/site-packages/airflow/example_dags/example_complex.py
[2022-10-18 11:15:23,341] {logging_mixin.py:115} INFO - [2022-10-18 11:15:23,341] {dag.py:2379} INFO - Sync 1 DAGs
[2022-10-18 11:15:23,355] {logging_mixin.py:115} INFO - [2022-10-18 11:15:23,354] {dag.py:2927} INFO - Setting next_dagrun for example_complex to None, run_after=None
[2022-10-18 11:15:23,365] {processor.py:161} INFO - Processing /home/ubuntu/airflow/airflow_env/lib/python3.8/site-packages/airflow/example_dags/example_complex.py took 0.062 seconds
[2022-10-18 11:16:03,738] {processor.py:153} INFO - Started process (PID=268622) to work on /home/ubuntu/airflow/airflow_env/lib/python3.8/site-packages/airflow/example_dags/example_complex.py
[2022-10-18 11:16:03,739] {processor.py:641} INFO - Processing file /home/ubuntu/airflow/airflow_env/lib/python3.8/site-packages/airflow/example_dags/example_complex.py for tasks to queue
[2022-10-18 11:16:03,739] {logging_mixin.py:115} INFO - [2022-10-18 11:16:03,739] {dagbag.py:507} INFO - Filling up the DagBag from /home/ubuntu/airflow/airflow_env/lib/python3.8/site-packages/airflow/example_dags/example_complex.py
[2022-10-18 11:16:03,752] {processor.py:651} INFO - DAG(s) dict_keys(['example_complex']) retrieved from /home/ubuntu/airflow/airflow_env/lib/python3.8/site-packages/airflow/example_dags/example_complex.py
[2022-10-18 11:16:03,777] {logging_mixin.py:115} INFO - [2022-10-18 11:16:03,777] {dag.py:2379} INFO - Sync 1 DAGs
[2022-10-18 11:16:03,796] {logging_mixin.py:115} INFO - [2022-10-18 11:16:03,796] {dag.py:2927} INFO - Setting next_dagrun for example_complex to None, run_after=None
[2022-10-18 11:16:03,809] {processor.py:161} INFO - Processing /home/ubuntu/airflow/airflow_env/lib/python3.8/site-packages/airflow/example_dags/example_complex.py took 0.075 seconds
[2022-10-18 11:16:38,984] {processor.py:153} INFO - Started process (PID=268666) to work on /home/ubuntu/airflow/airflow_env/lib/python3.8/site-packages/airflow/example_dags/example_complex.py
[2022-10-18 11:16:38,985] {processor.py:641} INFO - Processing file /home/ubuntu/airflow/airflow_env/lib/python3.8/site-packages/airflow/example_dags/example_complex.py for tasks to queue
[2022-10-18 11:16:38,985] {logging_mixin.py:115} INFO - [2022-10-18 11:16:38,985] {dagbag.py:507} INFO - Filling up the DagBag from /home/ubuntu/airflow/airflow_env/lib/python3.8/site-packages/airflow/example_dags/example_complex.py
[2022-10-18 11:16:39,007] {processor.py:651} INFO - DAG(s) dict_keys(['example_complex']) retrieved from /home/ubuntu/airflow/airflow_env/lib/python3.8/site-packages/airflow/example_dags/example_complex.py
[2022-10-18 11:16:39,037] {logging_mixin.py:115} INFO - [2022-10-18 11:16:39,037] {dag.py:2379} INFO - Sync 1 DAGs
[2022-10-18 11:16:39,057] {logging_mixin.py:115} INFO - [2022-10-18 11:16:39,057] {dag.py:2927} INFO - Setting next_dagrun for example_complex to None, run_after=None
[2022-10-18 11:16:39,073] {processor.py:161} INFO - Processing /home/ubuntu/airflow/airflow_env/lib/python3.8/site-packages/airflow/example_dags/example_complex.py took 0.094 seconds
[2022-10-18 11:17:14,709] {processor.py:153} INFO - Started process (PID=268707) to work on /home/ubuntu/airflow/airflow_env/lib/python3.8/site-packages/airflow/example_dags/example_complex.py
[2022-10-18 11:17:14,710] {processor.py:641} INFO - Processing file /home/ubuntu/airflow/airflow_env/lib/python3.8/site-packages/airflow/example_dags/example_complex.py for tasks to queue
[2022-10-18 11:17:14,711] {logging_mixin.py:115} INFO - [2022-10-18 11:17:14,711] {dagbag.py:507} INFO - Filling up the DagBag from /home/ubuntu/airflow/airflow_env/lib/python3.8/site-packages/airflow/example_dags/example_complex.py
[2022-10-18 11:17:14,728] {processor.py:651} INFO - DAG(s) dict_keys(['example_complex']) retrieved from /home/ubuntu/airflow/airflow_env/lib/python3.8/site-packages/airflow/example_dags/example_complex.py
[2022-10-18 11:17:14,759] {logging_mixin.py:115} INFO - [2022-10-18 11:17:14,759] {dag.py:2379} INFO - Sync 1 DAGs
[2022-10-18 11:17:14,784] {logging_mixin.py:115} INFO - [2022-10-18 11:17:14,783] {dag.py:2927} INFO - Setting next_dagrun for example_complex to None, run_after=None
[2022-10-18 11:17:14,803] {processor.py:161} INFO - Processing /home/ubuntu/airflow/airflow_env/lib/python3.8/site-packages/airflow/example_dags/example_complex.py took 0.099 seconds
[2022-10-18 11:17:52,000] {processor.py:153} INFO - Started process (PID=268793) to work on /home/ubuntu/airflow/airflow_env/lib/python3.8/site-packages/airflow/example_dags/example_complex.py
[2022-10-18 11:17:52,002] {processor.py:641} INFO - Processing file /home/ubuntu/airflow/airflow_env/lib/python3.8/site-packages/airflow/example_dags/example_complex.py for tasks to queue
[2022-10-18 11:17:52,002] {logging_mixin.py:115} INFO - [2022-10-18 11:17:52,002] {dagbag.py:507} INFO - Filling up the DagBag from /home/ubuntu/airflow/airflow_env/lib/python3.8/site-packages/airflow/example_dags/example_complex.py
[2022-10-18 11:17:52,014] {processor.py:651} INFO - DAG(s) dict_keys(['example_complex']) retrieved from /home/ubuntu/airflow/airflow_env/lib/python3.8/site-packages/airflow/example_dags/example_complex.py
[2022-10-18 11:17:52,036] {logging_mixin.py:115} INFO - [2022-10-18 11:17:52,036] {dag.py:2379} INFO - Sync 1 DAGs
[2022-10-18 11:17:52,050] {logging_mixin.py:115} INFO - [2022-10-18 11:17:52,050] {dag.py:2927} INFO - Setting next_dagrun for example_complex to None, run_after=None
[2022-10-18 11:17:52,062] {processor.py:161} INFO - Processing /home/ubuntu/airflow/airflow_env/lib/python3.8/site-packages/airflow/example_dags/example_complex.py took 0.066 seconds
[2022-10-18 11:18:30,341] {processor.py:153} INFO - Started process (PID=268897) to work on /home/ubuntu/airflow/airflow_env/lib/python3.8/site-packages/airflow/example_dags/example_complex.py
[2022-10-18 11:18:30,342] {processor.py:641} INFO - Processing file /home/ubuntu/airflow/airflow_env/lib/python3.8/site-packages/airflow/example_dags/example_complex.py for tasks to queue
[2022-10-18 11:18:30,342] {logging_mixin.py:115} INFO - [2022-10-18 11:18:30,342] {dagbag.py:507} INFO - Filling up the DagBag from /home/ubuntu/airflow/airflow_env/lib/python3.8/site-packages/airflow/example_dags/example_complex.py
[2022-10-18 11:18:30,355] {processor.py:651} INFO - DAG(s) dict_keys(['example_complex']) retrieved from /home/ubuntu/airflow/airflow_env/lib/python3.8/site-packages/airflow/example_dags/example_complex.py
[2022-10-18 11:18:30,377] {logging_mixin.py:115} INFO - [2022-10-18 11:18:30,377] {dag.py:2379} INFO - Sync 1 DAGs
[2022-10-18 11:18:30,391] {logging_mixin.py:115} INFO - [2022-10-18 11:18:30,391] {dag.py:2927} INFO - Setting next_dagrun for example_complex to None, run_after=None
[2022-10-18 11:18:30,403] {processor.py:161} INFO - Processing /home/ubuntu/airflow/airflow_env/lib/python3.8/site-packages/airflow/example_dags/example_complex.py took 0.066 seconds
[2022-10-18 11:19:08,164] {processor.py:153} INFO - Started process (PID=269076) to work on /home/ubuntu/airflow/airflow_env/lib/python3.8/site-packages/airflow/example_dags/example_complex.py
[2022-10-18 11:19:08,166] {processor.py:641} INFO - Processing file /home/ubuntu/airflow/airflow_env/lib/python3.8/site-packages/airflow/example_dags/example_complex.py for tasks to queue
[2022-10-18 11:19:08,169] {logging_mixin.py:115} INFO - [2022-10-18 11:19:08,169] {dagbag.py:507} INFO - Filling up the DagBag from /home/ubuntu/airflow/airflow_env/lib/python3.8/site-packages/airflow/example_dags/example_complex.py
[2022-10-18 11:19:08,197] {processor.py:651} INFO - DAG(s) dict_keys(['example_complex']) retrieved from /home/ubuntu/airflow/airflow_env/lib/python3.8/site-packages/airflow/example_dags/example_complex.py
[2022-10-18 11:19:08,246] {logging_mixin.py:115} INFO - [2022-10-18 11:19:08,245] {dag.py:2379} INFO - Sync 1 DAGs
[2022-10-18 11:19:08,295] {logging_mixin.py:115} INFO - [2022-10-18 11:19:08,295] {dag.py:2927} INFO - Setting next_dagrun for example_complex to None, run_after=None
[2022-10-18 11:19:08,320] {processor.py:161} INFO - Processing /home/ubuntu/airflow/airflow_env/lib/python3.8/site-packages/airflow/example_dags/example_complex.py took 0.164 seconds
[2022-10-18 11:22:01,060] {processor.py:153} INFO - Started process (PID=270487) to work on /home/ubuntu/airflow/airflow_env/lib/python3.8/site-packages/airflow/example_dags/example_complex.py
[2022-10-18 11:22:01,061] {processor.py:641} INFO - Processing file /home/ubuntu/airflow/airflow_env/lib/python3.8/site-packages/airflow/example_dags/example_complex.py for tasks to queue
[2022-10-18 11:22:01,062] {logging_mixin.py:115} INFO - [2022-10-18 11:22:01,062] {dagbag.py:507} INFO - Filling up the DagBag from /home/ubuntu/airflow/airflow_env/lib/python3.8/site-packages/airflow/example_dags/example_complex.py
[2022-10-18 11:22:01,076] {processor.py:651} INFO - DAG(s) dict_keys(['example_complex']) retrieved from /home/ubuntu/airflow/airflow_env/lib/python3.8/site-packages/airflow/example_dags/example_complex.py
[2022-10-18 11:22:01,095] {logging_mixin.py:115} INFO - [2022-10-18 11:22:01,095] {dag.py:2379} INFO - Sync 1 DAGs
[2022-10-18 11:22:01,108] {logging_mixin.py:115} INFO - [2022-10-18 11:22:01,108] {dag.py:2927} INFO - Setting next_dagrun for example_complex to None, run_after=None
[2022-10-18 11:22:01,120] {processor.py:161} INFO - Processing /home/ubuntu/airflow/airflow_env/lib/python3.8/site-packages/airflow/example_dags/example_complex.py took 0.064 seconds
