[2022-10-18 00:13:01,812] {processor.py:153} INFO - Started process (PID=265880) to work on /home/ubuntu/airflow/airflow_env/lib/python3.8/site-packages/airflow/example_dags/example_branch_python_dop_operator_3.py
[2022-10-18 00:13:01,812] {processor.py:641} INFO - Processing file /home/ubuntu/airflow/airflow_env/lib/python3.8/site-packages/airflow/example_dags/example_branch_python_dop_operator_3.py for tasks to queue
[2022-10-18 00:13:01,813] {logging_mixin.py:115} INFO - [2022-10-18 00:13:01,813] {dagbag.py:507} INFO - Filling up the DagBag from /home/ubuntu/airflow/airflow_env/lib/python3.8/site-packages/airflow/example_dags/example_branch_python_dop_operator_3.py
[2022-10-18 00:13:01,823] {processor.py:651} INFO - DAG(s) dict_keys(['example_branch_dop_operator_v3']) retrieved from /home/ubuntu/airflow/airflow_env/lib/python3.8/site-packages/airflow/example_dags/example_branch_python_dop_operator_3.py
[2022-10-18 00:13:01,841] {logging_mixin.py:115} INFO - [2022-10-18 00:13:01,841] {dag.py:2379} INFO - Sync 1 DAGs
[2022-10-18 00:13:01,862] {logging_mixin.py:115} INFO - [2022-10-18 00:13:01,862] {dag.py:2927} INFO - Setting next_dagrun for example_branch_dop_operator_v3 to 2022-10-18T07:12:00+00:00, run_after=2022-10-18T07:13:00+00:00
[2022-10-18 00:13:01,874] {processor.py:161} INFO - Processing /home/ubuntu/airflow/airflow_env/lib/python3.8/site-packages/airflow/example_dags/example_branch_python_dop_operator_3.py took 0.066 seconds
[2022-10-18 00:13:38,588] {processor.py:153} INFO - Started process (PID=265957) to work on /home/ubuntu/airflow/airflow_env/lib/python3.8/site-packages/airflow/example_dags/example_branch_python_dop_operator_3.py
[2022-10-18 00:13:38,590] {processor.py:641} INFO - Processing file /home/ubuntu/airflow/airflow_env/lib/python3.8/site-packages/airflow/example_dags/example_branch_python_dop_operator_3.py for tasks to queue
[2022-10-18 00:13:38,590] {logging_mixin.py:115} INFO - [2022-10-18 00:13:38,590] {dagbag.py:507} INFO - Filling up the DagBag from /home/ubuntu/airflow/airflow_env/lib/python3.8/site-packages/airflow/example_dags/example_branch_python_dop_operator_3.py
[2022-10-18 00:13:38,603] {processor.py:651} INFO - DAG(s) dict_keys(['example_branch_dop_operator_v3']) retrieved from /home/ubuntu/airflow/airflow_env/lib/python3.8/site-packages/airflow/example_dags/example_branch_python_dop_operator_3.py
[2022-10-18 00:13:38,625] {logging_mixin.py:115} INFO - [2022-10-18 00:13:38,625] {dag.py:2379} INFO - Sync 1 DAGs
[2022-10-18 00:13:38,653] {logging_mixin.py:115} INFO - [2022-10-18 00:13:38,653] {dag.py:2927} INFO - Setting next_dagrun for example_branch_dop_operator_v3 to 2022-10-18T07:12:00+00:00, run_after=2022-10-18T07:13:00+00:00
[2022-10-18 00:13:38,678] {processor.py:161} INFO - Processing /home/ubuntu/airflow/airflow_env/lib/python3.8/site-packages/airflow/example_dags/example_branch_python_dop_operator_3.py took 0.095 seconds
[2022-10-18 00:14:13,154] {processor.py:153} INFO - Started process (PID=266020) to work on /home/ubuntu/airflow/airflow_env/lib/python3.8/site-packages/airflow/example_dags/example_branch_python_dop_operator_3.py
[2022-10-18 00:14:13,155] {processor.py:641} INFO - Processing file /home/ubuntu/airflow/airflow_env/lib/python3.8/site-packages/airflow/example_dags/example_branch_python_dop_operator_3.py for tasks to queue
[2022-10-18 00:14:13,156] {logging_mixin.py:115} INFO - [2022-10-18 00:14:13,156] {dagbag.py:507} INFO - Filling up the DagBag from /home/ubuntu/airflow/airflow_env/lib/python3.8/site-packages/airflow/example_dags/example_branch_python_dop_operator_3.py
[2022-10-18 00:14:13,171] {processor.py:651} INFO - DAG(s) dict_keys(['example_branch_dop_operator_v3']) retrieved from /home/ubuntu/airflow/airflow_env/lib/python3.8/site-packages/airflow/example_dags/example_branch_python_dop_operator_3.py
[2022-10-18 00:14:13,198] {logging_mixin.py:115} INFO - [2022-10-18 00:14:13,198] {dag.py:2379} INFO - Sync 1 DAGs
[2022-10-18 00:14:13,222] {logging_mixin.py:115} INFO - [2022-10-18 00:14:13,222] {dag.py:2927} INFO - Setting next_dagrun for example_branch_dop_operator_v3 to 2022-10-18T07:13:00+00:00, run_after=2022-10-18T07:14:00+00:00
[2022-10-18 00:14:13,236] {processor.py:161} INFO - Processing /home/ubuntu/airflow/airflow_env/lib/python3.8/site-packages/airflow/example_dags/example_branch_python_dop_operator_3.py took 0.090 seconds
[2022-10-18 00:14:52,085] {processor.py:153} INFO - Started process (PID=266078) to work on /home/ubuntu/airflow/airflow_env/lib/python3.8/site-packages/airflow/example_dags/example_branch_python_dop_operator_3.py
[2022-10-18 00:14:52,086] {processor.py:641} INFO - Processing file /home/ubuntu/airflow/airflow_env/lib/python3.8/site-packages/airflow/example_dags/example_branch_python_dop_operator_3.py for tasks to queue
[2022-10-18 00:14:52,088] {logging_mixin.py:115} INFO - [2022-10-18 00:14:52,087] {dagbag.py:507} INFO - Filling up the DagBag from /home/ubuntu/airflow/airflow_env/lib/python3.8/site-packages/airflow/example_dags/example_branch_python_dop_operator_3.py
[2022-10-18 00:14:52,104] {processor.py:651} INFO - DAG(s) dict_keys(['example_branch_dop_operator_v3']) retrieved from /home/ubuntu/airflow/airflow_env/lib/python3.8/site-packages/airflow/example_dags/example_branch_python_dop_operator_3.py
[2022-10-18 00:14:52,124] {logging_mixin.py:115} INFO - [2022-10-18 00:14:52,124] {dag.py:2379} INFO - Sync 1 DAGs
[2022-10-18 00:14:52,145] {logging_mixin.py:115} INFO - [2022-10-18 00:14:52,145] {dag.py:2927} INFO - Setting next_dagrun for example_branch_dop_operator_v3 to 2022-10-18T07:13:00+00:00, run_after=2022-10-18T07:14:00+00:00
[2022-10-18 00:14:52,159] {processor.py:161} INFO - Processing /home/ubuntu/airflow/airflow_env/lib/python3.8/site-packages/airflow/example_dags/example_branch_python_dop_operator_3.py took 0.080 seconds
[2022-10-18 00:15:28,225] {processor.py:153} INFO - Started process (PID=266164) to work on /home/ubuntu/airflow/airflow_env/lib/python3.8/site-packages/airflow/example_dags/example_branch_python_dop_operator_3.py
[2022-10-18 00:15:28,226] {processor.py:641} INFO - Processing file /home/ubuntu/airflow/airflow_env/lib/python3.8/site-packages/airflow/example_dags/example_branch_python_dop_operator_3.py for tasks to queue
[2022-10-18 00:15:28,227] {logging_mixin.py:115} INFO - [2022-10-18 00:15:28,227] {dagbag.py:507} INFO - Filling up the DagBag from /home/ubuntu/airflow/airflow_env/lib/python3.8/site-packages/airflow/example_dags/example_branch_python_dop_operator_3.py
[2022-10-18 00:15:28,245] {processor.py:651} INFO - DAG(s) dict_keys(['example_branch_dop_operator_v3']) retrieved from /home/ubuntu/airflow/airflow_env/lib/python3.8/site-packages/airflow/example_dags/example_branch_python_dop_operator_3.py
[2022-10-18 00:15:28,273] {logging_mixin.py:115} INFO - [2022-10-18 00:15:28,273] {dag.py:2379} INFO - Sync 1 DAGs
[2022-10-18 00:15:28,310] {logging_mixin.py:115} INFO - [2022-10-18 00:15:28,310] {dag.py:2927} INFO - Setting next_dagrun for example_branch_dop_operator_v3 to 2022-10-18T07:14:00+00:00, run_after=2022-10-18T07:15:00+00:00
[2022-10-18 00:15:28,332] {processor.py:161} INFO - Processing /home/ubuntu/airflow/airflow_env/lib/python3.8/site-packages/airflow/example_dags/example_branch_python_dop_operator_3.py took 0.114 seconds
[2022-10-18 00:16:06,581] {processor.py:153} INFO - Started process (PID=266206) to work on /home/ubuntu/airflow/airflow_env/lib/python3.8/site-packages/airflow/example_dags/example_branch_python_dop_operator_3.py
[2022-10-18 00:16:06,582] {processor.py:641} INFO - Processing file /home/ubuntu/airflow/airflow_env/lib/python3.8/site-packages/airflow/example_dags/example_branch_python_dop_operator_3.py for tasks to queue
[2022-10-18 00:16:06,582] {logging_mixin.py:115} INFO - [2022-10-18 00:16:06,582] {dagbag.py:507} INFO - Filling up the DagBag from /home/ubuntu/airflow/airflow_env/lib/python3.8/site-packages/airflow/example_dags/example_branch_python_dop_operator_3.py
[2022-10-18 00:16:06,593] {processor.py:651} INFO - DAG(s) dict_keys(['example_branch_dop_operator_v3']) retrieved from /home/ubuntu/airflow/airflow_env/lib/python3.8/site-packages/airflow/example_dags/example_branch_python_dop_operator_3.py
[2022-10-18 00:16:06,616] {logging_mixin.py:115} INFO - [2022-10-18 00:16:06,615] {dag.py:2379} INFO - Sync 1 DAGs
[2022-10-18 00:16:06,640] {logging_mixin.py:115} INFO - [2022-10-18 00:16:06,640] {dag.py:2927} INFO - Setting next_dagrun for example_branch_dop_operator_v3 to 2022-10-18T07:15:00+00:00, run_after=2022-10-18T07:16:00+00:00
[2022-10-18 00:16:06,655] {processor.py:161} INFO - Processing /home/ubuntu/airflow/airflow_env/lib/python3.8/site-packages/airflow/example_dags/example_branch_python_dop_operator_3.py took 0.079 seconds
[2022-10-18 00:16:41,903] {processor.py:153} INFO - Started process (PID=266248) to work on /home/ubuntu/airflow/airflow_env/lib/python3.8/site-packages/airflow/example_dags/example_branch_python_dop_operator_3.py
[2022-10-18 00:16:41,904] {processor.py:641} INFO - Processing file /home/ubuntu/airflow/airflow_env/lib/python3.8/site-packages/airflow/example_dags/example_branch_python_dop_operator_3.py for tasks to queue
[2022-10-18 00:16:41,905] {logging_mixin.py:115} INFO - [2022-10-18 00:16:41,905] {dagbag.py:507} INFO - Filling up the DagBag from /home/ubuntu/airflow/airflow_env/lib/python3.8/site-packages/airflow/example_dags/example_branch_python_dop_operator_3.py
[2022-10-18 00:16:41,917] {processor.py:651} INFO - DAG(s) dict_keys(['example_branch_dop_operator_v3']) retrieved from /home/ubuntu/airflow/airflow_env/lib/python3.8/site-packages/airflow/example_dags/example_branch_python_dop_operator_3.py
[2022-10-18 00:16:41,943] {logging_mixin.py:115} INFO - [2022-10-18 00:16:41,942] {dag.py:2379} INFO - Sync 1 DAGs
[2022-10-18 00:16:41,972] {logging_mixin.py:115} INFO - [2022-10-18 00:16:41,972] {dag.py:2927} INFO - Setting next_dagrun for example_branch_dop_operator_v3 to 2022-10-18T07:15:00+00:00, run_after=2022-10-18T07:16:00+00:00
[2022-10-18 00:16:41,986] {processor.py:161} INFO - Processing /home/ubuntu/airflow/airflow_env/lib/python3.8/site-packages/airflow/example_dags/example_branch_python_dop_operator_3.py took 0.087 seconds
[2022-10-18 00:17:17,746] {processor.py:153} INFO - Started process (PID=266302) to work on /home/ubuntu/airflow/airflow_env/lib/python3.8/site-packages/airflow/example_dags/example_branch_python_dop_operator_3.py
[2022-10-18 00:17:17,747] {processor.py:641} INFO - Processing file /home/ubuntu/airflow/airflow_env/lib/python3.8/site-packages/airflow/example_dags/example_branch_python_dop_operator_3.py for tasks to queue
[2022-10-18 00:17:17,748] {logging_mixin.py:115} INFO - [2022-10-18 00:17:17,748] {dagbag.py:507} INFO - Filling up the DagBag from /home/ubuntu/airflow/airflow_env/lib/python3.8/site-packages/airflow/example_dags/example_branch_python_dop_operator_3.py
[2022-10-18 00:17:17,760] {processor.py:651} INFO - DAG(s) dict_keys(['example_branch_dop_operator_v3']) retrieved from /home/ubuntu/airflow/airflow_env/lib/python3.8/site-packages/airflow/example_dags/example_branch_python_dop_operator_3.py
[2022-10-18 00:17:17,781] {logging_mixin.py:115} INFO - [2022-10-18 00:17:17,781] {dag.py:2379} INFO - Sync 1 DAGs
[2022-10-18 00:17:17,805] {logging_mixin.py:115} INFO - [2022-10-18 00:17:17,805] {dag.py:2927} INFO - Setting next_dagrun for example_branch_dop_operator_v3 to 2022-10-18T07:16:00+00:00, run_after=2022-10-18T07:17:00+00:00
[2022-10-18 00:17:17,824] {processor.py:161} INFO - Processing /home/ubuntu/airflow/airflow_env/lib/python3.8/site-packages/airflow/example_dags/example_branch_python_dop_operator_3.py took 0.082 seconds
[2022-10-18 00:17:56,756] {processor.py:153} INFO - Started process (PID=266358) to work on /home/ubuntu/airflow/airflow_env/lib/python3.8/site-packages/airflow/example_dags/example_branch_python_dop_operator_3.py
[2022-10-18 00:17:56,757] {processor.py:641} INFO - Processing file /home/ubuntu/airflow/airflow_env/lib/python3.8/site-packages/airflow/example_dags/example_branch_python_dop_operator_3.py for tasks to queue
[2022-10-18 00:17:56,758] {logging_mixin.py:115} INFO - [2022-10-18 00:17:56,758] {dagbag.py:507} INFO - Filling up the DagBag from /home/ubuntu/airflow/airflow_env/lib/python3.8/site-packages/airflow/example_dags/example_branch_python_dop_operator_3.py
[2022-10-18 00:17:56,769] {processor.py:651} INFO - DAG(s) dict_keys(['example_branch_dop_operator_v3']) retrieved from /home/ubuntu/airflow/airflow_env/lib/python3.8/site-packages/airflow/example_dags/example_branch_python_dop_operator_3.py
[2022-10-18 00:17:56,789] {logging_mixin.py:115} INFO - [2022-10-18 00:17:56,789] {dag.py:2379} INFO - Sync 1 DAGs
[2022-10-18 00:17:56,809] {logging_mixin.py:115} INFO - [2022-10-18 00:17:56,809] {dag.py:2927} INFO - Setting next_dagrun for example_branch_dop_operator_v3 to 2022-10-18T07:16:00+00:00, run_after=2022-10-18T07:17:00+00:00
[2022-10-18 00:17:56,821] {processor.py:161} INFO - Processing /home/ubuntu/airflow/airflow_env/lib/python3.8/site-packages/airflow/example_dags/example_branch_python_dop_operator_3.py took 0.069 seconds
[2022-10-18 11:03:10,151] {processor.py:153} INFO - Started process (PID=267381) to work on /home/ubuntu/airflow/airflow_env/lib/python3.8/site-packages/airflow/example_dags/example_branch_python_dop_operator_3.py
[2022-10-18 11:03:10,152] {processor.py:641} INFO - Processing file /home/ubuntu/airflow/airflow_env/lib/python3.8/site-packages/airflow/example_dags/example_branch_python_dop_operator_3.py for tasks to queue
[2022-10-18 11:03:10,153] {logging_mixin.py:115} INFO - [2022-10-18 11:03:10,153] {dagbag.py:507} INFO - Filling up the DagBag from /home/ubuntu/airflow/airflow_env/lib/python3.8/site-packages/airflow/example_dags/example_branch_python_dop_operator_3.py
[2022-10-18 11:03:10,165] {processor.py:651} INFO - DAG(s) dict_keys(['example_branch_dop_operator_v3']) retrieved from /home/ubuntu/airflow/airflow_env/lib/python3.8/site-packages/airflow/example_dags/example_branch_python_dop_operator_3.py
[2022-10-18 11:03:10,187] {logging_mixin.py:115} INFO - [2022-10-18 11:03:10,187] {dag.py:2379} INFO - Sync 1 DAGs
[2022-10-18 11:03:10,207] {logging_mixin.py:115} INFO - [2022-10-18 11:03:10,207] {dag.py:2927} INFO - Setting next_dagrun for example_branch_dop_operator_v3 to 2022-10-18T18:02:00+00:00, run_after=2022-10-18T18:03:00+00:00
[2022-10-18 11:03:10,223] {processor.py:161} INFO - Processing /home/ubuntu/airflow/airflow_env/lib/python3.8/site-packages/airflow/example_dags/example_branch_python_dop_operator_3.py took 0.076 seconds
[2022-10-18 11:03:46,647] {processor.py:153} INFO - Started process (PID=267450) to work on /home/ubuntu/airflow/airflow_env/lib/python3.8/site-packages/airflow/example_dags/example_branch_python_dop_operator_3.py
[2022-10-18 11:03:46,648] {processor.py:641} INFO - Processing file /home/ubuntu/airflow/airflow_env/lib/python3.8/site-packages/airflow/example_dags/example_branch_python_dop_operator_3.py for tasks to queue
[2022-10-18 11:03:46,648] {logging_mixin.py:115} INFO - [2022-10-18 11:03:46,648] {dagbag.py:507} INFO - Filling up the DagBag from /home/ubuntu/airflow/airflow_env/lib/python3.8/site-packages/airflow/example_dags/example_branch_python_dop_operator_3.py
[2022-10-18 11:03:46,658] {processor.py:651} INFO - DAG(s) dict_keys(['example_branch_dop_operator_v3']) retrieved from /home/ubuntu/airflow/airflow_env/lib/python3.8/site-packages/airflow/example_dags/example_branch_python_dop_operator_3.py
[2022-10-18 11:03:46,674] {logging_mixin.py:115} INFO - [2022-10-18 11:03:46,674] {dag.py:2379} INFO - Sync 1 DAGs
[2022-10-18 11:03:46,692] {logging_mixin.py:115} INFO - [2022-10-18 11:03:46,692] {dag.py:2927} INFO - Setting next_dagrun for example_branch_dop_operator_v3 to 2022-10-18T18:02:00+00:00, run_after=2022-10-18T18:03:00+00:00
[2022-10-18 11:03:46,705] {processor.py:161} INFO - Processing /home/ubuntu/airflow/airflow_env/lib/python3.8/site-packages/airflow/example_dags/example_branch_python_dop_operator_3.py took 0.062 seconds
[2022-10-18 11:04:22,030] {processor.py:153} INFO - Started process (PID=267488) to work on /home/ubuntu/airflow/airflow_env/lib/python3.8/site-packages/airflow/example_dags/example_branch_python_dop_operator_3.py
[2022-10-18 11:04:22,032] {processor.py:641} INFO - Processing file /home/ubuntu/airflow/airflow_env/lib/python3.8/site-packages/airflow/example_dags/example_branch_python_dop_operator_3.py for tasks to queue
[2022-10-18 11:04:22,033] {logging_mixin.py:115} INFO - [2022-10-18 11:04:22,033] {dagbag.py:507} INFO - Filling up the DagBag from /home/ubuntu/airflow/airflow_env/lib/python3.8/site-packages/airflow/example_dags/example_branch_python_dop_operator_3.py
[2022-10-18 11:04:22,042] {processor.py:651} INFO - DAG(s) dict_keys(['example_branch_dop_operator_v3']) retrieved from /home/ubuntu/airflow/airflow_env/lib/python3.8/site-packages/airflow/example_dags/example_branch_python_dop_operator_3.py
[2022-10-18 11:04:22,059] {logging_mixin.py:115} INFO - [2022-10-18 11:04:22,059] {dag.py:2379} INFO - Sync 1 DAGs
[2022-10-18 11:04:22,077] {logging_mixin.py:115} INFO - [2022-10-18 11:04:22,076] {dag.py:2927} INFO - Setting next_dagrun for example_branch_dop_operator_v3 to 2022-10-18T18:03:00+00:00, run_after=2022-10-18T18:04:00+00:00
[2022-10-18 11:04:22,089] {processor.py:161} INFO - Processing /home/ubuntu/airflow/airflow_env/lib/python3.8/site-packages/airflow/example_dags/example_branch_python_dop_operator_3.py took 0.062 seconds
[2022-10-18 11:04:56,552] {processor.py:153} INFO - Started process (PID=267528) to work on /home/ubuntu/airflow/airflow_env/lib/python3.8/site-packages/airflow/example_dags/example_branch_python_dop_operator_3.py
[2022-10-18 11:04:56,553] {processor.py:641} INFO - Processing file /home/ubuntu/airflow/airflow_env/lib/python3.8/site-packages/airflow/example_dags/example_branch_python_dop_operator_3.py for tasks to queue
[2022-10-18 11:04:56,554] {logging_mixin.py:115} INFO - [2022-10-18 11:04:56,553] {dagbag.py:507} INFO - Filling up the DagBag from /home/ubuntu/airflow/airflow_env/lib/python3.8/site-packages/airflow/example_dags/example_branch_python_dop_operator_3.py
[2022-10-18 11:04:56,564] {processor.py:651} INFO - DAG(s) dict_keys(['example_branch_dop_operator_v3']) retrieved from /home/ubuntu/airflow/airflow_env/lib/python3.8/site-packages/airflow/example_dags/example_branch_python_dop_operator_3.py
[2022-10-18 11:04:56,585] {logging_mixin.py:115} INFO - [2022-10-18 11:04:56,585] {dag.py:2379} INFO - Sync 1 DAGs
[2022-10-18 11:04:56,607] {logging_mixin.py:115} INFO - [2022-10-18 11:04:56,607] {dag.py:2927} INFO - Setting next_dagrun for example_branch_dop_operator_v3 to 2022-10-18T18:03:00+00:00, run_after=2022-10-18T18:04:00+00:00
[2022-10-18 11:04:56,620] {processor.py:161} INFO - Processing /home/ubuntu/airflow/airflow_env/lib/python3.8/site-packages/airflow/example_dags/example_branch_python_dop_operator_3.py took 0.073 seconds
[2022-10-18 11:05:33,096] {processor.py:153} INFO - Started process (PID=267850) to work on /home/ubuntu/airflow/airflow_env/lib/python3.8/site-packages/airflow/example_dags/example_branch_python_dop_operator_3.py
[2022-10-18 11:05:33,097] {processor.py:641} INFO - Processing file /home/ubuntu/airflow/airflow_env/lib/python3.8/site-packages/airflow/example_dags/example_branch_python_dop_operator_3.py for tasks to queue
[2022-10-18 11:05:33,097] {logging_mixin.py:115} INFO - [2022-10-18 11:05:33,097] {dagbag.py:507} INFO - Filling up the DagBag from /home/ubuntu/airflow/airflow_env/lib/python3.8/site-packages/airflow/example_dags/example_branch_python_dop_operator_3.py
[2022-10-18 11:05:33,107] {processor.py:651} INFO - DAG(s) dict_keys(['example_branch_dop_operator_v3']) retrieved from /home/ubuntu/airflow/airflow_env/lib/python3.8/site-packages/airflow/example_dags/example_branch_python_dop_operator_3.py
[2022-10-18 11:05:33,124] {logging_mixin.py:115} INFO - [2022-10-18 11:05:33,123] {dag.py:2379} INFO - Sync 1 DAGs
[2022-10-18 11:05:33,141] {logging_mixin.py:115} INFO - [2022-10-18 11:05:33,141] {dag.py:2927} INFO - Setting next_dagrun for example_branch_dop_operator_v3 to 2022-10-18T18:04:00+00:00, run_after=2022-10-18T18:05:00+00:00
[2022-10-18 11:05:33,154] {processor.py:161} INFO - Processing /home/ubuntu/airflow/airflow_env/lib/python3.8/site-packages/airflow/example_dags/example_branch_python_dop_operator_3.py took 0.061 seconds
[2022-10-18 11:06:09,767] {processor.py:153} INFO - Started process (PID=267896) to work on /home/ubuntu/airflow/airflow_env/lib/python3.8/site-packages/airflow/example_dags/example_branch_python_dop_operator_3.py
[2022-10-18 11:06:09,768] {processor.py:641} INFO - Processing file /home/ubuntu/airflow/airflow_env/lib/python3.8/site-packages/airflow/example_dags/example_branch_python_dop_operator_3.py for tasks to queue
[2022-10-18 11:06:09,769] {logging_mixin.py:115} INFO - [2022-10-18 11:06:09,769] {dagbag.py:507} INFO - Filling up the DagBag from /home/ubuntu/airflow/airflow_env/lib/python3.8/site-packages/airflow/example_dags/example_branch_python_dop_operator_3.py
[2022-10-18 11:06:09,779] {processor.py:651} INFO - DAG(s) dict_keys(['example_branch_dop_operator_v3']) retrieved from /home/ubuntu/airflow/airflow_env/lib/python3.8/site-packages/airflow/example_dags/example_branch_python_dop_operator_3.py
[2022-10-18 11:06:09,797] {logging_mixin.py:115} INFO - [2022-10-18 11:06:09,797] {dag.py:2379} INFO - Sync 1 DAGs
[2022-10-18 11:06:09,816] {logging_mixin.py:115} INFO - [2022-10-18 11:06:09,816] {dag.py:2927} INFO - Setting next_dagrun for example_branch_dop_operator_v3 to 2022-10-18T18:05:00+00:00, run_after=2022-10-18T18:06:00+00:00
[2022-10-18 11:06:09,831] {processor.py:161} INFO - Processing /home/ubuntu/airflow/airflow_env/lib/python3.8/site-packages/airflow/example_dags/example_branch_python_dop_operator_3.py took 0.068 seconds
[2022-10-18 11:06:47,019] {processor.py:153} INFO - Started process (PID=267939) to work on /home/ubuntu/airflow/airflow_env/lib/python3.8/site-packages/airflow/example_dags/example_branch_python_dop_operator_3.py
[2022-10-18 11:06:47,020] {processor.py:641} INFO - Processing file /home/ubuntu/airflow/airflow_env/lib/python3.8/site-packages/airflow/example_dags/example_branch_python_dop_operator_3.py for tasks to queue
[2022-10-18 11:06:47,021] {logging_mixin.py:115} INFO - [2022-10-18 11:06:47,021] {dagbag.py:507} INFO - Filling up the DagBag from /home/ubuntu/airflow/airflow_env/lib/python3.8/site-packages/airflow/example_dags/example_branch_python_dop_operator_3.py
[2022-10-18 11:06:47,033] {processor.py:651} INFO - DAG(s) dict_keys(['example_branch_dop_operator_v3']) retrieved from /home/ubuntu/airflow/airflow_env/lib/python3.8/site-packages/airflow/example_dags/example_branch_python_dop_operator_3.py
[2022-10-18 11:06:47,054] {logging_mixin.py:115} INFO - [2022-10-18 11:06:47,054] {dag.py:2379} INFO - Sync 1 DAGs
[2022-10-18 11:06:47,075] {logging_mixin.py:115} INFO - [2022-10-18 11:06:47,075] {dag.py:2927} INFO - Setting next_dagrun for example_branch_dop_operator_v3 to 2022-10-18T18:05:00+00:00, run_after=2022-10-18T18:06:00+00:00
[2022-10-18 11:06:47,092] {processor.py:161} INFO - Processing /home/ubuntu/airflow/airflow_env/lib/python3.8/site-packages/airflow/example_dags/example_branch_python_dop_operator_3.py took 0.078 seconds
[2022-10-18 11:07:21,327] {processor.py:153} INFO - Started process (PID=267987) to work on /home/ubuntu/airflow/airflow_env/lib/python3.8/site-packages/airflow/example_dags/example_branch_python_dop_operator_3.py
[2022-10-18 11:07:21,327] {processor.py:641} INFO - Processing file /home/ubuntu/airflow/airflow_env/lib/python3.8/site-packages/airflow/example_dags/example_branch_python_dop_operator_3.py for tasks to queue
[2022-10-18 11:07:21,328] {logging_mixin.py:115} INFO - [2022-10-18 11:07:21,328] {dagbag.py:507} INFO - Filling up the DagBag from /home/ubuntu/airflow/airflow_env/lib/python3.8/site-packages/airflow/example_dags/example_branch_python_dop_operator_3.py
[2022-10-18 11:07:21,337] {processor.py:651} INFO - DAG(s) dict_keys(['example_branch_dop_operator_v3']) retrieved from /home/ubuntu/airflow/airflow_env/lib/python3.8/site-packages/airflow/example_dags/example_branch_python_dop_operator_3.py
[2022-10-18 11:07:21,354] {logging_mixin.py:115} INFO - [2022-10-18 11:07:21,354] {dag.py:2379} INFO - Sync 1 DAGs
[2022-10-18 11:07:21,371] {logging_mixin.py:115} INFO - [2022-10-18 11:07:21,371] {dag.py:2927} INFO - Setting next_dagrun for example_branch_dop_operator_v3 to 2022-10-18T18:06:00+00:00, run_after=2022-10-18T18:07:00+00:00
[2022-10-18 11:07:21,382] {processor.py:161} INFO - Processing /home/ubuntu/airflow/airflow_env/lib/python3.8/site-packages/airflow/example_dags/example_branch_python_dop_operator_3.py took 0.059 seconds
[2022-10-18 11:07:56,690] {processor.py:153} INFO - Started process (PID=268053) to work on /home/ubuntu/airflow/airflow_env/lib/python3.8/site-packages/airflow/example_dags/example_branch_python_dop_operator_3.py
[2022-10-18 11:07:56,691] {processor.py:641} INFO - Processing file /home/ubuntu/airflow/airflow_env/lib/python3.8/site-packages/airflow/example_dags/example_branch_python_dop_operator_3.py for tasks to queue
[2022-10-18 11:07:56,691] {logging_mixin.py:115} INFO - [2022-10-18 11:07:56,691] {dagbag.py:507} INFO - Filling up the DagBag from /home/ubuntu/airflow/airflow_env/lib/python3.8/site-packages/airflow/example_dags/example_branch_python_dop_operator_3.py
[2022-10-18 11:07:56,703] {processor.py:651} INFO - DAG(s) dict_keys(['example_branch_dop_operator_v3']) retrieved from /home/ubuntu/airflow/airflow_env/lib/python3.8/site-packages/airflow/example_dags/example_branch_python_dop_operator_3.py
[2022-10-18 11:07:56,723] {logging_mixin.py:115} INFO - [2022-10-18 11:07:56,723] {dag.py:2379} INFO - Sync 1 DAGs
[2022-10-18 11:07:56,746] {logging_mixin.py:115} INFO - [2022-10-18 11:07:56,746] {dag.py:2927} INFO - Setting next_dagrun for example_branch_dop_operator_v3 to 2022-10-18T18:06:00+00:00, run_after=2022-10-18T18:07:00+00:00
[2022-10-18 11:07:56,758] {processor.py:161} INFO - Processing /home/ubuntu/airflow/airflow_env/lib/python3.8/site-packages/airflow/example_dags/example_branch_python_dop_operator_3.py took 0.073 seconds
[2022-10-18 11:08:34,415] {processor.py:153} INFO - Started process (PID=268093) to work on /home/ubuntu/airflow/airflow_env/lib/python3.8/site-packages/airflow/example_dags/example_branch_python_dop_operator_3.py
[2022-10-18 11:08:34,415] {processor.py:641} INFO - Processing file /home/ubuntu/airflow/airflow_env/lib/python3.8/site-packages/airflow/example_dags/example_branch_python_dop_operator_3.py for tasks to queue
[2022-10-18 11:08:34,416] {logging_mixin.py:115} INFO - [2022-10-18 11:08:34,416] {dagbag.py:507} INFO - Filling up the DagBag from /home/ubuntu/airflow/airflow_env/lib/python3.8/site-packages/airflow/example_dags/example_branch_python_dop_operator_3.py
[2022-10-18 11:08:34,425] {processor.py:651} INFO - DAG(s) dict_keys(['example_branch_dop_operator_v3']) retrieved from /home/ubuntu/airflow/airflow_env/lib/python3.8/site-packages/airflow/example_dags/example_branch_python_dop_operator_3.py
[2022-10-18 11:08:34,443] {logging_mixin.py:115} INFO - [2022-10-18 11:08:34,443] {dag.py:2379} INFO - Sync 1 DAGs
[2022-10-18 11:08:34,461] {logging_mixin.py:115} INFO - [2022-10-18 11:08:34,460] {dag.py:2927} INFO - Setting next_dagrun for example_branch_dop_operator_v3 to 2022-10-18T18:07:00+00:00, run_after=2022-10-18T18:08:00+00:00
[2022-10-18 11:08:34,472] {processor.py:161} INFO - Processing /home/ubuntu/airflow/airflow_env/lib/python3.8/site-packages/airflow/example_dags/example_branch_python_dop_operator_3.py took 0.061 seconds
[2022-10-18 11:09:08,655] {processor.py:153} INFO - Started process (PID=268132) to work on /home/ubuntu/airflow/airflow_env/lib/python3.8/site-packages/airflow/example_dags/example_branch_python_dop_operator_3.py
[2022-10-18 11:09:08,656] {processor.py:641} INFO - Processing file /home/ubuntu/airflow/airflow_env/lib/python3.8/site-packages/airflow/example_dags/example_branch_python_dop_operator_3.py for tasks to queue
[2022-10-18 11:09:08,657] {logging_mixin.py:115} INFO - [2022-10-18 11:09:08,657] {dagbag.py:507} INFO - Filling up the DagBag from /home/ubuntu/airflow/airflow_env/lib/python3.8/site-packages/airflow/example_dags/example_branch_python_dop_operator_3.py
[2022-10-18 11:09:08,669] {processor.py:651} INFO - DAG(s) dict_keys(['example_branch_dop_operator_v3']) retrieved from /home/ubuntu/airflow/airflow_env/lib/python3.8/site-packages/airflow/example_dags/example_branch_python_dop_operator_3.py
[2022-10-18 11:09:08,691] {logging_mixin.py:115} INFO - [2022-10-18 11:09:08,690] {dag.py:2379} INFO - Sync 1 DAGs
[2022-10-18 11:09:08,719] {logging_mixin.py:115} INFO - [2022-10-18 11:09:08,719] {dag.py:2927} INFO - Setting next_dagrun for example_branch_dop_operator_v3 to 2022-10-18T18:08:00+00:00, run_after=2022-10-18T18:09:00+00:00
[2022-10-18 11:09:08,735] {processor.py:161} INFO - Processing /home/ubuntu/airflow/airflow_env/lib/python3.8/site-packages/airflow/example_dags/example_branch_python_dop_operator_3.py took 0.085 seconds
[2022-10-18 11:09:46,381] {processor.py:153} INFO - Started process (PID=268172) to work on /home/ubuntu/airflow/airflow_env/lib/python3.8/site-packages/airflow/example_dags/example_branch_python_dop_operator_3.py
[2022-10-18 11:09:46,382] {processor.py:641} INFO - Processing file /home/ubuntu/airflow/airflow_env/lib/python3.8/site-packages/airflow/example_dags/example_branch_python_dop_operator_3.py for tasks to queue
[2022-10-18 11:09:46,382] {logging_mixin.py:115} INFO - [2022-10-18 11:09:46,382] {dagbag.py:507} INFO - Filling up the DagBag from /home/ubuntu/airflow/airflow_env/lib/python3.8/site-packages/airflow/example_dags/example_branch_python_dop_operator_3.py
[2022-10-18 11:09:46,393] {processor.py:651} INFO - DAG(s) dict_keys(['example_branch_dop_operator_v3']) retrieved from /home/ubuntu/airflow/airflow_env/lib/python3.8/site-packages/airflow/example_dags/example_branch_python_dop_operator_3.py
[2022-10-18 11:09:46,414] {logging_mixin.py:115} INFO - [2022-10-18 11:09:46,414] {dag.py:2379} INFO - Sync 1 DAGs
[2022-10-18 11:09:46,435] {logging_mixin.py:115} INFO - [2022-10-18 11:09:46,435] {dag.py:2927} INFO - Setting next_dagrun for example_branch_dop_operator_v3 to 2022-10-18T18:08:00+00:00, run_after=2022-10-18T18:09:00+00:00
[2022-10-18 11:09:46,447] {processor.py:161} INFO - Processing /home/ubuntu/airflow/airflow_env/lib/python3.8/site-packages/airflow/example_dags/example_branch_python_dop_operator_3.py took 0.070 seconds
[2022-10-18 11:10:23,479] {processor.py:153} INFO - Started process (PID=268213) to work on /home/ubuntu/airflow/airflow_env/lib/python3.8/site-packages/airflow/example_dags/example_branch_python_dop_operator_3.py
[2022-10-18 11:10:23,480] {processor.py:641} INFO - Processing file /home/ubuntu/airflow/airflow_env/lib/python3.8/site-packages/airflow/example_dags/example_branch_python_dop_operator_3.py for tasks to queue
[2022-10-18 11:10:23,480] {logging_mixin.py:115} INFO - [2022-10-18 11:10:23,480] {dagbag.py:507} INFO - Filling up the DagBag from /home/ubuntu/airflow/airflow_env/lib/python3.8/site-packages/airflow/example_dags/example_branch_python_dop_operator_3.py
[2022-10-18 11:10:23,490] {processor.py:651} INFO - DAG(s) dict_keys(['example_branch_dop_operator_v3']) retrieved from /home/ubuntu/airflow/airflow_env/lib/python3.8/site-packages/airflow/example_dags/example_branch_python_dop_operator_3.py
[2022-10-18 11:10:23,507] {logging_mixin.py:115} INFO - [2022-10-18 11:10:23,507] {dag.py:2379} INFO - Sync 1 DAGs
[2022-10-18 11:10:23,525] {logging_mixin.py:115} INFO - [2022-10-18 11:10:23,525] {dag.py:2927} INFO - Setting next_dagrun for example_branch_dop_operator_v3 to 2022-10-18T18:09:00+00:00, run_after=2022-10-18T18:10:00+00:00
[2022-10-18 11:10:23,536] {processor.py:161} INFO - Processing /home/ubuntu/airflow/airflow_env/lib/python3.8/site-packages/airflow/example_dags/example_branch_python_dop_operator_3.py took 0.061 seconds
[2022-10-18 11:10:59,464] {processor.py:153} INFO - Started process (PID=268255) to work on /home/ubuntu/airflow/airflow_env/lib/python3.8/site-packages/airflow/example_dags/example_branch_python_dop_operator_3.py
[2022-10-18 11:10:59,465] {processor.py:641} INFO - Processing file /home/ubuntu/airflow/airflow_env/lib/python3.8/site-packages/airflow/example_dags/example_branch_python_dop_operator_3.py for tasks to queue
[2022-10-18 11:10:59,466] {logging_mixin.py:115} INFO - [2022-10-18 11:10:59,466] {dagbag.py:507} INFO - Filling up the DagBag from /home/ubuntu/airflow/airflow_env/lib/python3.8/site-packages/airflow/example_dags/example_branch_python_dop_operator_3.py
[2022-10-18 11:10:59,478] {processor.py:651} INFO - DAG(s) dict_keys(['example_branch_dop_operator_v3']) retrieved from /home/ubuntu/airflow/airflow_env/lib/python3.8/site-packages/airflow/example_dags/example_branch_python_dop_operator_3.py
[2022-10-18 11:10:59,495] {logging_mixin.py:115} INFO - [2022-10-18 11:10:59,495] {dag.py:2379} INFO - Sync 1 DAGs
[2022-10-18 11:10:59,515] {logging_mixin.py:115} INFO - [2022-10-18 11:10:59,515] {dag.py:2927} INFO - Setting next_dagrun for example_branch_dop_operator_v3 to 2022-10-18T18:09:00+00:00, run_after=2022-10-18T18:10:00+00:00
[2022-10-18 11:10:59,525] {processor.py:161} INFO - Processing /home/ubuntu/airflow/airflow_env/lib/python3.8/site-packages/airflow/example_dags/example_branch_python_dop_operator_3.py took 0.064 seconds
[2022-10-18 11:11:34,427] {processor.py:153} INFO - Started process (PID=268300) to work on /home/ubuntu/airflow/airflow_env/lib/python3.8/site-packages/airflow/example_dags/example_branch_python_dop_operator_3.py
[2022-10-18 11:11:34,428] {processor.py:641} INFO - Processing file /home/ubuntu/airflow/airflow_env/lib/python3.8/site-packages/airflow/example_dags/example_branch_python_dop_operator_3.py for tasks to queue
[2022-10-18 11:11:34,428] {logging_mixin.py:115} INFO - [2022-10-18 11:11:34,428] {dagbag.py:507} INFO - Filling up the DagBag from /home/ubuntu/airflow/airflow_env/lib/python3.8/site-packages/airflow/example_dags/example_branch_python_dop_operator_3.py
[2022-10-18 11:11:34,437] {processor.py:651} INFO - DAG(s) dict_keys(['example_branch_dop_operator_v3']) retrieved from /home/ubuntu/airflow/airflow_env/lib/python3.8/site-packages/airflow/example_dags/example_branch_python_dop_operator_3.py
[2022-10-18 11:11:34,454] {logging_mixin.py:115} INFO - [2022-10-18 11:11:34,454] {dag.py:2379} INFO - Sync 1 DAGs
[2022-10-18 11:11:34,470] {logging_mixin.py:115} INFO - [2022-10-18 11:11:34,470] {dag.py:2927} INFO - Setting next_dagrun for example_branch_dop_operator_v3 to 2022-10-18T18:10:00+00:00, run_after=2022-10-18T18:11:00+00:00
[2022-10-18 11:11:34,486] {processor.py:161} INFO - Processing /home/ubuntu/airflow/airflow_env/lib/python3.8/site-packages/airflow/example_dags/example_branch_python_dop_operator_3.py took 0.063 seconds
[2022-10-18 11:12:10,413] {processor.py:153} INFO - Started process (PID=268339) to work on /home/ubuntu/airflow/airflow_env/lib/python3.8/site-packages/airflow/example_dags/example_branch_python_dop_operator_3.py
[2022-10-18 11:12:10,414] {processor.py:641} INFO - Processing file /home/ubuntu/airflow/airflow_env/lib/python3.8/site-packages/airflow/example_dags/example_branch_python_dop_operator_3.py for tasks to queue
[2022-10-18 11:12:10,415] {logging_mixin.py:115} INFO - [2022-10-18 11:12:10,415] {dagbag.py:507} INFO - Filling up the DagBag from /home/ubuntu/airflow/airflow_env/lib/python3.8/site-packages/airflow/example_dags/example_branch_python_dop_operator_3.py
[2022-10-18 11:12:10,424] {processor.py:651} INFO - DAG(s) dict_keys(['example_branch_dop_operator_v3']) retrieved from /home/ubuntu/airflow/airflow_env/lib/python3.8/site-packages/airflow/example_dags/example_branch_python_dop_operator_3.py
[2022-10-18 11:12:10,440] {logging_mixin.py:115} INFO - [2022-10-18 11:12:10,440] {dag.py:2379} INFO - Sync 1 DAGs
[2022-10-18 11:12:10,457] {logging_mixin.py:115} INFO - [2022-10-18 11:12:10,457] {dag.py:2927} INFO - Setting next_dagrun for example_branch_dop_operator_v3 to 2022-10-18T18:11:00+00:00, run_after=2022-10-18T18:12:00+00:00
[2022-10-18 11:12:10,473] {processor.py:161} INFO - Processing /home/ubuntu/airflow/airflow_env/lib/python3.8/site-packages/airflow/example_dags/example_branch_python_dop_operator_3.py took 0.063 seconds
[2022-10-18 11:12:46,202] {processor.py:153} INFO - Started process (PID=268404) to work on /home/ubuntu/airflow/airflow_env/lib/python3.8/site-packages/airflow/example_dags/example_branch_python_dop_operator_3.py
[2022-10-18 11:12:46,203] {processor.py:641} INFO - Processing file /home/ubuntu/airflow/airflow_env/lib/python3.8/site-packages/airflow/example_dags/example_branch_python_dop_operator_3.py for tasks to queue
[2022-10-18 11:12:46,203] {logging_mixin.py:115} INFO - [2022-10-18 11:12:46,203] {dagbag.py:507} INFO - Filling up the DagBag from /home/ubuntu/airflow/airflow_env/lib/python3.8/site-packages/airflow/example_dags/example_branch_python_dop_operator_3.py
[2022-10-18 11:12:46,212] {processor.py:651} INFO - DAG(s) dict_keys(['example_branch_dop_operator_v3']) retrieved from /home/ubuntu/airflow/airflow_env/lib/python3.8/site-packages/airflow/example_dags/example_branch_python_dop_operator_3.py
[2022-10-18 11:12:46,228] {logging_mixin.py:115} INFO - [2022-10-18 11:12:46,228] {dag.py:2379} INFO - Sync 1 DAGs
[2022-10-18 11:12:46,247] {logging_mixin.py:115} INFO - [2022-10-18 11:12:46,247] {dag.py:2927} INFO - Setting next_dagrun for example_branch_dop_operator_v3 to 2022-10-18T18:11:00+00:00, run_after=2022-10-18T18:12:00+00:00
[2022-10-18 11:12:46,261] {processor.py:161} INFO - Processing /home/ubuntu/airflow/airflow_env/lib/python3.8/site-packages/airflow/example_dags/example_branch_python_dop_operator_3.py took 0.063 seconds
[2022-10-18 11:13:22,142] {processor.py:153} INFO - Started process (PID=268444) to work on /home/ubuntu/airflow/airflow_env/lib/python3.8/site-packages/airflow/example_dags/example_branch_python_dop_operator_3.py
[2022-10-18 11:13:22,144] {processor.py:641} INFO - Processing file /home/ubuntu/airflow/airflow_env/lib/python3.8/site-packages/airflow/example_dags/example_branch_python_dop_operator_3.py for tasks to queue
[2022-10-18 11:13:22,144] {logging_mixin.py:115} INFO - [2022-10-18 11:13:22,144] {dagbag.py:507} INFO - Filling up the DagBag from /home/ubuntu/airflow/airflow_env/lib/python3.8/site-packages/airflow/example_dags/example_branch_python_dop_operator_3.py
[2022-10-18 11:13:22,157] {processor.py:651} INFO - DAG(s) dict_keys(['example_branch_dop_operator_v3']) retrieved from /home/ubuntu/airflow/airflow_env/lib/python3.8/site-packages/airflow/example_dags/example_branch_python_dop_operator_3.py
[2022-10-18 11:13:22,180] {logging_mixin.py:115} INFO - [2022-10-18 11:13:22,180] {dag.py:2379} INFO - Sync 1 DAGs
[2022-10-18 11:13:22,210] {logging_mixin.py:115} INFO - [2022-10-18 11:13:22,210] {dag.py:2927} INFO - Setting next_dagrun for example_branch_dop_operator_v3 to 2022-10-18T18:12:00+00:00, run_after=2022-10-18T18:13:00+00:00
[2022-10-18 11:13:22,225] {processor.py:161} INFO - Processing /home/ubuntu/airflow/airflow_env/lib/python3.8/site-packages/airflow/example_dags/example_branch_python_dop_operator_3.py took 0.089 seconds
[2022-10-18 11:14:04,955] {processor.py:153} INFO - Started process (PID=268486) to work on /home/ubuntu/airflow/airflow_env/lib/python3.8/site-packages/airflow/example_dags/example_branch_python_dop_operator_3.py
[2022-10-18 11:14:04,956] {processor.py:641} INFO - Processing file /home/ubuntu/airflow/airflow_env/lib/python3.8/site-packages/airflow/example_dags/example_branch_python_dop_operator_3.py for tasks to queue
[2022-10-18 11:14:04,957] {logging_mixin.py:115} INFO - [2022-10-18 11:14:04,957] {dagbag.py:507} INFO - Filling up the DagBag from /home/ubuntu/airflow/airflow_env/lib/python3.8/site-packages/airflow/example_dags/example_branch_python_dop_operator_3.py
[2022-10-18 11:14:04,970] {processor.py:651} INFO - DAG(s) dict_keys(['example_branch_dop_operator_v3']) retrieved from /home/ubuntu/airflow/airflow_env/lib/python3.8/site-packages/airflow/example_dags/example_branch_python_dop_operator_3.py
[2022-10-18 11:14:04,996] {logging_mixin.py:115} INFO - [2022-10-18 11:14:04,996] {dag.py:2379} INFO - Sync 1 DAGs
[2022-10-18 11:14:05,024] {logging_mixin.py:115} INFO - [2022-10-18 11:14:05,024] {dag.py:2927} INFO - Setting next_dagrun for example_branch_dop_operator_v3 to 2022-10-18T18:13:00+00:00, run_after=2022-10-18T18:14:00+00:00
[2022-10-18 11:14:05,041] {processor.py:161} INFO - Processing /home/ubuntu/airflow/airflow_env/lib/python3.8/site-packages/airflow/example_dags/example_branch_python_dop_operator_3.py took 0.091 seconds
[2022-10-18 11:14:39,032] {processor.py:153} INFO - Started process (PID=268527) to work on /home/ubuntu/airflow/airflow_env/lib/python3.8/site-packages/airflow/example_dags/example_branch_python_dop_operator_3.py
[2022-10-18 11:14:39,033] {processor.py:641} INFO - Processing file /home/ubuntu/airflow/airflow_env/lib/python3.8/site-packages/airflow/example_dags/example_branch_python_dop_operator_3.py for tasks to queue
[2022-10-18 11:14:39,034] {logging_mixin.py:115} INFO - [2022-10-18 11:14:39,034] {dagbag.py:507} INFO - Filling up the DagBag from /home/ubuntu/airflow/airflow_env/lib/python3.8/site-packages/airflow/example_dags/example_branch_python_dop_operator_3.py
[2022-10-18 11:14:39,045] {processor.py:651} INFO - DAG(s) dict_keys(['example_branch_dop_operator_v3']) retrieved from /home/ubuntu/airflow/airflow_env/lib/python3.8/site-packages/airflow/example_dags/example_branch_python_dop_operator_3.py
[2022-10-18 11:14:39,063] {logging_mixin.py:115} INFO - [2022-10-18 11:14:39,063] {dag.py:2379} INFO - Sync 1 DAGs
[2022-10-18 11:14:39,082] {logging_mixin.py:115} INFO - [2022-10-18 11:14:39,082] {dag.py:2927} INFO - Setting next_dagrun for example_branch_dop_operator_v3 to 2022-10-18T18:13:00+00:00, run_after=2022-10-18T18:14:00+00:00
[2022-10-18 11:14:39,096] {processor.py:161} INFO - Processing /home/ubuntu/airflow/airflow_env/lib/python3.8/site-packages/airflow/example_dags/example_branch_python_dop_operator_3.py took 0.069 seconds
[2022-10-18 11:15:16,006] {processor.py:153} INFO - Started process (PID=268570) to work on /home/ubuntu/airflow/airflow_env/lib/python3.8/site-packages/airflow/example_dags/example_branch_python_dop_operator_3.py
[2022-10-18 11:15:16,007] {processor.py:641} INFO - Processing file /home/ubuntu/airflow/airflow_env/lib/python3.8/site-packages/airflow/example_dags/example_branch_python_dop_operator_3.py for tasks to queue
[2022-10-18 11:15:16,008] {logging_mixin.py:115} INFO - [2022-10-18 11:15:16,008] {dagbag.py:507} INFO - Filling up the DagBag from /home/ubuntu/airflow/airflow_env/lib/python3.8/site-packages/airflow/example_dags/example_branch_python_dop_operator_3.py
[2022-10-18 11:15:16,023] {processor.py:651} INFO - DAG(s) dict_keys(['example_branch_dop_operator_v3']) retrieved from /home/ubuntu/airflow/airflow_env/lib/python3.8/site-packages/airflow/example_dags/example_branch_python_dop_operator_3.py
[2022-10-18 11:15:16,059] {logging_mixin.py:115} INFO - [2022-10-18 11:15:16,059] {dag.py:2379} INFO - Sync 1 DAGs
[2022-10-18 11:15:16,092] {logging_mixin.py:115} INFO - [2022-10-18 11:15:16,091] {dag.py:2927} INFO - Setting next_dagrun for example_branch_dop_operator_v3 to 2022-10-18T18:14:00+00:00, run_after=2022-10-18T18:15:00+00:00
[2022-10-18 11:15:16,109] {processor.py:161} INFO - Processing /home/ubuntu/airflow/airflow_env/lib/python3.8/site-packages/airflow/example_dags/example_branch_python_dop_operator_3.py took 0.108 seconds
[2022-10-18 11:15:55,479] {processor.py:153} INFO - Started process (PID=268609) to work on /home/ubuntu/airflow/airflow_env/lib/python3.8/site-packages/airflow/example_dags/example_branch_python_dop_operator_3.py
[2022-10-18 11:15:55,480] {processor.py:641} INFO - Processing file /home/ubuntu/airflow/airflow_env/lib/python3.8/site-packages/airflow/example_dags/example_branch_python_dop_operator_3.py for tasks to queue
[2022-10-18 11:15:55,481] {logging_mixin.py:115} INFO - [2022-10-18 11:15:55,480] {dagbag.py:507} INFO - Filling up the DagBag from /home/ubuntu/airflow/airflow_env/lib/python3.8/site-packages/airflow/example_dags/example_branch_python_dop_operator_3.py
[2022-10-18 11:15:55,494] {processor.py:651} INFO - DAG(s) dict_keys(['example_branch_dop_operator_v3']) retrieved from /home/ubuntu/airflow/airflow_env/lib/python3.8/site-packages/airflow/example_dags/example_branch_python_dop_operator_3.py
[2022-10-18 11:15:55,516] {logging_mixin.py:115} INFO - [2022-10-18 11:15:55,516] {dag.py:2379} INFO - Sync 1 DAGs
[2022-10-18 11:15:55,540] {logging_mixin.py:115} INFO - [2022-10-18 11:15:55,540] {dag.py:2927} INFO - Setting next_dagrun for example_branch_dop_operator_v3 to 2022-10-18T18:14:00+00:00, run_after=2022-10-18T18:15:00+00:00
[2022-10-18 11:15:55,552] {processor.py:161} INFO - Processing /home/ubuntu/airflow/airflow_env/lib/python3.8/site-packages/airflow/example_dags/example_branch_python_dop_operator_3.py took 0.080 seconds
[2022-10-18 11:16:31,833] {processor.py:153} INFO - Started process (PID=268657) to work on /home/ubuntu/airflow/airflow_env/lib/python3.8/site-packages/airflow/example_dags/example_branch_python_dop_operator_3.py
[2022-10-18 11:16:31,834] {processor.py:641} INFO - Processing file /home/ubuntu/airflow/airflow_env/lib/python3.8/site-packages/airflow/example_dags/example_branch_python_dop_operator_3.py for tasks to queue
[2022-10-18 11:16:31,834] {logging_mixin.py:115} INFO - [2022-10-18 11:16:31,834] {dagbag.py:507} INFO - Filling up the DagBag from /home/ubuntu/airflow/airflow_env/lib/python3.8/site-packages/airflow/example_dags/example_branch_python_dop_operator_3.py
[2022-10-18 11:16:31,846] {processor.py:651} INFO - DAG(s) dict_keys(['example_branch_dop_operator_v3']) retrieved from /home/ubuntu/airflow/airflow_env/lib/python3.8/site-packages/airflow/example_dags/example_branch_python_dop_operator_3.py
[2022-10-18 11:16:31,862] {logging_mixin.py:115} INFO - [2022-10-18 11:16:31,862] {dag.py:2379} INFO - Sync 1 DAGs
[2022-10-18 11:16:31,880] {logging_mixin.py:115} INFO - [2022-10-18 11:16:31,880] {dag.py:2927} INFO - Setting next_dagrun for example_branch_dop_operator_v3 to 2022-10-18T18:15:00+00:00, run_after=2022-10-18T18:16:00+00:00
[2022-10-18 11:16:31,892] {processor.py:161} INFO - Processing /home/ubuntu/airflow/airflow_env/lib/python3.8/site-packages/airflow/example_dags/example_branch_python_dop_operator_3.py took 0.063 seconds
[2022-10-18 11:17:06,419] {processor.py:153} INFO - Started process (PID=268698) to work on /home/ubuntu/airflow/airflow_env/lib/python3.8/site-packages/airflow/example_dags/example_branch_python_dop_operator_3.py
[2022-10-18 11:17:06,420] {processor.py:641} INFO - Processing file /home/ubuntu/airflow/airflow_env/lib/python3.8/site-packages/airflow/example_dags/example_branch_python_dop_operator_3.py for tasks to queue
[2022-10-18 11:17:06,421] {logging_mixin.py:115} INFO - [2022-10-18 11:17:06,421] {dagbag.py:507} INFO - Filling up the DagBag from /home/ubuntu/airflow/airflow_env/lib/python3.8/site-packages/airflow/example_dags/example_branch_python_dop_operator_3.py
[2022-10-18 11:17:06,432] {processor.py:651} INFO - DAG(s) dict_keys(['example_branch_dop_operator_v3']) retrieved from /home/ubuntu/airflow/airflow_env/lib/python3.8/site-packages/airflow/example_dags/example_branch_python_dop_operator_3.py
[2022-10-18 11:17:06,451] {logging_mixin.py:115} INFO - [2022-10-18 11:17:06,451] {dag.py:2379} INFO - Sync 1 DAGs
[2022-10-18 11:17:06,472] {logging_mixin.py:115} INFO - [2022-10-18 11:17:06,472] {dag.py:2927} INFO - Setting next_dagrun for example_branch_dop_operator_v3 to 2022-10-18T18:16:00+00:00, run_after=2022-10-18T18:17:00+00:00
[2022-10-18 11:17:06,484] {processor.py:161} INFO - Processing /home/ubuntu/airflow/airflow_env/lib/python3.8/site-packages/airflow/example_dags/example_branch_python_dop_operator_3.py took 0.069 seconds
[2022-10-18 11:17:39,545] {processor.py:153} INFO - Started process (PID=268779) to work on /home/ubuntu/airflow/airflow_env/lib/python3.8/site-packages/airflow/example_dags/example_branch_python_dop_operator_3.py
[2022-10-18 11:17:39,545] {processor.py:641} INFO - Processing file /home/ubuntu/airflow/airflow_env/lib/python3.8/site-packages/airflow/example_dags/example_branch_python_dop_operator_3.py for tasks to queue
[2022-10-18 11:17:39,546] {logging_mixin.py:115} INFO - [2022-10-18 11:17:39,546] {dagbag.py:507} INFO - Filling up the DagBag from /home/ubuntu/airflow/airflow_env/lib/python3.8/site-packages/airflow/example_dags/example_branch_python_dop_operator_3.py
[2022-10-18 11:17:39,558] {processor.py:651} INFO - DAG(s) dict_keys(['example_branch_dop_operator_v3']) retrieved from /home/ubuntu/airflow/airflow_env/lib/python3.8/site-packages/airflow/example_dags/example_branch_python_dop_operator_3.py
[2022-10-18 11:17:39,576] {logging_mixin.py:115} INFO - [2022-10-18 11:17:39,576] {dag.py:2379} INFO - Sync 1 DAGs
[2022-10-18 11:17:39,594] {logging_mixin.py:115} INFO - [2022-10-18 11:17:39,594] {dag.py:2927} INFO - Setting next_dagrun for example_branch_dop_operator_v3 to 2022-10-18T18:16:00+00:00, run_after=2022-10-18T18:17:00+00:00
[2022-10-18 11:17:39,606] {processor.py:161} INFO - Processing /home/ubuntu/airflow/airflow_env/lib/python3.8/site-packages/airflow/example_dags/example_branch_python_dop_operator_3.py took 0.065 seconds
[2022-10-18 11:18:14,977] {processor.py:153} INFO - Started process (PID=268825) to work on /home/ubuntu/airflow/airflow_env/lib/python3.8/site-packages/airflow/example_dags/example_branch_python_dop_operator_3.py
[2022-10-18 11:18:14,978] {processor.py:641} INFO - Processing file /home/ubuntu/airflow/airflow_env/lib/python3.8/site-packages/airflow/example_dags/example_branch_python_dop_operator_3.py for tasks to queue
[2022-10-18 11:18:14,979] {logging_mixin.py:115} INFO - [2022-10-18 11:18:14,978] {dagbag.py:507} INFO - Filling up the DagBag from /home/ubuntu/airflow/airflow_env/lib/python3.8/site-packages/airflow/example_dags/example_branch_python_dop_operator_3.py
[2022-10-18 11:18:14,989] {processor.py:651} INFO - DAG(s) dict_keys(['example_branch_dop_operator_v3']) retrieved from /home/ubuntu/airflow/airflow_env/lib/python3.8/site-packages/airflow/example_dags/example_branch_python_dop_operator_3.py
[2022-10-18 11:18:15,010] {logging_mixin.py:115} INFO - [2022-10-18 11:18:15,010] {dag.py:2379} INFO - Sync 1 DAGs
[2022-10-18 11:18:15,033] {logging_mixin.py:115} INFO - [2022-10-18 11:18:15,033] {dag.py:2927} INFO - Setting next_dagrun for example_branch_dop_operator_v3 to 2022-10-18T18:17:00+00:00, run_after=2022-10-18T18:18:00+00:00
[2022-10-18 11:18:15,053] {processor.py:161} INFO - Processing /home/ubuntu/airflow/airflow_env/lib/python3.8/site-packages/airflow/example_dags/example_branch_python_dop_operator_3.py took 0.080 seconds
[2022-10-18 11:18:52,521] {processor.py:153} INFO - Started process (PID=268998) to work on /home/ubuntu/airflow/airflow_env/lib/python3.8/site-packages/airflow/example_dags/example_branch_python_dop_operator_3.py
[2022-10-18 11:18:52,524] {processor.py:641} INFO - Processing file /home/ubuntu/airflow/airflow_env/lib/python3.8/site-packages/airflow/example_dags/example_branch_python_dop_operator_3.py for tasks to queue
[2022-10-18 11:18:52,525] {logging_mixin.py:115} INFO - [2022-10-18 11:18:52,524] {dagbag.py:507} INFO - Filling up the DagBag from /home/ubuntu/airflow/airflow_env/lib/python3.8/site-packages/airflow/example_dags/example_branch_python_dop_operator_3.py
[2022-10-18 11:18:52,537] {processor.py:651} INFO - DAG(s) dict_keys(['example_branch_dop_operator_v3']) retrieved from /home/ubuntu/airflow/airflow_env/lib/python3.8/site-packages/airflow/example_dags/example_branch_python_dop_operator_3.py
[2022-10-18 11:18:52,560] {logging_mixin.py:115} INFO - [2022-10-18 11:18:52,560] {dag.py:2379} INFO - Sync 1 DAGs
[2022-10-18 11:18:52,580] {logging_mixin.py:115} INFO - [2022-10-18 11:18:52,580] {dag.py:2927} INFO - Setting next_dagrun for example_branch_dop_operator_v3 to 2022-10-18T18:17:00+00:00, run_after=2022-10-18T18:18:00+00:00
[2022-10-18 11:18:52,595] {processor.py:161} INFO - Processing /home/ubuntu/airflow/airflow_env/lib/python3.8/site-packages/airflow/example_dags/example_branch_python_dop_operator_3.py took 0.080 seconds
[2022-10-18 11:21:57,644] {processor.py:153} INFO - Started process (PID=270483) to work on /home/ubuntu/airflow/airflow_env/lib/python3.8/site-packages/airflow/example_dags/example_branch_python_dop_operator_3.py
[2022-10-18 11:21:57,645] {processor.py:641} INFO - Processing file /home/ubuntu/airflow/airflow_env/lib/python3.8/site-packages/airflow/example_dags/example_branch_python_dop_operator_3.py for tasks to queue
[2022-10-18 11:21:57,646] {logging_mixin.py:115} INFO - [2022-10-18 11:21:57,646] {dagbag.py:507} INFO - Filling up the DagBag from /home/ubuntu/airflow/airflow_env/lib/python3.8/site-packages/airflow/example_dags/example_branch_python_dop_operator_3.py
[2022-10-18 11:21:57,659] {processor.py:651} INFO - DAG(s) dict_keys(['example_branch_dop_operator_v3']) retrieved from /home/ubuntu/airflow/airflow_env/lib/python3.8/site-packages/airflow/example_dags/example_branch_python_dop_operator_3.py
[2022-10-18 11:21:57,680] {logging_mixin.py:115} INFO - [2022-10-18 11:21:57,680] {dag.py:2379} INFO - Sync 1 DAGs
[2022-10-18 11:21:57,701] {logging_mixin.py:115} INFO - [2022-10-18 11:21:57,701] {dag.py:2927} INFO - Setting next_dagrun for example_branch_dop_operator_v3 to 2022-10-18T18:20:00+00:00, run_after=2022-10-18T18:21:00+00:00
[2022-10-18 11:21:57,714] {processor.py:161} INFO - Processing /home/ubuntu/airflow/airflow_env/lib/python3.8/site-packages/airflow/example_dags/example_branch_python_dop_operator_3.py took 0.073 seconds
[2022-10-18 11:22:33,251] {processor.py:153} INFO - Started process (PID=270595) to work on /home/ubuntu/airflow/airflow_env/lib/python3.8/site-packages/airflow/example_dags/example_branch_python_dop_operator_3.py
[2022-10-18 11:22:33,252] {processor.py:641} INFO - Processing file /home/ubuntu/airflow/airflow_env/lib/python3.8/site-packages/airflow/example_dags/example_branch_python_dop_operator_3.py for tasks to queue
[2022-10-18 11:22:33,252] {logging_mixin.py:115} INFO - [2022-10-18 11:22:33,252] {dagbag.py:507} INFO - Filling up the DagBag from /home/ubuntu/airflow/airflow_env/lib/python3.8/site-packages/airflow/example_dags/example_branch_python_dop_operator_3.py
[2022-10-18 11:22:33,263] {processor.py:651} INFO - DAG(s) dict_keys(['example_branch_dop_operator_v3']) retrieved from /home/ubuntu/airflow/airflow_env/lib/python3.8/site-packages/airflow/example_dags/example_branch_python_dop_operator_3.py
[2022-10-18 11:22:33,283] {logging_mixin.py:115} INFO - [2022-10-18 11:22:33,283] {dag.py:2379} INFO - Sync 1 DAGs
[2022-10-18 11:22:33,300] {logging_mixin.py:115} INFO - [2022-10-18 11:22:33,300] {dag.py:2927} INFO - Setting next_dagrun for example_branch_dop_operator_v3 to 2022-10-18T18:21:00+00:00, run_after=2022-10-18T18:22:00+00:00
[2022-10-18 11:22:33,312] {processor.py:161} INFO - Processing /home/ubuntu/airflow/airflow_env/lib/python3.8/site-packages/airflow/example_dags/example_branch_python_dop_operator_3.py took 0.065 seconds
[2022-10-18 11:23:08,505] {processor.py:153} INFO - Started process (PID=270706) to work on /home/ubuntu/airflow/airflow_env/lib/python3.8/site-packages/airflow/example_dags/example_branch_python_dop_operator_3.py
[2022-10-18 11:23:08,507] {processor.py:641} INFO - Processing file /home/ubuntu/airflow/airflow_env/lib/python3.8/site-packages/airflow/example_dags/example_branch_python_dop_operator_3.py for tasks to queue
[2022-10-18 11:23:08,509] {logging_mixin.py:115} INFO - [2022-10-18 11:23:08,508] {dagbag.py:507} INFO - Filling up the DagBag from /home/ubuntu/airflow/airflow_env/lib/python3.8/site-packages/airflow/example_dags/example_branch_python_dop_operator_3.py
[2022-10-18 11:23:08,522] {processor.py:651} INFO - DAG(s) dict_keys(['example_branch_dop_operator_v3']) retrieved from /home/ubuntu/airflow/airflow_env/lib/python3.8/site-packages/airflow/example_dags/example_branch_python_dop_operator_3.py
[2022-10-18 11:23:08,547] {logging_mixin.py:115} INFO - [2022-10-18 11:23:08,547] {dag.py:2379} INFO - Sync 1 DAGs
[2022-10-18 11:23:08,575] {logging_mixin.py:115} INFO - [2022-10-18 11:23:08,575] {dag.py:2927} INFO - Setting next_dagrun for example_branch_dop_operator_v3 to 2022-10-18T18:22:00+00:00, run_after=2022-10-18T18:23:00+00:00
[2022-10-18 11:23:08,598] {processor.py:161} INFO - Processing /home/ubuntu/airflow/airflow_env/lib/python3.8/site-packages/airflow/example_dags/example_branch_python_dop_operator_3.py took 0.098 seconds
[2022-10-18 11:23:43,018] {processor.py:153} INFO - Started process (PID=270746) to work on /home/ubuntu/airflow/airflow_env/lib/python3.8/site-packages/airflow/example_dags/example_branch_python_dop_operator_3.py
[2022-10-18 11:23:43,019] {processor.py:641} INFO - Processing file /home/ubuntu/airflow/airflow_env/lib/python3.8/site-packages/airflow/example_dags/example_branch_python_dop_operator_3.py for tasks to queue
[2022-10-18 11:23:43,019] {logging_mixin.py:115} INFO - [2022-10-18 11:23:43,019] {dagbag.py:507} INFO - Filling up the DagBag from /home/ubuntu/airflow/airflow_env/lib/python3.8/site-packages/airflow/example_dags/example_branch_python_dop_operator_3.py
[2022-10-18 11:23:43,030] {processor.py:651} INFO - DAG(s) dict_keys(['example_branch_dop_operator_v3']) retrieved from /home/ubuntu/airflow/airflow_env/lib/python3.8/site-packages/airflow/example_dags/example_branch_python_dop_operator_3.py
[2022-10-18 11:23:43,050] {logging_mixin.py:115} INFO - [2022-10-18 11:23:43,050] {dag.py:2379} INFO - Sync 1 DAGs
[2022-10-18 11:23:43,070] {logging_mixin.py:115} INFO - [2022-10-18 11:23:43,069] {dag.py:2927} INFO - Setting next_dagrun for example_branch_dop_operator_v3 to 2022-10-18T18:22:00+00:00, run_after=2022-10-18T18:23:00+00:00
[2022-10-18 11:23:43,083] {processor.py:161} INFO - Processing /home/ubuntu/airflow/airflow_env/lib/python3.8/site-packages/airflow/example_dags/example_branch_python_dop_operator_3.py took 0.069 seconds
[2022-10-18 11:24:19,554] {processor.py:153} INFO - Started process (PID=270785) to work on /home/ubuntu/airflow/airflow_env/lib/python3.8/site-packages/airflow/example_dags/example_branch_python_dop_operator_3.py
[2022-10-18 11:24:19,555] {processor.py:641} INFO - Processing file /home/ubuntu/airflow/airflow_env/lib/python3.8/site-packages/airflow/example_dags/example_branch_python_dop_operator_3.py for tasks to queue
[2022-10-18 11:24:19,555] {logging_mixin.py:115} INFO - [2022-10-18 11:24:19,555] {dagbag.py:507} INFO - Filling up the DagBag from /home/ubuntu/airflow/airflow_env/lib/python3.8/site-packages/airflow/example_dags/example_branch_python_dop_operator_3.py
[2022-10-18 11:24:19,565] {processor.py:651} INFO - DAG(s) dict_keys(['example_branch_dop_operator_v3']) retrieved from /home/ubuntu/airflow/airflow_env/lib/python3.8/site-packages/airflow/example_dags/example_branch_python_dop_operator_3.py
[2022-10-18 11:24:19,583] {logging_mixin.py:115} INFO - [2022-10-18 11:24:19,583] {dag.py:2379} INFO - Sync 1 DAGs
[2022-10-18 11:24:19,601] {logging_mixin.py:115} INFO - [2022-10-18 11:24:19,601] {dag.py:2927} INFO - Setting next_dagrun for example_branch_dop_operator_v3 to 2022-10-18T18:23:00+00:00, run_after=2022-10-18T18:24:00+00:00
[2022-10-18 11:24:19,613] {processor.py:161} INFO - Processing /home/ubuntu/airflow/airflow_env/lib/python3.8/site-packages/airflow/example_dags/example_branch_python_dop_operator_3.py took 0.063 seconds
[2022-10-18 11:24:56,080] {processor.py:153} INFO - Started process (PID=270823) to work on /home/ubuntu/airflow/airflow_env/lib/python3.8/site-packages/airflow/example_dags/example_branch_python_dop_operator_3.py
[2022-10-18 11:24:56,081] {processor.py:641} INFO - Processing file /home/ubuntu/airflow/airflow_env/lib/python3.8/site-packages/airflow/example_dags/example_branch_python_dop_operator_3.py for tasks to queue
[2022-10-18 11:24:56,083] {logging_mixin.py:115} INFO - [2022-10-18 11:24:56,082] {dagbag.py:507} INFO - Filling up the DagBag from /home/ubuntu/airflow/airflow_env/lib/python3.8/site-packages/airflow/example_dags/example_branch_python_dop_operator_3.py
[2022-10-18 11:24:56,105] {processor.py:651} INFO - DAG(s) dict_keys(['example_branch_dop_operator_v3']) retrieved from /home/ubuntu/airflow/airflow_env/lib/python3.8/site-packages/airflow/example_dags/example_branch_python_dop_operator_3.py
[2022-10-18 11:24:56,146] {logging_mixin.py:115} INFO - [2022-10-18 11:24:56,146] {dag.py:2379} INFO - Sync 1 DAGs
[2022-10-18 11:24:56,185] {logging_mixin.py:115} INFO - [2022-10-18 11:24:56,185] {dag.py:2927} INFO - Setting next_dagrun for example_branch_dop_operator_v3 to 2022-10-18T18:23:00+00:00, run_after=2022-10-18T18:24:00+00:00
[2022-10-18 11:24:56,208] {processor.py:161} INFO - Processing /home/ubuntu/airflow/airflow_env/lib/python3.8/site-packages/airflow/example_dags/example_branch_python_dop_operator_3.py took 0.136 seconds
[2022-10-18 11:25:33,950] {processor.py:153} INFO - Started process (PID=270864) to work on /home/ubuntu/airflow/airflow_env/lib/python3.8/site-packages/airflow/example_dags/example_branch_python_dop_operator_3.py
[2022-10-18 11:25:33,951] {processor.py:641} INFO - Processing file /home/ubuntu/airflow/airflow_env/lib/python3.8/site-packages/airflow/example_dags/example_branch_python_dop_operator_3.py for tasks to queue
[2022-10-18 11:25:33,952] {logging_mixin.py:115} INFO - [2022-10-18 11:25:33,952] {dagbag.py:507} INFO - Filling up the DagBag from /home/ubuntu/airflow/airflow_env/lib/python3.8/site-packages/airflow/example_dags/example_branch_python_dop_operator_3.py
[2022-10-18 11:25:33,964] {processor.py:651} INFO - DAG(s) dict_keys(['example_branch_dop_operator_v3']) retrieved from /home/ubuntu/airflow/airflow_env/lib/python3.8/site-packages/airflow/example_dags/example_branch_python_dop_operator_3.py
[2022-10-18 11:25:33,980] {logging_mixin.py:115} INFO - [2022-10-18 11:25:33,980] {dag.py:2379} INFO - Sync 1 DAGs
[2022-10-18 11:25:33,999] {logging_mixin.py:115} INFO - [2022-10-18 11:25:33,999] {dag.py:2927} INFO - Setting next_dagrun for example_branch_dop_operator_v3 to 2022-10-18T18:24:00+00:00, run_after=2022-10-18T18:25:00+00:00
[2022-10-18 11:25:34,010] {processor.py:161} INFO - Processing /home/ubuntu/airflow/airflow_env/lib/python3.8/site-packages/airflow/example_dags/example_branch_python_dop_operator_3.py took 0.063 seconds
[2022-10-18 11:26:08,197] {processor.py:153} INFO - Started process (PID=270906) to work on /home/ubuntu/airflow/airflow_env/lib/python3.8/site-packages/airflow/example_dags/example_branch_python_dop_operator_3.py
[2022-10-18 11:26:08,198] {processor.py:641} INFO - Processing file /home/ubuntu/airflow/airflow_env/lib/python3.8/site-packages/airflow/example_dags/example_branch_python_dop_operator_3.py for tasks to queue
[2022-10-18 11:26:08,199] {logging_mixin.py:115} INFO - [2022-10-18 11:26:08,199] {dagbag.py:507} INFO - Filling up the DagBag from /home/ubuntu/airflow/airflow_env/lib/python3.8/site-packages/airflow/example_dags/example_branch_python_dop_operator_3.py
[2022-10-18 11:26:08,211] {processor.py:651} INFO - DAG(s) dict_keys(['example_branch_dop_operator_v3']) retrieved from /home/ubuntu/airflow/airflow_env/lib/python3.8/site-packages/airflow/example_dags/example_branch_python_dop_operator_3.py
[2022-10-18 11:26:08,227] {logging_mixin.py:115} INFO - [2022-10-18 11:26:08,227] {dag.py:2379} INFO - Sync 1 DAGs
[2022-10-18 11:26:08,244] {logging_mixin.py:115} INFO - [2022-10-18 11:26:08,244] {dag.py:2927} INFO - Setting next_dagrun for example_branch_dop_operator_v3 to 2022-10-18T18:25:00+00:00, run_after=2022-10-18T18:26:00+00:00
[2022-10-18 11:26:08,259] {processor.py:161} INFO - Processing /home/ubuntu/airflow/airflow_env/lib/python3.8/site-packages/airflow/example_dags/example_branch_python_dop_operator_3.py took 0.065 seconds
[2022-10-18 11:26:45,945] {processor.py:153} INFO - Started process (PID=270951) to work on /home/ubuntu/airflow/airflow_env/lib/python3.8/site-packages/airflow/example_dags/example_branch_python_dop_operator_3.py
[2022-10-18 11:26:45,946] {processor.py:641} INFO - Processing file /home/ubuntu/airflow/airflow_env/lib/python3.8/site-packages/airflow/example_dags/example_branch_python_dop_operator_3.py for tasks to queue
[2022-10-18 11:26:45,947] {logging_mixin.py:115} INFO - [2022-10-18 11:26:45,947] {dagbag.py:507} INFO - Filling up the DagBag from /home/ubuntu/airflow/airflow_env/lib/python3.8/site-packages/airflow/example_dags/example_branch_python_dop_operator_3.py
[2022-10-18 11:26:45,959] {processor.py:651} INFO - DAG(s) dict_keys(['example_branch_dop_operator_v3']) retrieved from /home/ubuntu/airflow/airflow_env/lib/python3.8/site-packages/airflow/example_dags/example_branch_python_dop_operator_3.py
[2022-10-18 11:26:45,974] {logging_mixin.py:115} INFO - [2022-10-18 11:26:45,974] {dag.py:2379} INFO - Sync 1 DAGs
[2022-10-18 11:26:45,992] {logging_mixin.py:115} INFO - [2022-10-18 11:26:45,992] {dag.py:2927} INFO - Setting next_dagrun for example_branch_dop_operator_v3 to 2022-10-18T18:25:00+00:00, run_after=2022-10-18T18:26:00+00:00
[2022-10-18 11:26:46,004] {processor.py:161} INFO - Processing /home/ubuntu/airflow/airflow_env/lib/python3.8/site-packages/airflow/example_dags/example_branch_python_dop_operator_3.py took 0.063 seconds
[2022-10-18 11:27:21,800] {processor.py:153} INFO - Started process (PID=270992) to work on /home/ubuntu/airflow/airflow_env/lib/python3.8/site-packages/airflow/example_dags/example_branch_python_dop_operator_3.py
[2022-10-18 11:27:21,801] {processor.py:641} INFO - Processing file /home/ubuntu/airflow/airflow_env/lib/python3.8/site-packages/airflow/example_dags/example_branch_python_dop_operator_3.py for tasks to queue
[2022-10-18 11:27:21,802] {logging_mixin.py:115} INFO - [2022-10-18 11:27:21,802] {dagbag.py:507} INFO - Filling up the DagBag from /home/ubuntu/airflow/airflow_env/lib/python3.8/site-packages/airflow/example_dags/example_branch_python_dop_operator_3.py
[2022-10-18 11:27:21,815] {processor.py:651} INFO - DAG(s) dict_keys(['example_branch_dop_operator_v3']) retrieved from /home/ubuntu/airflow/airflow_env/lib/python3.8/site-packages/airflow/example_dags/example_branch_python_dop_operator_3.py
[2022-10-18 11:27:21,830] {logging_mixin.py:115} INFO - [2022-10-18 11:27:21,830] {dag.py:2379} INFO - Sync 1 DAGs
[2022-10-18 11:27:21,848] {logging_mixin.py:115} INFO - [2022-10-18 11:27:21,848] {dag.py:2927} INFO - Setting next_dagrun for example_branch_dop_operator_v3 to 2022-10-18T18:26:00+00:00, run_after=2022-10-18T18:27:00+00:00
[2022-10-18 11:27:21,862] {processor.py:161} INFO - Processing /home/ubuntu/airflow/airflow_env/lib/python3.8/site-packages/airflow/example_dags/example_branch_python_dop_operator_3.py took 0.067 seconds
[2022-10-18 11:27:58,233] {processor.py:153} INFO - Started process (PID=271061) to work on /home/ubuntu/airflow/airflow_env/lib/python3.8/site-packages/airflow/example_dags/example_branch_python_dop_operator_3.py
[2022-10-18 11:27:58,234] {processor.py:641} INFO - Processing file /home/ubuntu/airflow/airflow_env/lib/python3.8/site-packages/airflow/example_dags/example_branch_python_dop_operator_3.py for tasks to queue
[2022-10-18 11:27:58,235] {logging_mixin.py:115} INFO - [2022-10-18 11:27:58,235] {dagbag.py:507} INFO - Filling up the DagBag from /home/ubuntu/airflow/airflow_env/lib/python3.8/site-packages/airflow/example_dags/example_branch_python_dop_operator_3.py
[2022-10-18 11:27:58,251] {processor.py:651} INFO - DAG(s) dict_keys(['example_branch_dop_operator_v3']) retrieved from /home/ubuntu/airflow/airflow_env/lib/python3.8/site-packages/airflow/example_dags/example_branch_python_dop_operator_3.py
[2022-10-18 11:27:58,270] {logging_mixin.py:115} INFO - [2022-10-18 11:27:58,270] {dag.py:2379} INFO - Sync 1 DAGs
[2022-10-18 11:27:58,302] {logging_mixin.py:115} INFO - [2022-10-18 11:27:58,302] {dag.py:2927} INFO - Setting next_dagrun for example_branch_dop_operator_v3 to 2022-10-18T18:26:00+00:00, run_after=2022-10-18T18:27:00+00:00
[2022-10-18 11:27:58,322] {processor.py:161} INFO - Processing /home/ubuntu/airflow/airflow_env/lib/python3.8/site-packages/airflow/example_dags/example_branch_python_dop_operator_3.py took 0.094 seconds
[2022-10-18 11:28:34,242] {processor.py:153} INFO - Started process (PID=271098) to work on /home/ubuntu/airflow/airflow_env/lib/python3.8/site-packages/airflow/example_dags/example_branch_python_dop_operator_3.py
[2022-10-18 11:28:34,243] {processor.py:641} INFO - Processing file /home/ubuntu/airflow/airflow_env/lib/python3.8/site-packages/airflow/example_dags/example_branch_python_dop_operator_3.py for tasks to queue
[2022-10-18 11:28:34,243] {logging_mixin.py:115} INFO - [2022-10-18 11:28:34,243] {dagbag.py:507} INFO - Filling up the DagBag from /home/ubuntu/airflow/airflow_env/lib/python3.8/site-packages/airflow/example_dags/example_branch_python_dop_operator_3.py
[2022-10-18 11:28:34,256] {processor.py:651} INFO - DAG(s) dict_keys(['example_branch_dop_operator_v3']) retrieved from /home/ubuntu/airflow/airflow_env/lib/python3.8/site-packages/airflow/example_dags/example_branch_python_dop_operator_3.py
[2022-10-18 11:28:34,274] {logging_mixin.py:115} INFO - [2022-10-18 11:28:34,274] {dag.py:2379} INFO - Sync 1 DAGs
[2022-10-18 11:28:34,293] {logging_mixin.py:115} INFO - [2022-10-18 11:28:34,293] {dag.py:2927} INFO - Setting next_dagrun for example_branch_dop_operator_v3 to 2022-10-18T18:27:00+00:00, run_after=2022-10-18T18:28:00+00:00
[2022-10-18 11:28:34,304] {processor.py:161} INFO - Processing /home/ubuntu/airflow/airflow_env/lib/python3.8/site-packages/airflow/example_dags/example_branch_python_dop_operator_3.py took 0.066 seconds
[2022-10-18 11:29:13,529] {processor.py:153} INFO - Started process (PID=271201) to work on /home/ubuntu/airflow/airflow_env/lib/python3.8/site-packages/airflow/example_dags/example_branch_python_dop_operator_3.py
[2022-10-18 11:29:13,530] {processor.py:641} INFO - Processing file /home/ubuntu/airflow/airflow_env/lib/python3.8/site-packages/airflow/example_dags/example_branch_python_dop_operator_3.py for tasks to queue
[2022-10-18 11:29:13,530] {logging_mixin.py:115} INFO - [2022-10-18 11:29:13,530] {dagbag.py:507} INFO - Filling up the DagBag from /home/ubuntu/airflow/airflow_env/lib/python3.8/site-packages/airflow/example_dags/example_branch_python_dop_operator_3.py
[2022-10-18 11:29:13,548] {processor.py:651} INFO - DAG(s) dict_keys(['example_branch_dop_operator_v3']) retrieved from /home/ubuntu/airflow/airflow_env/lib/python3.8/site-packages/airflow/example_dags/example_branch_python_dop_operator_3.py
[2022-10-18 11:29:13,567] {logging_mixin.py:115} INFO - [2022-10-18 11:29:13,566] {dag.py:2379} INFO - Sync 1 DAGs
[2022-10-18 11:29:13,590] {logging_mixin.py:115} INFO - [2022-10-18 11:29:13,590] {dag.py:2927} INFO - Setting next_dagrun for example_branch_dop_operator_v3 to 2022-10-18T18:28:00+00:00, run_after=2022-10-18T18:29:00+00:00
[2022-10-18 11:29:13,606] {processor.py:161} INFO - Processing /home/ubuntu/airflow/airflow_env/lib/python3.8/site-packages/airflow/example_dags/example_branch_python_dop_operator_3.py took 0.081 seconds
[2022-10-18 11:29:48,345] {processor.py:153} INFO - Started process (PID=271245) to work on /home/ubuntu/airflow/airflow_env/lib/python3.8/site-packages/airflow/example_dags/example_branch_python_dop_operator_3.py
[2022-10-18 11:29:48,346] {processor.py:641} INFO - Processing file /home/ubuntu/airflow/airflow_env/lib/python3.8/site-packages/airflow/example_dags/example_branch_python_dop_operator_3.py for tasks to queue
[2022-10-18 11:29:48,346] {logging_mixin.py:115} INFO - [2022-10-18 11:29:48,346] {dagbag.py:507} INFO - Filling up the DagBag from /home/ubuntu/airflow/airflow_env/lib/python3.8/site-packages/airflow/example_dags/example_branch_python_dop_operator_3.py
[2022-10-18 11:29:48,362] {processor.py:651} INFO - DAG(s) dict_keys(['example_branch_dop_operator_v3']) retrieved from /home/ubuntu/airflow/airflow_env/lib/python3.8/site-packages/airflow/example_dags/example_branch_python_dop_operator_3.py
[2022-10-18 11:29:48,379] {logging_mixin.py:115} INFO - [2022-10-18 11:29:48,379] {dag.py:2379} INFO - Sync 1 DAGs
[2022-10-18 11:29:48,397] {logging_mixin.py:115} INFO - [2022-10-18 11:29:48,396] {dag.py:2927} INFO - Setting next_dagrun for example_branch_dop_operator_v3 to 2022-10-18T18:28:00+00:00, run_after=2022-10-18T18:29:00+00:00
[2022-10-18 11:29:48,408] {processor.py:161} INFO - Processing /home/ubuntu/airflow/airflow_env/lib/python3.8/site-packages/airflow/example_dags/example_branch_python_dop_operator_3.py took 0.068 seconds
[2022-10-18 11:30:24,934] {processor.py:153} INFO - Started process (PID=271310) to work on /home/ubuntu/airflow/airflow_env/lib/python3.8/site-packages/airflow/example_dags/example_branch_python_dop_operator_3.py
[2022-10-18 11:30:24,936] {processor.py:641} INFO - Processing file /home/ubuntu/airflow/airflow_env/lib/python3.8/site-packages/airflow/example_dags/example_branch_python_dop_operator_3.py for tasks to queue
[2022-10-18 11:30:24,938] {logging_mixin.py:115} INFO - [2022-10-18 11:30:24,938] {dagbag.py:507} INFO - Filling up the DagBag from /home/ubuntu/airflow/airflow_env/lib/python3.8/site-packages/airflow/example_dags/example_branch_python_dop_operator_3.py
[2022-10-18 11:30:24,959] {processor.py:651} INFO - DAG(s) dict_keys(['example_branch_dop_operator_v3']) retrieved from /home/ubuntu/airflow/airflow_env/lib/python3.8/site-packages/airflow/example_dags/example_branch_python_dop_operator_3.py
[2022-10-18 11:30:24,989] {logging_mixin.py:115} INFO - [2022-10-18 11:30:24,989] {dag.py:2379} INFO - Sync 1 DAGs
[2022-10-18 11:30:25,023] {logging_mixin.py:115} INFO - [2022-10-18 11:30:25,023] {dag.py:2927} INFO - Setting next_dagrun for example_branch_dop_operator_v3 to 2022-10-18T18:29:00+00:00, run_after=2022-10-18T18:30:00+00:00
[2022-10-18 11:30:25,038] {processor.py:161} INFO - Processing /home/ubuntu/airflow/airflow_env/lib/python3.8/site-packages/airflow/example_dags/example_branch_python_dop_operator_3.py took 0.111 seconds
