[2022-10-18 00:12:54,296] {processor.py:153} INFO - Started process (PID=265873) to work on /home/ubuntu/airflow/airflow_env/lib/python3.8/site-packages/airflow/example_dags/example_task_group_decorator.py
[2022-10-18 00:12:54,297] {processor.py:641} INFO - Processing file /home/ubuntu/airflow/airflow_env/lib/python3.8/site-packages/airflow/example_dags/example_task_group_decorator.py for tasks to queue
[2022-10-18 00:12:54,298] {logging_mixin.py:115} INFO - [2022-10-18 00:12:54,298] {dagbag.py:507} INFO - Filling up the DagBag from /home/ubuntu/airflow/airflow_env/lib/python3.8/site-packages/airflow/example_dags/example_task_group_decorator.py
[2022-10-18 00:12:54,328] {processor.py:651} INFO - DAG(s) dict_keys(['example_task_group_decorator']) retrieved from /home/ubuntu/airflow/airflow_env/lib/python3.8/site-packages/airflow/example_dags/example_task_group_decorator.py
[2022-10-18 00:12:54,377] {logging_mixin.py:115} INFO - [2022-10-18 00:12:54,377] {dag.py:2379} INFO - Sync 1 DAGs
[2022-10-18 00:12:54,390] {logging_mixin.py:115} INFO - [2022-10-18 00:12:54,390] {dag.py:2927} INFO - Setting next_dagrun for example_task_group_decorator to 2022-10-17T07:12:54.389970+00:00, run_after=2022-10-18T07:12:54.389970+00:00
[2022-10-18 00:12:54,405] {processor.py:161} INFO - Processing /home/ubuntu/airflow/airflow_env/lib/python3.8/site-packages/airflow/example_dags/example_task_group_decorator.py took 0.113 seconds
[2022-10-18 00:13:31,904] {processor.py:153} INFO - Started process (PID=265950) to work on /home/ubuntu/airflow/airflow_env/lib/python3.8/site-packages/airflow/example_dags/example_task_group_decorator.py
[2022-10-18 00:13:31,906] {processor.py:641} INFO - Processing file /home/ubuntu/airflow/airflow_env/lib/python3.8/site-packages/airflow/example_dags/example_task_group_decorator.py for tasks to queue
[2022-10-18 00:13:31,907] {logging_mixin.py:115} INFO - [2022-10-18 00:13:31,907] {dagbag.py:507} INFO - Filling up the DagBag from /home/ubuntu/airflow/airflow_env/lib/python3.8/site-packages/airflow/example_dags/example_task_group_decorator.py
[2022-10-18 00:13:31,940] {processor.py:651} INFO - DAG(s) dict_keys(['example_task_group_decorator']) retrieved from /home/ubuntu/airflow/airflow_env/lib/python3.8/site-packages/airflow/example_dags/example_task_group_decorator.py
[2022-10-18 00:13:31,997] {logging_mixin.py:115} INFO - [2022-10-18 00:13:31,997] {dag.py:2379} INFO - Sync 1 DAGs
[2022-10-18 00:13:32,012] {logging_mixin.py:115} INFO - [2022-10-18 00:13:32,012] {dag.py:2927} INFO - Setting next_dagrun for example_task_group_decorator to 2022-10-17T07:13:32.011691+00:00, run_after=2022-10-18T07:13:32.011691+00:00
[2022-10-18 00:13:32,030] {processor.py:161} INFO - Processing /home/ubuntu/airflow/airflow_env/lib/python3.8/site-packages/airflow/example_dags/example_task_group_decorator.py took 0.130 seconds
[2022-10-18 00:14:06,869] {processor.py:153} INFO - Started process (PID=266008) to work on /home/ubuntu/airflow/airflow_env/lib/python3.8/site-packages/airflow/example_dags/example_task_group_decorator.py
[2022-10-18 00:14:06,870] {processor.py:641} INFO - Processing file /home/ubuntu/airflow/airflow_env/lib/python3.8/site-packages/airflow/example_dags/example_task_group_decorator.py for tasks to queue
[2022-10-18 00:14:06,870] {logging_mixin.py:115} INFO - [2022-10-18 00:14:06,870] {dagbag.py:507} INFO - Filling up the DagBag from /home/ubuntu/airflow/airflow_env/lib/python3.8/site-packages/airflow/example_dags/example_task_group_decorator.py
[2022-10-18 00:14:06,908] {processor.py:651} INFO - DAG(s) dict_keys(['example_task_group_decorator']) retrieved from /home/ubuntu/airflow/airflow_env/lib/python3.8/site-packages/airflow/example_dags/example_task_group_decorator.py
[2022-10-18 00:14:06,936] {logging_mixin.py:115} INFO - [2022-10-18 00:14:06,936] {dag.py:2379} INFO - Sync 1 DAGs
[2022-10-18 00:14:06,956] {logging_mixin.py:115} INFO - [2022-10-18 00:14:06,955] {dag.py:2927} INFO - Setting next_dagrun for example_task_group_decorator to 2022-10-17T07:14:06.955674+00:00, run_after=2022-10-18T07:14:06.955674+00:00
[2022-10-18 00:14:06,968] {processor.py:161} INFO - Processing /home/ubuntu/airflow/airflow_env/lib/python3.8/site-packages/airflow/example_dags/example_task_group_decorator.py took 0.103 seconds
[2022-10-18 00:14:42,937] {processor.py:153} INFO - Started process (PID=266065) to work on /home/ubuntu/airflow/airflow_env/lib/python3.8/site-packages/airflow/example_dags/example_task_group_decorator.py
[2022-10-18 00:14:42,940] {processor.py:641} INFO - Processing file /home/ubuntu/airflow/airflow_env/lib/python3.8/site-packages/airflow/example_dags/example_task_group_decorator.py for tasks to queue
[2022-10-18 00:14:42,941] {logging_mixin.py:115} INFO - [2022-10-18 00:14:42,941] {dagbag.py:507} INFO - Filling up the DagBag from /home/ubuntu/airflow/airflow_env/lib/python3.8/site-packages/airflow/example_dags/example_task_group_decorator.py
[2022-10-18 00:14:42,998] {processor.py:651} INFO - DAG(s) dict_keys(['example_task_group_decorator']) retrieved from /home/ubuntu/airflow/airflow_env/lib/python3.8/site-packages/airflow/example_dags/example_task_group_decorator.py
[2022-10-18 00:14:43,080] {logging_mixin.py:115} INFO - [2022-10-18 00:14:43,080] {dag.py:2379} INFO - Sync 1 DAGs
[2022-10-18 00:14:43,098] {logging_mixin.py:115} INFO - [2022-10-18 00:14:43,098] {dag.py:2927} INFO - Setting next_dagrun for example_task_group_decorator to 2022-10-17T07:14:43.097702+00:00, run_after=2022-10-18T07:14:43.097702+00:00
[2022-10-18 00:14:43,119] {processor.py:161} INFO - Processing /home/ubuntu/airflow/airflow_env/lib/python3.8/site-packages/airflow/example_dags/example_task_group_decorator.py took 0.190 seconds
[2022-10-18 00:15:18,965] {processor.py:153} INFO - Started process (PID=266153) to work on /home/ubuntu/airflow/airflow_env/lib/python3.8/site-packages/airflow/example_dags/example_task_group_decorator.py
[2022-10-18 00:15:18,966] {processor.py:641} INFO - Processing file /home/ubuntu/airflow/airflow_env/lib/python3.8/site-packages/airflow/example_dags/example_task_group_decorator.py for tasks to queue
[2022-10-18 00:15:18,967] {logging_mixin.py:115} INFO - [2022-10-18 00:15:18,966] {dagbag.py:507} INFO - Filling up the DagBag from /home/ubuntu/airflow/airflow_env/lib/python3.8/site-packages/airflow/example_dags/example_task_group_decorator.py
[2022-10-18 00:15:19,007] {processor.py:651} INFO - DAG(s) dict_keys(['example_task_group_decorator']) retrieved from /home/ubuntu/airflow/airflow_env/lib/python3.8/site-packages/airflow/example_dags/example_task_group_decorator.py
[2022-10-18 00:15:19,074] {logging_mixin.py:115} INFO - [2022-10-18 00:15:19,073] {dag.py:2379} INFO - Sync 1 DAGs
[2022-10-18 00:15:19,088] {logging_mixin.py:115} INFO - [2022-10-18 00:15:19,088] {dag.py:2927} INFO - Setting next_dagrun for example_task_group_decorator to 2022-10-17T07:15:19.088505+00:00, run_after=2022-10-18T07:15:19.088505+00:00
[2022-10-18 00:15:19,103] {processor.py:161} INFO - Processing /home/ubuntu/airflow/airflow_env/lib/python3.8/site-packages/airflow/example_dags/example_task_group_decorator.py took 0.145 seconds
[2022-10-18 00:15:54,613] {processor.py:153} INFO - Started process (PID=266194) to work on /home/ubuntu/airflow/airflow_env/lib/python3.8/site-packages/airflow/example_dags/example_task_group_decorator.py
[2022-10-18 00:15:54,614] {processor.py:641} INFO - Processing file /home/ubuntu/airflow/airflow_env/lib/python3.8/site-packages/airflow/example_dags/example_task_group_decorator.py for tasks to queue
[2022-10-18 00:15:54,614] {logging_mixin.py:115} INFO - [2022-10-18 00:15:54,614] {dagbag.py:507} INFO - Filling up the DagBag from /home/ubuntu/airflow/airflow_env/lib/python3.8/site-packages/airflow/example_dags/example_task_group_decorator.py
[2022-10-18 00:15:54,640] {processor.py:651} INFO - DAG(s) dict_keys(['example_task_group_decorator']) retrieved from /home/ubuntu/airflow/airflow_env/lib/python3.8/site-packages/airflow/example_dags/example_task_group_decorator.py
[2022-10-18 00:15:54,659] {logging_mixin.py:115} INFO - [2022-10-18 00:15:54,659] {dag.py:2379} INFO - Sync 1 DAGs
[2022-10-18 00:15:54,673] {logging_mixin.py:115} INFO - [2022-10-18 00:15:54,673] {dag.py:2927} INFO - Setting next_dagrun for example_task_group_decorator to 2022-10-17T07:15:54.673086+00:00, run_after=2022-10-18T07:15:54.673086+00:00
[2022-10-18 00:15:54,687] {processor.py:161} INFO - Processing /home/ubuntu/airflow/airflow_env/lib/python3.8/site-packages/airflow/example_dags/example_task_group_decorator.py took 0.079 seconds
[2022-10-18 00:16:31,766] {processor.py:153} INFO - Started process (PID=266232) to work on /home/ubuntu/airflow/airflow_env/lib/python3.8/site-packages/airflow/example_dags/example_task_group_decorator.py
[2022-10-18 00:16:31,767] {processor.py:641} INFO - Processing file /home/ubuntu/airflow/airflow_env/lib/python3.8/site-packages/airflow/example_dags/example_task_group_decorator.py for tasks to queue
[2022-10-18 00:16:31,767] {logging_mixin.py:115} INFO - [2022-10-18 00:16:31,767] {dagbag.py:507} INFO - Filling up the DagBag from /home/ubuntu/airflow/airflow_env/lib/python3.8/site-packages/airflow/example_dags/example_task_group_decorator.py
[2022-10-18 00:16:31,794] {processor.py:651} INFO - DAG(s) dict_keys(['example_task_group_decorator']) retrieved from /home/ubuntu/airflow/airflow_env/lib/python3.8/site-packages/airflow/example_dags/example_task_group_decorator.py
[2022-10-18 00:16:31,812] {logging_mixin.py:115} INFO - [2022-10-18 00:16:31,812] {dag.py:2379} INFO - Sync 1 DAGs
[2022-10-18 00:16:31,829] {logging_mixin.py:115} INFO - [2022-10-18 00:16:31,829] {dag.py:2927} INFO - Setting next_dagrun for example_task_group_decorator to 2022-10-17T07:16:31.829264+00:00, run_after=2022-10-18T07:16:31.829264+00:00
[2022-10-18 00:16:31,842] {processor.py:161} INFO - Processing /home/ubuntu/airflow/airflow_env/lib/python3.8/site-packages/airflow/example_dags/example_task_group_decorator.py took 0.079 seconds
[2022-10-18 00:17:06,189] {processor.py:153} INFO - Started process (PID=266289) to work on /home/ubuntu/airflow/airflow_env/lib/python3.8/site-packages/airflow/example_dags/example_task_group_decorator.py
[2022-10-18 00:17:06,190] {processor.py:641} INFO - Processing file /home/ubuntu/airflow/airflow_env/lib/python3.8/site-packages/airflow/example_dags/example_task_group_decorator.py for tasks to queue
[2022-10-18 00:17:06,190] {logging_mixin.py:115} INFO - [2022-10-18 00:17:06,190] {dagbag.py:507} INFO - Filling up the DagBag from /home/ubuntu/airflow/airflow_env/lib/python3.8/site-packages/airflow/example_dags/example_task_group_decorator.py
[2022-10-18 00:17:06,221] {processor.py:651} INFO - DAG(s) dict_keys(['example_task_group_decorator']) retrieved from /home/ubuntu/airflow/airflow_env/lib/python3.8/site-packages/airflow/example_dags/example_task_group_decorator.py
[2022-10-18 00:17:06,282] {logging_mixin.py:115} INFO - [2022-10-18 00:17:06,282] {dag.py:2379} INFO - Sync 1 DAGs
[2022-10-18 00:17:06,298] {logging_mixin.py:115} INFO - [2022-10-18 00:17:06,298] {dag.py:2927} INFO - Setting next_dagrun for example_task_group_decorator to 2022-10-17T07:17:06.297853+00:00, run_after=2022-10-18T07:17:06.297853+00:00
[2022-10-18 00:17:06,313] {processor.py:161} INFO - Processing /home/ubuntu/airflow/airflow_env/lib/python3.8/site-packages/airflow/example_dags/example_task_group_decorator.py took 0.129 seconds
[2022-10-18 00:17:43,876] {processor.py:153} INFO - Started process (PID=266344) to work on /home/ubuntu/airflow/airflow_env/lib/python3.8/site-packages/airflow/example_dags/example_task_group_decorator.py
[2022-10-18 00:17:43,877] {processor.py:641} INFO - Processing file /home/ubuntu/airflow/airflow_env/lib/python3.8/site-packages/airflow/example_dags/example_task_group_decorator.py for tasks to queue
[2022-10-18 00:17:43,878] {logging_mixin.py:115} INFO - [2022-10-18 00:17:43,878] {dagbag.py:507} INFO - Filling up the DagBag from /home/ubuntu/airflow/airflow_env/lib/python3.8/site-packages/airflow/example_dags/example_task_group_decorator.py
[2022-10-18 00:17:43,925] {processor.py:651} INFO - DAG(s) dict_keys(['example_task_group_decorator']) retrieved from /home/ubuntu/airflow/airflow_env/lib/python3.8/site-packages/airflow/example_dags/example_task_group_decorator.py
[2022-10-18 00:17:43,948] {logging_mixin.py:115} INFO - [2022-10-18 00:17:43,948] {dag.py:2379} INFO - Sync 1 DAGs
[2022-10-18 00:17:43,969] {logging_mixin.py:115} INFO - [2022-10-18 00:17:43,969] {dag.py:2927} INFO - Setting next_dagrun for example_task_group_decorator to 2022-10-17T07:17:43.969409+00:00, run_after=2022-10-18T07:17:43.969409+00:00
[2022-10-18 00:17:43,987] {processor.py:161} INFO - Processing /home/ubuntu/airflow/airflow_env/lib/python3.8/site-packages/airflow/example_dags/example_task_group_decorator.py took 0.116 seconds
[2022-10-18 11:03:02,864] {processor.py:153} INFO - Started process (PID=267173) to work on /home/ubuntu/airflow/airflow_env/lib/python3.8/site-packages/airflow/example_dags/example_task_group_decorator.py
[2022-10-18 11:03:02,866] {processor.py:641} INFO - Processing file /home/ubuntu/airflow/airflow_env/lib/python3.8/site-packages/airflow/example_dags/example_task_group_decorator.py for tasks to queue
[2022-10-18 11:03:02,866] {logging_mixin.py:115} INFO - [2022-10-18 11:03:02,866] {dagbag.py:507} INFO - Filling up the DagBag from /home/ubuntu/airflow/airflow_env/lib/python3.8/site-packages/airflow/example_dags/example_task_group_decorator.py
[2022-10-18 11:03:02,897] {processor.py:651} INFO - DAG(s) dict_keys(['example_task_group_decorator']) retrieved from /home/ubuntu/airflow/airflow_env/lib/python3.8/site-packages/airflow/example_dags/example_task_group_decorator.py
[2022-10-18 11:03:02,950] {logging_mixin.py:115} INFO - [2022-10-18 11:03:02,950] {dag.py:2379} INFO - Sync 1 DAGs
[2022-10-18 11:03:02,967] {logging_mixin.py:115} INFO - [2022-10-18 11:03:02,967] {dag.py:2927} INFO - Setting next_dagrun for example_task_group_decorator to 2022-10-17T18:03:02.967197+00:00, run_after=2022-10-18T18:03:02.967197+00:00
[2022-10-18 11:03:02,987] {processor.py:161} INFO - Processing /home/ubuntu/airflow/airflow_env/lib/python3.8/site-packages/airflow/example_dags/example_task_group_decorator.py took 0.128 seconds
[2022-10-18 11:03:39,775] {processor.py:153} INFO - Started process (PID=267441) to work on /home/ubuntu/airflow/airflow_env/lib/python3.8/site-packages/airflow/example_dags/example_task_group_decorator.py
[2022-10-18 11:03:39,776] {processor.py:641} INFO - Processing file /home/ubuntu/airflow/airflow_env/lib/python3.8/site-packages/airflow/example_dags/example_task_group_decorator.py for tasks to queue
[2022-10-18 11:03:39,777] {logging_mixin.py:115} INFO - [2022-10-18 11:03:39,777] {dagbag.py:507} INFO - Filling up the DagBag from /home/ubuntu/airflow/airflow_env/lib/python3.8/site-packages/airflow/example_dags/example_task_group_decorator.py
[2022-10-18 11:03:39,805] {processor.py:651} INFO - DAG(s) dict_keys(['example_task_group_decorator']) retrieved from /home/ubuntu/airflow/airflow_env/lib/python3.8/site-packages/airflow/example_dags/example_task_group_decorator.py
[2022-10-18 11:03:39,851] {logging_mixin.py:115} INFO - [2022-10-18 11:03:39,851] {dag.py:2379} INFO - Sync 1 DAGs
[2022-10-18 11:03:39,862] {logging_mixin.py:115} INFO - [2022-10-18 11:03:39,862] {dag.py:2927} INFO - Setting next_dagrun for example_task_group_decorator to 2022-10-17T18:03:39.862108+00:00, run_after=2022-10-18T18:03:39.862108+00:00
[2022-10-18 11:03:39,875] {processor.py:161} INFO - Processing /home/ubuntu/airflow/airflow_env/lib/python3.8/site-packages/airflow/example_dags/example_task_group_decorator.py took 0.104 seconds
[2022-10-18 11:04:14,784] {processor.py:153} INFO - Started process (PID=267479) to work on /home/ubuntu/airflow/airflow_env/lib/python3.8/site-packages/airflow/example_dags/example_task_group_decorator.py
[2022-10-18 11:04:14,785] {processor.py:641} INFO - Processing file /home/ubuntu/airflow/airflow_env/lib/python3.8/site-packages/airflow/example_dags/example_task_group_decorator.py for tasks to queue
[2022-10-18 11:04:14,785] {logging_mixin.py:115} INFO - [2022-10-18 11:04:14,785] {dagbag.py:507} INFO - Filling up the DagBag from /home/ubuntu/airflow/airflow_env/lib/python3.8/site-packages/airflow/example_dags/example_task_group_decorator.py
[2022-10-18 11:04:14,815] {processor.py:651} INFO - DAG(s) dict_keys(['example_task_group_decorator']) retrieved from /home/ubuntu/airflow/airflow_env/lib/python3.8/site-packages/airflow/example_dags/example_task_group_decorator.py
[2022-10-18 11:04:14,839] {logging_mixin.py:115} INFO - [2022-10-18 11:04:14,838] {dag.py:2379} INFO - Sync 1 DAGs
[2022-10-18 11:04:14,853] {logging_mixin.py:115} INFO - [2022-10-18 11:04:14,853] {dag.py:2927} INFO - Setting next_dagrun for example_task_group_decorator to 2022-10-17T18:04:14.852402+00:00, run_after=2022-10-18T18:04:14.852402+00:00
[2022-10-18 11:04:14,865] {processor.py:161} INFO - Processing /home/ubuntu/airflow/airflow_env/lib/python3.8/site-packages/airflow/example_dags/example_task_group_decorator.py took 0.086 seconds
[2022-10-18 11:04:49,495] {processor.py:153} INFO - Started process (PID=267521) to work on /home/ubuntu/airflow/airflow_env/lib/python3.8/site-packages/airflow/example_dags/example_task_group_decorator.py
[2022-10-18 11:04:49,496] {processor.py:641} INFO - Processing file /home/ubuntu/airflow/airflow_env/lib/python3.8/site-packages/airflow/example_dags/example_task_group_decorator.py for tasks to queue
[2022-10-18 11:04:49,497] {logging_mixin.py:115} INFO - [2022-10-18 11:04:49,497] {dagbag.py:507} INFO - Filling up the DagBag from /home/ubuntu/airflow/airflow_env/lib/python3.8/site-packages/airflow/example_dags/example_task_group_decorator.py
[2022-10-18 11:04:49,521] {processor.py:651} INFO - DAG(s) dict_keys(['example_task_group_decorator']) retrieved from /home/ubuntu/airflow/airflow_env/lib/python3.8/site-packages/airflow/example_dags/example_task_group_decorator.py
[2022-10-18 11:04:49,539] {logging_mixin.py:115} INFO - [2022-10-18 11:04:49,538] {dag.py:2379} INFO - Sync 1 DAGs
[2022-10-18 11:04:49,559] {logging_mixin.py:115} INFO - [2022-10-18 11:04:49,559] {dag.py:2927} INFO - Setting next_dagrun for example_task_group_decorator to 2022-10-17T18:04:49.558887+00:00, run_after=2022-10-18T18:04:49.558887+00:00
[2022-10-18 11:04:49,574] {processor.py:161} INFO - Processing /home/ubuntu/airflow/airflow_env/lib/python3.8/site-packages/airflow/example_dags/example_task_group_decorator.py took 0.084 seconds
[2022-10-18 11:05:25,820] {processor.py:153} INFO - Started process (PID=267842) to work on /home/ubuntu/airflow/airflow_env/lib/python3.8/site-packages/airflow/example_dags/example_task_group_decorator.py
[2022-10-18 11:05:25,820] {processor.py:641} INFO - Processing file /home/ubuntu/airflow/airflow_env/lib/python3.8/site-packages/airflow/example_dags/example_task_group_decorator.py for tasks to queue
[2022-10-18 11:05:25,821] {logging_mixin.py:115} INFO - [2022-10-18 11:05:25,821] {dagbag.py:507} INFO - Filling up the DagBag from /home/ubuntu/airflow/airflow_env/lib/python3.8/site-packages/airflow/example_dags/example_task_group_decorator.py
[2022-10-18 11:05:25,845] {processor.py:651} INFO - DAG(s) dict_keys(['example_task_group_decorator']) retrieved from /home/ubuntu/airflow/airflow_env/lib/python3.8/site-packages/airflow/example_dags/example_task_group_decorator.py
[2022-10-18 11:05:25,864] {logging_mixin.py:115} INFO - [2022-10-18 11:05:25,864] {dag.py:2379} INFO - Sync 1 DAGs
[2022-10-18 11:05:25,878] {logging_mixin.py:115} INFO - [2022-10-18 11:05:25,878] {dag.py:2927} INFO - Setting next_dagrun for example_task_group_decorator to 2022-10-17T18:05:25.878392+00:00, run_after=2022-10-18T18:05:25.878392+00:00
[2022-10-18 11:05:25,889] {processor.py:161} INFO - Processing /home/ubuntu/airflow/airflow_env/lib/python3.8/site-packages/airflow/example_dags/example_task_group_decorator.py took 0.073 seconds
[2022-10-18 11:05:59,643] {processor.py:153} INFO - Started process (PID=267884) to work on /home/ubuntu/airflow/airflow_env/lib/python3.8/site-packages/airflow/example_dags/example_task_group_decorator.py
[2022-10-18 11:05:59,645] {processor.py:641} INFO - Processing file /home/ubuntu/airflow/airflow_env/lib/python3.8/site-packages/airflow/example_dags/example_task_group_decorator.py for tasks to queue
[2022-10-18 11:05:59,646] {logging_mixin.py:115} INFO - [2022-10-18 11:05:59,645] {dagbag.py:507} INFO - Filling up the DagBag from /home/ubuntu/airflow/airflow_env/lib/python3.8/site-packages/airflow/example_dags/example_task_group_decorator.py
[2022-10-18 11:05:59,678] {processor.py:651} INFO - DAG(s) dict_keys(['example_task_group_decorator']) retrieved from /home/ubuntu/airflow/airflow_env/lib/python3.8/site-packages/airflow/example_dags/example_task_group_decorator.py
[2022-10-18 11:05:59,696] {logging_mixin.py:115} INFO - [2022-10-18 11:05:59,696] {dag.py:2379} INFO - Sync 1 DAGs
[2022-10-18 11:05:59,712] {logging_mixin.py:115} INFO - [2022-10-18 11:05:59,712] {dag.py:2927} INFO - Setting next_dagrun for example_task_group_decorator to 2022-10-17T18:05:59.711942+00:00, run_after=2022-10-18T18:05:59.711942+00:00
[2022-10-18 11:05:59,724] {processor.py:161} INFO - Processing /home/ubuntu/airflow/airflow_env/lib/python3.8/site-packages/airflow/example_dags/example_task_group_decorator.py took 0.087 seconds
[2022-10-18 11:06:36,216] {processor.py:153} INFO - Started process (PID=267928) to work on /home/ubuntu/airflow/airflow_env/lib/python3.8/site-packages/airflow/example_dags/example_task_group_decorator.py
[2022-10-18 11:06:36,217] {processor.py:641} INFO - Processing file /home/ubuntu/airflow/airflow_env/lib/python3.8/site-packages/airflow/example_dags/example_task_group_decorator.py for tasks to queue
[2022-10-18 11:06:36,218] {logging_mixin.py:115} INFO - [2022-10-18 11:06:36,218] {dagbag.py:507} INFO - Filling up the DagBag from /home/ubuntu/airflow/airflow_env/lib/python3.8/site-packages/airflow/example_dags/example_task_group_decorator.py
[2022-10-18 11:06:36,243] {processor.py:651} INFO - DAG(s) dict_keys(['example_task_group_decorator']) retrieved from /home/ubuntu/airflow/airflow_env/lib/python3.8/site-packages/airflow/example_dags/example_task_group_decorator.py
[2022-10-18 11:06:36,262] {logging_mixin.py:115} INFO - [2022-10-18 11:06:36,261] {dag.py:2379} INFO - Sync 1 DAGs
[2022-10-18 11:06:36,280] {logging_mixin.py:115} INFO - [2022-10-18 11:06:36,280] {dag.py:2927} INFO - Setting next_dagrun for example_task_group_decorator to 2022-10-17T18:06:36.279823+00:00, run_after=2022-10-18T18:06:36.279823+00:00
[2022-10-18 11:06:36,292] {processor.py:161} INFO - Processing /home/ubuntu/airflow/airflow_env/lib/python3.8/site-packages/airflow/example_dags/example_task_group_decorator.py took 0.080 seconds
[2022-10-18 11:07:12,253] {processor.py:153} INFO - Started process (PID=267976) to work on /home/ubuntu/airflow/airflow_env/lib/python3.8/site-packages/airflow/example_dags/example_task_group_decorator.py
[2022-10-18 11:07:12,253] {processor.py:641} INFO - Processing file /home/ubuntu/airflow/airflow_env/lib/python3.8/site-packages/airflow/example_dags/example_task_group_decorator.py for tasks to queue
[2022-10-18 11:07:12,254] {logging_mixin.py:115} INFO - [2022-10-18 11:07:12,254] {dagbag.py:507} INFO - Filling up the DagBag from /home/ubuntu/airflow/airflow_env/lib/python3.8/site-packages/airflow/example_dags/example_task_group_decorator.py
[2022-10-18 11:07:12,278] {processor.py:651} INFO - DAG(s) dict_keys(['example_task_group_decorator']) retrieved from /home/ubuntu/airflow/airflow_env/lib/python3.8/site-packages/airflow/example_dags/example_task_group_decorator.py
[2022-10-18 11:07:12,297] {logging_mixin.py:115} INFO - [2022-10-18 11:07:12,297] {dag.py:2379} INFO - Sync 1 DAGs
[2022-10-18 11:07:12,312] {logging_mixin.py:115} INFO - [2022-10-18 11:07:12,312] {dag.py:2927} INFO - Setting next_dagrun for example_task_group_decorator to 2022-10-17T18:07:12.311678+00:00, run_after=2022-10-18T18:07:12.311678+00:00
[2022-10-18 11:07:12,327] {processor.py:161} INFO - Processing /home/ubuntu/airflow/airflow_env/lib/python3.8/site-packages/airflow/example_dags/example_task_group_decorator.py took 0.078 seconds
[2022-10-18 11:07:47,748] {processor.py:153} INFO - Started process (PID=268044) to work on /home/ubuntu/airflow/airflow_env/lib/python3.8/site-packages/airflow/example_dags/example_task_group_decorator.py
[2022-10-18 11:07:47,749] {processor.py:641} INFO - Processing file /home/ubuntu/airflow/airflow_env/lib/python3.8/site-packages/airflow/example_dags/example_task_group_decorator.py for tasks to queue
[2022-10-18 11:07:47,749] {logging_mixin.py:115} INFO - [2022-10-18 11:07:47,749] {dagbag.py:507} INFO - Filling up the DagBag from /home/ubuntu/airflow/airflow_env/lib/python3.8/site-packages/airflow/example_dags/example_task_group_decorator.py
[2022-10-18 11:07:47,773] {processor.py:651} INFO - DAG(s) dict_keys(['example_task_group_decorator']) retrieved from /home/ubuntu/airflow/airflow_env/lib/python3.8/site-packages/airflow/example_dags/example_task_group_decorator.py
[2022-10-18 11:07:47,822] {logging_mixin.py:115} INFO - [2022-10-18 11:07:47,821] {dag.py:2379} INFO - Sync 1 DAGs
[2022-10-18 11:07:47,834] {logging_mixin.py:115} INFO - [2022-10-18 11:07:47,834] {dag.py:2927} INFO - Setting next_dagrun for example_task_group_decorator to 2022-10-17T18:07:47.834460+00:00, run_after=2022-10-18T18:07:47.834460+00:00
[2022-10-18 11:07:47,853] {processor.py:161} INFO - Processing /home/ubuntu/airflow/airflow_env/lib/python3.8/site-packages/airflow/example_dags/example_task_group_decorator.py took 0.108 seconds
[2022-10-18 11:08:20,770] {processor.py:153} INFO - Started process (PID=268080) to work on /home/ubuntu/airflow/airflow_env/lib/python3.8/site-packages/airflow/example_dags/example_task_group_decorator.py
[2022-10-18 11:08:20,770] {processor.py:641} INFO - Processing file /home/ubuntu/airflow/airflow_env/lib/python3.8/site-packages/airflow/example_dags/example_task_group_decorator.py for tasks to queue
[2022-10-18 11:08:20,771] {logging_mixin.py:115} INFO - [2022-10-18 11:08:20,771] {dagbag.py:507} INFO - Filling up the DagBag from /home/ubuntu/airflow/airflow_env/lib/python3.8/site-packages/airflow/example_dags/example_task_group_decorator.py
[2022-10-18 11:08:20,796] {processor.py:651} INFO - DAG(s) dict_keys(['example_task_group_decorator']) retrieved from /home/ubuntu/airflow/airflow_env/lib/python3.8/site-packages/airflow/example_dags/example_task_group_decorator.py
[2022-10-18 11:08:20,815] {logging_mixin.py:115} INFO - [2022-10-18 11:08:20,815] {dag.py:2379} INFO - Sync 1 DAGs
[2022-10-18 11:08:20,829] {logging_mixin.py:115} INFO - [2022-10-18 11:08:20,829] {dag.py:2927} INFO - Setting next_dagrun for example_task_group_decorator to 2022-10-17T18:08:20.828875+00:00, run_after=2022-10-18T18:08:20.828875+00:00
[2022-10-18 11:08:20,841] {processor.py:161} INFO - Processing /home/ubuntu/airflow/airflow_env/lib/python3.8/site-packages/airflow/example_dags/example_task_group_decorator.py took 0.074 seconds
[2022-10-18 11:08:57,237] {processor.py:153} INFO - Started process (PID=268116) to work on /home/ubuntu/airflow/airflow_env/lib/python3.8/site-packages/airflow/example_dags/example_task_group_decorator.py
[2022-10-18 11:08:57,238] {processor.py:641} INFO - Processing file /home/ubuntu/airflow/airflow_env/lib/python3.8/site-packages/airflow/example_dags/example_task_group_decorator.py for tasks to queue
[2022-10-18 11:08:57,239] {logging_mixin.py:115} INFO - [2022-10-18 11:08:57,239] {dagbag.py:507} INFO - Filling up the DagBag from /home/ubuntu/airflow/airflow_env/lib/python3.8/site-packages/airflow/example_dags/example_task_group_decorator.py
[2022-10-18 11:08:57,267] {processor.py:651} INFO - DAG(s) dict_keys(['example_task_group_decorator']) retrieved from /home/ubuntu/airflow/airflow_env/lib/python3.8/site-packages/airflow/example_dags/example_task_group_decorator.py
[2022-10-18 11:08:57,285] {logging_mixin.py:115} INFO - [2022-10-18 11:08:57,285] {dag.py:2379} INFO - Sync 1 DAGs
[2022-10-18 11:08:57,299] {logging_mixin.py:115} INFO - [2022-10-18 11:08:57,299] {dag.py:2927} INFO - Setting next_dagrun for example_task_group_decorator to 2022-10-17T18:08:57.298858+00:00, run_after=2022-10-18T18:08:57.298858+00:00
[2022-10-18 11:08:57,310] {processor.py:161} INFO - Processing /home/ubuntu/airflow/airflow_env/lib/python3.8/site-packages/airflow/example_dags/example_task_group_decorator.py took 0.077 seconds
[2022-10-18 11:09:30,353] {processor.py:153} INFO - Started process (PID=268155) to work on /home/ubuntu/airflow/airflow_env/lib/python3.8/site-packages/airflow/example_dags/example_task_group_decorator.py
[2022-10-18 11:09:30,354] {processor.py:641} INFO - Processing file /home/ubuntu/airflow/airflow_env/lib/python3.8/site-packages/airflow/example_dags/example_task_group_decorator.py for tasks to queue
[2022-10-18 11:09:30,354] {logging_mixin.py:115} INFO - [2022-10-18 11:09:30,354] {dagbag.py:507} INFO - Filling up the DagBag from /home/ubuntu/airflow/airflow_env/lib/python3.8/site-packages/airflow/example_dags/example_task_group_decorator.py
[2022-10-18 11:09:30,385] {processor.py:651} INFO - DAG(s) dict_keys(['example_task_group_decorator']) retrieved from /home/ubuntu/airflow/airflow_env/lib/python3.8/site-packages/airflow/example_dags/example_task_group_decorator.py
[2022-10-18 11:09:30,404] {logging_mixin.py:115} INFO - [2022-10-18 11:09:30,403] {dag.py:2379} INFO - Sync 1 DAGs
[2022-10-18 11:09:30,417] {logging_mixin.py:115} INFO - [2022-10-18 11:09:30,416] {dag.py:2927} INFO - Setting next_dagrun for example_task_group_decorator to 2022-10-17T18:09:30.416647+00:00, run_after=2022-10-18T18:09:30.416647+00:00
[2022-10-18 11:09:30,432] {processor.py:161} INFO - Processing /home/ubuntu/airflow/airflow_env/lib/python3.8/site-packages/airflow/example_dags/example_task_group_decorator.py took 0.084 seconds
[2022-10-18 11:10:05,194] {processor.py:153} INFO - Started process (PID=268191) to work on /home/ubuntu/airflow/airflow_env/lib/python3.8/site-packages/airflow/example_dags/example_task_group_decorator.py
[2022-10-18 11:10:05,195] {processor.py:641} INFO - Processing file /home/ubuntu/airflow/airflow_env/lib/python3.8/site-packages/airflow/example_dags/example_task_group_decorator.py for tasks to queue
[2022-10-18 11:10:05,195] {logging_mixin.py:115} INFO - [2022-10-18 11:10:05,195] {dagbag.py:507} INFO - Filling up the DagBag from /home/ubuntu/airflow/airflow_env/lib/python3.8/site-packages/airflow/example_dags/example_task_group_decorator.py
[2022-10-18 11:10:05,220] {processor.py:651} INFO - DAG(s) dict_keys(['example_task_group_decorator']) retrieved from /home/ubuntu/airflow/airflow_env/lib/python3.8/site-packages/airflow/example_dags/example_task_group_decorator.py
[2022-10-18 11:10:05,237] {logging_mixin.py:115} INFO - [2022-10-18 11:10:05,237] {dag.py:2379} INFO - Sync 1 DAGs
[2022-10-18 11:10:05,252] {logging_mixin.py:115} INFO - [2022-10-18 11:10:05,252] {dag.py:2927} INFO - Setting next_dagrun for example_task_group_decorator to 2022-10-17T18:10:05.251777+00:00, run_after=2022-10-18T18:10:05.251777+00:00
[2022-10-18 11:10:05,263] {processor.py:161} INFO - Processing /home/ubuntu/airflow/airflow_env/lib/python3.8/site-packages/airflow/example_dags/example_task_group_decorator.py took 0.073 seconds
[2022-10-18 11:10:40,047] {processor.py:153} INFO - Started process (PID=268231) to work on /home/ubuntu/airflow/airflow_env/lib/python3.8/site-packages/airflow/example_dags/example_task_group_decorator.py
[2022-10-18 11:10:40,048] {processor.py:641} INFO - Processing file /home/ubuntu/airflow/airflow_env/lib/python3.8/site-packages/airflow/example_dags/example_task_group_decorator.py for tasks to queue
[2022-10-18 11:10:40,049] {logging_mixin.py:115} INFO - [2022-10-18 11:10:40,049] {dagbag.py:507} INFO - Filling up the DagBag from /home/ubuntu/airflow/airflow_env/lib/python3.8/site-packages/airflow/example_dags/example_task_group_decorator.py
[2022-10-18 11:10:40,077] {processor.py:651} INFO - DAG(s) dict_keys(['example_task_group_decorator']) retrieved from /home/ubuntu/airflow/airflow_env/lib/python3.8/site-packages/airflow/example_dags/example_task_group_decorator.py
[2022-10-18 11:10:40,096] {logging_mixin.py:115} INFO - [2022-10-18 11:10:40,095] {dag.py:2379} INFO - Sync 1 DAGs
[2022-10-18 11:10:40,110] {logging_mixin.py:115} INFO - [2022-10-18 11:10:40,110] {dag.py:2927} INFO - Setting next_dagrun for example_task_group_decorator to 2022-10-17T18:10:40.110166+00:00, run_after=2022-10-18T18:10:40.110166+00:00
[2022-10-18 11:10:40,122] {processor.py:161} INFO - Processing /home/ubuntu/airflow/airflow_env/lib/python3.8/site-packages/airflow/example_dags/example_task_group_decorator.py took 0.079 seconds
[2022-10-18 11:11:14,998] {processor.py:153} INFO - Started process (PID=268273) to work on /home/ubuntu/airflow/airflow_env/lib/python3.8/site-packages/airflow/example_dags/example_task_group_decorator.py
[2022-10-18 11:11:14,999] {processor.py:641} INFO - Processing file /home/ubuntu/airflow/airflow_env/lib/python3.8/site-packages/airflow/example_dags/example_task_group_decorator.py for tasks to queue
[2022-10-18 11:11:15,000] {logging_mixin.py:115} INFO - [2022-10-18 11:11:14,999] {dagbag.py:507} INFO - Filling up the DagBag from /home/ubuntu/airflow/airflow_env/lib/python3.8/site-packages/airflow/example_dags/example_task_group_decorator.py
[2022-10-18 11:11:15,025] {processor.py:651} INFO - DAG(s) dict_keys(['example_task_group_decorator']) retrieved from /home/ubuntu/airflow/airflow_env/lib/python3.8/site-packages/airflow/example_dags/example_task_group_decorator.py
[2022-10-18 11:11:15,042] {logging_mixin.py:115} INFO - [2022-10-18 11:11:15,042] {dag.py:2379} INFO - Sync 1 DAGs
[2022-10-18 11:11:15,056] {logging_mixin.py:115} INFO - [2022-10-18 11:11:15,056] {dag.py:2927} INFO - Setting next_dagrun for example_task_group_decorator to 2022-10-17T18:11:15.056542+00:00, run_after=2022-10-18T18:11:15.056542+00:00
[2022-10-18 11:11:15,070] {processor.py:161} INFO - Processing /home/ubuntu/airflow/airflow_env/lib/python3.8/site-packages/airflow/example_dags/example_task_group_decorator.py took 0.075 seconds
[2022-10-18 11:11:49,250] {processor.py:153} INFO - Started process (PID=268315) to work on /home/ubuntu/airflow/airflow_env/lib/python3.8/site-packages/airflow/example_dags/example_task_group_decorator.py
[2022-10-18 11:11:49,251] {processor.py:641} INFO - Processing file /home/ubuntu/airflow/airflow_env/lib/python3.8/site-packages/airflow/example_dags/example_task_group_decorator.py for tasks to queue
[2022-10-18 11:11:49,252] {logging_mixin.py:115} INFO - [2022-10-18 11:11:49,252] {dagbag.py:507} INFO - Filling up the DagBag from /home/ubuntu/airflow/airflow_env/lib/python3.8/site-packages/airflow/example_dags/example_task_group_decorator.py
[2022-10-18 11:11:49,275] {processor.py:651} INFO - DAG(s) dict_keys(['example_task_group_decorator']) retrieved from /home/ubuntu/airflow/airflow_env/lib/python3.8/site-packages/airflow/example_dags/example_task_group_decorator.py
[2022-10-18 11:11:49,293] {logging_mixin.py:115} INFO - [2022-10-18 11:11:49,293] {dag.py:2379} INFO - Sync 1 DAGs
[2022-10-18 11:11:49,307] {logging_mixin.py:115} INFO - [2022-10-18 11:11:49,307] {dag.py:2927} INFO - Setting next_dagrun for example_task_group_decorator to 2022-10-17T18:11:49.306931+00:00, run_after=2022-10-18T18:11:49.306931+00:00
[2022-10-18 11:11:49,318] {processor.py:161} INFO - Processing /home/ubuntu/airflow/airflow_env/lib/python3.8/site-packages/airflow/example_dags/example_task_group_decorator.py took 0.071 seconds
[2022-10-18 11:12:21,394] {processor.py:153} INFO - Started process (PID=268350) to work on /home/ubuntu/airflow/airflow_env/lib/python3.8/site-packages/airflow/example_dags/example_task_group_decorator.py
[2022-10-18 11:12:21,395] {processor.py:641} INFO - Processing file /home/ubuntu/airflow/airflow_env/lib/python3.8/site-packages/airflow/example_dags/example_task_group_decorator.py for tasks to queue
[2022-10-18 11:12:21,395] {logging_mixin.py:115} INFO - [2022-10-18 11:12:21,395] {dagbag.py:507} INFO - Filling up the DagBag from /home/ubuntu/airflow/airflow_env/lib/python3.8/site-packages/airflow/example_dags/example_task_group_decorator.py
[2022-10-18 11:12:21,419] {processor.py:651} INFO - DAG(s) dict_keys(['example_task_group_decorator']) retrieved from /home/ubuntu/airflow/airflow_env/lib/python3.8/site-packages/airflow/example_dags/example_task_group_decorator.py
[2022-10-18 11:12:21,438] {logging_mixin.py:115} INFO - [2022-10-18 11:12:21,438] {dag.py:2379} INFO - Sync 1 DAGs
[2022-10-18 11:12:21,451] {logging_mixin.py:115} INFO - [2022-10-18 11:12:21,451] {dag.py:2927} INFO - Setting next_dagrun for example_task_group_decorator to 2022-10-17T18:12:21.451310+00:00, run_after=2022-10-18T18:12:21.451310+00:00
[2022-10-18 11:12:21,465] {processor.py:161} INFO - Processing /home/ubuntu/airflow/airflow_env/lib/python3.8/site-packages/airflow/example_dags/example_task_group_decorator.py took 0.074 seconds
[2022-10-18 11:12:55,397] {processor.py:153} INFO - Started process (PID=268415) to work on /home/ubuntu/airflow/airflow_env/lib/python3.8/site-packages/airflow/example_dags/example_task_group_decorator.py
[2022-10-18 11:12:55,399] {processor.py:641} INFO - Processing file /home/ubuntu/airflow/airflow_env/lib/python3.8/site-packages/airflow/example_dags/example_task_group_decorator.py for tasks to queue
[2022-10-18 11:12:55,399] {logging_mixin.py:115} INFO - [2022-10-18 11:12:55,399] {dagbag.py:507} INFO - Filling up the DagBag from /home/ubuntu/airflow/airflow_env/lib/python3.8/site-packages/airflow/example_dags/example_task_group_decorator.py
[2022-10-18 11:12:55,426] {processor.py:651} INFO - DAG(s) dict_keys(['example_task_group_decorator']) retrieved from /home/ubuntu/airflow/airflow_env/lib/python3.8/site-packages/airflow/example_dags/example_task_group_decorator.py
[2022-10-18 11:12:55,473] {logging_mixin.py:115} INFO - [2022-10-18 11:12:55,473] {dag.py:2379} INFO - Sync 1 DAGs
[2022-10-18 11:12:55,487] {logging_mixin.py:115} INFO - [2022-10-18 11:12:55,487] {dag.py:2927} INFO - Setting next_dagrun for example_task_group_decorator to 2022-10-17T18:12:55.487325+00:00, run_after=2022-10-18T18:12:55.487325+00:00
[2022-10-18 11:12:55,502] {processor.py:161} INFO - Processing /home/ubuntu/airflow/airflow_env/lib/python3.8/site-packages/airflow/example_dags/example_task_group_decorator.py took 0.109 seconds
[2022-10-18 11:13:29,819] {processor.py:153} INFO - Started process (PID=268452) to work on /home/ubuntu/airflow/airflow_env/lib/python3.8/site-packages/airflow/example_dags/example_task_group_decorator.py
[2022-10-18 11:13:29,820] {processor.py:641} INFO - Processing file /home/ubuntu/airflow/airflow_env/lib/python3.8/site-packages/airflow/example_dags/example_task_group_decorator.py for tasks to queue
[2022-10-18 11:13:29,820] {logging_mixin.py:115} INFO - [2022-10-18 11:13:29,820] {dagbag.py:507} INFO - Filling up the DagBag from /home/ubuntu/airflow/airflow_env/lib/python3.8/site-packages/airflow/example_dags/example_task_group_decorator.py
[2022-10-18 11:13:29,847] {processor.py:651} INFO - DAG(s) dict_keys(['example_task_group_decorator']) retrieved from /home/ubuntu/airflow/airflow_env/lib/python3.8/site-packages/airflow/example_dags/example_task_group_decorator.py
[2022-10-18 11:13:29,894] {logging_mixin.py:115} INFO - [2022-10-18 11:13:29,894] {dag.py:2379} INFO - Sync 1 DAGs
[2022-10-18 11:13:29,910] {logging_mixin.py:115} INFO - [2022-10-18 11:13:29,910] {dag.py:2927} INFO - Setting next_dagrun for example_task_group_decorator to 2022-10-17T18:13:29.909959+00:00, run_after=2022-10-18T18:13:29.909959+00:00
[2022-10-18 11:13:29,925] {processor.py:161} INFO - Processing /home/ubuntu/airflow/airflow_env/lib/python3.8/site-packages/airflow/example_dags/example_task_group_decorator.py took 0.110 seconds
[2022-10-18 11:14:06,091] {processor.py:153} INFO - Started process (PID=268488) to work on /home/ubuntu/airflow/airflow_env/lib/python3.8/site-packages/airflow/example_dags/example_task_group_decorator.py
[2022-10-18 11:14:06,092] {processor.py:641} INFO - Processing file /home/ubuntu/airflow/airflow_env/lib/python3.8/site-packages/airflow/example_dags/example_task_group_decorator.py for tasks to queue
[2022-10-18 11:14:06,093] {logging_mixin.py:115} INFO - [2022-10-18 11:14:06,093] {dagbag.py:507} INFO - Filling up the DagBag from /home/ubuntu/airflow/airflow_env/lib/python3.8/site-packages/airflow/example_dags/example_task_group_decorator.py
[2022-10-18 11:14:06,120] {processor.py:651} INFO - DAG(s) dict_keys(['example_task_group_decorator']) retrieved from /home/ubuntu/airflow/airflow_env/lib/python3.8/site-packages/airflow/example_dags/example_task_group_decorator.py
[2022-10-18 11:14:06,165] {logging_mixin.py:115} INFO - [2022-10-18 11:14:06,164] {dag.py:2379} INFO - Sync 1 DAGs
[2022-10-18 11:14:06,178] {logging_mixin.py:115} INFO - [2022-10-18 11:14:06,178] {dag.py:2927} INFO - Setting next_dagrun for example_task_group_decorator to 2022-10-17T18:14:06.178133+00:00, run_after=2022-10-18T18:14:06.178133+00:00
[2022-10-18 11:14:06,191] {processor.py:161} INFO - Processing /home/ubuntu/airflow/airflow_env/lib/python3.8/site-packages/airflow/example_dags/example_task_group_decorator.py took 0.105 seconds
[2022-10-18 11:14:39,939] {processor.py:153} INFO - Started process (PID=268528) to work on /home/ubuntu/airflow/airflow_env/lib/python3.8/site-packages/airflow/example_dags/example_task_group_decorator.py
[2022-10-18 11:14:39,941] {processor.py:641} INFO - Processing file /home/ubuntu/airflow/airflow_env/lib/python3.8/site-packages/airflow/example_dags/example_task_group_decorator.py for tasks to queue
[2022-10-18 11:14:39,942] {logging_mixin.py:115} INFO - [2022-10-18 11:14:39,941] {dagbag.py:507} INFO - Filling up the DagBag from /home/ubuntu/airflow/airflow_env/lib/python3.8/site-packages/airflow/example_dags/example_task_group_decorator.py
[2022-10-18 11:14:39,972] {processor.py:651} INFO - DAG(s) dict_keys(['example_task_group_decorator']) retrieved from /home/ubuntu/airflow/airflow_env/lib/python3.8/site-packages/airflow/example_dags/example_task_group_decorator.py
[2022-10-18 11:14:39,993] {logging_mixin.py:115} INFO - [2022-10-18 11:14:39,992] {dag.py:2379} INFO - Sync 1 DAGs
[2022-10-18 11:14:40,008] {logging_mixin.py:115} INFO - [2022-10-18 11:14:40,008] {dag.py:2927} INFO - Setting next_dagrun for example_task_group_decorator to 2022-10-17T18:14:40.007735+00:00, run_after=2022-10-18T18:14:40.007735+00:00
[2022-10-18 11:14:40,020] {processor.py:161} INFO - Processing /home/ubuntu/airflow/airflow_env/lib/python3.8/site-packages/airflow/example_dags/example_task_group_decorator.py took 0.085 seconds
[2022-10-18 11:15:13,709] {processor.py:153} INFO - Started process (PID=268568) to work on /home/ubuntu/airflow/airflow_env/lib/python3.8/site-packages/airflow/example_dags/example_task_group_decorator.py
[2022-10-18 11:15:13,710] {processor.py:641} INFO - Processing file /home/ubuntu/airflow/airflow_env/lib/python3.8/site-packages/airflow/example_dags/example_task_group_decorator.py for tasks to queue
[2022-10-18 11:15:13,710] {logging_mixin.py:115} INFO - [2022-10-18 11:15:13,710] {dagbag.py:507} INFO - Filling up the DagBag from /home/ubuntu/airflow/airflow_env/lib/python3.8/site-packages/airflow/example_dags/example_task_group_decorator.py
[2022-10-18 11:15:13,743] {processor.py:651} INFO - DAG(s) dict_keys(['example_task_group_decorator']) retrieved from /home/ubuntu/airflow/airflow_env/lib/python3.8/site-packages/airflow/example_dags/example_task_group_decorator.py
[2022-10-18 11:15:13,764] {logging_mixin.py:115} INFO - [2022-10-18 11:15:13,764] {dag.py:2379} INFO - Sync 1 DAGs
[2022-10-18 11:15:13,783] {logging_mixin.py:115} INFO - [2022-10-18 11:15:13,783] {dag.py:2927} INFO - Setting next_dagrun for example_task_group_decorator to 2022-10-17T18:15:13.782986+00:00, run_after=2022-10-18T18:15:13.782986+00:00
[2022-10-18 11:15:13,797] {processor.py:161} INFO - Processing /home/ubuntu/airflow/airflow_env/lib/python3.8/site-packages/airflow/example_dags/example_task_group_decorator.py took 0.093 seconds
[2022-10-18 11:15:49,437] {processor.py:153} INFO - Started process (PID=268602) to work on /home/ubuntu/airflow/airflow_env/lib/python3.8/site-packages/airflow/example_dags/example_task_group_decorator.py
[2022-10-18 11:15:49,438] {processor.py:641} INFO - Processing file /home/ubuntu/airflow/airflow_env/lib/python3.8/site-packages/airflow/example_dags/example_task_group_decorator.py for tasks to queue
[2022-10-18 11:15:49,439] {logging_mixin.py:115} INFO - [2022-10-18 11:15:49,439] {dagbag.py:507} INFO - Filling up the DagBag from /home/ubuntu/airflow/airflow_env/lib/python3.8/site-packages/airflow/example_dags/example_task_group_decorator.py
[2022-10-18 11:15:49,490] {processor.py:651} INFO - DAG(s) dict_keys(['example_task_group_decorator']) retrieved from /home/ubuntu/airflow/airflow_env/lib/python3.8/site-packages/airflow/example_dags/example_task_group_decorator.py
[2022-10-18 11:15:49,526] {logging_mixin.py:115} INFO - [2022-10-18 11:15:49,526] {dag.py:2379} INFO - Sync 1 DAGs
[2022-10-18 11:15:49,552] {logging_mixin.py:115} INFO - [2022-10-18 11:15:49,552] {dag.py:2927} INFO - Setting next_dagrun for example_task_group_decorator to 2022-10-17T18:15:49.551618+00:00, run_after=2022-10-18T18:15:49.551618+00:00
[2022-10-18 11:15:49,571] {processor.py:161} INFO - Processing /home/ubuntu/airflow/airflow_env/lib/python3.8/site-packages/airflow/example_dags/example_task_group_decorator.py took 0.140 seconds
[2022-10-18 11:16:25,894] {processor.py:153} INFO - Started process (PID=268651) to work on /home/ubuntu/airflow/airflow_env/lib/python3.8/site-packages/airflow/example_dags/example_task_group_decorator.py
[2022-10-18 11:16:25,897] {processor.py:641} INFO - Processing file /home/ubuntu/airflow/airflow_env/lib/python3.8/site-packages/airflow/example_dags/example_task_group_decorator.py for tasks to queue
[2022-10-18 11:16:25,898] {logging_mixin.py:115} INFO - [2022-10-18 11:16:25,897] {dagbag.py:507} INFO - Filling up the DagBag from /home/ubuntu/airflow/airflow_env/lib/python3.8/site-packages/airflow/example_dags/example_task_group_decorator.py
[2022-10-18 11:16:25,941] {processor.py:651} INFO - DAG(s) dict_keys(['example_task_group_decorator']) retrieved from /home/ubuntu/airflow/airflow_env/lib/python3.8/site-packages/airflow/example_dags/example_task_group_decorator.py
[2022-10-18 11:16:25,970] {logging_mixin.py:115} INFO - [2022-10-18 11:16:25,969] {dag.py:2379} INFO - Sync 1 DAGs
[2022-10-18 11:16:25,994] {logging_mixin.py:115} INFO - [2022-10-18 11:16:25,994] {dag.py:2927} INFO - Setting next_dagrun for example_task_group_decorator to 2022-10-17T18:16:25.993970+00:00, run_after=2022-10-18T18:16:25.993970+00:00
[2022-10-18 11:16:26,009] {processor.py:161} INFO - Processing /home/ubuntu/airflow/airflow_env/lib/python3.8/site-packages/airflow/example_dags/example_task_group_decorator.py took 0.119 seconds
[2022-10-18 11:17:01,549] {processor.py:153} INFO - Started process (PID=268689) to work on /home/ubuntu/airflow/airflow_env/lib/python3.8/site-packages/airflow/example_dags/example_task_group_decorator.py
[2022-10-18 11:17:01,550] {processor.py:641} INFO - Processing file /home/ubuntu/airflow/airflow_env/lib/python3.8/site-packages/airflow/example_dags/example_task_group_decorator.py for tasks to queue
[2022-10-18 11:17:01,550] {logging_mixin.py:115} INFO - [2022-10-18 11:17:01,550] {dagbag.py:507} INFO - Filling up the DagBag from /home/ubuntu/airflow/airflow_env/lib/python3.8/site-packages/airflow/example_dags/example_task_group_decorator.py
[2022-10-18 11:17:01,583] {processor.py:651} INFO - DAG(s) dict_keys(['example_task_group_decorator']) retrieved from /home/ubuntu/airflow/airflow_env/lib/python3.8/site-packages/airflow/example_dags/example_task_group_decorator.py
[2022-10-18 11:17:01,602] {logging_mixin.py:115} INFO - [2022-10-18 11:17:01,602] {dag.py:2379} INFO - Sync 1 DAGs
[2022-10-18 11:17:01,616] {logging_mixin.py:115} INFO - [2022-10-18 11:17:01,615] {dag.py:2927} INFO - Setting next_dagrun for example_task_group_decorator to 2022-10-17T18:17:01.615605+00:00, run_after=2022-10-18T18:17:01.615605+00:00
[2022-10-18 11:17:01,629] {processor.py:161} INFO - Processing /home/ubuntu/airflow/airflow_env/lib/python3.8/site-packages/airflow/example_dags/example_task_group_decorator.py took 0.084 seconds
[2022-10-18 11:17:34,833] {processor.py:153} INFO - Started process (PID=268765) to work on /home/ubuntu/airflow/airflow_env/lib/python3.8/site-packages/airflow/example_dags/example_task_group_decorator.py
[2022-10-18 11:17:34,834] {processor.py:641} INFO - Processing file /home/ubuntu/airflow/airflow_env/lib/python3.8/site-packages/airflow/example_dags/example_task_group_decorator.py for tasks to queue
[2022-10-18 11:17:34,836] {logging_mixin.py:115} INFO - [2022-10-18 11:17:34,836] {dagbag.py:507} INFO - Filling up the DagBag from /home/ubuntu/airflow/airflow_env/lib/python3.8/site-packages/airflow/example_dags/example_task_group_decorator.py
[2022-10-18 11:17:34,871] {processor.py:651} INFO - DAG(s) dict_keys(['example_task_group_decorator']) retrieved from /home/ubuntu/airflow/airflow_env/lib/python3.8/site-packages/airflow/example_dags/example_task_group_decorator.py
[2022-10-18 11:17:34,896] {logging_mixin.py:115} INFO - [2022-10-18 11:17:34,895] {dag.py:2379} INFO - Sync 1 DAGs
[2022-10-18 11:17:34,912] {logging_mixin.py:115} INFO - [2022-10-18 11:17:34,912] {dag.py:2927} INFO - Setting next_dagrun for example_task_group_decorator to 2022-10-17T18:17:34.912007+00:00, run_after=2022-10-18T18:17:34.912007+00:00
[2022-10-18 11:17:34,927] {processor.py:161} INFO - Processing /home/ubuntu/airflow/airflow_env/lib/python3.8/site-packages/airflow/example_dags/example_task_group_decorator.py took 0.100 seconds
[2022-10-18 11:18:08,579] {processor.py:153} INFO - Started process (PID=268819) to work on /home/ubuntu/airflow/airflow_env/lib/python3.8/site-packages/airflow/example_dags/example_task_group_decorator.py
[2022-10-18 11:18:08,581] {processor.py:641} INFO - Processing file /home/ubuntu/airflow/airflow_env/lib/python3.8/site-packages/airflow/example_dags/example_task_group_decorator.py for tasks to queue
[2022-10-18 11:18:08,581] {logging_mixin.py:115} INFO - [2022-10-18 11:18:08,581] {dagbag.py:507} INFO - Filling up the DagBag from /home/ubuntu/airflow/airflow_env/lib/python3.8/site-packages/airflow/example_dags/example_task_group_decorator.py
[2022-10-18 11:18:08,609] {processor.py:651} INFO - DAG(s) dict_keys(['example_task_group_decorator']) retrieved from /home/ubuntu/airflow/airflow_env/lib/python3.8/site-packages/airflow/example_dags/example_task_group_decorator.py
[2022-10-18 11:18:08,661] {logging_mixin.py:115} INFO - [2022-10-18 11:18:08,660] {dag.py:2379} INFO - Sync 1 DAGs
[2022-10-18 11:18:08,676] {logging_mixin.py:115} INFO - [2022-10-18 11:18:08,676] {dag.py:2927} INFO - Setting next_dagrun for example_task_group_decorator to 2022-10-17T18:18:08.676258+00:00, run_after=2022-10-18T18:18:08.676258+00:00
[2022-10-18 11:18:08,690] {processor.py:161} INFO - Processing /home/ubuntu/airflow/airflow_env/lib/python3.8/site-packages/airflow/example_dags/example_task_group_decorator.py took 0.116 seconds
[2022-10-18 11:18:43,508] {processor.py:153} INFO - Started process (PID=268960) to work on /home/ubuntu/airflow/airflow_env/lib/python3.8/site-packages/airflow/example_dags/example_task_group_decorator.py
[2022-10-18 11:18:43,509] {processor.py:641} INFO - Processing file /home/ubuntu/airflow/airflow_env/lib/python3.8/site-packages/airflow/example_dags/example_task_group_decorator.py for tasks to queue
[2022-10-18 11:18:43,510] {logging_mixin.py:115} INFO - [2022-10-18 11:18:43,510] {dagbag.py:507} INFO - Filling up the DagBag from /home/ubuntu/airflow/airflow_env/lib/python3.8/site-packages/airflow/example_dags/example_task_group_decorator.py
[2022-10-18 11:18:43,557] {processor.py:651} INFO - DAG(s) dict_keys(['example_task_group_decorator']) retrieved from /home/ubuntu/airflow/airflow_env/lib/python3.8/site-packages/airflow/example_dags/example_task_group_decorator.py
[2022-10-18 11:18:43,580] {logging_mixin.py:115} INFO - [2022-10-18 11:18:43,579] {dag.py:2379} INFO - Sync 1 DAGs
[2022-10-18 11:18:43,616] {logging_mixin.py:115} INFO - [2022-10-18 11:18:43,615] {dag.py:2927} INFO - Setting next_dagrun for example_task_group_decorator to 2022-10-17T18:18:43.615278+00:00, run_after=2022-10-18T18:18:43.615278+00:00
[2022-10-18 11:18:43,639] {processor.py:161} INFO - Processing /home/ubuntu/airflow/airflow_env/lib/python3.8/site-packages/airflow/example_dags/example_task_group_decorator.py took 0.137 seconds
[2022-10-18 11:21:52,212] {processor.py:153} INFO - Started process (PID=270476) to work on /home/ubuntu/airflow/airflow_env/lib/python3.8/site-packages/airflow/example_dags/example_task_group_decorator.py
[2022-10-18 11:21:52,218] {processor.py:641} INFO - Processing file /home/ubuntu/airflow/airflow_env/lib/python3.8/site-packages/airflow/example_dags/example_task_group_decorator.py for tasks to queue
[2022-10-18 11:21:52,219] {logging_mixin.py:115} INFO - [2022-10-18 11:21:52,219] {dagbag.py:507} INFO - Filling up the DagBag from /home/ubuntu/airflow/airflow_env/lib/python3.8/site-packages/airflow/example_dags/example_task_group_decorator.py
[2022-10-18 11:21:52,246] {processor.py:651} INFO - DAG(s) dict_keys(['example_task_group_decorator']) retrieved from /home/ubuntu/airflow/airflow_env/lib/python3.8/site-packages/airflow/example_dags/example_task_group_decorator.py
[2022-10-18 11:21:52,286] {logging_mixin.py:115} INFO - [2022-10-18 11:21:52,286] {dag.py:2379} INFO - Sync 1 DAGs
[2022-10-18 11:21:52,298] {logging_mixin.py:115} INFO - [2022-10-18 11:21:52,298] {dag.py:2927} INFO - Setting next_dagrun for example_task_group_decorator to 2022-10-17T18:21:52.297789+00:00, run_after=2022-10-18T18:21:52.297789+00:00
[2022-10-18 11:21:52,311] {processor.py:161} INFO - Processing /home/ubuntu/airflow/airflow_env/lib/python3.8/site-packages/airflow/example_dags/example_task_group_decorator.py took 0.102 seconds
[2022-10-18 11:22:26,124] {processor.py:153} INFO - Started process (PID=270559) to work on /home/ubuntu/airflow/airflow_env/lib/python3.8/site-packages/airflow/example_dags/example_task_group_decorator.py
[2022-10-18 11:22:26,125] {processor.py:641} INFO - Processing file /home/ubuntu/airflow/airflow_env/lib/python3.8/site-packages/airflow/example_dags/example_task_group_decorator.py for tasks to queue
[2022-10-18 11:22:26,125] {logging_mixin.py:115} INFO - [2022-10-18 11:22:26,125] {dagbag.py:507} INFO - Filling up the DagBag from /home/ubuntu/airflow/airflow_env/lib/python3.8/site-packages/airflow/example_dags/example_task_group_decorator.py
[2022-10-18 11:22:26,154] {processor.py:651} INFO - DAG(s) dict_keys(['example_task_group_decorator']) retrieved from /home/ubuntu/airflow/airflow_env/lib/python3.8/site-packages/airflow/example_dags/example_task_group_decorator.py
[2022-10-18 11:22:26,195] {logging_mixin.py:115} INFO - [2022-10-18 11:22:26,195] {dag.py:2379} INFO - Sync 1 DAGs
[2022-10-18 11:22:26,209] {logging_mixin.py:115} INFO - [2022-10-18 11:22:26,209] {dag.py:2927} INFO - Setting next_dagrun for example_task_group_decorator to 2022-10-17T18:22:26.207609+00:00, run_after=2022-10-18T18:22:26.207609+00:00
[2022-10-18 11:22:26,226] {processor.py:161} INFO - Processing /home/ubuntu/airflow/airflow_env/lib/python3.8/site-packages/airflow/example_dags/example_task_group_decorator.py took 0.107 seconds
[2022-10-18 11:23:01,789] {processor.py:153} INFO - Started process (PID=270694) to work on /home/ubuntu/airflow/airflow_env/lib/python3.8/site-packages/airflow/example_dags/example_task_group_decorator.py
[2022-10-18 11:23:01,790] {processor.py:641} INFO - Processing file /home/ubuntu/airflow/airflow_env/lib/python3.8/site-packages/airflow/example_dags/example_task_group_decorator.py for tasks to queue
[2022-10-18 11:23:01,791] {logging_mixin.py:115} INFO - [2022-10-18 11:23:01,791] {dagbag.py:507} INFO - Filling up the DagBag from /home/ubuntu/airflow/airflow_env/lib/python3.8/site-packages/airflow/example_dags/example_task_group_decorator.py
[2022-10-18 11:23:01,838] {processor.py:651} INFO - DAG(s) dict_keys(['example_task_group_decorator']) retrieved from /home/ubuntu/airflow/airflow_env/lib/python3.8/site-packages/airflow/example_dags/example_task_group_decorator.py
[2022-10-18 11:23:01,928] {logging_mixin.py:115} INFO - [2022-10-18 11:23:01,928] {dag.py:2379} INFO - Sync 1 DAGs
[2022-10-18 11:23:01,956] {logging_mixin.py:115} INFO - [2022-10-18 11:23:01,956] {dag.py:2927} INFO - Setting next_dagrun for example_task_group_decorator to 2022-10-17T18:23:01.955774+00:00, run_after=2022-10-18T18:23:01.955774+00:00
[2022-10-18 11:23:01,976] {processor.py:161} INFO - Processing /home/ubuntu/airflow/airflow_env/lib/python3.8/site-packages/airflow/example_dags/example_task_group_decorator.py took 0.191 seconds
[2022-10-18 11:23:36,740] {processor.py:153} INFO - Started process (PID=270739) to work on /home/ubuntu/airflow/airflow_env/lib/python3.8/site-packages/airflow/example_dags/example_task_group_decorator.py
[2022-10-18 11:23:36,741] {processor.py:641} INFO - Processing file /home/ubuntu/airflow/airflow_env/lib/python3.8/site-packages/airflow/example_dags/example_task_group_decorator.py for tasks to queue
[2022-10-18 11:23:36,742] {logging_mixin.py:115} INFO - [2022-10-18 11:23:36,742] {dagbag.py:507} INFO - Filling up the DagBag from /home/ubuntu/airflow/airflow_env/lib/python3.8/site-packages/airflow/example_dags/example_task_group_decorator.py
[2022-10-18 11:23:36,768] {processor.py:651} INFO - DAG(s) dict_keys(['example_task_group_decorator']) retrieved from /home/ubuntu/airflow/airflow_env/lib/python3.8/site-packages/airflow/example_dags/example_task_group_decorator.py
[2022-10-18 11:23:36,809] {logging_mixin.py:115} INFO - [2022-10-18 11:23:36,809] {dag.py:2379} INFO - Sync 1 DAGs
[2022-10-18 11:23:36,820] {logging_mixin.py:115} INFO - [2022-10-18 11:23:36,820] {dag.py:2927} INFO - Setting next_dagrun for example_task_group_decorator to 2022-10-17T18:23:36.820382+00:00, run_after=2022-10-18T18:23:36.820382+00:00
[2022-10-18 11:23:36,837] {processor.py:161} INFO - Processing /home/ubuntu/airflow/airflow_env/lib/python3.8/site-packages/airflow/example_dags/example_task_group_decorator.py took 0.101 seconds
[2022-10-18 11:24:12,756] {processor.py:153} INFO - Started process (PID=270776) to work on /home/ubuntu/airflow/airflow_env/lib/python3.8/site-packages/airflow/example_dags/example_task_group_decorator.py
[2022-10-18 11:24:12,757] {processor.py:641} INFO - Processing file /home/ubuntu/airflow/airflow_env/lib/python3.8/site-packages/airflow/example_dags/example_task_group_decorator.py for tasks to queue
[2022-10-18 11:24:12,758] {logging_mixin.py:115} INFO - [2022-10-18 11:24:12,757] {dagbag.py:507} INFO - Filling up the DagBag from /home/ubuntu/airflow/airflow_env/lib/python3.8/site-packages/airflow/example_dags/example_task_group_decorator.py
[2022-10-18 11:24:12,789] {processor.py:651} INFO - DAG(s) dict_keys(['example_task_group_decorator']) retrieved from /home/ubuntu/airflow/airflow_env/lib/python3.8/site-packages/airflow/example_dags/example_task_group_decorator.py
[2022-10-18 11:24:12,841] {logging_mixin.py:115} INFO - [2022-10-18 11:24:12,840] {dag.py:2379} INFO - Sync 1 DAGs
[2022-10-18 11:24:12,852] {logging_mixin.py:115} INFO - [2022-10-18 11:24:12,852] {dag.py:2927} INFO - Setting next_dagrun for example_task_group_decorator to 2022-10-17T18:24:12.852525+00:00, run_after=2022-10-18T18:24:12.852525+00:00
[2022-10-18 11:24:12,869] {processor.py:161} INFO - Processing /home/ubuntu/airflow/airflow_env/lib/python3.8/site-packages/airflow/example_dags/example_task_group_decorator.py took 0.117 seconds
[2022-10-18 11:24:49,738] {processor.py:153} INFO - Started process (PID=270816) to work on /home/ubuntu/airflow/airflow_env/lib/python3.8/site-packages/airflow/example_dags/example_task_group_decorator.py
[2022-10-18 11:24:49,739] {processor.py:641} INFO - Processing file /home/ubuntu/airflow/airflow_env/lib/python3.8/site-packages/airflow/example_dags/example_task_group_decorator.py for tasks to queue
[2022-10-18 11:24:49,740] {logging_mixin.py:115} INFO - [2022-10-18 11:24:49,740] {dagbag.py:507} INFO - Filling up the DagBag from /home/ubuntu/airflow/airflow_env/lib/python3.8/site-packages/airflow/example_dags/example_task_group_decorator.py
[2022-10-18 11:24:49,767] {processor.py:651} INFO - DAG(s) dict_keys(['example_task_group_decorator']) retrieved from /home/ubuntu/airflow/airflow_env/lib/python3.8/site-packages/airflow/example_dags/example_task_group_decorator.py
[2022-10-18 11:24:49,784] {logging_mixin.py:115} INFO - [2022-10-18 11:24:49,784] {dag.py:2379} INFO - Sync 1 DAGs
[2022-10-18 11:24:49,797] {logging_mixin.py:115} INFO - [2022-10-18 11:24:49,797] {dag.py:2927} INFO - Setting next_dagrun for example_task_group_decorator to 2022-10-17T18:24:49.797303+00:00, run_after=2022-10-18T18:24:49.797303+00:00
[2022-10-18 11:24:49,809] {processor.py:161} INFO - Processing /home/ubuntu/airflow/airflow_env/lib/python3.8/site-packages/airflow/example_dags/example_task_group_decorator.py took 0.075 seconds
[2022-10-18 11:25:25,329] {processor.py:153} INFO - Started process (PID=270856) to work on /home/ubuntu/airflow/airflow_env/lib/python3.8/site-packages/airflow/example_dags/example_task_group_decorator.py
[2022-10-18 11:25:25,330] {processor.py:641} INFO - Processing file /home/ubuntu/airflow/airflow_env/lib/python3.8/site-packages/airflow/example_dags/example_task_group_decorator.py for tasks to queue
[2022-10-18 11:25:25,331] {logging_mixin.py:115} INFO - [2022-10-18 11:25:25,331] {dagbag.py:507} INFO - Filling up the DagBag from /home/ubuntu/airflow/airflow_env/lib/python3.8/site-packages/airflow/example_dags/example_task_group_decorator.py
[2022-10-18 11:25:25,362] {processor.py:651} INFO - DAG(s) dict_keys(['example_task_group_decorator']) retrieved from /home/ubuntu/airflow/airflow_env/lib/python3.8/site-packages/airflow/example_dags/example_task_group_decorator.py
[2022-10-18 11:25:25,408] {logging_mixin.py:115} INFO - [2022-10-18 11:25:25,407] {dag.py:2379} INFO - Sync 1 DAGs
[2022-10-18 11:25:25,419] {logging_mixin.py:115} INFO - [2022-10-18 11:25:25,418] {dag.py:2927} INFO - Setting next_dagrun for example_task_group_decorator to 2022-10-17T18:25:25.418544+00:00, run_after=2022-10-18T18:25:25.418544+00:00
[2022-10-18 11:25:25,436] {processor.py:161} INFO - Processing /home/ubuntu/airflow/airflow_env/lib/python3.8/site-packages/airflow/example_dags/example_task_group_decorator.py took 0.112 seconds
[2022-10-18 11:25:59,552] {processor.py:153} INFO - Started process (PID=270896) to work on /home/ubuntu/airflow/airflow_env/lib/python3.8/site-packages/airflow/example_dags/example_task_group_decorator.py
[2022-10-18 11:25:59,552] {processor.py:641} INFO - Processing file /home/ubuntu/airflow/airflow_env/lib/python3.8/site-packages/airflow/example_dags/example_task_group_decorator.py for tasks to queue
[2022-10-18 11:25:59,553] {logging_mixin.py:115} INFO - [2022-10-18 11:25:59,553] {dagbag.py:507} INFO - Filling up the DagBag from /home/ubuntu/airflow/airflow_env/lib/python3.8/site-packages/airflow/example_dags/example_task_group_decorator.py
[2022-10-18 11:25:59,586] {processor.py:651} INFO - DAG(s) dict_keys(['example_task_group_decorator']) retrieved from /home/ubuntu/airflow/airflow_env/lib/python3.8/site-packages/airflow/example_dags/example_task_group_decorator.py
[2022-10-18 11:25:59,608] {logging_mixin.py:115} INFO - [2022-10-18 11:25:59,608] {dag.py:2379} INFO - Sync 1 DAGs
[2022-10-18 11:25:59,631] {logging_mixin.py:115} INFO - [2022-10-18 11:25:59,631] {dag.py:2927} INFO - Setting next_dagrun for example_task_group_decorator to 2022-10-17T18:25:59.630781+00:00, run_after=2022-10-18T18:25:59.630781+00:00
[2022-10-18 11:25:59,645] {processor.py:161} INFO - Processing /home/ubuntu/airflow/airflow_env/lib/python3.8/site-packages/airflow/example_dags/example_task_group_decorator.py took 0.098 seconds
[2022-10-18 11:26:33,638] {processor.py:153} INFO - Started process (PID=270938) to work on /home/ubuntu/airflow/airflow_env/lib/python3.8/site-packages/airflow/example_dags/example_task_group_decorator.py
[2022-10-18 11:26:33,639] {processor.py:641} INFO - Processing file /home/ubuntu/airflow/airflow_env/lib/python3.8/site-packages/airflow/example_dags/example_task_group_decorator.py for tasks to queue
[2022-10-18 11:26:33,639] {logging_mixin.py:115} INFO - [2022-10-18 11:26:33,639] {dagbag.py:507} INFO - Filling up the DagBag from /home/ubuntu/airflow/airflow_env/lib/python3.8/site-packages/airflow/example_dags/example_task_group_decorator.py
[2022-10-18 11:26:33,667] {processor.py:651} INFO - DAG(s) dict_keys(['example_task_group_decorator']) retrieved from /home/ubuntu/airflow/airflow_env/lib/python3.8/site-packages/airflow/example_dags/example_task_group_decorator.py
[2022-10-18 11:26:33,683] {logging_mixin.py:115} INFO - [2022-10-18 11:26:33,683] {dag.py:2379} INFO - Sync 1 DAGs
[2022-10-18 11:26:33,697] {logging_mixin.py:115} INFO - [2022-10-18 11:26:33,697] {dag.py:2927} INFO - Setting next_dagrun for example_task_group_decorator to 2022-10-17T18:26:33.696986+00:00, run_after=2022-10-18T18:26:33.696986+00:00
[2022-10-18 11:26:33,711] {processor.py:161} INFO - Processing /home/ubuntu/airflow/airflow_env/lib/python3.8/site-packages/airflow/example_dags/example_task_group_decorator.py took 0.077 seconds
[2022-10-18 11:27:10,038] {processor.py:153} INFO - Started process (PID=270977) to work on /home/ubuntu/airflow/airflow_env/lib/python3.8/site-packages/airflow/example_dags/example_task_group_decorator.py
[2022-10-18 11:27:10,039] {processor.py:641} INFO - Processing file /home/ubuntu/airflow/airflow_env/lib/python3.8/site-packages/airflow/example_dags/example_task_group_decorator.py for tasks to queue
[2022-10-18 11:27:10,040] {logging_mixin.py:115} INFO - [2022-10-18 11:27:10,040] {dagbag.py:507} INFO - Filling up the DagBag from /home/ubuntu/airflow/airflow_env/lib/python3.8/site-packages/airflow/example_dags/example_task_group_decorator.py
[2022-10-18 11:27:10,076] {processor.py:651} INFO - DAG(s) dict_keys(['example_task_group_decorator']) retrieved from /home/ubuntu/airflow/airflow_env/lib/python3.8/site-packages/airflow/example_dags/example_task_group_decorator.py
[2022-10-18 11:27:10,096] {logging_mixin.py:115} INFO - [2022-10-18 11:27:10,096] {dag.py:2379} INFO - Sync 1 DAGs
[2022-10-18 11:27:10,111] {logging_mixin.py:115} INFO - [2022-10-18 11:27:10,111] {dag.py:2927} INFO - Setting next_dagrun for example_task_group_decorator to 2022-10-17T18:27:10.110881+00:00, run_after=2022-10-18T18:27:10.110881+00:00
[2022-10-18 11:27:10,123] {processor.py:161} INFO - Processing /home/ubuntu/airflow/airflow_env/lib/python3.8/site-packages/airflow/example_dags/example_task_group_decorator.py took 0.089 seconds
[2022-10-18 11:27:47,341] {processor.py:153} INFO - Started process (PID=271045) to work on /home/ubuntu/airflow/airflow_env/lib/python3.8/site-packages/airflow/example_dags/example_task_group_decorator.py
[2022-10-18 11:27:47,342] {processor.py:641} INFO - Processing file /home/ubuntu/airflow/airflow_env/lib/python3.8/site-packages/airflow/example_dags/example_task_group_decorator.py for tasks to queue
[2022-10-18 11:27:47,342] {logging_mixin.py:115} INFO - [2022-10-18 11:27:47,342] {dagbag.py:507} INFO - Filling up the DagBag from /home/ubuntu/airflow/airflow_env/lib/python3.8/site-packages/airflow/example_dags/example_task_group_decorator.py
[2022-10-18 11:27:47,371] {processor.py:651} INFO - DAG(s) dict_keys(['example_task_group_decorator']) retrieved from /home/ubuntu/airflow/airflow_env/lib/python3.8/site-packages/airflow/example_dags/example_task_group_decorator.py
[2022-10-18 11:27:47,435] {logging_mixin.py:115} INFO - [2022-10-18 11:27:47,435] {dag.py:2379} INFO - Sync 1 DAGs
[2022-10-18 11:27:47,454] {logging_mixin.py:115} INFO - [2022-10-18 11:27:47,454] {dag.py:2927} INFO - Setting next_dagrun for example_task_group_decorator to 2022-10-17T18:27:47.453996+00:00, run_after=2022-10-18T18:27:47.453996+00:00
[2022-10-18 11:27:47,473] {processor.py:161} INFO - Processing /home/ubuntu/airflow/airflow_env/lib/python3.8/site-packages/airflow/example_dags/example_task_group_decorator.py took 0.137 seconds
[2022-10-18 11:28:22,353] {processor.py:153} INFO - Started process (PID=271086) to work on /home/ubuntu/airflow/airflow_env/lib/python3.8/site-packages/airflow/example_dags/example_task_group_decorator.py
[2022-10-18 11:28:22,354] {processor.py:641} INFO - Processing file /home/ubuntu/airflow/airflow_env/lib/python3.8/site-packages/airflow/example_dags/example_task_group_decorator.py for tasks to queue
[2022-10-18 11:28:22,355] {logging_mixin.py:115} INFO - [2022-10-18 11:28:22,355] {dagbag.py:507} INFO - Filling up the DagBag from /home/ubuntu/airflow/airflow_env/lib/python3.8/site-packages/airflow/example_dags/example_task_group_decorator.py
[2022-10-18 11:28:22,384] {processor.py:651} INFO - DAG(s) dict_keys(['example_task_group_decorator']) retrieved from /home/ubuntu/airflow/airflow_env/lib/python3.8/site-packages/airflow/example_dags/example_task_group_decorator.py
[2022-10-18 11:28:22,428] {logging_mixin.py:115} INFO - [2022-10-18 11:28:22,428] {dag.py:2379} INFO - Sync 1 DAGs
[2022-10-18 11:28:22,440] {logging_mixin.py:115} INFO - [2022-10-18 11:28:22,439] {dag.py:2927} INFO - Setting next_dagrun for example_task_group_decorator to 2022-10-17T18:28:22.439390+00:00, run_after=2022-10-18T18:28:22.439390+00:00
[2022-10-18 11:28:22,455] {processor.py:161} INFO - Processing /home/ubuntu/airflow/airflow_env/lib/python3.8/site-packages/airflow/example_dags/example_task_group_decorator.py took 0.105 seconds
[2022-10-18 11:28:59,517] {processor.py:153} INFO - Started process (PID=271186) to work on /home/ubuntu/airflow/airflow_env/lib/python3.8/site-packages/airflow/example_dags/example_task_group_decorator.py
[2022-10-18 11:28:59,518] {processor.py:641} INFO - Processing file /home/ubuntu/airflow/airflow_env/lib/python3.8/site-packages/airflow/example_dags/example_task_group_decorator.py for tasks to queue
[2022-10-18 11:28:59,518] {logging_mixin.py:115} INFO - [2022-10-18 11:28:59,518] {dagbag.py:507} INFO - Filling up the DagBag from /home/ubuntu/airflow/airflow_env/lib/python3.8/site-packages/airflow/example_dags/example_task_group_decorator.py
[2022-10-18 11:28:59,553] {processor.py:651} INFO - DAG(s) dict_keys(['example_task_group_decorator']) retrieved from /home/ubuntu/airflow/airflow_env/lib/python3.8/site-packages/airflow/example_dags/example_task_group_decorator.py
[2022-10-18 11:28:59,574] {logging_mixin.py:115} INFO - [2022-10-18 11:28:59,574] {dag.py:2379} INFO - Sync 1 DAGs
[2022-10-18 11:28:59,601] {logging_mixin.py:115} INFO - [2022-10-18 11:28:59,601] {dag.py:2927} INFO - Setting next_dagrun for example_task_group_decorator to 2022-10-17T18:28:59.600499+00:00, run_after=2022-10-18T18:28:59.600499+00:00
[2022-10-18 11:28:59,632] {processor.py:161} INFO - Processing /home/ubuntu/airflow/airflow_env/lib/python3.8/site-packages/airflow/example_dags/example_task_group_decorator.py took 0.120 seconds
[2022-10-18 11:29:35,167] {processor.py:153} INFO - Started process (PID=271227) to work on /home/ubuntu/airflow/airflow_env/lib/python3.8/site-packages/airflow/example_dags/example_task_group_decorator.py
[2022-10-18 11:29:35,169] {processor.py:641} INFO - Processing file /home/ubuntu/airflow/airflow_env/lib/python3.8/site-packages/airflow/example_dags/example_task_group_decorator.py for tasks to queue
[2022-10-18 11:29:35,172] {logging_mixin.py:115} INFO - [2022-10-18 11:29:35,172] {dagbag.py:507} INFO - Filling up the DagBag from /home/ubuntu/airflow/airflow_env/lib/python3.8/site-packages/airflow/example_dags/example_task_group_decorator.py
[2022-10-18 11:29:35,218] {processor.py:651} INFO - DAG(s) dict_keys(['example_task_group_decorator']) retrieved from /home/ubuntu/airflow/airflow_env/lib/python3.8/site-packages/airflow/example_dags/example_task_group_decorator.py
[2022-10-18 11:29:35,298] {logging_mixin.py:115} INFO - [2022-10-18 11:29:35,298] {dag.py:2379} INFO - Sync 1 DAGs
[2022-10-18 11:29:35,314] {logging_mixin.py:115} INFO - [2022-10-18 11:29:35,313] {dag.py:2927} INFO - Setting next_dagrun for example_task_group_decorator to 2022-10-17T18:29:35.313490+00:00, run_after=2022-10-18T18:29:35.313490+00:00
[2022-10-18 11:29:35,327] {processor.py:161} INFO - Processing /home/ubuntu/airflow/airflow_env/lib/python3.8/site-packages/airflow/example_dags/example_task_group_decorator.py took 0.165 seconds
[2022-10-18 11:30:12,972] {processor.py:153} INFO - Started process (PID=271273) to work on /home/ubuntu/airflow/airflow_env/lib/python3.8/site-packages/airflow/example_dags/example_task_group_decorator.py
[2022-10-18 11:30:12,973] {processor.py:641} INFO - Processing file /home/ubuntu/airflow/airflow_env/lib/python3.8/site-packages/airflow/example_dags/example_task_group_decorator.py for tasks to queue
[2022-10-18 11:30:12,976] {logging_mixin.py:115} INFO - [2022-10-18 11:30:12,975] {dagbag.py:507} INFO - Filling up the DagBag from /home/ubuntu/airflow/airflow_env/lib/python3.8/site-packages/airflow/example_dags/example_task_group_decorator.py
[2022-10-18 11:30:13,032] {processor.py:651} INFO - DAG(s) dict_keys(['example_task_group_decorator']) retrieved from /home/ubuntu/airflow/airflow_env/lib/python3.8/site-packages/airflow/example_dags/example_task_group_decorator.py
[2022-10-18 11:30:13,108] {logging_mixin.py:115} INFO - [2022-10-18 11:30:13,108] {dag.py:2379} INFO - Sync 1 DAGs
[2022-10-18 11:30:13,123] {logging_mixin.py:115} INFO - [2022-10-18 11:30:13,123] {dag.py:2927} INFO - Setting next_dagrun for example_task_group_decorator to 2022-10-17T18:30:13.122802+00:00, run_after=2022-10-18T18:30:13.122802+00:00
[2022-10-18 11:30:13,141] {processor.py:161} INFO - Processing /home/ubuntu/airflow/airflow_env/lib/python3.8/site-packages/airflow/example_dags/example_task_group_decorator.py took 0.177 seconds
