[2022-10-18 00:12:58,301] {processor.py:153} INFO - Started process (PID=265877) to work on /home/ubuntu/airflow/airflow_env/lib/python3.8/site-packages/airflow/example_dags/example_nested_branch_dag.py
[2022-10-18 00:12:58,301] {processor.py:641} INFO - Processing file /home/ubuntu/airflow/airflow_env/lib/python3.8/site-packages/airflow/example_dags/example_nested_branch_dag.py for tasks to queue
[2022-10-18 00:12:58,302] {logging_mixin.py:115} INFO - [2022-10-18 00:12:58,302] {dagbag.py:507} INFO - Filling up the DagBag from /home/ubuntu/airflow/airflow_env/lib/python3.8/site-packages/airflow/example_dags/example_nested_branch_dag.py
[2022-10-18 00:12:58,313] {processor.py:651} INFO - DAG(s) dict_keys(['example_nested_branch_dag']) retrieved from /home/ubuntu/airflow/airflow_env/lib/python3.8/site-packages/airflow/example_dags/example_nested_branch_dag.py
[2022-10-18 00:12:58,331] {logging_mixin.py:115} INFO - [2022-10-18 00:12:58,331] {dag.py:2379} INFO - Sync 1 DAGs
[2022-10-18 00:12:58,347] {logging_mixin.py:115} INFO - [2022-10-18 00:12:58,347] {dag.py:2927} INFO - Setting next_dagrun for example_nested_branch_dag to 2022-10-17T00:00:00+00:00, run_after=2022-10-18T00:00:00+00:00
[2022-10-18 00:12:58,358] {processor.py:161} INFO - Processing /home/ubuntu/airflow/airflow_env/lib/python3.8/site-packages/airflow/example_dags/example_nested_branch_dag.py took 0.061 seconds
[2022-10-18 00:13:35,924] {processor.py:153} INFO - Started process (PID=265954) to work on /home/ubuntu/airflow/airflow_env/lib/python3.8/site-packages/airflow/example_dags/example_nested_branch_dag.py
[2022-10-18 00:13:35,925] {processor.py:641} INFO - Processing file /home/ubuntu/airflow/airflow_env/lib/python3.8/site-packages/airflow/example_dags/example_nested_branch_dag.py for tasks to queue
[2022-10-18 00:13:35,926] {logging_mixin.py:115} INFO - [2022-10-18 00:13:35,926] {dagbag.py:507} INFO - Filling up the DagBag from /home/ubuntu/airflow/airflow_env/lib/python3.8/site-packages/airflow/example_dags/example_nested_branch_dag.py
[2022-10-18 00:13:35,941] {processor.py:651} INFO - DAG(s) dict_keys(['example_nested_branch_dag']) retrieved from /home/ubuntu/airflow/airflow_env/lib/python3.8/site-packages/airflow/example_dags/example_nested_branch_dag.py
[2022-10-18 00:13:35,963] {logging_mixin.py:115} INFO - [2022-10-18 00:13:35,963] {dag.py:2379} INFO - Sync 1 DAGs
[2022-10-18 00:13:35,980] {logging_mixin.py:115} INFO - [2022-10-18 00:13:35,980] {dag.py:2927} INFO - Setting next_dagrun for example_nested_branch_dag to 2022-10-17T00:00:00+00:00, run_after=2022-10-18T00:00:00+00:00
[2022-10-18 00:13:35,993] {processor.py:161} INFO - Processing /home/ubuntu/airflow/airflow_env/lib/python3.8/site-packages/airflow/example_dags/example_nested_branch_dag.py took 0.075 seconds
[2022-10-18 00:14:09,595] {processor.py:153} INFO - Started process (PID=266012) to work on /home/ubuntu/airflow/airflow_env/lib/python3.8/site-packages/airflow/example_dags/example_nested_branch_dag.py
[2022-10-18 00:14:09,596] {processor.py:641} INFO - Processing file /home/ubuntu/airflow/airflow_env/lib/python3.8/site-packages/airflow/example_dags/example_nested_branch_dag.py for tasks to queue
[2022-10-18 00:14:09,597] {logging_mixin.py:115} INFO - [2022-10-18 00:14:09,597] {dagbag.py:507} INFO - Filling up the DagBag from /home/ubuntu/airflow/airflow_env/lib/python3.8/site-packages/airflow/example_dags/example_nested_branch_dag.py
[2022-10-18 00:14:09,611] {processor.py:651} INFO - DAG(s) dict_keys(['example_nested_branch_dag']) retrieved from /home/ubuntu/airflow/airflow_env/lib/python3.8/site-packages/airflow/example_dags/example_nested_branch_dag.py
[2022-10-18 00:14:09,637] {logging_mixin.py:115} INFO - [2022-10-18 00:14:09,637] {dag.py:2379} INFO - Sync 1 DAGs
[2022-10-18 00:14:09,657] {logging_mixin.py:115} INFO - [2022-10-18 00:14:09,657] {dag.py:2927} INFO - Setting next_dagrun for example_nested_branch_dag to 2022-10-17T00:00:00+00:00, run_after=2022-10-18T00:00:00+00:00
[2022-10-18 00:14:09,675] {processor.py:161} INFO - Processing /home/ubuntu/airflow/airflow_env/lib/python3.8/site-packages/airflow/example_dags/example_nested_branch_dag.py took 0.084 seconds
[2022-10-18 00:14:46,952] {processor.py:153} INFO - Started process (PID=266070) to work on /home/ubuntu/airflow/airflow_env/lib/python3.8/site-packages/airflow/example_dags/example_nested_branch_dag.py
[2022-10-18 00:14:46,955] {processor.py:641} INFO - Processing file /home/ubuntu/airflow/airflow_env/lib/python3.8/site-packages/airflow/example_dags/example_nested_branch_dag.py for tasks to queue
[2022-10-18 00:14:46,956] {logging_mixin.py:115} INFO - [2022-10-18 00:14:46,956] {dagbag.py:507} INFO - Filling up the DagBag from /home/ubuntu/airflow/airflow_env/lib/python3.8/site-packages/airflow/example_dags/example_nested_branch_dag.py
[2022-10-18 00:14:46,984] {processor.py:651} INFO - DAG(s) dict_keys(['example_nested_branch_dag']) retrieved from /home/ubuntu/airflow/airflow_env/lib/python3.8/site-packages/airflow/example_dags/example_nested_branch_dag.py
[2022-10-18 00:14:47,026] {logging_mixin.py:115} INFO - [2022-10-18 00:14:47,026] {dag.py:2379} INFO - Sync 1 DAGs
[2022-10-18 00:14:47,064] {logging_mixin.py:115} INFO - [2022-10-18 00:14:47,064] {dag.py:2927} INFO - Setting next_dagrun for example_nested_branch_dag to 2022-10-17T00:00:00+00:00, run_after=2022-10-18T00:00:00+00:00
[2022-10-18 00:14:47,086] {processor.py:161} INFO - Processing /home/ubuntu/airflow/airflow_env/lib/python3.8/site-packages/airflow/example_dags/example_nested_branch_dag.py took 0.142 seconds
[2022-10-18 00:15:23,071] {processor.py:153} INFO - Started process (PID=266159) to work on /home/ubuntu/airflow/airflow_env/lib/python3.8/site-packages/airflow/example_dags/example_nested_branch_dag.py
[2022-10-18 00:15:23,072] {processor.py:641} INFO - Processing file /home/ubuntu/airflow/airflow_env/lib/python3.8/site-packages/airflow/example_dags/example_nested_branch_dag.py for tasks to queue
[2022-10-18 00:15:23,073] {logging_mixin.py:115} INFO - [2022-10-18 00:15:23,073] {dagbag.py:507} INFO - Filling up the DagBag from /home/ubuntu/airflow/airflow_env/lib/python3.8/site-packages/airflow/example_dags/example_nested_branch_dag.py
[2022-10-18 00:15:23,086] {processor.py:651} INFO - DAG(s) dict_keys(['example_nested_branch_dag']) retrieved from /home/ubuntu/airflow/airflow_env/lib/python3.8/site-packages/airflow/example_dags/example_nested_branch_dag.py
[2022-10-18 00:15:23,112] {logging_mixin.py:115} INFO - [2022-10-18 00:15:23,112] {dag.py:2379} INFO - Sync 1 DAGs
[2022-10-18 00:15:23,136] {logging_mixin.py:115} INFO - [2022-10-18 00:15:23,135] {dag.py:2927} INFO - Setting next_dagrun for example_nested_branch_dag to 2022-10-17T00:00:00+00:00, run_after=2022-10-18T00:00:00+00:00
[2022-10-18 00:15:23,151] {processor.py:161} INFO - Processing /home/ubuntu/airflow/airflow_env/lib/python3.8/site-packages/airflow/example_dags/example_nested_branch_dag.py took 0.084 seconds
[2022-10-18 00:16:01,343] {processor.py:153} INFO - Started process (PID=266201) to work on /home/ubuntu/airflow/airflow_env/lib/python3.8/site-packages/airflow/example_dags/example_nested_branch_dag.py
[2022-10-18 00:16:01,344] {processor.py:641} INFO - Processing file /home/ubuntu/airflow/airflow_env/lib/python3.8/site-packages/airflow/example_dags/example_nested_branch_dag.py for tasks to queue
[2022-10-18 00:16:01,345] {logging_mixin.py:115} INFO - [2022-10-18 00:16:01,345] {dagbag.py:507} INFO - Filling up the DagBag from /home/ubuntu/airflow/airflow_env/lib/python3.8/site-packages/airflow/example_dags/example_nested_branch_dag.py
[2022-10-18 00:16:01,357] {processor.py:651} INFO - DAG(s) dict_keys(['example_nested_branch_dag']) retrieved from /home/ubuntu/airflow/airflow_env/lib/python3.8/site-packages/airflow/example_dags/example_nested_branch_dag.py
[2022-10-18 00:16:01,378] {logging_mixin.py:115} INFO - [2022-10-18 00:16:01,378] {dag.py:2379} INFO - Sync 1 DAGs
[2022-10-18 00:16:01,395] {logging_mixin.py:115} INFO - [2022-10-18 00:16:01,395] {dag.py:2927} INFO - Setting next_dagrun for example_nested_branch_dag to 2022-10-17T00:00:00+00:00, run_after=2022-10-18T00:00:00+00:00
[2022-10-18 00:16:01,407] {processor.py:161} INFO - Processing /home/ubuntu/airflow/airflow_env/lib/python3.8/site-packages/airflow/example_dags/example_nested_branch_dag.py took 0.067 seconds
[2022-10-18 00:16:38,607] {processor.py:153} INFO - Started process (PID=266243) to work on /home/ubuntu/airflow/airflow_env/lib/python3.8/site-packages/airflow/example_dags/example_nested_branch_dag.py
[2022-10-18 00:16:38,608] {processor.py:641} INFO - Processing file /home/ubuntu/airflow/airflow_env/lib/python3.8/site-packages/airflow/example_dags/example_nested_branch_dag.py for tasks to queue
[2022-10-18 00:16:38,609] {logging_mixin.py:115} INFO - [2022-10-18 00:16:38,609] {dagbag.py:507} INFO - Filling up the DagBag from /home/ubuntu/airflow/airflow_env/lib/python3.8/site-packages/airflow/example_dags/example_nested_branch_dag.py
[2022-10-18 00:16:38,620] {processor.py:651} INFO - DAG(s) dict_keys(['example_nested_branch_dag']) retrieved from /home/ubuntu/airflow/airflow_env/lib/python3.8/site-packages/airflow/example_dags/example_nested_branch_dag.py
[2022-10-18 00:16:38,640] {logging_mixin.py:115} INFO - [2022-10-18 00:16:38,640] {dag.py:2379} INFO - Sync 1 DAGs
[2022-10-18 00:16:38,657] {logging_mixin.py:115} INFO - [2022-10-18 00:16:38,657] {dag.py:2927} INFO - Setting next_dagrun for example_nested_branch_dag to 2022-10-17T00:00:00+00:00, run_after=2022-10-18T00:00:00+00:00
[2022-10-18 00:16:38,670] {processor.py:161} INFO - Processing /home/ubuntu/airflow/airflow_env/lib/python3.8/site-packages/airflow/example_dags/example_nested_branch_dag.py took 0.068 seconds
[2022-10-18 00:17:12,332] {processor.py:153} INFO - Started process (PID=266296) to work on /home/ubuntu/airflow/airflow_env/lib/python3.8/site-packages/airflow/example_dags/example_nested_branch_dag.py
[2022-10-18 00:17:12,333] {processor.py:641} INFO - Processing file /home/ubuntu/airflow/airflow_env/lib/python3.8/site-packages/airflow/example_dags/example_nested_branch_dag.py for tasks to queue
[2022-10-18 00:17:12,334] {logging_mixin.py:115} INFO - [2022-10-18 00:17:12,334] {dagbag.py:507} INFO - Filling up the DagBag from /home/ubuntu/airflow/airflow_env/lib/python3.8/site-packages/airflow/example_dags/example_nested_branch_dag.py
[2022-10-18 00:17:12,351] {processor.py:651} INFO - DAG(s) dict_keys(['example_nested_branch_dag']) retrieved from /home/ubuntu/airflow/airflow_env/lib/python3.8/site-packages/airflow/example_dags/example_nested_branch_dag.py
[2022-10-18 00:17:12,374] {logging_mixin.py:115} INFO - [2022-10-18 00:17:12,374] {dag.py:2379} INFO - Sync 1 DAGs
[2022-10-18 00:17:12,396] {logging_mixin.py:115} INFO - [2022-10-18 00:17:12,396] {dag.py:2927} INFO - Setting next_dagrun for example_nested_branch_dag to 2022-10-17T00:00:00+00:00, run_after=2022-10-18T00:00:00+00:00
[2022-10-18 00:17:12,410] {processor.py:161} INFO - Processing /home/ubuntu/airflow/airflow_env/lib/python3.8/site-packages/airflow/example_dags/example_nested_branch_dag.py took 0.090 seconds
[2022-10-18 00:17:51,029] {processor.py:153} INFO - Started process (PID=266350) to work on /home/ubuntu/airflow/airflow_env/lib/python3.8/site-packages/airflow/example_dags/example_nested_branch_dag.py
[2022-10-18 00:17:51,030] {processor.py:641} INFO - Processing file /home/ubuntu/airflow/airflow_env/lib/python3.8/site-packages/airflow/example_dags/example_nested_branch_dag.py for tasks to queue
[2022-10-18 00:17:51,031] {logging_mixin.py:115} INFO - [2022-10-18 00:17:51,031] {dagbag.py:507} INFO - Filling up the DagBag from /home/ubuntu/airflow/airflow_env/lib/python3.8/site-packages/airflow/example_dags/example_nested_branch_dag.py
[2022-10-18 00:17:51,045] {processor.py:651} INFO - DAG(s) dict_keys(['example_nested_branch_dag']) retrieved from /home/ubuntu/airflow/airflow_env/lib/python3.8/site-packages/airflow/example_dags/example_nested_branch_dag.py
[2022-10-18 00:17:51,068] {logging_mixin.py:115} INFO - [2022-10-18 00:17:51,068] {dag.py:2379} INFO - Sync 1 DAGs
[2022-10-18 00:17:51,096] {logging_mixin.py:115} INFO - [2022-10-18 00:17:51,095] {dag.py:2927} INFO - Setting next_dagrun for example_nested_branch_dag to 2022-10-17T00:00:00+00:00, run_after=2022-10-18T00:00:00+00:00
[2022-10-18 00:17:51,116] {processor.py:161} INFO - Processing /home/ubuntu/airflow/airflow_env/lib/python3.8/site-packages/airflow/example_dags/example_nested_branch_dag.py took 0.092 seconds
[2022-10-18 11:03:06,638] {processor.py:153} INFO - Started process (PID=267274) to work on /home/ubuntu/airflow/airflow_env/lib/python3.8/site-packages/airflow/example_dags/example_nested_branch_dag.py
[2022-10-18 11:03:06,639] {processor.py:641} INFO - Processing file /home/ubuntu/airflow/airflow_env/lib/python3.8/site-packages/airflow/example_dags/example_nested_branch_dag.py for tasks to queue
[2022-10-18 11:03:06,640] {logging_mixin.py:115} INFO - [2022-10-18 11:03:06,639] {dagbag.py:507} INFO - Filling up the DagBag from /home/ubuntu/airflow/airflow_env/lib/python3.8/site-packages/airflow/example_dags/example_nested_branch_dag.py
[2022-10-18 11:03:06,652] {processor.py:651} INFO - DAG(s) dict_keys(['example_nested_branch_dag']) retrieved from /home/ubuntu/airflow/airflow_env/lib/python3.8/site-packages/airflow/example_dags/example_nested_branch_dag.py
[2022-10-18 11:03:06,681] {logging_mixin.py:115} INFO - [2022-10-18 11:03:06,681] {dag.py:2379} INFO - Sync 1 DAGs
[2022-10-18 11:03:06,703] {logging_mixin.py:115} INFO - [2022-10-18 11:03:06,703] {dag.py:2927} INFO - Setting next_dagrun for example_nested_branch_dag to 2022-10-17T00:00:00+00:00, run_after=2022-10-18T00:00:00+00:00
[2022-10-18 11:03:06,717] {processor.py:161} INFO - Processing /home/ubuntu/airflow/airflow_env/lib/python3.8/site-packages/airflow/example_dags/example_nested_branch_dag.py took 0.083 seconds
[2022-10-18 11:03:43,778] {processor.py:153} INFO - Started process (PID=267447) to work on /home/ubuntu/airflow/airflow_env/lib/python3.8/site-packages/airflow/example_dags/example_nested_branch_dag.py
[2022-10-18 11:03:43,779] {processor.py:641} INFO - Processing file /home/ubuntu/airflow/airflow_env/lib/python3.8/site-packages/airflow/example_dags/example_nested_branch_dag.py for tasks to queue
[2022-10-18 11:03:43,780] {logging_mixin.py:115} INFO - [2022-10-18 11:03:43,780] {dagbag.py:507} INFO - Filling up the DagBag from /home/ubuntu/airflow/airflow_env/lib/python3.8/site-packages/airflow/example_dags/example_nested_branch_dag.py
[2022-10-18 11:03:43,790] {processor.py:651} INFO - DAG(s) dict_keys(['example_nested_branch_dag']) retrieved from /home/ubuntu/airflow/airflow_env/lib/python3.8/site-packages/airflow/example_dags/example_nested_branch_dag.py
[2022-10-18 11:03:43,807] {logging_mixin.py:115} INFO - [2022-10-18 11:03:43,806] {dag.py:2379} INFO - Sync 1 DAGs
[2022-10-18 11:03:43,822] {logging_mixin.py:115} INFO - [2022-10-18 11:03:43,822] {dag.py:2927} INFO - Setting next_dagrun for example_nested_branch_dag to 2022-10-17T00:00:00+00:00, run_after=2022-10-18T00:00:00+00:00
[2022-10-18 11:03:43,836] {processor.py:161} INFO - Processing /home/ubuntu/airflow/airflow_env/lib/python3.8/site-packages/airflow/example_dags/example_nested_branch_dag.py took 0.061 seconds
[2022-10-18 11:04:18,628] {processor.py:153} INFO - Started process (PID=267485) to work on /home/ubuntu/airflow/airflow_env/lib/python3.8/site-packages/airflow/example_dags/example_nested_branch_dag.py
[2022-10-18 11:04:18,628] {processor.py:641} INFO - Processing file /home/ubuntu/airflow/airflow_env/lib/python3.8/site-packages/airflow/example_dags/example_nested_branch_dag.py for tasks to queue
[2022-10-18 11:04:18,629] {logging_mixin.py:115} INFO - [2022-10-18 11:04:18,629] {dagbag.py:507} INFO - Filling up the DagBag from /home/ubuntu/airflow/airflow_env/lib/python3.8/site-packages/airflow/example_dags/example_nested_branch_dag.py
[2022-10-18 11:04:18,640] {processor.py:651} INFO - DAG(s) dict_keys(['example_nested_branch_dag']) retrieved from /home/ubuntu/airflow/airflow_env/lib/python3.8/site-packages/airflow/example_dags/example_nested_branch_dag.py
[2022-10-18 11:04:18,657] {logging_mixin.py:115} INFO - [2022-10-18 11:04:18,657] {dag.py:2379} INFO - Sync 1 DAGs
[2022-10-18 11:04:18,678] {logging_mixin.py:115} INFO - [2022-10-18 11:04:18,677] {dag.py:2927} INFO - Setting next_dagrun for example_nested_branch_dag to 2022-10-17T00:00:00+00:00, run_after=2022-10-18T00:00:00+00:00
[2022-10-18 11:04:18,691] {processor.py:161} INFO - Processing /home/ubuntu/airflow/airflow_env/lib/python3.8/site-packages/airflow/example_dags/example_nested_branch_dag.py took 0.067 seconds
[2022-10-18 11:04:53,496] {processor.py:153} INFO - Started process (PID=267525) to work on /home/ubuntu/airflow/airflow_env/lib/python3.8/site-packages/airflow/example_dags/example_nested_branch_dag.py
[2022-10-18 11:04:53,497] {processor.py:641} INFO - Processing file /home/ubuntu/airflow/airflow_env/lib/python3.8/site-packages/airflow/example_dags/example_nested_branch_dag.py for tasks to queue
[2022-10-18 11:04:53,497] {logging_mixin.py:115} INFO - [2022-10-18 11:04:53,497] {dagbag.py:507} INFO - Filling up the DagBag from /home/ubuntu/airflow/airflow_env/lib/python3.8/site-packages/airflow/example_dags/example_nested_branch_dag.py
[2022-10-18 11:04:53,508] {processor.py:651} INFO - DAG(s) dict_keys(['example_nested_branch_dag']) retrieved from /home/ubuntu/airflow/airflow_env/lib/python3.8/site-packages/airflow/example_dags/example_nested_branch_dag.py
[2022-10-18 11:04:53,525] {logging_mixin.py:115} INFO - [2022-10-18 11:04:53,525] {dag.py:2379} INFO - Sync 1 DAGs
[2022-10-18 11:04:53,542] {logging_mixin.py:115} INFO - [2022-10-18 11:04:53,542] {dag.py:2927} INFO - Setting next_dagrun for example_nested_branch_dag to 2022-10-17T00:00:00+00:00, run_after=2022-10-18T00:00:00+00:00
[2022-10-18 11:04:53,556] {processor.py:161} INFO - Processing /home/ubuntu/airflow/airflow_env/lib/python3.8/site-packages/airflow/example_dags/example_nested_branch_dag.py took 0.064 seconds
[2022-10-18 11:05:30,525] {processor.py:153} INFO - Started process (PID=267847) to work on /home/ubuntu/airflow/airflow_env/lib/python3.8/site-packages/airflow/example_dags/example_nested_branch_dag.py
[2022-10-18 11:05:30,525] {processor.py:641} INFO - Processing file /home/ubuntu/airflow/airflow_env/lib/python3.8/site-packages/airflow/example_dags/example_nested_branch_dag.py for tasks to queue
[2022-10-18 11:05:30,526] {logging_mixin.py:115} INFO - [2022-10-18 11:05:30,526] {dagbag.py:507} INFO - Filling up the DagBag from /home/ubuntu/airflow/airflow_env/lib/python3.8/site-packages/airflow/example_dags/example_nested_branch_dag.py
[2022-10-18 11:05:30,535] {processor.py:651} INFO - DAG(s) dict_keys(['example_nested_branch_dag']) retrieved from /home/ubuntu/airflow/airflow_env/lib/python3.8/site-packages/airflow/example_dags/example_nested_branch_dag.py
[2022-10-18 11:05:30,554] {logging_mixin.py:115} INFO - [2022-10-18 11:05:30,554] {dag.py:2379} INFO - Sync 1 DAGs
[2022-10-18 11:05:30,572] {logging_mixin.py:115} INFO - [2022-10-18 11:05:30,572] {dag.py:2927} INFO - Setting next_dagrun for example_nested_branch_dag to 2022-10-17T00:00:00+00:00, run_after=2022-10-18T00:00:00+00:00
[2022-10-18 11:05:30,587] {processor.py:161} INFO - Processing /home/ubuntu/airflow/airflow_env/lib/python3.8/site-packages/airflow/example_dags/example_nested_branch_dag.py took 0.066 seconds
[2022-10-18 11:06:04,516] {processor.py:153} INFO - Started process (PID=267889) to work on /home/ubuntu/airflow/airflow_env/lib/python3.8/site-packages/airflow/example_dags/example_nested_branch_dag.py
[2022-10-18 11:06:04,517] {processor.py:641} INFO - Processing file /home/ubuntu/airflow/airflow_env/lib/python3.8/site-packages/airflow/example_dags/example_nested_branch_dag.py for tasks to queue
[2022-10-18 11:06:04,518] {logging_mixin.py:115} INFO - [2022-10-18 11:06:04,518] {dagbag.py:507} INFO - Filling up the DagBag from /home/ubuntu/airflow/airflow_env/lib/python3.8/site-packages/airflow/example_dags/example_nested_branch_dag.py
[2022-10-18 11:06:04,531] {processor.py:651} INFO - DAG(s) dict_keys(['example_nested_branch_dag']) retrieved from /home/ubuntu/airflow/airflow_env/lib/python3.8/site-packages/airflow/example_dags/example_nested_branch_dag.py
[2022-10-18 11:06:04,557] {logging_mixin.py:115} INFO - [2022-10-18 11:06:04,556] {dag.py:2379} INFO - Sync 1 DAGs
[2022-10-18 11:06:04,579] {logging_mixin.py:115} INFO - [2022-10-18 11:06:04,579] {dag.py:2927} INFO - Setting next_dagrun for example_nested_branch_dag to 2022-10-17T00:00:00+00:00, run_after=2022-10-18T00:00:00+00:00
[2022-10-18 11:06:04,598] {processor.py:161} INFO - Processing /home/ubuntu/airflow/airflow_env/lib/python3.8/site-packages/airflow/example_dags/example_nested_branch_dag.py took 0.087 seconds
[2022-10-18 11:06:42,509] {processor.py:153} INFO - Started process (PID=267934) to work on /home/ubuntu/airflow/airflow_env/lib/python3.8/site-packages/airflow/example_dags/example_nested_branch_dag.py
[2022-10-18 11:06:42,510] {processor.py:641} INFO - Processing file /home/ubuntu/airflow/airflow_env/lib/python3.8/site-packages/airflow/example_dags/example_nested_branch_dag.py for tasks to queue
[2022-10-18 11:06:42,511] {logging_mixin.py:115} INFO - [2022-10-18 11:06:42,511] {dagbag.py:507} INFO - Filling up the DagBag from /home/ubuntu/airflow/airflow_env/lib/python3.8/site-packages/airflow/example_dags/example_nested_branch_dag.py
[2022-10-18 11:06:42,521] {processor.py:651} INFO - DAG(s) dict_keys(['example_nested_branch_dag']) retrieved from /home/ubuntu/airflow/airflow_env/lib/python3.8/site-packages/airflow/example_dags/example_nested_branch_dag.py
[2022-10-18 11:06:42,544] {logging_mixin.py:115} INFO - [2022-10-18 11:06:42,544] {dag.py:2379} INFO - Sync 1 DAGs
[2022-10-18 11:06:42,563] {logging_mixin.py:115} INFO - [2022-10-18 11:06:42,563] {dag.py:2927} INFO - Setting next_dagrun for example_nested_branch_dag to 2022-10-17T00:00:00+00:00, run_after=2022-10-18T00:00:00+00:00
[2022-10-18 11:06:42,578] {processor.py:161} INFO - Processing /home/ubuntu/airflow/airflow_env/lib/python3.8/site-packages/airflow/example_dags/example_nested_branch_dag.py took 0.072 seconds
[2022-10-18 11:07:16,790] {processor.py:153} INFO - Started process (PID=267982) to work on /home/ubuntu/airflow/airflow_env/lib/python3.8/site-packages/airflow/example_dags/example_nested_branch_dag.py
[2022-10-18 11:07:16,791] {processor.py:641} INFO - Processing file /home/ubuntu/airflow/airflow_env/lib/python3.8/site-packages/airflow/example_dags/example_nested_branch_dag.py for tasks to queue
[2022-10-18 11:07:16,791] {logging_mixin.py:115} INFO - [2022-10-18 11:07:16,791] {dagbag.py:507} INFO - Filling up the DagBag from /home/ubuntu/airflow/airflow_env/lib/python3.8/site-packages/airflow/example_dags/example_nested_branch_dag.py
[2022-10-18 11:07:16,801] {processor.py:651} INFO - DAG(s) dict_keys(['example_nested_branch_dag']) retrieved from /home/ubuntu/airflow/airflow_env/lib/python3.8/site-packages/airflow/example_dags/example_nested_branch_dag.py
[2022-10-18 11:07:16,818] {logging_mixin.py:115} INFO - [2022-10-18 11:07:16,818] {dag.py:2379} INFO - Sync 1 DAGs
[2022-10-18 11:07:16,833] {logging_mixin.py:115} INFO - [2022-10-18 11:07:16,833] {dag.py:2927} INFO - Setting next_dagrun for example_nested_branch_dag to 2022-10-17T00:00:00+00:00, run_after=2022-10-18T00:00:00+00:00
[2022-10-18 11:07:16,846] {processor.py:161} INFO - Processing /home/ubuntu/airflow/airflow_env/lib/python3.8/site-packages/airflow/example_dags/example_nested_branch_dag.py took 0.059 seconds
[2022-10-18 11:07:51,524] {processor.py:153} INFO - Started process (PID=268048) to work on /home/ubuntu/airflow/airflow_env/lib/python3.8/site-packages/airflow/example_dags/example_nested_branch_dag.py
[2022-10-18 11:07:51,526] {processor.py:641} INFO - Processing file /home/ubuntu/airflow/airflow_env/lib/python3.8/site-packages/airflow/example_dags/example_nested_branch_dag.py for tasks to queue
[2022-10-18 11:07:51,527] {logging_mixin.py:115} INFO - [2022-10-18 11:07:51,526] {dagbag.py:507} INFO - Filling up the DagBag from /home/ubuntu/airflow/airflow_env/lib/python3.8/site-packages/airflow/example_dags/example_nested_branch_dag.py
[2022-10-18 11:07:51,539] {processor.py:651} INFO - DAG(s) dict_keys(['example_nested_branch_dag']) retrieved from /home/ubuntu/airflow/airflow_env/lib/python3.8/site-packages/airflow/example_dags/example_nested_branch_dag.py
[2022-10-18 11:07:51,557] {logging_mixin.py:115} INFO - [2022-10-18 11:07:51,556] {dag.py:2379} INFO - Sync 1 DAGs
[2022-10-18 11:07:51,572] {logging_mixin.py:115} INFO - [2022-10-18 11:07:51,572] {dag.py:2927} INFO - Setting next_dagrun for example_nested_branch_dag to 2022-10-17T00:00:00+00:00, run_after=2022-10-18T00:00:00+00:00
[2022-10-18 11:07:51,584] {processor.py:161} INFO - Processing /home/ubuntu/airflow/airflow_env/lib/python3.8/site-packages/airflow/example_dags/example_nested_branch_dag.py took 0.063 seconds
[2022-10-18 11:08:28,399] {processor.py:153} INFO - Started process (PID=268087) to work on /home/ubuntu/airflow/airflow_env/lib/python3.8/site-packages/airflow/example_dags/example_nested_branch_dag.py
[2022-10-18 11:08:28,400] {processor.py:641} INFO - Processing file /home/ubuntu/airflow/airflow_env/lib/python3.8/site-packages/airflow/example_dags/example_nested_branch_dag.py for tasks to queue
[2022-10-18 11:08:28,401] {logging_mixin.py:115} INFO - [2022-10-18 11:08:28,401] {dagbag.py:507} INFO - Filling up the DagBag from /home/ubuntu/airflow/airflow_env/lib/python3.8/site-packages/airflow/example_dags/example_nested_branch_dag.py
[2022-10-18 11:08:28,413] {processor.py:651} INFO - DAG(s) dict_keys(['example_nested_branch_dag']) retrieved from /home/ubuntu/airflow/airflow_env/lib/python3.8/site-packages/airflow/example_dags/example_nested_branch_dag.py
[2022-10-18 11:08:28,434] {logging_mixin.py:115} INFO - [2022-10-18 11:08:28,434] {dag.py:2379} INFO - Sync 1 DAGs
[2022-10-18 11:08:28,454] {logging_mixin.py:115} INFO - [2022-10-18 11:08:28,454] {dag.py:2927} INFO - Setting next_dagrun for example_nested_branch_dag to 2022-10-17T00:00:00+00:00, run_after=2022-10-18T00:00:00+00:00
[2022-10-18 11:08:28,467] {processor.py:161} INFO - Processing /home/ubuntu/airflow/airflow_env/lib/python3.8/site-packages/airflow/example_dags/example_nested_branch_dag.py took 0.071 seconds
[2022-10-18 11:09:03,512] {processor.py:153} INFO - Started process (PID=268123) to work on /home/ubuntu/airflow/airflow_env/lib/python3.8/site-packages/airflow/example_dags/example_nested_branch_dag.py
[2022-10-18 11:09:03,513] {processor.py:641} INFO - Processing file /home/ubuntu/airflow/airflow_env/lib/python3.8/site-packages/airflow/example_dags/example_nested_branch_dag.py for tasks to queue
[2022-10-18 11:09:03,514] {logging_mixin.py:115} INFO - [2022-10-18 11:09:03,514] {dagbag.py:507} INFO - Filling up the DagBag from /home/ubuntu/airflow/airflow_env/lib/python3.8/site-packages/airflow/example_dags/example_nested_branch_dag.py
[2022-10-18 11:09:03,525] {processor.py:651} INFO - DAG(s) dict_keys(['example_nested_branch_dag']) retrieved from /home/ubuntu/airflow/airflow_env/lib/python3.8/site-packages/airflow/example_dags/example_nested_branch_dag.py
[2022-10-18 11:09:03,541] {logging_mixin.py:115} INFO - [2022-10-18 11:09:03,541] {dag.py:2379} INFO - Sync 1 DAGs
[2022-10-18 11:09:03,561] {logging_mixin.py:115} INFO - [2022-10-18 11:09:03,561] {dag.py:2927} INFO - Setting next_dagrun for example_nested_branch_dag to 2022-10-17T00:00:00+00:00, run_after=2022-10-18T00:00:00+00:00
[2022-10-18 11:09:03,573] {processor.py:161} INFO - Processing /home/ubuntu/airflow/airflow_env/lib/python3.8/site-packages/airflow/example_dags/example_nested_branch_dag.py took 0.064 seconds
[2022-10-18 11:09:40,489] {processor.py:153} INFO - Started process (PID=268165) to work on /home/ubuntu/airflow/airflow_env/lib/python3.8/site-packages/airflow/example_dags/example_nested_branch_dag.py
[2022-10-18 11:09:40,490] {processor.py:641} INFO - Processing file /home/ubuntu/airflow/airflow_env/lib/python3.8/site-packages/airflow/example_dags/example_nested_branch_dag.py for tasks to queue
[2022-10-18 11:09:40,491] {logging_mixin.py:115} INFO - [2022-10-18 11:09:40,491] {dagbag.py:507} INFO - Filling up the DagBag from /home/ubuntu/airflow/airflow_env/lib/python3.8/site-packages/airflow/example_dags/example_nested_branch_dag.py
[2022-10-18 11:09:40,504] {processor.py:651} INFO - DAG(s) dict_keys(['example_nested_branch_dag']) retrieved from /home/ubuntu/airflow/airflow_env/lib/python3.8/site-packages/airflow/example_dags/example_nested_branch_dag.py
[2022-10-18 11:09:40,525] {logging_mixin.py:115} INFO - [2022-10-18 11:09:40,525] {dag.py:2379} INFO - Sync 1 DAGs
[2022-10-18 11:09:40,542] {logging_mixin.py:115} INFO - [2022-10-18 11:09:40,542] {dag.py:2927} INFO - Setting next_dagrun for example_nested_branch_dag to 2022-10-17T00:00:00+00:00, run_after=2022-10-18T00:00:00+00:00
[2022-10-18 11:09:40,554] {processor.py:161} INFO - Processing /home/ubuntu/airflow/airflow_env/lib/python3.8/site-packages/airflow/example_dags/example_nested_branch_dag.py took 0.069 seconds
[2022-10-18 11:10:18,334] {processor.py:153} INFO - Started process (PID=268205) to work on /home/ubuntu/airflow/airflow_env/lib/python3.8/site-packages/airflow/example_dags/example_nested_branch_dag.py
[2022-10-18 11:10:18,335] {processor.py:641} INFO - Processing file /home/ubuntu/airflow/airflow_env/lib/python3.8/site-packages/airflow/example_dags/example_nested_branch_dag.py for tasks to queue
[2022-10-18 11:10:18,335] {logging_mixin.py:115} INFO - [2022-10-18 11:10:18,335] {dagbag.py:507} INFO - Filling up the DagBag from /home/ubuntu/airflow/airflow_env/lib/python3.8/site-packages/airflow/example_dags/example_nested_branch_dag.py
[2022-10-18 11:10:18,345] {processor.py:651} INFO - DAG(s) dict_keys(['example_nested_branch_dag']) retrieved from /home/ubuntu/airflow/airflow_env/lib/python3.8/site-packages/airflow/example_dags/example_nested_branch_dag.py
[2022-10-18 11:10:18,363] {logging_mixin.py:115} INFO - [2022-10-18 11:10:18,362] {dag.py:2379} INFO - Sync 1 DAGs
[2022-10-18 11:10:18,377] {logging_mixin.py:115} INFO - [2022-10-18 11:10:18,377] {dag.py:2927} INFO - Setting next_dagrun for example_nested_branch_dag to 2022-10-17T00:00:00+00:00, run_after=2022-10-18T00:00:00+00:00
[2022-10-18 11:10:18,388] {processor.py:161} INFO - Processing /home/ubuntu/airflow/airflow_env/lib/python3.8/site-packages/airflow/example_dags/example_nested_branch_dag.py took 0.058 seconds
[2022-10-18 11:10:53,184] {processor.py:153} INFO - Started process (PID=268246) to work on /home/ubuntu/airflow/airflow_env/lib/python3.8/site-packages/airflow/example_dags/example_nested_branch_dag.py
[2022-10-18 11:10:53,185] {processor.py:641} INFO - Processing file /home/ubuntu/airflow/airflow_env/lib/python3.8/site-packages/airflow/example_dags/example_nested_branch_dag.py for tasks to queue
[2022-10-18 11:10:53,186] {logging_mixin.py:115} INFO - [2022-10-18 11:10:53,185] {dagbag.py:507} INFO - Filling up the DagBag from /home/ubuntu/airflow/airflow_env/lib/python3.8/site-packages/airflow/example_dags/example_nested_branch_dag.py
[2022-10-18 11:10:53,195] {processor.py:651} INFO - DAG(s) dict_keys(['example_nested_branch_dag']) retrieved from /home/ubuntu/airflow/airflow_env/lib/python3.8/site-packages/airflow/example_dags/example_nested_branch_dag.py
[2022-10-18 11:10:53,211] {logging_mixin.py:115} INFO - [2022-10-18 11:10:53,211] {dag.py:2379} INFO - Sync 1 DAGs
[2022-10-18 11:10:53,227] {logging_mixin.py:115} INFO - [2022-10-18 11:10:53,227] {dag.py:2927} INFO - Setting next_dagrun for example_nested_branch_dag to 2022-10-17T00:00:00+00:00, run_after=2022-10-18T00:00:00+00:00
[2022-10-18 11:10:53,239] {processor.py:161} INFO - Processing /home/ubuntu/airflow/airflow_env/lib/python3.8/site-packages/airflow/example_dags/example_nested_branch_dag.py took 0.059 seconds
[2022-10-18 11:11:29,283] {processor.py:153} INFO - Started process (PID=268294) to work on /home/ubuntu/airflow/airflow_env/lib/python3.8/site-packages/airflow/example_dags/example_nested_branch_dag.py
[2022-10-18 11:11:29,284] {processor.py:641} INFO - Processing file /home/ubuntu/airflow/airflow_env/lib/python3.8/site-packages/airflow/example_dags/example_nested_branch_dag.py for tasks to queue
[2022-10-18 11:11:29,284] {logging_mixin.py:115} INFO - [2022-10-18 11:11:29,284] {dagbag.py:507} INFO - Filling up the DagBag from /home/ubuntu/airflow/airflow_env/lib/python3.8/site-packages/airflow/example_dags/example_nested_branch_dag.py
[2022-10-18 11:11:29,294] {processor.py:651} INFO - DAG(s) dict_keys(['example_nested_branch_dag']) retrieved from /home/ubuntu/airflow/airflow_env/lib/python3.8/site-packages/airflow/example_dags/example_nested_branch_dag.py
[2022-10-18 11:11:29,311] {logging_mixin.py:115} INFO - [2022-10-18 11:11:29,311] {dag.py:2379} INFO - Sync 1 DAGs
[2022-10-18 11:11:29,327] {logging_mixin.py:115} INFO - [2022-10-18 11:11:29,327] {dag.py:2927} INFO - Setting next_dagrun for example_nested_branch_dag to 2022-10-17T00:00:00+00:00, run_after=2022-10-18T00:00:00+00:00
[2022-10-18 11:11:29,338] {processor.py:161} INFO - Processing /home/ubuntu/airflow/airflow_env/lib/python3.8/site-packages/airflow/example_dags/example_nested_branch_dag.py took 0.059 seconds
[2022-10-18 11:12:06,414] {processor.py:153} INFO - Started process (PID=268334) to work on /home/ubuntu/airflow/airflow_env/lib/python3.8/site-packages/airflow/example_dags/example_nested_branch_dag.py
[2022-10-18 11:12:06,415] {processor.py:641} INFO - Processing file /home/ubuntu/airflow/airflow_env/lib/python3.8/site-packages/airflow/example_dags/example_nested_branch_dag.py for tasks to queue
[2022-10-18 11:12:06,415] {logging_mixin.py:115} INFO - [2022-10-18 11:12:06,415] {dagbag.py:507} INFO - Filling up the DagBag from /home/ubuntu/airflow/airflow_env/lib/python3.8/site-packages/airflow/example_dags/example_nested_branch_dag.py
[2022-10-18 11:12:06,426] {processor.py:651} INFO - DAG(s) dict_keys(['example_nested_branch_dag']) retrieved from /home/ubuntu/airflow/airflow_env/lib/python3.8/site-packages/airflow/example_dags/example_nested_branch_dag.py
[2022-10-18 11:12:06,444] {logging_mixin.py:115} INFO - [2022-10-18 11:12:06,444] {dag.py:2379} INFO - Sync 1 DAGs
[2022-10-18 11:12:06,459] {logging_mixin.py:115} INFO - [2022-10-18 11:12:06,458] {dag.py:2927} INFO - Setting next_dagrun for example_nested_branch_dag to 2022-10-17T00:00:00+00:00, run_after=2022-10-18T00:00:00+00:00
[2022-10-18 11:12:06,472] {processor.py:161} INFO - Processing /home/ubuntu/airflow/airflow_env/lib/python3.8/site-packages/airflow/example_dags/example_nested_branch_dag.py took 0.061 seconds
[2022-10-18 11:12:42,801] {processor.py:153} INFO - Started process (PID=268401) to work on /home/ubuntu/airflow/airflow_env/lib/python3.8/site-packages/airflow/example_dags/example_nested_branch_dag.py
[2022-10-18 11:12:42,802] {processor.py:641} INFO - Processing file /home/ubuntu/airflow/airflow_env/lib/python3.8/site-packages/airflow/example_dags/example_nested_branch_dag.py for tasks to queue
[2022-10-18 11:12:42,803] {logging_mixin.py:115} INFO - [2022-10-18 11:12:42,802] {dagbag.py:507} INFO - Filling up the DagBag from /home/ubuntu/airflow/airflow_env/lib/python3.8/site-packages/airflow/example_dags/example_nested_branch_dag.py
[2022-10-18 11:12:42,813] {processor.py:651} INFO - DAG(s) dict_keys(['example_nested_branch_dag']) retrieved from /home/ubuntu/airflow/airflow_env/lib/python3.8/site-packages/airflow/example_dags/example_nested_branch_dag.py
[2022-10-18 11:12:42,829] {logging_mixin.py:115} INFO - [2022-10-18 11:12:42,829] {dag.py:2379} INFO - Sync 1 DAGs
[2022-10-18 11:12:42,848] {logging_mixin.py:115} INFO - [2022-10-18 11:12:42,848] {dag.py:2927} INFO - Setting next_dagrun for example_nested_branch_dag to 2022-10-17T00:00:00+00:00, run_after=2022-10-18T00:00:00+00:00
[2022-10-18 11:12:42,861] {processor.py:161} INFO - Processing /home/ubuntu/airflow/airflow_env/lib/python3.8/site-packages/airflow/example_dags/example_nested_branch_dag.py took 0.064 seconds
[2022-10-18 11:13:18,459] {processor.py:153} INFO - Started process (PID=268441) to work on /home/ubuntu/airflow/airflow_env/lib/python3.8/site-packages/airflow/example_dags/example_nested_branch_dag.py
[2022-10-18 11:13:18,467] {processor.py:641} INFO - Processing file /home/ubuntu/airflow/airflow_env/lib/python3.8/site-packages/airflow/example_dags/example_nested_branch_dag.py for tasks to queue
[2022-10-18 11:13:18,468] {logging_mixin.py:115} INFO - [2022-10-18 11:13:18,468] {dagbag.py:507} INFO - Filling up the DagBag from /home/ubuntu/airflow/airflow_env/lib/python3.8/site-packages/airflow/example_dags/example_nested_branch_dag.py
[2022-10-18 11:13:18,487] {processor.py:651} INFO - DAG(s) dict_keys(['example_nested_branch_dag']) retrieved from /home/ubuntu/airflow/airflow_env/lib/python3.8/site-packages/airflow/example_dags/example_nested_branch_dag.py
[2022-10-18 11:13:18,532] {logging_mixin.py:115} INFO - [2022-10-18 11:13:18,532] {dag.py:2379} INFO - Sync 1 DAGs
[2022-10-18 11:13:18,587] {logging_mixin.py:115} INFO - [2022-10-18 11:13:18,587] {dag.py:2927} INFO - Setting next_dagrun for example_nested_branch_dag to 2022-10-17T00:00:00+00:00, run_after=2022-10-18T00:00:00+00:00
[2022-10-18 11:13:18,605] {processor.py:161} INFO - Processing /home/ubuntu/airflow/airflow_env/lib/python3.8/site-packages/airflow/example_dags/example_nested_branch_dag.py took 0.174 seconds
[2022-10-18 11:13:54,652] {processor.py:153} INFO - Started process (PID=268476) to work on /home/ubuntu/airflow/airflow_env/lib/python3.8/site-packages/airflow/example_dags/example_nested_branch_dag.py
[2022-10-18 11:13:54,653] {processor.py:641} INFO - Processing file /home/ubuntu/airflow/airflow_env/lib/python3.8/site-packages/airflow/example_dags/example_nested_branch_dag.py for tasks to queue
[2022-10-18 11:13:54,654] {logging_mixin.py:115} INFO - [2022-10-18 11:13:54,654] {dagbag.py:507} INFO - Filling up the DagBag from /home/ubuntu/airflow/airflow_env/lib/python3.8/site-packages/airflow/example_dags/example_nested_branch_dag.py
[2022-10-18 11:13:54,670] {processor.py:651} INFO - DAG(s) dict_keys(['example_nested_branch_dag']) retrieved from /home/ubuntu/airflow/airflow_env/lib/python3.8/site-packages/airflow/example_dags/example_nested_branch_dag.py
[2022-10-18 11:13:54,700] {logging_mixin.py:115} INFO - [2022-10-18 11:13:54,700] {dag.py:2379} INFO - Sync 1 DAGs
[2022-10-18 11:13:54,732] {logging_mixin.py:115} INFO - [2022-10-18 11:13:54,732] {dag.py:2927} INFO - Setting next_dagrun for example_nested_branch_dag to 2022-10-17T00:00:00+00:00, run_after=2022-10-18T00:00:00+00:00
[2022-10-18 11:13:54,751] {processor.py:161} INFO - Processing /home/ubuntu/airflow/airflow_env/lib/python3.8/site-packages/airflow/example_dags/example_nested_branch_dag.py took 0.105 seconds
[2022-10-18 11:14:29,146] {processor.py:153} INFO - Started process (PID=268517) to work on /home/ubuntu/airflow/airflow_env/lib/python3.8/site-packages/airflow/example_dags/example_nested_branch_dag.py
[2022-10-18 11:14:29,147] {processor.py:641} INFO - Processing file /home/ubuntu/airflow/airflow_env/lib/python3.8/site-packages/airflow/example_dags/example_nested_branch_dag.py for tasks to queue
[2022-10-18 11:14:29,148] {logging_mixin.py:115} INFO - [2022-10-18 11:14:29,148] {dagbag.py:507} INFO - Filling up the DagBag from /home/ubuntu/airflow/airflow_env/lib/python3.8/site-packages/airflow/example_dags/example_nested_branch_dag.py
[2022-10-18 11:14:29,160] {processor.py:651} INFO - DAG(s) dict_keys(['example_nested_branch_dag']) retrieved from /home/ubuntu/airflow/airflow_env/lib/python3.8/site-packages/airflow/example_dags/example_nested_branch_dag.py
[2022-10-18 11:14:29,179] {logging_mixin.py:115} INFO - [2022-10-18 11:14:29,179] {dag.py:2379} INFO - Sync 1 DAGs
[2022-10-18 11:14:29,196] {logging_mixin.py:115} INFO - [2022-10-18 11:14:29,195] {dag.py:2927} INFO - Setting next_dagrun for example_nested_branch_dag to 2022-10-17T00:00:00+00:00, run_after=2022-10-18T00:00:00+00:00
[2022-10-18 11:14:29,209] {processor.py:161} INFO - Processing /home/ubuntu/airflow/airflow_env/lib/python3.8/site-packages/airflow/example_dags/example_nested_branch_dag.py took 0.067 seconds
[2022-10-18 11:15:05,678] {processor.py:153} INFO - Started process (PID=268557) to work on /home/ubuntu/airflow/airflow_env/lib/python3.8/site-packages/airflow/example_dags/example_nested_branch_dag.py
[2022-10-18 11:15:05,679] {processor.py:641} INFO - Processing file /home/ubuntu/airflow/airflow_env/lib/python3.8/site-packages/airflow/example_dags/example_nested_branch_dag.py for tasks to queue
[2022-10-18 11:15:05,680] {logging_mixin.py:115} INFO - [2022-10-18 11:15:05,679] {dagbag.py:507} INFO - Filling up the DagBag from /home/ubuntu/airflow/airflow_env/lib/python3.8/site-packages/airflow/example_dags/example_nested_branch_dag.py
[2022-10-18 11:15:05,690] {processor.py:651} INFO - DAG(s) dict_keys(['example_nested_branch_dag']) retrieved from /home/ubuntu/airflow/airflow_env/lib/python3.8/site-packages/airflow/example_dags/example_nested_branch_dag.py
[2022-10-18 11:15:05,708] {logging_mixin.py:115} INFO - [2022-10-18 11:15:05,708] {dag.py:2379} INFO - Sync 1 DAGs
[2022-10-18 11:15:05,727] {logging_mixin.py:115} INFO - [2022-10-18 11:15:05,726] {dag.py:2927} INFO - Setting next_dagrun for example_nested_branch_dag to 2022-10-17T00:00:00+00:00, run_after=2022-10-18T00:00:00+00:00
[2022-10-18 11:15:05,739] {processor.py:161} INFO - Processing /home/ubuntu/airflow/airflow_env/lib/python3.8/site-packages/airflow/example_dags/example_nested_branch_dag.py took 0.064 seconds
[2022-10-18 11:15:41,123] {processor.py:153} INFO - Started process (PID=268594) to work on /home/ubuntu/airflow/airflow_env/lib/python3.8/site-packages/airflow/example_dags/example_nested_branch_dag.py
[2022-10-18 11:15:41,124] {processor.py:641} INFO - Processing file /home/ubuntu/airflow/airflow_env/lib/python3.8/site-packages/airflow/example_dags/example_nested_branch_dag.py for tasks to queue
[2022-10-18 11:15:41,124] {logging_mixin.py:115} INFO - [2022-10-18 11:15:41,124] {dagbag.py:507} INFO - Filling up the DagBag from /home/ubuntu/airflow/airflow_env/lib/python3.8/site-packages/airflow/example_dags/example_nested_branch_dag.py
[2022-10-18 11:15:41,134] {processor.py:651} INFO - DAG(s) dict_keys(['example_nested_branch_dag']) retrieved from /home/ubuntu/airflow/airflow_env/lib/python3.8/site-packages/airflow/example_dags/example_nested_branch_dag.py
[2022-10-18 11:15:41,151] {logging_mixin.py:115} INFO - [2022-10-18 11:15:41,151] {dag.py:2379} INFO - Sync 1 DAGs
[2022-10-18 11:15:41,168] {logging_mixin.py:115} INFO - [2022-10-18 11:15:41,168] {dag.py:2927} INFO - Setting next_dagrun for example_nested_branch_dag to 2022-10-17T00:00:00+00:00, run_after=2022-10-18T00:00:00+00:00
[2022-10-18 11:15:41,179] {processor.py:161} INFO - Processing /home/ubuntu/airflow/airflow_env/lib/python3.8/site-packages/airflow/example_dags/example_nested_branch_dag.py took 0.060 seconds
[2022-10-18 11:16:20,408] {processor.py:153} INFO - Started process (PID=268645) to work on /home/ubuntu/airflow/airflow_env/lib/python3.8/site-packages/airflow/example_dags/example_nested_branch_dag.py
[2022-10-18 11:16:20,409] {processor.py:641} INFO - Processing file /home/ubuntu/airflow/airflow_env/lib/python3.8/site-packages/airflow/example_dags/example_nested_branch_dag.py for tasks to queue
[2022-10-18 11:16:20,409] {logging_mixin.py:115} INFO - [2022-10-18 11:16:20,409] {dagbag.py:507} INFO - Filling up the DagBag from /home/ubuntu/airflow/airflow_env/lib/python3.8/site-packages/airflow/example_dags/example_nested_branch_dag.py
[2022-10-18 11:16:20,419] {processor.py:651} INFO - DAG(s) dict_keys(['example_nested_branch_dag']) retrieved from /home/ubuntu/airflow/airflow_env/lib/python3.8/site-packages/airflow/example_dags/example_nested_branch_dag.py
[2022-10-18 11:16:20,438] {logging_mixin.py:115} INFO - [2022-10-18 11:16:20,438] {dag.py:2379} INFO - Sync 1 DAGs
[2022-10-18 11:16:20,454] {logging_mixin.py:115} INFO - [2022-10-18 11:16:20,454] {dag.py:2927} INFO - Setting next_dagrun for example_nested_branch_dag to 2022-10-17T00:00:00+00:00, run_after=2022-10-18T00:00:00+00:00
[2022-10-18 11:16:20,468] {processor.py:161} INFO - Processing /home/ubuntu/airflow/airflow_env/lib/python3.8/site-packages/airflow/example_dags/example_nested_branch_dag.py took 0.065 seconds
[2022-10-18 11:16:56,279] {processor.py:153} INFO - Started process (PID=268683) to work on /home/ubuntu/airflow/airflow_env/lib/python3.8/site-packages/airflow/example_dags/example_nested_branch_dag.py
[2022-10-18 11:16:56,279] {processor.py:641} INFO - Processing file /home/ubuntu/airflow/airflow_env/lib/python3.8/site-packages/airflow/example_dags/example_nested_branch_dag.py for tasks to queue
[2022-10-18 11:16:56,280] {logging_mixin.py:115} INFO - [2022-10-18 11:16:56,280] {dagbag.py:507} INFO - Filling up the DagBag from /home/ubuntu/airflow/airflow_env/lib/python3.8/site-packages/airflow/example_dags/example_nested_branch_dag.py
[2022-10-18 11:16:56,292] {processor.py:651} INFO - DAG(s) dict_keys(['example_nested_branch_dag']) retrieved from /home/ubuntu/airflow/airflow_env/lib/python3.8/site-packages/airflow/example_dags/example_nested_branch_dag.py
[2022-10-18 11:16:56,313] {logging_mixin.py:115} INFO - [2022-10-18 11:16:56,313] {dag.py:2379} INFO - Sync 1 DAGs
[2022-10-18 11:16:56,330] {logging_mixin.py:115} INFO - [2022-10-18 11:16:56,330] {dag.py:2927} INFO - Setting next_dagrun for example_nested_branch_dag to 2022-10-17T00:00:00+00:00, run_after=2022-10-18T00:00:00+00:00
[2022-10-18 11:16:56,342] {processor.py:161} INFO - Processing /home/ubuntu/airflow/airflow_env/lib/python3.8/site-packages/airflow/example_dags/example_nested_branch_dag.py took 0.067 seconds
[2022-10-18 11:17:30,273] {processor.py:153} INFO - Started process (PID=268761) to work on /home/ubuntu/airflow/airflow_env/lib/python3.8/site-packages/airflow/example_dags/example_nested_branch_dag.py
[2022-10-18 11:17:30,274] {processor.py:641} INFO - Processing file /home/ubuntu/airflow/airflow_env/lib/python3.8/site-packages/airflow/example_dags/example_nested_branch_dag.py for tasks to queue
[2022-10-18 11:17:30,274] {logging_mixin.py:115} INFO - [2022-10-18 11:17:30,274] {dagbag.py:507} INFO - Filling up the DagBag from /home/ubuntu/airflow/airflow_env/lib/python3.8/site-packages/airflow/example_dags/example_nested_branch_dag.py
[2022-10-18 11:17:30,284] {processor.py:651} INFO - DAG(s) dict_keys(['example_nested_branch_dag']) retrieved from /home/ubuntu/airflow/airflow_env/lib/python3.8/site-packages/airflow/example_dags/example_nested_branch_dag.py
[2022-10-18 11:17:30,301] {logging_mixin.py:115} INFO - [2022-10-18 11:17:30,301] {dag.py:2379} INFO - Sync 1 DAGs
[2022-10-18 11:17:30,317] {logging_mixin.py:115} INFO - [2022-10-18 11:17:30,317] {dag.py:2927} INFO - Setting next_dagrun for example_nested_branch_dag to 2022-10-17T00:00:00+00:00, run_after=2022-10-18T00:00:00+00:00
[2022-10-18 11:17:30,330] {processor.py:161} INFO - Processing /home/ubuntu/airflow/airflow_env/lib/python3.8/site-packages/airflow/example_dags/example_nested_branch_dag.py took 0.061 seconds
[2022-10-18 11:18:05,712] {processor.py:153} INFO - Started process (PID=268814) to work on /home/ubuntu/airflow/airflow_env/lib/python3.8/site-packages/airflow/example_dags/example_nested_branch_dag.py
[2022-10-18 11:18:05,713] {processor.py:641} INFO - Processing file /home/ubuntu/airflow/airflow_env/lib/python3.8/site-packages/airflow/example_dags/example_nested_branch_dag.py for tasks to queue
[2022-10-18 11:18:05,714] {logging_mixin.py:115} INFO - [2022-10-18 11:18:05,713] {dagbag.py:507} INFO - Filling up the DagBag from /home/ubuntu/airflow/airflow_env/lib/python3.8/site-packages/airflow/example_dags/example_nested_branch_dag.py
[2022-10-18 11:18:05,727] {processor.py:651} INFO - DAG(s) dict_keys(['example_nested_branch_dag']) retrieved from /home/ubuntu/airflow/airflow_env/lib/python3.8/site-packages/airflow/example_dags/example_nested_branch_dag.py
[2022-10-18 11:18:05,746] {logging_mixin.py:115} INFO - [2022-10-18 11:18:05,745] {dag.py:2379} INFO - Sync 1 DAGs
[2022-10-18 11:18:05,764] {logging_mixin.py:115} INFO - [2022-10-18 11:18:05,764] {dag.py:2927} INFO - Setting next_dagrun for example_nested_branch_dag to 2022-10-17T00:00:00+00:00, run_after=2022-10-18T00:00:00+00:00
[2022-10-18 11:18:05,776] {processor.py:161} INFO - Processing /home/ubuntu/airflow/airflow_env/lib/python3.8/site-packages/airflow/example_dags/example_nested_branch_dag.py took 0.067 seconds
[2022-10-18 11:18:44,746] {processor.py:153} INFO - Started process (PID=268961) to work on /home/ubuntu/airflow/airflow_env/lib/python3.8/site-packages/airflow/example_dags/example_nested_branch_dag.py
[2022-10-18 11:18:44,748] {processor.py:641} INFO - Processing file /home/ubuntu/airflow/airflow_env/lib/python3.8/site-packages/airflow/example_dags/example_nested_branch_dag.py for tasks to queue
[2022-10-18 11:18:44,748] {logging_mixin.py:115} INFO - [2022-10-18 11:18:44,748] {dagbag.py:507} INFO - Filling up the DagBag from /home/ubuntu/airflow/airflow_env/lib/python3.8/site-packages/airflow/example_dags/example_nested_branch_dag.py
[2022-10-18 11:18:44,765] {processor.py:651} INFO - DAG(s) dict_keys(['example_nested_branch_dag']) retrieved from /home/ubuntu/airflow/airflow_env/lib/python3.8/site-packages/airflow/example_dags/example_nested_branch_dag.py
[2022-10-18 11:18:44,807] {logging_mixin.py:115} INFO - [2022-10-18 11:18:44,807] {dag.py:2379} INFO - Sync 1 DAGs
[2022-10-18 11:18:44,849] {logging_mixin.py:115} INFO - [2022-10-18 11:18:44,848] {dag.py:2927} INFO - Setting next_dagrun for example_nested_branch_dag to 2022-10-17T00:00:00+00:00, run_after=2022-10-18T00:00:00+00:00
[2022-10-18 11:18:44,875] {processor.py:161} INFO - Processing /home/ubuntu/airflow/airflow_env/lib/python3.8/site-packages/airflow/example_dags/example_nested_branch_dag.py took 0.134 seconds
[2022-10-18 11:21:55,922] {processor.py:153} INFO - Started process (PID=270480) to work on /home/ubuntu/airflow/airflow_env/lib/python3.8/site-packages/airflow/example_dags/example_nested_branch_dag.py
[2022-10-18 11:21:55,923] {processor.py:641} INFO - Processing file /home/ubuntu/airflow/airflow_env/lib/python3.8/site-packages/airflow/example_dags/example_nested_branch_dag.py for tasks to queue
[2022-10-18 11:21:55,923] {logging_mixin.py:115} INFO - [2022-10-18 11:21:55,923] {dagbag.py:507} INFO - Filling up the DagBag from /home/ubuntu/airflow/airflow_env/lib/python3.8/site-packages/airflow/example_dags/example_nested_branch_dag.py
[2022-10-18 11:21:55,933] {processor.py:651} INFO - DAG(s) dict_keys(['example_nested_branch_dag']) retrieved from /home/ubuntu/airflow/airflow_env/lib/python3.8/site-packages/airflow/example_dags/example_nested_branch_dag.py
[2022-10-18 11:21:55,952] {logging_mixin.py:115} INFO - [2022-10-18 11:21:55,952] {dag.py:2379} INFO - Sync 1 DAGs
[2022-10-18 11:21:55,967] {logging_mixin.py:115} INFO - [2022-10-18 11:21:55,967] {dag.py:2927} INFO - Setting next_dagrun for example_nested_branch_dag to 2022-10-17T00:00:00+00:00, run_after=2022-10-18T00:00:00+00:00
[2022-10-18 11:21:55,983] {processor.py:161} INFO - Processing /home/ubuntu/airflow/airflow_env/lib/python3.8/site-packages/airflow/example_dags/example_nested_branch_dag.py took 0.065 seconds
[2022-10-18 11:22:29,749] {processor.py:153} INFO - Started process (PID=270592) to work on /home/ubuntu/airflow/airflow_env/lib/python3.8/site-packages/airflow/example_dags/example_nested_branch_dag.py
[2022-10-18 11:22:29,750] {processor.py:641} INFO - Processing file /home/ubuntu/airflow/airflow_env/lib/python3.8/site-packages/airflow/example_dags/example_nested_branch_dag.py for tasks to queue
[2022-10-18 11:22:29,750] {logging_mixin.py:115} INFO - [2022-10-18 11:22:29,750] {dagbag.py:507} INFO - Filling up the DagBag from /home/ubuntu/airflow/airflow_env/lib/python3.8/site-packages/airflow/example_dags/example_nested_branch_dag.py
[2022-10-18 11:22:29,762] {processor.py:651} INFO - DAG(s) dict_keys(['example_nested_branch_dag']) retrieved from /home/ubuntu/airflow/airflow_env/lib/python3.8/site-packages/airflow/example_dags/example_nested_branch_dag.py
[2022-10-18 11:22:29,783] {logging_mixin.py:115} INFO - [2022-10-18 11:22:29,783] {dag.py:2379} INFO - Sync 1 DAGs
[2022-10-18 11:22:29,798] {logging_mixin.py:115} INFO - [2022-10-18 11:22:29,798] {dag.py:2927} INFO - Setting next_dagrun for example_nested_branch_dag to 2022-10-17T00:00:00+00:00, run_after=2022-10-18T00:00:00+00:00
[2022-10-18 11:22:29,814] {processor.py:161} INFO - Processing /home/ubuntu/airflow/airflow_env/lib/python3.8/site-packages/airflow/example_dags/example_nested_branch_dag.py took 0.070 seconds
[2022-10-18 11:23:05,919] {processor.py:153} INFO - Started process (PID=270702) to work on /home/ubuntu/airflow/airflow_env/lib/python3.8/site-packages/airflow/example_dags/example_nested_branch_dag.py
[2022-10-18 11:23:05,920] {processor.py:641} INFO - Processing file /home/ubuntu/airflow/airflow_env/lib/python3.8/site-packages/airflow/example_dags/example_nested_branch_dag.py for tasks to queue
[2022-10-18 11:23:05,921] {logging_mixin.py:115} INFO - [2022-10-18 11:23:05,921] {dagbag.py:507} INFO - Filling up the DagBag from /home/ubuntu/airflow/airflow_env/lib/python3.8/site-packages/airflow/example_dags/example_nested_branch_dag.py
[2022-10-18 11:23:05,934] {processor.py:651} INFO - DAG(s) dict_keys(['example_nested_branch_dag']) retrieved from /home/ubuntu/airflow/airflow_env/lib/python3.8/site-packages/airflow/example_dags/example_nested_branch_dag.py
[2022-10-18 11:23:05,958] {logging_mixin.py:115} INFO - [2022-10-18 11:23:05,958] {dag.py:2379} INFO - Sync 1 DAGs
[2022-10-18 11:23:05,977] {logging_mixin.py:115} INFO - [2022-10-18 11:23:05,977] {dag.py:2927} INFO - Setting next_dagrun for example_nested_branch_dag to 2022-10-17T00:00:00+00:00, run_after=2022-10-18T00:00:00+00:00
[2022-10-18 11:23:05,996] {processor.py:161} INFO - Processing /home/ubuntu/airflow/airflow_env/lib/python3.8/site-packages/airflow/example_dags/example_nested_branch_dag.py took 0.081 seconds
[2022-10-18 11:23:40,150] {processor.py:153} INFO - Started process (PID=270743) to work on /home/ubuntu/airflow/airflow_env/lib/python3.8/site-packages/airflow/example_dags/example_nested_branch_dag.py
[2022-10-18 11:23:40,151] {processor.py:641} INFO - Processing file /home/ubuntu/airflow/airflow_env/lib/python3.8/site-packages/airflow/example_dags/example_nested_branch_dag.py for tasks to queue
[2022-10-18 11:23:40,151] {logging_mixin.py:115} INFO - [2022-10-18 11:23:40,151] {dagbag.py:507} INFO - Filling up the DagBag from /home/ubuntu/airflow/airflow_env/lib/python3.8/site-packages/airflow/example_dags/example_nested_branch_dag.py
[2022-10-18 11:23:40,161] {processor.py:651} INFO - DAG(s) dict_keys(['example_nested_branch_dag']) retrieved from /home/ubuntu/airflow/airflow_env/lib/python3.8/site-packages/airflow/example_dags/example_nested_branch_dag.py
[2022-10-18 11:23:40,180] {logging_mixin.py:115} INFO - [2022-10-18 11:23:40,179] {dag.py:2379} INFO - Sync 1 DAGs
[2022-10-18 11:23:40,195] {logging_mixin.py:115} INFO - [2022-10-18 11:23:40,195] {dag.py:2927} INFO - Setting next_dagrun for example_nested_branch_dag to 2022-10-17T00:00:00+00:00, run_after=2022-10-18T00:00:00+00:00
[2022-10-18 11:23:40,206] {processor.py:161} INFO - Processing /home/ubuntu/airflow/airflow_env/lib/python3.8/site-packages/airflow/example_dags/example_nested_branch_dag.py took 0.060 seconds
[2022-10-18 11:24:16,757] {processor.py:153} INFO - Started process (PID=270782) to work on /home/ubuntu/airflow/airflow_env/lib/python3.8/site-packages/airflow/example_dags/example_nested_branch_dag.py
[2022-10-18 11:24:16,758] {processor.py:641} INFO - Processing file /home/ubuntu/airflow/airflow_env/lib/python3.8/site-packages/airflow/example_dags/example_nested_branch_dag.py for tasks to queue
[2022-10-18 11:24:16,759] {logging_mixin.py:115} INFO - [2022-10-18 11:24:16,759] {dagbag.py:507} INFO - Filling up the DagBag from /home/ubuntu/airflow/airflow_env/lib/python3.8/site-packages/airflow/example_dags/example_nested_branch_dag.py
[2022-10-18 11:24:16,770] {processor.py:651} INFO - DAG(s) dict_keys(['example_nested_branch_dag']) retrieved from /home/ubuntu/airflow/airflow_env/lib/python3.8/site-packages/airflow/example_dags/example_nested_branch_dag.py
[2022-10-18 11:24:16,789] {logging_mixin.py:115} INFO - [2022-10-18 11:24:16,789] {dag.py:2379} INFO - Sync 1 DAGs
[2022-10-18 11:24:16,803] {logging_mixin.py:115} INFO - [2022-10-18 11:24:16,803] {dag.py:2927} INFO - Setting next_dagrun for example_nested_branch_dag to 2022-10-17T00:00:00+00:00, run_after=2022-10-18T00:00:00+00:00
[2022-10-18 11:24:16,823] {processor.py:161} INFO - Processing /home/ubuntu/airflow/airflow_env/lib/python3.8/site-packages/airflow/example_dags/example_nested_branch_dag.py took 0.070 seconds
[2022-10-18 11:24:52,604] {processor.py:153} INFO - Started process (PID=270820) to work on /home/ubuntu/airflow/airflow_env/lib/python3.8/site-packages/airflow/example_dags/example_nested_branch_dag.py
[2022-10-18 11:24:52,605] {processor.py:641} INFO - Processing file /home/ubuntu/airflow/airflow_env/lib/python3.8/site-packages/airflow/example_dags/example_nested_branch_dag.py for tasks to queue
[2022-10-18 11:24:52,605] {logging_mixin.py:115} INFO - [2022-10-18 11:24:52,605] {dagbag.py:507} INFO - Filling up the DagBag from /home/ubuntu/airflow/airflow_env/lib/python3.8/site-packages/airflow/example_dags/example_nested_branch_dag.py
[2022-10-18 11:24:52,615] {processor.py:651} INFO - DAG(s) dict_keys(['example_nested_branch_dag']) retrieved from /home/ubuntu/airflow/airflow_env/lib/python3.8/site-packages/airflow/example_dags/example_nested_branch_dag.py
[2022-10-18 11:24:52,633] {logging_mixin.py:115} INFO - [2022-10-18 11:24:52,633] {dag.py:2379} INFO - Sync 1 DAGs
[2022-10-18 11:24:52,650] {logging_mixin.py:115} INFO - [2022-10-18 11:24:52,650] {dag.py:2927} INFO - Setting next_dagrun for example_nested_branch_dag to 2022-10-17T00:00:00+00:00, run_after=2022-10-18T00:00:00+00:00
[2022-10-18 11:24:52,661] {processor.py:161} INFO - Processing /home/ubuntu/airflow/airflow_env/lib/python3.8/site-packages/airflow/example_dags/example_nested_branch_dag.py took 0.060 seconds
[2022-10-18 11:25:29,952] {processor.py:153} INFO - Started process (PID=270860) to work on /home/ubuntu/airflow/airflow_env/lib/python3.8/site-packages/airflow/example_dags/example_nested_branch_dag.py
[2022-10-18 11:25:29,953] {processor.py:641} INFO - Processing file /home/ubuntu/airflow/airflow_env/lib/python3.8/site-packages/airflow/example_dags/example_nested_branch_dag.py for tasks to queue
[2022-10-18 11:25:29,954] {logging_mixin.py:115} INFO - [2022-10-18 11:25:29,954] {dagbag.py:507} INFO - Filling up the DagBag from /home/ubuntu/airflow/airflow_env/lib/python3.8/site-packages/airflow/example_dags/example_nested_branch_dag.py
[2022-10-18 11:25:29,967] {processor.py:651} INFO - DAG(s) dict_keys(['example_nested_branch_dag']) retrieved from /home/ubuntu/airflow/airflow_env/lib/python3.8/site-packages/airflow/example_dags/example_nested_branch_dag.py
[2022-10-18 11:25:29,990] {logging_mixin.py:115} INFO - [2022-10-18 11:25:29,990] {dag.py:2379} INFO - Sync 1 DAGs
[2022-10-18 11:25:30,009] {logging_mixin.py:115} INFO - [2022-10-18 11:25:30,009] {dag.py:2927} INFO - Setting next_dagrun for example_nested_branch_dag to 2022-10-17T00:00:00+00:00, run_after=2022-10-18T00:00:00+00:00
[2022-10-18 11:25:30,025] {processor.py:161} INFO - Processing /home/ubuntu/airflow/airflow_env/lib/python3.8/site-packages/airflow/example_dags/example_nested_branch_dag.py took 0.077 seconds
[2022-10-18 11:26:04,792] {processor.py:153} INFO - Started process (PID=270903) to work on /home/ubuntu/airflow/airflow_env/lib/python3.8/site-packages/airflow/example_dags/example_nested_branch_dag.py
[2022-10-18 11:26:04,793] {processor.py:641} INFO - Processing file /home/ubuntu/airflow/airflow_env/lib/python3.8/site-packages/airflow/example_dags/example_nested_branch_dag.py for tasks to queue
[2022-10-18 11:26:04,793] {logging_mixin.py:115} INFO - [2022-10-18 11:26:04,793] {dagbag.py:507} INFO - Filling up the DagBag from /home/ubuntu/airflow/airflow_env/lib/python3.8/site-packages/airflow/example_dags/example_nested_branch_dag.py
[2022-10-18 11:26:04,806] {processor.py:651} INFO - DAG(s) dict_keys(['example_nested_branch_dag']) retrieved from /home/ubuntu/airflow/airflow_env/lib/python3.8/site-packages/airflow/example_dags/example_nested_branch_dag.py
[2022-10-18 11:26:04,822] {logging_mixin.py:115} INFO - [2022-10-18 11:26:04,822] {dag.py:2379} INFO - Sync 1 DAGs
[2022-10-18 11:26:04,838] {logging_mixin.py:115} INFO - [2022-10-18 11:26:04,837] {dag.py:2927} INFO - Setting next_dagrun for example_nested_branch_dag to 2022-10-17T00:00:00+00:00, run_after=2022-10-18T00:00:00+00:00
[2022-10-18 11:26:04,849] {processor.py:161} INFO - Processing /home/ubuntu/airflow/airflow_env/lib/python3.8/site-packages/airflow/example_dags/example_nested_branch_dag.py took 0.061 seconds
[2022-10-18 11:26:39,762] {processor.py:153} INFO - Started process (PID=270945) to work on /home/ubuntu/airflow/airflow_env/lib/python3.8/site-packages/airflow/example_dags/example_nested_branch_dag.py
[2022-10-18 11:26:39,762] {processor.py:641} INFO - Processing file /home/ubuntu/airflow/airflow_env/lib/python3.8/site-packages/airflow/example_dags/example_nested_branch_dag.py for tasks to queue
[2022-10-18 11:26:39,763] {logging_mixin.py:115} INFO - [2022-10-18 11:26:39,763] {dagbag.py:507} INFO - Filling up the DagBag from /home/ubuntu/airflow/airflow_env/lib/python3.8/site-packages/airflow/example_dags/example_nested_branch_dag.py
[2022-10-18 11:26:39,775] {processor.py:651} INFO - DAG(s) dict_keys(['example_nested_branch_dag']) retrieved from /home/ubuntu/airflow/airflow_env/lib/python3.8/site-packages/airflow/example_dags/example_nested_branch_dag.py
[2022-10-18 11:26:39,790] {logging_mixin.py:115} INFO - [2022-10-18 11:26:39,790] {dag.py:2379} INFO - Sync 1 DAGs
[2022-10-18 11:26:39,806] {logging_mixin.py:115} INFO - [2022-10-18 11:26:39,806] {dag.py:2927} INFO - Setting next_dagrun for example_nested_branch_dag to 2022-10-17T00:00:00+00:00, run_after=2022-10-18T00:00:00+00:00
[2022-10-18 11:26:39,817] {processor.py:161} INFO - Processing /home/ubuntu/airflow/airflow_env/lib/python3.8/site-packages/airflow/example_dags/example_nested_branch_dag.py took 0.058 seconds
[2022-10-18 11:27:17,013] {processor.py:153} INFO - Started process (PID=270987) to work on /home/ubuntu/airflow/airflow_env/lib/python3.8/site-packages/airflow/example_dags/example_nested_branch_dag.py
[2022-10-18 11:27:17,013] {processor.py:641} INFO - Processing file /home/ubuntu/airflow/airflow_env/lib/python3.8/site-packages/airflow/example_dags/example_nested_branch_dag.py for tasks to queue
[2022-10-18 11:27:17,014] {logging_mixin.py:115} INFO - [2022-10-18 11:27:17,014] {dagbag.py:507} INFO - Filling up the DagBag from /home/ubuntu/airflow/airflow_env/lib/python3.8/site-packages/airflow/example_dags/example_nested_branch_dag.py
[2022-10-18 11:27:17,027] {processor.py:651} INFO - DAG(s) dict_keys(['example_nested_branch_dag']) retrieved from /home/ubuntu/airflow/airflow_env/lib/python3.8/site-packages/airflow/example_dags/example_nested_branch_dag.py
[2022-10-18 11:27:17,043] {logging_mixin.py:115} INFO - [2022-10-18 11:27:17,043] {dag.py:2379} INFO - Sync 1 DAGs
[2022-10-18 11:27:17,058] {logging_mixin.py:115} INFO - [2022-10-18 11:27:17,058] {dag.py:2927} INFO - Setting next_dagrun for example_nested_branch_dag to 2022-10-17T00:00:00+00:00, run_after=2022-10-18T00:00:00+00:00
[2022-10-18 11:27:17,070] {processor.py:161} INFO - Processing /home/ubuntu/airflow/airflow_env/lib/python3.8/site-packages/airflow/example_dags/example_nested_branch_dag.py took 0.062 seconds
[2022-10-18 11:27:53,077] {processor.py:153} INFO - Started process (PID=271051) to work on /home/ubuntu/airflow/airflow_env/lib/python3.8/site-packages/airflow/example_dags/example_nested_branch_dag.py
[2022-10-18 11:27:53,078] {processor.py:641} INFO - Processing file /home/ubuntu/airflow/airflow_env/lib/python3.8/site-packages/airflow/example_dags/example_nested_branch_dag.py for tasks to queue
[2022-10-18 11:27:53,078] {logging_mixin.py:115} INFO - [2022-10-18 11:27:53,078] {dagbag.py:507} INFO - Filling up the DagBag from /home/ubuntu/airflow/airflow_env/lib/python3.8/site-packages/airflow/example_dags/example_nested_branch_dag.py
[2022-10-18 11:27:53,092] {processor.py:651} INFO - DAG(s) dict_keys(['example_nested_branch_dag']) retrieved from /home/ubuntu/airflow/airflow_env/lib/python3.8/site-packages/airflow/example_dags/example_nested_branch_dag.py
[2022-10-18 11:27:53,109] {logging_mixin.py:115} INFO - [2022-10-18 11:27:53,109] {dag.py:2379} INFO - Sync 1 DAGs
[2022-10-18 11:27:53,124] {logging_mixin.py:115} INFO - [2022-10-18 11:27:53,124] {dag.py:2927} INFO - Setting next_dagrun for example_nested_branch_dag to 2022-10-17T00:00:00+00:00, run_after=2022-10-18T00:00:00+00:00
[2022-10-18 11:27:53,142] {processor.py:161} INFO - Processing /home/ubuntu/airflow/airflow_env/lib/python3.8/site-packages/airflow/example_dags/example_nested_branch_dag.py took 0.069 seconds
[2022-10-18 11:28:28,091] {processor.py:153} INFO - Started process (PID=271092) to work on /home/ubuntu/airflow/airflow_env/lib/python3.8/site-packages/airflow/example_dags/example_nested_branch_dag.py
[2022-10-18 11:28:28,092] {processor.py:641} INFO - Processing file /home/ubuntu/airflow/airflow_env/lib/python3.8/site-packages/airflow/example_dags/example_nested_branch_dag.py for tasks to queue
[2022-10-18 11:28:28,093] {logging_mixin.py:115} INFO - [2022-10-18 11:28:28,093] {dagbag.py:507} INFO - Filling up the DagBag from /home/ubuntu/airflow/airflow_env/lib/python3.8/site-packages/airflow/example_dags/example_nested_branch_dag.py
[2022-10-18 11:28:28,107] {processor.py:651} INFO - DAG(s) dict_keys(['example_nested_branch_dag']) retrieved from /home/ubuntu/airflow/airflow_env/lib/python3.8/site-packages/airflow/example_dags/example_nested_branch_dag.py
[2022-10-18 11:28:28,124] {logging_mixin.py:115} INFO - [2022-10-18 11:28:28,124] {dag.py:2379} INFO - Sync 1 DAGs
[2022-10-18 11:28:28,140] {logging_mixin.py:115} INFO - [2022-10-18 11:28:28,140] {dag.py:2927} INFO - Setting next_dagrun for example_nested_branch_dag to 2022-10-17T00:00:00+00:00, run_after=2022-10-18T00:00:00+00:00
[2022-10-18 11:28:28,151] {processor.py:161} INFO - Processing /home/ubuntu/airflow/airflow_env/lib/python3.8/site-packages/airflow/example_dags/example_nested_branch_dag.py took 0.064 seconds
[2022-10-18 11:29:06,955] {processor.py:153} INFO - Started process (PID=271193) to work on /home/ubuntu/airflow/airflow_env/lib/python3.8/site-packages/airflow/example_dags/example_nested_branch_dag.py
[2022-10-18 11:29:06,956] {processor.py:641} INFO - Processing file /home/ubuntu/airflow/airflow_env/lib/python3.8/site-packages/airflow/example_dags/example_nested_branch_dag.py for tasks to queue
[2022-10-18 11:29:06,957] {logging_mixin.py:115} INFO - [2022-10-18 11:29:06,957] {dagbag.py:507} INFO - Filling up the DagBag from /home/ubuntu/airflow/airflow_env/lib/python3.8/site-packages/airflow/example_dags/example_nested_branch_dag.py
[2022-10-18 11:29:06,971] {processor.py:651} INFO - DAG(s) dict_keys(['example_nested_branch_dag']) retrieved from /home/ubuntu/airflow/airflow_env/lib/python3.8/site-packages/airflow/example_dags/example_nested_branch_dag.py
[2022-10-18 11:29:06,988] {logging_mixin.py:115} INFO - [2022-10-18 11:29:06,988] {dag.py:2379} INFO - Sync 1 DAGs
[2022-10-18 11:29:07,004] {logging_mixin.py:115} INFO - [2022-10-18 11:29:07,004] {dag.py:2927} INFO - Setting next_dagrun for example_nested_branch_dag to 2022-10-17T00:00:00+00:00, run_after=2022-10-18T00:00:00+00:00
[2022-10-18 11:29:07,016] {processor.py:161} INFO - Processing /home/ubuntu/airflow/airflow_env/lib/python3.8/site-packages/airflow/example_dags/example_nested_branch_dag.py took 0.065 seconds
[2022-10-18 11:29:43,199] {processor.py:153} INFO - Started process (PID=271238) to work on /home/ubuntu/airflow/airflow_env/lib/python3.8/site-packages/airflow/example_dags/example_nested_branch_dag.py
[2022-10-18 11:29:43,200] {processor.py:641} INFO - Processing file /home/ubuntu/airflow/airflow_env/lib/python3.8/site-packages/airflow/example_dags/example_nested_branch_dag.py for tasks to queue
[2022-10-18 11:29:43,202] {logging_mixin.py:115} INFO - [2022-10-18 11:29:43,201] {dagbag.py:507} INFO - Filling up the DagBag from /home/ubuntu/airflow/airflow_env/lib/python3.8/site-packages/airflow/example_dags/example_nested_branch_dag.py
[2022-10-18 11:29:43,233] {processor.py:651} INFO - DAG(s) dict_keys(['example_nested_branch_dag']) retrieved from /home/ubuntu/airflow/airflow_env/lib/python3.8/site-packages/airflow/example_dags/example_nested_branch_dag.py
[2022-10-18 11:29:43,277] {logging_mixin.py:115} INFO - [2022-10-18 11:29:43,277] {dag.py:2379} INFO - Sync 1 DAGs
[2022-10-18 11:29:43,302] {logging_mixin.py:115} INFO - [2022-10-18 11:29:43,302] {dag.py:2927} INFO - Setting next_dagrun for example_nested_branch_dag to 2022-10-17T00:00:00+00:00, run_after=2022-10-18T00:00:00+00:00
[2022-10-18 11:29:43,323] {processor.py:161} INFO - Processing /home/ubuntu/airflow/airflow_env/lib/python3.8/site-packages/airflow/example_dags/example_nested_branch_dag.py took 0.133 seconds
[2022-10-18 11:30:19,394] {processor.py:153} INFO - Started process (PID=271283) to work on /home/ubuntu/airflow/airflow_env/lib/python3.8/site-packages/airflow/example_dags/example_nested_branch_dag.py
[2022-10-18 11:30:19,395] {processor.py:641} INFO - Processing file /home/ubuntu/airflow/airflow_env/lib/python3.8/site-packages/airflow/example_dags/example_nested_branch_dag.py for tasks to queue
[2022-10-18 11:30:19,396] {logging_mixin.py:115} INFO - [2022-10-18 11:30:19,396] {dagbag.py:507} INFO - Filling up the DagBag from /home/ubuntu/airflow/airflow_env/lib/python3.8/site-packages/airflow/example_dags/example_nested_branch_dag.py
[2022-10-18 11:30:19,413] {processor.py:651} INFO - DAG(s) dict_keys(['example_nested_branch_dag']) retrieved from /home/ubuntu/airflow/airflow_env/lib/python3.8/site-packages/airflow/example_dags/example_nested_branch_dag.py
[2022-10-18 11:30:19,447] {logging_mixin.py:115} INFO - [2022-10-18 11:30:19,447] {dag.py:2379} INFO - Sync 1 DAGs
[2022-10-18 11:30:19,480] {logging_mixin.py:115} INFO - [2022-10-18 11:30:19,480] {dag.py:2927} INFO - Setting next_dagrun for example_nested_branch_dag to 2022-10-17T00:00:00+00:00, run_after=2022-10-18T00:00:00+00:00
[2022-10-18 11:30:19,500] {processor.py:161} INFO - Processing /home/ubuntu/airflow/airflow_env/lib/python3.8/site-packages/airflow/example_dags/example_nested_branch_dag.py took 0.111 seconds
