[2022-10-18 00:13:08,601] {processor.py:153} INFO - Started process (PID=265917) to work on /home/ubuntu/airflow/airflow_env/lib/python3.8/site-packages/airflow/example_dags/example_branch_datetime_operator.py
[2022-10-18 00:13:08,601] {processor.py:641} INFO - Processing file /home/ubuntu/airflow/airflow_env/lib/python3.8/site-packages/airflow/example_dags/example_branch_datetime_operator.py for tasks to queue
[2022-10-18 00:13:08,602] {logging_mixin.py:115} INFO - [2022-10-18 00:13:08,602] {dagbag.py:507} INFO - Filling up the DagBag from /home/ubuntu/airflow/airflow_env/lib/python3.8/site-packages/airflow/example_dags/example_branch_datetime_operator.py
[2022-10-18 00:13:08,611] {processor.py:651} INFO - DAG(s) dict_keys(['example_branch_datetime_operator_2']) retrieved from /home/ubuntu/airflow/airflow_env/lib/python3.8/site-packages/airflow/example_dags/example_branch_datetime_operator.py
[2022-10-18 00:13:08,635] {logging_mixin.py:115} INFO - [2022-10-18 00:13:08,635] {dag.py:2379} INFO - Sync 1 DAGs
[2022-10-18 00:13:08,657] {logging_mixin.py:115} INFO - [2022-10-18 00:13:08,656] {dag.py:2927} INFO - Setting next_dagrun for example_branch_datetime_operator_2 to 2022-10-17T00:00:00+00:00, run_after=2022-10-18T00:00:00+00:00
[2022-10-18 00:13:08,672] {processor.py:161} INFO - Processing /home/ubuntu/airflow/airflow_env/lib/python3.8/site-packages/airflow/example_dags/example_branch_datetime_operator.py took 0.075 seconds
[2022-10-18 00:13:53,444] {processor.py:153} INFO - Started process (PID=265978) to work on /home/ubuntu/airflow/airflow_env/lib/python3.8/site-packages/airflow/example_dags/example_branch_datetime_operator.py
[2022-10-18 00:13:53,445] {processor.py:641} INFO - Processing file /home/ubuntu/airflow/airflow_env/lib/python3.8/site-packages/airflow/example_dags/example_branch_datetime_operator.py for tasks to queue
[2022-10-18 00:13:53,446] {logging_mixin.py:115} INFO - [2022-10-18 00:13:53,446] {dagbag.py:507} INFO - Filling up the DagBag from /home/ubuntu/airflow/airflow_env/lib/python3.8/site-packages/airflow/example_dags/example_branch_datetime_operator.py
[2022-10-18 00:13:53,458] {processor.py:651} INFO - DAG(s) dict_keys(['example_branch_datetime_operator_2']) retrieved from /home/ubuntu/airflow/airflow_env/lib/python3.8/site-packages/airflow/example_dags/example_branch_datetime_operator.py
[2022-10-18 00:13:53,481] {logging_mixin.py:115} INFO - [2022-10-18 00:13:53,480] {dag.py:2379} INFO - Sync 1 DAGs
[2022-10-18 00:13:53,504] {logging_mixin.py:115} INFO - [2022-10-18 00:13:53,503] {dag.py:2927} INFO - Setting next_dagrun for example_branch_datetime_operator_2 to 2022-10-17T00:00:00+00:00, run_after=2022-10-18T00:00:00+00:00
[2022-10-18 00:13:53,520] {processor.py:161} INFO - Processing /home/ubuntu/airflow/airflow_env/lib/python3.8/site-packages/airflow/example_dags/example_branch_datetime_operator.py took 0.082 seconds
[2022-10-18 00:14:28,270] {processor.py:153} INFO - Started process (PID=266044) to work on /home/ubuntu/airflow/airflow_env/lib/python3.8/site-packages/airflow/example_dags/example_branch_datetime_operator.py
[2022-10-18 00:14:28,271] {processor.py:641} INFO - Processing file /home/ubuntu/airflow/airflow_env/lib/python3.8/site-packages/airflow/example_dags/example_branch_datetime_operator.py for tasks to queue
[2022-10-18 00:14:28,272] {logging_mixin.py:115} INFO - [2022-10-18 00:14:28,272] {dagbag.py:507} INFO - Filling up the DagBag from /home/ubuntu/airflow/airflow_env/lib/python3.8/site-packages/airflow/example_dags/example_branch_datetime_operator.py
[2022-10-18 00:14:28,286] {processor.py:651} INFO - DAG(s) dict_keys(['example_branch_datetime_operator_2']) retrieved from /home/ubuntu/airflow/airflow_env/lib/python3.8/site-packages/airflow/example_dags/example_branch_datetime_operator.py
[2022-10-18 00:14:28,309] {logging_mixin.py:115} INFO - [2022-10-18 00:14:28,309] {dag.py:2379} INFO - Sync 1 DAGs
[2022-10-18 00:14:28,332] {logging_mixin.py:115} INFO - [2022-10-18 00:14:28,332] {dag.py:2927} INFO - Setting next_dagrun for example_branch_datetime_operator_2 to 2022-10-17T00:00:00+00:00, run_after=2022-10-18T00:00:00+00:00
[2022-10-18 00:14:28,348] {processor.py:161} INFO - Processing /home/ubuntu/airflow/airflow_env/lib/python3.8/site-packages/airflow/example_dags/example_branch_datetime_operator.py took 0.084 seconds
[2022-10-18 00:15:10,605] {processor.py:153} INFO - Started process (PID=266145) to work on /home/ubuntu/airflow/airflow_env/lib/python3.8/site-packages/airflow/example_dags/example_branch_datetime_operator.py
[2022-10-18 00:15:10,606] {processor.py:641} INFO - Processing file /home/ubuntu/airflow/airflow_env/lib/python3.8/site-packages/airflow/example_dags/example_branch_datetime_operator.py for tasks to queue
[2022-10-18 00:15:10,607] {logging_mixin.py:115} INFO - [2022-10-18 00:15:10,607] {dagbag.py:507} INFO - Filling up the DagBag from /home/ubuntu/airflow/airflow_env/lib/python3.8/site-packages/airflow/example_dags/example_branch_datetime_operator.py
[2022-10-18 00:15:10,616] {processor.py:651} INFO - DAG(s) dict_keys(['example_branch_datetime_operator_2']) retrieved from /home/ubuntu/airflow/airflow_env/lib/python3.8/site-packages/airflow/example_dags/example_branch_datetime_operator.py
[2022-10-18 00:15:10,635] {logging_mixin.py:115} INFO - [2022-10-18 00:15:10,635] {dag.py:2379} INFO - Sync 1 DAGs
[2022-10-18 00:15:10,654] {logging_mixin.py:115} INFO - [2022-10-18 00:15:10,654] {dag.py:2927} INFO - Setting next_dagrun for example_branch_datetime_operator_2 to 2022-10-17T00:00:00+00:00, run_after=2022-10-18T00:00:00+00:00
[2022-10-18 00:15:10,668] {processor.py:161} INFO - Processing /home/ubuntu/airflow/airflow_env/lib/python3.8/site-packages/airflow/example_dags/example_branch_datetime_operator.py took 0.068 seconds
[2022-10-18 00:15:48,935] {processor.py:153} INFO - Started process (PID=266188) to work on /home/ubuntu/airflow/airflow_env/lib/python3.8/site-packages/airflow/example_dags/example_branch_datetime_operator.py
[2022-10-18 00:15:48,936] {processor.py:641} INFO - Processing file /home/ubuntu/airflow/airflow_env/lib/python3.8/site-packages/airflow/example_dags/example_branch_datetime_operator.py for tasks to queue
[2022-10-18 00:15:48,937] {logging_mixin.py:115} INFO - [2022-10-18 00:15:48,937] {dagbag.py:507} INFO - Filling up the DagBag from /home/ubuntu/airflow/airflow_env/lib/python3.8/site-packages/airflow/example_dags/example_branch_datetime_operator.py
[2022-10-18 00:15:48,947] {processor.py:651} INFO - DAG(s) dict_keys(['example_branch_datetime_operator_2']) retrieved from /home/ubuntu/airflow/airflow_env/lib/python3.8/site-packages/airflow/example_dags/example_branch_datetime_operator.py
[2022-10-18 00:15:48,973] {logging_mixin.py:115} INFO - [2022-10-18 00:15:48,973] {dag.py:2379} INFO - Sync 1 DAGs
[2022-10-18 00:15:49,001] {logging_mixin.py:115} INFO - [2022-10-18 00:15:49,001] {dag.py:2927} INFO - Setting next_dagrun for example_branch_datetime_operator_2 to 2022-10-17T00:00:00+00:00, run_after=2022-10-18T00:00:00+00:00
[2022-10-18 00:15:49,017] {processor.py:161} INFO - Processing /home/ubuntu/airflow/airflow_env/lib/python3.8/site-packages/airflow/example_dags/example_branch_datetime_operator.py took 0.086 seconds
[2022-10-18 00:16:26,044] {processor.py:153} INFO - Started process (PID=266226) to work on /home/ubuntu/airflow/airflow_env/lib/python3.8/site-packages/airflow/example_dags/example_branch_datetime_operator.py
[2022-10-18 00:16:26,045] {processor.py:641} INFO - Processing file /home/ubuntu/airflow/airflow_env/lib/python3.8/site-packages/airflow/example_dags/example_branch_datetime_operator.py for tasks to queue
[2022-10-18 00:16:26,046] {logging_mixin.py:115} INFO - [2022-10-18 00:16:26,046] {dagbag.py:507} INFO - Filling up the DagBag from /home/ubuntu/airflow/airflow_env/lib/python3.8/site-packages/airflow/example_dags/example_branch_datetime_operator.py
[2022-10-18 00:16:26,058] {processor.py:651} INFO - DAG(s) dict_keys(['example_branch_datetime_operator_2']) retrieved from /home/ubuntu/airflow/airflow_env/lib/python3.8/site-packages/airflow/example_dags/example_branch_datetime_operator.py
[2022-10-18 00:16:26,081] {logging_mixin.py:115} INFO - [2022-10-18 00:16:26,081] {dag.py:2379} INFO - Sync 1 DAGs
[2022-10-18 00:16:26,099] {logging_mixin.py:115} INFO - [2022-10-18 00:16:26,099] {dag.py:2927} INFO - Setting next_dagrun for example_branch_datetime_operator_2 to 2022-10-17T00:00:00+00:00, run_after=2022-10-18T00:00:00+00:00
[2022-10-18 00:16:26,111] {processor.py:161} INFO - Processing /home/ubuntu/airflow/airflow_env/lib/python3.8/site-packages/airflow/example_dags/example_branch_datetime_operator.py took 0.073 seconds
[2022-10-18 00:17:02,176] {processor.py:153} INFO - Started process (PID=266284) to work on /home/ubuntu/airflow/airflow_env/lib/python3.8/site-packages/airflow/example_dags/example_branch_datetime_operator.py
[2022-10-18 00:17:02,178] {processor.py:641} INFO - Processing file /home/ubuntu/airflow/airflow_env/lib/python3.8/site-packages/airflow/example_dags/example_branch_datetime_operator.py for tasks to queue
[2022-10-18 00:17:02,179] {logging_mixin.py:115} INFO - [2022-10-18 00:17:02,178] {dagbag.py:507} INFO - Filling up the DagBag from /home/ubuntu/airflow/airflow_env/lib/python3.8/site-packages/airflow/example_dags/example_branch_datetime_operator.py
[2022-10-18 00:17:02,189] {processor.py:651} INFO - DAG(s) dict_keys(['example_branch_datetime_operator_2']) retrieved from /home/ubuntu/airflow/airflow_env/lib/python3.8/site-packages/airflow/example_dags/example_branch_datetime_operator.py
[2022-10-18 00:17:02,210] {logging_mixin.py:115} INFO - [2022-10-18 00:17:02,210] {dag.py:2379} INFO - Sync 1 DAGs
[2022-10-18 00:17:02,258] {logging_mixin.py:115} INFO - [2022-10-18 00:17:02,258] {dag.py:2927} INFO - Setting next_dagrun for example_branch_datetime_operator_2 to 2022-10-17T00:00:00+00:00, run_after=2022-10-18T00:00:00+00:00
[2022-10-18 00:17:02,272] {processor.py:161} INFO - Processing /home/ubuntu/airflow/airflow_env/lib/python3.8/site-packages/airflow/example_dags/example_branch_datetime_operator.py took 0.100 seconds
[2022-10-18 00:17:38,429] {processor.py:153} INFO - Started process (PID=266338) to work on /home/ubuntu/airflow/airflow_env/lib/python3.8/site-packages/airflow/example_dags/example_branch_datetime_operator.py
[2022-10-18 00:17:38,430] {processor.py:641} INFO - Processing file /home/ubuntu/airflow/airflow_env/lib/python3.8/site-packages/airflow/example_dags/example_branch_datetime_operator.py for tasks to queue
[2022-10-18 00:17:38,431] {logging_mixin.py:115} INFO - [2022-10-18 00:17:38,431] {dagbag.py:507} INFO - Filling up the DagBag from /home/ubuntu/airflow/airflow_env/lib/python3.8/site-packages/airflow/example_dags/example_branch_datetime_operator.py
[2022-10-18 00:17:38,441] {processor.py:651} INFO - DAG(s) dict_keys(['example_branch_datetime_operator_2']) retrieved from /home/ubuntu/airflow/airflow_env/lib/python3.8/site-packages/airflow/example_dags/example_branch_datetime_operator.py
[2022-10-18 00:17:38,462] {logging_mixin.py:115} INFO - [2022-10-18 00:17:38,461] {dag.py:2379} INFO - Sync 1 DAGs
[2022-10-18 00:17:38,483] {logging_mixin.py:115} INFO - [2022-10-18 00:17:38,483] {dag.py:2927} INFO - Setting next_dagrun for example_branch_datetime_operator_2 to 2022-10-17T00:00:00+00:00, run_after=2022-10-18T00:00:00+00:00
[2022-10-18 00:17:38,496] {processor.py:161} INFO - Processing /home/ubuntu/airflow/airflow_env/lib/python3.8/site-packages/airflow/example_dags/example_branch_datetime_operator.py took 0.072 seconds
[2022-10-18 11:02:42,324] {processor.py:153} INFO - Started process (PID=266808) to work on /home/ubuntu/airflow/airflow_env/lib/python3.8/site-packages/airflow/example_dags/example_branch_datetime_operator.py
[2022-10-18 11:02:42,331] {processor.py:641} INFO - Processing file /home/ubuntu/airflow/airflow_env/lib/python3.8/site-packages/airflow/example_dags/example_branch_datetime_operator.py for tasks to queue
[2022-10-18 11:02:42,346] {logging_mixin.py:115} INFO - [2022-10-18 11:02:42,343] {dagbag.py:507} INFO - Filling up the DagBag from /home/ubuntu/airflow/airflow_env/lib/python3.8/site-packages/airflow/example_dags/example_branch_datetime_operator.py
[2022-10-18 11:02:42,466] {processor.py:651} INFO - DAG(s) dict_keys(['example_branch_datetime_operator_2']) retrieved from /home/ubuntu/airflow/airflow_env/lib/python3.8/site-packages/airflow/example_dags/example_branch_datetime_operator.py
[2022-10-18 11:02:42,590] {logging_mixin.py:115} INFO - [2022-10-18 11:02:42,590] {dag.py:2379} INFO - Sync 1 DAGs
[2022-10-18 11:02:42,670] {logging_mixin.py:115} INFO - [2022-10-18 11:02:42,670] {dag.py:2927} INFO - Setting next_dagrun for example_branch_datetime_operator_2 to 2022-10-17T00:00:00+00:00, run_after=2022-10-18T00:00:00+00:00
[2022-10-18 11:02:42,697] {processor.py:161} INFO - Processing /home/ubuntu/airflow/airflow_env/lib/python3.8/site-packages/airflow/example_dags/example_branch_datetime_operator.py took 0.407 seconds
[2022-10-18 11:03:22,068] {processor.py:153} INFO - Started process (PID=267422) to work on /home/ubuntu/airflow/airflow_env/lib/python3.8/site-packages/airflow/example_dags/example_branch_datetime_operator.py
[2022-10-18 11:03:22,068] {processor.py:641} INFO - Processing file /home/ubuntu/airflow/airflow_env/lib/python3.8/site-packages/airflow/example_dags/example_branch_datetime_operator.py for tasks to queue
[2022-10-18 11:03:22,069] {logging_mixin.py:115} INFO - [2022-10-18 11:03:22,069] {dagbag.py:507} INFO - Filling up the DagBag from /home/ubuntu/airflow/airflow_env/lib/python3.8/site-packages/airflow/example_dags/example_branch_datetime_operator.py
[2022-10-18 11:03:22,079] {processor.py:651} INFO - DAG(s) dict_keys(['example_branch_datetime_operator_2']) retrieved from /home/ubuntu/airflow/airflow_env/lib/python3.8/site-packages/airflow/example_dags/example_branch_datetime_operator.py
[2022-10-18 11:03:22,100] {logging_mixin.py:115} INFO - [2022-10-18 11:03:22,100] {dag.py:2379} INFO - Sync 1 DAGs
[2022-10-18 11:03:22,116] {logging_mixin.py:115} INFO - [2022-10-18 11:03:22,115] {dag.py:2927} INFO - Setting next_dagrun for example_branch_datetime_operator_2 to 2022-10-17T00:00:00+00:00, run_after=2022-10-18T00:00:00+00:00
[2022-10-18 11:03:22,127] {processor.py:161} INFO - Processing /home/ubuntu/airflow/airflow_env/lib/python3.8/site-packages/airflow/example_dags/example_branch_datetime_operator.py took 0.063 seconds
[2022-10-18 11:04:03,503] {processor.py:153} INFO - Started process (PID=267467) to work on /home/ubuntu/airflow/airflow_env/lib/python3.8/site-packages/airflow/example_dags/example_branch_datetime_operator.py
[2022-10-18 11:04:03,504] {processor.py:641} INFO - Processing file /home/ubuntu/airflow/airflow_env/lib/python3.8/site-packages/airflow/example_dags/example_branch_datetime_operator.py for tasks to queue
[2022-10-18 11:04:03,506] {logging_mixin.py:115} INFO - [2022-10-18 11:04:03,505] {dagbag.py:507} INFO - Filling up the DagBag from /home/ubuntu/airflow/airflow_env/lib/python3.8/site-packages/airflow/example_dags/example_branch_datetime_operator.py
[2022-10-18 11:04:03,515] {processor.py:651} INFO - DAG(s) dict_keys(['example_branch_datetime_operator_2']) retrieved from /home/ubuntu/airflow/airflow_env/lib/python3.8/site-packages/airflow/example_dags/example_branch_datetime_operator.py
[2022-10-18 11:04:03,532] {logging_mixin.py:115} INFO - [2022-10-18 11:04:03,532] {dag.py:2379} INFO - Sync 1 DAGs
[2022-10-18 11:04:03,555] {logging_mixin.py:115} INFO - [2022-10-18 11:04:03,555] {dag.py:2927} INFO - Setting next_dagrun for example_branch_datetime_operator_2 to 2022-10-17T00:00:00+00:00, run_after=2022-10-18T00:00:00+00:00
[2022-10-18 11:04:03,567] {processor.py:161} INFO - Processing /home/ubuntu/airflow/airflow_env/lib/python3.8/site-packages/airflow/example_dags/example_branch_datetime_operator.py took 0.068 seconds
[2022-10-18 11:04:41,479] {processor.py:153} INFO - Started process (PID=267508) to work on /home/ubuntu/airflow/airflow_env/lib/python3.8/site-packages/airflow/example_dags/example_branch_datetime_operator.py
[2022-10-18 11:04:41,480] {processor.py:641} INFO - Processing file /home/ubuntu/airflow/airflow_env/lib/python3.8/site-packages/airflow/example_dags/example_branch_datetime_operator.py for tasks to queue
[2022-10-18 11:04:41,480] {logging_mixin.py:115} INFO - [2022-10-18 11:04:41,480] {dagbag.py:507} INFO - Filling up the DagBag from /home/ubuntu/airflow/airflow_env/lib/python3.8/site-packages/airflow/example_dags/example_branch_datetime_operator.py
[2022-10-18 11:04:41,489] {processor.py:651} INFO - DAG(s) dict_keys(['example_branch_datetime_operator_2']) retrieved from /home/ubuntu/airflow/airflow_env/lib/python3.8/site-packages/airflow/example_dags/example_branch_datetime_operator.py
[2022-10-18 11:04:41,506] {logging_mixin.py:115} INFO - [2022-10-18 11:04:41,506] {dag.py:2379} INFO - Sync 1 DAGs
[2022-10-18 11:04:41,521] {logging_mixin.py:115} INFO - [2022-10-18 11:04:41,521] {dag.py:2927} INFO - Setting next_dagrun for example_branch_datetime_operator_2 to 2022-10-17T00:00:00+00:00, run_after=2022-10-18T00:00:00+00:00
[2022-10-18 11:04:41,533] {processor.py:161} INFO - Processing /home/ubuntu/airflow/airflow_env/lib/python3.8/site-packages/airflow/example_dags/example_branch_datetime_operator.py took 0.058 seconds
[2022-10-18 11:05:20,244] {processor.py:153} INFO - Started process (PID=267821) to work on /home/ubuntu/airflow/airflow_env/lib/python3.8/site-packages/airflow/example_dags/example_branch_datetime_operator.py
[2022-10-18 11:05:20,244] {processor.py:641} INFO - Processing file /home/ubuntu/airflow/airflow_env/lib/python3.8/site-packages/airflow/example_dags/example_branch_datetime_operator.py for tasks to queue
[2022-10-18 11:05:20,245] {logging_mixin.py:115} INFO - [2022-10-18 11:05:20,245] {dagbag.py:507} INFO - Filling up the DagBag from /home/ubuntu/airflow/airflow_env/lib/python3.8/site-packages/airflow/example_dags/example_branch_datetime_operator.py
[2022-10-18 11:05:20,259] {processor.py:651} INFO - DAG(s) dict_keys(['example_branch_datetime_operator_2']) retrieved from /home/ubuntu/airflow/airflow_env/lib/python3.8/site-packages/airflow/example_dags/example_branch_datetime_operator.py
[2022-10-18 11:05:20,285] {logging_mixin.py:115} INFO - [2022-10-18 11:05:20,285] {dag.py:2379} INFO - Sync 1 DAGs
[2022-10-18 11:05:20,305] {logging_mixin.py:115} INFO - [2022-10-18 11:05:20,305] {dag.py:2927} INFO - Setting next_dagrun for example_branch_datetime_operator_2 to 2022-10-17T00:00:00+00:00, run_after=2022-10-18T00:00:00+00:00
[2022-10-18 11:05:20,319] {processor.py:161} INFO - Processing /home/ubuntu/airflow/airflow_env/lib/python3.8/site-packages/airflow/example_dags/example_branch_datetime_operator.py took 0.080 seconds
[2022-10-18 11:05:53,365] {processor.py:153} INFO - Started process (PID=267873) to work on /home/ubuntu/airflow/airflow_env/lib/python3.8/site-packages/airflow/example_dags/example_branch_datetime_operator.py
[2022-10-18 11:05:53,366] {processor.py:641} INFO - Processing file /home/ubuntu/airflow/airflow_env/lib/python3.8/site-packages/airflow/example_dags/example_branch_datetime_operator.py for tasks to queue
[2022-10-18 11:05:53,366] {logging_mixin.py:115} INFO - [2022-10-18 11:05:53,366] {dagbag.py:507} INFO - Filling up the DagBag from /home/ubuntu/airflow/airflow_env/lib/python3.8/site-packages/airflow/example_dags/example_branch_datetime_operator.py
[2022-10-18 11:05:53,374] {processor.py:651} INFO - DAG(s) dict_keys(['example_branch_datetime_operator_2']) retrieved from /home/ubuntu/airflow/airflow_env/lib/python3.8/site-packages/airflow/example_dags/example_branch_datetime_operator.py
[2022-10-18 11:05:53,391] {logging_mixin.py:115} INFO - [2022-10-18 11:05:53,391] {dag.py:2379} INFO - Sync 1 DAGs
[2022-10-18 11:05:53,406] {logging_mixin.py:115} INFO - [2022-10-18 11:05:53,406] {dag.py:2927} INFO - Setting next_dagrun for example_branch_datetime_operator_2 to 2022-10-17T00:00:00+00:00, run_after=2022-10-18T00:00:00+00:00
[2022-10-18 11:05:53,420] {processor.py:161} INFO - Processing /home/ubuntu/airflow/airflow_env/lib/python3.8/site-packages/airflow/example_dags/example_branch_datetime_operator.py took 0.058 seconds
[2022-10-18 11:06:31,071] {processor.py:153} INFO - Started process (PID=267922) to work on /home/ubuntu/airflow/airflow_env/lib/python3.8/site-packages/airflow/example_dags/example_branch_datetime_operator.py
[2022-10-18 11:06:31,072] {processor.py:641} INFO - Processing file /home/ubuntu/airflow/airflow_env/lib/python3.8/site-packages/airflow/example_dags/example_branch_datetime_operator.py for tasks to queue
[2022-10-18 11:06:31,073] {logging_mixin.py:115} INFO - [2022-10-18 11:06:31,073] {dagbag.py:507} INFO - Filling up the DagBag from /home/ubuntu/airflow/airflow_env/lib/python3.8/site-packages/airflow/example_dags/example_branch_datetime_operator.py
[2022-10-18 11:06:31,086] {processor.py:651} INFO - DAG(s) dict_keys(['example_branch_datetime_operator_2']) retrieved from /home/ubuntu/airflow/airflow_env/lib/python3.8/site-packages/airflow/example_dags/example_branch_datetime_operator.py
[2022-10-18 11:06:31,102] {logging_mixin.py:115} INFO - [2022-10-18 11:06:31,101] {dag.py:2379} INFO - Sync 1 DAGs
[2022-10-18 11:06:31,116] {logging_mixin.py:115} INFO - [2022-10-18 11:06:31,116] {dag.py:2927} INFO - Setting next_dagrun for example_branch_datetime_operator_2 to 2022-10-17T00:00:00+00:00, run_after=2022-10-18T00:00:00+00:00
[2022-10-18 11:06:31,129] {processor.py:161} INFO - Processing /home/ubuntu/airflow/airflow_env/lib/python3.8/site-packages/airflow/example_dags/example_branch_datetime_operator.py took 0.062 seconds
[2022-10-18 11:07:05,054] {processor.py:153} INFO - Started process (PID=267959) to work on /home/ubuntu/airflow/airflow_env/lib/python3.8/site-packages/airflow/example_dags/example_branch_datetime_operator.py
[2022-10-18 11:07:05,055] {processor.py:641} INFO - Processing file /home/ubuntu/airflow/airflow_env/lib/python3.8/site-packages/airflow/example_dags/example_branch_datetime_operator.py for tasks to queue
[2022-10-18 11:07:05,056] {logging_mixin.py:115} INFO - [2022-10-18 11:07:05,056] {dagbag.py:507} INFO - Filling up the DagBag from /home/ubuntu/airflow/airflow_env/lib/python3.8/site-packages/airflow/example_dags/example_branch_datetime_operator.py
[2022-10-18 11:07:05,064] {processor.py:651} INFO - DAG(s) dict_keys(['example_branch_datetime_operator_2']) retrieved from /home/ubuntu/airflow/airflow_env/lib/python3.8/site-packages/airflow/example_dags/example_branch_datetime_operator.py
[2022-10-18 11:07:05,081] {logging_mixin.py:115} INFO - [2022-10-18 11:07:05,081] {dag.py:2379} INFO - Sync 1 DAGs
[2022-10-18 11:07:05,096] {logging_mixin.py:115} INFO - [2022-10-18 11:07:05,096] {dag.py:2927} INFO - Setting next_dagrun for example_branch_datetime_operator_2 to 2022-10-17T00:00:00+00:00, run_after=2022-10-18T00:00:00+00:00
[2022-10-18 11:07:05,113] {processor.py:161} INFO - Processing /home/ubuntu/airflow/airflow_env/lib/python3.8/site-packages/airflow/example_dags/example_branch_datetime_operator.py took 0.062 seconds
[2022-10-18 11:07:40,113] {processor.py:153} INFO - Started process (PID=268036) to work on /home/ubuntu/airflow/airflow_env/lib/python3.8/site-packages/airflow/example_dags/example_branch_datetime_operator.py
[2022-10-18 11:07:40,114] {processor.py:641} INFO - Processing file /home/ubuntu/airflow/airflow_env/lib/python3.8/site-packages/airflow/example_dags/example_branch_datetime_operator.py for tasks to queue
[2022-10-18 11:07:40,114] {logging_mixin.py:115} INFO - [2022-10-18 11:07:40,114] {dagbag.py:507} INFO - Filling up the DagBag from /home/ubuntu/airflow/airflow_env/lib/python3.8/site-packages/airflow/example_dags/example_branch_datetime_operator.py
[2022-10-18 11:07:40,122] {processor.py:651} INFO - DAG(s) dict_keys(['example_branch_datetime_operator_2']) retrieved from /home/ubuntu/airflow/airflow_env/lib/python3.8/site-packages/airflow/example_dags/example_branch_datetime_operator.py
[2022-10-18 11:07:40,136] {logging_mixin.py:115} INFO - [2022-10-18 11:07:40,136] {dag.py:2379} INFO - Sync 1 DAGs
[2022-10-18 11:07:40,152] {logging_mixin.py:115} INFO - [2022-10-18 11:07:40,152] {dag.py:2927} INFO - Setting next_dagrun for example_branch_datetime_operator_2 to 2022-10-17T00:00:00+00:00, run_after=2022-10-18T00:00:00+00:00
[2022-10-18 11:07:40,165] {processor.py:161} INFO - Processing /home/ubuntu/airflow/airflow_env/lib/python3.8/site-packages/airflow/example_dags/example_branch_datetime_operator.py took 0.056 seconds
[2022-10-18 11:08:14,973] {processor.py:153} INFO - Started process (PID=268073) to work on /home/ubuntu/airflow/airflow_env/lib/python3.8/site-packages/airflow/example_dags/example_branch_datetime_operator.py
[2022-10-18 11:08:14,974] {processor.py:641} INFO - Processing file /home/ubuntu/airflow/airflow_env/lib/python3.8/site-packages/airflow/example_dags/example_branch_datetime_operator.py for tasks to queue
[2022-10-18 11:08:14,975] {logging_mixin.py:115} INFO - [2022-10-18 11:08:14,975] {dagbag.py:507} INFO - Filling up the DagBag from /home/ubuntu/airflow/airflow_env/lib/python3.8/site-packages/airflow/example_dags/example_branch_datetime_operator.py
[2022-10-18 11:08:14,984] {processor.py:651} INFO - DAG(s) dict_keys(['example_branch_datetime_operator_2']) retrieved from /home/ubuntu/airflow/airflow_env/lib/python3.8/site-packages/airflow/example_dags/example_branch_datetime_operator.py
[2022-10-18 11:08:15,001] {logging_mixin.py:115} INFO - [2022-10-18 11:08:15,001] {dag.py:2379} INFO - Sync 1 DAGs
[2022-10-18 11:08:15,017] {logging_mixin.py:115} INFO - [2022-10-18 11:08:15,016] {dag.py:2927} INFO - Setting next_dagrun for example_branch_datetime_operator_2 to 2022-10-17T00:00:00+00:00, run_after=2022-10-18T00:00:00+00:00
[2022-10-18 11:08:15,030] {processor.py:161} INFO - Processing /home/ubuntu/airflow/airflow_env/lib/python3.8/site-packages/airflow/example_dags/example_branch_datetime_operator.py took 0.061 seconds
[2022-10-18 11:08:53,217] {processor.py:153} INFO - Started process (PID=268112) to work on /home/ubuntu/airflow/airflow_env/lib/python3.8/site-packages/airflow/example_dags/example_branch_datetime_operator.py
[2022-10-18 11:08:53,218] {processor.py:641} INFO - Processing file /home/ubuntu/airflow/airflow_env/lib/python3.8/site-packages/airflow/example_dags/example_branch_datetime_operator.py for tasks to queue
[2022-10-18 11:08:53,219] {logging_mixin.py:115} INFO - [2022-10-18 11:08:53,219] {dagbag.py:507} INFO - Filling up the DagBag from /home/ubuntu/airflow/airflow_env/lib/python3.8/site-packages/airflow/example_dags/example_branch_datetime_operator.py
[2022-10-18 11:08:53,229] {processor.py:651} INFO - DAG(s) dict_keys(['example_branch_datetime_operator_2']) retrieved from /home/ubuntu/airflow/airflow_env/lib/python3.8/site-packages/airflow/example_dags/example_branch_datetime_operator.py
[2022-10-18 11:08:53,248] {logging_mixin.py:115} INFO - [2022-10-18 11:08:53,248] {dag.py:2379} INFO - Sync 1 DAGs
[2022-10-18 11:08:53,263] {logging_mixin.py:115} INFO - [2022-10-18 11:08:53,263] {dag.py:2927} INFO - Setting next_dagrun for example_branch_datetime_operator_2 to 2022-10-17T00:00:00+00:00, run_after=2022-10-18T00:00:00+00:00
[2022-10-18 11:08:53,278] {processor.py:161} INFO - Processing /home/ubuntu/airflow/airflow_env/lib/python3.8/site-packages/airflow/example_dags/example_branch_datetime_operator.py took 0.065 seconds
[2022-10-18 11:09:28,083] {processor.py:153} INFO - Started process (PID=268153) to work on /home/ubuntu/airflow/airflow_env/lib/python3.8/site-packages/airflow/example_dags/example_branch_datetime_operator.py
[2022-10-18 11:09:28,084] {processor.py:641} INFO - Processing file /home/ubuntu/airflow/airflow_env/lib/python3.8/site-packages/airflow/example_dags/example_branch_datetime_operator.py for tasks to queue
[2022-10-18 11:09:28,084] {logging_mixin.py:115} INFO - [2022-10-18 11:09:28,084] {dagbag.py:507} INFO - Filling up the DagBag from /home/ubuntu/airflow/airflow_env/lib/python3.8/site-packages/airflow/example_dags/example_branch_datetime_operator.py
[2022-10-18 11:09:28,092] {processor.py:651} INFO - DAG(s) dict_keys(['example_branch_datetime_operator_2']) retrieved from /home/ubuntu/airflow/airflow_env/lib/python3.8/site-packages/airflow/example_dags/example_branch_datetime_operator.py
[2022-10-18 11:09:28,108] {logging_mixin.py:115} INFO - [2022-10-18 11:09:28,108] {dag.py:2379} INFO - Sync 1 DAGs
[2022-10-18 11:09:28,123] {logging_mixin.py:115} INFO - [2022-10-18 11:09:28,123] {dag.py:2927} INFO - Setting next_dagrun for example_branch_datetime_operator_2 to 2022-10-17T00:00:00+00:00, run_after=2022-10-18T00:00:00+00:00
[2022-10-18 11:09:28,136] {processor.py:161} INFO - Processing /home/ubuntu/airflow/airflow_env/lib/python3.8/site-packages/airflow/example_dags/example_branch_datetime_operator.py took 0.057 seconds
[2022-10-18 11:10:06,928] {processor.py:153} INFO - Started process (PID=268194) to work on /home/ubuntu/airflow/airflow_env/lib/python3.8/site-packages/airflow/example_dags/example_branch_datetime_operator.py
[2022-10-18 11:10:06,929] {processor.py:641} INFO - Processing file /home/ubuntu/airflow/airflow_env/lib/python3.8/site-packages/airflow/example_dags/example_branch_datetime_operator.py for tasks to queue
[2022-10-18 11:10:06,930] {logging_mixin.py:115} INFO - [2022-10-18 11:10:06,930] {dagbag.py:507} INFO - Filling up the DagBag from /home/ubuntu/airflow/airflow_env/lib/python3.8/site-packages/airflow/example_dags/example_branch_datetime_operator.py
[2022-10-18 11:10:06,938] {processor.py:651} INFO - DAG(s) dict_keys(['example_branch_datetime_operator_2']) retrieved from /home/ubuntu/airflow/airflow_env/lib/python3.8/site-packages/airflow/example_dags/example_branch_datetime_operator.py
[2022-10-18 11:10:06,954] {logging_mixin.py:115} INFO - [2022-10-18 11:10:06,954] {dag.py:2379} INFO - Sync 1 DAGs
[2022-10-18 11:10:06,970] {logging_mixin.py:115} INFO - [2022-10-18 11:10:06,970] {dag.py:2927} INFO - Setting next_dagrun for example_branch_datetime_operator_2 to 2022-10-17T00:00:00+00:00, run_after=2022-10-18T00:00:00+00:00
[2022-10-18 11:10:06,985] {processor.py:161} INFO - Processing /home/ubuntu/airflow/airflow_env/lib/python3.8/site-packages/airflow/example_dags/example_branch_datetime_operator.py took 0.061 seconds
[2022-10-18 11:10:42,914] {processor.py:153} INFO - Started process (PID=268236) to work on /home/ubuntu/airflow/airflow_env/lib/python3.8/site-packages/airflow/example_dags/example_branch_datetime_operator.py
[2022-10-18 11:10:42,915] {processor.py:641} INFO - Processing file /home/ubuntu/airflow/airflow_env/lib/python3.8/site-packages/airflow/example_dags/example_branch_datetime_operator.py for tasks to queue
[2022-10-18 11:10:42,916] {logging_mixin.py:115} INFO - [2022-10-18 11:10:42,916] {dagbag.py:507} INFO - Filling up the DagBag from /home/ubuntu/airflow/airflow_env/lib/python3.8/site-packages/airflow/example_dags/example_branch_datetime_operator.py
[2022-10-18 11:10:42,923] {processor.py:651} INFO - DAG(s) dict_keys(['example_branch_datetime_operator_2']) retrieved from /home/ubuntu/airflow/airflow_env/lib/python3.8/site-packages/airflow/example_dags/example_branch_datetime_operator.py
[2022-10-18 11:10:42,941] {logging_mixin.py:115} INFO - [2022-10-18 11:10:42,941] {dag.py:2379} INFO - Sync 1 DAGs
[2022-10-18 11:10:42,956] {logging_mixin.py:115} INFO - [2022-10-18 11:10:42,956] {dag.py:2927} INFO - Setting next_dagrun for example_branch_datetime_operator_2 to 2022-10-17T00:00:00+00:00, run_after=2022-10-18T00:00:00+00:00
[2022-10-18 11:10:42,968] {processor.py:161} INFO - Processing /home/ubuntu/airflow/airflow_env/lib/python3.8/site-packages/airflow/example_dags/example_branch_datetime_operator.py took 0.058 seconds
[2022-10-18 11:11:19,000] {processor.py:153} INFO - Started process (PID=268283) to work on /home/ubuntu/airflow/airflow_env/lib/python3.8/site-packages/airflow/example_dags/example_branch_datetime_operator.py
[2022-10-18 11:11:19,001] {processor.py:641} INFO - Processing file /home/ubuntu/airflow/airflow_env/lib/python3.8/site-packages/airflow/example_dags/example_branch_datetime_operator.py for tasks to queue
[2022-10-18 11:11:19,001] {logging_mixin.py:115} INFO - [2022-10-18 11:11:19,001] {dagbag.py:507} INFO - Filling up the DagBag from /home/ubuntu/airflow/airflow_env/lib/python3.8/site-packages/airflow/example_dags/example_branch_datetime_operator.py
[2022-10-18 11:11:19,011] {processor.py:651} INFO - DAG(s) dict_keys(['example_branch_datetime_operator_2']) retrieved from /home/ubuntu/airflow/airflow_env/lib/python3.8/site-packages/airflow/example_dags/example_branch_datetime_operator.py
[2022-10-18 11:11:19,032] {logging_mixin.py:115} INFO - [2022-10-18 11:11:19,032] {dag.py:2379} INFO - Sync 1 DAGs
[2022-10-18 11:11:19,047] {logging_mixin.py:115} INFO - [2022-10-18 11:11:19,047] {dag.py:2927} INFO - Setting next_dagrun for example_branch_datetime_operator_2 to 2022-10-17T00:00:00+00:00, run_after=2022-10-18T00:00:00+00:00
[2022-10-18 11:11:19,059] {processor.py:161} INFO - Processing /home/ubuntu/airflow/airflow_env/lib/python3.8/site-packages/airflow/example_dags/example_branch_datetime_operator.py took 0.064 seconds
[2022-10-18 11:11:52,595] {processor.py:153} INFO - Started process (PID=268319) to work on /home/ubuntu/airflow/airflow_env/lib/python3.8/site-packages/airflow/example_dags/example_branch_datetime_operator.py
[2022-10-18 11:11:52,596] {processor.py:641} INFO - Processing file /home/ubuntu/airflow/airflow_env/lib/python3.8/site-packages/airflow/example_dags/example_branch_datetime_operator.py for tasks to queue
[2022-10-18 11:11:52,596] {logging_mixin.py:115} INFO - [2022-10-18 11:11:52,596] {dagbag.py:507} INFO - Filling up the DagBag from /home/ubuntu/airflow/airflow_env/lib/python3.8/site-packages/airflow/example_dags/example_branch_datetime_operator.py
[2022-10-18 11:11:52,605] {processor.py:651} INFO - DAG(s) dict_keys(['example_branch_datetime_operator_2']) retrieved from /home/ubuntu/airflow/airflow_env/lib/python3.8/site-packages/airflow/example_dags/example_branch_datetime_operator.py
[2022-10-18 11:11:52,623] {logging_mixin.py:115} INFO - [2022-10-18 11:11:52,623] {dag.py:2379} INFO - Sync 1 DAGs
[2022-10-18 11:11:52,638] {logging_mixin.py:115} INFO - [2022-10-18 11:11:52,638] {dag.py:2927} INFO - Setting next_dagrun for example_branch_datetime_operator_2 to 2022-10-17T00:00:00+00:00, run_after=2022-10-18T00:00:00+00:00
[2022-10-18 11:11:52,653] {processor.py:161} INFO - Processing /home/ubuntu/airflow/airflow_env/lib/python3.8/site-packages/airflow/example_dags/example_branch_datetime_operator.py took 0.063 seconds
[2022-10-18 11:12:30,384] {processor.py:153} INFO - Started process (PID=268388) to work on /home/ubuntu/airflow/airflow_env/lib/python3.8/site-packages/airflow/example_dags/example_branch_datetime_operator.py
[2022-10-18 11:12:30,384] {processor.py:641} INFO - Processing file /home/ubuntu/airflow/airflow_env/lib/python3.8/site-packages/airflow/example_dags/example_branch_datetime_operator.py for tasks to queue
[2022-10-18 11:12:30,385] {logging_mixin.py:115} INFO - [2022-10-18 11:12:30,385] {dagbag.py:507} INFO - Filling up the DagBag from /home/ubuntu/airflow/airflow_env/lib/python3.8/site-packages/airflow/example_dags/example_branch_datetime_operator.py
[2022-10-18 11:12:30,393] {processor.py:651} INFO - DAG(s) dict_keys(['example_branch_datetime_operator_2']) retrieved from /home/ubuntu/airflow/airflow_env/lib/python3.8/site-packages/airflow/example_dags/example_branch_datetime_operator.py
[2022-10-18 11:12:30,410] {logging_mixin.py:115} INFO - [2022-10-18 11:12:30,410] {dag.py:2379} INFO - Sync 1 DAGs
[2022-10-18 11:12:30,425] {logging_mixin.py:115} INFO - [2022-10-18 11:12:30,425] {dag.py:2927} INFO - Setting next_dagrun for example_branch_datetime_operator_2 to 2022-10-17T00:00:00+00:00, run_after=2022-10-18T00:00:00+00:00
[2022-10-18 11:12:30,438] {processor.py:161} INFO - Processing /home/ubuntu/airflow/airflow_env/lib/python3.8/site-packages/airflow/example_dags/example_branch_datetime_operator.py took 0.058 seconds
[2022-10-18 11:13:05,333] {processor.py:153} INFO - Started process (PID=268426) to work on /home/ubuntu/airflow/airflow_env/lib/python3.8/site-packages/airflow/example_dags/example_branch_datetime_operator.py
[2022-10-18 11:13:05,334] {processor.py:641} INFO - Processing file /home/ubuntu/airflow/airflow_env/lib/python3.8/site-packages/airflow/example_dags/example_branch_datetime_operator.py for tasks to queue
[2022-10-18 11:13:05,335] {logging_mixin.py:115} INFO - [2022-10-18 11:13:05,335] {dagbag.py:507} INFO - Filling up the DagBag from /home/ubuntu/airflow/airflow_env/lib/python3.8/site-packages/airflow/example_dags/example_branch_datetime_operator.py
[2022-10-18 11:13:05,343] {processor.py:651} INFO - DAG(s) dict_keys(['example_branch_datetime_operator_2']) retrieved from /home/ubuntu/airflow/airflow_env/lib/python3.8/site-packages/airflow/example_dags/example_branch_datetime_operator.py
[2022-10-18 11:13:05,361] {logging_mixin.py:115} INFO - [2022-10-18 11:13:05,361] {dag.py:2379} INFO - Sync 1 DAGs
[2022-10-18 11:13:05,376] {logging_mixin.py:115} INFO - [2022-10-18 11:13:05,376] {dag.py:2927} INFO - Setting next_dagrun for example_branch_datetime_operator_2 to 2022-10-17T00:00:00+00:00, run_after=2022-10-18T00:00:00+00:00
[2022-10-18 11:13:05,388] {processor.py:161} INFO - Processing /home/ubuntu/airflow/airflow_env/lib/python3.8/site-packages/airflow/example_dags/example_branch_datetime_operator.py took 0.058 seconds
[2022-10-18 11:13:42,374] {processor.py:153} INFO - Started process (PID=268464) to work on /home/ubuntu/airflow/airflow_env/lib/python3.8/site-packages/airflow/example_dags/example_branch_datetime_operator.py
[2022-10-18 11:13:42,374] {processor.py:641} INFO - Processing file /home/ubuntu/airflow/airflow_env/lib/python3.8/site-packages/airflow/example_dags/example_branch_datetime_operator.py for tasks to queue
[2022-10-18 11:13:42,375] {logging_mixin.py:115} INFO - [2022-10-18 11:13:42,375] {dagbag.py:507} INFO - Filling up the DagBag from /home/ubuntu/airflow/airflow_env/lib/python3.8/site-packages/airflow/example_dags/example_branch_datetime_operator.py
[2022-10-18 11:13:42,383] {processor.py:651} INFO - DAG(s) dict_keys(['example_branch_datetime_operator_2']) retrieved from /home/ubuntu/airflow/airflow_env/lib/python3.8/site-packages/airflow/example_dags/example_branch_datetime_operator.py
[2022-10-18 11:13:42,402] {logging_mixin.py:115} INFO - [2022-10-18 11:13:42,402] {dag.py:2379} INFO - Sync 1 DAGs
[2022-10-18 11:13:42,419] {logging_mixin.py:115} INFO - [2022-10-18 11:13:42,419] {dag.py:2927} INFO - Setting next_dagrun for example_branch_datetime_operator_2 to 2022-10-17T00:00:00+00:00, run_after=2022-10-18T00:00:00+00:00
[2022-10-18 11:13:42,430] {processor.py:161} INFO - Processing /home/ubuntu/airflow/airflow_env/lib/python3.8/site-packages/airflow/example_dags/example_branch_datetime_operator.py took 0.060 seconds
[2022-10-18 11:14:21,620] {processor.py:153} INFO - Started process (PID=268508) to work on /home/ubuntu/airflow/airflow_env/lib/python3.8/site-packages/airflow/example_dags/example_branch_datetime_operator.py
[2022-10-18 11:14:21,621] {processor.py:641} INFO - Processing file /home/ubuntu/airflow/airflow_env/lib/python3.8/site-packages/airflow/example_dags/example_branch_datetime_operator.py for tasks to queue
[2022-10-18 11:14:21,621] {logging_mixin.py:115} INFO - [2022-10-18 11:14:21,621] {dagbag.py:507} INFO - Filling up the DagBag from /home/ubuntu/airflow/airflow_env/lib/python3.8/site-packages/airflow/example_dags/example_branch_datetime_operator.py
[2022-10-18 11:14:21,629] {processor.py:651} INFO - DAG(s) dict_keys(['example_branch_datetime_operator_2']) retrieved from /home/ubuntu/airflow/airflow_env/lib/python3.8/site-packages/airflow/example_dags/example_branch_datetime_operator.py
[2022-10-18 11:14:21,646] {logging_mixin.py:115} INFO - [2022-10-18 11:14:21,646] {dag.py:2379} INFO - Sync 1 DAGs
[2022-10-18 11:14:21,662] {logging_mixin.py:115} INFO - [2022-10-18 11:14:21,662] {dag.py:2927} INFO - Setting next_dagrun for example_branch_datetime_operator_2 to 2022-10-17T00:00:00+00:00, run_after=2022-10-18T00:00:00+00:00
[2022-10-18 11:14:21,673] {processor.py:161} INFO - Processing /home/ubuntu/airflow/airflow_env/lib/python3.8/site-packages/airflow/example_dags/example_branch_datetime_operator.py took 0.057 seconds
[2022-10-18 11:15:01,682] {processor.py:153} INFO - Started process (PID=268552) to work on /home/ubuntu/airflow/airflow_env/lib/python3.8/site-packages/airflow/example_dags/example_branch_datetime_operator.py
[2022-10-18 11:15:01,683] {processor.py:641} INFO - Processing file /home/ubuntu/airflow/airflow_env/lib/python3.8/site-packages/airflow/example_dags/example_branch_datetime_operator.py for tasks to queue
[2022-10-18 11:15:01,684] {logging_mixin.py:115} INFO - [2022-10-18 11:15:01,684] {dagbag.py:507} INFO - Filling up the DagBag from /home/ubuntu/airflow/airflow_env/lib/python3.8/site-packages/airflow/example_dags/example_branch_datetime_operator.py
[2022-10-18 11:15:01,694] {processor.py:651} INFO - DAG(s) dict_keys(['example_branch_datetime_operator_2']) retrieved from /home/ubuntu/airflow/airflow_env/lib/python3.8/site-packages/airflow/example_dags/example_branch_datetime_operator.py
[2022-10-18 11:15:01,716] {logging_mixin.py:115} INFO - [2022-10-18 11:15:01,716] {dag.py:2379} INFO - Sync 1 DAGs
[2022-10-18 11:15:01,735] {logging_mixin.py:115} INFO - [2022-10-18 11:15:01,734] {dag.py:2927} INFO - Setting next_dagrun for example_branch_datetime_operator_2 to 2022-10-17T00:00:00+00:00, run_after=2022-10-18T00:00:00+00:00
[2022-10-18 11:15:01,747] {processor.py:161} INFO - Processing /home/ubuntu/airflow/airflow_env/lib/python3.8/site-packages/airflow/example_dags/example_branch_datetime_operator.py took 0.071 seconds
[2022-10-18 11:15:43,129] {processor.py:153} INFO - Started process (PID=268596) to work on /home/ubuntu/airflow/airflow_env/lib/python3.8/site-packages/airflow/example_dags/example_branch_datetime_operator.py
[2022-10-18 11:15:43,130] {processor.py:641} INFO - Processing file /home/ubuntu/airflow/airflow_env/lib/python3.8/site-packages/airflow/example_dags/example_branch_datetime_operator.py for tasks to queue
[2022-10-18 11:15:43,131] {logging_mixin.py:115} INFO - [2022-10-18 11:15:43,131] {dagbag.py:507} INFO - Filling up the DagBag from /home/ubuntu/airflow/airflow_env/lib/python3.8/site-packages/airflow/example_dags/example_branch_datetime_operator.py
[2022-10-18 11:15:43,139] {processor.py:651} INFO - DAG(s) dict_keys(['example_branch_datetime_operator_2']) retrieved from /home/ubuntu/airflow/airflow_env/lib/python3.8/site-packages/airflow/example_dags/example_branch_datetime_operator.py
[2022-10-18 11:15:43,155] {logging_mixin.py:115} INFO - [2022-10-18 11:15:43,155] {dag.py:2379} INFO - Sync 1 DAGs
[2022-10-18 11:15:43,171] {logging_mixin.py:115} INFO - [2022-10-18 11:15:43,171] {dag.py:2927} INFO - Setting next_dagrun for example_branch_datetime_operator_2 to 2022-10-17T00:00:00+00:00, run_after=2022-10-18T00:00:00+00:00
[2022-10-18 11:15:43,184] {processor.py:161} INFO - Processing /home/ubuntu/airflow/airflow_env/lib/python3.8/site-packages/airflow/example_dags/example_branch_datetime_operator.py took 0.058 seconds
[2022-10-18 11:16:22,782] {processor.py:153} INFO - Started process (PID=268647) to work on /home/ubuntu/airflow/airflow_env/lib/python3.8/site-packages/airflow/example_dags/example_branch_datetime_operator.py
[2022-10-18 11:16:22,783] {processor.py:641} INFO - Processing file /home/ubuntu/airflow/airflow_env/lib/python3.8/site-packages/airflow/example_dags/example_branch_datetime_operator.py for tasks to queue
[2022-10-18 11:16:22,784] {logging_mixin.py:115} INFO - [2022-10-18 11:16:22,784] {dagbag.py:507} INFO - Filling up the DagBag from /home/ubuntu/airflow/airflow_env/lib/python3.8/site-packages/airflow/example_dags/example_branch_datetime_operator.py
[2022-10-18 11:16:22,792] {processor.py:651} INFO - DAG(s) dict_keys(['example_branch_datetime_operator_2']) retrieved from /home/ubuntu/airflow/airflow_env/lib/python3.8/site-packages/airflow/example_dags/example_branch_datetime_operator.py
[2022-10-18 11:16:22,812] {logging_mixin.py:115} INFO - [2022-10-18 11:16:22,812] {dag.py:2379} INFO - Sync 1 DAGs
[2022-10-18 11:16:22,832] {logging_mixin.py:115} INFO - [2022-10-18 11:16:22,832] {dag.py:2927} INFO - Setting next_dagrun for example_branch_datetime_operator_2 to 2022-10-17T00:00:00+00:00, run_after=2022-10-18T00:00:00+00:00
[2022-10-18 11:16:22,847] {processor.py:161} INFO - Processing /home/ubuntu/airflow/airflow_env/lib/python3.8/site-packages/airflow/example_dags/example_branch_datetime_operator.py took 0.068 seconds
[2022-10-18 11:16:58,546] {processor.py:153} INFO - Started process (PID=268685) to work on /home/ubuntu/airflow/airflow_env/lib/python3.8/site-packages/airflow/example_dags/example_branch_datetime_operator.py
[2022-10-18 11:16:58,547] {processor.py:641} INFO - Processing file /home/ubuntu/airflow/airflow_env/lib/python3.8/site-packages/airflow/example_dags/example_branch_datetime_operator.py for tasks to queue
[2022-10-18 11:16:58,548] {logging_mixin.py:115} INFO - [2022-10-18 11:16:58,547] {dagbag.py:507} INFO - Filling up the DagBag from /home/ubuntu/airflow/airflow_env/lib/python3.8/site-packages/airflow/example_dags/example_branch_datetime_operator.py
[2022-10-18 11:16:58,555] {processor.py:651} INFO - DAG(s) dict_keys(['example_branch_datetime_operator_2']) retrieved from /home/ubuntu/airflow/airflow_env/lib/python3.8/site-packages/airflow/example_dags/example_branch_datetime_operator.py
[2022-10-18 11:16:58,573] {logging_mixin.py:115} INFO - [2022-10-18 11:16:58,573] {dag.py:2379} INFO - Sync 1 DAGs
[2022-10-18 11:16:58,590] {logging_mixin.py:115} INFO - [2022-10-18 11:16:58,590] {dag.py:2927} INFO - Setting next_dagrun for example_branch_datetime_operator_2 to 2022-10-17T00:00:00+00:00, run_after=2022-10-18T00:00:00+00:00
[2022-10-18 11:16:58,605] {processor.py:161} INFO - Processing /home/ubuntu/airflow/airflow_env/lib/python3.8/site-packages/airflow/example_dags/example_branch_datetime_operator.py took 0.063 seconds
[2022-10-18 11:17:35,698] {processor.py:153} INFO - Started process (PID=268767) to work on /home/ubuntu/airflow/airflow_env/lib/python3.8/site-packages/airflow/example_dags/example_branch_datetime_operator.py
[2022-10-18 11:17:35,700] {processor.py:641} INFO - Processing file /home/ubuntu/airflow/airflow_env/lib/python3.8/site-packages/airflow/example_dags/example_branch_datetime_operator.py for tasks to queue
[2022-10-18 11:17:35,701] {logging_mixin.py:115} INFO - [2022-10-18 11:17:35,701] {dagbag.py:507} INFO - Filling up the DagBag from /home/ubuntu/airflow/airflow_env/lib/python3.8/site-packages/airflow/example_dags/example_branch_datetime_operator.py
[2022-10-18 11:17:35,711] {processor.py:651} INFO - DAG(s) dict_keys(['example_branch_datetime_operator_2']) retrieved from /home/ubuntu/airflow/airflow_env/lib/python3.8/site-packages/airflow/example_dags/example_branch_datetime_operator.py
[2022-10-18 11:17:35,735] {logging_mixin.py:115} INFO - [2022-10-18 11:17:35,735] {dag.py:2379} INFO - Sync 1 DAGs
[2022-10-18 11:17:35,756] {logging_mixin.py:115} INFO - [2022-10-18 11:17:35,756] {dag.py:2927} INFO - Setting next_dagrun for example_branch_datetime_operator_2 to 2022-10-17T00:00:00+00:00, run_after=2022-10-18T00:00:00+00:00
[2022-10-18 11:17:35,770] {processor.py:161} INFO - Processing /home/ubuntu/airflow/airflow_env/lib/python3.8/site-packages/airflow/example_dags/example_branch_datetime_operator.py took 0.076 seconds
[2022-10-18 11:18:11,071] {processor.py:153} INFO - Started process (PID=268821) to work on /home/ubuntu/airflow/airflow_env/lib/python3.8/site-packages/airflow/example_dags/example_branch_datetime_operator.py
[2022-10-18 11:18:11,071] {processor.py:641} INFO - Processing file /home/ubuntu/airflow/airflow_env/lib/python3.8/site-packages/airflow/example_dags/example_branch_datetime_operator.py for tasks to queue
[2022-10-18 11:18:11,072] {logging_mixin.py:115} INFO - [2022-10-18 11:18:11,072] {dagbag.py:507} INFO - Filling up the DagBag from /home/ubuntu/airflow/airflow_env/lib/python3.8/site-packages/airflow/example_dags/example_branch_datetime_operator.py
[2022-10-18 11:18:11,080] {processor.py:651} INFO - DAG(s) dict_keys(['example_branch_datetime_operator_2']) retrieved from /home/ubuntu/airflow/airflow_env/lib/python3.8/site-packages/airflow/example_dags/example_branch_datetime_operator.py
[2022-10-18 11:18:11,097] {logging_mixin.py:115} INFO - [2022-10-18 11:18:11,097] {dag.py:2379} INFO - Sync 1 DAGs
[2022-10-18 11:18:11,114] {logging_mixin.py:115} INFO - [2022-10-18 11:18:11,114] {dag.py:2927} INFO - Setting next_dagrun for example_branch_datetime_operator_2 to 2022-10-17T00:00:00+00:00, run_after=2022-10-18T00:00:00+00:00
[2022-10-18 11:18:11,134] {processor.py:161} INFO - Processing /home/ubuntu/airflow/airflow_env/lib/python3.8/site-packages/airflow/example_dags/example_branch_datetime_operator.py took 0.067 seconds
[2022-10-18 11:18:52,769] {processor.py:153} INFO - Started process (PID=268999) to work on /home/ubuntu/airflow/airflow_env/lib/python3.8/site-packages/airflow/example_dags/example_branch_datetime_operator.py
[2022-10-18 11:18:52,769] {processor.py:641} INFO - Processing file /home/ubuntu/airflow/airflow_env/lib/python3.8/site-packages/airflow/example_dags/example_branch_datetime_operator.py for tasks to queue
[2022-10-18 11:18:52,770] {logging_mixin.py:115} INFO - [2022-10-18 11:18:52,770] {dagbag.py:507} INFO - Filling up the DagBag from /home/ubuntu/airflow/airflow_env/lib/python3.8/site-packages/airflow/example_dags/example_branch_datetime_operator.py
[2022-10-18 11:18:52,779] {processor.py:651} INFO - DAG(s) dict_keys(['example_branch_datetime_operator_2']) retrieved from /home/ubuntu/airflow/airflow_env/lib/python3.8/site-packages/airflow/example_dags/example_branch_datetime_operator.py
[2022-10-18 11:18:52,806] {logging_mixin.py:115} INFO - [2022-10-18 11:18:52,806] {dag.py:2379} INFO - Sync 1 DAGs
[2022-10-18 11:18:52,825] {logging_mixin.py:115} INFO - [2022-10-18 11:18:52,825] {dag.py:2927} INFO - Setting next_dagrun for example_branch_datetime_operator_2 to 2022-10-17T00:00:00+00:00, run_after=2022-10-18T00:00:00+00:00
[2022-10-18 11:18:52,840] {processor.py:161} INFO - Processing /home/ubuntu/airflow/airflow_env/lib/python3.8/site-packages/airflow/example_dags/example_branch_datetime_operator.py took 0.078 seconds
[2022-10-18 11:22:06,195] {processor.py:153} INFO - Started process (PID=270493) to work on /home/ubuntu/airflow/airflow_env/lib/python3.8/site-packages/airflow/example_dags/example_branch_datetime_operator.py
[2022-10-18 11:22:06,195] {processor.py:641} INFO - Processing file /home/ubuntu/airflow/airflow_env/lib/python3.8/site-packages/airflow/example_dags/example_branch_datetime_operator.py for tasks to queue
[2022-10-18 11:22:06,196] {logging_mixin.py:115} INFO - [2022-10-18 11:22:06,196] {dagbag.py:507} INFO - Filling up the DagBag from /home/ubuntu/airflow/airflow_env/lib/python3.8/site-packages/airflow/example_dags/example_branch_datetime_operator.py
[2022-10-18 11:22:06,204] {processor.py:651} INFO - DAG(s) dict_keys(['example_branch_datetime_operator_2']) retrieved from /home/ubuntu/airflow/airflow_env/lib/python3.8/site-packages/airflow/example_dags/example_branch_datetime_operator.py
[2022-10-18 11:22:06,221] {logging_mixin.py:115} INFO - [2022-10-18 11:22:06,221] {dag.py:2379} INFO - Sync 1 DAGs
[2022-10-18 11:22:06,236] {logging_mixin.py:115} INFO - [2022-10-18 11:22:06,236] {dag.py:2927} INFO - Setting next_dagrun for example_branch_datetime_operator_2 to 2022-10-17T00:00:00+00:00, run_after=2022-10-18T00:00:00+00:00
[2022-10-18 11:22:06,247] {processor.py:161} INFO - Processing /home/ubuntu/airflow/airflow_env/lib/python3.8/site-packages/airflow/example_dags/example_branch_datetime_operator.py took 0.056 seconds
[2022-10-18 11:22:40,147] {processor.py:153} INFO - Started process (PID=270603) to work on /home/ubuntu/airflow/airflow_env/lib/python3.8/site-packages/airflow/example_dags/example_branch_datetime_operator.py
[2022-10-18 11:22:40,147] {processor.py:641} INFO - Processing file /home/ubuntu/airflow/airflow_env/lib/python3.8/site-packages/airflow/example_dags/example_branch_datetime_operator.py for tasks to queue
[2022-10-18 11:22:40,148] {logging_mixin.py:115} INFO - [2022-10-18 11:22:40,148] {dagbag.py:507} INFO - Filling up the DagBag from /home/ubuntu/airflow/airflow_env/lib/python3.8/site-packages/airflow/example_dags/example_branch_datetime_operator.py
[2022-10-18 11:22:40,157] {processor.py:651} INFO - DAG(s) dict_keys(['example_branch_datetime_operator_2']) retrieved from /home/ubuntu/airflow/airflow_env/lib/python3.8/site-packages/airflow/example_dags/example_branch_datetime_operator.py
[2022-10-18 11:22:40,179] {logging_mixin.py:115} INFO - [2022-10-18 11:22:40,179] {dag.py:2379} INFO - Sync 1 DAGs
[2022-10-18 11:22:40,196] {logging_mixin.py:115} INFO - [2022-10-18 11:22:40,196] {dag.py:2927} INFO - Setting next_dagrun for example_branch_datetime_operator_2 to 2022-10-17T00:00:00+00:00, run_after=2022-10-18T00:00:00+00:00
[2022-10-18 11:22:40,212] {processor.py:161} INFO - Processing /home/ubuntu/airflow/airflow_env/lib/python3.8/site-packages/airflow/example_dags/example_branch_datetime_operator.py took 0.069 seconds
[2022-10-18 11:23:20,164] {processor.py:153} INFO - Started process (PID=270719) to work on /home/ubuntu/airflow/airflow_env/lib/python3.8/site-packages/airflow/example_dags/example_branch_datetime_operator.py
[2022-10-18 11:23:20,165] {processor.py:641} INFO - Processing file /home/ubuntu/airflow/airflow_env/lib/python3.8/site-packages/airflow/example_dags/example_branch_datetime_operator.py for tasks to queue
[2022-10-18 11:23:20,166] {logging_mixin.py:115} INFO - [2022-10-18 11:23:20,166] {dagbag.py:507} INFO - Filling up the DagBag from /home/ubuntu/airflow/airflow_env/lib/python3.8/site-packages/airflow/example_dags/example_branch_datetime_operator.py
[2022-10-18 11:23:20,178] {processor.py:651} INFO - DAG(s) dict_keys(['example_branch_datetime_operator_2']) retrieved from /home/ubuntu/airflow/airflow_env/lib/python3.8/site-packages/airflow/example_dags/example_branch_datetime_operator.py
[2022-10-18 11:23:20,203] {logging_mixin.py:115} INFO - [2022-10-18 11:23:20,203] {dag.py:2379} INFO - Sync 1 DAGs
[2022-10-18 11:23:20,220] {logging_mixin.py:115} INFO - [2022-10-18 11:23:20,220] {dag.py:2927} INFO - Setting next_dagrun for example_branch_datetime_operator_2 to 2022-10-17T00:00:00+00:00, run_after=2022-10-18T00:00:00+00:00
[2022-10-18 11:23:20,233] {processor.py:161} INFO - Processing /home/ubuntu/airflow/airflow_env/lib/python3.8/site-packages/airflow/example_dags/example_branch_datetime_operator.py took 0.073 seconds
[2022-10-18 11:23:55,575] {processor.py:153} INFO - Started process (PID=270758) to work on /home/ubuntu/airflow/airflow_env/lib/python3.8/site-packages/airflow/example_dags/example_branch_datetime_operator.py
[2022-10-18 11:23:55,575] {processor.py:641} INFO - Processing file /home/ubuntu/airflow/airflow_env/lib/python3.8/site-packages/airflow/example_dags/example_branch_datetime_operator.py for tasks to queue
[2022-10-18 11:23:55,576] {logging_mixin.py:115} INFO - [2022-10-18 11:23:55,576] {dagbag.py:507} INFO - Filling up the DagBag from /home/ubuntu/airflow/airflow_env/lib/python3.8/site-packages/airflow/example_dags/example_branch_datetime_operator.py
[2022-10-18 11:23:55,585] {processor.py:651} INFO - DAG(s) dict_keys(['example_branch_datetime_operator_2']) retrieved from /home/ubuntu/airflow/airflow_env/lib/python3.8/site-packages/airflow/example_dags/example_branch_datetime_operator.py
[2022-10-18 11:23:55,606] {logging_mixin.py:115} INFO - [2022-10-18 11:23:55,606] {dag.py:2379} INFO - Sync 1 DAGs
[2022-10-18 11:23:55,622] {logging_mixin.py:115} INFO - [2022-10-18 11:23:55,622] {dag.py:2927} INFO - Setting next_dagrun for example_branch_datetime_operator_2 to 2022-10-17T00:00:00+00:00, run_after=2022-10-18T00:00:00+00:00
[2022-10-18 11:23:55,635] {processor.py:161} INFO - Processing /home/ubuntu/airflow/airflow_env/lib/python3.8/site-packages/airflow/example_dags/example_branch_datetime_operator.py took 0.063 seconds
[2022-10-18 11:24:34,271] {processor.py:153} INFO - Started process (PID=270799) to work on /home/ubuntu/airflow/airflow_env/lib/python3.8/site-packages/airflow/example_dags/example_branch_datetime_operator.py
[2022-10-18 11:24:34,272] {processor.py:641} INFO - Processing file /home/ubuntu/airflow/airflow_env/lib/python3.8/site-packages/airflow/example_dags/example_branch_datetime_operator.py for tasks to queue
[2022-10-18 11:24:34,272] {logging_mixin.py:115} INFO - [2022-10-18 11:24:34,272] {dagbag.py:507} INFO - Filling up the DagBag from /home/ubuntu/airflow/airflow_env/lib/python3.8/site-packages/airflow/example_dags/example_branch_datetime_operator.py
[2022-10-18 11:24:34,280] {processor.py:651} INFO - DAG(s) dict_keys(['example_branch_datetime_operator_2']) retrieved from /home/ubuntu/airflow/airflow_env/lib/python3.8/site-packages/airflow/example_dags/example_branch_datetime_operator.py
[2022-10-18 11:24:34,297] {logging_mixin.py:115} INFO - [2022-10-18 11:24:34,297] {dag.py:2379} INFO - Sync 1 DAGs
[2022-10-18 11:24:34,316] {logging_mixin.py:115} INFO - [2022-10-18 11:24:34,316] {dag.py:2927} INFO - Setting next_dagrun for example_branch_datetime_operator_2 to 2022-10-17T00:00:00+00:00, run_after=2022-10-18T00:00:00+00:00
[2022-10-18 11:24:34,330] {processor.py:161} INFO - Processing /home/ubuntu/airflow/airflow_env/lib/python3.8/site-packages/airflow/example_dags/example_branch_datetime_operator.py took 0.063 seconds
[2022-10-18 11:25:16,992] {processor.py:153} INFO - Started process (PID=270846) to work on /home/ubuntu/airflow/airflow_env/lib/python3.8/site-packages/airflow/example_dags/example_branch_datetime_operator.py
[2022-10-18 11:25:16,993] {processor.py:641} INFO - Processing file /home/ubuntu/airflow/airflow_env/lib/python3.8/site-packages/airflow/example_dags/example_branch_datetime_operator.py for tasks to queue
[2022-10-18 11:25:16,994] {logging_mixin.py:115} INFO - [2022-10-18 11:25:16,994] {dagbag.py:507} INFO - Filling up the DagBag from /home/ubuntu/airflow/airflow_env/lib/python3.8/site-packages/airflow/example_dags/example_branch_datetime_operator.py
[2022-10-18 11:25:17,004] {processor.py:651} INFO - DAG(s) dict_keys(['example_branch_datetime_operator_2']) retrieved from /home/ubuntu/airflow/airflow_env/lib/python3.8/site-packages/airflow/example_dags/example_branch_datetime_operator.py
[2022-10-18 11:25:17,023] {logging_mixin.py:115} INFO - [2022-10-18 11:25:17,023] {dag.py:2379} INFO - Sync 1 DAGs
[2022-10-18 11:25:17,038] {logging_mixin.py:115} INFO - [2022-10-18 11:25:17,038] {dag.py:2927} INFO - Setting next_dagrun for example_branch_datetime_operator_2 to 2022-10-17T00:00:00+00:00, run_after=2022-10-18T00:00:00+00:00
[2022-10-18 11:25:17,049] {processor.py:161} INFO - Processing /home/ubuntu/airflow/airflow_env/lib/python3.8/site-packages/airflow/example_dags/example_branch_datetime_operator.py took 0.061 seconds
[2022-10-18 11:25:55,552] {processor.py:153} INFO - Started process (PID=270888) to work on /home/ubuntu/airflow/airflow_env/lib/python3.8/site-packages/airflow/example_dags/example_branch_datetime_operator.py
[2022-10-18 11:25:55,553] {processor.py:641} INFO - Processing file /home/ubuntu/airflow/airflow_env/lib/python3.8/site-packages/airflow/example_dags/example_branch_datetime_operator.py for tasks to queue
[2022-10-18 11:25:55,553] {logging_mixin.py:115} INFO - [2022-10-18 11:25:55,553] {dagbag.py:507} INFO - Filling up the DagBag from /home/ubuntu/airflow/airflow_env/lib/python3.8/site-packages/airflow/example_dags/example_branch_datetime_operator.py
[2022-10-18 11:25:55,561] {processor.py:651} INFO - DAG(s) dict_keys(['example_branch_datetime_operator_2']) retrieved from /home/ubuntu/airflow/airflow_env/lib/python3.8/site-packages/airflow/example_dags/example_branch_datetime_operator.py
[2022-10-18 11:25:55,578] {logging_mixin.py:115} INFO - [2022-10-18 11:25:55,578] {dag.py:2379} INFO - Sync 1 DAGs
[2022-10-18 11:25:55,594] {logging_mixin.py:115} INFO - [2022-10-18 11:25:55,594] {dag.py:2927} INFO - Setting next_dagrun for example_branch_datetime_operator_2 to 2022-10-17T00:00:00+00:00, run_after=2022-10-18T00:00:00+00:00
[2022-10-18 11:25:55,609] {processor.py:161} INFO - Processing /home/ubuntu/airflow/airflow_env/lib/python3.8/site-packages/airflow/example_dags/example_branch_datetime_operator.py took 0.060 seconds
[2022-10-18 11:26:34,770] {processor.py:153} INFO - Started process (PID=270939) to work on /home/ubuntu/airflow/airflow_env/lib/python3.8/site-packages/airflow/example_dags/example_branch_datetime_operator.py
[2022-10-18 11:26:34,771] {processor.py:641} INFO - Processing file /home/ubuntu/airflow/airflow_env/lib/python3.8/site-packages/airflow/example_dags/example_branch_datetime_operator.py for tasks to queue
[2022-10-18 11:26:34,771] {logging_mixin.py:115} INFO - [2022-10-18 11:26:34,771] {dagbag.py:507} INFO - Filling up the DagBag from /home/ubuntu/airflow/airflow_env/lib/python3.8/site-packages/airflow/example_dags/example_branch_datetime_operator.py
[2022-10-18 11:26:34,779] {processor.py:651} INFO - DAG(s) dict_keys(['example_branch_datetime_operator_2']) retrieved from /home/ubuntu/airflow/airflow_env/lib/python3.8/site-packages/airflow/example_dags/example_branch_datetime_operator.py
[2022-10-18 11:26:34,798] {logging_mixin.py:115} INFO - [2022-10-18 11:26:34,798] {dag.py:2379} INFO - Sync 1 DAGs
[2022-10-18 11:26:34,817] {logging_mixin.py:115} INFO - [2022-10-18 11:26:34,817] {dag.py:2927} INFO - Setting next_dagrun for example_branch_datetime_operator_2 to 2022-10-17T00:00:00+00:00, run_after=2022-10-18T00:00:00+00:00
[2022-10-18 11:26:34,832] {processor.py:161} INFO - Processing /home/ubuntu/airflow/airflow_env/lib/python3.8/site-packages/airflow/example_dags/example_branch_datetime_operator.py took 0.066 seconds
[2022-10-18 11:27:11,868] {processor.py:153} INFO - Started process (PID=270981) to work on /home/ubuntu/airflow/airflow_env/lib/python3.8/site-packages/airflow/example_dags/example_branch_datetime_operator.py
[2022-10-18 11:27:11,869] {processor.py:641} INFO - Processing file /home/ubuntu/airflow/airflow_env/lib/python3.8/site-packages/airflow/example_dags/example_branch_datetime_operator.py for tasks to queue
[2022-10-18 11:27:11,870] {logging_mixin.py:115} INFO - [2022-10-18 11:27:11,870] {dagbag.py:507} INFO - Filling up the DagBag from /home/ubuntu/airflow/airflow_env/lib/python3.8/site-packages/airflow/example_dags/example_branch_datetime_operator.py
[2022-10-18 11:27:11,881] {processor.py:651} INFO - DAG(s) dict_keys(['example_branch_datetime_operator_2']) retrieved from /home/ubuntu/airflow/airflow_env/lib/python3.8/site-packages/airflow/example_dags/example_branch_datetime_operator.py
[2022-10-18 11:27:11,901] {logging_mixin.py:115} INFO - [2022-10-18 11:27:11,901] {dag.py:2379} INFO - Sync 1 DAGs
[2022-10-18 11:27:11,917] {logging_mixin.py:115} INFO - [2022-10-18 11:27:11,917] {dag.py:2927} INFO - Setting next_dagrun for example_branch_datetime_operator_2 to 2022-10-17T00:00:00+00:00, run_after=2022-10-18T00:00:00+00:00
[2022-10-18 11:27:11,929] {processor.py:161} INFO - Processing /home/ubuntu/airflow/airflow_env/lib/python3.8/site-packages/airflow/example_dags/example_branch_datetime_operator.py took 0.065 seconds
[2022-10-18 11:27:49,085] {processor.py:153} INFO - Started process (PID=271047) to work on /home/ubuntu/airflow/airflow_env/lib/python3.8/site-packages/airflow/example_dags/example_branch_datetime_operator.py
[2022-10-18 11:27:49,087] {processor.py:641} INFO - Processing file /home/ubuntu/airflow/airflow_env/lib/python3.8/site-packages/airflow/example_dags/example_branch_datetime_operator.py for tasks to queue
[2022-10-18 11:27:49,088] {logging_mixin.py:115} INFO - [2022-10-18 11:27:49,088] {dagbag.py:507} INFO - Filling up the DagBag from /home/ubuntu/airflow/airflow_env/lib/python3.8/site-packages/airflow/example_dags/example_branch_datetime_operator.py
[2022-10-18 11:27:49,099] {processor.py:651} INFO - DAG(s) dict_keys(['example_branch_datetime_operator_2']) retrieved from /home/ubuntu/airflow/airflow_env/lib/python3.8/site-packages/airflow/example_dags/example_branch_datetime_operator.py
[2022-10-18 11:27:49,132] {logging_mixin.py:115} INFO - [2022-10-18 11:27:49,131] {dag.py:2379} INFO - Sync 1 DAGs
[2022-10-18 11:27:49,173] {logging_mixin.py:115} INFO - [2022-10-18 11:27:49,173] {dag.py:2927} INFO - Setting next_dagrun for example_branch_datetime_operator_2 to 2022-10-17T00:00:00+00:00, run_after=2022-10-18T00:00:00+00:00
[2022-10-18 11:27:49,197] {processor.py:161} INFO - Processing /home/ubuntu/airflow/airflow_env/lib/python3.8/site-packages/airflow/example_dags/example_branch_datetime_operator.py took 0.120 seconds
[2022-10-18 11:28:30,472] {processor.py:153} INFO - Started process (PID=271094) to work on /home/ubuntu/airflow/airflow_env/lib/python3.8/site-packages/airflow/example_dags/example_branch_datetime_operator.py
[2022-10-18 11:28:30,473] {processor.py:641} INFO - Processing file /home/ubuntu/airflow/airflow_env/lib/python3.8/site-packages/airflow/example_dags/example_branch_datetime_operator.py for tasks to queue
[2022-10-18 11:28:30,473] {logging_mixin.py:115} INFO - [2022-10-18 11:28:30,473] {dagbag.py:507} INFO - Filling up the DagBag from /home/ubuntu/airflow/airflow_env/lib/python3.8/site-packages/airflow/example_dags/example_branch_datetime_operator.py
[2022-10-18 11:28:30,482] {processor.py:651} INFO - DAG(s) dict_keys(['example_branch_datetime_operator_2']) retrieved from /home/ubuntu/airflow/airflow_env/lib/python3.8/site-packages/airflow/example_dags/example_branch_datetime_operator.py
[2022-10-18 11:28:30,506] {logging_mixin.py:115} INFO - [2022-10-18 11:28:30,506] {dag.py:2379} INFO - Sync 1 DAGs
[2022-10-18 11:28:30,527] {logging_mixin.py:115} INFO - [2022-10-18 11:28:30,527] {dag.py:2927} INFO - Setting next_dagrun for example_branch_datetime_operator_2 to 2022-10-17T00:00:00+00:00, run_after=2022-10-18T00:00:00+00:00
[2022-10-18 11:28:30,544] {processor.py:161} INFO - Processing /home/ubuntu/airflow/airflow_env/lib/python3.8/site-packages/airflow/example_dags/example_branch_datetime_operator.py took 0.077 seconds
[2022-10-18 11:29:10,353] {processor.py:153} INFO - Started process (PID=271196) to work on /home/ubuntu/airflow/airflow_env/lib/python3.8/site-packages/airflow/example_dags/example_branch_datetime_operator.py
[2022-10-18 11:29:10,354] {processor.py:641} INFO - Processing file /home/ubuntu/airflow/airflow_env/lib/python3.8/site-packages/airflow/example_dags/example_branch_datetime_operator.py for tasks to queue
[2022-10-18 11:29:10,355] {logging_mixin.py:115} INFO - [2022-10-18 11:29:10,354] {dagbag.py:507} INFO - Filling up the DagBag from /home/ubuntu/airflow/airflow_env/lib/python3.8/site-packages/airflow/example_dags/example_branch_datetime_operator.py
[2022-10-18 11:29:10,364] {processor.py:651} INFO - DAG(s) dict_keys(['example_branch_datetime_operator_2']) retrieved from /home/ubuntu/airflow/airflow_env/lib/python3.8/site-packages/airflow/example_dags/example_branch_datetime_operator.py
[2022-10-18 11:29:10,386] {logging_mixin.py:115} INFO - [2022-10-18 11:29:10,386] {dag.py:2379} INFO - Sync 1 DAGs
[2022-10-18 11:29:10,403] {logging_mixin.py:115} INFO - [2022-10-18 11:29:10,403] {dag.py:2927} INFO - Setting next_dagrun for example_branch_datetime_operator_2 to 2022-10-17T00:00:00+00:00, run_after=2022-10-18T00:00:00+00:00
[2022-10-18 11:29:10,416] {processor.py:161} INFO - Processing /home/ubuntu/airflow/airflow_env/lib/python3.8/site-packages/airflow/example_dags/example_branch_datetime_operator.py took 0.066 seconds
[2022-10-18 11:29:46,433] {processor.py:153} INFO - Started process (PID=271243) to work on /home/ubuntu/airflow/airflow_env/lib/python3.8/site-packages/airflow/example_dags/example_branch_datetime_operator.py
[2022-10-18 11:29:46,434] {processor.py:641} INFO - Processing file /home/ubuntu/airflow/airflow_env/lib/python3.8/site-packages/airflow/example_dags/example_branch_datetime_operator.py for tasks to queue
[2022-10-18 11:29:46,435] {logging_mixin.py:115} INFO - [2022-10-18 11:29:46,434] {dagbag.py:507} INFO - Filling up the DagBag from /home/ubuntu/airflow/airflow_env/lib/python3.8/site-packages/airflow/example_dags/example_branch_datetime_operator.py
[2022-10-18 11:29:46,444] {processor.py:651} INFO - DAG(s) dict_keys(['example_branch_datetime_operator_2']) retrieved from /home/ubuntu/airflow/airflow_env/lib/python3.8/site-packages/airflow/example_dags/example_branch_datetime_operator.py
[2022-10-18 11:29:46,468] {logging_mixin.py:115} INFO - [2022-10-18 11:29:46,468] {dag.py:2379} INFO - Sync 1 DAGs
[2022-10-18 11:29:46,488] {logging_mixin.py:115} INFO - [2022-10-18 11:29:46,488] {dag.py:2927} INFO - Setting next_dagrun for example_branch_datetime_operator_2 to 2022-10-17T00:00:00+00:00, run_after=2022-10-18T00:00:00+00:00
[2022-10-18 11:29:46,507] {processor.py:161} INFO - Processing /home/ubuntu/airflow/airflow_env/lib/python3.8/site-packages/airflow/example_dags/example_branch_datetime_operator.py took 0.078 seconds
[2022-10-18 11:30:28,547] {processor.py:153} INFO - Started process (PID=271318) to work on /home/ubuntu/airflow/airflow_env/lib/python3.8/site-packages/airflow/example_dags/example_branch_datetime_operator.py
[2022-10-18 11:30:28,548] {processor.py:641} INFO - Processing file /home/ubuntu/airflow/airflow_env/lib/python3.8/site-packages/airflow/example_dags/example_branch_datetime_operator.py for tasks to queue
[2022-10-18 11:30:28,549] {logging_mixin.py:115} INFO - [2022-10-18 11:30:28,548] {dagbag.py:507} INFO - Filling up the DagBag from /home/ubuntu/airflow/airflow_env/lib/python3.8/site-packages/airflow/example_dags/example_branch_datetime_operator.py
[2022-10-18 11:30:28,559] {processor.py:651} INFO - DAG(s) dict_keys(['example_branch_datetime_operator_2']) retrieved from /home/ubuntu/airflow/airflow_env/lib/python3.8/site-packages/airflow/example_dags/example_branch_datetime_operator.py
[2022-10-18 11:30:28,579] {logging_mixin.py:115} INFO - [2022-10-18 11:30:28,579] {dag.py:2379} INFO - Sync 1 DAGs
[2022-10-18 11:30:28,598] {logging_mixin.py:115} INFO - [2022-10-18 11:30:28,598] {dag.py:2927} INFO - Setting next_dagrun for example_branch_datetime_operator_2 to 2022-10-17T00:00:00+00:00, run_after=2022-10-18T00:00:00+00:00
[2022-10-18 11:30:28,611] {processor.py:161} INFO - Processing /home/ubuntu/airflow/airflow_env/lib/python3.8/site-packages/airflow/example_dags/example_branch_datetime_operator.py took 0.070 seconds
