[2022-10-18 00:13:06,574] {processor.py:153} INFO - Started process (PID=265900) to work on /home/ubuntu/airflow/airflow_env/lib/python3.8/site-packages/airflow/example_dags/example_branch_operator_decorator.py
[2022-10-18 00:13:06,575] {processor.py:641} INFO - Processing file /home/ubuntu/airflow/airflow_env/lib/python3.8/site-packages/airflow/example_dags/example_branch_operator_decorator.py for tasks to queue
[2022-10-18 00:13:06,575] {logging_mixin.py:115} INFO - [2022-10-18 00:13:06,575] {dagbag.py:507} INFO - Filling up the DagBag from /home/ubuntu/airflow/airflow_env/lib/python3.8/site-packages/airflow/example_dags/example_branch_operator_decorator.py
[2022-10-18 00:13:06,598] {processor.py:651} INFO - DAG(s) dict_keys(['example_branch_python_operator_decorator']) retrieved from /home/ubuntu/airflow/airflow_env/lib/python3.8/site-packages/airflow/example_dags/example_branch_operator_decorator.py
[2022-10-18 00:13:06,618] {logging_mixin.py:115} INFO - [2022-10-18 00:13:06,618] {dag.py:2379} INFO - Sync 1 DAGs
[2022-10-18 00:13:06,637] {logging_mixin.py:115} INFO - [2022-10-18 00:13:06,637] {dag.py:2927} INFO - Setting next_dagrun for example_branch_python_operator_decorator to 2022-10-17T00:00:00+00:00, run_after=2022-10-18T00:00:00+00:00
[2022-10-18 00:13:06,652] {processor.py:161} INFO - Processing /home/ubuntu/airflow/airflow_env/lib/python3.8/site-packages/airflow/example_dags/example_branch_operator_decorator.py took 0.082 seconds
[2022-10-18 00:13:43,754] {processor.py:153} INFO - Started process (PID=265962) to work on /home/ubuntu/airflow/airflow_env/lib/python3.8/site-packages/airflow/example_dags/example_branch_operator_decorator.py
[2022-10-18 00:13:43,756] {processor.py:641} INFO - Processing file /home/ubuntu/airflow/airflow_env/lib/python3.8/site-packages/airflow/example_dags/example_branch_operator_decorator.py for tasks to queue
[2022-10-18 00:13:43,757] {logging_mixin.py:115} INFO - [2022-10-18 00:13:43,757] {dagbag.py:507} INFO - Filling up the DagBag from /home/ubuntu/airflow/airflow_env/lib/python3.8/site-packages/airflow/example_dags/example_branch_operator_decorator.py
[2022-10-18 00:13:43,783] {processor.py:651} INFO - DAG(s) dict_keys(['example_branch_python_operator_decorator']) retrieved from /home/ubuntu/airflow/airflow_env/lib/python3.8/site-packages/airflow/example_dags/example_branch_operator_decorator.py
[2022-10-18 00:13:43,813] {logging_mixin.py:115} INFO - [2022-10-18 00:13:43,812] {dag.py:2379} INFO - Sync 1 DAGs
[2022-10-18 00:13:43,838] {logging_mixin.py:115} INFO - [2022-10-18 00:13:43,838] {dag.py:2927} INFO - Setting next_dagrun for example_branch_python_operator_decorator to 2022-10-17T00:00:00+00:00, run_after=2022-10-18T00:00:00+00:00
[2022-10-18 00:13:43,850] {processor.py:161} INFO - Processing /home/ubuntu/airflow/airflow_env/lib/python3.8/site-packages/airflow/example_dags/example_branch_operator_decorator.py took 0.101 seconds
[2022-10-18 00:14:18,129] {processor.py:153} INFO - Started process (PID=266027) to work on /home/ubuntu/airflow/airflow_env/lib/python3.8/site-packages/airflow/example_dags/example_branch_operator_decorator.py
[2022-10-18 00:14:18,130] {processor.py:641} INFO - Processing file /home/ubuntu/airflow/airflow_env/lib/python3.8/site-packages/airflow/example_dags/example_branch_operator_decorator.py for tasks to queue
[2022-10-18 00:14:18,131] {logging_mixin.py:115} INFO - [2022-10-18 00:14:18,131] {dagbag.py:507} INFO - Filling up the DagBag from /home/ubuntu/airflow/airflow_env/lib/python3.8/site-packages/airflow/example_dags/example_branch_operator_decorator.py
[2022-10-18 00:14:18,158] {processor.py:651} INFO - DAG(s) dict_keys(['example_branch_python_operator_decorator']) retrieved from /home/ubuntu/airflow/airflow_env/lib/python3.8/site-packages/airflow/example_dags/example_branch_operator_decorator.py
[2022-10-18 00:14:18,180] {logging_mixin.py:115} INFO - [2022-10-18 00:14:18,180] {dag.py:2379} INFO - Sync 1 DAGs
[2022-10-18 00:14:18,199] {logging_mixin.py:115} INFO - [2022-10-18 00:14:18,199] {dag.py:2927} INFO - Setting next_dagrun for example_branch_python_operator_decorator to 2022-10-17T00:00:00+00:00, run_after=2022-10-18T00:00:00+00:00
[2022-10-18 00:14:18,215] {processor.py:161} INFO - Processing /home/ubuntu/airflow/airflow_env/lib/python3.8/site-packages/airflow/example_dags/example_branch_operator_decorator.py took 0.090 seconds
[2022-10-18 00:14:57,228] {processor.py:153} INFO - Started process (PID=266083) to work on /home/ubuntu/airflow/airflow_env/lib/python3.8/site-packages/airflow/example_dags/example_branch_operator_decorator.py
[2022-10-18 00:14:57,229] {processor.py:641} INFO - Processing file /home/ubuntu/airflow/airflow_env/lib/python3.8/site-packages/airflow/example_dags/example_branch_operator_decorator.py for tasks to queue
[2022-10-18 00:14:57,230] {logging_mixin.py:115} INFO - [2022-10-18 00:14:57,230] {dagbag.py:507} INFO - Filling up the DagBag from /home/ubuntu/airflow/airflow_env/lib/python3.8/site-packages/airflow/example_dags/example_branch_operator_decorator.py
[2022-10-18 00:14:57,255] {processor.py:651} INFO - DAG(s) dict_keys(['example_branch_python_operator_decorator']) retrieved from /home/ubuntu/airflow/airflow_env/lib/python3.8/site-packages/airflow/example_dags/example_branch_operator_decorator.py
[2022-10-18 00:14:57,276] {logging_mixin.py:115} INFO - [2022-10-18 00:14:57,276] {dag.py:2379} INFO - Sync 1 DAGs
[2022-10-18 00:14:57,294] {logging_mixin.py:115} INFO - [2022-10-18 00:14:57,294] {dag.py:2927} INFO - Setting next_dagrun for example_branch_python_operator_decorator to 2022-10-17T00:00:00+00:00, run_after=2022-10-18T00:00:00+00:00
[2022-10-18 00:14:57,311] {processor.py:161} INFO - Processing /home/ubuntu/airflow/airflow_env/lib/python3.8/site-packages/airflow/example_dags/example_branch_operator_decorator.py took 0.087 seconds
[2022-10-18 00:15:37,378] {processor.py:153} INFO - Started process (PID=266176) to work on /home/ubuntu/airflow/airflow_env/lib/python3.8/site-packages/airflow/example_dags/example_branch_operator_decorator.py
[2022-10-18 00:15:37,379] {processor.py:641} INFO - Processing file /home/ubuntu/airflow/airflow_env/lib/python3.8/site-packages/airflow/example_dags/example_branch_operator_decorator.py for tasks to queue
[2022-10-18 00:15:37,380] {logging_mixin.py:115} INFO - [2022-10-18 00:15:37,379] {dagbag.py:507} INFO - Filling up the DagBag from /home/ubuntu/airflow/airflow_env/lib/python3.8/site-packages/airflow/example_dags/example_branch_operator_decorator.py
[2022-10-18 00:15:37,410] {processor.py:651} INFO - DAG(s) dict_keys(['example_branch_python_operator_decorator']) retrieved from /home/ubuntu/airflow/airflow_env/lib/python3.8/site-packages/airflow/example_dags/example_branch_operator_decorator.py
[2022-10-18 00:15:37,446] {logging_mixin.py:115} INFO - [2022-10-18 00:15:37,446] {dag.py:2379} INFO - Sync 1 DAGs
[2022-10-18 00:15:37,478] {logging_mixin.py:115} INFO - [2022-10-18 00:15:37,478] {dag.py:2927} INFO - Setting next_dagrun for example_branch_python_operator_decorator to 2022-10-17T00:00:00+00:00, run_after=2022-10-18T00:00:00+00:00
[2022-10-18 00:15:37,494] {processor.py:161} INFO - Processing /home/ubuntu/airflow/airflow_env/lib/python3.8/site-packages/airflow/example_dags/example_branch_operator_decorator.py took 0.120 seconds
[2022-10-18 00:16:14,610] {processor.py:153} INFO - Started process (PID=266215) to work on /home/ubuntu/airflow/airflow_env/lib/python3.8/site-packages/airflow/example_dags/example_branch_operator_decorator.py
[2022-10-18 00:16:14,611] {processor.py:641} INFO - Processing file /home/ubuntu/airflow/airflow_env/lib/python3.8/site-packages/airflow/example_dags/example_branch_operator_decorator.py for tasks to queue
[2022-10-18 00:16:14,611] {logging_mixin.py:115} INFO - [2022-10-18 00:16:14,611] {dagbag.py:507} INFO - Filling up the DagBag from /home/ubuntu/airflow/airflow_env/lib/python3.8/site-packages/airflow/example_dags/example_branch_operator_decorator.py
[2022-10-18 00:16:14,633] {processor.py:651} INFO - DAG(s) dict_keys(['example_branch_python_operator_decorator']) retrieved from /home/ubuntu/airflow/airflow_env/lib/python3.8/site-packages/airflow/example_dags/example_branch_operator_decorator.py
[2022-10-18 00:16:14,652] {logging_mixin.py:115} INFO - [2022-10-18 00:16:14,652] {dag.py:2379} INFO - Sync 1 DAGs
[2022-10-18 00:16:14,670] {logging_mixin.py:115} INFO - [2022-10-18 00:16:14,670] {dag.py:2927} INFO - Setting next_dagrun for example_branch_python_operator_decorator to 2022-10-17T00:00:00+00:00, run_after=2022-10-18T00:00:00+00:00
[2022-10-18 00:16:14,686] {processor.py:161} INFO - Processing /home/ubuntu/airflow/airflow_env/lib/python3.8/site-packages/airflow/example_dags/example_branch_operator_decorator.py took 0.080 seconds
[2022-10-18 00:16:49,485] {processor.py:153} INFO - Started process (PID=266260) to work on /home/ubuntu/airflow/airflow_env/lib/python3.8/site-packages/airflow/example_dags/example_branch_operator_decorator.py
[2022-10-18 00:16:49,486] {processor.py:641} INFO - Processing file /home/ubuntu/airflow/airflow_env/lib/python3.8/site-packages/airflow/example_dags/example_branch_operator_decorator.py for tasks to queue
[2022-10-18 00:16:49,487] {logging_mixin.py:115} INFO - [2022-10-18 00:16:49,487] {dagbag.py:507} INFO - Filling up the DagBag from /home/ubuntu/airflow/airflow_env/lib/python3.8/site-packages/airflow/example_dags/example_branch_operator_decorator.py
[2022-10-18 00:16:49,511] {processor.py:651} INFO - DAG(s) dict_keys(['example_branch_python_operator_decorator']) retrieved from /home/ubuntu/airflow/airflow_env/lib/python3.8/site-packages/airflow/example_dags/example_branch_operator_decorator.py
[2022-10-18 00:16:49,533] {logging_mixin.py:115} INFO - [2022-10-18 00:16:49,533] {dag.py:2379} INFO - Sync 1 DAGs
[2022-10-18 00:16:49,556] {logging_mixin.py:115} INFO - [2022-10-18 00:16:49,556] {dag.py:2927} INFO - Setting next_dagrun for example_branch_python_operator_decorator to 2022-10-17T00:00:00+00:00, run_after=2022-10-18T00:00:00+00:00
[2022-10-18 00:16:49,570] {processor.py:161} INFO - Processing /home/ubuntu/airflow/airflow_env/lib/python3.8/site-packages/airflow/example_dags/example_branch_operator_decorator.py took 0.089 seconds
[2022-10-18 00:17:26,890] {processor.py:153} INFO - Started process (PID=266323) to work on /home/ubuntu/airflow/airflow_env/lib/python3.8/site-packages/airflow/example_dags/example_branch_operator_decorator.py
[2022-10-18 00:17:26,891] {processor.py:641} INFO - Processing file /home/ubuntu/airflow/airflow_env/lib/python3.8/site-packages/airflow/example_dags/example_branch_operator_decorator.py for tasks to queue
[2022-10-18 00:17:26,892] {logging_mixin.py:115} INFO - [2022-10-18 00:17:26,892] {dagbag.py:507} INFO - Filling up the DagBag from /home/ubuntu/airflow/airflow_env/lib/python3.8/site-packages/airflow/example_dags/example_branch_operator_decorator.py
[2022-10-18 00:17:26,914] {processor.py:651} INFO - DAG(s) dict_keys(['example_branch_python_operator_decorator']) retrieved from /home/ubuntu/airflow/airflow_env/lib/python3.8/site-packages/airflow/example_dags/example_branch_operator_decorator.py
[2022-10-18 00:17:26,933] {logging_mixin.py:115} INFO - [2022-10-18 00:17:26,933] {dag.py:2379} INFO - Sync 1 DAGs
[2022-10-18 00:17:26,952] {logging_mixin.py:115} INFO - [2022-10-18 00:17:26,952] {dag.py:2927} INFO - Setting next_dagrun for example_branch_python_operator_decorator to 2022-10-17T00:00:00+00:00, run_after=2022-10-18T00:00:00+00:00
[2022-10-18 00:17:26,971] {processor.py:161} INFO - Processing /home/ubuntu/airflow/airflow_env/lib/python3.8/site-packages/airflow/example_dags/example_branch_operator_decorator.py took 0.085 seconds
[2022-10-18 00:18:06,913] {processor.py:153} INFO - Started process (PID=266403) to work on /home/ubuntu/airflow/airflow_env/lib/python3.8/site-packages/airflow/example_dags/example_branch_operator_decorator.py
[2022-10-18 00:18:06,914] {processor.py:641} INFO - Processing file /home/ubuntu/airflow/airflow_env/lib/python3.8/site-packages/airflow/example_dags/example_branch_operator_decorator.py for tasks to queue
[2022-10-18 00:18:06,914] {logging_mixin.py:115} INFO - [2022-10-18 00:18:06,914] {dagbag.py:507} INFO - Filling up the DagBag from /home/ubuntu/airflow/airflow_env/lib/python3.8/site-packages/airflow/example_dags/example_branch_operator_decorator.py
[2022-10-18 00:18:06,953] {processor.py:651} INFO - DAG(s) dict_keys(['example_branch_python_operator_decorator']) retrieved from /home/ubuntu/airflow/airflow_env/lib/python3.8/site-packages/airflow/example_dags/example_branch_operator_decorator.py
[2022-10-18 00:18:06,983] {logging_mixin.py:115} INFO - [2022-10-18 00:18:06,983] {dag.py:2379} INFO - Sync 1 DAGs
[2022-10-18 00:18:07,005] {logging_mixin.py:115} INFO - [2022-10-18 00:18:07,005] {dag.py:2927} INFO - Setting next_dagrun for example_branch_python_operator_decorator to 2022-10-17T00:00:00+00:00, run_after=2022-10-18T00:00:00+00:00
[2022-10-18 00:18:07,020] {processor.py:161} INFO - Processing /home/ubuntu/airflow/airflow_env/lib/python3.8/site-packages/airflow/example_dags/example_branch_operator_decorator.py took 0.112 seconds
[2022-10-18 11:03:15,104] {processor.py:153} INFO - Started process (PID=267415) to work on /home/ubuntu/airflow/airflow_env/lib/python3.8/site-packages/airflow/example_dags/example_branch_operator_decorator.py
[2022-10-18 11:03:15,105] {processor.py:641} INFO - Processing file /home/ubuntu/airflow/airflow_env/lib/python3.8/site-packages/airflow/example_dags/example_branch_operator_decorator.py for tasks to queue
[2022-10-18 11:03:15,105] {logging_mixin.py:115} INFO - [2022-10-18 11:03:15,105] {dagbag.py:507} INFO - Filling up the DagBag from /home/ubuntu/airflow/airflow_env/lib/python3.8/site-packages/airflow/example_dags/example_branch_operator_decorator.py
[2022-10-18 11:03:15,125] {processor.py:651} INFO - DAG(s) dict_keys(['example_branch_python_operator_decorator']) retrieved from /home/ubuntu/airflow/airflow_env/lib/python3.8/site-packages/airflow/example_dags/example_branch_operator_decorator.py
[2022-10-18 11:03:15,142] {logging_mixin.py:115} INFO - [2022-10-18 11:03:15,142] {dag.py:2379} INFO - Sync 1 DAGs
[2022-10-18 11:03:15,158] {logging_mixin.py:115} INFO - [2022-10-18 11:03:15,158] {dag.py:2927} INFO - Setting next_dagrun for example_branch_python_operator_decorator to 2022-10-17T00:00:00+00:00, run_after=2022-10-18T00:00:00+00:00
[2022-10-18 11:03:15,170] {processor.py:161} INFO - Processing /home/ubuntu/airflow/airflow_env/lib/python3.8/site-packages/airflow/example_dags/example_branch_operator_decorator.py took 0.070 seconds
[2022-10-18 11:03:55,753] {processor.py:153} INFO - Started process (PID=267459) to work on /home/ubuntu/airflow/airflow_env/lib/python3.8/site-packages/airflow/example_dags/example_branch_operator_decorator.py
[2022-10-18 11:03:55,763] {processor.py:641} INFO - Processing file /home/ubuntu/airflow/airflow_env/lib/python3.8/site-packages/airflow/example_dags/example_branch_operator_decorator.py for tasks to queue
[2022-10-18 11:03:55,764] {logging_mixin.py:115} INFO - [2022-10-18 11:03:55,763] {dagbag.py:507} INFO - Filling up the DagBag from /home/ubuntu/airflow/airflow_env/lib/python3.8/site-packages/airflow/example_dags/example_branch_operator_decorator.py
[2022-10-18 11:03:55,809] {processor.py:651} INFO - DAG(s) dict_keys(['example_branch_python_operator_decorator']) retrieved from /home/ubuntu/airflow/airflow_env/lib/python3.8/site-packages/airflow/example_dags/example_branch_operator_decorator.py
[2022-10-18 11:03:55,843] {logging_mixin.py:115} INFO - [2022-10-18 11:03:55,843] {dag.py:2379} INFO - Sync 1 DAGs
[2022-10-18 11:03:55,866] {logging_mixin.py:115} INFO - [2022-10-18 11:03:55,865] {dag.py:2927} INFO - Setting next_dagrun for example_branch_python_operator_decorator to 2022-10-17T00:00:00+00:00, run_after=2022-10-18T00:00:00+00:00
[2022-10-18 11:03:55,882] {processor.py:161} INFO - Processing /home/ubuntu/airflow/airflow_env/lib/python3.8/site-packages/airflow/example_dags/example_branch_operator_decorator.py took 0.133 seconds
[2022-10-18 11:04:31,176] {processor.py:153} INFO - Started process (PID=267497) to work on /home/ubuntu/airflow/airflow_env/lib/python3.8/site-packages/airflow/example_dags/example_branch_operator_decorator.py
[2022-10-18 11:04:31,176] {processor.py:641} INFO - Processing file /home/ubuntu/airflow/airflow_env/lib/python3.8/site-packages/airflow/example_dags/example_branch_operator_decorator.py for tasks to queue
[2022-10-18 11:04:31,177] {logging_mixin.py:115} INFO - [2022-10-18 11:04:31,177] {dagbag.py:507} INFO - Filling up the DagBag from /home/ubuntu/airflow/airflow_env/lib/python3.8/site-packages/airflow/example_dags/example_branch_operator_decorator.py
[2022-10-18 11:04:31,201] {processor.py:651} INFO - DAG(s) dict_keys(['example_branch_python_operator_decorator']) retrieved from /home/ubuntu/airflow/airflow_env/lib/python3.8/site-packages/airflow/example_dags/example_branch_operator_decorator.py
[2022-10-18 11:04:31,222] {logging_mixin.py:115} INFO - [2022-10-18 11:04:31,222] {dag.py:2379} INFO - Sync 1 DAGs
[2022-10-18 11:04:31,239] {logging_mixin.py:115} INFO - [2022-10-18 11:04:31,239] {dag.py:2927} INFO - Setting next_dagrun for example_branch_python_operator_decorator to 2022-10-17T00:00:00+00:00, run_after=2022-10-18T00:00:00+00:00
[2022-10-18 11:04:31,250] {processor.py:161} INFO - Processing /home/ubuntu/airflow/airflow_env/lib/python3.8/site-packages/airflow/example_dags/example_branch_operator_decorator.py took 0.078 seconds
[2022-10-18 11:05:06,686] {processor.py:153} INFO - Started process (PID=267540) to work on /home/ubuntu/airflow/airflow_env/lib/python3.8/site-packages/airflow/example_dags/example_branch_operator_decorator.py
[2022-10-18 11:05:06,687] {processor.py:641} INFO - Processing file /home/ubuntu/airflow/airflow_env/lib/python3.8/site-packages/airflow/example_dags/example_branch_operator_decorator.py for tasks to queue
[2022-10-18 11:05:06,687] {logging_mixin.py:115} INFO - [2022-10-18 11:05:06,687] {dagbag.py:507} INFO - Filling up the DagBag from /home/ubuntu/airflow/airflow_env/lib/python3.8/site-packages/airflow/example_dags/example_branch_operator_decorator.py
[2022-10-18 11:05:06,705] {processor.py:651} INFO - DAG(s) dict_keys(['example_branch_python_operator_decorator']) retrieved from /home/ubuntu/airflow/airflow_env/lib/python3.8/site-packages/airflow/example_dags/example_branch_operator_decorator.py
[2022-10-18 11:05:06,725] {logging_mixin.py:115} INFO - [2022-10-18 11:05:06,725] {dag.py:2379} INFO - Sync 1 DAGs
[2022-10-18 11:05:06,743] {logging_mixin.py:115} INFO - [2022-10-18 11:05:06,743] {dag.py:2927} INFO - Setting next_dagrun for example_branch_python_operator_decorator to 2022-10-17T00:00:00+00:00, run_after=2022-10-18T00:00:00+00:00
[2022-10-18 11:05:06,756] {processor.py:161} INFO - Processing /home/ubuntu/airflow/airflow_env/lib/python3.8/site-packages/airflow/example_dags/example_branch_operator_decorator.py took 0.074 seconds
[2022-10-18 11:05:40,808] {processor.py:153} INFO - Started process (PID=267859) to work on /home/ubuntu/airflow/airflow_env/lib/python3.8/site-packages/airflow/example_dags/example_branch_operator_decorator.py
[2022-10-18 11:05:40,809] {processor.py:641} INFO - Processing file /home/ubuntu/airflow/airflow_env/lib/python3.8/site-packages/airflow/example_dags/example_branch_operator_decorator.py for tasks to queue
[2022-10-18 11:05:40,810] {logging_mixin.py:115} INFO - [2022-10-18 11:05:40,809] {dagbag.py:507} INFO - Filling up the DagBag from /home/ubuntu/airflow/airflow_env/lib/python3.8/site-packages/airflow/example_dags/example_branch_operator_decorator.py
[2022-10-18 11:05:40,828] {processor.py:651} INFO - DAG(s) dict_keys(['example_branch_python_operator_decorator']) retrieved from /home/ubuntu/airflow/airflow_env/lib/python3.8/site-packages/airflow/example_dags/example_branch_operator_decorator.py
[2022-10-18 11:05:40,844] {logging_mixin.py:115} INFO - [2022-10-18 11:05:40,844] {dag.py:2379} INFO - Sync 1 DAGs
[2022-10-18 11:05:40,859] {logging_mixin.py:115} INFO - [2022-10-18 11:05:40,859] {dag.py:2927} INFO - Setting next_dagrun for example_branch_python_operator_decorator to 2022-10-17T00:00:00+00:00, run_after=2022-10-18T00:00:00+00:00
[2022-10-18 11:05:40,871] {processor.py:161} INFO - Processing /home/ubuntu/airflow/airflow_env/lib/python3.8/site-packages/airflow/example_dags/example_branch_operator_decorator.py took 0.066 seconds
[2022-10-18 11:06:16,507] {processor.py:153} INFO - Started process (PID=267908) to work on /home/ubuntu/airflow/airflow_env/lib/python3.8/site-packages/airflow/example_dags/example_branch_operator_decorator.py
[2022-10-18 11:06:16,508] {processor.py:641} INFO - Processing file /home/ubuntu/airflow/airflow_env/lib/python3.8/site-packages/airflow/example_dags/example_branch_operator_decorator.py for tasks to queue
[2022-10-18 11:06:16,508] {logging_mixin.py:115} INFO - [2022-10-18 11:06:16,508] {dagbag.py:507} INFO - Filling up the DagBag from /home/ubuntu/airflow/airflow_env/lib/python3.8/site-packages/airflow/example_dags/example_branch_operator_decorator.py
[2022-10-18 11:06:16,527] {processor.py:651} INFO - DAG(s) dict_keys(['example_branch_python_operator_decorator']) retrieved from /home/ubuntu/airflow/airflow_env/lib/python3.8/site-packages/airflow/example_dags/example_branch_operator_decorator.py
[2022-10-18 11:06:16,545] {logging_mixin.py:115} INFO - [2022-10-18 11:06:16,545] {dag.py:2379} INFO - Sync 1 DAGs
[2022-10-18 11:06:16,560] {logging_mixin.py:115} INFO - [2022-10-18 11:06:16,560] {dag.py:2927} INFO - Setting next_dagrun for example_branch_python_operator_decorator to 2022-10-17T00:00:00+00:00, run_after=2022-10-18T00:00:00+00:00
[2022-10-18 11:06:16,573] {processor.py:161} INFO - Processing /home/ubuntu/airflow/airflow_env/lib/python3.8/site-packages/airflow/example_dags/example_branch_operator_decorator.py took 0.070 seconds
[2022-10-18 11:06:55,076] {processor.py:153} INFO - Started process (PID=267948) to work on /home/ubuntu/airflow/airflow_env/lib/python3.8/site-packages/airflow/example_dags/example_branch_operator_decorator.py
[2022-10-18 11:06:55,077] {processor.py:641} INFO - Processing file /home/ubuntu/airflow/airflow_env/lib/python3.8/site-packages/airflow/example_dags/example_branch_operator_decorator.py for tasks to queue
[2022-10-18 11:06:55,078] {logging_mixin.py:115} INFO - [2022-10-18 11:06:55,078] {dagbag.py:507} INFO - Filling up the DagBag from /home/ubuntu/airflow/airflow_env/lib/python3.8/site-packages/airflow/example_dags/example_branch_operator_decorator.py
[2022-10-18 11:06:55,097] {processor.py:651} INFO - DAG(s) dict_keys(['example_branch_python_operator_decorator']) retrieved from /home/ubuntu/airflow/airflow_env/lib/python3.8/site-packages/airflow/example_dags/example_branch_operator_decorator.py
[2022-10-18 11:06:55,114] {logging_mixin.py:115} INFO - [2022-10-18 11:06:55,114] {dag.py:2379} INFO - Sync 1 DAGs
[2022-10-18 11:06:55,130] {logging_mixin.py:115} INFO - [2022-10-18 11:06:55,129] {dag.py:2927} INFO - Setting next_dagrun for example_branch_python_operator_decorator to 2022-10-17T00:00:00+00:00, run_after=2022-10-18T00:00:00+00:00
[2022-10-18 11:06:55,141] {processor.py:161} INFO - Processing /home/ubuntu/airflow/airflow_env/lib/python3.8/site-packages/airflow/example_dags/example_branch_operator_decorator.py took 0.068 seconds
[2022-10-18 11:07:33,832] {processor.py:153} INFO - Started process (PID=268029) to work on /home/ubuntu/airflow/airflow_env/lib/python3.8/site-packages/airflow/example_dags/example_branch_operator_decorator.py
[2022-10-18 11:07:33,833] {processor.py:641} INFO - Processing file /home/ubuntu/airflow/airflow_env/lib/python3.8/site-packages/airflow/example_dags/example_branch_operator_decorator.py for tasks to queue
[2022-10-18 11:07:33,833] {logging_mixin.py:115} INFO - [2022-10-18 11:07:33,833] {dagbag.py:507} INFO - Filling up the DagBag from /home/ubuntu/airflow/airflow_env/lib/python3.8/site-packages/airflow/example_dags/example_branch_operator_decorator.py
[2022-10-18 11:07:33,852] {processor.py:651} INFO - DAG(s) dict_keys(['example_branch_python_operator_decorator']) retrieved from /home/ubuntu/airflow/airflow_env/lib/python3.8/site-packages/airflow/example_dags/example_branch_operator_decorator.py
[2022-10-18 11:07:33,870] {logging_mixin.py:115} INFO - [2022-10-18 11:07:33,870] {dag.py:2379} INFO - Sync 1 DAGs
[2022-10-18 11:07:33,884] {logging_mixin.py:115} INFO - [2022-10-18 11:07:33,884] {dag.py:2927} INFO - Setting next_dagrun for example_branch_python_operator_decorator to 2022-10-17T00:00:00+00:00, run_after=2022-10-18T00:00:00+00:00
[2022-10-18 11:07:33,895] {processor.py:161} INFO - Processing /home/ubuntu/airflow/airflow_env/lib/python3.8/site-packages/airflow/example_dags/example_branch_operator_decorator.py took 0.066 seconds
[2022-10-18 11:08:09,831] {processor.py:153} INFO - Started process (PID=268068) to work on /home/ubuntu/airflow/airflow_env/lib/python3.8/site-packages/airflow/example_dags/example_branch_operator_decorator.py
[2022-10-18 11:08:09,832] {processor.py:641} INFO - Processing file /home/ubuntu/airflow/airflow_env/lib/python3.8/site-packages/airflow/example_dags/example_branch_operator_decorator.py for tasks to queue
[2022-10-18 11:08:09,832] {logging_mixin.py:115} INFO - [2022-10-18 11:08:09,832] {dagbag.py:507} INFO - Filling up the DagBag from /home/ubuntu/airflow/airflow_env/lib/python3.8/site-packages/airflow/example_dags/example_branch_operator_decorator.py
[2022-10-18 11:08:09,850] {processor.py:651} INFO - DAG(s) dict_keys(['example_branch_python_operator_decorator']) retrieved from /home/ubuntu/airflow/airflow_env/lib/python3.8/site-packages/airflow/example_dags/example_branch_operator_decorator.py
[2022-10-18 11:08:09,867] {logging_mixin.py:115} INFO - [2022-10-18 11:08:09,867] {dag.py:2379} INFO - Sync 1 DAGs
[2022-10-18 11:08:09,883] {logging_mixin.py:115} INFO - [2022-10-18 11:08:09,882] {dag.py:2927} INFO - Setting next_dagrun for example_branch_python_operator_decorator to 2022-10-17T00:00:00+00:00, run_after=2022-10-18T00:00:00+00:00
[2022-10-18 11:08:09,898] {processor.py:161} INFO - Processing /home/ubuntu/airflow/airflow_env/lib/python3.8/site-packages/airflow/example_dags/example_branch_operator_decorator.py took 0.070 seconds
[2022-10-18 11:08:45,849] {processor.py:153} INFO - Started process (PID=268105) to work on /home/ubuntu/airflow/airflow_env/lib/python3.8/site-packages/airflow/example_dags/example_branch_operator_decorator.py
[2022-10-18 11:08:45,849] {processor.py:641} INFO - Processing file /home/ubuntu/airflow/airflow_env/lib/python3.8/site-packages/airflow/example_dags/example_branch_operator_decorator.py for tasks to queue
[2022-10-18 11:08:45,850] {logging_mixin.py:115} INFO - [2022-10-18 11:08:45,850] {dagbag.py:507} INFO - Filling up the DagBag from /home/ubuntu/airflow/airflow_env/lib/python3.8/site-packages/airflow/example_dags/example_branch_operator_decorator.py
[2022-10-18 11:08:45,868] {processor.py:651} INFO - DAG(s) dict_keys(['example_branch_python_operator_decorator']) retrieved from /home/ubuntu/airflow/airflow_env/lib/python3.8/site-packages/airflow/example_dags/example_branch_operator_decorator.py
[2022-10-18 11:08:45,886] {logging_mixin.py:115} INFO - [2022-10-18 11:08:45,886] {dag.py:2379} INFO - Sync 1 DAGs
[2022-10-18 11:08:45,901] {logging_mixin.py:115} INFO - [2022-10-18 11:08:45,901] {dag.py:2927} INFO - Setting next_dagrun for example_branch_python_operator_decorator to 2022-10-17T00:00:00+00:00, run_after=2022-10-18T00:00:00+00:00
[2022-10-18 11:08:45,912] {processor.py:161} INFO - Processing /home/ubuntu/airflow/airflow_env/lib/python3.8/site-packages/airflow/example_dags/example_branch_operator_decorator.py took 0.067 seconds
[2022-10-18 11:09:20,665] {processor.py:153} INFO - Started process (PID=268146) to work on /home/ubuntu/airflow/airflow_env/lib/python3.8/site-packages/airflow/example_dags/example_branch_operator_decorator.py
[2022-10-18 11:09:20,666] {processor.py:641} INFO - Processing file /home/ubuntu/airflow/airflow_env/lib/python3.8/site-packages/airflow/example_dags/example_branch_operator_decorator.py for tasks to queue
[2022-10-18 11:09:20,667] {logging_mixin.py:115} INFO - [2022-10-18 11:09:20,667] {dagbag.py:507} INFO - Filling up the DagBag from /home/ubuntu/airflow/airflow_env/lib/python3.8/site-packages/airflow/example_dags/example_branch_operator_decorator.py
[2022-10-18 11:09:20,685] {processor.py:651} INFO - DAG(s) dict_keys(['example_branch_python_operator_decorator']) retrieved from /home/ubuntu/airflow/airflow_env/lib/python3.8/site-packages/airflow/example_dags/example_branch_operator_decorator.py
[2022-10-18 11:09:20,702] {logging_mixin.py:115} INFO - [2022-10-18 11:09:20,702] {dag.py:2379} INFO - Sync 1 DAGs
[2022-10-18 11:09:20,720] {logging_mixin.py:115} INFO - [2022-10-18 11:09:20,720] {dag.py:2927} INFO - Setting next_dagrun for example_branch_python_operator_decorator to 2022-10-17T00:00:00+00:00, run_after=2022-10-18T00:00:00+00:00
[2022-10-18 11:09:20,731] {processor.py:161} INFO - Processing /home/ubuntu/airflow/airflow_env/lib/python3.8/site-packages/airflow/example_dags/example_branch_operator_decorator.py took 0.069 seconds
[2022-10-18 11:09:59,632] {processor.py:153} INFO - Started process (PID=268185) to work on /home/ubuntu/airflow/airflow_env/lib/python3.8/site-packages/airflow/example_dags/example_branch_operator_decorator.py
[2022-10-18 11:09:59,634] {processor.py:641} INFO - Processing file /home/ubuntu/airflow/airflow_env/lib/python3.8/site-packages/airflow/example_dags/example_branch_operator_decorator.py for tasks to queue
[2022-10-18 11:09:59,634] {logging_mixin.py:115} INFO - [2022-10-18 11:09:59,634] {dagbag.py:507} INFO - Filling up the DagBag from /home/ubuntu/airflow/airflow_env/lib/python3.8/site-packages/airflow/example_dags/example_branch_operator_decorator.py
[2022-10-18 11:09:59,657] {processor.py:651} INFO - DAG(s) dict_keys(['example_branch_python_operator_decorator']) retrieved from /home/ubuntu/airflow/airflow_env/lib/python3.8/site-packages/airflow/example_dags/example_branch_operator_decorator.py
[2022-10-18 11:09:59,678] {logging_mixin.py:115} INFO - [2022-10-18 11:09:59,678] {dag.py:2379} INFO - Sync 1 DAGs
[2022-10-18 11:09:59,697] {logging_mixin.py:115} INFO - [2022-10-18 11:09:59,696] {dag.py:2927} INFO - Setting next_dagrun for example_branch_python_operator_decorator to 2022-10-17T00:00:00+00:00, run_after=2022-10-18T00:00:00+00:00
[2022-10-18 11:09:59,710] {processor.py:161} INFO - Processing /home/ubuntu/airflow/airflow_env/lib/python3.8/site-packages/airflow/example_dags/example_branch_operator_decorator.py took 0.082 seconds
[2022-10-18 11:10:33,773] {processor.py:153} INFO - Started process (PID=268224) to work on /home/ubuntu/airflow/airflow_env/lib/python3.8/site-packages/airflow/example_dags/example_branch_operator_decorator.py
[2022-10-18 11:10:33,775] {processor.py:641} INFO - Processing file /home/ubuntu/airflow/airflow_env/lib/python3.8/site-packages/airflow/example_dags/example_branch_operator_decorator.py for tasks to queue
[2022-10-18 11:10:33,775] {logging_mixin.py:115} INFO - [2022-10-18 11:10:33,775] {dagbag.py:507} INFO - Filling up the DagBag from /home/ubuntu/airflow/airflow_env/lib/python3.8/site-packages/airflow/example_dags/example_branch_operator_decorator.py
[2022-10-18 11:10:33,794] {processor.py:651} INFO - DAG(s) dict_keys(['example_branch_python_operator_decorator']) retrieved from /home/ubuntu/airflow/airflow_env/lib/python3.8/site-packages/airflow/example_dags/example_branch_operator_decorator.py
[2022-10-18 11:10:33,812] {logging_mixin.py:115} INFO - [2022-10-18 11:10:33,812] {dag.py:2379} INFO - Sync 1 DAGs
[2022-10-18 11:10:33,827] {logging_mixin.py:115} INFO - [2022-10-18 11:10:33,827] {dag.py:2927} INFO - Setting next_dagrun for example_branch_python_operator_decorator to 2022-10-17T00:00:00+00:00, run_after=2022-10-18T00:00:00+00:00
[2022-10-18 11:10:33,839] {processor.py:161} INFO - Processing /home/ubuntu/airflow/airflow_env/lib/python3.8/site-packages/airflow/example_dags/example_branch_operator_decorator.py took 0.071 seconds
[2022-10-18 11:11:12,723] {processor.py:153} INFO - Started process (PID=268271) to work on /home/ubuntu/airflow/airflow_env/lib/python3.8/site-packages/airflow/example_dags/example_branch_operator_decorator.py
[2022-10-18 11:11:12,724] {processor.py:641} INFO - Processing file /home/ubuntu/airflow/airflow_env/lib/python3.8/site-packages/airflow/example_dags/example_branch_operator_decorator.py for tasks to queue
[2022-10-18 11:11:12,725] {logging_mixin.py:115} INFO - [2022-10-18 11:11:12,725] {dagbag.py:507} INFO - Filling up the DagBag from /home/ubuntu/airflow/airflow_env/lib/python3.8/site-packages/airflow/example_dags/example_branch_operator_decorator.py
[2022-10-18 11:11:12,743] {processor.py:651} INFO - DAG(s) dict_keys(['example_branch_python_operator_decorator']) retrieved from /home/ubuntu/airflow/airflow_env/lib/python3.8/site-packages/airflow/example_dags/example_branch_operator_decorator.py
[2022-10-18 11:11:12,760] {logging_mixin.py:115} INFO - [2022-10-18 11:11:12,760] {dag.py:2379} INFO - Sync 1 DAGs
[2022-10-18 11:11:12,776] {logging_mixin.py:115} INFO - [2022-10-18 11:11:12,775] {dag.py:2927} INFO - Setting next_dagrun for example_branch_python_operator_decorator to 2022-10-17T00:00:00+00:00, run_after=2022-10-18T00:00:00+00:00
[2022-10-18 11:11:12,789] {processor.py:161} INFO - Processing /home/ubuntu/airflow/airflow_env/lib/python3.8/site-packages/airflow/example_dags/example_branch_operator_decorator.py took 0.070 seconds
[2022-10-18 11:11:48,119] {processor.py:153} INFO - Started process (PID=268314) to work on /home/ubuntu/airflow/airflow_env/lib/python3.8/site-packages/airflow/example_dags/example_branch_operator_decorator.py
[2022-10-18 11:11:48,120] {processor.py:641} INFO - Processing file /home/ubuntu/airflow/airflow_env/lib/python3.8/site-packages/airflow/example_dags/example_branch_operator_decorator.py for tasks to queue
[2022-10-18 11:11:48,120] {logging_mixin.py:115} INFO - [2022-10-18 11:11:48,120] {dagbag.py:507} INFO - Filling up the DagBag from /home/ubuntu/airflow/airflow_env/lib/python3.8/site-packages/airflow/example_dags/example_branch_operator_decorator.py
[2022-10-18 11:11:48,139] {processor.py:651} INFO - DAG(s) dict_keys(['example_branch_python_operator_decorator']) retrieved from /home/ubuntu/airflow/airflow_env/lib/python3.8/site-packages/airflow/example_dags/example_branch_operator_decorator.py
[2022-10-18 11:11:48,155] {logging_mixin.py:115} INFO - [2022-10-18 11:11:48,155] {dag.py:2379} INFO - Sync 1 DAGs
[2022-10-18 11:11:48,170] {logging_mixin.py:115} INFO - [2022-10-18 11:11:48,170] {dag.py:2927} INFO - Setting next_dagrun for example_branch_python_operator_decorator to 2022-10-17T00:00:00+00:00, run_after=2022-10-18T00:00:00+00:00
[2022-10-18 11:11:48,183] {processor.py:161} INFO - Processing /home/ubuntu/airflow/airflow_env/lib/python3.8/site-packages/airflow/example_dags/example_branch_operator_decorator.py took 0.068 seconds
[2022-10-18 11:12:23,997] {processor.py:153} INFO - Started process (PID=268353) to work on /home/ubuntu/airflow/airflow_env/lib/python3.8/site-packages/airflow/example_dags/example_branch_operator_decorator.py
[2022-10-18 11:12:23,998] {processor.py:641} INFO - Processing file /home/ubuntu/airflow/airflow_env/lib/python3.8/site-packages/airflow/example_dags/example_branch_operator_decorator.py for tasks to queue
[2022-10-18 11:12:23,999] {logging_mixin.py:115} INFO - [2022-10-18 11:12:23,998] {dagbag.py:507} INFO - Filling up the DagBag from /home/ubuntu/airflow/airflow_env/lib/python3.8/site-packages/airflow/example_dags/example_branch_operator_decorator.py
[2022-10-18 11:12:24,019] {processor.py:651} INFO - DAG(s) dict_keys(['example_branch_python_operator_decorator']) retrieved from /home/ubuntu/airflow/airflow_env/lib/python3.8/site-packages/airflow/example_dags/example_branch_operator_decorator.py
[2022-10-18 11:12:24,035] {logging_mixin.py:115} INFO - [2022-10-18 11:12:24,035] {dag.py:2379} INFO - Sync 1 DAGs
[2022-10-18 11:12:24,050] {logging_mixin.py:115} INFO - [2022-10-18 11:12:24,050] {dag.py:2927} INFO - Setting next_dagrun for example_branch_python_operator_decorator to 2022-10-17T00:00:00+00:00, run_after=2022-10-18T00:00:00+00:00
[2022-10-18 11:12:24,061] {processor.py:161} INFO - Processing /home/ubuntu/airflow/airflow_env/lib/python3.8/site-packages/airflow/example_dags/example_branch_operator_decorator.py took 0.067 seconds
[2022-10-18 11:12:58,906] {processor.py:153} INFO - Started process (PID=268418) to work on /home/ubuntu/airflow/airflow_env/lib/python3.8/site-packages/airflow/example_dags/example_branch_operator_decorator.py
[2022-10-18 11:12:58,907] {processor.py:641} INFO - Processing file /home/ubuntu/airflow/airflow_env/lib/python3.8/site-packages/airflow/example_dags/example_branch_operator_decorator.py for tasks to queue
[2022-10-18 11:12:58,908] {logging_mixin.py:115} INFO - [2022-10-18 11:12:58,907] {dagbag.py:507} INFO - Filling up the DagBag from /home/ubuntu/airflow/airflow_env/lib/python3.8/site-packages/airflow/example_dags/example_branch_operator_decorator.py
[2022-10-18 11:12:58,926] {processor.py:651} INFO - DAG(s) dict_keys(['example_branch_python_operator_decorator']) retrieved from /home/ubuntu/airflow/airflow_env/lib/python3.8/site-packages/airflow/example_dags/example_branch_operator_decorator.py
[2022-10-18 11:12:58,943] {logging_mixin.py:115} INFO - [2022-10-18 11:12:58,943] {dag.py:2379} INFO - Sync 1 DAGs
[2022-10-18 11:12:58,960] {logging_mixin.py:115} INFO - [2022-10-18 11:12:58,960] {dag.py:2927} INFO - Setting next_dagrun for example_branch_python_operator_decorator to 2022-10-17T00:00:00+00:00, run_after=2022-10-18T00:00:00+00:00
[2022-10-18 11:12:58,972] {processor.py:161} INFO - Processing /home/ubuntu/airflow/airflow_env/lib/python3.8/site-packages/airflow/example_dags/example_branch_operator_decorator.py took 0.070 seconds
[2022-10-18 11:13:34,965] {processor.py:153} INFO - Started process (PID=268457) to work on /home/ubuntu/airflow/airflow_env/lib/python3.8/site-packages/airflow/example_dags/example_branch_operator_decorator.py
[2022-10-18 11:13:34,966] {processor.py:641} INFO - Processing file /home/ubuntu/airflow/airflow_env/lib/python3.8/site-packages/airflow/example_dags/example_branch_operator_decorator.py for tasks to queue
[2022-10-18 11:13:34,967] {logging_mixin.py:115} INFO - [2022-10-18 11:13:34,967] {dagbag.py:507} INFO - Filling up the DagBag from /home/ubuntu/airflow/airflow_env/lib/python3.8/site-packages/airflow/example_dags/example_branch_operator_decorator.py
[2022-10-18 11:13:34,990] {processor.py:651} INFO - DAG(s) dict_keys(['example_branch_python_operator_decorator']) retrieved from /home/ubuntu/airflow/airflow_env/lib/python3.8/site-packages/airflow/example_dags/example_branch_operator_decorator.py
[2022-10-18 11:13:35,012] {logging_mixin.py:115} INFO - [2022-10-18 11:13:35,012] {dag.py:2379} INFO - Sync 1 DAGs
[2022-10-18 11:13:35,032] {logging_mixin.py:115} INFO - [2022-10-18 11:13:35,032] {dag.py:2927} INFO - Setting next_dagrun for example_branch_python_operator_decorator to 2022-10-17T00:00:00+00:00, run_after=2022-10-18T00:00:00+00:00
[2022-10-18 11:13:35,045] {processor.py:161} INFO - Processing /home/ubuntu/airflow/airflow_env/lib/python3.8/site-packages/airflow/example_dags/example_branch_operator_decorator.py took 0.085 seconds
[2022-10-18 11:14:11,230] {processor.py:153} INFO - Started process (PID=268497) to work on /home/ubuntu/airflow/airflow_env/lib/python3.8/site-packages/airflow/example_dags/example_branch_operator_decorator.py
[2022-10-18 11:14:11,231] {processor.py:641} INFO - Processing file /home/ubuntu/airflow/airflow_env/lib/python3.8/site-packages/airflow/example_dags/example_branch_operator_decorator.py for tasks to queue
[2022-10-18 11:14:11,232] {logging_mixin.py:115} INFO - [2022-10-18 11:14:11,232] {dagbag.py:507} INFO - Filling up the DagBag from /home/ubuntu/airflow/airflow_env/lib/python3.8/site-packages/airflow/example_dags/example_branch_operator_decorator.py
[2022-10-18 11:14:11,251] {processor.py:651} INFO - DAG(s) dict_keys(['example_branch_python_operator_decorator']) retrieved from /home/ubuntu/airflow/airflow_env/lib/python3.8/site-packages/airflow/example_dags/example_branch_operator_decorator.py
[2022-10-18 11:14:11,269] {logging_mixin.py:115} INFO - [2022-10-18 11:14:11,269] {dag.py:2379} INFO - Sync 1 DAGs
[2022-10-18 11:14:11,284] {logging_mixin.py:115} INFO - [2022-10-18 11:14:11,284] {dag.py:2927} INFO - Setting next_dagrun for example_branch_python_operator_decorator to 2022-10-17T00:00:00+00:00, run_after=2022-10-18T00:00:00+00:00
[2022-10-18 11:14:11,298] {processor.py:161} INFO - Processing /home/ubuntu/airflow/airflow_env/lib/python3.8/site-packages/airflow/example_dags/example_branch_operator_decorator.py took 0.072 seconds
[2022-10-18 11:14:50,239] {processor.py:153} INFO - Started process (PID=268540) to work on /home/ubuntu/airflow/airflow_env/lib/python3.8/site-packages/airflow/example_dags/example_branch_operator_decorator.py
[2022-10-18 11:14:50,240] {processor.py:641} INFO - Processing file /home/ubuntu/airflow/airflow_env/lib/python3.8/site-packages/airflow/example_dags/example_branch_operator_decorator.py for tasks to queue
[2022-10-18 11:14:50,241] {logging_mixin.py:115} INFO - [2022-10-18 11:14:50,240] {dagbag.py:507} INFO - Filling up the DagBag from /home/ubuntu/airflow/airflow_env/lib/python3.8/site-packages/airflow/example_dags/example_branch_operator_decorator.py
[2022-10-18 11:14:50,260] {processor.py:651} INFO - DAG(s) dict_keys(['example_branch_python_operator_decorator']) retrieved from /home/ubuntu/airflow/airflow_env/lib/python3.8/site-packages/airflow/example_dags/example_branch_operator_decorator.py
[2022-10-18 11:14:50,279] {logging_mixin.py:115} INFO - [2022-10-18 11:14:50,279] {dag.py:2379} INFO - Sync 1 DAGs
[2022-10-18 11:14:50,296] {logging_mixin.py:115} INFO - [2022-10-18 11:14:50,295] {dag.py:2927} INFO - Setting next_dagrun for example_branch_python_operator_decorator to 2022-10-17T00:00:00+00:00, run_after=2022-10-18T00:00:00+00:00
[2022-10-18 11:14:50,308] {processor.py:161} INFO - Processing /home/ubuntu/airflow/airflow_env/lib/python3.8/site-packages/airflow/example_dags/example_branch_operator_decorator.py took 0.073 seconds
[2022-10-18 11:15:29,965] {processor.py:153} INFO - Started process (PID=268583) to work on /home/ubuntu/airflow/airflow_env/lib/python3.8/site-packages/airflow/example_dags/example_branch_operator_decorator.py
[2022-10-18 11:15:29,967] {processor.py:641} INFO - Processing file /home/ubuntu/airflow/airflow_env/lib/python3.8/site-packages/airflow/example_dags/example_branch_operator_decorator.py for tasks to queue
[2022-10-18 11:15:29,967] {logging_mixin.py:115} INFO - [2022-10-18 11:15:29,967] {dagbag.py:507} INFO - Filling up the DagBag from /home/ubuntu/airflow/airflow_env/lib/python3.8/site-packages/airflow/example_dags/example_branch_operator_decorator.py
[2022-10-18 11:15:29,992] {processor.py:651} INFO - DAG(s) dict_keys(['example_branch_python_operator_decorator']) retrieved from /home/ubuntu/airflow/airflow_env/lib/python3.8/site-packages/airflow/example_dags/example_branch_operator_decorator.py
[2022-10-18 11:15:30,012] {logging_mixin.py:115} INFO - [2022-10-18 11:15:30,012] {dag.py:2379} INFO - Sync 1 DAGs
[2022-10-18 11:15:30,033] {logging_mixin.py:115} INFO - [2022-10-18 11:15:30,033] {dag.py:2927} INFO - Setting next_dagrun for example_branch_python_operator_decorator to 2022-10-17T00:00:00+00:00, run_after=2022-10-18T00:00:00+00:00
[2022-10-18 11:15:30,047] {processor.py:161} INFO - Processing /home/ubuntu/airflow/airflow_env/lib/python3.8/site-packages/airflow/example_dags/example_branch_operator_decorator.py took 0.089 seconds
[2022-10-18 11:16:09,853] {processor.py:153} INFO - Started process (PID=268630) to work on /home/ubuntu/airflow/airflow_env/lib/python3.8/site-packages/airflow/example_dags/example_branch_operator_decorator.py
[2022-10-18 11:16:09,854] {processor.py:641} INFO - Processing file /home/ubuntu/airflow/airflow_env/lib/python3.8/site-packages/airflow/example_dags/example_branch_operator_decorator.py for tasks to queue
[2022-10-18 11:16:09,855] {logging_mixin.py:115} INFO - [2022-10-18 11:16:09,854] {dagbag.py:507} INFO - Filling up the DagBag from /home/ubuntu/airflow/airflow_env/lib/python3.8/site-packages/airflow/example_dags/example_branch_operator_decorator.py
[2022-10-18 11:16:09,887] {processor.py:651} INFO - DAG(s) dict_keys(['example_branch_python_operator_decorator']) retrieved from /home/ubuntu/airflow/airflow_env/lib/python3.8/site-packages/airflow/example_dags/example_branch_operator_decorator.py
[2022-10-18 11:16:09,913] {logging_mixin.py:115} INFO - [2022-10-18 11:16:09,913] {dag.py:2379} INFO - Sync 1 DAGs
[2022-10-18 11:16:09,942] {logging_mixin.py:115} INFO - [2022-10-18 11:16:09,942] {dag.py:2927} INFO - Setting next_dagrun for example_branch_python_operator_decorator to 2022-10-17T00:00:00+00:00, run_after=2022-10-18T00:00:00+00:00
[2022-10-18 11:16:09,956] {processor.py:161} INFO - Processing /home/ubuntu/airflow/airflow_env/lib/python3.8/site-packages/airflow/example_dags/example_branch_operator_decorator.py took 0.107 seconds
[2022-10-18 11:16:43,851] {processor.py:153} INFO - Started process (PID=268671) to work on /home/ubuntu/airflow/airflow_env/lib/python3.8/site-packages/airflow/example_dags/example_branch_operator_decorator.py
[2022-10-18 11:16:43,851] {processor.py:641} INFO - Processing file /home/ubuntu/airflow/airflow_env/lib/python3.8/site-packages/airflow/example_dags/example_branch_operator_decorator.py for tasks to queue
[2022-10-18 11:16:43,852] {logging_mixin.py:115} INFO - [2022-10-18 11:16:43,852] {dagbag.py:507} INFO - Filling up the DagBag from /home/ubuntu/airflow/airflow_env/lib/python3.8/site-packages/airflow/example_dags/example_branch_operator_decorator.py
[2022-10-18 11:16:43,875] {processor.py:651} INFO - DAG(s) dict_keys(['example_branch_python_operator_decorator']) retrieved from /home/ubuntu/airflow/airflow_env/lib/python3.8/site-packages/airflow/example_dags/example_branch_operator_decorator.py
[2022-10-18 11:16:43,893] {logging_mixin.py:115} INFO - [2022-10-18 11:16:43,893] {dag.py:2379} INFO - Sync 1 DAGs
[2022-10-18 11:16:43,912] {logging_mixin.py:115} INFO - [2022-10-18 11:16:43,911] {dag.py:2927} INFO - Setting next_dagrun for example_branch_python_operator_decorator to 2022-10-17T00:00:00+00:00, run_after=2022-10-18T00:00:00+00:00
[2022-10-18 11:16:43,925] {processor.py:161} INFO - Processing /home/ubuntu/airflow/airflow_env/lib/python3.8/site-packages/airflow/example_dags/example_branch_operator_decorator.py took 0.078 seconds
[2022-10-18 11:17:21,123] {processor.py:153} INFO - Started process (PID=268720) to work on /home/ubuntu/airflow/airflow_env/lib/python3.8/site-packages/airflow/example_dags/example_branch_operator_decorator.py
[2022-10-18 11:17:21,124] {processor.py:641} INFO - Processing file /home/ubuntu/airflow/airflow_env/lib/python3.8/site-packages/airflow/example_dags/example_branch_operator_decorator.py for tasks to queue
[2022-10-18 11:17:21,124] {logging_mixin.py:115} INFO - [2022-10-18 11:17:21,124] {dagbag.py:507} INFO - Filling up the DagBag from /home/ubuntu/airflow/airflow_env/lib/python3.8/site-packages/airflow/example_dags/example_branch_operator_decorator.py
[2022-10-18 11:17:21,144] {processor.py:651} INFO - DAG(s) dict_keys(['example_branch_python_operator_decorator']) retrieved from /home/ubuntu/airflow/airflow_env/lib/python3.8/site-packages/airflow/example_dags/example_branch_operator_decorator.py
[2022-10-18 11:17:21,161] {logging_mixin.py:115} INFO - [2022-10-18 11:17:21,161] {dag.py:2379} INFO - Sync 1 DAGs
[2022-10-18 11:17:21,182] {logging_mixin.py:115} INFO - [2022-10-18 11:17:21,182] {dag.py:2927} INFO - Setting next_dagrun for example_branch_python_operator_decorator to 2022-10-17T00:00:00+00:00, run_after=2022-10-18T00:00:00+00:00
[2022-10-18 11:17:21,196] {processor.py:161} INFO - Processing /home/ubuntu/airflow/airflow_env/lib/python3.8/site-packages/airflow/example_dags/example_branch_operator_decorator.py took 0.078 seconds
[2022-10-18 11:17:55,999] {processor.py:153} INFO - Started process (PID=268798) to work on /home/ubuntu/airflow/airflow_env/lib/python3.8/site-packages/airflow/example_dags/example_branch_operator_decorator.py
[2022-10-18 11:17:56,000] {processor.py:641} INFO - Processing file /home/ubuntu/airflow/airflow_env/lib/python3.8/site-packages/airflow/example_dags/example_branch_operator_decorator.py for tasks to queue
[2022-10-18 11:17:56,000] {logging_mixin.py:115} INFO - [2022-10-18 11:17:56,000] {dagbag.py:507} INFO - Filling up the DagBag from /home/ubuntu/airflow/airflow_env/lib/python3.8/site-packages/airflow/example_dags/example_branch_operator_decorator.py
[2022-10-18 11:17:56,022] {processor.py:651} INFO - DAG(s) dict_keys(['example_branch_python_operator_decorator']) retrieved from /home/ubuntu/airflow/airflow_env/lib/python3.8/site-packages/airflow/example_dags/example_branch_operator_decorator.py
[2022-10-18 11:17:56,040] {logging_mixin.py:115} INFO - [2022-10-18 11:17:56,040] {dag.py:2379} INFO - Sync 1 DAGs
[2022-10-18 11:17:56,057] {logging_mixin.py:115} INFO - [2022-10-18 11:17:56,056] {dag.py:2927} INFO - Setting next_dagrun for example_branch_python_operator_decorator to 2022-10-17T00:00:00+00:00, run_after=2022-10-18T00:00:00+00:00
[2022-10-18 11:17:56,068] {processor.py:161} INFO - Processing /home/ubuntu/airflow/airflow_env/lib/python3.8/site-packages/airflow/example_dags/example_branch_operator_decorator.py took 0.073 seconds
[2022-10-18 11:18:32,058] {processor.py:153} INFO - Started process (PID=268915) to work on /home/ubuntu/airflow/airflow_env/lib/python3.8/site-packages/airflow/example_dags/example_branch_operator_decorator.py
[2022-10-18 11:18:32,059] {processor.py:641} INFO - Processing file /home/ubuntu/airflow/airflow_env/lib/python3.8/site-packages/airflow/example_dags/example_branch_operator_decorator.py for tasks to queue
[2022-10-18 11:18:32,059] {logging_mixin.py:115} INFO - [2022-10-18 11:18:32,059] {dagbag.py:507} INFO - Filling up the DagBag from /home/ubuntu/airflow/airflow_env/lib/python3.8/site-packages/airflow/example_dags/example_branch_operator_decorator.py
[2022-10-18 11:18:32,080] {processor.py:651} INFO - DAG(s) dict_keys(['example_branch_python_operator_decorator']) retrieved from /home/ubuntu/airflow/airflow_env/lib/python3.8/site-packages/airflow/example_dags/example_branch_operator_decorator.py
[2022-10-18 11:18:32,100] {logging_mixin.py:115} INFO - [2022-10-18 11:18:32,100] {dag.py:2379} INFO - Sync 1 DAGs
[2022-10-18 11:18:32,120] {logging_mixin.py:115} INFO - [2022-10-18 11:18:32,120] {dag.py:2927} INFO - Setting next_dagrun for example_branch_python_operator_decorator to 2022-10-17T00:00:00+00:00, run_after=2022-10-18T00:00:00+00:00
[2022-10-18 11:18:32,135] {processor.py:161} INFO - Processing /home/ubuntu/airflow/airflow_env/lib/python3.8/site-packages/airflow/example_dags/example_branch_operator_decorator.py took 0.081 seconds
[2022-10-18 11:19:10,563] {processor.py:153} INFO - Started process (PID=269108) to work on /home/ubuntu/airflow/airflow_env/lib/python3.8/site-packages/airflow/example_dags/example_branch_operator_decorator.py
[2022-10-18 11:19:10,564] {processor.py:641} INFO - Processing file /home/ubuntu/airflow/airflow_env/lib/python3.8/site-packages/airflow/example_dags/example_branch_operator_decorator.py for tasks to queue
[2022-10-18 11:19:10,567] {logging_mixin.py:115} INFO - [2022-10-18 11:19:10,567] {dagbag.py:507} INFO - Filling up the DagBag from /home/ubuntu/airflow/airflow_env/lib/python3.8/site-packages/airflow/example_dags/example_branch_operator_decorator.py
[2022-10-18 11:19:10,627] {processor.py:651} INFO - DAG(s) dict_keys(['example_branch_python_operator_decorator']) retrieved from /home/ubuntu/airflow/airflow_env/lib/python3.8/site-packages/airflow/example_dags/example_branch_operator_decorator.py
[2022-10-18 11:19:10,683] {logging_mixin.py:115} INFO - [2022-10-18 11:19:10,682] {dag.py:2379} INFO - Sync 1 DAGs
[2022-10-18 11:19:10,725] {logging_mixin.py:115} INFO - [2022-10-18 11:19:10,724] {dag.py:2927} INFO - Setting next_dagrun for example_branch_python_operator_decorator to 2022-10-17T00:00:00+00:00, run_after=2022-10-18T00:00:00+00:00
[2022-10-18 11:19:10,777] {processor.py:161} INFO - Processing /home/ubuntu/airflow/airflow_env/lib/python3.8/site-packages/airflow/example_dags/example_branch_operator_decorator.py took 0.222 seconds
[2022-10-18 11:22:02,793] {processor.py:153} INFO - Started process (PID=270490) to work on /home/ubuntu/airflow/airflow_env/lib/python3.8/site-packages/airflow/example_dags/example_branch_operator_decorator.py
[2022-10-18 11:22:02,794] {processor.py:641} INFO - Processing file /home/ubuntu/airflow/airflow_env/lib/python3.8/site-packages/airflow/example_dags/example_branch_operator_decorator.py for tasks to queue
[2022-10-18 11:22:02,795] {logging_mixin.py:115} INFO - [2022-10-18 11:22:02,795] {dagbag.py:507} INFO - Filling up the DagBag from /home/ubuntu/airflow/airflow_env/lib/python3.8/site-packages/airflow/example_dags/example_branch_operator_decorator.py
[2022-10-18 11:22:02,828] {processor.py:651} INFO - DAG(s) dict_keys(['example_branch_python_operator_decorator']) retrieved from /home/ubuntu/airflow/airflow_env/lib/python3.8/site-packages/airflow/example_dags/example_branch_operator_decorator.py
[2022-10-18 11:22:02,846] {logging_mixin.py:115} INFO - [2022-10-18 11:22:02,846] {dag.py:2379} INFO - Sync 1 DAGs
[2022-10-18 11:22:02,862] {logging_mixin.py:115} INFO - [2022-10-18 11:22:02,862] {dag.py:2927} INFO - Setting next_dagrun for example_branch_python_operator_decorator to 2022-10-17T00:00:00+00:00, run_after=2022-10-18T00:00:00+00:00
[2022-10-18 11:22:02,873] {processor.py:161} INFO - Processing /home/ubuntu/airflow/airflow_env/lib/python3.8/site-packages/airflow/example_dags/example_branch_operator_decorator.py took 0.085 seconds
