[2022-10-18 00:13:09,739] {processor.py:153} INFO - Started process (PID=265918) to work on /home/ubuntu/airflow/airflow_env/lib/python3.8/site-packages/airflow/example_dags/example_bash_operator.py
[2022-10-18 00:13:09,739] {processor.py:641} INFO - Processing file /home/ubuntu/airflow/airflow_env/lib/python3.8/site-packages/airflow/example_dags/example_bash_operator.py for tasks to queue
[2022-10-18 00:13:09,740] {logging_mixin.py:115} INFO - [2022-10-18 00:13:09,740] {dagbag.py:507} INFO - Filling up the DagBag from /home/ubuntu/airflow/airflow_env/lib/python3.8/site-packages/airflow/example_dags/example_bash_operator.py
[2022-10-18 00:13:09,753] {processor.py:651} INFO - DAG(s) dict_keys(['example_bash_operator']) retrieved from /home/ubuntu/airflow/airflow_env/lib/python3.8/site-packages/airflow/example_dags/example_bash_operator.py
[2022-10-18 00:13:09,774] {logging_mixin.py:115} INFO - [2022-10-18 00:13:09,774] {dag.py:2379} INFO - Sync 1 DAGs
[2022-10-18 00:13:09,791] {logging_mixin.py:115} INFO - [2022-10-18 00:13:09,791] {dag.py:2927} INFO - Setting next_dagrun for example_bash_operator to 2022-10-17T00:00:00+00:00, run_after=2022-10-18T00:00:00+00:00
[2022-10-18 00:13:09,806] {processor.py:161} INFO - Processing /home/ubuntu/airflow/airflow_env/lib/python3.8/site-packages/airflow/example_dags/example_bash_operator.py took 0.071 seconds
[2022-10-18 00:13:54,152] {processor.py:153} INFO - Started process (PID=265979) to work on /home/ubuntu/airflow/airflow_env/lib/python3.8/site-packages/airflow/example_dags/example_bash_operator.py
[2022-10-18 00:13:54,153] {processor.py:641} INFO - Processing file /home/ubuntu/airflow/airflow_env/lib/python3.8/site-packages/airflow/example_dags/example_bash_operator.py for tasks to queue
[2022-10-18 00:13:54,154] {logging_mixin.py:115} INFO - [2022-10-18 00:13:54,154] {dagbag.py:507} INFO - Filling up the DagBag from /home/ubuntu/airflow/airflow_env/lib/python3.8/site-packages/airflow/example_dags/example_bash_operator.py
[2022-10-18 00:13:54,167] {processor.py:651} INFO - DAG(s) dict_keys(['example_bash_operator']) retrieved from /home/ubuntu/airflow/airflow_env/lib/python3.8/site-packages/airflow/example_dags/example_bash_operator.py
[2022-10-18 00:13:54,187] {logging_mixin.py:115} INFO - [2022-10-18 00:13:54,187] {dag.py:2379} INFO - Sync 1 DAGs
[2022-10-18 00:13:54,209] {logging_mixin.py:115} INFO - [2022-10-18 00:13:54,208] {dag.py:2927} INFO - Setting next_dagrun for example_bash_operator to 2022-10-17T00:00:00+00:00, run_after=2022-10-18T00:00:00+00:00
[2022-10-18 00:13:54,223] {processor.py:161} INFO - Processing /home/ubuntu/airflow/airflow_env/lib/python3.8/site-packages/airflow/example_dags/example_bash_operator.py took 0.075 seconds
[2022-10-18 00:14:29,413] {processor.py:153} INFO - Started process (PID=266045) to work on /home/ubuntu/airflow/airflow_env/lib/python3.8/site-packages/airflow/example_dags/example_bash_operator.py
[2022-10-18 00:14:29,414] {processor.py:641} INFO - Processing file /home/ubuntu/airflow/airflow_env/lib/python3.8/site-packages/airflow/example_dags/example_bash_operator.py for tasks to queue
[2022-10-18 00:14:29,415] {logging_mixin.py:115} INFO - [2022-10-18 00:14:29,415] {dagbag.py:507} INFO - Filling up the DagBag from /home/ubuntu/airflow/airflow_env/lib/python3.8/site-packages/airflow/example_dags/example_bash_operator.py
[2022-10-18 00:14:29,435] {processor.py:651} INFO - DAG(s) dict_keys(['example_bash_operator']) retrieved from /home/ubuntu/airflow/airflow_env/lib/python3.8/site-packages/airflow/example_dags/example_bash_operator.py
[2022-10-18 00:14:29,465] {logging_mixin.py:115} INFO - [2022-10-18 00:14:29,465] {dag.py:2379} INFO - Sync 1 DAGs
[2022-10-18 00:14:29,493] {logging_mixin.py:115} INFO - [2022-10-18 00:14:29,493] {dag.py:2927} INFO - Setting next_dagrun for example_bash_operator to 2022-10-17T00:00:00+00:00, run_after=2022-10-18T00:00:00+00:00
[2022-10-18 00:14:29,508] {processor.py:161} INFO - Processing /home/ubuntu/airflow/airflow_env/lib/python3.8/site-packages/airflow/example_dags/example_bash_operator.py took 0.100 seconds
[2022-10-18 00:15:11,525] {processor.py:153} INFO - Started process (PID=266146) to work on /home/ubuntu/airflow/airflow_env/lib/python3.8/site-packages/airflow/example_dags/example_bash_operator.py
[2022-10-18 00:15:11,526] {processor.py:641} INFO - Processing file /home/ubuntu/airflow/airflow_env/lib/python3.8/site-packages/airflow/example_dags/example_bash_operator.py for tasks to queue
[2022-10-18 00:15:11,527] {logging_mixin.py:115} INFO - [2022-10-18 00:15:11,527] {dagbag.py:507} INFO - Filling up the DagBag from /home/ubuntu/airflow/airflow_env/lib/python3.8/site-packages/airflow/example_dags/example_bash_operator.py
[2022-10-18 00:15:11,539] {processor.py:651} INFO - DAG(s) dict_keys(['example_bash_operator']) retrieved from /home/ubuntu/airflow/airflow_env/lib/python3.8/site-packages/airflow/example_dags/example_bash_operator.py
[2022-10-18 00:15:11,560] {logging_mixin.py:115} INFO - [2022-10-18 00:15:11,560] {dag.py:2379} INFO - Sync 1 DAGs
[2022-10-18 00:15:11,580] {logging_mixin.py:115} INFO - [2022-10-18 00:15:11,580] {dag.py:2927} INFO - Setting next_dagrun for example_bash_operator to 2022-10-17T00:00:00+00:00, run_after=2022-10-18T00:00:00+00:00
[2022-10-18 00:15:11,595] {processor.py:161} INFO - Processing /home/ubuntu/airflow/airflow_env/lib/python3.8/site-packages/airflow/example_dags/example_bash_operator.py took 0.074 seconds
[2022-10-18 00:15:50,071] {processor.py:153} INFO - Started process (PID=266189) to work on /home/ubuntu/airflow/airflow_env/lib/python3.8/site-packages/airflow/example_dags/example_bash_operator.py
[2022-10-18 00:15:50,072] {processor.py:641} INFO - Processing file /home/ubuntu/airflow/airflow_env/lib/python3.8/site-packages/airflow/example_dags/example_bash_operator.py for tasks to queue
[2022-10-18 00:15:50,073] {logging_mixin.py:115} INFO - [2022-10-18 00:15:50,073] {dagbag.py:507} INFO - Filling up the DagBag from /home/ubuntu/airflow/airflow_env/lib/python3.8/site-packages/airflow/example_dags/example_bash_operator.py
[2022-10-18 00:15:50,086] {processor.py:651} INFO - DAG(s) dict_keys(['example_bash_operator']) retrieved from /home/ubuntu/airflow/airflow_env/lib/python3.8/site-packages/airflow/example_dags/example_bash_operator.py
[2022-10-18 00:15:50,107] {logging_mixin.py:115} INFO - [2022-10-18 00:15:50,107] {dag.py:2379} INFO - Sync 1 DAGs
[2022-10-18 00:15:50,130] {logging_mixin.py:115} INFO - [2022-10-18 00:15:50,129] {dag.py:2927} INFO - Setting next_dagrun for example_bash_operator to 2022-10-17T00:00:00+00:00, run_after=2022-10-18T00:00:00+00:00
[2022-10-18 00:15:50,142] {processor.py:161} INFO - Processing /home/ubuntu/airflow/airflow_env/lib/python3.8/site-packages/airflow/example_dags/example_bash_operator.py took 0.076 seconds
[2022-10-18 00:16:27,189] {processor.py:153} INFO - Started process (PID=266227) to work on /home/ubuntu/airflow/airflow_env/lib/python3.8/site-packages/airflow/example_dags/example_bash_operator.py
[2022-10-18 00:16:27,191] {processor.py:641} INFO - Processing file /home/ubuntu/airflow/airflow_env/lib/python3.8/site-packages/airflow/example_dags/example_bash_operator.py for tasks to queue
[2022-10-18 00:16:27,193] {logging_mixin.py:115} INFO - [2022-10-18 00:16:27,193] {dagbag.py:507} INFO - Filling up the DagBag from /home/ubuntu/airflow/airflow_env/lib/python3.8/site-packages/airflow/example_dags/example_bash_operator.py
[2022-10-18 00:16:27,216] {processor.py:651} INFO - DAG(s) dict_keys(['example_bash_operator']) retrieved from /home/ubuntu/airflow/airflow_env/lib/python3.8/site-packages/airflow/example_dags/example_bash_operator.py
[2022-10-18 00:16:27,244] {logging_mixin.py:115} INFO - [2022-10-18 00:16:27,244] {dag.py:2379} INFO - Sync 1 DAGs
[2022-10-18 00:16:27,274] {logging_mixin.py:115} INFO - [2022-10-18 00:16:27,272] {dag.py:2927} INFO - Setting next_dagrun for example_bash_operator to 2022-10-17T00:00:00+00:00, run_after=2022-10-18T00:00:00+00:00
[2022-10-18 00:16:27,331] {processor.py:161} INFO - Processing /home/ubuntu/airflow/airflow_env/lib/python3.8/site-packages/airflow/example_dags/example_bash_operator.py took 0.149 seconds
[2022-10-18 00:17:03,413] {processor.py:153} INFO - Started process (PID=266285) to work on /home/ubuntu/airflow/airflow_env/lib/python3.8/site-packages/airflow/example_dags/example_bash_operator.py
[2022-10-18 00:17:03,414] {processor.py:641} INFO - Processing file /home/ubuntu/airflow/airflow_env/lib/python3.8/site-packages/airflow/example_dags/example_bash_operator.py for tasks to queue
[2022-10-18 00:17:03,415] {logging_mixin.py:115} INFO - [2022-10-18 00:17:03,414] {dagbag.py:507} INFO - Filling up the DagBag from /home/ubuntu/airflow/airflow_env/lib/python3.8/site-packages/airflow/example_dags/example_bash_operator.py
[2022-10-18 00:17:03,429] {processor.py:651} INFO - DAG(s) dict_keys(['example_bash_operator']) retrieved from /home/ubuntu/airflow/airflow_env/lib/python3.8/site-packages/airflow/example_dags/example_bash_operator.py
[2022-10-18 00:17:03,450] {logging_mixin.py:115} INFO - [2022-10-18 00:17:03,450] {dag.py:2379} INFO - Sync 1 DAGs
[2022-10-18 00:17:03,469] {logging_mixin.py:115} INFO - [2022-10-18 00:17:03,469] {dag.py:2927} INFO - Setting next_dagrun for example_bash_operator to 2022-10-17T00:00:00+00:00, run_after=2022-10-18T00:00:00+00:00
[2022-10-18 00:17:03,481] {processor.py:161} INFO - Processing /home/ubuntu/airflow/airflow_env/lib/python3.8/site-packages/airflow/example_dags/example_bash_operator.py took 0.073 seconds
[2022-10-18 00:17:39,469] {processor.py:153} INFO - Started process (PID=266339) to work on /home/ubuntu/airflow/airflow_env/lib/python3.8/site-packages/airflow/example_dags/example_bash_operator.py
[2022-10-18 00:17:39,470] {processor.py:641} INFO - Processing file /home/ubuntu/airflow/airflow_env/lib/python3.8/site-packages/airflow/example_dags/example_bash_operator.py for tasks to queue
[2022-10-18 00:17:39,470] {logging_mixin.py:115} INFO - [2022-10-18 00:17:39,470] {dagbag.py:507} INFO - Filling up the DagBag from /home/ubuntu/airflow/airflow_env/lib/python3.8/site-packages/airflow/example_dags/example_bash_operator.py
[2022-10-18 00:17:39,484] {processor.py:651} INFO - DAG(s) dict_keys(['example_bash_operator']) retrieved from /home/ubuntu/airflow/airflow_env/lib/python3.8/site-packages/airflow/example_dags/example_bash_operator.py
[2022-10-18 00:17:39,509] {logging_mixin.py:115} INFO - [2022-10-18 00:17:39,509] {dag.py:2379} INFO - Sync 1 DAGs
[2022-10-18 00:17:39,532] {logging_mixin.py:115} INFO - [2022-10-18 00:17:39,531] {dag.py:2927} INFO - Setting next_dagrun for example_bash_operator to 2022-10-17T00:00:00+00:00, run_after=2022-10-18T00:00:00+00:00
[2022-10-18 00:17:39,547] {processor.py:161} INFO - Processing /home/ubuntu/airflow/airflow_env/lib/python3.8/site-packages/airflow/example_dags/example_bash_operator.py took 0.084 seconds
[2022-10-18 11:02:43,075] {processor.py:153} INFO - Started process (PID=266813) to work on /home/ubuntu/airflow/airflow_env/lib/python3.8/site-packages/airflow/example_dags/example_bash_operator.py
[2022-10-18 11:02:43,078] {processor.py:641} INFO - Processing file /home/ubuntu/airflow/airflow_env/lib/python3.8/site-packages/airflow/example_dags/example_bash_operator.py for tasks to queue
[2022-10-18 11:02:43,082] {logging_mixin.py:115} INFO - [2022-10-18 11:02:43,081] {dagbag.py:507} INFO - Filling up the DagBag from /home/ubuntu/airflow/airflow_env/lib/python3.8/site-packages/airflow/example_dags/example_bash_operator.py
[2022-10-18 11:02:43,125] {processor.py:651} INFO - DAG(s) dict_keys(['example_bash_operator']) retrieved from /home/ubuntu/airflow/airflow_env/lib/python3.8/site-packages/airflow/example_dags/example_bash_operator.py
[2022-10-18 11:02:43,218] {logging_mixin.py:115} INFO - [2022-10-18 11:02:43,217] {dag.py:2379} INFO - Sync 1 DAGs
[2022-10-18 11:02:43,330] {logging_mixin.py:115} INFO - [2022-10-18 11:02:43,330] {dag.py:2927} INFO - Setting next_dagrun for example_bash_operator to 2022-10-17T00:00:00+00:00, run_after=2022-10-18T00:00:00+00:00
[2022-10-18 11:02:43,384] {processor.py:161} INFO - Processing /home/ubuntu/airflow/airflow_env/lib/python3.8/site-packages/airflow/example_dags/example_bash_operator.py took 0.330 seconds
[2022-10-18 11:03:23,196] {processor.py:153} INFO - Started process (PID=267423) to work on /home/ubuntu/airflow/airflow_env/lib/python3.8/site-packages/airflow/example_dags/example_bash_operator.py
[2022-10-18 11:03:23,197] {processor.py:641} INFO - Processing file /home/ubuntu/airflow/airflow_env/lib/python3.8/site-packages/airflow/example_dags/example_bash_operator.py for tasks to queue
[2022-10-18 11:03:23,198] {logging_mixin.py:115} INFO - [2022-10-18 11:03:23,198] {dagbag.py:507} INFO - Filling up the DagBag from /home/ubuntu/airflow/airflow_env/lib/python3.8/site-packages/airflow/example_dags/example_bash_operator.py
[2022-10-18 11:03:23,208] {processor.py:651} INFO - DAG(s) dict_keys(['example_bash_operator']) retrieved from /home/ubuntu/airflow/airflow_env/lib/python3.8/site-packages/airflow/example_dags/example_bash_operator.py
[2022-10-18 11:03:23,227] {logging_mixin.py:115} INFO - [2022-10-18 11:03:23,227] {dag.py:2379} INFO - Sync 1 DAGs
[2022-10-18 11:03:23,247] {logging_mixin.py:115} INFO - [2022-10-18 11:03:23,247] {dag.py:2927} INFO - Setting next_dagrun for example_bash_operator to 2022-10-17T00:00:00+00:00, run_after=2022-10-18T00:00:00+00:00
[2022-10-18 11:03:23,263] {processor.py:161} INFO - Processing /home/ubuntu/airflow/airflow_env/lib/python3.8/site-packages/airflow/example_dags/example_bash_operator.py took 0.070 seconds
[2022-10-18 11:04:04,643] {processor.py:153} INFO - Started process (PID=267468) to work on /home/ubuntu/airflow/airflow_env/lib/python3.8/site-packages/airflow/example_dags/example_bash_operator.py
[2022-10-18 11:04:04,644] {processor.py:641} INFO - Processing file /home/ubuntu/airflow/airflow_env/lib/python3.8/site-packages/airflow/example_dags/example_bash_operator.py for tasks to queue
[2022-10-18 11:04:04,644] {logging_mixin.py:115} INFO - [2022-10-18 11:04:04,644] {dagbag.py:507} INFO - Filling up the DagBag from /home/ubuntu/airflow/airflow_env/lib/python3.8/site-packages/airflow/example_dags/example_bash_operator.py
[2022-10-18 11:04:04,654] {processor.py:651} INFO - DAG(s) dict_keys(['example_bash_operator']) retrieved from /home/ubuntu/airflow/airflow_env/lib/python3.8/site-packages/airflow/example_dags/example_bash_operator.py
[2022-10-18 11:04:04,671] {logging_mixin.py:115} INFO - [2022-10-18 11:04:04,671] {dag.py:2379} INFO - Sync 1 DAGs
[2022-10-18 11:04:04,688] {logging_mixin.py:115} INFO - [2022-10-18 11:04:04,687] {dag.py:2927} INFO - Setting next_dagrun for example_bash_operator to 2022-10-17T00:00:00+00:00, run_after=2022-10-18T00:00:00+00:00
[2022-10-18 11:04:04,698] {processor.py:161} INFO - Processing /home/ubuntu/airflow/airflow_env/lib/python3.8/site-packages/airflow/example_dags/example_bash_operator.py took 0.059 seconds
[2022-10-18 11:04:42,613] {processor.py:153} INFO - Started process (PID=267509) to work on /home/ubuntu/airflow/airflow_env/lib/python3.8/site-packages/airflow/example_dags/example_bash_operator.py
[2022-10-18 11:04:42,614] {processor.py:641} INFO - Processing file /home/ubuntu/airflow/airflow_env/lib/python3.8/site-packages/airflow/example_dags/example_bash_operator.py for tasks to queue
[2022-10-18 11:04:42,614] {logging_mixin.py:115} INFO - [2022-10-18 11:04:42,614] {dagbag.py:507} INFO - Filling up the DagBag from /home/ubuntu/airflow/airflow_env/lib/python3.8/site-packages/airflow/example_dags/example_bash_operator.py
[2022-10-18 11:04:42,625] {processor.py:651} INFO - DAG(s) dict_keys(['example_bash_operator']) retrieved from /home/ubuntu/airflow/airflow_env/lib/python3.8/site-packages/airflow/example_dags/example_bash_operator.py
[2022-10-18 11:04:42,641] {logging_mixin.py:115} INFO - [2022-10-18 11:04:42,641] {dag.py:2379} INFO - Sync 1 DAGs
[2022-10-18 11:04:42,658] {logging_mixin.py:115} INFO - [2022-10-18 11:04:42,658] {dag.py:2927} INFO - Setting next_dagrun for example_bash_operator to 2022-10-17T00:00:00+00:00, run_after=2022-10-18T00:00:00+00:00
[2022-10-18 11:04:42,668] {processor.py:161} INFO - Processing /home/ubuntu/airflow/airflow_env/lib/python3.8/site-packages/airflow/example_dags/example_bash_operator.py took 0.059 seconds
[2022-10-18 11:05:21,374] {processor.py:153} INFO - Started process (PID=267837) to work on /home/ubuntu/airflow/airflow_env/lib/python3.8/site-packages/airflow/example_dags/example_bash_operator.py
[2022-10-18 11:05:21,374] {processor.py:641} INFO - Processing file /home/ubuntu/airflow/airflow_env/lib/python3.8/site-packages/airflow/example_dags/example_bash_operator.py for tasks to queue
[2022-10-18 11:05:21,375] {logging_mixin.py:115} INFO - [2022-10-18 11:05:21,375] {dagbag.py:507} INFO - Filling up the DagBag from /home/ubuntu/airflow/airflow_env/lib/python3.8/site-packages/airflow/example_dags/example_bash_operator.py
[2022-10-18 11:05:21,386] {processor.py:651} INFO - DAG(s) dict_keys(['example_bash_operator']) retrieved from /home/ubuntu/airflow/airflow_env/lib/python3.8/site-packages/airflow/example_dags/example_bash_operator.py
[2022-10-18 11:05:21,407] {logging_mixin.py:115} INFO - [2022-10-18 11:05:21,407] {dag.py:2379} INFO - Sync 1 DAGs
[2022-10-18 11:05:21,422] {logging_mixin.py:115} INFO - [2022-10-18 11:05:21,422] {dag.py:2927} INFO - Setting next_dagrun for example_bash_operator to 2022-10-17T00:00:00+00:00, run_after=2022-10-18T00:00:00+00:00
[2022-10-18 11:05:21,433] {processor.py:161} INFO - Processing /home/ubuntu/airflow/airflow_env/lib/python3.8/site-packages/airflow/example_dags/example_bash_operator.py took 0.064 seconds
[2022-10-18 11:05:54,499] {processor.py:153} INFO - Started process (PID=267874) to work on /home/ubuntu/airflow/airflow_env/lib/python3.8/site-packages/airflow/example_dags/example_bash_operator.py
[2022-10-18 11:05:54,500] {processor.py:641} INFO - Processing file /home/ubuntu/airflow/airflow_env/lib/python3.8/site-packages/airflow/example_dags/example_bash_operator.py for tasks to queue
[2022-10-18 11:05:54,500] {logging_mixin.py:115} INFO - [2022-10-18 11:05:54,500] {dagbag.py:507} INFO - Filling up the DagBag from /home/ubuntu/airflow/airflow_env/lib/python3.8/site-packages/airflow/example_dags/example_bash_operator.py
[2022-10-18 11:05:54,512] {processor.py:651} INFO - DAG(s) dict_keys(['example_bash_operator']) retrieved from /home/ubuntu/airflow/airflow_env/lib/python3.8/site-packages/airflow/example_dags/example_bash_operator.py
[2022-10-18 11:05:54,529] {logging_mixin.py:115} INFO - [2022-10-18 11:05:54,529] {dag.py:2379} INFO - Sync 1 DAGs
[2022-10-18 11:05:54,544] {logging_mixin.py:115} INFO - [2022-10-18 11:05:54,544] {dag.py:2927} INFO - Setting next_dagrun for example_bash_operator to 2022-10-17T00:00:00+00:00, run_after=2022-10-18T00:00:00+00:00
[2022-10-18 11:05:54,557] {processor.py:161} INFO - Processing /home/ubuntu/airflow/airflow_env/lib/python3.8/site-packages/airflow/example_dags/example_bash_operator.py took 0.061 seconds
[2022-10-18 11:06:32,219] {processor.py:153} INFO - Started process (PID=267923) to work on /home/ubuntu/airflow/airflow_env/lib/python3.8/site-packages/airflow/example_dags/example_bash_operator.py
[2022-10-18 11:06:32,220] {processor.py:641} INFO - Processing file /home/ubuntu/airflow/airflow_env/lib/python3.8/site-packages/airflow/example_dags/example_bash_operator.py for tasks to queue
[2022-10-18 11:06:32,221] {logging_mixin.py:115} INFO - [2022-10-18 11:06:32,220] {dagbag.py:507} INFO - Filling up the DagBag from /home/ubuntu/airflow/airflow_env/lib/python3.8/site-packages/airflow/example_dags/example_bash_operator.py
[2022-10-18 11:06:32,233] {processor.py:651} INFO - DAG(s) dict_keys(['example_bash_operator']) retrieved from /home/ubuntu/airflow/airflow_env/lib/python3.8/site-packages/airflow/example_dags/example_bash_operator.py
[2022-10-18 11:06:32,254] {logging_mixin.py:115} INFO - [2022-10-18 11:06:32,254] {dag.py:2379} INFO - Sync 1 DAGs
[2022-10-18 11:06:32,274] {logging_mixin.py:115} INFO - [2022-10-18 11:06:32,274] {dag.py:2927} INFO - Setting next_dagrun for example_bash_operator to 2022-10-17T00:00:00+00:00, run_after=2022-10-18T00:00:00+00:00
[2022-10-18 11:06:32,290] {processor.py:161} INFO - Processing /home/ubuntu/airflow/airflow_env/lib/python3.8/site-packages/airflow/example_dags/example_bash_operator.py took 0.076 seconds
[2022-10-18 11:07:09,563] {processor.py:153} INFO - Started process (PID=267966) to work on /home/ubuntu/airflow/airflow_env/lib/python3.8/site-packages/airflow/example_dags/example_bash_operator.py
[2022-10-18 11:07:09,564] {processor.py:641} INFO - Processing file /home/ubuntu/airflow/airflow_env/lib/python3.8/site-packages/airflow/example_dags/example_bash_operator.py for tasks to queue
[2022-10-18 11:07:09,564] {logging_mixin.py:115} INFO - [2022-10-18 11:07:09,564] {dagbag.py:507} INFO - Filling up the DagBag from /home/ubuntu/airflow/airflow_env/lib/python3.8/site-packages/airflow/example_dags/example_bash_operator.py
[2022-10-18 11:07:09,574] {processor.py:651} INFO - DAG(s) dict_keys(['example_bash_operator']) retrieved from /home/ubuntu/airflow/airflow_env/lib/python3.8/site-packages/airflow/example_dags/example_bash_operator.py
[2022-10-18 11:07:09,592] {logging_mixin.py:115} INFO - [2022-10-18 11:07:09,592] {dag.py:2379} INFO - Sync 1 DAGs
[2022-10-18 11:07:09,608] {logging_mixin.py:115} INFO - [2022-10-18 11:07:09,608] {dag.py:2927} INFO - Setting next_dagrun for example_bash_operator to 2022-10-17T00:00:00+00:00, run_after=2022-10-18T00:00:00+00:00
[2022-10-18 11:07:09,621] {processor.py:161} INFO - Processing /home/ubuntu/airflow/airflow_env/lib/python3.8/site-packages/airflow/example_dags/example_bash_operator.py took 0.062 seconds
[2022-10-18 11:07:46,381] {processor.py:153} INFO - Started process (PID=268042) to work on /home/ubuntu/airflow/airflow_env/lib/python3.8/site-packages/airflow/example_dags/example_bash_operator.py
[2022-10-18 11:07:46,382] {processor.py:641} INFO - Processing file /home/ubuntu/airflow/airflow_env/lib/python3.8/site-packages/airflow/example_dags/example_bash_operator.py for tasks to queue
[2022-10-18 11:07:46,383] {logging_mixin.py:115} INFO - [2022-10-18 11:07:46,383] {dagbag.py:507} INFO - Filling up the DagBag from /home/ubuntu/airflow/airflow_env/lib/python3.8/site-packages/airflow/example_dags/example_bash_operator.py
[2022-10-18 11:07:46,394] {processor.py:651} INFO - DAG(s) dict_keys(['example_bash_operator']) retrieved from /home/ubuntu/airflow/airflow_env/lib/python3.8/site-packages/airflow/example_dags/example_bash_operator.py
[2022-10-18 11:07:46,410] {logging_mixin.py:115} INFO - [2022-10-18 11:07:46,410] {dag.py:2379} INFO - Sync 1 DAGs
[2022-10-18 11:07:46,426] {logging_mixin.py:115} INFO - [2022-10-18 11:07:46,426] {dag.py:2927} INFO - Setting next_dagrun for example_bash_operator to 2022-10-17T00:00:00+00:00, run_after=2022-10-18T00:00:00+00:00
[2022-10-18 11:07:46,441] {processor.py:161} INFO - Processing /home/ubuntu/airflow/airflow_env/lib/python3.8/site-packages/airflow/example_dags/example_bash_operator.py took 0.064 seconds
[2022-10-18 11:08:24,135] {processor.py:153} INFO - Started process (PID=268083) to work on /home/ubuntu/airflow/airflow_env/lib/python3.8/site-packages/airflow/example_dags/example_bash_operator.py
[2022-10-18 11:08:24,136] {processor.py:641} INFO - Processing file /home/ubuntu/airflow/airflow_env/lib/python3.8/site-packages/airflow/example_dags/example_bash_operator.py for tasks to queue
[2022-10-18 11:08:24,137] {logging_mixin.py:115} INFO - [2022-10-18 11:08:24,137] {dagbag.py:507} INFO - Filling up the DagBag from /home/ubuntu/airflow/airflow_env/lib/python3.8/site-packages/airflow/example_dags/example_bash_operator.py
[2022-10-18 11:08:24,156] {processor.py:651} INFO - DAG(s) dict_keys(['example_bash_operator']) retrieved from /home/ubuntu/airflow/airflow_env/lib/python3.8/site-packages/airflow/example_dags/example_bash_operator.py
[2022-10-18 11:08:24,172] {logging_mixin.py:115} INFO - [2022-10-18 11:08:24,172] {dag.py:2379} INFO - Sync 1 DAGs
[2022-10-18 11:08:24,189] {logging_mixin.py:115} INFO - [2022-10-18 11:08:24,189] {dag.py:2927} INFO - Setting next_dagrun for example_bash_operator to 2022-10-17T00:00:00+00:00, run_after=2022-10-18T00:00:00+00:00
[2022-10-18 11:08:24,203] {processor.py:161} INFO - Processing /home/ubuntu/airflow/airflow_env/lib/python3.8/site-packages/airflow/example_dags/example_bash_operator.py took 0.074 seconds
[2022-10-18 11:08:59,949] {processor.py:153} INFO - Started process (PID=268119) to work on /home/ubuntu/airflow/airflow_env/lib/python3.8/site-packages/airflow/example_dags/example_bash_operator.py
[2022-10-18 11:08:59,950] {processor.py:641} INFO - Processing file /home/ubuntu/airflow/airflow_env/lib/python3.8/site-packages/airflow/example_dags/example_bash_operator.py for tasks to queue
[2022-10-18 11:08:59,950] {logging_mixin.py:115} INFO - [2022-10-18 11:08:59,950] {dagbag.py:507} INFO - Filling up the DagBag from /home/ubuntu/airflow/airflow_env/lib/python3.8/site-packages/airflow/example_dags/example_bash_operator.py
[2022-10-18 11:08:59,964] {processor.py:651} INFO - DAG(s) dict_keys(['example_bash_operator']) retrieved from /home/ubuntu/airflow/airflow_env/lib/python3.8/site-packages/airflow/example_dags/example_bash_operator.py
[2022-10-18 11:08:59,986] {logging_mixin.py:115} INFO - [2022-10-18 11:08:59,985] {dag.py:2379} INFO - Sync 1 DAGs
[2022-10-18 11:09:00,000] {logging_mixin.py:115} INFO - [2022-10-18 11:09:00,000] {dag.py:2927} INFO - Setting next_dagrun for example_bash_operator to 2022-10-17T00:00:00+00:00, run_after=2022-10-18T00:00:00+00:00
[2022-10-18 11:09:00,013] {processor.py:161} INFO - Processing /home/ubuntu/airflow/airflow_env/lib/python3.8/site-packages/airflow/example_dags/example_bash_operator.py took 0.069 seconds
[2022-10-18 11:09:36,091] {processor.py:153} INFO - Started process (PID=268161) to work on /home/ubuntu/airflow/airflow_env/lib/python3.8/site-packages/airflow/example_dags/example_bash_operator.py
[2022-10-18 11:09:36,092] {processor.py:641} INFO - Processing file /home/ubuntu/airflow/airflow_env/lib/python3.8/site-packages/airflow/example_dags/example_bash_operator.py for tasks to queue
[2022-10-18 11:09:36,093] {logging_mixin.py:115} INFO - [2022-10-18 11:09:36,093] {dagbag.py:507} INFO - Filling up the DagBag from /home/ubuntu/airflow/airflow_env/lib/python3.8/site-packages/airflow/example_dags/example_bash_operator.py
[2022-10-18 11:09:36,104] {processor.py:651} INFO - DAG(s) dict_keys(['example_bash_operator']) retrieved from /home/ubuntu/airflow/airflow_env/lib/python3.8/site-packages/airflow/example_dags/example_bash_operator.py
[2022-10-18 11:09:36,119] {logging_mixin.py:115} INFO - [2022-10-18 11:09:36,119] {dag.py:2379} INFO - Sync 1 DAGs
[2022-10-18 11:09:36,135] {logging_mixin.py:115} INFO - [2022-10-18 11:09:36,135] {dag.py:2927} INFO - Setting next_dagrun for example_bash_operator to 2022-10-17T00:00:00+00:00, run_after=2022-10-18T00:00:00+00:00
[2022-10-18 11:09:36,146] {processor.py:161} INFO - Processing /home/ubuntu/airflow/airflow_env/lib/python3.8/site-packages/airflow/example_dags/example_bash_operator.py took 0.059 seconds
[2022-10-18 11:10:13,190] {processor.py:153} INFO - Started process (PID=268200) to work on /home/ubuntu/airflow/airflow_env/lib/python3.8/site-packages/airflow/example_dags/example_bash_operator.py
[2022-10-18 11:10:13,191] {processor.py:641} INFO - Processing file /home/ubuntu/airflow/airflow_env/lib/python3.8/site-packages/airflow/example_dags/example_bash_operator.py for tasks to queue
[2022-10-18 11:10:13,191] {logging_mixin.py:115} INFO - [2022-10-18 11:10:13,191] {dagbag.py:507} INFO - Filling up the DagBag from /home/ubuntu/airflow/airflow_env/lib/python3.8/site-packages/airflow/example_dags/example_bash_operator.py
[2022-10-18 11:10:13,203] {processor.py:651} INFO - DAG(s) dict_keys(['example_bash_operator']) retrieved from /home/ubuntu/airflow/airflow_env/lib/python3.8/site-packages/airflow/example_dags/example_bash_operator.py
[2022-10-18 11:10:13,219] {logging_mixin.py:115} INFO - [2022-10-18 11:10:13,219] {dag.py:2379} INFO - Sync 1 DAGs
[2022-10-18 11:10:13,233] {logging_mixin.py:115} INFO - [2022-10-18 11:10:13,233] {dag.py:2927} INFO - Setting next_dagrun for example_bash_operator to 2022-10-17T00:00:00+00:00, run_after=2022-10-18T00:00:00+00:00
[2022-10-18 11:10:13,244] {processor.py:161} INFO - Processing /home/ubuntu/airflow/airflow_env/lib/python3.8/site-packages/airflow/example_dags/example_bash_operator.py took 0.058 seconds
[2022-10-18 11:10:48,055] {processor.py:153} INFO - Started process (PID=268241) to work on /home/ubuntu/airflow/airflow_env/lib/python3.8/site-packages/airflow/example_dags/example_bash_operator.py
[2022-10-18 11:10:48,056] {processor.py:641} INFO - Processing file /home/ubuntu/airflow/airflow_env/lib/python3.8/site-packages/airflow/example_dags/example_bash_operator.py for tasks to queue
[2022-10-18 11:10:48,057] {logging_mixin.py:115} INFO - [2022-10-18 11:10:48,057] {dagbag.py:507} INFO - Filling up the DagBag from /home/ubuntu/airflow/airflow_env/lib/python3.8/site-packages/airflow/example_dags/example_bash_operator.py
[2022-10-18 11:10:48,068] {processor.py:651} INFO - DAG(s) dict_keys(['example_bash_operator']) retrieved from /home/ubuntu/airflow/airflow_env/lib/python3.8/site-packages/airflow/example_dags/example_bash_operator.py
[2022-10-18 11:10:48,085] {logging_mixin.py:115} INFO - [2022-10-18 11:10:48,085] {dag.py:2379} INFO - Sync 1 DAGs
[2022-10-18 11:10:48,099] {logging_mixin.py:115} INFO - [2022-10-18 11:10:48,099] {dag.py:2927} INFO - Setting next_dagrun for example_bash_operator to 2022-10-17T00:00:00+00:00, run_after=2022-10-18T00:00:00+00:00
[2022-10-18 11:10:48,111] {processor.py:161} INFO - Processing /home/ubuntu/airflow/airflow_env/lib/python3.8/site-packages/airflow/example_dags/example_bash_operator.py took 0.059 seconds
[2022-10-18 11:11:24,141] {processor.py:153} INFO - Started process (PID=268289) to work on /home/ubuntu/airflow/airflow_env/lib/python3.8/site-packages/airflow/example_dags/example_bash_operator.py
[2022-10-18 11:11:24,142] {processor.py:641} INFO - Processing file /home/ubuntu/airflow/airflow_env/lib/python3.8/site-packages/airflow/example_dags/example_bash_operator.py for tasks to queue
[2022-10-18 11:11:24,143] {logging_mixin.py:115} INFO - [2022-10-18 11:11:24,143] {dagbag.py:507} INFO - Filling up the DagBag from /home/ubuntu/airflow/airflow_env/lib/python3.8/site-packages/airflow/example_dags/example_bash_operator.py
[2022-10-18 11:11:24,153] {processor.py:651} INFO - DAG(s) dict_keys(['example_bash_operator']) retrieved from /home/ubuntu/airflow/airflow_env/lib/python3.8/site-packages/airflow/example_dags/example_bash_operator.py
[2022-10-18 11:11:24,170] {logging_mixin.py:115} INFO - [2022-10-18 11:11:24,170] {dag.py:2379} INFO - Sync 1 DAGs
[2022-10-18 11:11:24,185] {logging_mixin.py:115} INFO - [2022-10-18 11:11:24,185] {dag.py:2927} INFO - Setting next_dagrun for example_bash_operator to 2022-10-17T00:00:00+00:00, run_after=2022-10-18T00:00:00+00:00
[2022-10-18 11:11:24,198] {processor.py:161} INFO - Processing /home/ubuntu/airflow/airflow_env/lib/python3.8/site-packages/airflow/example_dags/example_bash_operator.py took 0.060 seconds
[2022-10-18 11:12:01,121] {processor.py:153} INFO - Started process (PID=268328) to work on /home/ubuntu/airflow/airflow_env/lib/python3.8/site-packages/airflow/example_dags/example_bash_operator.py
[2022-10-18 11:12:01,121] {processor.py:641} INFO - Processing file /home/ubuntu/airflow/airflow_env/lib/python3.8/site-packages/airflow/example_dags/example_bash_operator.py for tasks to queue
[2022-10-18 11:12:01,122] {logging_mixin.py:115} INFO - [2022-10-18 11:12:01,122] {dagbag.py:507} INFO - Filling up the DagBag from /home/ubuntu/airflow/airflow_env/lib/python3.8/site-packages/airflow/example_dags/example_bash_operator.py
[2022-10-18 11:12:01,133] {processor.py:651} INFO - DAG(s) dict_keys(['example_bash_operator']) retrieved from /home/ubuntu/airflow/airflow_env/lib/python3.8/site-packages/airflow/example_dags/example_bash_operator.py
[2022-10-18 11:12:01,150] {logging_mixin.py:115} INFO - [2022-10-18 11:12:01,150] {dag.py:2379} INFO - Sync 1 DAGs
[2022-10-18 11:12:01,164] {logging_mixin.py:115} INFO - [2022-10-18 11:12:01,164] {dag.py:2927} INFO - Setting next_dagrun for example_bash_operator to 2022-10-17T00:00:00+00:00, run_after=2022-10-18T00:00:00+00:00
[2022-10-18 11:12:01,176] {processor.py:161} INFO - Processing /home/ubuntu/airflow/airflow_env/lib/python3.8/site-packages/airflow/example_dags/example_bash_operator.py took 0.059 seconds
[2022-10-18 11:12:40,285] {processor.py:153} INFO - Started process (PID=268398) to work on /home/ubuntu/airflow/airflow_env/lib/python3.8/site-packages/airflow/example_dags/example_bash_operator.py
[2022-10-18 11:12:40,286] {processor.py:641} INFO - Processing file /home/ubuntu/airflow/airflow_env/lib/python3.8/site-packages/airflow/example_dags/example_bash_operator.py for tasks to queue
[2022-10-18 11:12:40,286] {logging_mixin.py:115} INFO - [2022-10-18 11:12:40,286] {dagbag.py:507} INFO - Filling up the DagBag from /home/ubuntu/airflow/airflow_env/lib/python3.8/site-packages/airflow/example_dags/example_bash_operator.py
[2022-10-18 11:12:40,297] {processor.py:651} INFO - DAG(s) dict_keys(['example_bash_operator']) retrieved from /home/ubuntu/airflow/airflow_env/lib/python3.8/site-packages/airflow/example_dags/example_bash_operator.py
[2022-10-18 11:12:40,315] {logging_mixin.py:115} INFO - [2022-10-18 11:12:40,315] {dag.py:2379} INFO - Sync 1 DAGs
[2022-10-18 11:12:40,333] {logging_mixin.py:115} INFO - [2022-10-18 11:12:40,333] {dag.py:2927} INFO - Setting next_dagrun for example_bash_operator to 2022-10-17T00:00:00+00:00, run_after=2022-10-18T00:00:00+00:00
[2022-10-18 11:12:40,344] {processor.py:161} INFO - Processing /home/ubuntu/airflow/airflow_env/lib/python3.8/site-packages/airflow/example_dags/example_bash_operator.py took 0.062 seconds
[2022-10-18 11:13:15,474] {processor.py:153} INFO - Started process (PID=268438) to work on /home/ubuntu/airflow/airflow_env/lib/python3.8/site-packages/airflow/example_dags/example_bash_operator.py
[2022-10-18 11:13:15,475] {processor.py:641} INFO - Processing file /home/ubuntu/airflow/airflow_env/lib/python3.8/site-packages/airflow/example_dags/example_bash_operator.py for tasks to queue
[2022-10-18 11:13:15,475] {logging_mixin.py:115} INFO - [2022-10-18 11:13:15,475] {dagbag.py:507} INFO - Filling up the DagBag from /home/ubuntu/airflow/airflow_env/lib/python3.8/site-packages/airflow/example_dags/example_bash_operator.py
[2022-10-18 11:13:15,487] {processor.py:651} INFO - DAG(s) dict_keys(['example_bash_operator']) retrieved from /home/ubuntu/airflow/airflow_env/lib/python3.8/site-packages/airflow/example_dags/example_bash_operator.py
[2022-10-18 11:13:15,503] {logging_mixin.py:115} INFO - [2022-10-18 11:13:15,503] {dag.py:2379} INFO - Sync 1 DAGs
[2022-10-18 11:13:15,518] {logging_mixin.py:115} INFO - [2022-10-18 11:13:15,518] {dag.py:2927} INFO - Setting next_dagrun for example_bash_operator to 2022-10-17T00:00:00+00:00, run_after=2022-10-18T00:00:00+00:00
[2022-10-18 11:13:15,532] {processor.py:161} INFO - Processing /home/ubuntu/airflow/airflow_env/lib/python3.8/site-packages/airflow/example_dags/example_bash_operator.py took 0.061 seconds
[2022-10-18 11:13:57,144] {processor.py:153} INFO - Started process (PID=268478) to work on /home/ubuntu/airflow/airflow_env/lib/python3.8/site-packages/airflow/example_dags/example_bash_operator.py
[2022-10-18 11:13:57,145] {processor.py:641} INFO - Processing file /home/ubuntu/airflow/airflow_env/lib/python3.8/site-packages/airflow/example_dags/example_bash_operator.py for tasks to queue
[2022-10-18 11:13:57,146] {logging_mixin.py:115} INFO - [2022-10-18 11:13:57,146] {dagbag.py:507} INFO - Filling up the DagBag from /home/ubuntu/airflow/airflow_env/lib/python3.8/site-packages/airflow/example_dags/example_bash_operator.py
[2022-10-18 11:13:57,160] {processor.py:651} INFO - DAG(s) dict_keys(['example_bash_operator']) retrieved from /home/ubuntu/airflow/airflow_env/lib/python3.8/site-packages/airflow/example_dags/example_bash_operator.py
[2022-10-18 11:13:57,182] {logging_mixin.py:115} INFO - [2022-10-18 11:13:57,182] {dag.py:2379} INFO - Sync 1 DAGs
[2022-10-18 11:13:57,203] {logging_mixin.py:115} INFO - [2022-10-18 11:13:57,203] {dag.py:2927} INFO - Setting next_dagrun for example_bash_operator to 2022-10-17T00:00:00+00:00, run_after=2022-10-18T00:00:00+00:00
[2022-10-18 11:13:57,218] {processor.py:161} INFO - Processing /home/ubuntu/airflow/airflow_env/lib/python3.8/site-packages/airflow/example_dags/example_bash_operator.py took 0.078 seconds
[2022-10-18 11:14:30,773] {processor.py:153} INFO - Started process (PID=268519) to work on /home/ubuntu/airflow/airflow_env/lib/python3.8/site-packages/airflow/example_dags/example_bash_operator.py
[2022-10-18 11:14:30,774] {processor.py:641} INFO - Processing file /home/ubuntu/airflow/airflow_env/lib/python3.8/site-packages/airflow/example_dags/example_bash_operator.py for tasks to queue
[2022-10-18 11:14:30,775] {logging_mixin.py:115} INFO - [2022-10-18 11:14:30,774] {dagbag.py:507} INFO - Filling up the DagBag from /home/ubuntu/airflow/airflow_env/lib/python3.8/site-packages/airflow/example_dags/example_bash_operator.py
[2022-10-18 11:14:30,787] {processor.py:651} INFO - DAG(s) dict_keys(['example_bash_operator']) retrieved from /home/ubuntu/airflow/airflow_env/lib/python3.8/site-packages/airflow/example_dags/example_bash_operator.py
[2022-10-18 11:14:30,810] {logging_mixin.py:115} INFO - [2022-10-18 11:14:30,810] {dag.py:2379} INFO - Sync 1 DAGs
[2022-10-18 11:14:30,831] {logging_mixin.py:115} INFO - [2022-10-18 11:14:30,831] {dag.py:2927} INFO - Setting next_dagrun for example_bash_operator to 2022-10-17T00:00:00+00:00, run_after=2022-10-18T00:00:00+00:00
[2022-10-18 11:14:30,850] {processor.py:161} INFO - Processing /home/ubuntu/airflow/airflow_env/lib/python3.8/site-packages/airflow/example_dags/example_bash_operator.py took 0.082 seconds
[2022-10-18 11:15:07,963] {processor.py:153} INFO - Started process (PID=268560) to work on /home/ubuntu/airflow/airflow_env/lib/python3.8/site-packages/airflow/example_dags/example_bash_operator.py
[2022-10-18 11:15:07,964] {processor.py:641} INFO - Processing file /home/ubuntu/airflow/airflow_env/lib/python3.8/site-packages/airflow/example_dags/example_bash_operator.py for tasks to queue
[2022-10-18 11:15:07,965] {logging_mixin.py:115} INFO - [2022-10-18 11:15:07,965] {dagbag.py:507} INFO - Filling up the DagBag from /home/ubuntu/airflow/airflow_env/lib/python3.8/site-packages/airflow/example_dags/example_bash_operator.py
[2022-10-18 11:15:07,976] {processor.py:651} INFO - DAG(s) dict_keys(['example_bash_operator']) retrieved from /home/ubuntu/airflow/airflow_env/lib/python3.8/site-packages/airflow/example_dags/example_bash_operator.py
[2022-10-18 11:15:08,000] {logging_mixin.py:115} INFO - [2022-10-18 11:15:08,000] {dag.py:2379} INFO - Sync 1 DAGs
[2022-10-18 11:15:08,025] {logging_mixin.py:115} INFO - [2022-10-18 11:15:08,025] {dag.py:2927} INFO - Setting next_dagrun for example_bash_operator to 2022-10-17T00:00:00+00:00, run_after=2022-10-18T00:00:00+00:00
[2022-10-18 11:15:08,038] {processor.py:161} INFO - Processing /home/ubuntu/airflow/airflow_env/lib/python3.8/site-packages/airflow/example_dags/example_bash_operator.py took 0.080 seconds
[2022-10-18 11:15:51,815] {processor.py:153} INFO - Started process (PID=268604) to work on /home/ubuntu/airflow/airflow_env/lib/python3.8/site-packages/airflow/example_dags/example_bash_operator.py
[2022-10-18 11:15:51,816] {processor.py:641} INFO - Processing file /home/ubuntu/airflow/airflow_env/lib/python3.8/site-packages/airflow/example_dags/example_bash_operator.py for tasks to queue
[2022-10-18 11:15:51,817] {logging_mixin.py:115} INFO - [2022-10-18 11:15:51,817] {dagbag.py:507} INFO - Filling up the DagBag from /home/ubuntu/airflow/airflow_env/lib/python3.8/site-packages/airflow/example_dags/example_bash_operator.py
[2022-10-18 11:15:51,831] {processor.py:651} INFO - DAG(s) dict_keys(['example_bash_operator']) retrieved from /home/ubuntu/airflow/airflow_env/lib/python3.8/site-packages/airflow/example_dags/example_bash_operator.py
[2022-10-18 11:15:51,855] {logging_mixin.py:115} INFO - [2022-10-18 11:15:51,855] {dag.py:2379} INFO - Sync 1 DAGs
[2022-10-18 11:15:51,884] {logging_mixin.py:115} INFO - [2022-10-18 11:15:51,883] {dag.py:2927} INFO - Setting next_dagrun for example_bash_operator to 2022-10-17T00:00:00+00:00, run_after=2022-10-18T00:00:00+00:00
[2022-10-18 11:15:51,898] {processor.py:161} INFO - Processing /home/ubuntu/airflow/airflow_env/lib/python3.8/site-packages/airflow/example_dags/example_bash_operator.py took 0.089 seconds
[2022-10-18 11:16:28,265] {processor.py:153} INFO - Started process (PID=268653) to work on /home/ubuntu/airflow/airflow_env/lib/python3.8/site-packages/airflow/example_dags/example_bash_operator.py
[2022-10-18 11:16:28,266] {processor.py:641} INFO - Processing file /home/ubuntu/airflow/airflow_env/lib/python3.8/site-packages/airflow/example_dags/example_bash_operator.py for tasks to queue
[2022-10-18 11:16:28,267] {logging_mixin.py:115} INFO - [2022-10-18 11:16:28,267] {dagbag.py:507} INFO - Filling up the DagBag from /home/ubuntu/airflow/airflow_env/lib/python3.8/site-packages/airflow/example_dags/example_bash_operator.py
[2022-10-18 11:16:28,279] {processor.py:651} INFO - DAG(s) dict_keys(['example_bash_operator']) retrieved from /home/ubuntu/airflow/airflow_env/lib/python3.8/site-packages/airflow/example_dags/example_bash_operator.py
[2022-10-18 11:16:28,299] {logging_mixin.py:115} INFO - [2022-10-18 11:16:28,299] {dag.py:2379} INFO - Sync 1 DAGs
[2022-10-18 11:16:28,318] {logging_mixin.py:115} INFO - [2022-10-18 11:16:28,318] {dag.py:2927} INFO - Setting next_dagrun for example_bash_operator to 2022-10-17T00:00:00+00:00, run_after=2022-10-18T00:00:00+00:00
[2022-10-18 11:16:28,332] {processor.py:161} INFO - Processing /home/ubuntu/airflow/airflow_env/lib/python3.8/site-packages/airflow/example_dags/example_bash_operator.py took 0.071 seconds
[2022-10-18 11:17:03,816] {processor.py:153} INFO - Started process (PID=268694) to work on /home/ubuntu/airflow/airflow_env/lib/python3.8/site-packages/airflow/example_dags/example_bash_operator.py
[2022-10-18 11:17:03,817] {processor.py:641} INFO - Processing file /home/ubuntu/airflow/airflow_env/lib/python3.8/site-packages/airflow/example_dags/example_bash_operator.py for tasks to queue
[2022-10-18 11:17:03,817] {logging_mixin.py:115} INFO - [2022-10-18 11:17:03,817] {dagbag.py:507} INFO - Filling up the DagBag from /home/ubuntu/airflow/airflow_env/lib/python3.8/site-packages/airflow/example_dags/example_bash_operator.py
[2022-10-18 11:17:03,831] {processor.py:651} INFO - DAG(s) dict_keys(['example_bash_operator']) retrieved from /home/ubuntu/airflow/airflow_env/lib/python3.8/site-packages/airflow/example_dags/example_bash_operator.py
[2022-10-18 11:17:03,855] {logging_mixin.py:115} INFO - [2022-10-18 11:17:03,855] {dag.py:2379} INFO - Sync 1 DAGs
[2022-10-18 11:17:03,877] {logging_mixin.py:115} INFO - [2022-10-18 11:17:03,877] {dag.py:2927} INFO - Setting next_dagrun for example_bash_operator to 2022-10-17T00:00:00+00:00, run_after=2022-10-18T00:00:00+00:00
[2022-10-18 11:17:03,890] {processor.py:161} INFO - Processing /home/ubuntu/airflow/airflow_env/lib/python3.8/site-packages/airflow/example_dags/example_bash_operator.py took 0.078 seconds
[2022-10-18 11:17:40,563] {processor.py:153} INFO - Started process (PID=268780) to work on /home/ubuntu/airflow/airflow_env/lib/python3.8/site-packages/airflow/example_dags/example_bash_operator.py
[2022-10-18 11:17:40,564] {processor.py:641} INFO - Processing file /home/ubuntu/airflow/airflow_env/lib/python3.8/site-packages/airflow/example_dags/example_bash_operator.py for tasks to queue
[2022-10-18 11:17:40,564] {logging_mixin.py:115} INFO - [2022-10-18 11:17:40,564] {dagbag.py:507} INFO - Filling up the DagBag from /home/ubuntu/airflow/airflow_env/lib/python3.8/site-packages/airflow/example_dags/example_bash_operator.py
[2022-10-18 11:17:40,578] {processor.py:651} INFO - DAG(s) dict_keys(['example_bash_operator']) retrieved from /home/ubuntu/airflow/airflow_env/lib/python3.8/site-packages/airflow/example_dags/example_bash_operator.py
[2022-10-18 11:17:40,597] {logging_mixin.py:115} INFO - [2022-10-18 11:17:40,597] {dag.py:2379} INFO - Sync 1 DAGs
[2022-10-18 11:17:40,616] {logging_mixin.py:115} INFO - [2022-10-18 11:17:40,616] {dag.py:2927} INFO - Setting next_dagrun for example_bash_operator to 2022-10-17T00:00:00+00:00, run_after=2022-10-18T00:00:00+00:00
[2022-10-18 11:17:40,628] {processor.py:161} INFO - Processing /home/ubuntu/airflow/airflow_env/lib/python3.8/site-packages/airflow/example_dags/example_bash_operator.py took 0.069 seconds
[2022-10-18 11:18:16,124] {processor.py:153} INFO - Started process (PID=268826) to work on /home/ubuntu/airflow/airflow_env/lib/python3.8/site-packages/airflow/example_dags/example_bash_operator.py
[2022-10-18 11:18:16,125] {processor.py:641} INFO - Processing file /home/ubuntu/airflow/airflow_env/lib/python3.8/site-packages/airflow/example_dags/example_bash_operator.py for tasks to queue
[2022-10-18 11:18:16,126] {logging_mixin.py:115} INFO - [2022-10-18 11:18:16,125] {dagbag.py:507} INFO - Filling up the DagBag from /home/ubuntu/airflow/airflow_env/lib/python3.8/site-packages/airflow/example_dags/example_bash_operator.py
[2022-10-18 11:18:16,139] {processor.py:651} INFO - DAG(s) dict_keys(['example_bash_operator']) retrieved from /home/ubuntu/airflow/airflow_env/lib/python3.8/site-packages/airflow/example_dags/example_bash_operator.py
[2022-10-18 11:18:16,162] {logging_mixin.py:115} INFO - [2022-10-18 11:18:16,162] {dag.py:2379} INFO - Sync 1 DAGs
[2022-10-18 11:18:16,179] {logging_mixin.py:115} INFO - [2022-10-18 11:18:16,179] {dag.py:2927} INFO - Setting next_dagrun for example_bash_operator to 2022-10-17T00:00:00+00:00, run_after=2022-10-18T00:00:00+00:00
[2022-10-18 11:18:16,190] {processor.py:161} INFO - Processing /home/ubuntu/airflow/airflow_env/lib/python3.8/site-packages/airflow/example_dags/example_bash_operator.py took 0.070 seconds
[2022-10-18 11:18:53,913] {processor.py:153} INFO - Started process (PID=269000) to work on /home/ubuntu/airflow/airflow_env/lib/python3.8/site-packages/airflow/example_dags/example_bash_operator.py
[2022-10-18 11:18:53,915] {processor.py:641} INFO - Processing file /home/ubuntu/airflow/airflow_env/lib/python3.8/site-packages/airflow/example_dags/example_bash_operator.py for tasks to queue
[2022-10-18 11:18:53,915] {logging_mixin.py:115} INFO - [2022-10-18 11:18:53,915] {dagbag.py:507} INFO - Filling up the DagBag from /home/ubuntu/airflow/airflow_env/lib/python3.8/site-packages/airflow/example_dags/example_bash_operator.py
[2022-10-18 11:18:53,931] {processor.py:651} INFO - DAG(s) dict_keys(['example_bash_operator']) retrieved from /home/ubuntu/airflow/airflow_env/lib/python3.8/site-packages/airflow/example_dags/example_bash_operator.py
[2022-10-18 11:18:53,953] {logging_mixin.py:115} INFO - [2022-10-18 11:18:53,953] {dag.py:2379} INFO - Sync 1 DAGs
[2022-10-18 11:18:53,972] {logging_mixin.py:115} INFO - [2022-10-18 11:18:53,972] {dag.py:2927} INFO - Setting next_dagrun for example_bash_operator to 2022-10-17T00:00:00+00:00, run_after=2022-10-18T00:00:00+00:00
[2022-10-18 11:18:53,985] {processor.py:161} INFO - Processing /home/ubuntu/airflow/airflow_env/lib/python3.8/site-packages/airflow/example_dags/example_bash_operator.py took 0.077 seconds
[2022-10-18 11:22:07,329] {processor.py:153} INFO - Started process (PID=270494) to work on /home/ubuntu/airflow/airflow_env/lib/python3.8/site-packages/airflow/example_dags/example_bash_operator.py
[2022-10-18 11:22:07,330] {processor.py:641} INFO - Processing file /home/ubuntu/airflow/airflow_env/lib/python3.8/site-packages/airflow/example_dags/example_bash_operator.py for tasks to queue
[2022-10-18 11:22:07,330] {logging_mixin.py:115} INFO - [2022-10-18 11:22:07,330] {dagbag.py:507} INFO - Filling up the DagBag from /home/ubuntu/airflow/airflow_env/lib/python3.8/site-packages/airflow/example_dags/example_bash_operator.py
[2022-10-18 11:22:07,340] {processor.py:651} INFO - DAG(s) dict_keys(['example_bash_operator']) retrieved from /home/ubuntu/airflow/airflow_env/lib/python3.8/site-packages/airflow/example_dags/example_bash_operator.py
[2022-10-18 11:22:07,359] {logging_mixin.py:115} INFO - [2022-10-18 11:22:07,359] {dag.py:2379} INFO - Sync 1 DAGs
[2022-10-18 11:22:07,375] {logging_mixin.py:115} INFO - [2022-10-18 11:22:07,375] {dag.py:2927} INFO - Setting next_dagrun for example_bash_operator to 2022-10-17T00:00:00+00:00, run_after=2022-10-18T00:00:00+00:00
[2022-10-18 11:22:07,390] {processor.py:161} INFO - Processing /home/ubuntu/airflow/airflow_env/lib/python3.8/site-packages/airflow/example_dags/example_bash_operator.py took 0.064 seconds
[2022-10-18 11:22:45,294] {processor.py:153} INFO - Started process (PID=270608) to work on /home/ubuntu/airflow/airflow_env/lib/python3.8/site-packages/airflow/example_dags/example_bash_operator.py
[2022-10-18 11:22:45,295] {processor.py:641} INFO - Processing file /home/ubuntu/airflow/airflow_env/lib/python3.8/site-packages/airflow/example_dags/example_bash_operator.py for tasks to queue
[2022-10-18 11:22:45,296] {logging_mixin.py:115} INFO - [2022-10-18 11:22:45,296] {dagbag.py:507} INFO - Filling up the DagBag from /home/ubuntu/airflow/airflow_env/lib/python3.8/site-packages/airflow/example_dags/example_bash_operator.py
[2022-10-18 11:22:45,308] {processor.py:651} INFO - DAG(s) dict_keys(['example_bash_operator']) retrieved from /home/ubuntu/airflow/airflow_env/lib/python3.8/site-packages/airflow/example_dags/example_bash_operator.py
[2022-10-18 11:22:45,329] {logging_mixin.py:115} INFO - [2022-10-18 11:22:45,329] {dag.py:2379} INFO - Sync 1 DAGs
[2022-10-18 11:22:45,346] {logging_mixin.py:115} INFO - [2022-10-18 11:22:45,346] {dag.py:2927} INFO - Setting next_dagrun for example_bash_operator to 2022-10-17T00:00:00+00:00, run_after=2022-10-18T00:00:00+00:00
[2022-10-18 11:22:45,356] {processor.py:161} INFO - Processing /home/ubuntu/airflow/airflow_env/lib/python3.8/site-packages/airflow/example_dags/example_bash_operator.py took 0.067 seconds
[2022-10-18 11:23:21,314] {processor.py:153} INFO - Started process (PID=270720) to work on /home/ubuntu/airflow/airflow_env/lib/python3.8/site-packages/airflow/example_dags/example_bash_operator.py
[2022-10-18 11:23:21,315] {processor.py:641} INFO - Processing file /home/ubuntu/airflow/airflow_env/lib/python3.8/site-packages/airflow/example_dags/example_bash_operator.py for tasks to queue
[2022-10-18 11:23:21,315] {logging_mixin.py:115} INFO - [2022-10-18 11:23:21,315] {dagbag.py:507} INFO - Filling up the DagBag from /home/ubuntu/airflow/airflow_env/lib/python3.8/site-packages/airflow/example_dags/example_bash_operator.py
[2022-10-18 11:23:21,327] {processor.py:651} INFO - DAG(s) dict_keys(['example_bash_operator']) retrieved from /home/ubuntu/airflow/airflow_env/lib/python3.8/site-packages/airflow/example_dags/example_bash_operator.py
[2022-10-18 11:23:21,345] {logging_mixin.py:115} INFO - [2022-10-18 11:23:21,345] {dag.py:2379} INFO - Sync 1 DAGs
[2022-10-18 11:23:21,359] {logging_mixin.py:115} INFO - [2022-10-18 11:23:21,359] {dag.py:2927} INFO - Setting next_dagrun for example_bash_operator to 2022-10-17T00:00:00+00:00, run_after=2022-10-18T00:00:00+00:00
[2022-10-18 11:23:21,371] {processor.py:161} INFO - Processing /home/ubuntu/airflow/airflow_env/lib/python3.8/site-packages/airflow/example_dags/example_bash_operator.py took 0.061 seconds
[2022-10-18 11:24:00,423] {processor.py:153} INFO - Started process (PID=270763) to work on /home/ubuntu/airflow/airflow_env/lib/python3.8/site-packages/airflow/example_dags/example_bash_operator.py
[2022-10-18 11:24:00,424] {processor.py:641} INFO - Processing file /home/ubuntu/airflow/airflow_env/lib/python3.8/site-packages/airflow/example_dags/example_bash_operator.py for tasks to queue
[2022-10-18 11:24:00,425] {logging_mixin.py:115} INFO - [2022-10-18 11:24:00,425] {dagbag.py:507} INFO - Filling up the DagBag from /home/ubuntu/airflow/airflow_env/lib/python3.8/site-packages/airflow/example_dags/example_bash_operator.py
[2022-10-18 11:24:00,437] {processor.py:651} INFO - DAG(s) dict_keys(['example_bash_operator']) retrieved from /home/ubuntu/airflow/airflow_env/lib/python3.8/site-packages/airflow/example_dags/example_bash_operator.py
[2022-10-18 11:24:00,455] {logging_mixin.py:115} INFO - [2022-10-18 11:24:00,455] {dag.py:2379} INFO - Sync 1 DAGs
[2022-10-18 11:24:00,473] {logging_mixin.py:115} INFO - [2022-10-18 11:24:00,473] {dag.py:2927} INFO - Setting next_dagrun for example_bash_operator to 2022-10-17T00:00:00+00:00, run_after=2022-10-18T00:00:00+00:00
[2022-10-18 11:24:00,484] {processor.py:161} INFO - Processing /home/ubuntu/airflow/airflow_env/lib/python3.8/site-packages/airflow/example_dags/example_bash_operator.py took 0.066 seconds
[2022-10-18 11:24:41,064] {processor.py:153} INFO - Started process (PID=270806) to work on /home/ubuntu/airflow/airflow_env/lib/python3.8/site-packages/airflow/example_dags/example_bash_operator.py
[2022-10-18 11:24:41,065] {processor.py:641} INFO - Processing file /home/ubuntu/airflow/airflow_env/lib/python3.8/site-packages/airflow/example_dags/example_bash_operator.py for tasks to queue
[2022-10-18 11:24:41,066] {logging_mixin.py:115} INFO - [2022-10-18 11:24:41,066] {dagbag.py:507} INFO - Filling up the DagBag from /home/ubuntu/airflow/airflow_env/lib/python3.8/site-packages/airflow/example_dags/example_bash_operator.py
[2022-10-18 11:24:41,082] {processor.py:651} INFO - DAG(s) dict_keys(['example_bash_operator']) retrieved from /home/ubuntu/airflow/airflow_env/lib/python3.8/site-packages/airflow/example_dags/example_bash_operator.py
[2022-10-18 11:24:41,117] {logging_mixin.py:115} INFO - [2022-10-18 11:24:41,117] {dag.py:2379} INFO - Sync 1 DAGs
[2022-10-18 11:24:41,143] {logging_mixin.py:115} INFO - [2022-10-18 11:24:41,143] {dag.py:2927} INFO - Setting next_dagrun for example_bash_operator to 2022-10-17T00:00:00+00:00, run_after=2022-10-18T00:00:00+00:00
[2022-10-18 11:24:41,167] {processor.py:161} INFO - Processing /home/ubuntu/airflow/airflow_env/lib/python3.8/site-packages/airflow/example_dags/example_bash_operator.py took 0.108 seconds
[2022-10-18 11:25:23,668] {processor.py:153} INFO - Started process (PID=270854) to work on /home/ubuntu/airflow/airflow_env/lib/python3.8/site-packages/airflow/example_dags/example_bash_operator.py
[2022-10-18 11:25:23,669] {processor.py:641} INFO - Processing file /home/ubuntu/airflow/airflow_env/lib/python3.8/site-packages/airflow/example_dags/example_bash_operator.py for tasks to queue
[2022-10-18 11:25:23,669] {logging_mixin.py:115} INFO - [2022-10-18 11:25:23,669] {dagbag.py:507} INFO - Filling up the DagBag from /home/ubuntu/airflow/airflow_env/lib/python3.8/site-packages/airflow/example_dags/example_bash_operator.py
[2022-10-18 11:25:23,683] {processor.py:651} INFO - DAG(s) dict_keys(['example_bash_operator']) retrieved from /home/ubuntu/airflow/airflow_env/lib/python3.8/site-packages/airflow/example_dags/example_bash_operator.py
[2022-10-18 11:25:23,698] {logging_mixin.py:115} INFO - [2022-10-18 11:25:23,698] {dag.py:2379} INFO - Sync 1 DAGs
[2022-10-18 11:25:23,719] {logging_mixin.py:115} INFO - [2022-10-18 11:25:23,719] {dag.py:2927} INFO - Setting next_dagrun for example_bash_operator to 2022-10-17T00:00:00+00:00, run_after=2022-10-18T00:00:00+00:00
[2022-10-18 11:25:23,740] {processor.py:161} INFO - Processing /home/ubuntu/airflow/airflow_env/lib/python3.8/site-packages/airflow/example_dags/example_bash_operator.py took 0.076 seconds
[2022-10-18 11:26:00,967] {processor.py:153} INFO - Started process (PID=270898) to work on /home/ubuntu/airflow/airflow_env/lib/python3.8/site-packages/airflow/example_dags/example_bash_operator.py
[2022-10-18 11:26:00,968] {processor.py:641} INFO - Processing file /home/ubuntu/airflow/airflow_env/lib/python3.8/site-packages/airflow/example_dags/example_bash_operator.py for tasks to queue
[2022-10-18 11:26:00,969] {logging_mixin.py:115} INFO - [2022-10-18 11:26:00,969] {dagbag.py:507} INFO - Filling up the DagBag from /home/ubuntu/airflow/airflow_env/lib/python3.8/site-packages/airflow/example_dags/example_bash_operator.py
[2022-10-18 11:26:00,984] {processor.py:651} INFO - DAG(s) dict_keys(['example_bash_operator']) retrieved from /home/ubuntu/airflow/airflow_env/lib/python3.8/site-packages/airflow/example_dags/example_bash_operator.py
[2022-10-18 11:26:01,002] {logging_mixin.py:115} INFO - [2022-10-18 11:26:01,002] {dag.py:2379} INFO - Sync 1 DAGs
[2022-10-18 11:26:01,023] {logging_mixin.py:115} INFO - [2022-10-18 11:26:01,023] {dag.py:2927} INFO - Setting next_dagrun for example_bash_operator to 2022-10-17T00:00:00+00:00, run_after=2022-10-18T00:00:00+00:00
[2022-10-18 11:26:01,038] {processor.py:161} INFO - Processing /home/ubuntu/airflow/airflow_env/lib/python3.8/site-packages/airflow/example_dags/example_bash_operator.py took 0.074 seconds
[2022-10-18 11:26:40,803] {processor.py:153} INFO - Started process (PID=270946) to work on /home/ubuntu/airflow/airflow_env/lib/python3.8/site-packages/airflow/example_dags/example_bash_operator.py
[2022-10-18 11:26:40,805] {processor.py:641} INFO - Processing file /home/ubuntu/airflow/airflow_env/lib/python3.8/site-packages/airflow/example_dags/example_bash_operator.py for tasks to queue
[2022-10-18 11:26:40,806] {logging_mixin.py:115} INFO - [2022-10-18 11:26:40,806] {dagbag.py:507} INFO - Filling up the DagBag from /home/ubuntu/airflow/airflow_env/lib/python3.8/site-packages/airflow/example_dags/example_bash_operator.py
[2022-10-18 11:26:40,819] {processor.py:651} INFO - DAG(s) dict_keys(['example_bash_operator']) retrieved from /home/ubuntu/airflow/airflow_env/lib/python3.8/site-packages/airflow/example_dags/example_bash_operator.py
[2022-10-18 11:26:40,835] {logging_mixin.py:115} INFO - [2022-10-18 11:26:40,835] {dag.py:2379} INFO - Sync 1 DAGs
[2022-10-18 11:26:40,850] {logging_mixin.py:115} INFO - [2022-10-18 11:26:40,850] {dag.py:2927} INFO - Setting next_dagrun for example_bash_operator to 2022-10-17T00:00:00+00:00, run_after=2022-10-18T00:00:00+00:00
[2022-10-18 11:26:40,865] {processor.py:161} INFO - Processing /home/ubuntu/airflow/airflow_env/lib/python3.8/site-packages/airflow/example_dags/example_bash_operator.py took 0.066 seconds
[2022-10-18 11:27:18,161] {processor.py:153} INFO - Started process (PID=270989) to work on /home/ubuntu/airflow/airflow_env/lib/python3.8/site-packages/airflow/example_dags/example_bash_operator.py
[2022-10-18 11:27:18,162] {processor.py:641} INFO - Processing file /home/ubuntu/airflow/airflow_env/lib/python3.8/site-packages/airflow/example_dags/example_bash_operator.py for tasks to queue
[2022-10-18 11:27:18,163] {logging_mixin.py:115} INFO - [2022-10-18 11:27:18,163] {dagbag.py:507} INFO - Filling up the DagBag from /home/ubuntu/airflow/airflow_env/lib/python3.8/site-packages/airflow/example_dags/example_bash_operator.py
[2022-10-18 11:27:18,184] {processor.py:651} INFO - DAG(s) dict_keys(['example_bash_operator']) retrieved from /home/ubuntu/airflow/airflow_env/lib/python3.8/site-packages/airflow/example_dags/example_bash_operator.py
[2022-10-18 11:27:18,215] {logging_mixin.py:115} INFO - [2022-10-18 11:27:18,215] {dag.py:2379} INFO - Sync 1 DAGs
[2022-10-18 11:27:18,244] {logging_mixin.py:115} INFO - [2022-10-18 11:27:18,244] {dag.py:2927} INFO - Setting next_dagrun for example_bash_operator to 2022-10-17T00:00:00+00:00, run_after=2022-10-18T00:00:00+00:00
[2022-10-18 11:27:18,265] {processor.py:161} INFO - Processing /home/ubuntu/airflow/airflow_env/lib/python3.8/site-packages/airflow/example_dags/example_bash_operator.py took 0.109 seconds
[2022-10-18 11:27:55,369] {processor.py:153} INFO - Started process (PID=271057) to work on /home/ubuntu/airflow/airflow_env/lib/python3.8/site-packages/airflow/example_dags/example_bash_operator.py
[2022-10-18 11:27:55,370] {processor.py:641} INFO - Processing file /home/ubuntu/airflow/airflow_env/lib/python3.8/site-packages/airflow/example_dags/example_bash_operator.py for tasks to queue
[2022-10-18 11:27:55,370] {logging_mixin.py:115} INFO - [2022-10-18 11:27:55,370] {dagbag.py:507} INFO - Filling up the DagBag from /home/ubuntu/airflow/airflow_env/lib/python3.8/site-packages/airflow/example_dags/example_bash_operator.py
[2022-10-18 11:27:55,385] {processor.py:651} INFO - DAG(s) dict_keys(['example_bash_operator']) retrieved from /home/ubuntu/airflow/airflow_env/lib/python3.8/site-packages/airflow/example_dags/example_bash_operator.py
[2022-10-18 11:27:55,406] {logging_mixin.py:115} INFO - [2022-10-18 11:27:55,405] {dag.py:2379} INFO - Sync 1 DAGs
[2022-10-18 11:27:55,423] {logging_mixin.py:115} INFO - [2022-10-18 11:27:55,423] {dag.py:2927} INFO - Setting next_dagrun for example_bash_operator to 2022-10-17T00:00:00+00:00, run_after=2022-10-18T00:00:00+00:00
[2022-10-18 11:27:55,437] {processor.py:161} INFO - Processing /home/ubuntu/airflow/airflow_env/lib/python3.8/site-packages/airflow/example_dags/example_bash_operator.py took 0.071 seconds
[2022-10-18 11:28:36,747] {processor.py:153} INFO - Started process (PID=271101) to work on /home/ubuntu/airflow/airflow_env/lib/python3.8/site-packages/airflow/example_dags/example_bash_operator.py
[2022-10-18 11:28:36,748] {processor.py:641} INFO - Processing file /home/ubuntu/airflow/airflow_env/lib/python3.8/site-packages/airflow/example_dags/example_bash_operator.py for tasks to queue
[2022-10-18 11:28:36,749] {logging_mixin.py:115} INFO - [2022-10-18 11:28:36,749] {dagbag.py:507} INFO - Filling up the DagBag from /home/ubuntu/airflow/airflow_env/lib/python3.8/site-packages/airflow/example_dags/example_bash_operator.py
[2022-10-18 11:28:36,770] {processor.py:651} INFO - DAG(s) dict_keys(['example_bash_operator']) retrieved from /home/ubuntu/airflow/airflow_env/lib/python3.8/site-packages/airflow/example_dags/example_bash_operator.py
[2022-10-18 11:28:36,787] {logging_mixin.py:115} INFO - [2022-10-18 11:28:36,787] {dag.py:2379} INFO - Sync 1 DAGs
[2022-10-18 11:28:36,805] {logging_mixin.py:115} INFO - [2022-10-18 11:28:36,805] {dag.py:2927} INFO - Setting next_dagrun for example_bash_operator to 2022-10-17T00:00:00+00:00, run_after=2022-10-18T00:00:00+00:00
[2022-10-18 11:28:36,822] {processor.py:161} INFO - Processing /home/ubuntu/airflow/airflow_env/lib/python3.8/site-packages/airflow/example_dags/example_bash_operator.py took 0.078 seconds
[2022-10-18 11:29:17,204] {processor.py:153} INFO - Started process (PID=271205) to work on /home/ubuntu/airflow/airflow_env/lib/python3.8/site-packages/airflow/example_dags/example_bash_operator.py
[2022-10-18 11:29:17,205] {processor.py:641} INFO - Processing file /home/ubuntu/airflow/airflow_env/lib/python3.8/site-packages/airflow/example_dags/example_bash_operator.py for tasks to queue
[2022-10-18 11:29:17,206] {logging_mixin.py:115} INFO - [2022-10-18 11:29:17,206] {dagbag.py:507} INFO - Filling up the DagBag from /home/ubuntu/airflow/airflow_env/lib/python3.8/site-packages/airflow/example_dags/example_bash_operator.py
[2022-10-18 11:29:17,226] {processor.py:651} INFO - DAG(s) dict_keys(['example_bash_operator']) retrieved from /home/ubuntu/airflow/airflow_env/lib/python3.8/site-packages/airflow/example_dags/example_bash_operator.py
[2022-10-18 11:29:17,244] {logging_mixin.py:115} INFO - [2022-10-18 11:29:17,244] {dag.py:2379} INFO - Sync 1 DAGs
[2022-10-18 11:29:17,266] {logging_mixin.py:115} INFO - [2022-10-18 11:29:17,266] {dag.py:2927} INFO - Setting next_dagrun for example_bash_operator to 2022-10-17T00:00:00+00:00, run_after=2022-10-18T00:00:00+00:00
[2022-10-18 11:29:17,278] {processor.py:161} INFO - Processing /home/ubuntu/airflow/airflow_env/lib/python3.8/site-packages/airflow/example_dags/example_bash_operator.py took 0.079 seconds
[2022-10-18 11:29:56,682] {processor.py:153} INFO - Started process (PID=271255) to work on /home/ubuntu/airflow/airflow_env/lib/python3.8/site-packages/airflow/example_dags/example_bash_operator.py
[2022-10-18 11:29:56,683] {processor.py:641} INFO - Processing file /home/ubuntu/airflow/airflow_env/lib/python3.8/site-packages/airflow/example_dags/example_bash_operator.py for tasks to queue
[2022-10-18 11:29:56,684] {logging_mixin.py:115} INFO - [2022-10-18 11:29:56,684] {dagbag.py:507} INFO - Filling up the DagBag from /home/ubuntu/airflow/airflow_env/lib/python3.8/site-packages/airflow/example_dags/example_bash_operator.py
[2022-10-18 11:29:56,700] {processor.py:651} INFO - DAG(s) dict_keys(['example_bash_operator']) retrieved from /home/ubuntu/airflow/airflow_env/lib/python3.8/site-packages/airflow/example_dags/example_bash_operator.py
[2022-10-18 11:29:56,720] {logging_mixin.py:115} INFO - [2022-10-18 11:29:56,720] {dag.py:2379} INFO - Sync 1 DAGs
[2022-10-18 11:29:56,743] {logging_mixin.py:115} INFO - [2022-10-18 11:29:56,743] {dag.py:2927} INFO - Setting next_dagrun for example_bash_operator to 2022-10-17T00:00:00+00:00, run_after=2022-10-18T00:00:00+00:00
[2022-10-18 11:29:56,765] {processor.py:161} INFO - Processing /home/ubuntu/airflow/airflow_env/lib/python3.8/site-packages/airflow/example_dags/example_bash_operator.py took 0.087 seconds
