[2022-10-18 00:12:43,899] {processor.py:153} INFO - Started process (PID=265862) to work on /home/ubuntu/airflow/airflow_env/lib/python3.8/site-packages/airflow/example_dags/tutorial_etl_dag.py
[2022-10-18 00:12:43,899] {processor.py:641} INFO - Processing file /home/ubuntu/airflow/airflow_env/lib/python3.8/site-packages/airflow/example_dags/tutorial_etl_dag.py for tasks to queue
[2022-10-18 00:12:43,900] {logging_mixin.py:115} INFO - [2022-10-18 00:12:43,900] {dagbag.py:507} INFO - Filling up the DagBag from /home/ubuntu/airflow/airflow_env/lib/python3.8/site-packages/airflow/example_dags/tutorial_etl_dag.py
[2022-10-18 00:12:43,909] {processor.py:651} INFO - DAG(s) dict_keys(['tutorial_etl_dag']) retrieved from /home/ubuntu/airflow/airflow_env/lib/python3.8/site-packages/airflow/example_dags/tutorial_etl_dag.py
[2022-10-18 00:12:43,926] {logging_mixin.py:115} INFO - [2022-10-18 00:12:43,926] {dag.py:2379} INFO - Sync 1 DAGs
[2022-10-18 00:12:43,946] {logging_mixin.py:115} INFO - [2022-10-18 00:12:43,946] {dag.py:2927} INFO - Setting next_dagrun for tutorial_etl_dag to None, run_after=None
[2022-10-18 00:12:43,960] {processor.py:161} INFO - Processing /home/ubuntu/airflow/airflow_env/lib/python3.8/site-packages/airflow/example_dags/tutorial_etl_dag.py took 0.065 seconds
[2022-10-18 00:13:19,012] {processor.py:153} INFO - Started process (PID=265927) to work on /home/ubuntu/airflow/airflow_env/lib/python3.8/site-packages/airflow/example_dags/tutorial_etl_dag.py
[2022-10-18 00:13:19,014] {processor.py:641} INFO - Processing file /home/ubuntu/airflow/airflow_env/lib/python3.8/site-packages/airflow/example_dags/tutorial_etl_dag.py for tasks to queue
[2022-10-18 00:13:19,015] {logging_mixin.py:115} INFO - [2022-10-18 00:13:19,015] {dagbag.py:507} INFO - Filling up the DagBag from /home/ubuntu/airflow/airflow_env/lib/python3.8/site-packages/airflow/example_dags/tutorial_etl_dag.py
[2022-10-18 00:13:19,025] {processor.py:651} INFO - DAG(s) dict_keys(['tutorial_etl_dag']) retrieved from /home/ubuntu/airflow/airflow_env/lib/python3.8/site-packages/airflow/example_dags/tutorial_etl_dag.py
[2022-10-18 00:13:19,045] {logging_mixin.py:115} INFO - [2022-10-18 00:13:19,045] {dag.py:2379} INFO - Sync 1 DAGs
[2022-10-18 00:13:19,064] {logging_mixin.py:115} INFO - [2022-10-18 00:13:19,064] {dag.py:2927} INFO - Setting next_dagrun for tutorial_etl_dag to None, run_after=None
[2022-10-18 00:13:19,080] {processor.py:161} INFO - Processing /home/ubuntu/airflow/airflow_env/lib/python3.8/site-packages/airflow/example_dags/tutorial_etl_dag.py took 0.073 seconds
[2022-10-18 00:13:56,437] {processor.py:153} INFO - Started process (PID=265983) to work on /home/ubuntu/airflow/airflow_env/lib/python3.8/site-packages/airflow/example_dags/tutorial_etl_dag.py
[2022-10-18 00:13:56,438] {processor.py:641} INFO - Processing file /home/ubuntu/airflow/airflow_env/lib/python3.8/site-packages/airflow/example_dags/tutorial_etl_dag.py for tasks to queue
[2022-10-18 00:13:56,439] {logging_mixin.py:115} INFO - [2022-10-18 00:13:56,439] {dagbag.py:507} INFO - Filling up the DagBag from /home/ubuntu/airflow/airflow_env/lib/python3.8/site-packages/airflow/example_dags/tutorial_etl_dag.py
[2022-10-18 00:13:56,448] {processor.py:651} INFO - DAG(s) dict_keys(['tutorial_etl_dag']) retrieved from /home/ubuntu/airflow/airflow_env/lib/python3.8/site-packages/airflow/example_dags/tutorial_etl_dag.py
[2022-10-18 00:13:56,469] {logging_mixin.py:115} INFO - [2022-10-18 00:13:56,469] {dag.py:2379} INFO - Sync 1 DAGs
[2022-10-18 00:13:56,487] {logging_mixin.py:115} INFO - [2022-10-18 00:13:56,487] {dag.py:2927} INFO - Setting next_dagrun for tutorial_etl_dag to None, run_after=None
[2022-10-18 00:13:56,500] {processor.py:161} INFO - Processing /home/ubuntu/airflow/airflow_env/lib/python3.8/site-packages/airflow/example_dags/tutorial_etl_dag.py took 0.067 seconds
[2022-10-18 00:14:31,282] {processor.py:153} INFO - Started process (PID=266048) to work on /home/ubuntu/airflow/airflow_env/lib/python3.8/site-packages/airflow/example_dags/tutorial_etl_dag.py
[2022-10-18 00:14:31,284] {processor.py:641} INFO - Processing file /home/ubuntu/airflow/airflow_env/lib/python3.8/site-packages/airflow/example_dags/tutorial_etl_dag.py for tasks to queue
[2022-10-18 00:14:31,285] {logging_mixin.py:115} INFO - [2022-10-18 00:14:31,285] {dagbag.py:507} INFO - Filling up the DagBag from /home/ubuntu/airflow/airflow_env/lib/python3.8/site-packages/airflow/example_dags/tutorial_etl_dag.py
[2022-10-18 00:14:31,297] {processor.py:651} INFO - DAG(s) dict_keys(['tutorial_etl_dag']) retrieved from /home/ubuntu/airflow/airflow_env/lib/python3.8/site-packages/airflow/example_dags/tutorial_etl_dag.py
[2022-10-18 00:14:31,321] {logging_mixin.py:115} INFO - [2022-10-18 00:14:31,321] {dag.py:2379} INFO - Sync 1 DAGs
[2022-10-18 00:14:31,355] {logging_mixin.py:115} INFO - [2022-10-18 00:14:31,354] {dag.py:2927} INFO - Setting next_dagrun for tutorial_etl_dag to None, run_after=None
[2022-10-18 00:14:31,376] {processor.py:161} INFO - Processing /home/ubuntu/airflow/airflow_env/lib/python3.8/site-packages/airflow/example_dags/tutorial_etl_dag.py took 0.099 seconds
[2022-10-18 00:15:06,374] {processor.py:153} INFO - Started process (PID=266139) to work on /home/ubuntu/airflow/airflow_env/lib/python3.8/site-packages/airflow/example_dags/tutorial_etl_dag.py
[2022-10-18 00:15:06,375] {processor.py:641} INFO - Processing file /home/ubuntu/airflow/airflow_env/lib/python3.8/site-packages/airflow/example_dags/tutorial_etl_dag.py for tasks to queue
[2022-10-18 00:15:06,376] {logging_mixin.py:115} INFO - [2022-10-18 00:15:06,376] {dagbag.py:507} INFO - Filling up the DagBag from /home/ubuntu/airflow/airflow_env/lib/python3.8/site-packages/airflow/example_dags/tutorial_etl_dag.py
[2022-10-18 00:15:06,385] {processor.py:651} INFO - DAG(s) dict_keys(['tutorial_etl_dag']) retrieved from /home/ubuntu/airflow/airflow_env/lib/python3.8/site-packages/airflow/example_dags/tutorial_etl_dag.py
[2022-10-18 00:15:06,407] {logging_mixin.py:115} INFO - [2022-10-18 00:15:06,407] {dag.py:2379} INFO - Sync 1 DAGs
[2022-10-18 00:15:06,431] {logging_mixin.py:115} INFO - [2022-10-18 00:15:06,431] {dag.py:2927} INFO - Setting next_dagrun for tutorial_etl_dag to None, run_after=None
[2022-10-18 00:15:06,445] {processor.py:161} INFO - Processing /home/ubuntu/airflow/airflow_env/lib/python3.8/site-packages/airflow/example_dags/tutorial_etl_dag.py took 0.074 seconds
[2022-10-18 00:15:39,983] {processor.py:153} INFO - Started process (PID=266179) to work on /home/ubuntu/airflow/airflow_env/lib/python3.8/site-packages/airflow/example_dags/tutorial_etl_dag.py
[2022-10-18 00:15:39,984] {processor.py:641} INFO - Processing file /home/ubuntu/airflow/airflow_env/lib/python3.8/site-packages/airflow/example_dags/tutorial_etl_dag.py for tasks to queue
[2022-10-18 00:15:39,985] {logging_mixin.py:115} INFO - [2022-10-18 00:15:39,985] {dagbag.py:507} INFO - Filling up the DagBag from /home/ubuntu/airflow/airflow_env/lib/python3.8/site-packages/airflow/example_dags/tutorial_etl_dag.py
[2022-10-18 00:15:39,995] {processor.py:651} INFO - DAG(s) dict_keys(['tutorial_etl_dag']) retrieved from /home/ubuntu/airflow/airflow_env/lib/python3.8/site-packages/airflow/example_dags/tutorial_etl_dag.py
[2022-10-18 00:15:40,018] {logging_mixin.py:115} INFO - [2022-10-18 00:15:40,018] {dag.py:2379} INFO - Sync 1 DAGs
[2022-10-18 00:15:40,038] {logging_mixin.py:115} INFO - [2022-10-18 00:15:40,038] {dag.py:2927} INFO - Setting next_dagrun for tutorial_etl_dag to None, run_after=None
[2022-10-18 00:15:40,055] {processor.py:161} INFO - Processing /home/ubuntu/airflow/airflow_env/lib/python3.8/site-packages/airflow/example_dags/tutorial_etl_dag.py took 0.076 seconds
[2022-10-18 00:16:15,748] {processor.py:153} INFO - Started process (PID=266216) to work on /home/ubuntu/airflow/airflow_env/lib/python3.8/site-packages/airflow/example_dags/tutorial_etl_dag.py
[2022-10-18 00:16:15,749] {processor.py:641} INFO - Processing file /home/ubuntu/airflow/airflow_env/lib/python3.8/site-packages/airflow/example_dags/tutorial_etl_dag.py for tasks to queue
[2022-10-18 00:16:15,750] {logging_mixin.py:115} INFO - [2022-10-18 00:16:15,750] {dagbag.py:507} INFO - Filling up the DagBag from /home/ubuntu/airflow/airflow_env/lib/python3.8/site-packages/airflow/example_dags/tutorial_etl_dag.py
[2022-10-18 00:16:15,759] {processor.py:651} INFO - DAG(s) dict_keys(['tutorial_etl_dag']) retrieved from /home/ubuntu/airflow/airflow_env/lib/python3.8/site-packages/airflow/example_dags/tutorial_etl_dag.py
[2022-10-18 00:16:15,778] {logging_mixin.py:115} INFO - [2022-10-18 00:16:15,778] {dag.py:2379} INFO - Sync 1 DAGs
[2022-10-18 00:16:15,794] {logging_mixin.py:115} INFO - [2022-10-18 00:16:15,794] {dag.py:2927} INFO - Setting next_dagrun for tutorial_etl_dag to None, run_after=None
[2022-10-18 00:16:15,805] {processor.py:161} INFO - Processing /home/ubuntu/airflow/airflow_env/lib/python3.8/site-packages/airflow/example_dags/tutorial_etl_dag.py took 0.062 seconds
[2022-10-18 00:16:50,637] {processor.py:153} INFO - Started process (PID=266261) to work on /home/ubuntu/airflow/airflow_env/lib/python3.8/site-packages/airflow/example_dags/tutorial_etl_dag.py
[2022-10-18 00:16:50,639] {processor.py:641} INFO - Processing file /home/ubuntu/airflow/airflow_env/lib/python3.8/site-packages/airflow/example_dags/tutorial_etl_dag.py for tasks to queue
[2022-10-18 00:16:50,640] {logging_mixin.py:115} INFO - [2022-10-18 00:16:50,640] {dagbag.py:507} INFO - Filling up the DagBag from /home/ubuntu/airflow/airflow_env/lib/python3.8/site-packages/airflow/example_dags/tutorial_etl_dag.py
[2022-10-18 00:16:50,654] {processor.py:651} INFO - DAG(s) dict_keys(['tutorial_etl_dag']) retrieved from /home/ubuntu/airflow/airflow_env/lib/python3.8/site-packages/airflow/example_dags/tutorial_etl_dag.py
[2022-10-18 00:16:50,681] {logging_mixin.py:115} INFO - [2022-10-18 00:16:50,681] {dag.py:2379} INFO - Sync 1 DAGs
[2022-10-18 00:16:50,710] {logging_mixin.py:115} INFO - [2022-10-18 00:16:50,710] {dag.py:2927} INFO - Setting next_dagrun for tutorial_etl_dag to None, run_after=None
[2022-10-18 00:16:50,731] {processor.py:161} INFO - Processing /home/ubuntu/airflow/airflow_env/lib/python3.8/site-packages/airflow/example_dags/tutorial_etl_dag.py took 0.099 seconds
[2022-10-18 00:17:24,329] {processor.py:153} INFO - Started process (PID=266320) to work on /home/ubuntu/airflow/airflow_env/lib/python3.8/site-packages/airflow/example_dags/tutorial_etl_dag.py
[2022-10-18 00:17:24,330] {processor.py:641} INFO - Processing file /home/ubuntu/airflow/airflow_env/lib/python3.8/site-packages/airflow/example_dags/tutorial_etl_dag.py for tasks to queue
[2022-10-18 00:17:24,330] {logging_mixin.py:115} INFO - [2022-10-18 00:17:24,330] {dagbag.py:507} INFO - Filling up the DagBag from /home/ubuntu/airflow/airflow_env/lib/python3.8/site-packages/airflow/example_dags/tutorial_etl_dag.py
[2022-10-18 00:17:24,340] {processor.py:651} INFO - DAG(s) dict_keys(['tutorial_etl_dag']) retrieved from /home/ubuntu/airflow/airflow_env/lib/python3.8/site-packages/airflow/example_dags/tutorial_etl_dag.py
[2022-10-18 00:17:24,359] {logging_mixin.py:115} INFO - [2022-10-18 00:17:24,359] {dag.py:2379} INFO - Sync 1 DAGs
[2022-10-18 00:17:24,376] {logging_mixin.py:115} INFO - [2022-10-18 00:17:24,376] {dag.py:2927} INFO - Setting next_dagrun for tutorial_etl_dag to None, run_after=None
[2022-10-18 00:17:24,388] {processor.py:161} INFO - Processing /home/ubuntu/airflow/airflow_env/lib/python3.8/site-packages/airflow/example_dags/tutorial_etl_dag.py took 0.064 seconds
[2022-10-18 00:18:01,302] {processor.py:153} INFO - Started process (PID=266362) to work on /home/ubuntu/airflow/airflow_env/lib/python3.8/site-packages/airflow/example_dags/tutorial_etl_dag.py
[2022-10-18 00:18:01,303] {processor.py:641} INFO - Processing file /home/ubuntu/airflow/airflow_env/lib/python3.8/site-packages/airflow/example_dags/tutorial_etl_dag.py for tasks to queue
[2022-10-18 00:18:01,303] {logging_mixin.py:115} INFO - [2022-10-18 00:18:01,303] {dagbag.py:507} INFO - Filling up the DagBag from /home/ubuntu/airflow/airflow_env/lib/python3.8/site-packages/airflow/example_dags/tutorial_etl_dag.py
[2022-10-18 00:18:01,312] {processor.py:651} INFO - DAG(s) dict_keys(['tutorial_etl_dag']) retrieved from /home/ubuntu/airflow/airflow_env/lib/python3.8/site-packages/airflow/example_dags/tutorial_etl_dag.py
[2022-10-18 00:18:01,327] {logging_mixin.py:115} INFO - [2022-10-18 00:18:01,327] {dag.py:2379} INFO - Sync 1 DAGs
[2022-10-18 00:18:01,342] {logging_mixin.py:115} INFO - [2022-10-18 00:18:01,342] {dag.py:2927} INFO - Setting next_dagrun for tutorial_etl_dag to None, run_after=None
[2022-10-18 00:18:01,355] {processor.py:161} INFO - Processing /home/ubuntu/airflow/airflow_env/lib/python3.8/site-packages/airflow/example_dags/tutorial_etl_dag.py took 0.056 seconds
[2022-10-18 11:02:54,838] {processor.py:153} INFO - Started process (PID=266953) to work on /home/ubuntu/airflow/airflow_env/lib/python3.8/site-packages/airflow/example_dags/tutorial_etl_dag.py
[2022-10-18 11:02:54,840] {processor.py:641} INFO - Processing file /home/ubuntu/airflow/airflow_env/lib/python3.8/site-packages/airflow/example_dags/tutorial_etl_dag.py for tasks to queue
[2022-10-18 11:02:54,842] {logging_mixin.py:115} INFO - [2022-10-18 11:02:54,841] {dagbag.py:507} INFO - Filling up the DagBag from /home/ubuntu/airflow/airflow_env/lib/python3.8/site-packages/airflow/example_dags/tutorial_etl_dag.py
[2022-10-18 11:02:54,856] {processor.py:651} INFO - DAG(s) dict_keys(['tutorial_etl_dag']) retrieved from /home/ubuntu/airflow/airflow_env/lib/python3.8/site-packages/airflow/example_dags/tutorial_etl_dag.py
[2022-10-18 11:02:54,889] {logging_mixin.py:115} INFO - [2022-10-18 11:02:54,888] {dag.py:2379} INFO - Sync 1 DAGs
[2022-10-18 11:02:54,939] {logging_mixin.py:115} INFO - [2022-10-18 11:02:54,939] {dag.py:2927} INFO - Setting next_dagrun for tutorial_etl_dag to None, run_after=None
[2022-10-18 11:02:54,956] {processor.py:161} INFO - Processing /home/ubuntu/airflow/airflow_env/lib/python3.8/site-packages/airflow/example_dags/tutorial_etl_dag.py took 0.123 seconds
[2022-10-18 11:03:30,624] {processor.py:153} INFO - Started process (PID=267430) to work on /home/ubuntu/airflow/airflow_env/lib/python3.8/site-packages/airflow/example_dags/tutorial_etl_dag.py
[2022-10-18 11:03:30,625] {processor.py:641} INFO - Processing file /home/ubuntu/airflow/airflow_env/lib/python3.8/site-packages/airflow/example_dags/tutorial_etl_dag.py for tasks to queue
[2022-10-18 11:03:30,625] {logging_mixin.py:115} INFO - [2022-10-18 11:03:30,625] {dagbag.py:507} INFO - Filling up the DagBag from /home/ubuntu/airflow/airflow_env/lib/python3.8/site-packages/airflow/example_dags/tutorial_etl_dag.py
[2022-10-18 11:03:30,633] {processor.py:651} INFO - DAG(s) dict_keys(['tutorial_etl_dag']) retrieved from /home/ubuntu/airflow/airflow_env/lib/python3.8/site-packages/airflow/example_dags/tutorial_etl_dag.py
[2022-10-18 11:03:30,650] {logging_mixin.py:115} INFO - [2022-10-18 11:03:30,649] {dag.py:2379} INFO - Sync 1 DAGs
[2022-10-18 11:03:30,663] {logging_mixin.py:115} INFO - [2022-10-18 11:03:30,663] {dag.py:2927} INFO - Setting next_dagrun for tutorial_etl_dag to None, run_after=None
[2022-10-18 11:03:30,675] {processor.py:161} INFO - Processing /home/ubuntu/airflow/airflow_env/lib/python3.8/site-packages/airflow/example_dags/tutorial_etl_dag.py took 0.055 seconds
[2022-10-18 11:04:06,916] {processor.py:153} INFO - Started process (PID=267470) to work on /home/ubuntu/airflow/airflow_env/lib/python3.8/site-packages/airflow/example_dags/tutorial_etl_dag.py
[2022-10-18 11:04:06,917] {processor.py:641} INFO - Processing file /home/ubuntu/airflow/airflow_env/lib/python3.8/site-packages/airflow/example_dags/tutorial_etl_dag.py for tasks to queue
[2022-10-18 11:04:06,917] {logging_mixin.py:115} INFO - [2022-10-18 11:04:06,917] {dagbag.py:507} INFO - Filling up the DagBag from /home/ubuntu/airflow/airflow_env/lib/python3.8/site-packages/airflow/example_dags/tutorial_etl_dag.py
[2022-10-18 11:04:06,925] {processor.py:651} INFO - DAG(s) dict_keys(['tutorial_etl_dag']) retrieved from /home/ubuntu/airflow/airflow_env/lib/python3.8/site-packages/airflow/example_dags/tutorial_etl_dag.py
[2022-10-18 11:04:06,942] {logging_mixin.py:115} INFO - [2022-10-18 11:04:06,942] {dag.py:2379} INFO - Sync 1 DAGs
[2022-10-18 11:04:06,956] {logging_mixin.py:115} INFO - [2022-10-18 11:04:06,956] {dag.py:2927} INFO - Setting next_dagrun for tutorial_etl_dag to None, run_after=None
[2022-10-18 11:04:06,966] {processor.py:161} INFO - Processing /home/ubuntu/airflow/airflow_env/lib/python3.8/site-packages/airflow/example_dags/tutorial_etl_dag.py took 0.054 seconds
[2022-10-18 11:04:39,216] {processor.py:153} INFO - Started process (PID=267506) to work on /home/ubuntu/airflow/airflow_env/lib/python3.8/site-packages/airflow/example_dags/tutorial_etl_dag.py
[2022-10-18 11:04:39,217] {processor.py:641} INFO - Processing file /home/ubuntu/airflow/airflow_env/lib/python3.8/site-packages/airflow/example_dags/tutorial_etl_dag.py for tasks to queue
[2022-10-18 11:04:39,218] {logging_mixin.py:115} INFO - [2022-10-18 11:04:39,218] {dagbag.py:507} INFO - Filling up the DagBag from /home/ubuntu/airflow/airflow_env/lib/python3.8/site-packages/airflow/example_dags/tutorial_etl_dag.py
[2022-10-18 11:04:39,225] {processor.py:651} INFO - DAG(s) dict_keys(['tutorial_etl_dag']) retrieved from /home/ubuntu/airflow/airflow_env/lib/python3.8/site-packages/airflow/example_dags/tutorial_etl_dag.py
[2022-10-18 11:04:39,241] {logging_mixin.py:115} INFO - [2022-10-18 11:04:39,241] {dag.py:2379} INFO - Sync 1 DAGs
[2022-10-18 11:04:39,255] {logging_mixin.py:115} INFO - [2022-10-18 11:04:39,255] {dag.py:2927} INFO - Setting next_dagrun for tutorial_etl_dag to None, run_after=None
[2022-10-18 11:04:39,268] {processor.py:161} INFO - Processing /home/ubuntu/airflow/airflow_env/lib/python3.8/site-packages/airflow/example_dags/tutorial_etl_dag.py took 0.055 seconds
[2022-10-18 11:05:15,210] {processor.py:153} INFO - Started process (PID=267687) to work on /home/ubuntu/airflow/airflow_env/lib/python3.8/site-packages/airflow/example_dags/tutorial_etl_dag.py
[2022-10-18 11:05:15,211] {processor.py:641} INFO - Processing file /home/ubuntu/airflow/airflow_env/lib/python3.8/site-packages/airflow/example_dags/tutorial_etl_dag.py for tasks to queue
[2022-10-18 11:05:15,212] {logging_mixin.py:115} INFO - [2022-10-18 11:05:15,211] {dagbag.py:507} INFO - Filling up the DagBag from /home/ubuntu/airflow/airflow_env/lib/python3.8/site-packages/airflow/example_dags/tutorial_etl_dag.py
[2022-10-18 11:05:15,221] {processor.py:651} INFO - DAG(s) dict_keys(['tutorial_etl_dag']) retrieved from /home/ubuntu/airflow/airflow_env/lib/python3.8/site-packages/airflow/example_dags/tutorial_etl_dag.py
[2022-10-18 11:05:15,238] {logging_mixin.py:115} INFO - [2022-10-18 11:05:15,238] {dag.py:2379} INFO - Sync 1 DAGs
[2022-10-18 11:05:15,253] {logging_mixin.py:115} INFO - [2022-10-18 11:05:15,253] {dag.py:2927} INFO - Setting next_dagrun for tutorial_etl_dag to None, run_after=None
[2022-10-18 11:05:15,266] {processor.py:161} INFO - Processing /home/ubuntu/airflow/airflow_env/lib/python3.8/site-packages/airflow/example_dags/tutorial_etl_dag.py took 0.059 seconds
[2022-10-18 11:05:48,238] {processor.py:153} INFO - Started process (PID=267867) to work on /home/ubuntu/airflow/airflow_env/lib/python3.8/site-packages/airflow/example_dags/tutorial_etl_dag.py
[2022-10-18 11:05:48,239] {processor.py:641} INFO - Processing file /home/ubuntu/airflow/airflow_env/lib/python3.8/site-packages/airflow/example_dags/tutorial_etl_dag.py for tasks to queue
[2022-10-18 11:05:48,239] {logging_mixin.py:115} INFO - [2022-10-18 11:05:48,239] {dagbag.py:507} INFO - Filling up the DagBag from /home/ubuntu/airflow/airflow_env/lib/python3.8/site-packages/airflow/example_dags/tutorial_etl_dag.py
[2022-10-18 11:05:48,247] {processor.py:651} INFO - DAG(s) dict_keys(['tutorial_etl_dag']) retrieved from /home/ubuntu/airflow/airflow_env/lib/python3.8/site-packages/airflow/example_dags/tutorial_etl_dag.py
[2022-10-18 11:05:48,264] {logging_mixin.py:115} INFO - [2022-10-18 11:05:48,263] {dag.py:2379} INFO - Sync 1 DAGs
[2022-10-18 11:05:48,278] {logging_mixin.py:115} INFO - [2022-10-18 11:05:48,278] {dag.py:2927} INFO - Setting next_dagrun for tutorial_etl_dag to None, run_after=None
[2022-10-18 11:05:48,290] {processor.py:161} INFO - Processing /home/ubuntu/airflow/airflow_env/lib/python3.8/site-packages/airflow/example_dags/tutorial_etl_dag.py took 0.056 seconds
[2022-10-18 11:06:24,194] {processor.py:153} INFO - Started process (PID=267915) to work on /home/ubuntu/airflow/airflow_env/lib/python3.8/site-packages/airflow/example_dags/tutorial_etl_dag.py
[2022-10-18 11:06:24,195] {processor.py:641} INFO - Processing file /home/ubuntu/airflow/airflow_env/lib/python3.8/site-packages/airflow/example_dags/tutorial_etl_dag.py for tasks to queue
[2022-10-18 11:06:24,195] {logging_mixin.py:115} INFO - [2022-10-18 11:06:24,195] {dagbag.py:507} INFO - Filling up the DagBag from /home/ubuntu/airflow/airflow_env/lib/python3.8/site-packages/airflow/example_dags/tutorial_etl_dag.py
[2022-10-18 11:06:24,203] {processor.py:651} INFO - DAG(s) dict_keys(['tutorial_etl_dag']) retrieved from /home/ubuntu/airflow/airflow_env/lib/python3.8/site-packages/airflow/example_dags/tutorial_etl_dag.py
[2022-10-18 11:06:24,219] {logging_mixin.py:115} INFO - [2022-10-18 11:06:24,219] {dag.py:2379} INFO - Sync 1 DAGs
[2022-10-18 11:06:24,233] {logging_mixin.py:115} INFO - [2022-10-18 11:06:24,233] {dag.py:2927} INFO - Setting next_dagrun for tutorial_etl_dag to None, run_after=None
[2022-10-18 11:06:24,243] {processor.py:161} INFO - Processing /home/ubuntu/airflow/airflow_env/lib/python3.8/site-packages/airflow/example_dags/tutorial_etl_dag.py took 0.053 seconds
[2022-10-18 11:06:58,295] {processor.py:153} INFO - Started process (PID=267952) to work on /home/ubuntu/airflow/airflow_env/lib/python3.8/site-packages/airflow/example_dags/tutorial_etl_dag.py
[2022-10-18 11:06:58,296] {processor.py:641} INFO - Processing file /home/ubuntu/airflow/airflow_env/lib/python3.8/site-packages/airflow/example_dags/tutorial_etl_dag.py for tasks to queue
[2022-10-18 11:06:58,296] {logging_mixin.py:115} INFO - [2022-10-18 11:06:58,296] {dagbag.py:507} INFO - Filling up the DagBag from /home/ubuntu/airflow/airflow_env/lib/python3.8/site-packages/airflow/example_dags/tutorial_etl_dag.py
[2022-10-18 11:06:58,304] {processor.py:651} INFO - DAG(s) dict_keys(['tutorial_etl_dag']) retrieved from /home/ubuntu/airflow/airflow_env/lib/python3.8/site-packages/airflow/example_dags/tutorial_etl_dag.py
[2022-10-18 11:06:58,322] {logging_mixin.py:115} INFO - [2022-10-18 11:06:58,322] {dag.py:2379} INFO - Sync 1 DAGs
[2022-10-18 11:06:58,336] {logging_mixin.py:115} INFO - [2022-10-18 11:06:58,336] {dag.py:2927} INFO - Setting next_dagrun for tutorial_etl_dag to None, run_after=None
[2022-10-18 11:06:58,349] {processor.py:161} INFO - Processing /home/ubuntu/airflow/airflow_env/lib/python3.8/site-packages/airflow/example_dags/tutorial_etl_dag.py took 0.058 seconds
[2022-10-18 11:07:32,089] {processor.py:153} INFO - Started process (PID=268026) to work on /home/ubuntu/airflow/airflow_env/lib/python3.8/site-packages/airflow/example_dags/tutorial_etl_dag.py
[2022-10-18 11:07:32,090] {processor.py:641} INFO - Processing file /home/ubuntu/airflow/airflow_env/lib/python3.8/site-packages/airflow/example_dags/tutorial_etl_dag.py for tasks to queue
[2022-10-18 11:07:32,091] {logging_mixin.py:115} INFO - [2022-10-18 11:07:32,091] {dagbag.py:507} INFO - Filling up the DagBag from /home/ubuntu/airflow/airflow_env/lib/python3.8/site-packages/airflow/example_dags/tutorial_etl_dag.py
[2022-10-18 11:07:32,099] {processor.py:651} INFO - DAG(s) dict_keys(['tutorial_etl_dag']) retrieved from /home/ubuntu/airflow/airflow_env/lib/python3.8/site-packages/airflow/example_dags/tutorial_etl_dag.py
[2022-10-18 11:07:32,122] {logging_mixin.py:115} INFO - [2022-10-18 11:07:32,122] {dag.py:2379} INFO - Sync 1 DAGs
[2022-10-18 11:07:32,142] {logging_mixin.py:115} INFO - [2022-10-18 11:07:32,142] {dag.py:2927} INFO - Setting next_dagrun for tutorial_etl_dag to None, run_after=None
[2022-10-18 11:07:32,155] {processor.py:161} INFO - Processing /home/ubuntu/airflow/airflow_env/lib/python3.8/site-packages/airflow/example_dags/tutorial_etl_dag.py took 0.069 seconds
[2022-10-18 11:08:04,388] {processor.py:153} INFO - Started process (PID=268062) to work on /home/ubuntu/airflow/airflow_env/lib/python3.8/site-packages/airflow/example_dags/tutorial_etl_dag.py
[2022-10-18 11:08:04,390] {processor.py:641} INFO - Processing file /home/ubuntu/airflow/airflow_env/lib/python3.8/site-packages/airflow/example_dags/tutorial_etl_dag.py for tasks to queue
[2022-10-18 11:08:04,390] {logging_mixin.py:115} INFO - [2022-10-18 11:08:04,390] {dagbag.py:507} INFO - Filling up the DagBag from /home/ubuntu/airflow/airflow_env/lib/python3.8/site-packages/airflow/example_dags/tutorial_etl_dag.py
[2022-10-18 11:08:04,399] {processor.py:651} INFO - DAG(s) dict_keys(['tutorial_etl_dag']) retrieved from /home/ubuntu/airflow/airflow_env/lib/python3.8/site-packages/airflow/example_dags/tutorial_etl_dag.py
[2022-10-18 11:08:04,414] {logging_mixin.py:115} INFO - [2022-10-18 11:08:04,414] {dag.py:2379} INFO - Sync 1 DAGs
[2022-10-18 11:08:04,427] {logging_mixin.py:115} INFO - [2022-10-18 11:08:04,427] {dag.py:2927} INFO - Setting next_dagrun for tutorial_etl_dag to None, run_after=None
[2022-10-18 11:08:04,439] {processor.py:161} INFO - Processing /home/ubuntu/airflow/airflow_env/lib/python3.8/site-packages/airflow/example_dags/tutorial_etl_dag.py took 0.054 seconds
[2022-10-18 11:08:38,171] {processor.py:153} INFO - Started process (PID=268097) to work on /home/ubuntu/airflow/airflow_env/lib/python3.8/site-packages/airflow/example_dags/tutorial_etl_dag.py
[2022-10-18 11:08:38,171] {processor.py:641} INFO - Processing file /home/ubuntu/airflow/airflow_env/lib/python3.8/site-packages/airflow/example_dags/tutorial_etl_dag.py for tasks to queue
[2022-10-18 11:08:38,172] {logging_mixin.py:115} INFO - [2022-10-18 11:08:38,172] {dagbag.py:507} INFO - Filling up the DagBag from /home/ubuntu/airflow/airflow_env/lib/python3.8/site-packages/airflow/example_dags/tutorial_etl_dag.py
[2022-10-18 11:08:38,180] {processor.py:651} INFO - DAG(s) dict_keys(['tutorial_etl_dag']) retrieved from /home/ubuntu/airflow/airflow_env/lib/python3.8/site-packages/airflow/example_dags/tutorial_etl_dag.py
[2022-10-18 11:08:38,197] {logging_mixin.py:115} INFO - [2022-10-18 11:08:38,197] {dag.py:2379} INFO - Sync 1 DAGs
[2022-10-18 11:08:38,211] {logging_mixin.py:115} INFO - [2022-10-18 11:08:38,211] {dag.py:2927} INFO - Setting next_dagrun for tutorial_etl_dag to None, run_after=None
[2022-10-18 11:08:38,222] {processor.py:161} INFO - Processing /home/ubuntu/airflow/airflow_env/lib/python3.8/site-packages/airflow/example_dags/tutorial_etl_dag.py took 0.054 seconds
[2022-10-18 11:09:11,526] {processor.py:153} INFO - Started process (PID=268136) to work on /home/ubuntu/airflow/airflow_env/lib/python3.8/site-packages/airflow/example_dags/tutorial_etl_dag.py
[2022-10-18 11:09:11,527] {processor.py:641} INFO - Processing file /home/ubuntu/airflow/airflow_env/lib/python3.8/site-packages/airflow/example_dags/tutorial_etl_dag.py for tasks to queue
[2022-10-18 11:09:11,527] {logging_mixin.py:115} INFO - [2022-10-18 11:09:11,527] {dagbag.py:507} INFO - Filling up the DagBag from /home/ubuntu/airflow/airflow_env/lib/python3.8/site-packages/airflow/example_dags/tutorial_etl_dag.py
[2022-10-18 11:09:11,537] {processor.py:651} INFO - DAG(s) dict_keys(['tutorial_etl_dag']) retrieved from /home/ubuntu/airflow/airflow_env/lib/python3.8/site-packages/airflow/example_dags/tutorial_etl_dag.py
[2022-10-18 11:09:11,555] {logging_mixin.py:115} INFO - [2022-10-18 11:09:11,555] {dag.py:2379} INFO - Sync 1 DAGs
[2022-10-18 11:09:11,570] {logging_mixin.py:115} INFO - [2022-10-18 11:09:11,570] {dag.py:2927} INFO - Setting next_dagrun for tutorial_etl_dag to None, run_after=None
[2022-10-18 11:09:11,582] {processor.py:161} INFO - Processing /home/ubuntu/airflow/airflow_env/lib/python3.8/site-packages/airflow/example_dags/tutorial_etl_dag.py took 0.059 seconds
[2022-10-18 11:09:44,645] {processor.py:153} INFO - Started process (PID=268170) to work on /home/ubuntu/airflow/airflow_env/lib/python3.8/site-packages/airflow/example_dags/tutorial_etl_dag.py
[2022-10-18 11:09:44,646] {processor.py:641} INFO - Processing file /home/ubuntu/airflow/airflow_env/lib/python3.8/site-packages/airflow/example_dags/tutorial_etl_dag.py for tasks to queue
[2022-10-18 11:09:44,646] {logging_mixin.py:115} INFO - [2022-10-18 11:09:44,646] {dagbag.py:507} INFO - Filling up the DagBag from /home/ubuntu/airflow/airflow_env/lib/python3.8/site-packages/airflow/example_dags/tutorial_etl_dag.py
[2022-10-18 11:09:44,655] {processor.py:651} INFO - DAG(s) dict_keys(['tutorial_etl_dag']) retrieved from /home/ubuntu/airflow/airflow_env/lib/python3.8/site-packages/airflow/example_dags/tutorial_etl_dag.py
[2022-10-18 11:09:44,671] {logging_mixin.py:115} INFO - [2022-10-18 11:09:44,671] {dag.py:2379} INFO - Sync 1 DAGs
[2022-10-18 11:09:44,684] {logging_mixin.py:115} INFO - [2022-10-18 11:09:44,684] {dag.py:2927} INFO - Setting next_dagrun for tutorial_etl_dag to None, run_after=None
[2022-10-18 11:09:44,698] {processor.py:161} INFO - Processing /home/ubuntu/airflow/airflow_env/lib/python3.8/site-packages/airflow/example_dags/tutorial_etl_dag.py took 0.057 seconds
[2022-10-18 11:10:19,910] {processor.py:153} INFO - Started process (PID=268207) to work on /home/ubuntu/airflow/airflow_env/lib/python3.8/site-packages/airflow/example_dags/tutorial_etl_dag.py
[2022-10-18 11:10:19,911] {processor.py:641} INFO - Processing file /home/ubuntu/airflow/airflow_env/lib/python3.8/site-packages/airflow/example_dags/tutorial_etl_dag.py for tasks to queue
[2022-10-18 11:10:19,912] {logging_mixin.py:115} INFO - [2022-10-18 11:10:19,912] {dagbag.py:507} INFO - Filling up the DagBag from /home/ubuntu/airflow/airflow_env/lib/python3.8/site-packages/airflow/example_dags/tutorial_etl_dag.py
[2022-10-18 11:10:19,921] {processor.py:651} INFO - DAG(s) dict_keys(['tutorial_etl_dag']) retrieved from /home/ubuntu/airflow/airflow_env/lib/python3.8/site-packages/airflow/example_dags/tutorial_etl_dag.py
[2022-10-18 11:10:19,938] {logging_mixin.py:115} INFO - [2022-10-18 11:10:19,938] {dag.py:2379} INFO - Sync 1 DAGs
[2022-10-18 11:10:19,952] {logging_mixin.py:115} INFO - [2022-10-18 11:10:19,952] {dag.py:2927} INFO - Setting next_dagrun for tutorial_etl_dag to None, run_after=None
[2022-10-18 11:10:19,967] {processor.py:161} INFO - Processing /home/ubuntu/airflow/airflow_env/lib/python3.8/site-packages/airflow/example_dags/tutorial_etl_dag.py took 0.061 seconds
[2022-10-18 11:10:54,323] {processor.py:153} INFO - Started process (PID=268247) to work on /home/ubuntu/airflow/airflow_env/lib/python3.8/site-packages/airflow/example_dags/tutorial_etl_dag.py
[2022-10-18 11:10:54,324] {processor.py:641} INFO - Processing file /home/ubuntu/airflow/airflow_env/lib/python3.8/site-packages/airflow/example_dags/tutorial_etl_dag.py for tasks to queue
[2022-10-18 11:10:54,324] {logging_mixin.py:115} INFO - [2022-10-18 11:10:54,324] {dagbag.py:507} INFO - Filling up the DagBag from /home/ubuntu/airflow/airflow_env/lib/python3.8/site-packages/airflow/example_dags/tutorial_etl_dag.py
[2022-10-18 11:10:54,332] {processor.py:651} INFO - DAG(s) dict_keys(['tutorial_etl_dag']) retrieved from /home/ubuntu/airflow/airflow_env/lib/python3.8/site-packages/airflow/example_dags/tutorial_etl_dag.py
[2022-10-18 11:10:54,348] {logging_mixin.py:115} INFO - [2022-10-18 11:10:54,347] {dag.py:2379} INFO - Sync 1 DAGs
[2022-10-18 11:10:54,362] {logging_mixin.py:115} INFO - [2022-10-18 11:10:54,362] {dag.py:2927} INFO - Setting next_dagrun for tutorial_etl_dag to None, run_after=None
[2022-10-18 11:10:54,374] {processor.py:161} INFO - Processing /home/ubuntu/airflow/airflow_env/lib/python3.8/site-packages/airflow/example_dags/tutorial_etl_dag.py took 0.054 seconds
[2022-10-18 11:11:28,684] {processor.py:153} INFO - Started process (PID=268293) to work on /home/ubuntu/airflow/airflow_env/lib/python3.8/site-packages/airflow/example_dags/tutorial_etl_dag.py
[2022-10-18 11:11:28,685] {processor.py:641} INFO - Processing file /home/ubuntu/airflow/airflow_env/lib/python3.8/site-packages/airflow/example_dags/tutorial_etl_dag.py for tasks to queue
[2022-10-18 11:11:28,685] {logging_mixin.py:115} INFO - [2022-10-18 11:11:28,685] {dagbag.py:507} INFO - Filling up the DagBag from /home/ubuntu/airflow/airflow_env/lib/python3.8/site-packages/airflow/example_dags/tutorial_etl_dag.py
[2022-10-18 11:11:28,693] {processor.py:651} INFO - DAG(s) dict_keys(['tutorial_etl_dag']) retrieved from /home/ubuntu/airflow/airflow_env/lib/python3.8/site-packages/airflow/example_dags/tutorial_etl_dag.py
[2022-10-18 11:11:28,710] {logging_mixin.py:115} INFO - [2022-10-18 11:11:28,710] {dag.py:2379} INFO - Sync 1 DAGs
[2022-10-18 11:11:28,724] {logging_mixin.py:115} INFO - [2022-10-18 11:11:28,723] {dag.py:2927} INFO - Setting next_dagrun for tutorial_etl_dag to None, run_after=None
[2022-10-18 11:11:28,736] {processor.py:161} INFO - Processing /home/ubuntu/airflow/airflow_env/lib/python3.8/site-packages/airflow/example_dags/tutorial_etl_dag.py took 0.057 seconds
[2022-10-18 11:12:03,395] {processor.py:153} INFO - Started process (PID=268330) to work on /home/ubuntu/airflow/airflow_env/lib/python3.8/site-packages/airflow/example_dags/tutorial_etl_dag.py
[2022-10-18 11:12:03,396] {processor.py:641} INFO - Processing file /home/ubuntu/airflow/airflow_env/lib/python3.8/site-packages/airflow/example_dags/tutorial_etl_dag.py for tasks to queue
[2022-10-18 11:12:03,396] {logging_mixin.py:115} INFO - [2022-10-18 11:12:03,396] {dagbag.py:507} INFO - Filling up the DagBag from /home/ubuntu/airflow/airflow_env/lib/python3.8/site-packages/airflow/example_dags/tutorial_etl_dag.py
[2022-10-18 11:12:03,404] {processor.py:651} INFO - DAG(s) dict_keys(['tutorial_etl_dag']) retrieved from /home/ubuntu/airflow/airflow_env/lib/python3.8/site-packages/airflow/example_dags/tutorial_etl_dag.py
[2022-10-18 11:12:03,419] {logging_mixin.py:115} INFO - [2022-10-18 11:12:03,419] {dag.py:2379} INFO - Sync 1 DAGs
[2022-10-18 11:12:03,434] {logging_mixin.py:115} INFO - [2022-10-18 11:12:03,433] {dag.py:2927} INFO - Setting next_dagrun for tutorial_etl_dag to None, run_after=None
[2022-10-18 11:12:03,445] {processor.py:161} INFO - Processing /home/ubuntu/airflow/airflow_env/lib/python3.8/site-packages/airflow/example_dags/tutorial_etl_dag.py took 0.054 seconds
[2022-10-18 11:12:36,864] {processor.py:153} INFO - Started process (PID=268395) to work on /home/ubuntu/airflow/airflow_env/lib/python3.8/site-packages/airflow/example_dags/tutorial_etl_dag.py
[2022-10-18 11:12:36,865] {processor.py:641} INFO - Processing file /home/ubuntu/airflow/airflow_env/lib/python3.8/site-packages/airflow/example_dags/tutorial_etl_dag.py for tasks to queue
[2022-10-18 11:12:36,866] {logging_mixin.py:115} INFO - [2022-10-18 11:12:36,866] {dagbag.py:507} INFO - Filling up the DagBag from /home/ubuntu/airflow/airflow_env/lib/python3.8/site-packages/airflow/example_dags/tutorial_etl_dag.py
[2022-10-18 11:12:36,874] {processor.py:651} INFO - DAG(s) dict_keys(['tutorial_etl_dag']) retrieved from /home/ubuntu/airflow/airflow_env/lib/python3.8/site-packages/airflow/example_dags/tutorial_etl_dag.py
[2022-10-18 11:12:36,890] {logging_mixin.py:115} INFO - [2022-10-18 11:12:36,890] {dag.py:2379} INFO - Sync 1 DAGs
[2022-10-18 11:12:36,903] {logging_mixin.py:115} INFO - [2022-10-18 11:12:36,903] {dag.py:2927} INFO - Setting next_dagrun for tutorial_etl_dag to None, run_after=None
[2022-10-18 11:12:36,915] {processor.py:161} INFO - Processing /home/ubuntu/airflow/airflow_env/lib/python3.8/site-packages/airflow/example_dags/tutorial_etl_dag.py took 0.054 seconds
[2022-10-18 11:13:12,066] {processor.py:153} INFO - Started process (PID=268435) to work on /home/ubuntu/airflow/airflow_env/lib/python3.8/site-packages/airflow/example_dags/tutorial_etl_dag.py
[2022-10-18 11:13:12,067] {processor.py:641} INFO - Processing file /home/ubuntu/airflow/airflow_env/lib/python3.8/site-packages/airflow/example_dags/tutorial_etl_dag.py for tasks to queue
[2022-10-18 11:13:12,067] {logging_mixin.py:115} INFO - [2022-10-18 11:13:12,067] {dagbag.py:507} INFO - Filling up the DagBag from /home/ubuntu/airflow/airflow_env/lib/python3.8/site-packages/airflow/example_dags/tutorial_etl_dag.py
[2022-10-18 11:13:12,075] {processor.py:651} INFO - DAG(s) dict_keys(['tutorial_etl_dag']) retrieved from /home/ubuntu/airflow/airflow_env/lib/python3.8/site-packages/airflow/example_dags/tutorial_etl_dag.py
[2022-10-18 11:13:12,091] {logging_mixin.py:115} INFO - [2022-10-18 11:13:12,091] {dag.py:2379} INFO - Sync 1 DAGs
[2022-10-18 11:13:12,106] {logging_mixin.py:115} INFO - [2022-10-18 11:13:12,105] {dag.py:2927} INFO - Setting next_dagrun for tutorial_etl_dag to None, run_after=None
[2022-10-18 11:13:12,116] {processor.py:161} INFO - Processing /home/ubuntu/airflow/airflow_env/lib/python3.8/site-packages/airflow/example_dags/tutorial_etl_dag.py took 0.054 seconds
[2022-10-18 11:13:47,679] {processor.py:153} INFO - Started process (PID=268469) to work on /home/ubuntu/airflow/airflow_env/lib/python3.8/site-packages/airflow/example_dags/tutorial_etl_dag.py
[2022-10-18 11:13:47,680] {processor.py:641} INFO - Processing file /home/ubuntu/airflow/airflow_env/lib/python3.8/site-packages/airflow/example_dags/tutorial_etl_dag.py for tasks to queue
[2022-10-18 11:13:47,680] {logging_mixin.py:115} INFO - [2022-10-18 11:13:47,680] {dagbag.py:507} INFO - Filling up the DagBag from /home/ubuntu/airflow/airflow_env/lib/python3.8/site-packages/airflow/example_dags/tutorial_etl_dag.py
[2022-10-18 11:13:47,692] {processor.py:651} INFO - DAG(s) dict_keys(['tutorial_etl_dag']) retrieved from /home/ubuntu/airflow/airflow_env/lib/python3.8/site-packages/airflow/example_dags/tutorial_etl_dag.py
[2022-10-18 11:13:47,716] {logging_mixin.py:115} INFO - [2022-10-18 11:13:47,716] {dag.py:2379} INFO - Sync 1 DAGs
[2022-10-18 11:13:47,740] {logging_mixin.py:115} INFO - [2022-10-18 11:13:47,739] {dag.py:2927} INFO - Setting next_dagrun for tutorial_etl_dag to None, run_after=None
[2022-10-18 11:13:47,756] {processor.py:161} INFO - Processing /home/ubuntu/airflow/airflow_env/lib/python3.8/site-packages/airflow/example_dags/tutorial_etl_dag.py took 0.083 seconds
[2022-10-18 11:14:22,934] {processor.py:153} INFO - Started process (PID=268510) to work on /home/ubuntu/airflow/airflow_env/lib/python3.8/site-packages/airflow/example_dags/tutorial_etl_dag.py
[2022-10-18 11:14:22,935] {processor.py:641} INFO - Processing file /home/ubuntu/airflow/airflow_env/lib/python3.8/site-packages/airflow/example_dags/tutorial_etl_dag.py for tasks to queue
[2022-10-18 11:14:22,935] {logging_mixin.py:115} INFO - [2022-10-18 11:14:22,935] {dagbag.py:507} INFO - Filling up the DagBag from /home/ubuntu/airflow/airflow_env/lib/python3.8/site-packages/airflow/example_dags/tutorial_etl_dag.py
[2022-10-18 11:14:22,944] {processor.py:651} INFO - DAG(s) dict_keys(['tutorial_etl_dag']) retrieved from /home/ubuntu/airflow/airflow_env/lib/python3.8/site-packages/airflow/example_dags/tutorial_etl_dag.py
[2022-10-18 11:14:22,965] {logging_mixin.py:115} INFO - [2022-10-18 11:14:22,965] {dag.py:2379} INFO - Sync 1 DAGs
[2022-10-18 11:14:22,982] {logging_mixin.py:115} INFO - [2022-10-18 11:14:22,982] {dag.py:2927} INFO - Setting next_dagrun for tutorial_etl_dag to None, run_after=None
[2022-10-18 11:14:22,997] {processor.py:161} INFO - Processing /home/ubuntu/airflow/airflow_env/lib/python3.8/site-packages/airflow/example_dags/tutorial_etl_dag.py took 0.067 seconds
[2022-10-18 11:14:57,661] {processor.py:153} INFO - Started process (PID=268548) to work on /home/ubuntu/airflow/airflow_env/lib/python3.8/site-packages/airflow/example_dags/tutorial_etl_dag.py
[2022-10-18 11:14:57,662] {processor.py:641} INFO - Processing file /home/ubuntu/airflow/airflow_env/lib/python3.8/site-packages/airflow/example_dags/tutorial_etl_dag.py for tasks to queue
[2022-10-18 11:14:57,663] {logging_mixin.py:115} INFO - [2022-10-18 11:14:57,663] {dagbag.py:507} INFO - Filling up the DagBag from /home/ubuntu/airflow/airflow_env/lib/python3.8/site-packages/airflow/example_dags/tutorial_etl_dag.py
[2022-10-18 11:14:57,671] {processor.py:651} INFO - DAG(s) dict_keys(['tutorial_etl_dag']) retrieved from /home/ubuntu/airflow/airflow_env/lib/python3.8/site-packages/airflow/example_dags/tutorial_etl_dag.py
[2022-10-18 11:14:57,692] {logging_mixin.py:115} INFO - [2022-10-18 11:14:57,692] {dag.py:2379} INFO - Sync 1 DAGs
[2022-10-18 11:14:57,710] {logging_mixin.py:115} INFO - [2022-10-18 11:14:57,710] {dag.py:2927} INFO - Setting next_dagrun for tutorial_etl_dag to None, run_after=None
[2022-10-18 11:14:57,723] {processor.py:161} INFO - Processing /home/ubuntu/airflow/airflow_env/lib/python3.8/site-packages/airflow/example_dags/tutorial_etl_dag.py took 0.065 seconds
[2022-10-18 11:15:31,694] {processor.py:153} INFO - Started process (PID=268585) to work on /home/ubuntu/airflow/airflow_env/lib/python3.8/site-packages/airflow/example_dags/tutorial_etl_dag.py
[2022-10-18 11:15:31,695] {processor.py:641} INFO - Processing file /home/ubuntu/airflow/airflow_env/lib/python3.8/site-packages/airflow/example_dags/tutorial_etl_dag.py for tasks to queue
[2022-10-18 11:15:31,695] {logging_mixin.py:115} INFO - [2022-10-18 11:15:31,695] {dagbag.py:507} INFO - Filling up the DagBag from /home/ubuntu/airflow/airflow_env/lib/python3.8/site-packages/airflow/example_dags/tutorial_etl_dag.py
[2022-10-18 11:15:31,703] {processor.py:651} INFO - DAG(s) dict_keys(['tutorial_etl_dag']) retrieved from /home/ubuntu/airflow/airflow_env/lib/python3.8/site-packages/airflow/example_dags/tutorial_etl_dag.py
[2022-10-18 11:15:31,719] {logging_mixin.py:115} INFO - [2022-10-18 11:15:31,719] {dag.py:2379} INFO - Sync 1 DAGs
[2022-10-18 11:15:31,734] {logging_mixin.py:115} INFO - [2022-10-18 11:15:31,734] {dag.py:2927} INFO - Setting next_dagrun for tutorial_etl_dag to None, run_after=None
[2022-10-18 11:15:31,745] {processor.py:161} INFO - Processing /home/ubuntu/airflow/airflow_env/lib/python3.8/site-packages/airflow/example_dags/tutorial_etl_dag.py took 0.055 seconds
[2022-10-18 11:16:05,616] {processor.py:153} INFO - Started process (PID=268625) to work on /home/ubuntu/airflow/airflow_env/lib/python3.8/site-packages/airflow/example_dags/tutorial_etl_dag.py
[2022-10-18 11:16:05,617] {processor.py:641} INFO - Processing file /home/ubuntu/airflow/airflow_env/lib/python3.8/site-packages/airflow/example_dags/tutorial_etl_dag.py for tasks to queue
[2022-10-18 11:16:05,618] {logging_mixin.py:115} INFO - [2022-10-18 11:16:05,618] {dagbag.py:507} INFO - Filling up the DagBag from /home/ubuntu/airflow/airflow_env/lib/python3.8/site-packages/airflow/example_dags/tutorial_etl_dag.py
[2022-10-18 11:16:05,631] {processor.py:651} INFO - DAG(s) dict_keys(['tutorial_etl_dag']) retrieved from /home/ubuntu/airflow/airflow_env/lib/python3.8/site-packages/airflow/example_dags/tutorial_etl_dag.py
[2022-10-18 11:16:05,658] {logging_mixin.py:115} INFO - [2022-10-18 11:16:05,657] {dag.py:2379} INFO - Sync 1 DAGs
[2022-10-18 11:16:05,676] {logging_mixin.py:115} INFO - [2022-10-18 11:16:05,676] {dag.py:2927} INFO - Setting next_dagrun for tutorial_etl_dag to None, run_after=None
[2022-10-18 11:16:05,690] {processor.py:161} INFO - Processing /home/ubuntu/airflow/airflow_env/lib/python3.8/site-packages/airflow/example_dags/tutorial_etl_dag.py took 0.078 seconds
[2022-10-18 11:16:40,127] {processor.py:153} INFO - Started process (PID=268667) to work on /home/ubuntu/airflow/airflow_env/lib/python3.8/site-packages/airflow/example_dags/tutorial_etl_dag.py
[2022-10-18 11:16:40,129] {processor.py:641} INFO - Processing file /home/ubuntu/airflow/airflow_env/lib/python3.8/site-packages/airflow/example_dags/tutorial_etl_dag.py for tasks to queue
[2022-10-18 11:16:40,130] {logging_mixin.py:115} INFO - [2022-10-18 11:16:40,129] {dagbag.py:507} INFO - Filling up the DagBag from /home/ubuntu/airflow/airflow_env/lib/python3.8/site-packages/airflow/example_dags/tutorial_etl_dag.py
[2022-10-18 11:16:40,139] {processor.py:651} INFO - DAG(s) dict_keys(['tutorial_etl_dag']) retrieved from /home/ubuntu/airflow/airflow_env/lib/python3.8/site-packages/airflow/example_dags/tutorial_etl_dag.py
[2022-10-18 11:16:40,160] {logging_mixin.py:115} INFO - [2022-10-18 11:16:40,160] {dag.py:2379} INFO - Sync 1 DAGs
[2022-10-18 11:16:40,180] {logging_mixin.py:115} INFO - [2022-10-18 11:16:40,179] {dag.py:2927} INFO - Setting next_dagrun for tutorial_etl_dag to None, run_after=None
[2022-10-18 11:16:40,194] {processor.py:161} INFO - Processing /home/ubuntu/airflow/airflow_env/lib/python3.8/site-packages/airflow/example_dags/tutorial_etl_dag.py took 0.072 seconds
[2022-10-18 11:17:16,557] {processor.py:153} INFO - Started process (PID=268709) to work on /home/ubuntu/airflow/airflow_env/lib/python3.8/site-packages/airflow/example_dags/tutorial_etl_dag.py
[2022-10-18 11:17:16,558] {processor.py:641} INFO - Processing file /home/ubuntu/airflow/airflow_env/lib/python3.8/site-packages/airflow/example_dags/tutorial_etl_dag.py for tasks to queue
[2022-10-18 11:17:16,559] {logging_mixin.py:115} INFO - [2022-10-18 11:17:16,559] {dagbag.py:507} INFO - Filling up the DagBag from /home/ubuntu/airflow/airflow_env/lib/python3.8/site-packages/airflow/example_dags/tutorial_etl_dag.py
[2022-10-18 11:17:16,568] {processor.py:651} INFO - DAG(s) dict_keys(['tutorial_etl_dag']) retrieved from /home/ubuntu/airflow/airflow_env/lib/python3.8/site-packages/airflow/example_dags/tutorial_etl_dag.py
[2022-10-18 11:17:16,589] {logging_mixin.py:115} INFO - [2022-10-18 11:17:16,589] {dag.py:2379} INFO - Sync 1 DAGs
[2022-10-18 11:17:16,615] {logging_mixin.py:115} INFO - [2022-10-18 11:17:16,615] {dag.py:2927} INFO - Setting next_dagrun for tutorial_etl_dag to None, run_after=None
[2022-10-18 11:17:16,636] {processor.py:161} INFO - Processing /home/ubuntu/airflow/airflow_env/lib/python3.8/site-packages/airflow/example_dags/tutorial_etl_dag.py took 0.083 seconds
[2022-10-18 11:17:50,394] {processor.py:153} INFO - Started process (PID=268791) to work on /home/ubuntu/airflow/airflow_env/lib/python3.8/site-packages/airflow/example_dags/tutorial_etl_dag.py
[2022-10-18 11:17:50,395] {processor.py:641} INFO - Processing file /home/ubuntu/airflow/airflow_env/lib/python3.8/site-packages/airflow/example_dags/tutorial_etl_dag.py for tasks to queue
[2022-10-18 11:17:50,395] {logging_mixin.py:115} INFO - [2022-10-18 11:17:50,395] {dagbag.py:507} INFO - Filling up the DagBag from /home/ubuntu/airflow/airflow_env/lib/python3.8/site-packages/airflow/example_dags/tutorial_etl_dag.py
[2022-10-18 11:17:50,404] {processor.py:651} INFO - DAG(s) dict_keys(['tutorial_etl_dag']) retrieved from /home/ubuntu/airflow/airflow_env/lib/python3.8/site-packages/airflow/example_dags/tutorial_etl_dag.py
[2022-10-18 11:17:50,420] {logging_mixin.py:115} INFO - [2022-10-18 11:17:50,420] {dag.py:2379} INFO - Sync 1 DAGs
[2022-10-18 11:17:50,434] {logging_mixin.py:115} INFO - [2022-10-18 11:17:50,434] {dag.py:2927} INFO - Setting next_dagrun for tutorial_etl_dag to None, run_after=None
[2022-10-18 11:17:50,448] {processor.py:161} INFO - Processing /home/ubuntu/airflow/airflow_env/lib/python3.8/site-packages/airflow/example_dags/tutorial_etl_dag.py took 0.057 seconds
[2022-10-18 11:18:25,099] {processor.py:153} INFO - Started process (PID=268859) to work on /home/ubuntu/airflow/airflow_env/lib/python3.8/site-packages/airflow/example_dags/tutorial_etl_dag.py
[2022-10-18 11:18:25,104] {processor.py:641} INFO - Processing file /home/ubuntu/airflow/airflow_env/lib/python3.8/site-packages/airflow/example_dags/tutorial_etl_dag.py for tasks to queue
[2022-10-18 11:18:25,108] {logging_mixin.py:115} INFO - [2022-10-18 11:18:25,106] {dagbag.py:507} INFO - Filling up the DagBag from /home/ubuntu/airflow/airflow_env/lib/python3.8/site-packages/airflow/example_dags/tutorial_etl_dag.py
[2022-10-18 11:18:25,149] {processor.py:651} INFO - DAG(s) dict_keys(['tutorial_etl_dag']) retrieved from /home/ubuntu/airflow/airflow_env/lib/python3.8/site-packages/airflow/example_dags/tutorial_etl_dag.py
[2022-10-18 11:18:25,222] {logging_mixin.py:115} INFO - [2022-10-18 11:18:25,221] {dag.py:2379} INFO - Sync 1 DAGs
[2022-10-18 11:18:25,293] {logging_mixin.py:115} INFO - [2022-10-18 11:18:25,292] {dag.py:2927} INFO - Setting next_dagrun for tutorial_etl_dag to None, run_after=None
[2022-10-18 11:18:25,326] {processor.py:161} INFO - Processing /home/ubuntu/airflow/airflow_env/lib/python3.8/site-packages/airflow/example_dags/tutorial_etl_dag.py took 0.236 seconds
[2022-10-18 11:19:02,572] {processor.py:153} INFO - Started process (PID=269040) to work on /home/ubuntu/airflow/airflow_env/lib/python3.8/site-packages/airflow/example_dags/tutorial_etl_dag.py
[2022-10-18 11:19:02,574] {processor.py:641} INFO - Processing file /home/ubuntu/airflow/airflow_env/lib/python3.8/site-packages/airflow/example_dags/tutorial_etl_dag.py for tasks to queue
[2022-10-18 11:19:02,574] {logging_mixin.py:115} INFO - [2022-10-18 11:19:02,574] {dagbag.py:507} INFO - Filling up the DagBag from /home/ubuntu/airflow/airflow_env/lib/python3.8/site-packages/airflow/example_dags/tutorial_etl_dag.py
[2022-10-18 11:19:02,588] {processor.py:651} INFO - DAG(s) dict_keys(['tutorial_etl_dag']) retrieved from /home/ubuntu/airflow/airflow_env/lib/python3.8/site-packages/airflow/example_dags/tutorial_etl_dag.py
[2022-10-18 11:19:02,624] {logging_mixin.py:115} INFO - [2022-10-18 11:19:02,624] {dag.py:2379} INFO - Sync 1 DAGs
[2022-10-18 11:19:02,681] {logging_mixin.py:115} INFO - [2022-10-18 11:19:02,681] {dag.py:2927} INFO - Setting next_dagrun for tutorial_etl_dag to None, run_after=None
[2022-10-18 11:19:02,715] {processor.py:161} INFO - Processing /home/ubuntu/airflow/airflow_env/lib/python3.8/site-packages/airflow/example_dags/tutorial_etl_dag.py took 0.148 seconds
[2022-10-18 11:21:42,208] {processor.py:153} INFO - Started process (PID=270408) to work on /home/ubuntu/airflow/airflow_env/lib/python3.8/site-packages/airflow/example_dags/tutorial_etl_dag.py
[2022-10-18 11:21:42,209] {processor.py:641} INFO - Processing file /home/ubuntu/airflow/airflow_env/lib/python3.8/site-packages/airflow/example_dags/tutorial_etl_dag.py for tasks to queue
[2022-10-18 11:21:42,209] {logging_mixin.py:115} INFO - [2022-10-18 11:21:42,209] {dagbag.py:507} INFO - Filling up the DagBag from /home/ubuntu/airflow/airflow_env/lib/python3.8/site-packages/airflow/example_dags/tutorial_etl_dag.py
[2022-10-18 11:21:42,217] {processor.py:651} INFO - DAG(s) dict_keys(['tutorial_etl_dag']) retrieved from /home/ubuntu/airflow/airflow_env/lib/python3.8/site-packages/airflow/example_dags/tutorial_etl_dag.py
[2022-10-18 11:21:42,236] {logging_mixin.py:115} INFO - [2022-10-18 11:21:42,236] {dag.py:2379} INFO - Sync 1 DAGs
[2022-10-18 11:21:42,249] {logging_mixin.py:115} INFO - [2022-10-18 11:21:42,249] {dag.py:2927} INFO - Setting next_dagrun for tutorial_etl_dag to None, run_after=None
[2022-10-18 11:21:42,264] {processor.py:161} INFO - Processing /home/ubuntu/airflow/airflow_env/lib/python3.8/site-packages/airflow/example_dags/tutorial_etl_dag.py took 0.060 seconds
[2022-10-18 11:22:15,354] {processor.py:153} INFO - Started process (PID=270507) to work on /home/ubuntu/airflow/airflow_env/lib/python3.8/site-packages/airflow/example_dags/tutorial_etl_dag.py
[2022-10-18 11:22:15,355] {processor.py:641} INFO - Processing file /home/ubuntu/airflow/airflow_env/lib/python3.8/site-packages/airflow/example_dags/tutorial_etl_dag.py for tasks to queue
[2022-10-18 11:22:15,356] {logging_mixin.py:115} INFO - [2022-10-18 11:22:15,356] {dagbag.py:507} INFO - Filling up the DagBag from /home/ubuntu/airflow/airflow_env/lib/python3.8/site-packages/airflow/example_dags/tutorial_etl_dag.py
[2022-10-18 11:22:15,365] {processor.py:651} INFO - DAG(s) dict_keys(['tutorial_etl_dag']) retrieved from /home/ubuntu/airflow/airflow_env/lib/python3.8/site-packages/airflow/example_dags/tutorial_etl_dag.py
[2022-10-18 11:22:15,385] {logging_mixin.py:115} INFO - [2022-10-18 11:22:15,385] {dag.py:2379} INFO - Sync 1 DAGs
[2022-10-18 11:22:15,399] {logging_mixin.py:115} INFO - [2022-10-18 11:22:15,399] {dag.py:2927} INFO - Setting next_dagrun for tutorial_etl_dag to None, run_after=None
[2022-10-18 11:22:15,411] {processor.py:161} INFO - Processing /home/ubuntu/airflow/airflow_env/lib/python3.8/site-packages/airflow/example_dags/tutorial_etl_dag.py took 0.063 seconds
