[2022-10-13 14:24:01,508] {taskinstance.py:1159} INFO - Dependencies all met for <TaskInstance: dbt_dag_bash.dbt_docs manual__2022-10-13T21:22:59.806022+00:00 [queued]>
[2022-10-13 14:24:01,518] {taskinstance.py:1159} INFO - Dependencies all met for <TaskInstance: dbt_dag_bash.dbt_docs manual__2022-10-13T21:22:59.806022+00:00 [queued]>
[2022-10-13 14:24:01,518] {taskinstance.py:1356} INFO - 
--------------------------------------------------------------------------------
[2022-10-13 14:24:01,518] {taskinstance.py:1357} INFO - Starting attempt 1 of 1
[2022-10-13 14:24:01,518] {taskinstance.py:1358} INFO - 
--------------------------------------------------------------------------------
[2022-10-13 14:24:01,544] {taskinstance.py:1377} INFO - Executing <Task(BashOperator): dbt_docs> on 2022-10-13 21:22:59.806022+00:00
[2022-10-13 14:24:01,556] {standard_task_runner.py:52} INFO - Started process 251227 to run task
[2022-10-13 14:24:01,570] {standard_task_runner.py:79} INFO - Running: ['airflow', 'tasks', 'run', 'dbt_dag_bash', 'dbt_docs', 'manual__2022-10-13T21:22:59.806022+00:00', '--job-id', '93', '--raw', '--subdir', 'DAGS_FOLDER/dbt_bashOperator.py', '--cfg-path', '/tmp/tmpknp8wbw2', '--error-file', '/tmp/tmp402vt141']
[2022-10-13 14:24:01,571] {standard_task_runner.py:80} INFO - Job 93: Subtask dbt_docs
[2022-10-13 14:24:01,716] {task_command.py:370} INFO - Running <TaskInstance: dbt_dag_bash.dbt_docs manual__2022-10-13T21:22:59.806022+00:00 [running]> on host ubuntu
[2022-10-13 14:24:01,809] {taskinstance.py:1569} INFO - Exporting the following env vars:
AIRFLOW_CTX_DAG_OWNER=airflow
AIRFLOW_CTX_DAG_ID=dbt_dag_bash
AIRFLOW_CTX_TASK_ID=dbt_docs
AIRFLOW_CTX_EXECUTION_DATE=2022-10-13T21:22:59.806022+00:00
AIRFLOW_CTX_TRY_NUMBER=1
AIRFLOW_CTX_DAG_RUN_ID=manual__2022-10-13T21:22:59.806022+00:00
[2022-10-13 14:24:01,811] {subprocess.py:62} INFO - Tmp dir root location: 
 /tmp
[2022-10-13 14:24:01,811] {subprocess.py:74} INFO - Running command: ['bash', '-c', 'cd /home/ubuntu/airflow/dbt_project/ && dbt docs']
[2022-10-13 14:24:01,825] {subprocess.py:85} INFO - Output:
[2022-10-13 14:24:07,480] {subprocess.py:92} INFO - usage: dbt [-h] [--version] [-r RECORD_TIMING_INFO] [-d]
[2022-10-13 14:24:07,480] {subprocess.py:92} INFO -            [--log-format {text,json,default}] [--no-write-json]
[2022-10-13 14:24:07,481] {subprocess.py:92} INFO -            [--use-colors | --no-use-colors] [--printer-width PRINTER_WIDTH]
[2022-10-13 14:24:07,481] {subprocess.py:92} INFO -            [--warn-error] [--no-version-check]
[2022-10-13 14:24:07,481] {subprocess.py:92} INFO -            [--partial-parse | --no-partial-parse] [--use-experimental-parser]
[2022-10-13 14:24:07,482] {subprocess.py:92} INFO -            [--no-static-parser] [--profiles-dir PROFILES_DIR]
[2022-10-13 14:24:07,482] {subprocess.py:92} INFO -            [--no-anonymous-usage-stats] [-x]
[2022-10-13 14:24:07,482] {subprocess.py:92} INFO -            [--event-buffer-size EVENT_BUFFER_SIZE] [-q] [--no-print]
[2022-10-13 14:24:07,483] {subprocess.py:92} INFO -            [--cache-selected-only | --no-cache-selected-only]
[2022-10-13 14:24:07,483] {subprocess.py:92} INFO -            {docs,source,init,clean,debug,deps,list,ls,build,snapshot,run,compile,parse,test,seed,run-operation}
[2022-10-13 14:24:07,483] {subprocess.py:92} INFO -            ...
[2022-10-13 14:24:07,484] {subprocess.py:92} INFO - 
[2022-10-13 14:24:07,484] {subprocess.py:92} INFO - An ELT tool for managing your SQL transformations and data models. For more
[2022-10-13 14:24:07,484] {subprocess.py:92} INFO - documentation on these commands, visit: docs.getdbt.com
[2022-10-13 14:24:07,484] {subprocess.py:92} INFO - 
[2022-10-13 14:24:07,484] {subprocess.py:92} INFO - optional arguments:
[2022-10-13 14:24:07,484] {subprocess.py:92} INFO -   -h, --help            show this help message and exit
[2022-10-13 14:24:07,485] {subprocess.py:92} INFO -   --version             Show version information
[2022-10-13 14:24:07,485] {subprocess.py:92} INFO -   -r RECORD_TIMING_INFO, --record-timing-info RECORD_TIMING_INFO
[2022-10-13 14:24:07,485] {subprocess.py:92} INFO -                         When this option is passed, dbt will output low-level
[2022-10-13 14:24:07,486] {subprocess.py:92} INFO -                         timing stats to the specified file. Example:
[2022-10-13 14:24:07,486] {subprocess.py:92} INFO -                         `--record-timing-info output.profile`
[2022-10-13 14:24:07,487] {subprocess.py:92} INFO -   -d, --debug           Display debug logging during dbt execution. Useful for
[2022-10-13 14:24:07,488] {subprocess.py:92} INFO -                         debugging and making bug reports.
[2022-10-13 14:24:07,488] {subprocess.py:92} INFO -   --log-format {text,json,default}
[2022-10-13 14:24:07,488] {subprocess.py:92} INFO -                         Specify the log format, overriding the command's
[2022-10-13 14:24:07,488] {subprocess.py:92} INFO -                         default.
[2022-10-13 14:24:07,489] {subprocess.py:92} INFO -   --no-write-json       If set, skip writing the manifest and run_results.json
[2022-10-13 14:24:07,489] {subprocess.py:92} INFO -                         files to disk
[2022-10-13 14:24:07,489] {subprocess.py:92} INFO -   --use-colors          Colorize the output DBT prints to the terminal. Output
[2022-10-13 14:24:07,489] {subprocess.py:92} INFO -                         is colorized by default and may also be set in a
[2022-10-13 14:24:07,489] {subprocess.py:92} INFO -                         profile or at the command line. Mutually exclusive
[2022-10-13 14:24:07,490] {subprocess.py:92} INFO -                         with --no-use-colors
[2022-10-13 14:24:07,490] {subprocess.py:92} INFO -   --no-use-colors       Do not colorize the output DBT prints to the terminal.
[2022-10-13 14:24:07,490] {subprocess.py:92} INFO -                         Output is colorized by default and may also be set in
[2022-10-13 14:24:07,491] {subprocess.py:92} INFO -                         a profile or at the command line. Mutually exclusive
[2022-10-13 14:24:07,491] {subprocess.py:92} INFO -                         with --use-colors
[2022-10-13 14:24:07,492] {subprocess.py:92} INFO -   --printer-width PRINTER_WIDTH
[2022-10-13 14:24:07,492] {subprocess.py:92} INFO -                         Sets the width of terminal output
[2022-10-13 14:24:07,492] {subprocess.py:92} INFO -   --warn-error          If dbt would normally warn, instead raise an
[2022-10-13 14:24:07,492] {subprocess.py:92} INFO -                         exception. Examples include --models that selects
[2022-10-13 14:24:07,493] {subprocess.py:92} INFO -                         nothing, deprecations, configurations with no
[2022-10-13 14:24:07,493] {subprocess.py:92} INFO -                         associated models, invalid test configurations, and
[2022-10-13 14:24:07,493] {subprocess.py:92} INFO -                         missing sources/refs in tests.
[2022-10-13 14:24:07,493] {subprocess.py:92} INFO -   --no-version-check    If set, skip ensuring dbt's version matches the one
[2022-10-13 14:24:07,493] {subprocess.py:92} INFO -                         specified in the dbt_project.yml file ('require-dbt-
[2022-10-13 14:24:07,493] {subprocess.py:92} INFO -                         version')
[2022-10-13 14:24:07,493] {subprocess.py:92} INFO -   --partial-parse       Allow for partial parsing by looking for and writing
[2022-10-13 14:24:07,494] {subprocess.py:92} INFO -                         to a pickle file in the target directory. This
[2022-10-13 14:24:07,494] {subprocess.py:92} INFO -                         overrides the user configuration file.
[2022-10-13 14:24:07,494] {subprocess.py:92} INFO -   --no-partial-parse    Disallow partial parsing. This overrides the user
[2022-10-13 14:24:07,494] {subprocess.py:92} INFO -                         configuration file.
[2022-10-13 14:24:07,494] {subprocess.py:92} INFO -   --use-experimental-parser
[2022-10-13 14:24:07,494] {subprocess.py:92} INFO -                         Enables experimental parsing features.
[2022-10-13 14:24:07,495] {subprocess.py:92} INFO -   --no-static-parser    Disables the static parser.
[2022-10-13 14:24:07,495] {subprocess.py:92} INFO -   --profiles-dir PROFILES_DIR
[2022-10-13 14:24:07,495] {subprocess.py:92} INFO -                         Which directory to look in for the profiles.yml file.
[2022-10-13 14:24:07,495] {subprocess.py:92} INFO -                         Default = /home/ubuntu/.dbt
[2022-10-13 14:24:07,496] {subprocess.py:92} INFO -   --no-anonymous-usage-stats
[2022-10-13 14:24:07,496] {subprocess.py:92} INFO -                         Do not send anonymous usage stat to dbt Labs
[2022-10-13 14:24:07,496] {subprocess.py:92} INFO -   -x, --fail-fast       Stop execution upon a first failure.
[2022-10-13 14:24:07,497] {subprocess.py:92} INFO -   --event-buffer-size EVENT_BUFFER_SIZE
[2022-10-13 14:24:07,497] {subprocess.py:92} INFO -                         Sets the max number of events to buffer in
[2022-10-13 14:24:07,497] {subprocess.py:92} INFO -                         EVENT_HISTORY
[2022-10-13 14:24:07,497] {subprocess.py:92} INFO -   -q, --quiet           Suppress all non-error logging to stdout. Does not
[2022-10-13 14:24:07,497] {subprocess.py:92} INFO -                         affect {{ print() }} macro calls.
[2022-10-13 14:24:07,498] {subprocess.py:92} INFO -   --no-print            Suppress all {{ print() }} macro calls.
[2022-10-13 14:24:07,498] {subprocess.py:92} INFO -   --cache-selected-only
[2022-10-13 14:24:07,498] {subprocess.py:92} INFO -                         Pre cache database objects relevant to selected
[2022-10-13 14:24:07,498] {subprocess.py:92} INFO -                         resource only.
[2022-10-13 14:24:07,499] {subprocess.py:92} INFO -   --no-cache-selected-only
[2022-10-13 14:24:07,499] {subprocess.py:92} INFO -                         Pre cache all database objects related to the project.
[2022-10-13 14:24:07,499] {subprocess.py:92} INFO - 
[2022-10-13 14:24:07,499] {subprocess.py:92} INFO - Available sub-commands:
[2022-10-13 14:24:07,500] {subprocess.py:92} INFO -   {docs,source,init,clean,debug,deps,list,ls,build,snapshot,run,compile,parse,test,seed,run-operation}
[2022-10-13 14:24:07,500] {subprocess.py:92} INFO -     docs                Generate or serve the documentation website for your
[2022-10-13 14:24:07,500] {subprocess.py:92} INFO -                         project.
[2022-10-13 14:24:07,500] {subprocess.py:92} INFO -     source              Manage your project's sources
[2022-10-13 14:24:07,504] {subprocess.py:92} INFO -     init                Initialize a new DBT project.
[2022-10-13 14:24:07,505] {subprocess.py:92} INFO -     clean               Delete all folders in the clean-targets list (usually
[2022-10-13 14:24:07,505] {subprocess.py:92} INFO -                         the dbt_packages and target directories.)
[2022-10-13 14:24:07,505] {subprocess.py:92} INFO -     debug               Show some helpful information about dbt for debugging.
[2022-10-13 14:24:07,506] {subprocess.py:92} INFO -                         Not to be confused with the --debug option which
[2022-10-13 14:24:07,506] {subprocess.py:92} INFO -                         increases verbosity.
[2022-10-13 14:24:07,506] {subprocess.py:92} INFO -     deps                Pull the most recent version of the dependencies
[2022-10-13 14:24:07,506] {subprocess.py:92} INFO -                         listed in packages.yml
[2022-10-13 14:24:07,506] {subprocess.py:92} INFO -     list (ls)           List the resources in your project
[2022-10-13 14:24:07,506] {subprocess.py:92} INFO -     build               Run all Seeds, Models, Snapshots, and tests in DAG
[2022-10-13 14:24:07,507] {subprocess.py:92} INFO -                         order
[2022-10-13 14:24:07,507] {subprocess.py:92} INFO -     snapshot            Execute snapshots defined in your project
[2022-10-13 14:24:07,507] {subprocess.py:92} INFO -     run                 Compile SQL and execute against the current target
[2022-10-13 14:24:07,507] {subprocess.py:92} INFO -                         database.
[2022-10-13 14:24:07,507] {subprocess.py:92} INFO -     compile             Generates executable SQL from source, model, test, and
[2022-10-13 14:24:07,507] {subprocess.py:92} INFO -                         analysis files. Compiled SQL files are written to the
[2022-10-13 14:24:07,507] {subprocess.py:92} INFO -                         target/ directory.
[2022-10-13 14:24:07,507] {subprocess.py:92} INFO -     parse               Parsed the project and provides information on
[2022-10-13 14:24:07,507] {subprocess.py:92} INFO -                         performance
[2022-10-13 14:24:07,507] {subprocess.py:92} INFO -     test                Runs tests on data in deployed models. Run this after
[2022-10-13 14:24:07,507] {subprocess.py:92} INFO -                         `dbt run`
[2022-10-13 14:24:07,507] {subprocess.py:92} INFO -     seed                Load data from csv files into your data warehouse.
[2022-10-13 14:24:07,508] {subprocess.py:92} INFO -     run-operation       Run the named macro with any supplied arguments.
[2022-10-13 14:24:07,508] {subprocess.py:92} INFO - 
[2022-10-13 14:24:07,508] {subprocess.py:92} INFO - Specify one of these sub-commands and you can find more help from there.
[2022-10-13 14:24:07,699] {subprocess.py:96} INFO - Command exited with return code 1
[2022-10-13 14:24:07,720] {taskinstance.py:1889} ERROR - Task failed with exception
Traceback (most recent call last):
  File "/home/ubuntu/airflow/airflow_env/lib/python3.8/site-packages/airflow/operators/bash.py", line 194, in execute
    raise AirflowException(
airflow.exceptions.AirflowException: Bash command failed. The command returned a non-zero exit code 1.
[2022-10-13 14:24:07,726] {taskinstance.py:1395} INFO - Marking task as FAILED. dag_id=dbt_dag_bash, task_id=dbt_docs, execution_date=20221013T212259, start_date=20221013T212401, end_date=20221013T212407
[2022-10-13 14:24:07,749] {standard_task_runner.py:92} ERROR - Failed to execute job 93 for task dbt_docs (Bash command failed. The command returned a non-zero exit code 1.; 251227)
[2022-10-13 14:24:07,788] {local_task_job.py:156} INFO - Task exited with return code 1
[2022-10-13 14:24:07,820] {local_task_job.py:273} INFO - 0 downstream tasks scheduled from follow-on schedule check
