[2022-10-13 12:16:30,641] {taskinstance.py:1159} INFO - Dependencies all met for <TaskInstance: dbt.dbt_seed scheduled__2022-10-13T00:01:00+00:00 [queued]>
[2022-10-13 12:16:30,651] {taskinstance.py:1159} INFO - Dependencies all met for <TaskInstance: dbt.dbt_seed scheduled__2022-10-13T00:01:00+00:00 [queued]>
[2022-10-13 12:16:30,651] {taskinstance.py:1356} INFO - 
--------------------------------------------------------------------------------
[2022-10-13 12:16:30,651] {taskinstance.py:1357} INFO - Starting attempt 1 of 1
[2022-10-13 12:16:30,651] {taskinstance.py:1358} INFO - 
--------------------------------------------------------------------------------
[2022-10-13 12:16:30,668] {taskinstance.py:1377} INFO - Executing <Task(DbtSeedOperator): dbt_seed> on 2022-10-13 00:01:00+00:00
[2022-10-13 12:16:30,674] {standard_task_runner.py:52} INFO - Started process 235688 to run task
[2022-10-13 12:16:30,682] {standard_task_runner.py:79} INFO - Running: ['airflow', 'tasks', 'run', 'dbt', 'dbt_seed', 'scheduled__2022-10-13T00:01:00+00:00', '--job-id', '65', '--raw', '--subdir', 'DAGS_FOLDER/dbt_airflow.py', '--cfg-path', '/tmp/tmp7ylr0gph', '--error-file', '/tmp/tmp5gv6gzou']
[2022-10-13 12:16:30,683] {standard_task_runner.py:80} INFO - Job 65: Subtask dbt_seed
[2022-10-13 12:16:30,761] {task_command.py:370} INFO - Running <TaskInstance: dbt.dbt_seed scheduled__2022-10-13T00:01:00+00:00 [running]> on host ubuntu
[2022-10-13 12:16:30,826] {taskinstance.py:1569} INFO - Exporting the following env vars:
AIRFLOW_CTX_DAG_OWNER=airflow
AIRFLOW_CTX_DAG_ID=dbt
AIRFLOW_CTX_TASK_ID=dbt_seed
AIRFLOW_CTX_EXECUTION_DATE=2022-10-13T00:01:00+00:00
AIRFLOW_CTX_TRY_NUMBER=1
AIRFLOW_CTX_DAG_RUN_ID=scheduled__2022-10-13T00:01:00+00:00
[2022-10-13 12:16:30,827] {dbt_hook.py:117} INFO - dbt seed
[2022-10-13 12:16:30,844] {dbt_hook.py:126} INFO - Output:
[2022-10-13 12:16:35,088] {dbt_hook.py:130} INFO - 19:16:35  Running with dbt=1.1.0
[2022-10-13 12:16:35,211] {dbt_hook.py:130} INFO - 19:16:35  Found 6 models, 5 tests, 6 snapshots, 0 analyses, 400 macros, 0 operations, 7 seed files, 2 sources, 0 exposures, 0 metrics
[2022-10-13 12:16:35,216] {dbt_hook.py:130} INFO - 19:16:35
[2022-10-13 12:16:38,666] {dbt_hook.py:130} INFO - 19:16:38  Concurrency: 2 threads (target='dev')
[2022-10-13 12:16:38,666] {dbt_hook.py:130} INFO - 19:16:38
[2022-10-13 12:16:38,675] {dbt_hook.py:130} INFO - 19:16:38  1 of 7 START seed file DBT_HAMS71.STG_Accounts ................................. [RUN]
[2022-10-13 12:16:38,676] {dbt_hook.py:130} INFO - 19:16:38  2 of 7 START seed file DBT_HAMS71.STG_Address .................................. [RUN]
[2022-10-13 12:16:42,683] {dbt_hook.py:130} INFO - 19:16:42  2 of 7 OK loaded seed file DBT_HAMS71.STG_Address .............................. [[32mINSERT 300[0m in 4.01s]
[2022-10-13 12:16:42,685] {dbt_hook.py:130} INFO - 19:16:42  3 of 7 START seed file DBT_HAMS71.STG_Bank ..................................... [RUN]
[2022-10-13 12:16:43,217] {dbt_hook.py:130} INFO - 19:16:43  1 of 7 OK loaded seed file DBT_HAMS71.STG_Accounts ............................. [[32mINSERT 1000[0m in 4.54s]
[2022-10-13 12:16:43,219] {dbt_hook.py:130} INFO - 19:16:43  4 of 7 START seed file DBT_HAMS71.STG_Branch ................................... [RUN]
[2022-10-13 12:16:46,216] {dbt_hook.py:130} INFO - 19:16:46  3 of 7 OK loaded seed file DBT_HAMS71.STG_Bank ................................. [[32mINSERT 1000[0m in 3.53s]
[2022-10-13 12:16:46,218] {dbt_hook.py:130} INFO - 19:16:46  5 of 7 START seed file DBT_HAMS71.STG_City ..................................... [RUN]
[2022-10-13 12:16:46,923] {dbt_hook.py:130} INFO - 19:16:46  4 of 7 OK loaded seed file DBT_HAMS71.STG_Branch ............................... [[32mINSERT 1000[0m in 3.70s]
[2022-10-13 12:16:46,926] {dbt_hook.py:130} INFO - 19:16:46  6 of 7 START seed file DBT_HAMS71.STG_Contact .................................. [RUN]
[2022-10-13 12:16:49,862] {dbt_hook.py:130} INFO - 19:16:49  5 of 7 OK loaded seed file DBT_HAMS71.STG_City ................................. [[32mINSERT 300[0m in 3.64s]
[2022-10-13 12:16:49,863] {dbt_hook.py:130} INFO - 19:16:49  7 of 7 START seed file DBT_HAMS71.STG_Transactions ............................. [RUN]
[2022-10-13 12:16:51,142] {dbt_hook.py:130} INFO - 19:16:51  6 of 7 OK loaded seed file DBT_HAMS71.STG_Contact .............................. [[32mINSERT 1000[0m in 4.22s]
[2022-10-13 12:16:53,275] {dbt_hook.py:130} INFO - 19:16:53  7 of 7 OK loaded seed file DBT_HAMS71.STG_Transactions ......................... [[32mINSERT 1000[0m in 3.41s]
[2022-10-13 12:16:53,278] {dbt_hook.py:130} INFO - 19:16:53
[2022-10-13 12:16:53,279] {dbt_hook.py:130} INFO - 19:16:53  Finished running 7 seeds in 18.06s.
[2022-10-13 12:16:53,296] {dbt_hook.py:130} INFO - 19:16:53
[2022-10-13 12:16:53,297] {dbt_hook.py:130} INFO - 19:16:53  [32mCompleted successfully[0m
[2022-10-13 12:16:53,297] {dbt_hook.py:130} INFO - 19:16:53
[2022-10-13 12:16:53,297] {dbt_hook.py:130} INFO - 19:16:53  Done. PASS=7 WARN=0 ERROR=0 SKIP=0 TOTAL=7
[2022-10-13 12:16:54,923] {dbt_hook.py:132} INFO - Command exited with return code 0
[2022-10-13 12:16:54,941] {taskinstance.py:1395} INFO - Marking task as SUCCESS. dag_id=dbt, task_id=dbt_seed, execution_date=20221013T000100, start_date=20221013T191630, end_date=20221013T191654
[2022-10-13 12:16:54,981] {local_task_job.py:156} INFO - Task exited with return code 0
[2022-10-13 12:16:55,027] {local_task_job.py:273} INFO - 1 downstream tasks scheduled from follow-on schedule check
