[2022-10-11 11:01:49,339] {processor.py:153} INFO - Started process (PID=202235) to work on /home/ubuntu/airflow/airflow_env/lib/python3.8/site-packages/airflow/example_dags/example_xcomargs.py
[2022-10-11 11:01:49,339] {processor.py:641} INFO - Processing file /home/ubuntu/airflow/airflow_env/lib/python3.8/site-packages/airflow/example_dags/example_xcomargs.py for tasks to queue
[2022-10-11 11:01:49,340] {logging_mixin.py:115} INFO - [2022-10-11 11:01:49,340] {dagbag.py:507} INFO - Filling up the DagBag from /home/ubuntu/airflow/airflow_env/lib/python3.8/site-packages/airflow/example_dags/example_xcomargs.py
[2022-10-11 11:01:49,367] {processor.py:651} INFO - DAG(s) dict_keys(['example_xcom_args', 'example_xcom_args_with_operators']) retrieved from /home/ubuntu/airflow/airflow_env/lib/python3.8/site-packages/airflow/example_dags/example_xcomargs.py
[2022-10-11 11:01:49,426] {logging_mixin.py:115} INFO - [2022-10-11 11:01:49,426] {dag.py:2379} INFO - Sync 2 DAGs
[2022-10-11 11:01:49,442] {logging_mixin.py:115} INFO - [2022-10-11 11:01:49,442] {dag.py:2927} INFO - Setting next_dagrun for example_xcom_args to None, run_after=None
[2022-10-11 11:01:49,443] {logging_mixin.py:115} INFO - [2022-10-11 11:01:49,443] {dag.py:2927} INFO - Setting next_dagrun for example_xcom_args_with_operators to None, run_after=None
[2022-10-11 11:01:49,457] {processor.py:161} INFO - Processing /home/ubuntu/airflow/airflow_env/lib/python3.8/site-packages/airflow/example_dags/example_xcomargs.py took 0.123 seconds
[2022-10-11 11:02:21,866] {processor.py:153} INFO - Started process (PID=202527) to work on /home/ubuntu/airflow/airflow_env/lib/python3.8/site-packages/airflow/example_dags/example_xcomargs.py
[2022-10-11 11:02:21,867] {processor.py:641} INFO - Processing file /home/ubuntu/airflow/airflow_env/lib/python3.8/site-packages/airflow/example_dags/example_xcomargs.py for tasks to queue
[2022-10-11 11:02:21,868] {logging_mixin.py:115} INFO - [2022-10-11 11:02:21,868] {dagbag.py:507} INFO - Filling up the DagBag from /home/ubuntu/airflow/airflow_env/lib/python3.8/site-packages/airflow/example_dags/example_xcomargs.py
[2022-10-11 11:02:21,893] {processor.py:651} INFO - DAG(s) dict_keys(['example_xcom_args', 'example_xcom_args_with_operators']) retrieved from /home/ubuntu/airflow/airflow_env/lib/python3.8/site-packages/airflow/example_dags/example_xcomargs.py
[2022-10-11 11:02:21,938] {logging_mixin.py:115} INFO - [2022-10-11 11:02:21,938] {dag.py:2379} INFO - Sync 2 DAGs
[2022-10-11 11:02:21,951] {logging_mixin.py:115} INFO - [2022-10-11 11:02:21,951] {dag.py:2927} INFO - Setting next_dagrun for example_xcom_args to None, run_after=None
[2022-10-11 11:02:21,951] {logging_mixin.py:115} INFO - [2022-10-11 11:02:21,951] {dag.py:2927} INFO - Setting next_dagrun for example_xcom_args_with_operators to None, run_after=None
[2022-10-11 11:02:21,963] {processor.py:161} INFO - Processing /home/ubuntu/airflow/airflow_env/lib/python3.8/site-packages/airflow/example_dags/example_xcomargs.py took 0.101 seconds
[2022-10-11 11:02:56,867] {processor.py:153} INFO - Started process (PID=202587) to work on /home/ubuntu/airflow/airflow_env/lib/python3.8/site-packages/airflow/example_dags/example_xcomargs.py
[2022-10-11 11:02:56,868] {processor.py:641} INFO - Processing file /home/ubuntu/airflow/airflow_env/lib/python3.8/site-packages/airflow/example_dags/example_xcomargs.py for tasks to queue
[2022-10-11 11:02:56,869] {logging_mixin.py:115} INFO - [2022-10-11 11:02:56,869] {dagbag.py:507} INFO - Filling up the DagBag from /home/ubuntu/airflow/airflow_env/lib/python3.8/site-packages/airflow/example_dags/example_xcomargs.py
[2022-10-11 11:02:56,898] {processor.py:651} INFO - DAG(s) dict_keys(['example_xcom_args', 'example_xcom_args_with_operators']) retrieved from /home/ubuntu/airflow/airflow_env/lib/python3.8/site-packages/airflow/example_dags/example_xcomargs.py
[2022-10-11 11:02:56,917] {logging_mixin.py:115} INFO - [2022-10-11 11:02:56,917] {dag.py:2379} INFO - Sync 2 DAGs
[2022-10-11 11:02:56,931] {logging_mixin.py:115} INFO - [2022-10-11 11:02:56,931] {dag.py:2927} INFO - Setting next_dagrun for example_xcom_args to None, run_after=None
[2022-10-11 11:02:56,931] {logging_mixin.py:115} INFO - [2022-10-11 11:02:56,931] {dag.py:2927} INFO - Setting next_dagrun for example_xcom_args_with_operators to None, run_after=None
[2022-10-11 11:02:56,943] {processor.py:161} INFO - Processing /home/ubuntu/airflow/airflow_env/lib/python3.8/site-packages/airflow/example_dags/example_xcomargs.py took 0.081 seconds
[2022-10-11 11:03:32,170] {processor.py:153} INFO - Started process (PID=202649) to work on /home/ubuntu/airflow/airflow_env/lib/python3.8/site-packages/airflow/example_dags/example_xcomargs.py
[2022-10-11 11:03:32,171] {processor.py:641} INFO - Processing file /home/ubuntu/airflow/airflow_env/lib/python3.8/site-packages/airflow/example_dags/example_xcomargs.py for tasks to queue
[2022-10-11 11:03:32,171] {logging_mixin.py:115} INFO - [2022-10-11 11:03:32,171] {dagbag.py:507} INFO - Filling up the DagBag from /home/ubuntu/airflow/airflow_env/lib/python3.8/site-packages/airflow/example_dags/example_xcomargs.py
[2022-10-11 11:03:32,198] {processor.py:651} INFO - DAG(s) dict_keys(['example_xcom_args', 'example_xcom_args_with_operators']) retrieved from /home/ubuntu/airflow/airflow_env/lib/python3.8/site-packages/airflow/example_dags/example_xcomargs.py
[2022-10-11 11:03:32,251] {logging_mixin.py:115} INFO - [2022-10-11 11:03:32,251] {dag.py:2379} INFO - Sync 2 DAGs
[2022-10-11 11:03:32,263] {logging_mixin.py:115} INFO - [2022-10-11 11:03:32,263] {dag.py:2927} INFO - Setting next_dagrun for example_xcom_args to None, run_after=None
[2022-10-11 11:03:32,263] {logging_mixin.py:115} INFO - [2022-10-11 11:03:32,263] {dag.py:2927} INFO - Setting next_dagrun for example_xcom_args_with_operators to None, run_after=None
[2022-10-11 11:03:32,276] {processor.py:161} INFO - Processing /home/ubuntu/airflow/airflow_env/lib/python3.8/site-packages/airflow/example_dags/example_xcomargs.py took 0.111 seconds
[2022-10-11 11:04:06,023] {processor.py:153} INFO - Started process (PID=202737) to work on /home/ubuntu/airflow/airflow_env/lib/python3.8/site-packages/airflow/example_dags/example_xcomargs.py
[2022-10-11 11:04:06,024] {processor.py:641} INFO - Processing file /home/ubuntu/airflow/airflow_env/lib/python3.8/site-packages/airflow/example_dags/example_xcomargs.py for tasks to queue
[2022-10-11 11:04:06,024] {logging_mixin.py:115} INFO - [2022-10-11 11:04:06,024] {dagbag.py:507} INFO - Filling up the DagBag from /home/ubuntu/airflow/airflow_env/lib/python3.8/site-packages/airflow/example_dags/example_xcomargs.py
[2022-10-11 11:04:06,063] {processor.py:651} INFO - DAG(s) dict_keys(['example_xcom_args', 'example_xcom_args_with_operators']) retrieved from /home/ubuntu/airflow/airflow_env/lib/python3.8/site-packages/airflow/example_dags/example_xcomargs.py
[2022-10-11 11:04:06,138] {logging_mixin.py:115} INFO - [2022-10-11 11:04:06,138] {dag.py:2379} INFO - Sync 2 DAGs
[2022-10-11 11:04:06,159] {logging_mixin.py:115} INFO - [2022-10-11 11:04:06,159] {dag.py:2927} INFO - Setting next_dagrun for example_xcom_args to None, run_after=None
[2022-10-11 11:04:06,159] {logging_mixin.py:115} INFO - [2022-10-11 11:04:06,159] {dag.py:2927} INFO - Setting next_dagrun for example_xcom_args_with_operators to None, run_after=None
[2022-10-11 11:04:06,180] {processor.py:161} INFO - Processing /home/ubuntu/airflow/airflow_env/lib/python3.8/site-packages/airflow/example_dags/example_xcomargs.py took 0.163 seconds
[2022-10-11 11:04:40,956] {processor.py:153} INFO - Started process (PID=202840) to work on /home/ubuntu/airflow/airflow_env/lib/python3.8/site-packages/airflow/example_dags/example_xcomargs.py
[2022-10-11 11:04:40,957] {processor.py:641} INFO - Processing file /home/ubuntu/airflow/airflow_env/lib/python3.8/site-packages/airflow/example_dags/example_xcomargs.py for tasks to queue
[2022-10-11 11:04:40,958] {logging_mixin.py:115} INFO - [2022-10-11 11:04:40,957] {dagbag.py:507} INFO - Filling up the DagBag from /home/ubuntu/airflow/airflow_env/lib/python3.8/site-packages/airflow/example_dags/example_xcomargs.py
[2022-10-11 11:04:40,984] {processor.py:651} INFO - DAG(s) dict_keys(['example_xcom_args', 'example_xcom_args_with_operators']) retrieved from /home/ubuntu/airflow/airflow_env/lib/python3.8/site-packages/airflow/example_dags/example_xcomargs.py
[2022-10-11 11:04:41,043] {logging_mixin.py:115} INFO - [2022-10-11 11:04:41,043] {dag.py:2379} INFO - Sync 2 DAGs
[2022-10-11 11:04:41,057] {logging_mixin.py:115} INFO - [2022-10-11 11:04:41,057] {dag.py:2927} INFO - Setting next_dagrun for example_xcom_args to None, run_after=None
[2022-10-11 11:04:41,057] {logging_mixin.py:115} INFO - [2022-10-11 11:04:41,057] {dag.py:2927} INFO - Setting next_dagrun for example_xcom_args_with_operators to None, run_after=None
[2022-10-11 11:04:41,070] {processor.py:161} INFO - Processing /home/ubuntu/airflow/airflow_env/lib/python3.8/site-packages/airflow/example_dags/example_xcomargs.py took 0.118 seconds
[2022-10-11 11:05:17,171] {processor.py:153} INFO - Started process (PID=202904) to work on /home/ubuntu/airflow/airflow_env/lib/python3.8/site-packages/airflow/example_dags/example_xcomargs.py
[2022-10-11 11:05:17,172] {processor.py:641} INFO - Processing file /home/ubuntu/airflow/airflow_env/lib/python3.8/site-packages/airflow/example_dags/example_xcomargs.py for tasks to queue
[2022-10-11 11:05:17,173] {logging_mixin.py:115} INFO - [2022-10-11 11:05:17,173] {dagbag.py:507} INFO - Filling up the DagBag from /home/ubuntu/airflow/airflow_env/lib/python3.8/site-packages/airflow/example_dags/example_xcomargs.py
[2022-10-11 11:05:17,206] {processor.py:651} INFO - DAG(s) dict_keys(['example_xcom_args', 'example_xcom_args_with_operators']) retrieved from /home/ubuntu/airflow/airflow_env/lib/python3.8/site-packages/airflow/example_dags/example_xcomargs.py
[2022-10-11 11:05:17,231] {logging_mixin.py:115} INFO - [2022-10-11 11:05:17,231] {dag.py:2379} INFO - Sync 2 DAGs
[2022-10-11 11:05:17,254] {logging_mixin.py:115} INFO - [2022-10-11 11:05:17,254] {dag.py:2927} INFO - Setting next_dagrun for example_xcom_args to None, run_after=None
[2022-10-11 11:05:17,254] {logging_mixin.py:115} INFO - [2022-10-11 11:05:17,254] {dag.py:2927} INFO - Setting next_dagrun for example_xcom_args_with_operators to None, run_after=None
[2022-10-11 11:05:17,270] {processor.py:161} INFO - Processing /home/ubuntu/airflow/airflow_env/lib/python3.8/site-packages/airflow/example_dags/example_xcomargs.py took 0.105 seconds
[2022-10-11 11:05:52,011] {processor.py:153} INFO - Started process (PID=202964) to work on /home/ubuntu/airflow/airflow_env/lib/python3.8/site-packages/airflow/example_dags/example_xcomargs.py
[2022-10-11 11:05:52,012] {processor.py:641} INFO - Processing file /home/ubuntu/airflow/airflow_env/lib/python3.8/site-packages/airflow/example_dags/example_xcomargs.py for tasks to queue
[2022-10-11 11:05:52,013] {logging_mixin.py:115} INFO - [2022-10-11 11:05:52,013] {dagbag.py:507} INFO - Filling up the DagBag from /home/ubuntu/airflow/airflow_env/lib/python3.8/site-packages/airflow/example_dags/example_xcomargs.py
[2022-10-11 11:05:52,038] {processor.py:651} INFO - DAG(s) dict_keys(['example_xcom_args', 'example_xcom_args_with_operators']) retrieved from /home/ubuntu/airflow/airflow_env/lib/python3.8/site-packages/airflow/example_dags/example_xcomargs.py
[2022-10-11 11:05:52,060] {logging_mixin.py:115} INFO - [2022-10-11 11:05:52,060] {dag.py:2379} INFO - Sync 2 DAGs
[2022-10-11 11:05:52,075] {logging_mixin.py:115} INFO - [2022-10-11 11:05:52,075] {dag.py:2927} INFO - Setting next_dagrun for example_xcom_args to None, run_after=None
[2022-10-11 11:05:52,075] {logging_mixin.py:115} INFO - [2022-10-11 11:05:52,075] {dag.py:2927} INFO - Setting next_dagrun for example_xcom_args_with_operators to None, run_after=None
[2022-10-11 11:05:52,093] {processor.py:161} INFO - Processing /home/ubuntu/airflow/airflow_env/lib/python3.8/site-packages/airflow/example_dags/example_xcomargs.py took 0.086 seconds
[2022-10-11 11:06:27,022] {processor.py:153} INFO - Started process (PID=203019) to work on /home/ubuntu/airflow/airflow_env/lib/python3.8/site-packages/airflow/example_dags/example_xcomargs.py
[2022-10-11 11:06:27,023] {processor.py:641} INFO - Processing file /home/ubuntu/airflow/airflow_env/lib/python3.8/site-packages/airflow/example_dags/example_xcomargs.py for tasks to queue
[2022-10-11 11:06:27,024] {logging_mixin.py:115} INFO - [2022-10-11 11:06:27,024] {dagbag.py:507} INFO - Filling up the DagBag from /home/ubuntu/airflow/airflow_env/lib/python3.8/site-packages/airflow/example_dags/example_xcomargs.py
[2022-10-11 11:06:27,054] {processor.py:651} INFO - DAG(s) dict_keys(['example_xcom_args', 'example_xcom_args_with_operators']) retrieved from /home/ubuntu/airflow/airflow_env/lib/python3.8/site-packages/airflow/example_dags/example_xcomargs.py
[2022-10-11 11:06:27,126] {logging_mixin.py:115} INFO - [2022-10-11 11:06:27,126] {dag.py:2379} INFO - Sync 2 DAGs
[2022-10-11 11:06:27,143] {logging_mixin.py:115} INFO - [2022-10-11 11:06:27,143] {dag.py:2927} INFO - Setting next_dagrun for example_xcom_args to None, run_after=None
[2022-10-11 11:06:27,144] {logging_mixin.py:115} INFO - [2022-10-11 11:06:27,144] {dag.py:2927} INFO - Setting next_dagrun for example_xcom_args_with_operators to None, run_after=None
[2022-10-11 11:06:27,167] {processor.py:161} INFO - Processing /home/ubuntu/airflow/airflow_env/lib/python3.8/site-packages/airflow/example_dags/example_xcomargs.py took 0.149 seconds
[2022-10-11 11:06:59,243] {processor.py:153} INFO - Started process (PID=203076) to work on /home/ubuntu/airflow/airflow_env/lib/python3.8/site-packages/airflow/example_dags/example_xcomargs.py
[2022-10-11 11:06:59,244] {processor.py:641} INFO - Processing file /home/ubuntu/airflow/airflow_env/lib/python3.8/site-packages/airflow/example_dags/example_xcomargs.py for tasks to queue
[2022-10-11 11:06:59,244] {logging_mixin.py:115} INFO - [2022-10-11 11:06:59,244] {dagbag.py:507} INFO - Filling up the DagBag from /home/ubuntu/airflow/airflow_env/lib/python3.8/site-packages/airflow/example_dags/example_xcomargs.py
[2022-10-11 11:06:59,267] {processor.py:651} INFO - DAG(s) dict_keys(['example_xcom_args', 'example_xcom_args_with_operators']) retrieved from /home/ubuntu/airflow/airflow_env/lib/python3.8/site-packages/airflow/example_dags/example_xcomargs.py
[2022-10-11 11:06:59,284] {logging_mixin.py:115} INFO - [2022-10-11 11:06:59,284] {dag.py:2379} INFO - Sync 2 DAGs
[2022-10-11 11:06:59,298] {logging_mixin.py:115} INFO - [2022-10-11 11:06:59,298] {dag.py:2927} INFO - Setting next_dagrun for example_xcom_args to None, run_after=None
[2022-10-11 11:06:59,299] {logging_mixin.py:115} INFO - [2022-10-11 11:06:59,299] {dag.py:2927} INFO - Setting next_dagrun for example_xcom_args_with_operators to None, run_after=None
[2022-10-11 11:06:59,310] {processor.py:161} INFO - Processing /home/ubuntu/airflow/airflow_env/lib/python3.8/site-packages/airflow/example_dags/example_xcomargs.py took 0.070 seconds
[2022-10-11 11:07:34,581] {processor.py:153} INFO - Started process (PID=203139) to work on /home/ubuntu/airflow/airflow_env/lib/python3.8/site-packages/airflow/example_dags/example_xcomargs.py
[2022-10-11 11:07:34,582] {processor.py:641} INFO - Processing file /home/ubuntu/airflow/airflow_env/lib/python3.8/site-packages/airflow/example_dags/example_xcomargs.py for tasks to queue
[2022-10-11 11:07:34,582] {logging_mixin.py:115} INFO - [2022-10-11 11:07:34,582] {dagbag.py:507} INFO - Filling up the DagBag from /home/ubuntu/airflow/airflow_env/lib/python3.8/site-packages/airflow/example_dags/example_xcomargs.py
[2022-10-11 11:07:34,608] {processor.py:651} INFO - DAG(s) dict_keys(['example_xcom_args', 'example_xcom_args_with_operators']) retrieved from /home/ubuntu/airflow/airflow_env/lib/python3.8/site-packages/airflow/example_dags/example_xcomargs.py
[2022-10-11 11:07:34,629] {logging_mixin.py:115} INFO - [2022-10-11 11:07:34,629] {dag.py:2379} INFO - Sync 2 DAGs
[2022-10-11 11:07:34,644] {logging_mixin.py:115} INFO - [2022-10-11 11:07:34,644] {dag.py:2927} INFO - Setting next_dagrun for example_xcom_args to None, run_after=None
[2022-10-11 11:07:34,644] {logging_mixin.py:115} INFO - [2022-10-11 11:07:34,644] {dag.py:2927} INFO - Setting next_dagrun for example_xcom_args_with_operators to None, run_after=None
[2022-10-11 11:07:34,657] {processor.py:161} INFO - Processing /home/ubuntu/airflow/airflow_env/lib/python3.8/site-packages/airflow/example_dags/example_xcomargs.py took 0.081 seconds
[2022-10-11 11:08:09,478] {processor.py:153} INFO - Started process (PID=203198) to work on /home/ubuntu/airflow/airflow_env/lib/python3.8/site-packages/airflow/example_dags/example_xcomargs.py
[2022-10-11 11:08:09,479] {processor.py:641} INFO - Processing file /home/ubuntu/airflow/airflow_env/lib/python3.8/site-packages/airflow/example_dags/example_xcomargs.py for tasks to queue
[2022-10-11 11:08:09,479] {logging_mixin.py:115} INFO - [2022-10-11 11:08:09,479] {dagbag.py:507} INFO - Filling up the DagBag from /home/ubuntu/airflow/airflow_env/lib/python3.8/site-packages/airflow/example_dags/example_xcomargs.py
[2022-10-11 11:08:09,505] {processor.py:651} INFO - DAG(s) dict_keys(['example_xcom_args', 'example_xcom_args_with_operators']) retrieved from /home/ubuntu/airflow/airflow_env/lib/python3.8/site-packages/airflow/example_dags/example_xcomargs.py
[2022-10-11 11:08:09,533] {logging_mixin.py:115} INFO - [2022-10-11 11:08:09,533] {dag.py:2379} INFO - Sync 2 DAGs
[2022-10-11 11:08:09,551] {logging_mixin.py:115} INFO - [2022-10-11 11:08:09,551] {dag.py:2927} INFO - Setting next_dagrun for example_xcom_args to None, run_after=None
[2022-10-11 11:08:09,551] {logging_mixin.py:115} INFO - [2022-10-11 11:08:09,551] {dag.py:2927} INFO - Setting next_dagrun for example_xcom_args_with_operators to None, run_after=None
[2022-10-11 11:08:09,564] {processor.py:161} INFO - Processing /home/ubuntu/airflow/airflow_env/lib/python3.8/site-packages/airflow/example_dags/example_xcomargs.py took 0.091 seconds
[2022-10-11 11:08:43,224] {processor.py:153} INFO - Started process (PID=203269) to work on /home/ubuntu/airflow/airflow_env/lib/python3.8/site-packages/airflow/example_dags/example_xcomargs.py
[2022-10-11 11:08:43,225] {processor.py:641} INFO - Processing file /home/ubuntu/airflow/airflow_env/lib/python3.8/site-packages/airflow/example_dags/example_xcomargs.py for tasks to queue
[2022-10-11 11:08:43,226] {logging_mixin.py:115} INFO - [2022-10-11 11:08:43,226] {dagbag.py:507} INFO - Filling up the DagBag from /home/ubuntu/airflow/airflow_env/lib/python3.8/site-packages/airflow/example_dags/example_xcomargs.py
[2022-10-11 11:08:43,252] {processor.py:651} INFO - DAG(s) dict_keys(['example_xcom_args', 'example_xcom_args_with_operators']) retrieved from /home/ubuntu/airflow/airflow_env/lib/python3.8/site-packages/airflow/example_dags/example_xcomargs.py
[2022-10-11 11:08:43,271] {logging_mixin.py:115} INFO - [2022-10-11 11:08:43,271] {dag.py:2379} INFO - Sync 2 DAGs
[2022-10-11 11:08:43,287] {logging_mixin.py:115} INFO - [2022-10-11 11:08:43,287] {dag.py:2927} INFO - Setting next_dagrun for example_xcom_args to None, run_after=None
[2022-10-11 11:08:43,287] {logging_mixin.py:115} INFO - [2022-10-11 11:08:43,287] {dag.py:2927} INFO - Setting next_dagrun for example_xcom_args_with_operators to None, run_after=None
[2022-10-11 11:08:43,299] {processor.py:161} INFO - Processing /home/ubuntu/airflow/airflow_env/lib/python3.8/site-packages/airflow/example_dags/example_xcomargs.py took 0.079 seconds
[2022-10-11 11:09:17,236] {processor.py:153} INFO - Started process (PID=203449) to work on /home/ubuntu/airflow/airflow_env/lib/python3.8/site-packages/airflow/example_dags/example_xcomargs.py
[2022-10-11 11:09:17,237] {processor.py:641} INFO - Processing file /home/ubuntu/airflow/airflow_env/lib/python3.8/site-packages/airflow/example_dags/example_xcomargs.py for tasks to queue
[2022-10-11 11:09:17,237] {logging_mixin.py:115} INFO - [2022-10-11 11:09:17,237] {dagbag.py:507} INFO - Filling up the DagBag from /home/ubuntu/airflow/airflow_env/lib/python3.8/site-packages/airflow/example_dags/example_xcomargs.py
[2022-10-11 11:09:17,266] {processor.py:651} INFO - DAG(s) dict_keys(['example_xcom_args', 'example_xcom_args_with_operators']) retrieved from /home/ubuntu/airflow/airflow_env/lib/python3.8/site-packages/airflow/example_dags/example_xcomargs.py
[2022-10-11 11:09:17,288] {logging_mixin.py:115} INFO - [2022-10-11 11:09:17,288] {dag.py:2379} INFO - Sync 2 DAGs
[2022-10-11 11:09:17,307] {logging_mixin.py:115} INFO - [2022-10-11 11:09:17,307] {dag.py:2927} INFO - Setting next_dagrun for example_xcom_args to None, run_after=None
[2022-10-11 11:09:17,308] {logging_mixin.py:115} INFO - [2022-10-11 11:09:17,307] {dag.py:2927} INFO - Setting next_dagrun for example_xcom_args_with_operators to None, run_after=None
[2022-10-11 11:09:17,324] {processor.py:161} INFO - Processing /home/ubuntu/airflow/airflow_env/lib/python3.8/site-packages/airflow/example_dags/example_xcomargs.py took 0.094 seconds
[2022-10-11 11:09:49,295] {processor.py:153} INFO - Started process (PID=203518) to work on /home/ubuntu/airflow/airflow_env/lib/python3.8/site-packages/airflow/example_dags/example_xcomargs.py
[2022-10-11 11:09:49,295] {processor.py:641} INFO - Processing file /home/ubuntu/airflow/airflow_env/lib/python3.8/site-packages/airflow/example_dags/example_xcomargs.py for tasks to queue
[2022-10-11 11:09:49,296] {logging_mixin.py:115} INFO - [2022-10-11 11:09:49,296] {dagbag.py:507} INFO - Filling up the DagBag from /home/ubuntu/airflow/airflow_env/lib/python3.8/site-packages/airflow/example_dags/example_xcomargs.py
[2022-10-11 11:09:49,321] {processor.py:651} INFO - DAG(s) dict_keys(['example_xcom_args', 'example_xcom_args_with_operators']) retrieved from /home/ubuntu/airflow/airflow_env/lib/python3.8/site-packages/airflow/example_dags/example_xcomargs.py
[2022-10-11 11:09:49,341] {logging_mixin.py:115} INFO - [2022-10-11 11:09:49,341] {dag.py:2379} INFO - Sync 2 DAGs
[2022-10-11 11:09:49,356] {logging_mixin.py:115} INFO - [2022-10-11 11:09:49,356] {dag.py:2927} INFO - Setting next_dagrun for example_xcom_args to None, run_after=None
[2022-10-11 11:09:49,356] {logging_mixin.py:115} INFO - [2022-10-11 11:09:49,356] {dag.py:2927} INFO - Setting next_dagrun for example_xcom_args_with_operators to None, run_after=None
[2022-10-11 11:09:49,368] {processor.py:161} INFO - Processing /home/ubuntu/airflow/airflow_env/lib/python3.8/site-packages/airflow/example_dags/example_xcomargs.py took 0.077 seconds
[2022-10-11 11:10:23,004] {processor.py:153} INFO - Started process (PID=203562) to work on /home/ubuntu/airflow/airflow_env/lib/python3.8/site-packages/airflow/example_dags/example_xcomargs.py
[2022-10-11 11:10:23,005] {processor.py:641} INFO - Processing file /home/ubuntu/airflow/airflow_env/lib/python3.8/site-packages/airflow/example_dags/example_xcomargs.py for tasks to queue
[2022-10-11 11:10:23,006] {logging_mixin.py:115} INFO - [2022-10-11 11:10:23,006] {dagbag.py:507} INFO - Filling up the DagBag from /home/ubuntu/airflow/airflow_env/lib/python3.8/site-packages/airflow/example_dags/example_xcomargs.py
[2022-10-11 11:10:23,033] {processor.py:651} INFO - DAG(s) dict_keys(['example_xcom_args', 'example_xcom_args_with_operators']) retrieved from /home/ubuntu/airflow/airflow_env/lib/python3.8/site-packages/airflow/example_dags/example_xcomargs.py
[2022-10-11 11:10:23,064] {logging_mixin.py:115} INFO - [2022-10-11 11:10:23,064] {dag.py:2379} INFO - Sync 2 DAGs
[2022-10-11 11:10:23,093] {logging_mixin.py:115} INFO - [2022-10-11 11:10:23,093] {dag.py:2927} INFO - Setting next_dagrun for example_xcom_args to None, run_after=None
[2022-10-11 11:10:23,093] {logging_mixin.py:115} INFO - [2022-10-11 11:10:23,093] {dag.py:2927} INFO - Setting next_dagrun for example_xcom_args_with_operators to None, run_after=None
[2022-10-11 11:10:23,109] {processor.py:161} INFO - Processing /home/ubuntu/airflow/airflow_env/lib/python3.8/site-packages/airflow/example_dags/example_xcomargs.py took 0.109 seconds
[2022-10-11 11:10:56,579] {processor.py:153} INFO - Started process (PID=203619) to work on /home/ubuntu/airflow/airflow_env/lib/python3.8/site-packages/airflow/example_dags/example_xcomargs.py
[2022-10-11 11:10:56,580] {processor.py:641} INFO - Processing file /home/ubuntu/airflow/airflow_env/lib/python3.8/site-packages/airflow/example_dags/example_xcomargs.py for tasks to queue
[2022-10-11 11:10:56,581] {logging_mixin.py:115} INFO - [2022-10-11 11:10:56,580] {dagbag.py:507} INFO - Filling up the DagBag from /home/ubuntu/airflow/airflow_env/lib/python3.8/site-packages/airflow/example_dags/example_xcomargs.py
[2022-10-11 11:10:56,606] {processor.py:651} INFO - DAG(s) dict_keys(['example_xcom_args', 'example_xcom_args_with_operators']) retrieved from /home/ubuntu/airflow/airflow_env/lib/python3.8/site-packages/airflow/example_dags/example_xcomargs.py
[2022-10-11 11:10:56,628] {logging_mixin.py:115} INFO - [2022-10-11 11:10:56,628] {dag.py:2379} INFO - Sync 2 DAGs
[2022-10-11 11:10:56,649] {logging_mixin.py:115} INFO - [2022-10-11 11:10:56,649] {dag.py:2927} INFO - Setting next_dagrun for example_xcom_args to None, run_after=None
[2022-10-11 11:10:56,650] {logging_mixin.py:115} INFO - [2022-10-11 11:10:56,650] {dag.py:2927} INFO - Setting next_dagrun for example_xcom_args_with_operators to None, run_after=None
[2022-10-11 11:10:56,671] {processor.py:161} INFO - Processing /home/ubuntu/airflow/airflow_env/lib/python3.8/site-packages/airflow/example_dags/example_xcomargs.py took 0.097 seconds
[2022-10-11 11:11:29,972] {processor.py:153} INFO - Started process (PID=203671) to work on /home/ubuntu/airflow/airflow_env/lib/python3.8/site-packages/airflow/example_dags/example_xcomargs.py
[2022-10-11 11:11:29,973] {processor.py:641} INFO - Processing file /home/ubuntu/airflow/airflow_env/lib/python3.8/site-packages/airflow/example_dags/example_xcomargs.py for tasks to queue
[2022-10-11 11:11:29,974] {logging_mixin.py:115} INFO - [2022-10-11 11:11:29,974] {dagbag.py:507} INFO - Filling up the DagBag from /home/ubuntu/airflow/airflow_env/lib/python3.8/site-packages/airflow/example_dags/example_xcomargs.py
[2022-10-11 11:11:30,003] {processor.py:651} INFO - DAG(s) dict_keys(['example_xcom_args', 'example_xcom_args_with_operators']) retrieved from /home/ubuntu/airflow/airflow_env/lib/python3.8/site-packages/airflow/example_dags/example_xcomargs.py
[2022-10-11 11:11:30,069] {logging_mixin.py:115} INFO - [2022-10-11 11:11:30,068] {dag.py:2379} INFO - Sync 2 DAGs
[2022-10-11 11:11:30,082] {logging_mixin.py:115} INFO - [2022-10-11 11:11:30,082] {dag.py:2927} INFO - Setting next_dagrun for example_xcom_args to None, run_after=None
[2022-10-11 11:11:30,083] {logging_mixin.py:115} INFO - [2022-10-11 11:11:30,083] {dag.py:2927} INFO - Setting next_dagrun for example_xcom_args_with_operators to None, run_after=None
[2022-10-11 11:11:30,095] {processor.py:161} INFO - Processing /home/ubuntu/airflow/airflow_env/lib/python3.8/site-packages/airflow/example_dags/example_xcomargs.py took 0.130 seconds
[2022-10-11 11:12:05,249] {processor.py:153} INFO - Started process (PID=203728) to work on /home/ubuntu/airflow/airflow_env/lib/python3.8/site-packages/airflow/example_dags/example_xcomargs.py
[2022-10-11 11:12:05,251] {processor.py:641} INFO - Processing file /home/ubuntu/airflow/airflow_env/lib/python3.8/site-packages/airflow/example_dags/example_xcomargs.py for tasks to queue
[2022-10-11 11:12:05,252] {logging_mixin.py:115} INFO - [2022-10-11 11:12:05,251] {dagbag.py:507} INFO - Filling up the DagBag from /home/ubuntu/airflow/airflow_env/lib/python3.8/site-packages/airflow/example_dags/example_xcomargs.py
[2022-10-11 11:12:05,273] {processor.py:651} INFO - DAG(s) dict_keys(['example_xcom_args', 'example_xcom_args_with_operators']) retrieved from /home/ubuntu/airflow/airflow_env/lib/python3.8/site-packages/airflow/example_dags/example_xcomargs.py
[2022-10-11 11:12:05,326] {logging_mixin.py:115} INFO - [2022-10-11 11:12:05,326] {dag.py:2379} INFO - Sync 2 DAGs
[2022-10-11 11:12:05,342] {logging_mixin.py:115} INFO - [2022-10-11 11:12:05,341] {dag.py:2927} INFO - Setting next_dagrun for example_xcom_args to None, run_after=None
[2022-10-11 11:12:05,342] {logging_mixin.py:115} INFO - [2022-10-11 11:12:05,342] {dag.py:2927} INFO - Setting next_dagrun for example_xcom_args_with_operators to None, run_after=None
[2022-10-11 11:12:05,358] {processor.py:161} INFO - Processing /home/ubuntu/airflow/airflow_env/lib/python3.8/site-packages/airflow/example_dags/example_xcomargs.py took 0.113 seconds
[2022-10-11 11:12:43,043] {processor.py:153} INFO - Started process (PID=203899) to work on /home/ubuntu/airflow/airflow_env/lib/python3.8/site-packages/airflow/example_dags/example_xcomargs.py
[2022-10-11 11:12:43,044] {processor.py:641} INFO - Processing file /home/ubuntu/airflow/airflow_env/lib/python3.8/site-packages/airflow/example_dags/example_xcomargs.py for tasks to queue
[2022-10-11 11:12:43,045] {logging_mixin.py:115} INFO - [2022-10-11 11:12:43,044] {dagbag.py:507} INFO - Filling up the DagBag from /home/ubuntu/airflow/airflow_env/lib/python3.8/site-packages/airflow/example_dags/example_xcomargs.py
[2022-10-11 11:12:43,118] {processor.py:651} INFO - DAG(s) dict_keys(['example_xcom_args', 'example_xcom_args_with_operators']) retrieved from /home/ubuntu/airflow/airflow_env/lib/python3.8/site-packages/airflow/example_dags/example_xcomargs.py
[2022-10-11 11:12:43,303] {logging_mixin.py:115} INFO - [2022-10-11 11:12:43,303] {dag.py:2379} INFO - Sync 2 DAGs
[2022-10-11 11:12:43,417] {logging_mixin.py:115} INFO - [2022-10-11 11:12:43,417] {dag.py:2927} INFO - Setting next_dagrun for example_xcom_args to None, run_after=None
[2022-10-11 11:12:43,417] {logging_mixin.py:115} INFO - [2022-10-11 11:12:43,417] {dag.py:2927} INFO - Setting next_dagrun for example_xcom_args_with_operators to None, run_after=None
[2022-10-11 11:12:43,450] {processor.py:161} INFO - Processing /home/ubuntu/airflow/airflow_env/lib/python3.8/site-packages/airflow/example_dags/example_xcomargs.py took 0.471 seconds
[2022-10-11 11:13:26,873] {processor.py:153} INFO - Started process (PID=210121) to work on /home/ubuntu/airflow/airflow_env/lib/python3.8/site-packages/airflow/example_dags/example_xcomargs.py
[2022-10-11 11:13:26,875] {processor.py:641} INFO - Processing file /home/ubuntu/airflow/airflow_env/lib/python3.8/site-packages/airflow/example_dags/example_xcomargs.py for tasks to queue
[2022-10-11 11:13:26,876] {logging_mixin.py:115} INFO - [2022-10-11 11:13:26,876] {dagbag.py:507} INFO - Filling up the DagBag from /home/ubuntu/airflow/airflow_env/lib/python3.8/site-packages/airflow/example_dags/example_xcomargs.py
[2022-10-11 11:13:26,954] {processor.py:651} INFO - DAG(s) dict_keys(['example_xcom_args', 'example_xcom_args_with_operators']) retrieved from /home/ubuntu/airflow/airflow_env/lib/python3.8/site-packages/airflow/example_dags/example_xcomargs.py
[2022-10-11 11:13:27,310] {logging_mixin.py:115} INFO - [2022-10-11 11:13:27,295] {dag.py:2379} INFO - Sync 2 DAGs
[2022-10-11 11:13:27,504] {logging_mixin.py:115} INFO - [2022-10-11 11:13:27,504] {dag.py:2927} INFO - Setting next_dagrun for example_xcom_args to None, run_after=None
[2022-10-11 11:13:27,506] {logging_mixin.py:115} INFO - [2022-10-11 11:13:27,506] {dag.py:2927} INFO - Setting next_dagrun for example_xcom_args_with_operators to None, run_after=None
[2022-10-11 11:13:27,545] {processor.py:161} INFO - Processing /home/ubuntu/airflow/airflow_env/lib/python3.8/site-packages/airflow/example_dags/example_xcomargs.py took 0.685 seconds
[2022-10-11 11:14:02,819] {processor.py:153} INFO - Started process (PID=211845) to work on /home/ubuntu/airflow/airflow_env/lib/python3.8/site-packages/airflow/example_dags/example_xcomargs.py
[2022-10-11 11:14:02,820] {processor.py:641} INFO - Processing file /home/ubuntu/airflow/airflow_env/lib/python3.8/site-packages/airflow/example_dags/example_xcomargs.py for tasks to queue
[2022-10-11 11:14:02,821] {logging_mixin.py:115} INFO - [2022-10-11 11:14:02,821] {dagbag.py:507} INFO - Filling up the DagBag from /home/ubuntu/airflow/airflow_env/lib/python3.8/site-packages/airflow/example_dags/example_xcomargs.py
[2022-10-11 11:14:02,845] {processor.py:651} INFO - DAG(s) dict_keys(['example_xcom_args', 'example_xcom_args_with_operators']) retrieved from /home/ubuntu/airflow/airflow_env/lib/python3.8/site-packages/airflow/example_dags/example_xcomargs.py
[2022-10-11 11:14:02,870] {logging_mixin.py:115} INFO - [2022-10-11 11:14:02,870] {dag.py:2379} INFO - Sync 2 DAGs
[2022-10-11 11:14:02,887] {logging_mixin.py:115} INFO - [2022-10-11 11:14:02,886] {dag.py:2927} INFO - Setting next_dagrun for example_xcom_args to None, run_after=None
[2022-10-11 11:14:02,887] {logging_mixin.py:115} INFO - [2022-10-11 11:14:02,887] {dag.py:2927} INFO - Setting next_dagrun for example_xcom_args_with_operators to None, run_after=None
[2022-10-11 11:14:02,900] {processor.py:161} INFO - Processing /home/ubuntu/airflow/airflow_env/lib/python3.8/site-packages/airflow/example_dags/example_xcomargs.py took 0.085 seconds
[2022-10-11 11:14:35,343] {processor.py:153} INFO - Started process (PID=212242) to work on /home/ubuntu/airflow/airflow_env/lib/python3.8/site-packages/airflow/example_dags/example_xcomargs.py
[2022-10-11 11:14:35,344] {processor.py:641} INFO - Processing file /home/ubuntu/airflow/airflow_env/lib/python3.8/site-packages/airflow/example_dags/example_xcomargs.py for tasks to queue
[2022-10-11 11:14:35,345] {logging_mixin.py:115} INFO - [2022-10-11 11:14:35,345] {dagbag.py:507} INFO - Filling up the DagBag from /home/ubuntu/airflow/airflow_env/lib/python3.8/site-packages/airflow/example_dags/example_xcomargs.py
[2022-10-11 11:14:35,372] {processor.py:651} INFO - DAG(s) dict_keys(['example_xcom_args', 'example_xcom_args_with_operators']) retrieved from /home/ubuntu/airflow/airflow_env/lib/python3.8/site-packages/airflow/example_dags/example_xcomargs.py
[2022-10-11 11:14:35,395] {logging_mixin.py:115} INFO - [2022-10-11 11:14:35,395] {dag.py:2379} INFO - Sync 2 DAGs
[2022-10-11 11:14:35,413] {logging_mixin.py:115} INFO - [2022-10-11 11:14:35,413] {dag.py:2927} INFO - Setting next_dagrun for example_xcom_args to None, run_after=None
[2022-10-11 11:14:35,413] {logging_mixin.py:115} INFO - [2022-10-11 11:14:35,413] {dag.py:2927} INFO - Setting next_dagrun for example_xcom_args_with_operators to None, run_after=None
[2022-10-11 11:14:35,426] {processor.py:161} INFO - Processing /home/ubuntu/airflow/airflow_env/lib/python3.8/site-packages/airflow/example_dags/example_xcomargs.py took 0.088 seconds
[2022-10-11 11:15:08,165] {processor.py:153} INFO - Started process (PID=212303) to work on /home/ubuntu/airflow/airflow_env/lib/python3.8/site-packages/airflow/example_dags/example_xcomargs.py
[2022-10-11 11:15:08,166] {processor.py:641} INFO - Processing file /home/ubuntu/airflow/airflow_env/lib/python3.8/site-packages/airflow/example_dags/example_xcomargs.py for tasks to queue
[2022-10-11 11:15:08,167] {logging_mixin.py:115} INFO - [2022-10-11 11:15:08,167] {dagbag.py:507} INFO - Filling up the DagBag from /home/ubuntu/airflow/airflow_env/lib/python3.8/site-packages/airflow/example_dags/example_xcomargs.py
[2022-10-11 11:15:08,193] {processor.py:651} INFO - DAG(s) dict_keys(['example_xcom_args', 'example_xcom_args_with_operators']) retrieved from /home/ubuntu/airflow/airflow_env/lib/python3.8/site-packages/airflow/example_dags/example_xcomargs.py
[2022-10-11 11:15:08,218] {logging_mixin.py:115} INFO - [2022-10-11 11:15:08,218] {dag.py:2379} INFO - Sync 2 DAGs
[2022-10-11 11:15:08,236] {logging_mixin.py:115} INFO - [2022-10-11 11:15:08,236] {dag.py:2927} INFO - Setting next_dagrun for example_xcom_args to None, run_after=None
[2022-10-11 11:15:08,237] {logging_mixin.py:115} INFO - [2022-10-11 11:15:08,237] {dag.py:2927} INFO - Setting next_dagrun for example_xcom_args_with_operators to None, run_after=None
[2022-10-11 11:15:08,249] {processor.py:161} INFO - Processing /home/ubuntu/airflow/airflow_env/lib/python3.8/site-packages/airflow/example_dags/example_xcomargs.py took 0.088 seconds
[2022-10-11 11:15:40,337] {processor.py:153} INFO - Started process (PID=212361) to work on /home/ubuntu/airflow/airflow_env/lib/python3.8/site-packages/airflow/example_dags/example_xcomargs.py
[2022-10-11 11:15:40,338] {processor.py:641} INFO - Processing file /home/ubuntu/airflow/airflow_env/lib/python3.8/site-packages/airflow/example_dags/example_xcomargs.py for tasks to queue
[2022-10-11 11:15:40,339] {logging_mixin.py:115} INFO - [2022-10-11 11:15:40,339] {dagbag.py:507} INFO - Filling up the DagBag from /home/ubuntu/airflow/airflow_env/lib/python3.8/site-packages/airflow/example_dags/example_xcomargs.py
[2022-10-11 11:15:40,366] {processor.py:651} INFO - DAG(s) dict_keys(['example_xcom_args', 'example_xcom_args_with_operators']) retrieved from /home/ubuntu/airflow/airflow_env/lib/python3.8/site-packages/airflow/example_dags/example_xcomargs.py
[2022-10-11 11:15:40,388] {logging_mixin.py:115} INFO - [2022-10-11 11:15:40,388] {dag.py:2379} INFO - Sync 2 DAGs
[2022-10-11 11:15:40,404] {logging_mixin.py:115} INFO - [2022-10-11 11:15:40,404] {dag.py:2927} INFO - Setting next_dagrun for example_xcom_args to None, run_after=None
[2022-10-11 11:15:40,404] {logging_mixin.py:115} INFO - [2022-10-11 11:15:40,404] {dag.py:2927} INFO - Setting next_dagrun for example_xcom_args_with_operators to None, run_after=None
[2022-10-11 11:15:40,415] {processor.py:161} INFO - Processing /home/ubuntu/airflow/airflow_env/lib/python3.8/site-packages/airflow/example_dags/example_xcomargs.py took 0.083 seconds
[2022-10-11 11:16:14,977] {processor.py:153} INFO - Started process (PID=212419) to work on /home/ubuntu/airflow/airflow_env/lib/python3.8/site-packages/airflow/example_dags/example_xcomargs.py
[2022-10-11 11:16:14,979] {processor.py:641} INFO - Processing file /home/ubuntu/airflow/airflow_env/lib/python3.8/site-packages/airflow/example_dags/example_xcomargs.py for tasks to queue
[2022-10-11 11:16:14,980] {logging_mixin.py:115} INFO - [2022-10-11 11:16:14,980] {dagbag.py:507} INFO - Filling up the DagBag from /home/ubuntu/airflow/airflow_env/lib/python3.8/site-packages/airflow/example_dags/example_xcomargs.py
[2022-10-11 11:16:15,003] {processor.py:651} INFO - DAG(s) dict_keys(['example_xcom_args', 'example_xcom_args_with_operators']) retrieved from /home/ubuntu/airflow/airflow_env/lib/python3.8/site-packages/airflow/example_dags/example_xcomargs.py
[2022-10-11 11:16:15,050] {logging_mixin.py:115} INFO - [2022-10-11 11:16:15,050] {dag.py:2379} INFO - Sync 2 DAGs
[2022-10-11 11:16:15,061] {logging_mixin.py:115} INFO - [2022-10-11 11:16:15,061] {dag.py:2927} INFO - Setting next_dagrun for example_xcom_args to None, run_after=None
[2022-10-11 11:16:15,062] {logging_mixin.py:115} INFO - [2022-10-11 11:16:15,062] {dag.py:2927} INFO - Setting next_dagrun for example_xcom_args_with_operators to None, run_after=None
[2022-10-11 11:16:15,074] {processor.py:161} INFO - Processing /home/ubuntu/airflow/airflow_env/lib/python3.8/site-packages/airflow/example_dags/example_xcomargs.py took 0.101 seconds
[2022-10-11 11:16:48,347] {processor.py:153} INFO - Started process (PID=212497) to work on /home/ubuntu/airflow/airflow_env/lib/python3.8/site-packages/airflow/example_dags/example_xcomargs.py
[2022-10-11 11:16:48,348] {processor.py:641} INFO - Processing file /home/ubuntu/airflow/airflow_env/lib/python3.8/site-packages/airflow/example_dags/example_xcomargs.py for tasks to queue
[2022-10-11 11:16:48,349] {logging_mixin.py:115} INFO - [2022-10-11 11:16:48,349] {dagbag.py:507} INFO - Filling up the DagBag from /home/ubuntu/airflow/airflow_env/lib/python3.8/site-packages/airflow/example_dags/example_xcomargs.py
[2022-10-11 11:16:48,372] {processor.py:651} INFO - DAG(s) dict_keys(['example_xcom_args', 'example_xcom_args_with_operators']) retrieved from /home/ubuntu/airflow/airflow_env/lib/python3.8/site-packages/airflow/example_dags/example_xcomargs.py
[2022-10-11 11:16:48,394] {logging_mixin.py:115} INFO - [2022-10-11 11:16:48,394] {dag.py:2379} INFO - Sync 2 DAGs
[2022-10-11 11:16:48,412] {logging_mixin.py:115} INFO - [2022-10-11 11:16:48,412] {dag.py:2927} INFO - Setting next_dagrun for example_xcom_args to None, run_after=None
[2022-10-11 11:16:48,412] {logging_mixin.py:115} INFO - [2022-10-11 11:16:48,412] {dag.py:2927} INFO - Setting next_dagrun for example_xcom_args_with_operators to None, run_after=None
[2022-10-11 11:16:48,425] {processor.py:161} INFO - Processing /home/ubuntu/airflow/airflow_env/lib/python3.8/site-packages/airflow/example_dags/example_xcomargs.py took 0.082 seconds
[2022-10-11 11:17:22,009] {processor.py:153} INFO - Started process (PID=212828) to work on /home/ubuntu/airflow/airflow_env/lib/python3.8/site-packages/airflow/example_dags/example_xcomargs.py
[2022-10-11 11:17:22,011] {processor.py:641} INFO - Processing file /home/ubuntu/airflow/airflow_env/lib/python3.8/site-packages/airflow/example_dags/example_xcomargs.py for tasks to queue
[2022-10-11 11:17:22,012] {logging_mixin.py:115} INFO - [2022-10-11 11:17:22,011] {dagbag.py:507} INFO - Filling up the DagBag from /home/ubuntu/airflow/airflow_env/lib/python3.8/site-packages/airflow/example_dags/example_xcomargs.py
[2022-10-11 11:17:22,036] {processor.py:651} INFO - DAG(s) dict_keys(['example_xcom_args', 'example_xcom_args_with_operators']) retrieved from /home/ubuntu/airflow/airflow_env/lib/python3.8/site-packages/airflow/example_dags/example_xcomargs.py
[2022-10-11 11:17:22,057] {logging_mixin.py:115} INFO - [2022-10-11 11:17:22,057] {dag.py:2379} INFO - Sync 2 DAGs
[2022-10-11 11:17:22,073] {logging_mixin.py:115} INFO - [2022-10-11 11:17:22,073] {dag.py:2927} INFO - Setting next_dagrun for example_xcom_args to None, run_after=None
[2022-10-11 11:17:22,073] {logging_mixin.py:115} INFO - [2022-10-11 11:17:22,073] {dag.py:2927} INFO - Setting next_dagrun for example_xcom_args_with_operators to None, run_after=None
[2022-10-11 11:17:22,086] {processor.py:161} INFO - Processing /home/ubuntu/airflow/airflow_env/lib/python3.8/site-packages/airflow/example_dags/example_xcomargs.py took 0.082 seconds
[2022-10-11 11:17:58,285] {processor.py:153} INFO - Started process (PID=212928) to work on /home/ubuntu/airflow/airflow_env/lib/python3.8/site-packages/airflow/example_dags/example_xcomargs.py
[2022-10-11 11:17:58,286] {processor.py:641} INFO - Processing file /home/ubuntu/airflow/airflow_env/lib/python3.8/site-packages/airflow/example_dags/example_xcomargs.py for tasks to queue
[2022-10-11 11:17:58,287] {logging_mixin.py:115} INFO - [2022-10-11 11:17:58,287] {dagbag.py:507} INFO - Filling up the DagBag from /home/ubuntu/airflow/airflow_env/lib/python3.8/site-packages/airflow/example_dags/example_xcomargs.py
[2022-10-11 11:17:58,317] {processor.py:651} INFO - DAG(s) dict_keys(['example_xcom_args', 'example_xcom_args_with_operators']) retrieved from /home/ubuntu/airflow/airflow_env/lib/python3.8/site-packages/airflow/example_dags/example_xcomargs.py
[2022-10-11 11:17:58,351] {logging_mixin.py:115} INFO - [2022-10-11 11:17:58,351] {dag.py:2379} INFO - Sync 2 DAGs
[2022-10-11 11:17:58,369] {logging_mixin.py:115} INFO - [2022-10-11 11:17:58,369] {dag.py:2927} INFO - Setting next_dagrun for example_xcom_args to None, run_after=None
[2022-10-11 11:17:58,369] {logging_mixin.py:115} INFO - [2022-10-11 11:17:58,369] {dag.py:2927} INFO - Setting next_dagrun for example_xcom_args_with_operators to None, run_after=None
[2022-10-11 11:17:58,384] {processor.py:161} INFO - Processing /home/ubuntu/airflow/airflow_env/lib/python3.8/site-packages/airflow/example_dags/example_xcomargs.py took 0.105 seconds
[2022-10-11 11:18:30,408] {processor.py:153} INFO - Started process (PID=212981) to work on /home/ubuntu/airflow/airflow_env/lib/python3.8/site-packages/airflow/example_dags/example_xcomargs.py
[2022-10-11 11:18:30,409] {processor.py:641} INFO - Processing file /home/ubuntu/airflow/airflow_env/lib/python3.8/site-packages/airflow/example_dags/example_xcomargs.py for tasks to queue
[2022-10-11 11:18:30,410] {logging_mixin.py:115} INFO - [2022-10-11 11:18:30,409] {dagbag.py:507} INFO - Filling up the DagBag from /home/ubuntu/airflow/airflow_env/lib/python3.8/site-packages/airflow/example_dags/example_xcomargs.py
[2022-10-11 11:18:30,434] {processor.py:651} INFO - DAG(s) dict_keys(['example_xcom_args', 'example_xcom_args_with_operators']) retrieved from /home/ubuntu/airflow/airflow_env/lib/python3.8/site-packages/airflow/example_dags/example_xcomargs.py
[2022-10-11 11:18:30,481] {logging_mixin.py:115} INFO - [2022-10-11 11:18:30,481] {dag.py:2379} INFO - Sync 2 DAGs
[2022-10-11 11:18:30,492] {logging_mixin.py:115} INFO - [2022-10-11 11:18:30,492] {dag.py:2927} INFO - Setting next_dagrun for example_xcom_args to None, run_after=None
[2022-10-11 11:18:30,493] {logging_mixin.py:115} INFO - [2022-10-11 11:18:30,493] {dag.py:2927} INFO - Setting next_dagrun for example_xcom_args_with_operators to None, run_after=None
[2022-10-11 11:18:30,506] {processor.py:161} INFO - Processing /home/ubuntu/airflow/airflow_env/lib/python3.8/site-packages/airflow/example_dags/example_xcomargs.py took 0.102 seconds
[2022-10-11 11:19:04,148] {processor.py:153} INFO - Started process (PID=213080) to work on /home/ubuntu/airflow/airflow_env/lib/python3.8/site-packages/airflow/example_dags/example_xcomargs.py
[2022-10-11 11:19:04,149] {processor.py:641} INFO - Processing file /home/ubuntu/airflow/airflow_env/lib/python3.8/site-packages/airflow/example_dags/example_xcomargs.py for tasks to queue
[2022-10-11 11:19:04,151] {logging_mixin.py:115} INFO - [2022-10-11 11:19:04,150] {dagbag.py:507} INFO - Filling up the DagBag from /home/ubuntu/airflow/airflow_env/lib/python3.8/site-packages/airflow/example_dags/example_xcomargs.py
[2022-10-11 11:19:04,209] {processor.py:651} INFO - DAG(s) dict_keys(['example_xcom_args', 'example_xcom_args_with_operators']) retrieved from /home/ubuntu/airflow/airflow_env/lib/python3.8/site-packages/airflow/example_dags/example_xcomargs.py
[2022-10-11 11:19:04,292] {logging_mixin.py:115} INFO - [2022-10-11 11:19:04,292] {dag.py:2379} INFO - Sync 2 DAGs
[2022-10-11 11:19:04,313] {logging_mixin.py:115} INFO - [2022-10-11 11:19:04,313] {dag.py:2927} INFO - Setting next_dagrun for example_xcom_args to None, run_after=None
[2022-10-11 11:19:04,314] {logging_mixin.py:115} INFO - [2022-10-11 11:19:04,314] {dag.py:2927} INFO - Setting next_dagrun for example_xcom_args_with_operators to None, run_after=None
[2022-10-11 11:19:04,339] {processor.py:161} INFO - Processing /home/ubuntu/airflow/airflow_env/lib/python3.8/site-packages/airflow/example_dags/example_xcomargs.py took 0.196 seconds
[2022-10-11 11:19:36,263] {processor.py:153} INFO - Started process (PID=213218) to work on /home/ubuntu/airflow/airflow_env/lib/python3.8/site-packages/airflow/example_dags/example_xcomargs.py
[2022-10-11 11:19:36,264] {processor.py:641} INFO - Processing file /home/ubuntu/airflow/airflow_env/lib/python3.8/site-packages/airflow/example_dags/example_xcomargs.py for tasks to queue
[2022-10-11 11:19:36,265] {logging_mixin.py:115} INFO - [2022-10-11 11:19:36,265] {dagbag.py:507} INFO - Filling up the DagBag from /home/ubuntu/airflow/airflow_env/lib/python3.8/site-packages/airflow/example_dags/example_xcomargs.py
[2022-10-11 11:19:36,303] {processor.py:651} INFO - DAG(s) dict_keys(['example_xcom_args', 'example_xcom_args_with_operators']) retrieved from /home/ubuntu/airflow/airflow_env/lib/python3.8/site-packages/airflow/example_dags/example_xcomargs.py
[2022-10-11 11:19:36,333] {logging_mixin.py:115} INFO - [2022-10-11 11:19:36,333] {dag.py:2379} INFO - Sync 2 DAGs
[2022-10-11 11:19:36,355] {logging_mixin.py:115} INFO - [2022-10-11 11:19:36,355] {dag.py:2927} INFO - Setting next_dagrun for example_xcom_args to None, run_after=None
[2022-10-11 11:19:36,356] {logging_mixin.py:115} INFO - [2022-10-11 11:19:36,356] {dag.py:2927} INFO - Setting next_dagrun for example_xcom_args_with_operators to None, run_after=None
[2022-10-11 11:19:36,372] {processor.py:161} INFO - Processing /home/ubuntu/airflow/airflow_env/lib/python3.8/site-packages/airflow/example_dags/example_xcomargs.py took 0.117 seconds
[2022-10-11 11:20:12,988] {processor.py:153} INFO - Started process (PID=213316) to work on /home/ubuntu/airflow/airflow_env/lib/python3.8/site-packages/airflow/example_dags/example_xcomargs.py
[2022-10-11 11:20:12,989] {processor.py:641} INFO - Processing file /home/ubuntu/airflow/airflow_env/lib/python3.8/site-packages/airflow/example_dags/example_xcomargs.py for tasks to queue
[2022-10-11 11:20:12,990] {logging_mixin.py:115} INFO - [2022-10-11 11:20:12,990] {dagbag.py:507} INFO - Filling up the DagBag from /home/ubuntu/airflow/airflow_env/lib/python3.8/site-packages/airflow/example_dags/example_xcomargs.py
[2022-10-11 11:20:13,018] {processor.py:651} INFO - DAG(s) dict_keys(['example_xcom_args', 'example_xcom_args_with_operators']) retrieved from /home/ubuntu/airflow/airflow_env/lib/python3.8/site-packages/airflow/example_dags/example_xcomargs.py
[2022-10-11 11:20:13,044] {logging_mixin.py:115} INFO - [2022-10-11 11:20:13,044] {dag.py:2379} INFO - Sync 2 DAGs
[2022-10-11 11:20:13,067] {logging_mixin.py:115} INFO - [2022-10-11 11:20:13,067] {dag.py:2927} INFO - Setting next_dagrun for example_xcom_args to None, run_after=None
[2022-10-11 11:20:13,067] {logging_mixin.py:115} INFO - [2022-10-11 11:20:13,067] {dag.py:2927} INFO - Setting next_dagrun for example_xcom_args_with_operators to None, run_after=None
[2022-10-11 11:20:13,085] {processor.py:161} INFO - Processing /home/ubuntu/airflow/airflow_env/lib/python3.8/site-packages/airflow/example_dags/example_xcomargs.py took 0.101 seconds
[2022-10-11 11:20:46,304] {processor.py:153} INFO - Started process (PID=213374) to work on /home/ubuntu/airflow/airflow_env/lib/python3.8/site-packages/airflow/example_dags/example_xcomargs.py
[2022-10-11 11:20:46,305] {processor.py:641} INFO - Processing file /home/ubuntu/airflow/airflow_env/lib/python3.8/site-packages/airflow/example_dags/example_xcomargs.py for tasks to queue
[2022-10-11 11:20:46,305] {logging_mixin.py:115} INFO - [2022-10-11 11:20:46,305] {dagbag.py:507} INFO - Filling up the DagBag from /home/ubuntu/airflow/airflow_env/lib/python3.8/site-packages/airflow/example_dags/example_xcomargs.py
[2022-10-11 11:20:46,329] {processor.py:651} INFO - DAG(s) dict_keys(['example_xcom_args', 'example_xcom_args_with_operators']) retrieved from /home/ubuntu/airflow/airflow_env/lib/python3.8/site-packages/airflow/example_dags/example_xcomargs.py
[2022-10-11 11:20:46,347] {logging_mixin.py:115} INFO - [2022-10-11 11:20:46,347] {dag.py:2379} INFO - Sync 2 DAGs
[2022-10-11 11:20:46,362] {logging_mixin.py:115} INFO - [2022-10-11 11:20:46,362] {dag.py:2927} INFO - Setting next_dagrun for example_xcom_args to None, run_after=None
[2022-10-11 11:20:46,362] {logging_mixin.py:115} INFO - [2022-10-11 11:20:46,362] {dag.py:2927} INFO - Setting next_dagrun for example_xcom_args_with_operators to None, run_after=None
[2022-10-11 11:20:46,373] {processor.py:161} INFO - Processing /home/ubuntu/airflow/airflow_env/lib/python3.8/site-packages/airflow/example_dags/example_xcomargs.py took 0.074 seconds
[2022-10-11 11:21:19,551] {processor.py:153} INFO - Started process (PID=213431) to work on /home/ubuntu/airflow/airflow_env/lib/python3.8/site-packages/airflow/example_dags/example_xcomargs.py
[2022-10-11 11:21:19,552] {processor.py:641} INFO - Processing file /home/ubuntu/airflow/airflow_env/lib/python3.8/site-packages/airflow/example_dags/example_xcomargs.py for tasks to queue
[2022-10-11 11:21:19,552] {logging_mixin.py:115} INFO - [2022-10-11 11:21:19,552] {dagbag.py:507} INFO - Filling up the DagBag from /home/ubuntu/airflow/airflow_env/lib/python3.8/site-packages/airflow/example_dags/example_xcomargs.py
[2022-10-11 11:21:19,576] {processor.py:651} INFO - DAG(s) dict_keys(['example_xcom_args', 'example_xcom_args_with_operators']) retrieved from /home/ubuntu/airflow/airflow_env/lib/python3.8/site-packages/airflow/example_dags/example_xcomargs.py
[2022-10-11 11:21:19,636] {logging_mixin.py:115} INFO - [2022-10-11 11:21:19,636] {dag.py:2379} INFO - Sync 2 DAGs
[2022-10-11 11:21:19,650] {logging_mixin.py:115} INFO - [2022-10-11 11:21:19,650] {dag.py:2927} INFO - Setting next_dagrun for example_xcom_args to None, run_after=None
[2022-10-11 11:21:19,650] {logging_mixin.py:115} INFO - [2022-10-11 11:21:19,650] {dag.py:2927} INFO - Setting next_dagrun for example_xcom_args_with_operators to None, run_after=None
[2022-10-11 11:21:19,664] {processor.py:161} INFO - Processing /home/ubuntu/airflow/airflow_env/lib/python3.8/site-packages/airflow/example_dags/example_xcomargs.py took 0.118 seconds
