[2022-10-11 11:01:54,207] {processor.py:153} INFO - Started process (PID=202355) to work on /home/ubuntu/airflow/airflow_env/lib/python3.8/site-packages/airflow/example_dags/example_latest_only_with_trigger.py
[2022-10-11 11:01:54,207] {processor.py:641} INFO - Processing file /home/ubuntu/airflow/airflow_env/lib/python3.8/site-packages/airflow/example_dags/example_latest_only_with_trigger.py for tasks to queue
[2022-10-11 11:01:54,208] {logging_mixin.py:115} INFO - [2022-10-11 11:01:54,208] {dagbag.py:507} INFO - Filling up the DagBag from /home/ubuntu/airflow/airflow_env/lib/python3.8/site-packages/airflow/example_dags/example_latest_only_with_trigger.py
[2022-10-11 11:01:54,215] {processor.py:651} INFO - DAG(s) dict_keys(['latest_only_with_trigger']) retrieved from /home/ubuntu/airflow/airflow_env/lib/python3.8/site-packages/airflow/example_dags/example_latest_only_with_trigger.py
[2022-10-11 11:01:54,236] {logging_mixin.py:115} INFO - [2022-10-11 11:01:54,236] {dag.py:2379} INFO - Sync 1 DAGs
[2022-10-11 11:01:54,255] {logging_mixin.py:115} INFO - [2022-10-11 11:01:54,255] {dag.py:2927} INFO - Setting next_dagrun for latest_only_with_trigger to 2022-10-11T14:01:54.254796+00:00, run_after=2022-10-11T18:01:54.254796+00:00
[2022-10-11 11:01:54,269] {processor.py:161} INFO - Processing /home/ubuntu/airflow/airflow_env/lib/python3.8/site-packages/airflow/example_dags/example_latest_only_with_trigger.py took 0.067 seconds
[2022-10-11 11:02:27,025] {processor.py:153} INFO - Started process (PID=202536) to work on /home/ubuntu/airflow/airflow_env/lib/python3.8/site-packages/airflow/example_dags/example_latest_only_with_trigger.py
[2022-10-11 11:02:27,026] {processor.py:641} INFO - Processing file /home/ubuntu/airflow/airflow_env/lib/python3.8/site-packages/airflow/example_dags/example_latest_only_with_trigger.py for tasks to queue
[2022-10-11 11:02:27,029] {logging_mixin.py:115} INFO - [2022-10-11 11:02:27,029] {dagbag.py:507} INFO - Filling up the DagBag from /home/ubuntu/airflow/airflow_env/lib/python3.8/site-packages/airflow/example_dags/example_latest_only_with_trigger.py
[2022-10-11 11:02:27,040] {processor.py:651} INFO - DAG(s) dict_keys(['latest_only_with_trigger']) retrieved from /home/ubuntu/airflow/airflow_env/lib/python3.8/site-packages/airflow/example_dags/example_latest_only_with_trigger.py
[2022-10-11 11:02:27,084] {logging_mixin.py:115} INFO - [2022-10-11 11:02:27,084] {dag.py:2379} INFO - Sync 1 DAGs
[2022-10-11 11:02:27,107] {logging_mixin.py:115} INFO - [2022-10-11 11:02:27,107] {dag.py:2927} INFO - Setting next_dagrun for latest_only_with_trigger to 2022-10-11T14:02:27.106963+00:00, run_after=2022-10-11T18:02:27.106963+00:00
[2022-10-11 11:02:27,133] {processor.py:161} INFO - Processing /home/ubuntu/airflow/airflow_env/lib/python3.8/site-packages/airflow/example_dags/example_latest_only_with_trigger.py took 0.113 seconds
[2022-10-11 11:03:01,874] {processor.py:153} INFO - Started process (PID=202595) to work on /home/ubuntu/airflow/airflow_env/lib/python3.8/site-packages/airflow/example_dags/example_latest_only_with_trigger.py
[2022-10-11 11:03:01,877] {processor.py:641} INFO - Processing file /home/ubuntu/airflow/airflow_env/lib/python3.8/site-packages/airflow/example_dags/example_latest_only_with_trigger.py for tasks to queue
[2022-10-11 11:03:01,879] {logging_mixin.py:115} INFO - [2022-10-11 11:03:01,879] {dagbag.py:507} INFO - Filling up the DagBag from /home/ubuntu/airflow/airflow_env/lib/python3.8/site-packages/airflow/example_dags/example_latest_only_with_trigger.py
[2022-10-11 11:03:01,887] {processor.py:651} INFO - DAG(s) dict_keys(['latest_only_with_trigger']) retrieved from /home/ubuntu/airflow/airflow_env/lib/python3.8/site-packages/airflow/example_dags/example_latest_only_with_trigger.py
[2022-10-11 11:03:01,908] {logging_mixin.py:115} INFO - [2022-10-11 11:03:01,908] {dag.py:2379} INFO - Sync 1 DAGs
[2022-10-11 11:03:01,923] {logging_mixin.py:115} INFO - [2022-10-11 11:03:01,923] {dag.py:2927} INFO - Setting next_dagrun for latest_only_with_trigger to 2022-10-11T14:03:01.922841+00:00, run_after=2022-10-11T18:03:01.922841+00:00
[2022-10-11 11:03:01,937] {processor.py:161} INFO - Processing /home/ubuntu/airflow/airflow_env/lib/python3.8/site-packages/airflow/example_dags/example_latest_only_with_trigger.py took 0.075 seconds
[2022-10-11 11:03:37,415] {processor.py:153} INFO - Started process (PID=202658) to work on /home/ubuntu/airflow/airflow_env/lib/python3.8/site-packages/airflow/example_dags/example_latest_only_with_trigger.py
[2022-10-11 11:03:37,416] {processor.py:641} INFO - Processing file /home/ubuntu/airflow/airflow_env/lib/python3.8/site-packages/airflow/example_dags/example_latest_only_with_trigger.py for tasks to queue
[2022-10-11 11:03:37,416] {logging_mixin.py:115} INFO - [2022-10-11 11:03:37,416] {dagbag.py:507} INFO - Filling up the DagBag from /home/ubuntu/airflow/airflow_env/lib/python3.8/site-packages/airflow/example_dags/example_latest_only_with_trigger.py
[2022-10-11 11:03:37,424] {processor.py:651} INFO - DAG(s) dict_keys(['latest_only_with_trigger']) retrieved from /home/ubuntu/airflow/airflow_env/lib/python3.8/site-packages/airflow/example_dags/example_latest_only_with_trigger.py
[2022-10-11 11:03:37,447] {logging_mixin.py:115} INFO - [2022-10-11 11:03:37,447] {dag.py:2379} INFO - Sync 1 DAGs
[2022-10-11 11:03:37,464] {logging_mixin.py:115} INFO - [2022-10-11 11:03:37,464] {dag.py:2927} INFO - Setting next_dagrun for latest_only_with_trigger to 2022-10-11T14:03:37.464512+00:00, run_after=2022-10-11T18:03:37.464512+00:00
[2022-10-11 11:03:37,478] {processor.py:161} INFO - Processing /home/ubuntu/airflow/airflow_env/lib/python3.8/site-packages/airflow/example_dags/example_latest_only_with_trigger.py took 0.068 seconds
[2022-10-11 11:04:10,856] {processor.py:153} INFO - Started process (PID=202789) to work on /home/ubuntu/airflow/airflow_env/lib/python3.8/site-packages/airflow/example_dags/example_latest_only_with_trigger.py
[2022-10-11 11:04:10,858] {processor.py:641} INFO - Processing file /home/ubuntu/airflow/airflow_env/lib/python3.8/site-packages/airflow/example_dags/example_latest_only_with_trigger.py for tasks to queue
[2022-10-11 11:04:10,858] {logging_mixin.py:115} INFO - [2022-10-11 11:04:10,858] {dagbag.py:507} INFO - Filling up the DagBag from /home/ubuntu/airflow/airflow_env/lib/python3.8/site-packages/airflow/example_dags/example_latest_only_with_trigger.py
[2022-10-11 11:04:10,867] {processor.py:651} INFO - DAG(s) dict_keys(['latest_only_with_trigger']) retrieved from /home/ubuntu/airflow/airflow_env/lib/python3.8/site-packages/airflow/example_dags/example_latest_only_with_trigger.py
[2022-10-11 11:04:10,890] {logging_mixin.py:115} INFO - [2022-10-11 11:04:10,890] {dag.py:2379} INFO - Sync 1 DAGs
[2022-10-11 11:04:10,906] {logging_mixin.py:115} INFO - [2022-10-11 11:04:10,905] {dag.py:2927} INFO - Setting next_dagrun for latest_only_with_trigger to 2022-10-11T14:04:10.905637+00:00, run_after=2022-10-11T18:04:10.905637+00:00
[2022-10-11 11:04:10,918] {processor.py:161} INFO - Processing /home/ubuntu/airflow/airflow_env/lib/python3.8/site-packages/airflow/example_dags/example_latest_only_with_trigger.py took 0.066 seconds
[2022-10-11 11:04:46,116] {processor.py:153} INFO - Started process (PID=202855) to work on /home/ubuntu/airflow/airflow_env/lib/python3.8/site-packages/airflow/example_dags/example_latest_only_with_trigger.py
[2022-10-11 11:04:46,118] {processor.py:641} INFO - Processing file /home/ubuntu/airflow/airflow_env/lib/python3.8/site-packages/airflow/example_dags/example_latest_only_with_trigger.py for tasks to queue
[2022-10-11 11:04:46,119] {logging_mixin.py:115} INFO - [2022-10-11 11:04:46,119] {dagbag.py:507} INFO - Filling up the DagBag from /home/ubuntu/airflow/airflow_env/lib/python3.8/site-packages/airflow/example_dags/example_latest_only_with_trigger.py
[2022-10-11 11:04:46,128] {processor.py:651} INFO - DAG(s) dict_keys(['latest_only_with_trigger']) retrieved from /home/ubuntu/airflow/airflow_env/lib/python3.8/site-packages/airflow/example_dags/example_latest_only_with_trigger.py
[2022-10-11 11:04:46,154] {logging_mixin.py:115} INFO - [2022-10-11 11:04:46,153] {dag.py:2379} INFO - Sync 1 DAGs
[2022-10-11 11:04:46,174] {logging_mixin.py:115} INFO - [2022-10-11 11:04:46,174] {dag.py:2927} INFO - Setting next_dagrun for latest_only_with_trigger to 2022-10-11T14:04:46.173921+00:00, run_after=2022-10-11T18:04:46.173921+00:00
[2022-10-11 11:04:46,191] {processor.py:161} INFO - Processing /home/ubuntu/airflow/airflow_env/lib/python3.8/site-packages/airflow/example_dags/example_latest_only_with_trigger.py took 0.084 seconds
[2022-10-11 11:05:22,622] {processor.py:153} INFO - Started process (PID=202915) to work on /home/ubuntu/airflow/airflow_env/lib/python3.8/site-packages/airflow/example_dags/example_latest_only_with_trigger.py
[2022-10-11 11:05:22,623] {processor.py:641} INFO - Processing file /home/ubuntu/airflow/airflow_env/lib/python3.8/site-packages/airflow/example_dags/example_latest_only_with_trigger.py for tasks to queue
[2022-10-11 11:05:22,624] {logging_mixin.py:115} INFO - [2022-10-11 11:05:22,624] {dagbag.py:507} INFO - Filling up the DagBag from /home/ubuntu/airflow/airflow_env/lib/python3.8/site-packages/airflow/example_dags/example_latest_only_with_trigger.py
[2022-10-11 11:05:22,635] {processor.py:651} INFO - DAG(s) dict_keys(['latest_only_with_trigger']) retrieved from /home/ubuntu/airflow/airflow_env/lib/python3.8/site-packages/airflow/example_dags/example_latest_only_with_trigger.py
[2022-10-11 11:05:22,660] {logging_mixin.py:115} INFO - [2022-10-11 11:05:22,660] {dag.py:2379} INFO - Sync 1 DAGs
[2022-10-11 11:05:22,681] {logging_mixin.py:115} INFO - [2022-10-11 11:05:22,681] {dag.py:2927} INFO - Setting next_dagrun for latest_only_with_trigger to 2022-10-11T14:05:22.681197+00:00, run_after=2022-10-11T18:05:22.681197+00:00
[2022-10-11 11:05:22,698] {processor.py:161} INFO - Processing /home/ubuntu/airflow/airflow_env/lib/python3.8/site-packages/airflow/example_dags/example_latest_only_with_trigger.py took 0.081 seconds
[2022-10-11 11:05:57,186] {processor.py:153} INFO - Started process (PID=202972) to work on /home/ubuntu/airflow/airflow_env/lib/python3.8/site-packages/airflow/example_dags/example_latest_only_with_trigger.py
[2022-10-11 11:05:57,188] {processor.py:641} INFO - Processing file /home/ubuntu/airflow/airflow_env/lib/python3.8/site-packages/airflow/example_dags/example_latest_only_with_trigger.py for tasks to queue
[2022-10-11 11:05:57,189] {logging_mixin.py:115} INFO - [2022-10-11 11:05:57,189] {dagbag.py:507} INFO - Filling up the DagBag from /home/ubuntu/airflow/airflow_env/lib/python3.8/site-packages/airflow/example_dags/example_latest_only_with_trigger.py
[2022-10-11 11:05:57,208] {processor.py:651} INFO - DAG(s) dict_keys(['latest_only_with_trigger']) retrieved from /home/ubuntu/airflow/airflow_env/lib/python3.8/site-packages/airflow/example_dags/example_latest_only_with_trigger.py
[2022-10-11 11:05:57,262] {logging_mixin.py:115} INFO - [2022-10-11 11:05:57,262] {dag.py:2379} INFO - Sync 1 DAGs
[2022-10-11 11:05:57,295] {logging_mixin.py:115} INFO - [2022-10-11 11:05:57,294] {dag.py:2927} INFO - Setting next_dagrun for latest_only_with_trigger to 2022-10-11T14:05:57.294027+00:00, run_after=2022-10-11T18:05:57.294027+00:00
[2022-10-11 11:05:57,308] {processor.py:161} INFO - Processing /home/ubuntu/airflow/airflow_env/lib/python3.8/site-packages/airflow/example_dags/example_latest_only_with_trigger.py took 0.134 seconds
[2022-10-11 11:06:33,003] {processor.py:153} INFO - Started process (PID=203030) to work on /home/ubuntu/airflow/airflow_env/lib/python3.8/site-packages/airflow/example_dags/example_latest_only_with_trigger.py
[2022-10-11 11:06:33,004] {processor.py:641} INFO - Processing file /home/ubuntu/airflow/airflow_env/lib/python3.8/site-packages/airflow/example_dags/example_latest_only_with_trigger.py for tasks to queue
[2022-10-11 11:06:33,005] {logging_mixin.py:115} INFO - [2022-10-11 11:06:33,005] {dagbag.py:507} INFO - Filling up the DagBag from /home/ubuntu/airflow/airflow_env/lib/python3.8/site-packages/airflow/example_dags/example_latest_only_with_trigger.py
[2022-10-11 11:06:33,015] {processor.py:651} INFO - DAG(s) dict_keys(['latest_only_with_trigger']) retrieved from /home/ubuntu/airflow/airflow_env/lib/python3.8/site-packages/airflow/example_dags/example_latest_only_with_trigger.py
[2022-10-11 11:06:33,038] {logging_mixin.py:115} INFO - [2022-10-11 11:06:33,038] {dag.py:2379} INFO - Sync 1 DAGs
[2022-10-11 11:06:33,054] {logging_mixin.py:115} INFO - [2022-10-11 11:06:33,054] {dag.py:2927} INFO - Setting next_dagrun for latest_only_with_trigger to 2022-10-11T14:06:33.053696+00:00, run_after=2022-10-11T18:06:33.053696+00:00
[2022-10-11 11:06:33,067] {processor.py:161} INFO - Processing /home/ubuntu/airflow/airflow_env/lib/python3.8/site-packages/airflow/example_dags/example_latest_only_with_trigger.py took 0.068 seconds
[2022-10-11 11:07:06,546] {processor.py:153} INFO - Started process (PID=203090) to work on /home/ubuntu/airflow/airflow_env/lib/python3.8/site-packages/airflow/example_dags/example_latest_only_with_trigger.py
[2022-10-11 11:07:06,547] {processor.py:641} INFO - Processing file /home/ubuntu/airflow/airflow_env/lib/python3.8/site-packages/airflow/example_dags/example_latest_only_with_trigger.py for tasks to queue
[2022-10-11 11:07:06,548] {logging_mixin.py:115} INFO - [2022-10-11 11:07:06,547] {dagbag.py:507} INFO - Filling up the DagBag from /home/ubuntu/airflow/airflow_env/lib/python3.8/site-packages/airflow/example_dags/example_latest_only_with_trigger.py
[2022-10-11 11:07:06,555] {processor.py:651} INFO - DAG(s) dict_keys(['latest_only_with_trigger']) retrieved from /home/ubuntu/airflow/airflow_env/lib/python3.8/site-packages/airflow/example_dags/example_latest_only_with_trigger.py
[2022-10-11 11:07:06,579] {logging_mixin.py:115} INFO - [2022-10-11 11:07:06,579] {dag.py:2379} INFO - Sync 1 DAGs
[2022-10-11 11:07:06,596] {logging_mixin.py:115} INFO - [2022-10-11 11:07:06,595] {dag.py:2927} INFO - Setting next_dagrun for latest_only_with_trigger to 2022-10-11T14:07:06.595571+00:00, run_after=2022-10-11T18:07:06.595571+00:00
[2022-10-11 11:07:06,611] {processor.py:161} INFO - Processing /home/ubuntu/airflow/airflow_env/lib/python3.8/site-packages/airflow/example_dags/example_latest_only_with_trigger.py took 0.070 seconds
[2022-10-11 11:07:41,484] {processor.py:153} INFO - Started process (PID=203150) to work on /home/ubuntu/airflow/airflow_env/lib/python3.8/site-packages/airflow/example_dags/example_latest_only_with_trigger.py
[2022-10-11 11:07:41,485] {processor.py:641} INFO - Processing file /home/ubuntu/airflow/airflow_env/lib/python3.8/site-packages/airflow/example_dags/example_latest_only_with_trigger.py for tasks to queue
[2022-10-11 11:07:41,486] {logging_mixin.py:115} INFO - [2022-10-11 11:07:41,486] {dagbag.py:507} INFO - Filling up the DagBag from /home/ubuntu/airflow/airflow_env/lib/python3.8/site-packages/airflow/example_dags/example_latest_only_with_trigger.py
[2022-10-11 11:07:41,498] {processor.py:651} INFO - DAG(s) dict_keys(['latest_only_with_trigger']) retrieved from /home/ubuntu/airflow/airflow_env/lib/python3.8/site-packages/airflow/example_dags/example_latest_only_with_trigger.py
[2022-10-11 11:07:41,523] {logging_mixin.py:115} INFO - [2022-10-11 11:07:41,523] {dag.py:2379} INFO - Sync 1 DAGs
[2022-10-11 11:07:41,540] {logging_mixin.py:115} INFO - [2022-10-11 11:07:41,540] {dag.py:2927} INFO - Setting next_dagrun for latest_only_with_trigger to 2022-10-11T14:07:41.539730+00:00, run_after=2022-10-11T18:07:41.539730+00:00
[2022-10-11 11:07:41,552] {processor.py:161} INFO - Processing /home/ubuntu/airflow/airflow_env/lib/python3.8/site-packages/airflow/example_dags/example_latest_only_with_trigger.py took 0.071 seconds
[2022-10-11 11:08:17,422] {processor.py:153} INFO - Started process (PID=203212) to work on /home/ubuntu/airflow/airflow_env/lib/python3.8/site-packages/airflow/example_dags/example_latest_only_with_trigger.py
[2022-10-11 11:08:17,423] {processor.py:641} INFO - Processing file /home/ubuntu/airflow/airflow_env/lib/python3.8/site-packages/airflow/example_dags/example_latest_only_with_trigger.py for tasks to queue
[2022-10-11 11:08:17,425] {logging_mixin.py:115} INFO - [2022-10-11 11:08:17,424] {dagbag.py:507} INFO - Filling up the DagBag from /home/ubuntu/airflow/airflow_env/lib/python3.8/site-packages/airflow/example_dags/example_latest_only_with_trigger.py
[2022-10-11 11:08:17,433] {processor.py:651} INFO - DAG(s) dict_keys(['latest_only_with_trigger']) retrieved from /home/ubuntu/airflow/airflow_env/lib/python3.8/site-packages/airflow/example_dags/example_latest_only_with_trigger.py
[2022-10-11 11:08:17,456] {logging_mixin.py:115} INFO - [2022-10-11 11:08:17,456] {dag.py:2379} INFO - Sync 1 DAGs
[2022-10-11 11:08:17,473] {logging_mixin.py:115} INFO - [2022-10-11 11:08:17,472] {dag.py:2927} INFO - Setting next_dagrun for latest_only_with_trigger to 2022-10-11T14:08:17.472510+00:00, run_after=2022-10-11T18:08:17.472510+00:00
[2022-10-11 11:08:17,485] {processor.py:161} INFO - Processing /home/ubuntu/airflow/airflow_env/lib/python3.8/site-packages/airflow/example_dags/example_latest_only_with_trigger.py took 0.068 seconds
[2022-10-11 11:08:50,741] {processor.py:153} INFO - Started process (PID=203301) to work on /home/ubuntu/airflow/airflow_env/lib/python3.8/site-packages/airflow/example_dags/example_latest_only_with_trigger.py
[2022-10-11 11:08:50,742] {processor.py:641} INFO - Processing file /home/ubuntu/airflow/airflow_env/lib/python3.8/site-packages/airflow/example_dags/example_latest_only_with_trigger.py for tasks to queue
[2022-10-11 11:08:50,743] {logging_mixin.py:115} INFO - [2022-10-11 11:08:50,742] {dagbag.py:507} INFO - Filling up the DagBag from /home/ubuntu/airflow/airflow_env/lib/python3.8/site-packages/airflow/example_dags/example_latest_only_with_trigger.py
[2022-10-11 11:08:50,750] {processor.py:651} INFO - DAG(s) dict_keys(['latest_only_with_trigger']) retrieved from /home/ubuntu/airflow/airflow_env/lib/python3.8/site-packages/airflow/example_dags/example_latest_only_with_trigger.py
[2022-10-11 11:08:50,777] {logging_mixin.py:115} INFO - [2022-10-11 11:08:50,777] {dag.py:2379} INFO - Sync 1 DAGs
[2022-10-11 11:08:50,795] {logging_mixin.py:115} INFO - [2022-10-11 11:08:50,795] {dag.py:2927} INFO - Setting next_dagrun for latest_only_with_trigger to 2022-10-11T14:08:50.795402+00:00, run_after=2022-10-11T18:08:50.795402+00:00
[2022-10-11 11:08:50,810] {processor.py:161} INFO - Processing /home/ubuntu/airflow/airflow_env/lib/python3.8/site-packages/airflow/example_dags/example_latest_only_with_trigger.py took 0.073 seconds
[2022-10-11 11:09:23,571] {processor.py:153} INFO - Started process (PID=203470) to work on /home/ubuntu/airflow/airflow_env/lib/python3.8/site-packages/airflow/example_dags/example_latest_only_with_trigger.py
[2022-10-11 11:09:23,572] {processor.py:641} INFO - Processing file /home/ubuntu/airflow/airflow_env/lib/python3.8/site-packages/airflow/example_dags/example_latest_only_with_trigger.py for tasks to queue
[2022-10-11 11:09:23,573] {logging_mixin.py:115} INFO - [2022-10-11 11:09:23,573] {dagbag.py:507} INFO - Filling up the DagBag from /home/ubuntu/airflow/airflow_env/lib/python3.8/site-packages/airflow/example_dags/example_latest_only_with_trigger.py
[2022-10-11 11:09:23,581] {processor.py:651} INFO - DAG(s) dict_keys(['latest_only_with_trigger']) retrieved from /home/ubuntu/airflow/airflow_env/lib/python3.8/site-packages/airflow/example_dags/example_latest_only_with_trigger.py
[2022-10-11 11:09:23,610] {logging_mixin.py:115} INFO - [2022-10-11 11:09:23,610] {dag.py:2379} INFO - Sync 1 DAGs
[2022-10-11 11:09:23,630] {logging_mixin.py:115} INFO - [2022-10-11 11:09:23,630] {dag.py:2927} INFO - Setting next_dagrun for latest_only_with_trigger to 2022-10-11T14:09:23.630400+00:00, run_after=2022-10-11T18:09:23.630400+00:00
[2022-10-11 11:09:23,649] {processor.py:161} INFO - Processing /home/ubuntu/airflow/airflow_env/lib/python3.8/site-packages/airflow/example_dags/example_latest_only_with_trigger.py took 0.083 seconds
[2022-10-11 11:09:59,227] {processor.py:153} INFO - Started process (PID=203529) to work on /home/ubuntu/airflow/airflow_env/lib/python3.8/site-packages/airflow/example_dags/example_latest_only_with_trigger.py
[2022-10-11 11:09:59,228] {processor.py:641} INFO - Processing file /home/ubuntu/airflow/airflow_env/lib/python3.8/site-packages/airflow/example_dags/example_latest_only_with_trigger.py for tasks to queue
[2022-10-11 11:09:59,229] {logging_mixin.py:115} INFO - [2022-10-11 11:09:59,229] {dagbag.py:507} INFO - Filling up the DagBag from /home/ubuntu/airflow/airflow_env/lib/python3.8/site-packages/airflow/example_dags/example_latest_only_with_trigger.py
[2022-10-11 11:09:59,239] {processor.py:651} INFO - DAG(s) dict_keys(['latest_only_with_trigger']) retrieved from /home/ubuntu/airflow/airflow_env/lib/python3.8/site-packages/airflow/example_dags/example_latest_only_with_trigger.py
[2022-10-11 11:09:59,270] {logging_mixin.py:115} INFO - [2022-10-11 11:09:59,270] {dag.py:2379} INFO - Sync 1 DAGs
[2022-10-11 11:09:59,294] {logging_mixin.py:115} INFO - [2022-10-11 11:09:59,294] {dag.py:2927} INFO - Setting next_dagrun for latest_only_with_trigger to 2022-10-11T14:09:59.293412+00:00, run_after=2022-10-11T18:09:59.293412+00:00
[2022-10-11 11:09:59,312] {processor.py:161} INFO - Processing /home/ubuntu/airflow/airflow_env/lib/python3.8/site-packages/airflow/example_dags/example_latest_only_with_trigger.py took 0.091 seconds
[2022-10-11 11:10:33,195] {processor.py:153} INFO - Started process (PID=203579) to work on /home/ubuntu/airflow/airflow_env/lib/python3.8/site-packages/airflow/example_dags/example_latest_only_with_trigger.py
[2022-10-11 11:10:33,196] {processor.py:641} INFO - Processing file /home/ubuntu/airflow/airflow_env/lib/python3.8/site-packages/airflow/example_dags/example_latest_only_with_trigger.py for tasks to queue
[2022-10-11 11:10:33,197] {logging_mixin.py:115} INFO - [2022-10-11 11:10:33,197] {dagbag.py:507} INFO - Filling up the DagBag from /home/ubuntu/airflow/airflow_env/lib/python3.8/site-packages/airflow/example_dags/example_latest_only_with_trigger.py
[2022-10-11 11:10:33,207] {processor.py:651} INFO - DAG(s) dict_keys(['latest_only_with_trigger']) retrieved from /home/ubuntu/airflow/airflow_env/lib/python3.8/site-packages/airflow/example_dags/example_latest_only_with_trigger.py
[2022-10-11 11:10:33,230] {logging_mixin.py:115} INFO - [2022-10-11 11:10:33,230] {dag.py:2379} INFO - Sync 1 DAGs
[2022-10-11 11:10:33,249] {logging_mixin.py:115} INFO - [2022-10-11 11:10:33,249] {dag.py:2927} INFO - Setting next_dagrun for latest_only_with_trigger to 2022-10-11T14:10:33.248974+00:00, run_after=2022-10-11T18:10:33.248974+00:00
[2022-10-11 11:10:33,262] {processor.py:161} INFO - Processing /home/ubuntu/airflow/airflow_env/lib/python3.8/site-packages/airflow/example_dags/example_latest_only_with_trigger.py took 0.074 seconds
[2022-10-11 11:11:09,467] {processor.py:153} INFO - Started process (PID=203638) to work on /home/ubuntu/airflow/airflow_env/lib/python3.8/site-packages/airflow/example_dags/example_latest_only_with_trigger.py
[2022-10-11 11:11:09,469] {processor.py:641} INFO - Processing file /home/ubuntu/airflow/airflow_env/lib/python3.8/site-packages/airflow/example_dags/example_latest_only_with_trigger.py for tasks to queue
[2022-10-11 11:11:09,470] {logging_mixin.py:115} INFO - [2022-10-11 11:11:09,470] {dagbag.py:507} INFO - Filling up the DagBag from /home/ubuntu/airflow/airflow_env/lib/python3.8/site-packages/airflow/example_dags/example_latest_only_with_trigger.py
[2022-10-11 11:11:09,481] {processor.py:651} INFO - DAG(s) dict_keys(['latest_only_with_trigger']) retrieved from /home/ubuntu/airflow/airflow_env/lib/python3.8/site-packages/airflow/example_dags/example_latest_only_with_trigger.py
[2022-10-11 11:11:09,506] {logging_mixin.py:115} INFO - [2022-10-11 11:11:09,506] {dag.py:2379} INFO - Sync 1 DAGs
[2022-10-11 11:11:09,527] {logging_mixin.py:115} INFO - [2022-10-11 11:11:09,526] {dag.py:2927} INFO - Setting next_dagrun for latest_only_with_trigger to 2022-10-11T14:11:09.526558+00:00, run_after=2022-10-11T18:11:09.526558+00:00
[2022-10-11 11:11:09,540] {processor.py:161} INFO - Processing /home/ubuntu/airflow/airflow_env/lib/python3.8/site-packages/airflow/example_dags/example_latest_only_with_trigger.py took 0.080 seconds
[2022-10-11 11:11:45,358] {processor.py:153} INFO - Started process (PID=203695) to work on /home/ubuntu/airflow/airflow_env/lib/python3.8/site-packages/airflow/example_dags/example_latest_only_with_trigger.py
[2022-10-11 11:11:45,359] {processor.py:641} INFO - Processing file /home/ubuntu/airflow/airflow_env/lib/python3.8/site-packages/airflow/example_dags/example_latest_only_with_trigger.py for tasks to queue
[2022-10-11 11:11:45,360] {logging_mixin.py:115} INFO - [2022-10-11 11:11:45,359] {dagbag.py:507} INFO - Filling up the DagBag from /home/ubuntu/airflow/airflow_env/lib/python3.8/site-packages/airflow/example_dags/example_latest_only_with_trigger.py
[2022-10-11 11:11:45,368] {processor.py:651} INFO - DAG(s) dict_keys(['latest_only_with_trigger']) retrieved from /home/ubuntu/airflow/airflow_env/lib/python3.8/site-packages/airflow/example_dags/example_latest_only_with_trigger.py
[2022-10-11 11:11:45,392] {logging_mixin.py:115} INFO - [2022-10-11 11:11:45,392] {dag.py:2379} INFO - Sync 1 DAGs
[2022-10-11 11:11:45,411] {logging_mixin.py:115} INFO - [2022-10-11 11:11:45,411] {dag.py:2927} INFO - Setting next_dagrun for latest_only_with_trigger to 2022-10-11T14:11:45.410893+00:00, run_after=2022-10-11T18:11:45.410893+00:00
[2022-10-11 11:11:45,424] {processor.py:161} INFO - Processing /home/ubuntu/airflow/airflow_env/lib/python3.8/site-packages/airflow/example_dags/example_latest_only_with_trigger.py took 0.071 seconds
[2022-10-11 11:12:20,698] {processor.py:153} INFO - Started process (PID=203809) to work on /home/ubuntu/airflow/airflow_env/lib/python3.8/site-packages/airflow/example_dags/example_latest_only_with_trigger.py
[2022-10-11 11:12:20,699] {processor.py:641} INFO - Processing file /home/ubuntu/airflow/airflow_env/lib/python3.8/site-packages/airflow/example_dags/example_latest_only_with_trigger.py for tasks to queue
[2022-10-11 11:12:20,700] {logging_mixin.py:115} INFO - [2022-10-11 11:12:20,700] {dagbag.py:507} INFO - Filling up the DagBag from /home/ubuntu/airflow/airflow_env/lib/python3.8/site-packages/airflow/example_dags/example_latest_only_with_trigger.py
[2022-10-11 11:12:20,708] {processor.py:651} INFO - DAG(s) dict_keys(['latest_only_with_trigger']) retrieved from /home/ubuntu/airflow/airflow_env/lib/python3.8/site-packages/airflow/example_dags/example_latest_only_with_trigger.py
[2022-10-11 11:12:20,731] {logging_mixin.py:115} INFO - [2022-10-11 11:12:20,731] {dag.py:2379} INFO - Sync 1 DAGs
[2022-10-11 11:12:20,751] {logging_mixin.py:115} INFO - [2022-10-11 11:12:20,750] {dag.py:2927} INFO - Setting next_dagrun for latest_only_with_trigger to 2022-10-11T14:12:20.750588+00:00, run_after=2022-10-11T18:12:20.750588+00:00
[2022-10-11 11:12:20,766] {processor.py:161} INFO - Processing /home/ubuntu/airflow/airflow_env/lib/python3.8/site-packages/airflow/example_dags/example_latest_only_with_trigger.py took 0.073 seconds
[2022-10-11 11:13:01,573] {processor.py:153} INFO - Started process (PID=204011) to work on /home/ubuntu/airflow/airflow_env/lib/python3.8/site-packages/airflow/example_dags/example_latest_only_with_trigger.py
[2022-10-11 11:13:01,579] {processor.py:641} INFO - Processing file /home/ubuntu/airflow/airflow_env/lib/python3.8/site-packages/airflow/example_dags/example_latest_only_with_trigger.py for tasks to queue
[2022-10-11 11:13:01,580] {logging_mixin.py:115} INFO - [2022-10-11 11:13:01,580] {dagbag.py:507} INFO - Filling up the DagBag from /home/ubuntu/airflow/airflow_env/lib/python3.8/site-packages/airflow/example_dags/example_latest_only_with_trigger.py
[2022-10-11 11:13:01,591] {processor.py:651} INFO - DAG(s) dict_keys(['latest_only_with_trigger']) retrieved from /home/ubuntu/airflow/airflow_env/lib/python3.8/site-packages/airflow/example_dags/example_latest_only_with_trigger.py
[2022-10-11 11:13:01,624] {logging_mixin.py:115} INFO - [2022-10-11 11:13:01,624] {dag.py:2379} INFO - Sync 1 DAGs
[2022-10-11 11:13:01,664] {logging_mixin.py:115} INFO - [2022-10-11 11:13:01,663] {dag.py:2927} INFO - Setting next_dagrun for latest_only_with_trigger to 2022-10-11T14:13:01.663126+00:00, run_after=2022-10-11T18:13:01.663126+00:00
[2022-10-11 11:13:01,688] {processor.py:161} INFO - Processing /home/ubuntu/airflow/airflow_env/lib/python3.8/site-packages/airflow/example_dags/example_latest_only_with_trigger.py took 0.120 seconds
[2022-10-11 11:13:41,562] {processor.py:153} INFO - Started process (PID=211144) to work on /home/ubuntu/airflow/airflow_env/lib/python3.8/site-packages/airflow/example_dags/example_latest_only_with_trigger.py
[2022-10-11 11:13:41,564] {processor.py:641} INFO - Processing file /home/ubuntu/airflow/airflow_env/lib/python3.8/site-packages/airflow/example_dags/example_latest_only_with_trigger.py for tasks to queue
[2022-10-11 11:13:41,565] {logging_mixin.py:115} INFO - [2022-10-11 11:13:41,565] {dagbag.py:507} INFO - Filling up the DagBag from /home/ubuntu/airflow/airflow_env/lib/python3.8/site-packages/airflow/example_dags/example_latest_only_with_trigger.py
[2022-10-11 11:13:41,580] {processor.py:651} INFO - DAG(s) dict_keys(['latest_only_with_trigger']) retrieved from /home/ubuntu/airflow/airflow_env/lib/python3.8/site-packages/airflow/example_dags/example_latest_only_with_trigger.py
[2022-10-11 11:13:41,624] {logging_mixin.py:115} INFO - [2022-10-11 11:13:41,624] {dag.py:2379} INFO - Sync 1 DAGs
[2022-10-11 11:13:41,654] {logging_mixin.py:115} INFO - [2022-10-11 11:13:41,654] {dag.py:2927} INFO - Setting next_dagrun for latest_only_with_trigger to 2022-10-11T14:13:41.653950+00:00, run_after=2022-10-11T18:13:41.653950+00:00
[2022-10-11 11:13:41,672] {processor.py:161} INFO - Processing /home/ubuntu/airflow/airflow_env/lib/python3.8/site-packages/airflow/example_dags/example_latest_only_with_trigger.py took 0.115 seconds
[2022-10-11 11:14:17,918] {processor.py:153} INFO - Started process (PID=212203) to work on /home/ubuntu/airflow/airflow_env/lib/python3.8/site-packages/airflow/example_dags/example_latest_only_with_trigger.py
[2022-10-11 11:14:17,920] {processor.py:641} INFO - Processing file /home/ubuntu/airflow/airflow_env/lib/python3.8/site-packages/airflow/example_dags/example_latest_only_with_trigger.py for tasks to queue
[2022-10-11 11:14:17,920] {logging_mixin.py:115} INFO - [2022-10-11 11:14:17,920] {dagbag.py:507} INFO - Filling up the DagBag from /home/ubuntu/airflow/airflow_env/lib/python3.8/site-packages/airflow/example_dags/example_latest_only_with_trigger.py
[2022-10-11 11:14:17,930] {processor.py:651} INFO - DAG(s) dict_keys(['latest_only_with_trigger']) retrieved from /home/ubuntu/airflow/airflow_env/lib/python3.8/site-packages/airflow/example_dags/example_latest_only_with_trigger.py
[2022-10-11 11:14:17,954] {logging_mixin.py:115} INFO - [2022-10-11 11:14:17,954] {dag.py:2379} INFO - Sync 1 DAGs
[2022-10-11 11:14:17,974] {logging_mixin.py:115} INFO - [2022-10-11 11:14:17,974] {dag.py:2927} INFO - Setting next_dagrun for latest_only_with_trigger to 2022-10-11T14:14:17.973834+00:00, run_after=2022-10-11T18:14:17.973834+00:00
[2022-10-11 11:14:17,995] {processor.py:161} INFO - Processing /home/ubuntu/airflow/airflow_env/lib/python3.8/site-packages/airflow/example_dags/example_latest_only_with_trigger.py took 0.081 seconds
[2022-10-11 11:14:50,494] {processor.py:153} INFO - Started process (PID=212271) to work on /home/ubuntu/airflow/airflow_env/lib/python3.8/site-packages/airflow/example_dags/example_latest_only_with_trigger.py
[2022-10-11 11:14:50,495] {processor.py:641} INFO - Processing file /home/ubuntu/airflow/airflow_env/lib/python3.8/site-packages/airflow/example_dags/example_latest_only_with_trigger.py for tasks to queue
[2022-10-11 11:14:50,495] {logging_mixin.py:115} INFO - [2022-10-11 11:14:50,495] {dagbag.py:507} INFO - Filling up the DagBag from /home/ubuntu/airflow/airflow_env/lib/python3.8/site-packages/airflow/example_dags/example_latest_only_with_trigger.py
[2022-10-11 11:14:50,503] {processor.py:651} INFO - DAG(s) dict_keys(['latest_only_with_trigger']) retrieved from /home/ubuntu/airflow/airflow_env/lib/python3.8/site-packages/airflow/example_dags/example_latest_only_with_trigger.py
[2022-10-11 11:14:50,525] {logging_mixin.py:115} INFO - [2022-10-11 11:14:50,525] {dag.py:2379} INFO - Sync 1 DAGs
[2022-10-11 11:14:50,542] {logging_mixin.py:115} INFO - [2022-10-11 11:14:50,542] {dag.py:2927} INFO - Setting next_dagrun for latest_only_with_trigger to 2022-10-11T14:14:50.542461+00:00, run_after=2022-10-11T18:14:50.542461+00:00
[2022-10-11 11:14:50,554] {processor.py:161} INFO - Processing /home/ubuntu/airflow/airflow_env/lib/python3.8/site-packages/airflow/example_dags/example_latest_only_with_trigger.py took 0.065 seconds
[2022-10-11 11:15:26,026] {processor.py:153} INFO - Started process (PID=212335) to work on /home/ubuntu/airflow/airflow_env/lib/python3.8/site-packages/airflow/example_dags/example_latest_only_with_trigger.py
[2022-10-11 11:15:26,028] {processor.py:641} INFO - Processing file /home/ubuntu/airflow/airflow_env/lib/python3.8/site-packages/airflow/example_dags/example_latest_only_with_trigger.py for tasks to queue
[2022-10-11 11:15:26,029] {logging_mixin.py:115} INFO - [2022-10-11 11:15:26,029] {dagbag.py:507} INFO - Filling up the DagBag from /home/ubuntu/airflow/airflow_env/lib/python3.8/site-packages/airflow/example_dags/example_latest_only_with_trigger.py
[2022-10-11 11:15:26,037] {processor.py:651} INFO - DAG(s) dict_keys(['latest_only_with_trigger']) retrieved from /home/ubuntu/airflow/airflow_env/lib/python3.8/site-packages/airflow/example_dags/example_latest_only_with_trigger.py
[2022-10-11 11:15:26,061] {logging_mixin.py:115} INFO - [2022-10-11 11:15:26,061] {dag.py:2379} INFO - Sync 1 DAGs
[2022-10-11 11:15:26,080] {logging_mixin.py:115} INFO - [2022-10-11 11:15:26,080] {dag.py:2927} INFO - Setting next_dagrun for latest_only_with_trigger to 2022-10-11T14:15:26.079818+00:00, run_after=2022-10-11T18:15:26.079818+00:00
[2022-10-11 11:15:26,093] {processor.py:161} INFO - Processing /home/ubuntu/airflow/airflow_env/lib/python3.8/site-packages/airflow/example_dags/example_latest_only_with_trigger.py took 0.073 seconds
[2022-10-11 11:16:03,226] {processor.py:153} INFO - Started process (PID=212397) to work on /home/ubuntu/airflow/airflow_env/lib/python3.8/site-packages/airflow/example_dags/example_latest_only_with_trigger.py
[2022-10-11 11:16:03,227] {processor.py:641} INFO - Processing file /home/ubuntu/airflow/airflow_env/lib/python3.8/site-packages/airflow/example_dags/example_latest_only_with_trigger.py for tasks to queue
[2022-10-11 11:16:03,227] {logging_mixin.py:115} INFO - [2022-10-11 11:16:03,227] {dagbag.py:507} INFO - Filling up the DagBag from /home/ubuntu/airflow/airflow_env/lib/python3.8/site-packages/airflow/example_dags/example_latest_only_with_trigger.py
[2022-10-11 11:16:03,236] {processor.py:651} INFO - DAG(s) dict_keys(['latest_only_with_trigger']) retrieved from /home/ubuntu/airflow/airflow_env/lib/python3.8/site-packages/airflow/example_dags/example_latest_only_with_trigger.py
[2022-10-11 11:16:03,256] {logging_mixin.py:115} INFO - [2022-10-11 11:16:03,256] {dag.py:2379} INFO - Sync 1 DAGs
[2022-10-11 11:16:03,274] {logging_mixin.py:115} INFO - [2022-10-11 11:16:03,273] {dag.py:2927} INFO - Setting next_dagrun for latest_only_with_trigger to 2022-10-11T14:16:03.273568+00:00, run_after=2022-10-11T18:16:03.273568+00:00
[2022-10-11 11:16:03,286] {processor.py:161} INFO - Processing /home/ubuntu/airflow/airflow_env/lib/python3.8/site-packages/airflow/example_dags/example_latest_only_with_trigger.py took 0.064 seconds
[2022-10-11 11:16:35,457] {processor.py:153} INFO - Started process (PID=212454) to work on /home/ubuntu/airflow/airflow_env/lib/python3.8/site-packages/airflow/example_dags/example_latest_only_with_trigger.py
[2022-10-11 11:16:35,458] {processor.py:641} INFO - Processing file /home/ubuntu/airflow/airflow_env/lib/python3.8/site-packages/airflow/example_dags/example_latest_only_with_trigger.py for tasks to queue
[2022-10-11 11:16:35,458] {logging_mixin.py:115} INFO - [2022-10-11 11:16:35,458] {dagbag.py:507} INFO - Filling up the DagBag from /home/ubuntu/airflow/airflow_env/lib/python3.8/site-packages/airflow/example_dags/example_latest_only_with_trigger.py
[2022-10-11 11:16:35,466] {processor.py:651} INFO - DAG(s) dict_keys(['latest_only_with_trigger']) retrieved from /home/ubuntu/airflow/airflow_env/lib/python3.8/site-packages/airflow/example_dags/example_latest_only_with_trigger.py
[2022-10-11 11:16:35,486] {logging_mixin.py:115} INFO - [2022-10-11 11:16:35,486] {dag.py:2379} INFO - Sync 1 DAGs
[2022-10-11 11:16:35,504] {logging_mixin.py:115} INFO - [2022-10-11 11:16:35,504] {dag.py:2927} INFO - Setting next_dagrun for latest_only_with_trigger to 2022-10-11T14:16:35.503865+00:00, run_after=2022-10-11T18:16:35.503865+00:00
[2022-10-11 11:16:35,516] {processor.py:161} INFO - Processing /home/ubuntu/airflow/airflow_env/lib/python3.8/site-packages/airflow/example_dags/example_latest_only_with_trigger.py took 0.064 seconds
[2022-10-11 11:17:07,905] {processor.py:153} INFO - Started process (PID=212799) to work on /home/ubuntu/airflow/airflow_env/lib/python3.8/site-packages/airflow/example_dags/example_latest_only_with_trigger.py
[2022-10-11 11:17:07,908] {processor.py:641} INFO - Processing file /home/ubuntu/airflow/airflow_env/lib/python3.8/site-packages/airflow/example_dags/example_latest_only_with_trigger.py for tasks to queue
[2022-10-11 11:17:07,909] {logging_mixin.py:115} INFO - [2022-10-11 11:17:07,909] {dagbag.py:507} INFO - Filling up the DagBag from /home/ubuntu/airflow/airflow_env/lib/python3.8/site-packages/airflow/example_dags/example_latest_only_with_trigger.py
[2022-10-11 11:17:07,919] {processor.py:651} INFO - DAG(s) dict_keys(['latest_only_with_trigger']) retrieved from /home/ubuntu/airflow/airflow_env/lib/python3.8/site-packages/airflow/example_dags/example_latest_only_with_trigger.py
[2022-10-11 11:17:07,945] {logging_mixin.py:115} INFO - [2022-10-11 11:17:07,945] {dag.py:2379} INFO - Sync 1 DAGs
[2022-10-11 11:17:07,971] {logging_mixin.py:115} INFO - [2022-10-11 11:17:07,970] {dag.py:2927} INFO - Setting next_dagrun for latest_only_with_trigger to 2022-10-11T14:17:07.970470+00:00, run_after=2022-10-11T18:17:07.970470+00:00
[2022-10-11 11:17:07,990] {processor.py:161} INFO - Processing /home/ubuntu/airflow/airflow_env/lib/python3.8/site-packages/airflow/example_dags/example_latest_only_with_trigger.py took 0.090 seconds
[2022-10-11 11:17:47,307] {processor.py:153} INFO - Started process (PID=212907) to work on /home/ubuntu/airflow/airflow_env/lib/python3.8/site-packages/airflow/example_dags/example_latest_only_with_trigger.py
[2022-10-11 11:17:47,308] {processor.py:641} INFO - Processing file /home/ubuntu/airflow/airflow_env/lib/python3.8/site-packages/airflow/example_dags/example_latest_only_with_trigger.py for tasks to queue
[2022-10-11 11:17:47,309] {logging_mixin.py:115} INFO - [2022-10-11 11:17:47,309] {dagbag.py:507} INFO - Filling up the DagBag from /home/ubuntu/airflow/airflow_env/lib/python3.8/site-packages/airflow/example_dags/example_latest_only_with_trigger.py
[2022-10-11 11:17:47,317] {processor.py:651} INFO - DAG(s) dict_keys(['latest_only_with_trigger']) retrieved from /home/ubuntu/airflow/airflow_env/lib/python3.8/site-packages/airflow/example_dags/example_latest_only_with_trigger.py
[2022-10-11 11:17:47,338] {logging_mixin.py:115} INFO - [2022-10-11 11:17:47,338] {dag.py:2379} INFO - Sync 1 DAGs
[2022-10-11 11:17:47,355] {logging_mixin.py:115} INFO - [2022-10-11 11:17:47,355] {dag.py:2927} INFO - Setting next_dagrun for latest_only_with_trigger to 2022-10-11T14:17:47.354943+00:00, run_after=2022-10-11T18:17:47.354943+00:00
[2022-10-11 11:17:47,373] {processor.py:161} INFO - Processing /home/ubuntu/airflow/airflow_env/lib/python3.8/site-packages/airflow/example_dags/example_latest_only_with_trigger.py took 0.070 seconds
[2022-10-11 11:18:23,814] {processor.py:153} INFO - Started process (PID=212969) to work on /home/ubuntu/airflow/airflow_env/lib/python3.8/site-packages/airflow/example_dags/example_latest_only_with_trigger.py
[2022-10-11 11:18:23,815] {processor.py:641} INFO - Processing file /home/ubuntu/airflow/airflow_env/lib/python3.8/site-packages/airflow/example_dags/example_latest_only_with_trigger.py for tasks to queue
[2022-10-11 11:18:23,816] {logging_mixin.py:115} INFO - [2022-10-11 11:18:23,816] {dagbag.py:507} INFO - Filling up the DagBag from /home/ubuntu/airflow/airflow_env/lib/python3.8/site-packages/airflow/example_dags/example_latest_only_with_trigger.py
[2022-10-11 11:18:23,824] {processor.py:651} INFO - DAG(s) dict_keys(['latest_only_with_trigger']) retrieved from /home/ubuntu/airflow/airflow_env/lib/python3.8/site-packages/airflow/example_dags/example_latest_only_with_trigger.py
[2022-10-11 11:18:23,844] {logging_mixin.py:115} INFO - [2022-10-11 11:18:23,844] {dag.py:2379} INFO - Sync 1 DAGs
[2022-10-11 11:18:23,861] {logging_mixin.py:115} INFO - [2022-10-11 11:18:23,861] {dag.py:2927} INFO - Setting next_dagrun for latest_only_with_trigger to 2022-10-11T14:18:23.861172+00:00, run_after=2022-10-11T18:18:23.861172+00:00
[2022-10-11 11:18:23,874] {processor.py:161} INFO - Processing /home/ubuntu/airflow/airflow_env/lib/python3.8/site-packages/airflow/example_dags/example_latest_only_with_trigger.py took 0.064 seconds
[2022-10-11 11:18:56,083] {processor.py:153} INFO - Started process (PID=213060) to work on /home/ubuntu/airflow/airflow_env/lib/python3.8/site-packages/airflow/example_dags/example_latest_only_with_trigger.py
[2022-10-11 11:18:56,084] {processor.py:641} INFO - Processing file /home/ubuntu/airflow/airflow_env/lib/python3.8/site-packages/airflow/example_dags/example_latest_only_with_trigger.py for tasks to queue
[2022-10-11 11:18:56,085] {logging_mixin.py:115} INFO - [2022-10-11 11:18:56,085] {dagbag.py:507} INFO - Filling up the DagBag from /home/ubuntu/airflow/airflow_env/lib/python3.8/site-packages/airflow/example_dags/example_latest_only_with_trigger.py
[2022-10-11 11:18:56,093] {processor.py:651} INFO - DAG(s) dict_keys(['latest_only_with_trigger']) retrieved from /home/ubuntu/airflow/airflow_env/lib/python3.8/site-packages/airflow/example_dags/example_latest_only_with_trigger.py
[2022-10-11 11:18:56,116] {logging_mixin.py:115} INFO - [2022-10-11 11:18:56,116] {dag.py:2379} INFO - Sync 1 DAGs
[2022-10-11 11:18:56,134] {logging_mixin.py:115} INFO - [2022-10-11 11:18:56,134] {dag.py:2927} INFO - Setting next_dagrun for latest_only_with_trigger to 2022-10-11T14:18:56.133689+00:00, run_after=2022-10-11T18:18:56.133689+00:00
[2022-10-11 11:18:56,147] {processor.py:161} INFO - Processing /home/ubuntu/airflow/airflow_env/lib/python3.8/site-packages/airflow/example_dags/example_latest_only_with_trigger.py took 0.068 seconds
[2022-10-11 11:19:30,557] {processor.py:153} INFO - Started process (PID=213180) to work on /home/ubuntu/airflow/airflow_env/lib/python3.8/site-packages/airflow/example_dags/example_latest_only_with_trigger.py
[2022-10-11 11:19:30,560] {processor.py:641} INFO - Processing file /home/ubuntu/airflow/airflow_env/lib/python3.8/site-packages/airflow/example_dags/example_latest_only_with_trigger.py for tasks to queue
[2022-10-11 11:19:30,561] {logging_mixin.py:115} INFO - [2022-10-11 11:19:30,561] {dagbag.py:507} INFO - Filling up the DagBag from /home/ubuntu/airflow/airflow_env/lib/python3.8/site-packages/airflow/example_dags/example_latest_only_with_trigger.py
[2022-10-11 11:19:30,570] {processor.py:651} INFO - DAG(s) dict_keys(['latest_only_with_trigger']) retrieved from /home/ubuntu/airflow/airflow_env/lib/python3.8/site-packages/airflow/example_dags/example_latest_only_with_trigger.py
[2022-10-11 11:19:30,607] {logging_mixin.py:115} INFO - [2022-10-11 11:19:30,607] {dag.py:2379} INFO - Sync 1 DAGs
[2022-10-11 11:19:30,631] {logging_mixin.py:115} INFO - [2022-10-11 11:19:30,630] {dag.py:2927} INFO - Setting next_dagrun for latest_only_with_trigger to 2022-10-11T14:19:30.630497+00:00, run_after=2022-10-11T18:19:30.630497+00:00
[2022-10-11 11:19:30,653] {processor.py:161} INFO - Processing /home/ubuntu/airflow/airflow_env/lib/python3.8/site-packages/airflow/example_dags/example_latest_only_with_trigger.py took 0.103 seconds
[2022-10-11 11:20:07,839] {processor.py:153} INFO - Started process (PID=213306) to work on /home/ubuntu/airflow/airflow_env/lib/python3.8/site-packages/airflow/example_dags/example_latest_only_with_trigger.py
[2022-10-11 11:20:07,840] {processor.py:641} INFO - Processing file /home/ubuntu/airflow/airflow_env/lib/python3.8/site-packages/airflow/example_dags/example_latest_only_with_trigger.py for tasks to queue
[2022-10-11 11:20:07,841] {logging_mixin.py:115} INFO - [2022-10-11 11:20:07,841] {dagbag.py:507} INFO - Filling up the DagBag from /home/ubuntu/airflow/airflow_env/lib/python3.8/site-packages/airflow/example_dags/example_latest_only_with_trigger.py
[2022-10-11 11:20:07,849] {processor.py:651} INFO - DAG(s) dict_keys(['latest_only_with_trigger']) retrieved from /home/ubuntu/airflow/airflow_env/lib/python3.8/site-packages/airflow/example_dags/example_latest_only_with_trigger.py
[2022-10-11 11:20:07,870] {logging_mixin.py:115} INFO - [2022-10-11 11:20:07,870] {dag.py:2379} INFO - Sync 1 DAGs
[2022-10-11 11:20:07,887] {logging_mixin.py:115} INFO - [2022-10-11 11:20:07,887] {dag.py:2927} INFO - Setting next_dagrun for latest_only_with_trigger to 2022-10-11T14:20:07.887035+00:00, run_after=2022-10-11T18:20:07.887035+00:00
[2022-10-11 11:20:07,908] {processor.py:161} INFO - Processing /home/ubuntu/airflow/airflow_env/lib/python3.8/site-packages/airflow/example_dags/example_latest_only_with_trigger.py took 0.074 seconds
[2022-10-11 11:20:42,284] {processor.py:153} INFO - Started process (PID=213365) to work on /home/ubuntu/airflow/airflow_env/lib/python3.8/site-packages/airflow/example_dags/example_latest_only_with_trigger.py
[2022-10-11 11:20:42,285] {processor.py:641} INFO - Processing file /home/ubuntu/airflow/airflow_env/lib/python3.8/site-packages/airflow/example_dags/example_latest_only_with_trigger.py for tasks to queue
[2022-10-11 11:20:42,286] {logging_mixin.py:115} INFO - [2022-10-11 11:20:42,286] {dagbag.py:507} INFO - Filling up the DagBag from /home/ubuntu/airflow/airflow_env/lib/python3.8/site-packages/airflow/example_dags/example_latest_only_with_trigger.py
[2022-10-11 11:20:42,296] {processor.py:651} INFO - DAG(s) dict_keys(['latest_only_with_trigger']) retrieved from /home/ubuntu/airflow/airflow_env/lib/python3.8/site-packages/airflow/example_dags/example_latest_only_with_trigger.py
[2022-10-11 11:20:42,317] {logging_mixin.py:115} INFO - [2022-10-11 11:20:42,317] {dag.py:2379} INFO - Sync 1 DAGs
[2022-10-11 11:20:42,336] {logging_mixin.py:115} INFO - [2022-10-11 11:20:42,336] {dag.py:2927} INFO - Setting next_dagrun for latest_only_with_trigger to 2022-10-11T14:20:42.335776+00:00, run_after=2022-10-11T18:20:42.335776+00:00
[2022-10-11 11:20:42,348] {processor.py:161} INFO - Processing /home/ubuntu/airflow/airflow_env/lib/python3.8/site-packages/airflow/example_dags/example_latest_only_with_trigger.py took 0.070 seconds
[2022-10-11 11:21:15,011] {processor.py:153} INFO - Started process (PID=213427) to work on /home/ubuntu/airflow/airflow_env/lib/python3.8/site-packages/airflow/example_dags/example_latest_only_with_trigger.py
[2022-10-11 11:21:15,012] {processor.py:641} INFO - Processing file /home/ubuntu/airflow/airflow_env/lib/python3.8/site-packages/airflow/example_dags/example_latest_only_with_trigger.py for tasks to queue
[2022-10-11 11:21:15,013] {logging_mixin.py:115} INFO - [2022-10-11 11:21:15,013] {dagbag.py:507} INFO - Filling up the DagBag from /home/ubuntu/airflow/airflow_env/lib/python3.8/site-packages/airflow/example_dags/example_latest_only_with_trigger.py
[2022-10-11 11:21:15,023] {processor.py:651} INFO - DAG(s) dict_keys(['latest_only_with_trigger']) retrieved from /home/ubuntu/airflow/airflow_env/lib/python3.8/site-packages/airflow/example_dags/example_latest_only_with_trigger.py
[2022-10-11 11:21:15,044] {logging_mixin.py:115} INFO - [2022-10-11 11:21:15,044] {dag.py:2379} INFO - Sync 1 DAGs
[2022-10-11 11:21:15,063] {logging_mixin.py:115} INFO - [2022-10-11 11:21:15,063] {dag.py:2927} INFO - Setting next_dagrun for latest_only_with_trigger to 2022-10-11T14:21:15.063184+00:00, run_after=2022-10-11T18:21:15.063184+00:00
[2022-10-11 11:21:15,086] {processor.py:161} INFO - Processing /home/ubuntu/airflow/airflow_env/lib/python3.8/site-packages/airflow/example_dags/example_latest_only_with_trigger.py took 0.080 seconds
