[2022-10-11 11:01:49,608] {processor.py:153} INFO - Started process (PID=202242) to work on /home/ubuntu/airflow/airflow_env/lib/python3.8/site-packages/airflow/example_dags/example_skip_dag.py
[2022-10-11 11:01:49,608] {processor.py:641} INFO - Processing file /home/ubuntu/airflow/airflow_env/lib/python3.8/site-packages/airflow/example_dags/example_skip_dag.py for tasks to queue
[2022-10-11 11:01:49,609] {logging_mixin.py:115} INFO - [2022-10-11 11:01:49,609] {dagbag.py:507} INFO - Filling up the DagBag from /home/ubuntu/airflow/airflow_env/lib/python3.8/site-packages/airflow/example_dags/example_skip_dag.py
[2022-10-11 11:01:49,616] {processor.py:651} INFO - DAG(s) dict_keys(['example_skip_dag']) retrieved from /home/ubuntu/airflow/airflow_env/lib/python3.8/site-packages/airflow/example_dags/example_skip_dag.py
[2022-10-11 11:01:49,653] {logging_mixin.py:115} INFO - [2022-10-11 11:01:49,653] {dag.py:2379} INFO - Sync 1 DAGs
[2022-10-11 11:01:49,679] {logging_mixin.py:115} INFO - [2022-10-11 11:01:49,679] {dag.py:2927} INFO - Setting next_dagrun for example_skip_dag to 2022-10-10T18:01:49.678715+00:00, run_after=2022-10-11T18:01:49.678715+00:00
[2022-10-11 11:01:49,697] {processor.py:161} INFO - Processing /home/ubuntu/airflow/airflow_env/lib/python3.8/site-packages/airflow/example_dags/example_skip_dag.py took 0.094 seconds
[2022-10-11 11:02:23,117] {processor.py:153} INFO - Started process (PID=202529) to work on /home/ubuntu/airflow/airflow_env/lib/python3.8/site-packages/airflow/example_dags/example_skip_dag.py
[2022-10-11 11:02:23,118] {processor.py:641} INFO - Processing file /home/ubuntu/airflow/airflow_env/lib/python3.8/site-packages/airflow/example_dags/example_skip_dag.py for tasks to queue
[2022-10-11 11:02:23,119] {logging_mixin.py:115} INFO - [2022-10-11 11:02:23,119] {dagbag.py:507} INFO - Filling up the DagBag from /home/ubuntu/airflow/airflow_env/lib/python3.8/site-packages/airflow/example_dags/example_skip_dag.py
[2022-10-11 11:02:23,136] {processor.py:651} INFO - DAG(s) dict_keys(['example_skip_dag']) retrieved from /home/ubuntu/airflow/airflow_env/lib/python3.8/site-packages/airflow/example_dags/example_skip_dag.py
[2022-10-11 11:02:23,166] {logging_mixin.py:115} INFO - [2022-10-11 11:02:23,165] {dag.py:2379} INFO - Sync 1 DAGs
[2022-10-11 11:02:23,184] {logging_mixin.py:115} INFO - [2022-10-11 11:02:23,184] {dag.py:2927} INFO - Setting next_dagrun for example_skip_dag to 2022-10-10T18:02:23.183661+00:00, run_after=2022-10-11T18:02:23.183661+00:00
[2022-10-11 11:02:23,198] {processor.py:161} INFO - Processing /home/ubuntu/airflow/airflow_env/lib/python3.8/site-packages/airflow/example_dags/example_skip_dag.py took 0.092 seconds
[2022-10-11 11:02:58,013] {processor.py:153} INFO - Started process (PID=202589) to work on /home/ubuntu/airflow/airflow_env/lib/python3.8/site-packages/airflow/example_dags/example_skip_dag.py
[2022-10-11 11:02:58,014] {processor.py:641} INFO - Processing file /home/ubuntu/airflow/airflow_env/lib/python3.8/site-packages/airflow/example_dags/example_skip_dag.py for tasks to queue
[2022-10-11 11:02:58,015] {logging_mixin.py:115} INFO - [2022-10-11 11:02:58,014] {dagbag.py:507} INFO - Filling up the DagBag from /home/ubuntu/airflow/airflow_env/lib/python3.8/site-packages/airflow/example_dags/example_skip_dag.py
[2022-10-11 11:02:58,022] {processor.py:651} INFO - DAG(s) dict_keys(['example_skip_dag']) retrieved from /home/ubuntu/airflow/airflow_env/lib/python3.8/site-packages/airflow/example_dags/example_skip_dag.py
[2022-10-11 11:02:58,048] {logging_mixin.py:115} INFO - [2022-10-11 11:02:58,048] {dag.py:2379} INFO - Sync 1 DAGs
[2022-10-11 11:02:58,064] {logging_mixin.py:115} INFO - [2022-10-11 11:02:58,064] {dag.py:2927} INFO - Setting next_dagrun for example_skip_dag to 2022-10-10T18:02:58.064525+00:00, run_after=2022-10-11T18:02:58.064525+00:00
[2022-10-11 11:02:58,076] {processor.py:161} INFO - Processing /home/ubuntu/airflow/airflow_env/lib/python3.8/site-packages/airflow/example_dags/example_skip_dag.py took 0.068 seconds
[2022-10-11 11:03:32,839] {processor.py:153} INFO - Started process (PID=202651) to work on /home/ubuntu/airflow/airflow_env/lib/python3.8/site-packages/airflow/example_dags/example_skip_dag.py
[2022-10-11 11:03:32,840] {processor.py:641} INFO - Processing file /home/ubuntu/airflow/airflow_env/lib/python3.8/site-packages/airflow/example_dags/example_skip_dag.py for tasks to queue
[2022-10-11 11:03:32,841] {logging_mixin.py:115} INFO - [2022-10-11 11:03:32,840] {dagbag.py:507} INFO - Filling up the DagBag from /home/ubuntu/airflow/airflow_env/lib/python3.8/site-packages/airflow/example_dags/example_skip_dag.py
[2022-10-11 11:03:32,848] {processor.py:651} INFO - DAG(s) dict_keys(['example_skip_dag']) retrieved from /home/ubuntu/airflow/airflow_env/lib/python3.8/site-packages/airflow/example_dags/example_skip_dag.py
[2022-10-11 11:03:32,873] {logging_mixin.py:115} INFO - [2022-10-11 11:03:32,873] {dag.py:2379} INFO - Sync 1 DAGs
[2022-10-11 11:03:32,894] {logging_mixin.py:115} INFO - [2022-10-11 11:03:32,893] {dag.py:2927} INFO - Setting next_dagrun for example_skip_dag to 2022-10-10T18:03:32.893506+00:00, run_after=2022-10-11T18:03:32.893506+00:00
[2022-10-11 11:03:32,911] {processor.py:161} INFO - Processing /home/ubuntu/airflow/airflow_env/lib/python3.8/site-packages/airflow/example_dags/example_skip_dag.py took 0.077 seconds
[2022-10-11 11:04:07,281] {processor.py:153} INFO - Started process (PID=202738) to work on /home/ubuntu/airflow/airflow_env/lib/python3.8/site-packages/airflow/example_dags/example_skip_dag.py
[2022-10-11 11:04:07,282] {processor.py:641} INFO - Processing file /home/ubuntu/airflow/airflow_env/lib/python3.8/site-packages/airflow/example_dags/example_skip_dag.py for tasks to queue
[2022-10-11 11:04:07,283] {logging_mixin.py:115} INFO - [2022-10-11 11:04:07,282] {dagbag.py:507} INFO - Filling up the DagBag from /home/ubuntu/airflow/airflow_env/lib/python3.8/site-packages/airflow/example_dags/example_skip_dag.py
[2022-10-11 11:04:07,289] {processor.py:651} INFO - DAG(s) dict_keys(['example_skip_dag']) retrieved from /home/ubuntu/airflow/airflow_env/lib/python3.8/site-packages/airflow/example_dags/example_skip_dag.py
[2022-10-11 11:04:07,313] {logging_mixin.py:115} INFO - [2022-10-11 11:04:07,313] {dag.py:2379} INFO - Sync 1 DAGs
[2022-10-11 11:04:07,329] {logging_mixin.py:115} INFO - [2022-10-11 11:04:07,329] {dag.py:2927} INFO - Setting next_dagrun for example_skip_dag to 2022-10-10T18:04:07.329374+00:00, run_after=2022-10-11T18:04:07.329374+00:00
[2022-10-11 11:04:07,343] {processor.py:161} INFO - Processing /home/ubuntu/airflow/airflow_env/lib/python3.8/site-packages/airflow/example_dags/example_skip_dag.py took 0.066 seconds
[2022-10-11 11:04:41,940] {processor.py:153} INFO - Started process (PID=202842) to work on /home/ubuntu/airflow/airflow_env/lib/python3.8/site-packages/airflow/example_dags/example_skip_dag.py
[2022-10-11 11:04:41,941] {processor.py:641} INFO - Processing file /home/ubuntu/airflow/airflow_env/lib/python3.8/site-packages/airflow/example_dags/example_skip_dag.py for tasks to queue
[2022-10-11 11:04:41,942] {logging_mixin.py:115} INFO - [2022-10-11 11:04:41,942] {dagbag.py:507} INFO - Filling up the DagBag from /home/ubuntu/airflow/airflow_env/lib/python3.8/site-packages/airflow/example_dags/example_skip_dag.py
[2022-10-11 11:04:41,949] {processor.py:651} INFO - DAG(s) dict_keys(['example_skip_dag']) retrieved from /home/ubuntu/airflow/airflow_env/lib/python3.8/site-packages/airflow/example_dags/example_skip_dag.py
[2022-10-11 11:04:41,971] {logging_mixin.py:115} INFO - [2022-10-11 11:04:41,971] {dag.py:2379} INFO - Sync 1 DAGs
[2022-10-11 11:04:41,985] {logging_mixin.py:115} INFO - [2022-10-11 11:04:41,985] {dag.py:2927} INFO - Setting next_dagrun for example_skip_dag to 2022-10-10T18:04:41.985463+00:00, run_after=2022-10-11T18:04:41.985463+00:00
[2022-10-11 11:04:41,998] {processor.py:161} INFO - Processing /home/ubuntu/airflow/airflow_env/lib/python3.8/site-packages/airflow/example_dags/example_skip_dag.py took 0.062 seconds
[2022-10-11 11:05:18,424] {processor.py:153} INFO - Started process (PID=202906) to work on /home/ubuntu/airflow/airflow_env/lib/python3.8/site-packages/airflow/example_dags/example_skip_dag.py
[2022-10-11 11:05:18,428] {processor.py:641} INFO - Processing file /home/ubuntu/airflow/airflow_env/lib/python3.8/site-packages/airflow/example_dags/example_skip_dag.py for tasks to queue
[2022-10-11 11:05:18,428] {logging_mixin.py:115} INFO - [2022-10-11 11:05:18,428] {dagbag.py:507} INFO - Filling up the DagBag from /home/ubuntu/airflow/airflow_env/lib/python3.8/site-packages/airflow/example_dags/example_skip_dag.py
[2022-10-11 11:05:18,435] {processor.py:651} INFO - DAG(s) dict_keys(['example_skip_dag']) retrieved from /home/ubuntu/airflow/airflow_env/lib/python3.8/site-packages/airflow/example_dags/example_skip_dag.py
[2022-10-11 11:05:18,462] {logging_mixin.py:115} INFO - [2022-10-11 11:05:18,462] {dag.py:2379} INFO - Sync 1 DAGs
[2022-10-11 11:05:18,479] {logging_mixin.py:115} INFO - [2022-10-11 11:05:18,479] {dag.py:2927} INFO - Setting next_dagrun for example_skip_dag to 2022-10-10T18:05:18.479098+00:00, run_after=2022-10-11T18:05:18.479098+00:00
[2022-10-11 11:05:18,494] {processor.py:161} INFO - Processing /home/ubuntu/airflow/airflow_env/lib/python3.8/site-packages/airflow/example_dags/example_skip_dag.py took 0.075 seconds
[2022-10-11 11:05:53,004] {processor.py:153} INFO - Started process (PID=202966) to work on /home/ubuntu/airflow/airflow_env/lib/python3.8/site-packages/airflow/example_dags/example_skip_dag.py
[2022-10-11 11:05:53,006] {processor.py:641} INFO - Processing file /home/ubuntu/airflow/airflow_env/lib/python3.8/site-packages/airflow/example_dags/example_skip_dag.py for tasks to queue
[2022-10-11 11:05:53,007] {logging_mixin.py:115} INFO - [2022-10-11 11:05:53,007] {dagbag.py:507} INFO - Filling up the DagBag from /home/ubuntu/airflow/airflow_env/lib/python3.8/site-packages/airflow/example_dags/example_skip_dag.py
[2022-10-11 11:05:53,014] {processor.py:651} INFO - DAG(s) dict_keys(['example_skip_dag']) retrieved from /home/ubuntu/airflow/airflow_env/lib/python3.8/site-packages/airflow/example_dags/example_skip_dag.py
[2022-10-11 11:05:53,038] {logging_mixin.py:115} INFO - [2022-10-11 11:05:53,038] {dag.py:2379} INFO - Sync 1 DAGs
[2022-10-11 11:05:53,058] {logging_mixin.py:115} INFO - [2022-10-11 11:05:53,058] {dag.py:2927} INFO - Setting next_dagrun for example_skip_dag to 2022-10-10T18:05:53.058208+00:00, run_after=2022-10-11T18:05:53.058208+00:00
[2022-10-11 11:05:53,073] {processor.py:161} INFO - Processing /home/ubuntu/airflow/airflow_env/lib/python3.8/site-packages/airflow/example_dags/example_skip_dag.py took 0.073 seconds
[2022-10-11 11:06:28,265] {processor.py:153} INFO - Started process (PID=203022) to work on /home/ubuntu/airflow/airflow_env/lib/python3.8/site-packages/airflow/example_dags/example_skip_dag.py
[2022-10-11 11:06:28,266] {processor.py:641} INFO - Processing file /home/ubuntu/airflow/airflow_env/lib/python3.8/site-packages/airflow/example_dags/example_skip_dag.py for tasks to queue
[2022-10-11 11:06:28,267] {logging_mixin.py:115} INFO - [2022-10-11 11:06:28,267] {dagbag.py:507} INFO - Filling up the DagBag from /home/ubuntu/airflow/airflow_env/lib/python3.8/site-packages/airflow/example_dags/example_skip_dag.py
[2022-10-11 11:06:28,274] {processor.py:651} INFO - DAG(s) dict_keys(['example_skip_dag']) retrieved from /home/ubuntu/airflow/airflow_env/lib/python3.8/site-packages/airflow/example_dags/example_skip_dag.py
[2022-10-11 11:06:28,300] {logging_mixin.py:115} INFO - [2022-10-11 11:06:28,299] {dag.py:2379} INFO - Sync 1 DAGs
[2022-10-11 11:06:28,318] {logging_mixin.py:115} INFO - [2022-10-11 11:06:28,318] {dag.py:2927} INFO - Setting next_dagrun for example_skip_dag to 2022-10-10T18:06:28.318022+00:00, run_after=2022-10-11T18:06:28.318022+00:00
[2022-10-11 11:06:28,335] {processor.py:161} INFO - Processing /home/ubuntu/airflow/airflow_env/lib/python3.8/site-packages/airflow/example_dags/example_skip_dag.py took 0.074 seconds
[2022-10-11 11:07:01,530] {processor.py:153} INFO - Started process (PID=203081) to work on /home/ubuntu/airflow/airflow_env/lib/python3.8/site-packages/airflow/example_dags/example_skip_dag.py
[2022-10-11 11:07:01,531] {processor.py:641} INFO - Processing file /home/ubuntu/airflow/airflow_env/lib/python3.8/site-packages/airflow/example_dags/example_skip_dag.py for tasks to queue
[2022-10-11 11:07:01,532] {logging_mixin.py:115} INFO - [2022-10-11 11:07:01,531] {dagbag.py:507} INFO - Filling up the DagBag from /home/ubuntu/airflow/airflow_env/lib/python3.8/site-packages/airflow/example_dags/example_skip_dag.py
[2022-10-11 11:07:01,538] {processor.py:651} INFO - DAG(s) dict_keys(['example_skip_dag']) retrieved from /home/ubuntu/airflow/airflow_env/lib/python3.8/site-packages/airflow/example_dags/example_skip_dag.py
[2022-10-11 11:07:01,560] {logging_mixin.py:115} INFO - [2022-10-11 11:07:01,559] {dag.py:2379} INFO - Sync 1 DAGs
[2022-10-11 11:07:01,577] {logging_mixin.py:115} INFO - [2022-10-11 11:07:01,577] {dag.py:2927} INFO - Setting next_dagrun for example_skip_dag to 2022-10-10T18:07:01.576739+00:00, run_after=2022-10-11T18:07:01.576739+00:00
[2022-10-11 11:07:01,589] {processor.py:161} INFO - Processing /home/ubuntu/airflow/airflow_env/lib/python3.8/site-packages/airflow/example_dags/example_skip_dag.py took 0.064 seconds
[2022-10-11 11:07:35,208] {processor.py:153} INFO - Started process (PID=203140) to work on /home/ubuntu/airflow/airflow_env/lib/python3.8/site-packages/airflow/example_dags/example_skip_dag.py
[2022-10-11 11:07:35,209] {processor.py:641} INFO - Processing file /home/ubuntu/airflow/airflow_env/lib/python3.8/site-packages/airflow/example_dags/example_skip_dag.py for tasks to queue
[2022-10-11 11:07:35,210] {logging_mixin.py:115} INFO - [2022-10-11 11:07:35,210] {dagbag.py:507} INFO - Filling up the DagBag from /home/ubuntu/airflow/airflow_env/lib/python3.8/site-packages/airflow/example_dags/example_skip_dag.py
[2022-10-11 11:07:35,217] {processor.py:651} INFO - DAG(s) dict_keys(['example_skip_dag']) retrieved from /home/ubuntu/airflow/airflow_env/lib/python3.8/site-packages/airflow/example_dags/example_skip_dag.py
[2022-10-11 11:07:35,240] {logging_mixin.py:115} INFO - [2022-10-11 11:07:35,239] {dag.py:2379} INFO - Sync 1 DAGs
[2022-10-11 11:07:35,256] {logging_mixin.py:115} INFO - [2022-10-11 11:07:35,256] {dag.py:2927} INFO - Setting next_dagrun for example_skip_dag to 2022-10-10T18:07:35.255853+00:00, run_after=2022-10-11T18:07:35.255853+00:00
[2022-10-11 11:07:35,267] {processor.py:161} INFO - Processing /home/ubuntu/airflow/airflow_env/lib/python3.8/site-packages/airflow/example_dags/example_skip_dag.py took 0.063 seconds
[2022-10-11 11:08:10,613] {processor.py:153} INFO - Started process (PID=203200) to work on /home/ubuntu/airflow/airflow_env/lib/python3.8/site-packages/airflow/example_dags/example_skip_dag.py
[2022-10-11 11:08:10,614] {processor.py:641} INFO - Processing file /home/ubuntu/airflow/airflow_env/lib/python3.8/site-packages/airflow/example_dags/example_skip_dag.py for tasks to queue
[2022-10-11 11:08:10,614] {logging_mixin.py:115} INFO - [2022-10-11 11:08:10,614] {dagbag.py:507} INFO - Filling up the DagBag from /home/ubuntu/airflow/airflow_env/lib/python3.8/site-packages/airflow/example_dags/example_skip_dag.py
[2022-10-11 11:08:10,622] {processor.py:651} INFO - DAG(s) dict_keys(['example_skip_dag']) retrieved from /home/ubuntu/airflow/airflow_env/lib/python3.8/site-packages/airflow/example_dags/example_skip_dag.py
[2022-10-11 11:08:10,647] {logging_mixin.py:115} INFO - [2022-10-11 11:08:10,647] {dag.py:2379} INFO - Sync 1 DAGs
[2022-10-11 11:08:10,667] {logging_mixin.py:115} INFO - [2022-10-11 11:08:10,667] {dag.py:2927} INFO - Setting next_dagrun for example_skip_dag to 2022-10-10T18:08:10.667446+00:00, run_after=2022-10-11T18:08:10.667446+00:00
[2022-10-11 11:08:10,685] {processor.py:161} INFO - Processing /home/ubuntu/airflow/airflow_env/lib/python3.8/site-packages/airflow/example_dags/example_skip_dag.py took 0.077 seconds
[2022-10-11 11:08:43,582] {processor.py:153} INFO - Started process (PID=203270) to work on /home/ubuntu/airflow/airflow_env/lib/python3.8/site-packages/airflow/example_dags/example_skip_dag.py
[2022-10-11 11:08:43,583] {processor.py:641} INFO - Processing file /home/ubuntu/airflow/airflow_env/lib/python3.8/site-packages/airflow/example_dags/example_skip_dag.py for tasks to queue
[2022-10-11 11:08:43,584] {logging_mixin.py:115} INFO - [2022-10-11 11:08:43,584] {dagbag.py:507} INFO - Filling up the DagBag from /home/ubuntu/airflow/airflow_env/lib/python3.8/site-packages/airflow/example_dags/example_skip_dag.py
[2022-10-11 11:08:43,590] {processor.py:651} INFO - DAG(s) dict_keys(['example_skip_dag']) retrieved from /home/ubuntu/airflow/airflow_env/lib/python3.8/site-packages/airflow/example_dags/example_skip_dag.py
[2022-10-11 11:08:43,614] {logging_mixin.py:115} INFO - [2022-10-11 11:08:43,614] {dag.py:2379} INFO - Sync 1 DAGs
[2022-10-11 11:08:43,631] {logging_mixin.py:115} INFO - [2022-10-11 11:08:43,631] {dag.py:2927} INFO - Setting next_dagrun for example_skip_dag to 2022-10-10T18:08:43.630771+00:00, run_after=2022-10-11T18:08:43.630771+00:00
[2022-10-11 11:08:43,646] {processor.py:161} INFO - Processing /home/ubuntu/airflow/airflow_env/lib/python3.8/site-packages/airflow/example_dags/example_skip_dag.py took 0.068 seconds
[2022-10-11 11:09:18,294] {processor.py:153} INFO - Started process (PID=203459) to work on /home/ubuntu/airflow/airflow_env/lib/python3.8/site-packages/airflow/example_dags/example_skip_dag.py
[2022-10-11 11:09:18,296] {processor.py:641} INFO - Processing file /home/ubuntu/airflow/airflow_env/lib/python3.8/site-packages/airflow/example_dags/example_skip_dag.py for tasks to queue
[2022-10-11 11:09:18,298] {logging_mixin.py:115} INFO - [2022-10-11 11:09:18,298] {dagbag.py:507} INFO - Filling up the DagBag from /home/ubuntu/airflow/airflow_env/lib/python3.8/site-packages/airflow/example_dags/example_skip_dag.py
[2022-10-11 11:09:18,308] {processor.py:651} INFO - DAG(s) dict_keys(['example_skip_dag']) retrieved from /home/ubuntu/airflow/airflow_env/lib/python3.8/site-packages/airflow/example_dags/example_skip_dag.py
[2022-10-11 11:09:18,335] {logging_mixin.py:115} INFO - [2022-10-11 11:09:18,335] {dag.py:2379} INFO - Sync 1 DAGs
[2022-10-11 11:09:18,381] {logging_mixin.py:115} INFO - [2022-10-11 11:09:18,381] {dag.py:2927} INFO - Setting next_dagrun for example_skip_dag to 2022-10-10T18:09:18.350154+00:00, run_after=2022-10-11T18:09:18.350154+00:00
[2022-10-11 11:09:18,412] {processor.py:161} INFO - Processing /home/ubuntu/airflow/airflow_env/lib/python3.8/site-packages/airflow/example_dags/example_skip_dag.py took 0.123 seconds
[2022-10-11 11:09:50,442] {processor.py:153} INFO - Started process (PID=203519) to work on /home/ubuntu/airflow/airflow_env/lib/python3.8/site-packages/airflow/example_dags/example_skip_dag.py
[2022-10-11 11:09:50,442] {processor.py:641} INFO - Processing file /home/ubuntu/airflow/airflow_env/lib/python3.8/site-packages/airflow/example_dags/example_skip_dag.py for tasks to queue
[2022-10-11 11:09:50,443] {logging_mixin.py:115} INFO - [2022-10-11 11:09:50,443] {dagbag.py:507} INFO - Filling up the DagBag from /home/ubuntu/airflow/airflow_env/lib/python3.8/site-packages/airflow/example_dags/example_skip_dag.py
[2022-10-11 11:09:50,450] {processor.py:651} INFO - DAG(s) dict_keys(['example_skip_dag']) retrieved from /home/ubuntu/airflow/airflow_env/lib/python3.8/site-packages/airflow/example_dags/example_skip_dag.py
[2022-10-11 11:09:50,473] {logging_mixin.py:115} INFO - [2022-10-11 11:09:50,472] {dag.py:2379} INFO - Sync 1 DAGs
[2022-10-11 11:09:50,489] {logging_mixin.py:115} INFO - [2022-10-11 11:09:50,489] {dag.py:2927} INFO - Setting next_dagrun for example_skip_dag to 2022-10-10T18:09:50.488680+00:00, run_after=2022-10-11T18:09:50.488680+00:00
[2022-10-11 11:09:50,504] {processor.py:161} INFO - Processing /home/ubuntu/airflow/airflow_env/lib/python3.8/site-packages/airflow/example_dags/example_skip_dag.py took 0.067 seconds
[2022-10-11 11:10:24,276] {processor.py:153} INFO - Started process (PID=203563) to work on /home/ubuntu/airflow/airflow_env/lib/python3.8/site-packages/airflow/example_dags/example_skip_dag.py
[2022-10-11 11:10:24,277] {processor.py:641} INFO - Processing file /home/ubuntu/airflow/airflow_env/lib/python3.8/site-packages/airflow/example_dags/example_skip_dag.py for tasks to queue
[2022-10-11 11:10:24,279] {logging_mixin.py:115} INFO - [2022-10-11 11:10:24,279] {dagbag.py:507} INFO - Filling up the DagBag from /home/ubuntu/airflow/airflow_env/lib/python3.8/site-packages/airflow/example_dags/example_skip_dag.py
[2022-10-11 11:10:24,293] {processor.py:651} INFO - DAG(s) dict_keys(['example_skip_dag']) retrieved from /home/ubuntu/airflow/airflow_env/lib/python3.8/site-packages/airflow/example_dags/example_skip_dag.py
[2022-10-11 11:10:24,333] {logging_mixin.py:115} INFO - [2022-10-11 11:10:24,333] {dag.py:2379} INFO - Sync 1 DAGs
[2022-10-11 11:10:24,360] {logging_mixin.py:115} INFO - [2022-10-11 11:10:24,360] {dag.py:2927} INFO - Setting next_dagrun for example_skip_dag to 2022-10-10T18:10:24.359767+00:00, run_after=2022-10-11T18:10:24.359767+00:00
[2022-10-11 11:10:24,386] {processor.py:161} INFO - Processing /home/ubuntu/airflow/airflow_env/lib/python3.8/site-packages/airflow/example_dags/example_skip_dag.py took 0.118 seconds
[2022-10-11 11:10:57,764] {processor.py:153} INFO - Started process (PID=203622) to work on /home/ubuntu/airflow/airflow_env/lib/python3.8/site-packages/airflow/example_dags/example_skip_dag.py
[2022-10-11 11:10:57,765] {processor.py:641} INFO - Processing file /home/ubuntu/airflow/airflow_env/lib/python3.8/site-packages/airflow/example_dags/example_skip_dag.py for tasks to queue
[2022-10-11 11:10:57,766] {logging_mixin.py:115} INFO - [2022-10-11 11:10:57,766] {dagbag.py:507} INFO - Filling up the DagBag from /home/ubuntu/airflow/airflow_env/lib/python3.8/site-packages/airflow/example_dags/example_skip_dag.py
[2022-10-11 11:10:57,776] {processor.py:651} INFO - DAG(s) dict_keys(['example_skip_dag']) retrieved from /home/ubuntu/airflow/airflow_env/lib/python3.8/site-packages/airflow/example_dags/example_skip_dag.py
[2022-10-11 11:10:57,811] {logging_mixin.py:115} INFO - [2022-10-11 11:10:57,811] {dag.py:2379} INFO - Sync 1 DAGs
[2022-10-11 11:10:57,839] {logging_mixin.py:115} INFO - [2022-10-11 11:10:57,839] {dag.py:2927} INFO - Setting next_dagrun for example_skip_dag to 2022-10-10T18:10:57.838784+00:00, run_after=2022-10-11T18:10:57.838784+00:00
[2022-10-11 11:10:57,863] {processor.py:161} INFO - Processing /home/ubuntu/airflow/airflow_env/lib/python3.8/site-packages/airflow/example_dags/example_skip_dag.py took 0.104 seconds
[2022-10-11 11:11:33,002] {processor.py:153} INFO - Started process (PID=203678) to work on /home/ubuntu/airflow/airflow_env/lib/python3.8/site-packages/airflow/example_dags/example_skip_dag.py
[2022-10-11 11:11:33,003] {processor.py:641} INFO - Processing file /home/ubuntu/airflow/airflow_env/lib/python3.8/site-packages/airflow/example_dags/example_skip_dag.py for tasks to queue
[2022-10-11 11:11:33,003] {logging_mixin.py:115} INFO - [2022-10-11 11:11:33,003] {dagbag.py:507} INFO - Filling up the DagBag from /home/ubuntu/airflow/airflow_env/lib/python3.8/site-packages/airflow/example_dags/example_skip_dag.py
[2022-10-11 11:11:33,010] {processor.py:651} INFO - DAG(s) dict_keys(['example_skip_dag']) retrieved from /home/ubuntu/airflow/airflow_env/lib/python3.8/site-packages/airflow/example_dags/example_skip_dag.py
[2022-10-11 11:11:33,031] {logging_mixin.py:115} INFO - [2022-10-11 11:11:33,031] {dag.py:2379} INFO - Sync 1 DAGs
[2022-10-11 11:11:33,047] {logging_mixin.py:115} INFO - [2022-10-11 11:11:33,046] {dag.py:2927} INFO - Setting next_dagrun for example_skip_dag to 2022-10-10T18:11:33.046498+00:00, run_after=2022-10-11T18:11:33.046498+00:00
[2022-10-11 11:11:33,058] {processor.py:161} INFO - Processing /home/ubuntu/airflow/airflow_env/lib/python3.8/site-packages/airflow/example_dags/example_skip_dag.py took 0.060 seconds
[2022-10-11 11:12:09,242] {processor.py:153} INFO - Started process (PID=203734) to work on /home/ubuntu/airflow/airflow_env/lib/python3.8/site-packages/airflow/example_dags/example_skip_dag.py
[2022-10-11 11:12:09,244] {processor.py:641} INFO - Processing file /home/ubuntu/airflow/airflow_env/lib/python3.8/site-packages/airflow/example_dags/example_skip_dag.py for tasks to queue
[2022-10-11 11:12:09,244] {logging_mixin.py:115} INFO - [2022-10-11 11:12:09,244] {dagbag.py:507} INFO - Filling up the DagBag from /home/ubuntu/airflow/airflow_env/lib/python3.8/site-packages/airflow/example_dags/example_skip_dag.py
[2022-10-11 11:12:09,252] {processor.py:651} INFO - DAG(s) dict_keys(['example_skip_dag']) retrieved from /home/ubuntu/airflow/airflow_env/lib/python3.8/site-packages/airflow/example_dags/example_skip_dag.py
[2022-10-11 11:12:09,275] {logging_mixin.py:115} INFO - [2022-10-11 11:12:09,275] {dag.py:2379} INFO - Sync 1 DAGs
[2022-10-11 11:12:09,293] {logging_mixin.py:115} INFO - [2022-10-11 11:12:09,293] {dag.py:2927} INFO - Setting next_dagrun for example_skip_dag to 2022-10-10T18:12:09.293516+00:00, run_after=2022-10-11T18:12:09.293516+00:00
[2022-10-11 11:12:09,308] {processor.py:161} INFO - Processing /home/ubuntu/airflow/airflow_env/lib/python3.8/site-packages/airflow/example_dags/example_skip_dag.py took 0.070 seconds
[2022-10-11 11:12:49,414] {processor.py:153} INFO - Started process (PID=203934) to work on /home/ubuntu/airflow/airflow_env/lib/python3.8/site-packages/airflow/example_dags/example_skip_dag.py
[2022-10-11 11:12:49,433] {processor.py:641} INFO - Processing file /home/ubuntu/airflow/airflow_env/lib/python3.8/site-packages/airflow/example_dags/example_skip_dag.py for tasks to queue
[2022-10-11 11:12:49,434] {logging_mixin.py:115} INFO - [2022-10-11 11:12:49,434] {dagbag.py:507} INFO - Filling up the DagBag from /home/ubuntu/airflow/airflow_env/lib/python3.8/site-packages/airflow/example_dags/example_skip_dag.py
[2022-10-11 11:12:49,568] {processor.py:651} INFO - DAG(s) dict_keys(['example_skip_dag']) retrieved from /home/ubuntu/airflow/airflow_env/lib/python3.8/site-packages/airflow/example_dags/example_skip_dag.py
[2022-10-11 11:12:49,663] {logging_mixin.py:115} INFO - [2022-10-11 11:12:49,662] {dag.py:2379} INFO - Sync 1 DAGs
[2022-10-11 11:12:49,727] {logging_mixin.py:115} INFO - [2022-10-11 11:12:49,726] {dag.py:2927} INFO - Setting next_dagrun for example_skip_dag to 2022-10-10T18:12:49.726289+00:00, run_after=2022-10-11T18:12:49.726289+00:00
[2022-10-11 11:12:49,767] {processor.py:161} INFO - Processing /home/ubuntu/airflow/airflow_env/lib/python3.8/site-packages/airflow/example_dags/example_skip_dag.py took 0.417 seconds
[2022-10-11 11:13:28,651] {processor.py:153} INFO - Started process (PID=210122) to work on /home/ubuntu/airflow/airflow_env/lib/python3.8/site-packages/airflow/example_dags/example_skip_dag.py
[2022-10-11 11:13:28,687] {processor.py:641} INFO - Processing file /home/ubuntu/airflow/airflow_env/lib/python3.8/site-packages/airflow/example_dags/example_skip_dag.py for tasks to queue
[2022-10-11 11:13:28,688] {logging_mixin.py:115} INFO - [2022-10-11 11:13:28,687] {dagbag.py:507} INFO - Filling up the DagBag from /home/ubuntu/airflow/airflow_env/lib/python3.8/site-packages/airflow/example_dags/example_skip_dag.py
[2022-10-11 11:13:28,694] {processor.py:651} INFO - DAG(s) dict_keys(['example_skip_dag']) retrieved from /home/ubuntu/airflow/airflow_env/lib/python3.8/site-packages/airflow/example_dags/example_skip_dag.py
[2022-10-11 11:13:28,717] {logging_mixin.py:115} INFO - [2022-10-11 11:13:28,717] {dag.py:2379} INFO - Sync 1 DAGs
[2022-10-11 11:13:28,754] {logging_mixin.py:115} INFO - [2022-10-11 11:13:28,754] {dag.py:2927} INFO - Setting next_dagrun for example_skip_dag to 2022-10-10T18:13:28.753555+00:00, run_after=2022-10-11T18:13:28.753555+00:00
[2022-10-11 11:13:28,824] {processor.py:161} INFO - Processing /home/ubuntu/airflow/airflow_env/lib/python3.8/site-packages/airflow/example_dags/example_skip_dag.py took 0.223 seconds
[2022-10-11 11:14:03,965] {processor.py:153} INFO - Started process (PID=211889) to work on /home/ubuntu/airflow/airflow_env/lib/python3.8/site-packages/airflow/example_dags/example_skip_dag.py
[2022-10-11 11:14:03,966] {processor.py:641} INFO - Processing file /home/ubuntu/airflow/airflow_env/lib/python3.8/site-packages/airflow/example_dags/example_skip_dag.py for tasks to queue
[2022-10-11 11:14:03,968] {logging_mixin.py:115} INFO - [2022-10-11 11:14:03,967] {dagbag.py:507} INFO - Filling up the DagBag from /home/ubuntu/airflow/airflow_env/lib/python3.8/site-packages/airflow/example_dags/example_skip_dag.py
[2022-10-11 11:14:03,977] {processor.py:651} INFO - DAG(s) dict_keys(['example_skip_dag']) retrieved from /home/ubuntu/airflow/airflow_env/lib/python3.8/site-packages/airflow/example_dags/example_skip_dag.py
[2022-10-11 11:14:04,004] {logging_mixin.py:115} INFO - [2022-10-11 11:14:04,004] {dag.py:2379} INFO - Sync 1 DAGs
[2022-10-11 11:14:04,030] {logging_mixin.py:115} INFO - [2022-10-11 11:14:04,030] {dag.py:2927} INFO - Setting next_dagrun for example_skip_dag to 2022-10-10T18:14:04.029694+00:00, run_after=2022-10-11T18:14:04.029694+00:00
[2022-10-11 11:14:04,043] {processor.py:161} INFO - Processing /home/ubuntu/airflow/airflow_env/lib/python3.8/site-packages/airflow/example_dags/example_skip_dag.py took 0.082 seconds
[2022-10-11 11:14:39,617] {processor.py:153} INFO - Started process (PID=212251) to work on /home/ubuntu/airflow/airflow_env/lib/python3.8/site-packages/airflow/example_dags/example_skip_dag.py
[2022-10-11 11:14:39,618] {processor.py:641} INFO - Processing file /home/ubuntu/airflow/airflow_env/lib/python3.8/site-packages/airflow/example_dags/example_skip_dag.py for tasks to queue
[2022-10-11 11:14:39,619] {logging_mixin.py:115} INFO - [2022-10-11 11:14:39,619] {dagbag.py:507} INFO - Filling up the DagBag from /home/ubuntu/airflow/airflow_env/lib/python3.8/site-packages/airflow/example_dags/example_skip_dag.py
[2022-10-11 11:14:39,627] {processor.py:651} INFO - DAG(s) dict_keys(['example_skip_dag']) retrieved from /home/ubuntu/airflow/airflow_env/lib/python3.8/site-packages/airflow/example_dags/example_skip_dag.py
[2022-10-11 11:14:39,649] {logging_mixin.py:115} INFO - [2022-10-11 11:14:39,649] {dag.py:2379} INFO - Sync 1 DAGs
[2022-10-11 11:14:39,668] {logging_mixin.py:115} INFO - [2022-10-11 11:14:39,668] {dag.py:2927} INFO - Setting next_dagrun for example_skip_dag to 2022-10-10T18:14:39.668001+00:00, run_after=2022-10-11T18:14:39.668001+00:00
[2022-10-11 11:14:39,682] {processor.py:161} INFO - Processing /home/ubuntu/airflow/airflow_env/lib/python3.8/site-packages/airflow/example_dags/example_skip_dag.py took 0.071 seconds
[2022-10-11 11:15:13,030] {processor.py:153} INFO - Started process (PID=212311) to work on /home/ubuntu/airflow/airflow_env/lib/python3.8/site-packages/airflow/example_dags/example_skip_dag.py
[2022-10-11 11:15:13,031] {processor.py:641} INFO - Processing file /home/ubuntu/airflow/airflow_env/lib/python3.8/site-packages/airflow/example_dags/example_skip_dag.py for tasks to queue
[2022-10-11 11:15:13,032] {logging_mixin.py:115} INFO - [2022-10-11 11:15:13,032] {dagbag.py:507} INFO - Filling up the DagBag from /home/ubuntu/airflow/airflow_env/lib/python3.8/site-packages/airflow/example_dags/example_skip_dag.py
[2022-10-11 11:15:13,039] {processor.py:651} INFO - DAG(s) dict_keys(['example_skip_dag']) retrieved from /home/ubuntu/airflow/airflow_env/lib/python3.8/site-packages/airflow/example_dags/example_skip_dag.py
[2022-10-11 11:15:13,069] {logging_mixin.py:115} INFO - [2022-10-11 11:15:13,068] {dag.py:2379} INFO - Sync 1 DAGs
[2022-10-11 11:15:13,089] {logging_mixin.py:115} INFO - [2022-10-11 11:15:13,088] {dag.py:2927} INFO - Setting next_dagrun for example_skip_dag to 2022-10-10T18:15:13.088610+00:00, run_after=2022-10-11T18:15:13.088610+00:00
[2022-10-11 11:15:13,104] {processor.py:161} INFO - Processing /home/ubuntu/airflow/airflow_env/lib/python3.8/site-packages/airflow/example_dags/example_skip_dag.py took 0.082 seconds
[2022-10-11 11:15:44,339] {processor.py:153} INFO - Started process (PID=212369) to work on /home/ubuntu/airflow/airflow_env/lib/python3.8/site-packages/airflow/example_dags/example_skip_dag.py
[2022-10-11 11:15:44,340] {processor.py:641} INFO - Processing file /home/ubuntu/airflow/airflow_env/lib/python3.8/site-packages/airflow/example_dags/example_skip_dag.py for tasks to queue
[2022-10-11 11:15:44,341] {logging_mixin.py:115} INFO - [2022-10-11 11:15:44,341] {dagbag.py:507} INFO - Filling up the DagBag from /home/ubuntu/airflow/airflow_env/lib/python3.8/site-packages/airflow/example_dags/example_skip_dag.py
[2022-10-11 11:15:44,349] {processor.py:651} INFO - DAG(s) dict_keys(['example_skip_dag']) retrieved from /home/ubuntu/airflow/airflow_env/lib/python3.8/site-packages/airflow/example_dags/example_skip_dag.py
[2022-10-11 11:15:44,373] {logging_mixin.py:115} INFO - [2022-10-11 11:15:44,373] {dag.py:2379} INFO - Sync 1 DAGs
[2022-10-11 11:15:44,392] {logging_mixin.py:115} INFO - [2022-10-11 11:15:44,392] {dag.py:2927} INFO - Setting next_dagrun for example_skip_dag to 2022-10-10T18:15:44.391736+00:00, run_after=2022-10-11T18:15:44.391736+00:00
[2022-10-11 11:15:44,405] {processor.py:161} INFO - Processing /home/ubuntu/airflow/airflow_env/lib/python3.8/site-packages/airflow/example_dags/example_skip_dag.py took 0.070 seconds
[2022-10-11 11:16:15,242] {processor.py:153} INFO - Started process (PID=212421) to work on /home/ubuntu/airflow/airflow_env/lib/python3.8/site-packages/airflow/example_dags/example_skip_dag.py
[2022-10-11 11:16:15,243] {processor.py:641} INFO - Processing file /home/ubuntu/airflow/airflow_env/lib/python3.8/site-packages/airflow/example_dags/example_skip_dag.py for tasks to queue
[2022-10-11 11:16:15,244] {logging_mixin.py:115} INFO - [2022-10-11 11:16:15,243] {dagbag.py:507} INFO - Filling up the DagBag from /home/ubuntu/airflow/airflow_env/lib/python3.8/site-packages/airflow/example_dags/example_skip_dag.py
[2022-10-11 11:16:15,251] {processor.py:651} INFO - DAG(s) dict_keys(['example_skip_dag']) retrieved from /home/ubuntu/airflow/airflow_env/lib/python3.8/site-packages/airflow/example_dags/example_skip_dag.py
[2022-10-11 11:16:15,282] {logging_mixin.py:115} INFO - [2022-10-11 11:16:15,282] {dag.py:2379} INFO - Sync 1 DAGs
[2022-10-11 11:16:15,306] {logging_mixin.py:115} INFO - [2022-10-11 11:16:15,306] {dag.py:2927} INFO - Setting next_dagrun for example_skip_dag to 2022-10-10T18:16:15.306332+00:00, run_after=2022-10-11T18:16:15.306332+00:00
[2022-10-11 11:16:15,324] {processor.py:161} INFO - Processing /home/ubuntu/airflow/airflow_env/lib/python3.8/site-packages/airflow/example_dags/example_skip_dag.py took 0.088 seconds
[2022-10-11 11:16:49,456] {processor.py:153} INFO - Started process (PID=212526) to work on /home/ubuntu/airflow/airflow_env/lib/python3.8/site-packages/airflow/example_dags/example_skip_dag.py
[2022-10-11 11:16:49,457] {processor.py:641} INFO - Processing file /home/ubuntu/airflow/airflow_env/lib/python3.8/site-packages/airflow/example_dags/example_skip_dag.py for tasks to queue
[2022-10-11 11:16:49,458] {logging_mixin.py:115} INFO - [2022-10-11 11:16:49,458] {dagbag.py:507} INFO - Filling up the DagBag from /home/ubuntu/airflow/airflow_env/lib/python3.8/site-packages/airflow/example_dags/example_skip_dag.py
[2022-10-11 11:16:49,464] {processor.py:651} INFO - DAG(s) dict_keys(['example_skip_dag']) retrieved from /home/ubuntu/airflow/airflow_env/lib/python3.8/site-packages/airflow/example_dags/example_skip_dag.py
[2022-10-11 11:16:49,484] {logging_mixin.py:115} INFO - [2022-10-11 11:16:49,484] {dag.py:2379} INFO - Sync 1 DAGs
[2022-10-11 11:16:49,500] {logging_mixin.py:115} INFO - [2022-10-11 11:16:49,500] {dag.py:2927} INFO - Setting next_dagrun for example_skip_dag to 2022-10-10T18:16:49.500488+00:00, run_after=2022-10-11T18:16:49.500488+00:00
[2022-10-11 11:16:49,513] {processor.py:161} INFO - Processing /home/ubuntu/airflow/airflow_env/lib/python3.8/site-packages/airflow/example_dags/example_skip_dag.py took 0.061 seconds
[2022-10-11 11:17:23,157] {processor.py:153} INFO - Started process (PID=212834) to work on /home/ubuntu/airflow/airflow_env/lib/python3.8/site-packages/airflow/example_dags/example_skip_dag.py
[2022-10-11 11:17:23,158] {processor.py:641} INFO - Processing file /home/ubuntu/airflow/airflow_env/lib/python3.8/site-packages/airflow/example_dags/example_skip_dag.py for tasks to queue
[2022-10-11 11:17:23,159] {logging_mixin.py:115} INFO - [2022-10-11 11:17:23,159] {dagbag.py:507} INFO - Filling up the DagBag from /home/ubuntu/airflow/airflow_env/lib/python3.8/site-packages/airflow/example_dags/example_skip_dag.py
[2022-10-11 11:17:23,166] {processor.py:651} INFO - DAG(s) dict_keys(['example_skip_dag']) retrieved from /home/ubuntu/airflow/airflow_env/lib/python3.8/site-packages/airflow/example_dags/example_skip_dag.py
[2022-10-11 11:17:23,186] {logging_mixin.py:115} INFO - [2022-10-11 11:17:23,186] {dag.py:2379} INFO - Sync 1 DAGs
[2022-10-11 11:17:23,204] {logging_mixin.py:115} INFO - [2022-10-11 11:17:23,204] {dag.py:2927} INFO - Setting next_dagrun for example_skip_dag to 2022-10-10T18:17:23.204088+00:00, run_after=2022-10-11T18:17:23.204088+00:00
[2022-10-11 11:17:23,221] {processor.py:161} INFO - Processing /home/ubuntu/airflow/airflow_env/lib/python3.8/site-packages/airflow/example_dags/example_skip_dag.py took 0.068 seconds
[2022-10-11 11:17:59,671] {processor.py:153} INFO - Started process (PID=212930) to work on /home/ubuntu/airflow/airflow_env/lib/python3.8/site-packages/airflow/example_dags/example_skip_dag.py
[2022-10-11 11:17:59,673] {processor.py:641} INFO - Processing file /home/ubuntu/airflow/airflow_env/lib/python3.8/site-packages/airflow/example_dags/example_skip_dag.py for tasks to queue
[2022-10-11 11:17:59,674] {logging_mixin.py:115} INFO - [2022-10-11 11:17:59,674] {dagbag.py:507} INFO - Filling up the DagBag from /home/ubuntu/airflow/airflow_env/lib/python3.8/site-packages/airflow/example_dags/example_skip_dag.py
[2022-10-11 11:17:59,686] {processor.py:651} INFO - DAG(s) dict_keys(['example_skip_dag']) retrieved from /home/ubuntu/airflow/airflow_env/lib/python3.8/site-packages/airflow/example_dags/example_skip_dag.py
[2022-10-11 11:17:59,709] {logging_mixin.py:115} INFO - [2022-10-11 11:17:59,709] {dag.py:2379} INFO - Sync 1 DAGs
[2022-10-11 11:17:59,730] {logging_mixin.py:115} INFO - [2022-10-11 11:17:59,730] {dag.py:2927} INFO - Setting next_dagrun for example_skip_dag to 2022-10-10T18:17:59.729652+00:00, run_after=2022-10-11T18:17:59.729652+00:00
[2022-10-11 11:17:59,743] {processor.py:161} INFO - Processing /home/ubuntu/airflow/airflow_env/lib/python3.8/site-packages/airflow/example_dags/example_skip_dag.py took 0.198 seconds
[2022-10-11 11:18:32,781] {processor.py:153} INFO - Started process (PID=212985) to work on /home/ubuntu/airflow/airflow_env/lib/python3.8/site-packages/airflow/example_dags/example_skip_dag.py
[2022-10-11 11:18:32,782] {processor.py:641} INFO - Processing file /home/ubuntu/airflow/airflow_env/lib/python3.8/site-packages/airflow/example_dags/example_skip_dag.py for tasks to queue
[2022-10-11 11:18:32,783] {logging_mixin.py:115} INFO - [2022-10-11 11:18:32,783] {dagbag.py:507} INFO - Filling up the DagBag from /home/ubuntu/airflow/airflow_env/lib/python3.8/site-packages/airflow/example_dags/example_skip_dag.py
[2022-10-11 11:18:32,789] {processor.py:651} INFO - DAG(s) dict_keys(['example_skip_dag']) retrieved from /home/ubuntu/airflow/airflow_env/lib/python3.8/site-packages/airflow/example_dags/example_skip_dag.py
[2022-10-11 11:18:32,810] {logging_mixin.py:115} INFO - [2022-10-11 11:18:32,810] {dag.py:2379} INFO - Sync 1 DAGs
[2022-10-11 11:18:32,828] {logging_mixin.py:115} INFO - [2022-10-11 11:18:32,828] {dag.py:2927} INFO - Setting next_dagrun for example_skip_dag to 2022-10-10T18:18:32.827762+00:00, run_after=2022-10-11T18:18:32.827762+00:00
[2022-10-11 11:18:32,841] {processor.py:161} INFO - Processing /home/ubuntu/airflow/airflow_env/lib/python3.8/site-packages/airflow/example_dags/example_skip_dag.py took 0.064 seconds
[2022-10-11 11:19:05,399] {processor.py:153} INFO - Started process (PID=213111) to work on /home/ubuntu/airflow/airflow_env/lib/python3.8/site-packages/airflow/example_dags/example_skip_dag.py
[2022-10-11 11:19:05,400] {processor.py:641} INFO - Processing file /home/ubuntu/airflow/airflow_env/lib/python3.8/site-packages/airflow/example_dags/example_skip_dag.py for tasks to queue
[2022-10-11 11:19:05,401] {logging_mixin.py:115} INFO - [2022-10-11 11:19:05,401] {dagbag.py:507} INFO - Filling up the DagBag from /home/ubuntu/airflow/airflow_env/lib/python3.8/site-packages/airflow/example_dags/example_skip_dag.py
[2022-10-11 11:19:05,420] {processor.py:651} INFO - DAG(s) dict_keys(['example_skip_dag']) retrieved from /home/ubuntu/airflow/airflow_env/lib/python3.8/site-packages/airflow/example_dags/example_skip_dag.py
[2022-10-11 11:19:05,454] {logging_mixin.py:115} INFO - [2022-10-11 11:19:05,454] {dag.py:2379} INFO - Sync 1 DAGs
[2022-10-11 11:19:05,489] {logging_mixin.py:115} INFO - [2022-10-11 11:19:05,489] {dag.py:2927} INFO - Setting next_dagrun for example_skip_dag to 2022-10-10T18:19:05.489098+00:00, run_after=2022-10-11T18:19:05.489098+00:00
[2022-10-11 11:19:05,518] {processor.py:161} INFO - Processing /home/ubuntu/airflow/airflow_env/lib/python3.8/site-packages/airflow/example_dags/example_skip_dag.py took 0.124 seconds
[2022-10-11 11:19:43,146] {processor.py:153} INFO - Started process (PID=213258) to work on /home/ubuntu/airflow/airflow_env/lib/python3.8/site-packages/airflow/example_dags/example_skip_dag.py
[2022-10-11 11:19:43,147] {processor.py:641} INFO - Processing file /home/ubuntu/airflow/airflow_env/lib/python3.8/site-packages/airflow/example_dags/example_skip_dag.py for tasks to queue
[2022-10-11 11:19:43,148] {logging_mixin.py:115} INFO - [2022-10-11 11:19:43,148] {dagbag.py:507} INFO - Filling up the DagBag from /home/ubuntu/airflow/airflow_env/lib/python3.8/site-packages/airflow/example_dags/example_skip_dag.py
[2022-10-11 11:19:43,156] {processor.py:651} INFO - DAG(s) dict_keys(['example_skip_dag']) retrieved from /home/ubuntu/airflow/airflow_env/lib/python3.8/site-packages/airflow/example_dags/example_skip_dag.py
[2022-10-11 11:19:43,195] {logging_mixin.py:115} INFO - [2022-10-11 11:19:43,195] {dag.py:2379} INFO - Sync 1 DAGs
[2022-10-11 11:19:43,227] {logging_mixin.py:115} INFO - [2022-10-11 11:19:43,227] {dag.py:2927} INFO - Setting next_dagrun for example_skip_dag to 2022-10-10T18:19:43.226325+00:00, run_after=2022-10-11T18:19:43.226325+00:00
[2022-10-11 11:19:43,251] {processor.py:161} INFO - Processing /home/ubuntu/airflow/airflow_env/lib/python3.8/site-packages/airflow/example_dags/example_skip_dag.py took 0.115 seconds
[2022-10-11 11:20:18,253] {processor.py:153} INFO - Started process (PID=213324) to work on /home/ubuntu/airflow/airflow_env/lib/python3.8/site-packages/airflow/example_dags/example_skip_dag.py
[2022-10-11 11:20:18,254] {processor.py:641} INFO - Processing file /home/ubuntu/airflow/airflow_env/lib/python3.8/site-packages/airflow/example_dags/example_skip_dag.py for tasks to queue
[2022-10-11 11:20:18,255] {logging_mixin.py:115} INFO - [2022-10-11 11:20:18,255] {dagbag.py:507} INFO - Filling up the DagBag from /home/ubuntu/airflow/airflow_env/lib/python3.8/site-packages/airflow/example_dags/example_skip_dag.py
[2022-10-11 11:20:18,262] {processor.py:651} INFO - DAG(s) dict_keys(['example_skip_dag']) retrieved from /home/ubuntu/airflow/airflow_env/lib/python3.8/site-packages/airflow/example_dags/example_skip_dag.py
[2022-10-11 11:20:18,289] {logging_mixin.py:115} INFO - [2022-10-11 11:20:18,289] {dag.py:2379} INFO - Sync 1 DAGs
[2022-10-11 11:20:18,309] {logging_mixin.py:115} INFO - [2022-10-11 11:20:18,308] {dag.py:2927} INFO - Setting next_dagrun for example_skip_dag to 2022-10-10T18:20:18.308480+00:00, run_after=2022-10-11T18:20:18.308480+00:00
[2022-10-11 11:20:18,325] {processor.py:161} INFO - Processing /home/ubuntu/airflow/airflow_env/lib/python3.8/site-packages/airflow/example_dags/example_skip_dag.py took 0.075 seconds
[2022-10-11 11:20:50,314] {processor.py:153} INFO - Started process (PID=213381) to work on /home/ubuntu/airflow/airflow_env/lib/python3.8/site-packages/airflow/example_dags/example_skip_dag.py
[2022-10-11 11:20:50,315] {processor.py:641} INFO - Processing file /home/ubuntu/airflow/airflow_env/lib/python3.8/site-packages/airflow/example_dags/example_skip_dag.py for tasks to queue
[2022-10-11 11:20:50,316] {logging_mixin.py:115} INFO - [2022-10-11 11:20:50,316] {dagbag.py:507} INFO - Filling up the DagBag from /home/ubuntu/airflow/airflow_env/lib/python3.8/site-packages/airflow/example_dags/example_skip_dag.py
[2022-10-11 11:20:50,323] {processor.py:651} INFO - DAG(s) dict_keys(['example_skip_dag']) retrieved from /home/ubuntu/airflow/airflow_env/lib/python3.8/site-packages/airflow/example_dags/example_skip_dag.py
[2022-10-11 11:20:50,344] {logging_mixin.py:115} INFO - [2022-10-11 11:20:50,344] {dag.py:2379} INFO - Sync 1 DAGs
[2022-10-11 11:20:50,361] {logging_mixin.py:115} INFO - [2022-10-11 11:20:50,360] {dag.py:2927} INFO - Setting next_dagrun for example_skip_dag to 2022-10-10T18:20:50.360625+00:00, run_after=2022-10-11T18:20:50.360625+00:00
[2022-10-11 11:20:50,373] {processor.py:161} INFO - Processing /home/ubuntu/airflow/airflow_env/lib/python3.8/site-packages/airflow/example_dags/example_skip_dag.py took 0.063 seconds
[2022-10-11 11:21:22,511] {processor.py:153} INFO - Started process (PID=213436) to work on /home/ubuntu/airflow/airflow_env/lib/python3.8/site-packages/airflow/example_dags/example_skip_dag.py
[2022-10-11 11:21:22,512] {processor.py:641} INFO - Processing file /home/ubuntu/airflow/airflow_env/lib/python3.8/site-packages/airflow/example_dags/example_skip_dag.py for tasks to queue
[2022-10-11 11:21:22,513] {logging_mixin.py:115} INFO - [2022-10-11 11:21:22,513] {dagbag.py:507} INFO - Filling up the DagBag from /home/ubuntu/airflow/airflow_env/lib/python3.8/site-packages/airflow/example_dags/example_skip_dag.py
[2022-10-11 11:21:22,529] {processor.py:651} INFO - DAG(s) dict_keys(['example_skip_dag']) retrieved from /home/ubuntu/airflow/airflow_env/lib/python3.8/site-packages/airflow/example_dags/example_skip_dag.py
[2022-10-11 11:21:22,560] {logging_mixin.py:115} INFO - [2022-10-11 11:21:22,560] {dag.py:2379} INFO - Sync 1 DAGs
[2022-10-11 11:21:22,582] {logging_mixin.py:115} INFO - [2022-10-11 11:21:22,582] {dag.py:2927} INFO - Setting next_dagrun for example_skip_dag to 2022-10-10T18:21:22.582140+00:00, run_after=2022-10-11T18:21:22.582140+00:00
[2022-10-11 11:21:22,608] {processor.py:161} INFO - Processing /home/ubuntu/airflow/airflow_env/lib/python3.8/site-packages/airflow/example_dags/example_skip_dag.py took 0.103 seconds
