[2022-10-11 11:01:53,067] {processor.py:153} INFO - Started process (PID=202328) to work on /home/ubuntu/airflow/airflow_env/lib/python3.8/site-packages/airflow/example_dags/example_task_group.py
[2022-10-11 11:01:53,067] {processor.py:641} INFO - Processing file /home/ubuntu/airflow/airflow_env/lib/python3.8/site-packages/airflow/example_dags/example_task_group.py for tasks to queue
[2022-10-11 11:01:53,068] {logging_mixin.py:115} INFO - [2022-10-11 11:01:53,068] {dagbag.py:507} INFO - Filling up the DagBag from /home/ubuntu/airflow/airflow_env/lib/python3.8/site-packages/airflow/example_dags/example_task_group.py
[2022-10-11 11:01:53,077] {processor.py:651} INFO - DAG(s) dict_keys(['example_task_group']) retrieved from /home/ubuntu/airflow/airflow_env/lib/python3.8/site-packages/airflow/example_dags/example_task_group.py
[2022-10-11 11:01:53,098] {logging_mixin.py:115} INFO - [2022-10-11 11:01:53,098] {dag.py:2379} INFO - Sync 1 DAGs
[2022-10-11 11:01:53,123] {logging_mixin.py:115} INFO - [2022-10-11 11:01:53,123] {dag.py:2927} INFO - Setting next_dagrun for example_task_group to 2022-10-10T18:01:53.123237+00:00, run_after=2022-10-11T18:01:53.123237+00:00
[2022-10-11 11:01:53,139] {processor.py:161} INFO - Processing /home/ubuntu/airflow/airflow_env/lib/python3.8/site-packages/airflow/example_dags/example_task_group.py took 0.076 seconds
[2022-10-11 11:02:25,867] {processor.py:153} INFO - Started process (PID=202533) to work on /home/ubuntu/airflow/airflow_env/lib/python3.8/site-packages/airflow/example_dags/example_task_group.py
[2022-10-11 11:02:25,868] {processor.py:641} INFO - Processing file /home/ubuntu/airflow/airflow_env/lib/python3.8/site-packages/airflow/example_dags/example_task_group.py for tasks to queue
[2022-10-11 11:02:25,869] {logging_mixin.py:115} INFO - [2022-10-11 11:02:25,869] {dagbag.py:507} INFO - Filling up the DagBag from /home/ubuntu/airflow/airflow_env/lib/python3.8/site-packages/airflow/example_dags/example_task_group.py
[2022-10-11 11:02:25,880] {processor.py:651} INFO - DAG(s) dict_keys(['example_task_group']) retrieved from /home/ubuntu/airflow/airflow_env/lib/python3.8/site-packages/airflow/example_dags/example_task_group.py
[2022-10-11 11:02:25,904] {logging_mixin.py:115} INFO - [2022-10-11 11:02:25,903] {dag.py:2379} INFO - Sync 1 DAGs
[2022-10-11 11:02:25,921] {logging_mixin.py:115} INFO - [2022-10-11 11:02:25,921] {dag.py:2927} INFO - Setting next_dagrun for example_task_group to 2022-10-10T18:02:25.921195+00:00, run_after=2022-10-11T18:02:25.921195+00:00
[2022-10-11 11:02:25,936] {processor.py:161} INFO - Processing /home/ubuntu/airflow/airflow_env/lib/python3.8/site-packages/airflow/example_dags/example_task_group.py took 0.074 seconds
[2022-10-11 11:03:00,721] {processor.py:153} INFO - Started process (PID=202594) to work on /home/ubuntu/airflow/airflow_env/lib/python3.8/site-packages/airflow/example_dags/example_task_group.py
[2022-10-11 11:03:00,722] {processor.py:641} INFO - Processing file /home/ubuntu/airflow/airflow_env/lib/python3.8/site-packages/airflow/example_dags/example_task_group.py for tasks to queue
[2022-10-11 11:03:00,722] {logging_mixin.py:115} INFO - [2022-10-11 11:03:00,722] {dagbag.py:507} INFO - Filling up the DagBag from /home/ubuntu/airflow/airflow_env/lib/python3.8/site-packages/airflow/example_dags/example_task_group.py
[2022-10-11 11:03:00,732] {processor.py:651} INFO - DAG(s) dict_keys(['example_task_group']) retrieved from /home/ubuntu/airflow/airflow_env/lib/python3.8/site-packages/airflow/example_dags/example_task_group.py
[2022-10-11 11:03:00,754] {logging_mixin.py:115} INFO - [2022-10-11 11:03:00,754] {dag.py:2379} INFO - Sync 1 DAGs
[2022-10-11 11:03:00,773] {logging_mixin.py:115} INFO - [2022-10-11 11:03:00,773] {dag.py:2927} INFO - Setting next_dagrun for example_task_group to 2022-10-10T18:03:00.772958+00:00, run_after=2022-10-11T18:03:00.772958+00:00
[2022-10-11 11:03:00,786] {processor.py:161} INFO - Processing /home/ubuntu/airflow/airflow_env/lib/python3.8/site-packages/airflow/example_dags/example_task_group.py took 0.069 seconds
[2022-10-11 11:03:36,271] {processor.py:153} INFO - Started process (PID=202656) to work on /home/ubuntu/airflow/airflow_env/lib/python3.8/site-packages/airflow/example_dags/example_task_group.py
[2022-10-11 11:03:36,273] {processor.py:641} INFO - Processing file /home/ubuntu/airflow/airflow_env/lib/python3.8/site-packages/airflow/example_dags/example_task_group.py for tasks to queue
[2022-10-11 11:03:36,274] {logging_mixin.py:115} INFO - [2022-10-11 11:03:36,274] {dagbag.py:507} INFO - Filling up the DagBag from /home/ubuntu/airflow/airflow_env/lib/python3.8/site-packages/airflow/example_dags/example_task_group.py
[2022-10-11 11:03:36,284] {processor.py:651} INFO - DAG(s) dict_keys(['example_task_group']) retrieved from /home/ubuntu/airflow/airflow_env/lib/python3.8/site-packages/airflow/example_dags/example_task_group.py
[2022-10-11 11:03:36,314] {logging_mixin.py:115} INFO - [2022-10-11 11:03:36,314] {dag.py:2379} INFO - Sync 1 DAGs
[2022-10-11 11:03:36,336] {logging_mixin.py:115} INFO - [2022-10-11 11:03:36,336] {dag.py:2927} INFO - Setting next_dagrun for example_task_group to 2022-10-10T18:03:36.336342+00:00, run_after=2022-10-11T18:03:36.336342+00:00
[2022-10-11 11:03:36,354] {processor.py:161} INFO - Processing /home/ubuntu/airflow/airflow_env/lib/python3.8/site-packages/airflow/example_dags/example_task_group.py took 0.089 seconds
[2022-10-11 11:04:10,035] {processor.py:153} INFO - Started process (PID=202788) to work on /home/ubuntu/airflow/airflow_env/lib/python3.8/site-packages/airflow/example_dags/example_task_group.py
[2022-10-11 11:04:10,036] {processor.py:641} INFO - Processing file /home/ubuntu/airflow/airflow_env/lib/python3.8/site-packages/airflow/example_dags/example_task_group.py for tasks to queue
[2022-10-11 11:04:10,037] {logging_mixin.py:115} INFO - [2022-10-11 11:04:10,037] {dagbag.py:507} INFO - Filling up the DagBag from /home/ubuntu/airflow/airflow_env/lib/python3.8/site-packages/airflow/example_dags/example_task_group.py
[2022-10-11 11:04:10,047] {processor.py:651} INFO - DAG(s) dict_keys(['example_task_group']) retrieved from /home/ubuntu/airflow/airflow_env/lib/python3.8/site-packages/airflow/example_dags/example_task_group.py
[2022-10-11 11:04:10,075] {logging_mixin.py:115} INFO - [2022-10-11 11:04:10,075] {dag.py:2379} INFO - Sync 1 DAGs
[2022-10-11 11:04:10,095] {logging_mixin.py:115} INFO - [2022-10-11 11:04:10,095] {dag.py:2927} INFO - Setting next_dagrun for example_task_group to 2022-10-10T18:04:10.095392+00:00, run_after=2022-10-11T18:04:10.095392+00:00
[2022-10-11 11:04:10,114] {processor.py:161} INFO - Processing /home/ubuntu/airflow/airflow_env/lib/python3.8/site-packages/airflow/example_dags/example_task_group.py took 0.083 seconds
[2022-10-11 11:04:44,955] {processor.py:153} INFO - Started process (PID=202852) to work on /home/ubuntu/airflow/airflow_env/lib/python3.8/site-packages/airflow/example_dags/example_task_group.py
[2022-10-11 11:04:44,956] {processor.py:641} INFO - Processing file /home/ubuntu/airflow/airflow_env/lib/python3.8/site-packages/airflow/example_dags/example_task_group.py for tasks to queue
[2022-10-11 11:04:44,956] {logging_mixin.py:115} INFO - [2022-10-11 11:04:44,956] {dagbag.py:507} INFO - Filling up the DagBag from /home/ubuntu/airflow/airflow_env/lib/python3.8/site-packages/airflow/example_dags/example_task_group.py
[2022-10-11 11:04:44,966] {processor.py:651} INFO - DAG(s) dict_keys(['example_task_group']) retrieved from /home/ubuntu/airflow/airflow_env/lib/python3.8/site-packages/airflow/example_dags/example_task_group.py
[2022-10-11 11:04:44,989] {logging_mixin.py:115} INFO - [2022-10-11 11:04:44,989] {dag.py:2379} INFO - Sync 1 DAGs
[2022-10-11 11:04:45,006] {logging_mixin.py:115} INFO - [2022-10-11 11:04:45,005] {dag.py:2927} INFO - Setting next_dagrun for example_task_group to 2022-10-10T18:04:45.005653+00:00, run_after=2022-10-11T18:04:45.005653+00:00
[2022-10-11 11:04:45,018] {processor.py:161} INFO - Processing /home/ubuntu/airflow/airflow_env/lib/python3.8/site-packages/airflow/example_dags/example_task_group.py took 0.067 seconds
[2022-10-11 11:05:22,325] {processor.py:153} INFO - Started process (PID=202913) to work on /home/ubuntu/airflow/airflow_env/lib/python3.8/site-packages/airflow/example_dags/example_task_group.py
[2022-10-11 11:05:22,326] {processor.py:641} INFO - Processing file /home/ubuntu/airflow/airflow_env/lib/python3.8/site-packages/airflow/example_dags/example_task_group.py for tasks to queue
[2022-10-11 11:05:22,327] {logging_mixin.py:115} INFO - [2022-10-11 11:05:22,327] {dagbag.py:507} INFO - Filling up the DagBag from /home/ubuntu/airflow/airflow_env/lib/python3.8/site-packages/airflow/example_dags/example_task_group.py
[2022-10-11 11:05:22,337] {processor.py:651} INFO - DAG(s) dict_keys(['example_task_group']) retrieved from /home/ubuntu/airflow/airflow_env/lib/python3.8/site-packages/airflow/example_dags/example_task_group.py
[2022-10-11 11:05:22,373] {logging_mixin.py:115} INFO - [2022-10-11 11:05:22,373] {dag.py:2379} INFO - Sync 1 DAGs
[2022-10-11 11:05:22,395] {logging_mixin.py:115} INFO - [2022-10-11 11:05:22,395] {dag.py:2927} INFO - Setting next_dagrun for example_task_group to 2022-10-10T18:05:22.394755+00:00, run_after=2022-10-11T18:05:22.394755+00:00
[2022-10-11 11:05:22,412] {processor.py:161} INFO - Processing /home/ubuntu/airflow/airflow_env/lib/python3.8/site-packages/airflow/example_dags/example_task_group.py took 0.091 seconds
[2022-10-11 11:05:56,651] {processor.py:153} INFO - Started process (PID=202970) to work on /home/ubuntu/airflow/airflow_env/lib/python3.8/site-packages/airflow/example_dags/example_task_group.py
[2022-10-11 11:05:56,655] {processor.py:641} INFO - Processing file /home/ubuntu/airflow/airflow_env/lib/python3.8/site-packages/airflow/example_dags/example_task_group.py for tasks to queue
[2022-10-11 11:05:56,656] {logging_mixin.py:115} INFO - [2022-10-11 11:05:56,655] {dagbag.py:507} INFO - Filling up the DagBag from /home/ubuntu/airflow/airflow_env/lib/python3.8/site-packages/airflow/example_dags/example_task_group.py
[2022-10-11 11:05:56,671] {processor.py:651} INFO - DAG(s) dict_keys(['example_task_group']) retrieved from /home/ubuntu/airflow/airflow_env/lib/python3.8/site-packages/airflow/example_dags/example_task_group.py
[2022-10-11 11:05:56,705] {logging_mixin.py:115} INFO - [2022-10-11 11:05:56,704] {dag.py:2379} INFO - Sync 1 DAGs
[2022-10-11 11:05:56,735] {logging_mixin.py:115} INFO - [2022-10-11 11:05:56,735] {dag.py:2927} INFO - Setting next_dagrun for example_task_group to 2022-10-10T18:05:56.734989+00:00, run_after=2022-10-11T18:05:56.734989+00:00
[2022-10-11 11:05:56,757] {processor.py:161} INFO - Processing /home/ubuntu/airflow/airflow_env/lib/python3.8/site-packages/airflow/example_dags/example_task_group.py took 0.113 seconds
[2022-10-11 11:06:31,867] {processor.py:153} INFO - Started process (PID=203028) to work on /home/ubuntu/airflow/airflow_env/lib/python3.8/site-packages/airflow/example_dags/example_task_group.py
[2022-10-11 11:06:31,868] {processor.py:641} INFO - Processing file /home/ubuntu/airflow/airflow_env/lib/python3.8/site-packages/airflow/example_dags/example_task_group.py for tasks to queue
[2022-10-11 11:06:31,868] {logging_mixin.py:115} INFO - [2022-10-11 11:06:31,868] {dagbag.py:507} INFO - Filling up the DagBag from /home/ubuntu/airflow/airflow_env/lib/python3.8/site-packages/airflow/example_dags/example_task_group.py
[2022-10-11 11:06:31,881] {processor.py:651} INFO - DAG(s) dict_keys(['example_task_group']) retrieved from /home/ubuntu/airflow/airflow_env/lib/python3.8/site-packages/airflow/example_dags/example_task_group.py
[2022-10-11 11:06:31,900] {logging_mixin.py:115} INFO - [2022-10-11 11:06:31,900] {dag.py:2379} INFO - Sync 1 DAGs
[2022-10-11 11:06:31,916] {logging_mixin.py:115} INFO - [2022-10-11 11:06:31,916] {dag.py:2927} INFO - Setting next_dagrun for example_task_group to 2022-10-10T18:06:31.916289+00:00, run_after=2022-10-11T18:06:31.916289+00:00
[2022-10-11 11:06:31,928] {processor.py:161} INFO - Processing /home/ubuntu/airflow/airflow_env/lib/python3.8/site-packages/airflow/example_dags/example_task_group.py took 0.066 seconds
[2022-10-11 11:07:05,392] {processor.py:153} INFO - Started process (PID=203087) to work on /home/ubuntu/airflow/airflow_env/lib/python3.8/site-packages/airflow/example_dags/example_task_group.py
[2022-10-11 11:07:05,393] {processor.py:641} INFO - Processing file /home/ubuntu/airflow/airflow_env/lib/python3.8/site-packages/airflow/example_dags/example_task_group.py for tasks to queue
[2022-10-11 11:07:05,394] {logging_mixin.py:115} INFO - [2022-10-11 11:07:05,394] {dagbag.py:507} INFO - Filling up the DagBag from /home/ubuntu/airflow/airflow_env/lib/python3.8/site-packages/airflow/example_dags/example_task_group.py
[2022-10-11 11:07:05,408] {processor.py:651} INFO - DAG(s) dict_keys(['example_task_group']) retrieved from /home/ubuntu/airflow/airflow_env/lib/python3.8/site-packages/airflow/example_dags/example_task_group.py
[2022-10-11 11:07:05,430] {logging_mixin.py:115} INFO - [2022-10-11 11:07:05,430] {dag.py:2379} INFO - Sync 1 DAGs
[2022-10-11 11:07:05,446] {logging_mixin.py:115} INFO - [2022-10-11 11:07:05,446] {dag.py:2927} INFO - Setting next_dagrun for example_task_group to 2022-10-10T18:07:05.446201+00:00, run_after=2022-10-11T18:07:05.446201+00:00
[2022-10-11 11:07:05,459] {processor.py:161} INFO - Processing /home/ubuntu/airflow/airflow_env/lib/python3.8/site-packages/airflow/example_dags/example_task_group.py took 0.071 seconds
[2022-10-11 11:07:40,345] {processor.py:153} INFO - Started process (PID=203147) to work on /home/ubuntu/airflow/airflow_env/lib/python3.8/site-packages/airflow/example_dags/example_task_group.py
[2022-10-11 11:07:40,346] {processor.py:641} INFO - Processing file /home/ubuntu/airflow/airflow_env/lib/python3.8/site-packages/airflow/example_dags/example_task_group.py for tasks to queue
[2022-10-11 11:07:40,347] {logging_mixin.py:115} INFO - [2022-10-11 11:07:40,347] {dagbag.py:507} INFO - Filling up the DagBag from /home/ubuntu/airflow/airflow_env/lib/python3.8/site-packages/airflow/example_dags/example_task_group.py
[2022-10-11 11:07:40,360] {processor.py:651} INFO - DAG(s) dict_keys(['example_task_group']) retrieved from /home/ubuntu/airflow/airflow_env/lib/python3.8/site-packages/airflow/example_dags/example_task_group.py
[2022-10-11 11:07:40,379] {logging_mixin.py:115} INFO - [2022-10-11 11:07:40,379] {dag.py:2379} INFO - Sync 1 DAGs
[2022-10-11 11:07:40,395] {logging_mixin.py:115} INFO - [2022-10-11 11:07:40,395] {dag.py:2927} INFO - Setting next_dagrun for example_task_group to 2022-10-10T18:07:40.394667+00:00, run_after=2022-10-11T18:07:40.394667+00:00
[2022-10-11 11:07:40,409] {processor.py:161} INFO - Processing /home/ubuntu/airflow/airflow_env/lib/python3.8/site-packages/airflow/example_dags/example_task_group.py took 0.068 seconds
[2022-10-11 11:08:13,190] {processor.py:153} INFO - Started process (PID=203204) to work on /home/ubuntu/airflow/airflow_env/lib/python3.8/site-packages/airflow/example_dags/example_task_group.py
[2022-10-11 11:08:13,191] {processor.py:641} INFO - Processing file /home/ubuntu/airflow/airflow_env/lib/python3.8/site-packages/airflow/example_dags/example_task_group.py for tasks to queue
[2022-10-11 11:08:13,193] {logging_mixin.py:115} INFO - [2022-10-11 11:08:13,193] {dagbag.py:507} INFO - Filling up the DagBag from /home/ubuntu/airflow/airflow_env/lib/python3.8/site-packages/airflow/example_dags/example_task_group.py
[2022-10-11 11:08:13,207] {processor.py:651} INFO - DAG(s) dict_keys(['example_task_group']) retrieved from /home/ubuntu/airflow/airflow_env/lib/python3.8/site-packages/airflow/example_dags/example_task_group.py
[2022-10-11 11:08:13,228] {logging_mixin.py:115} INFO - [2022-10-11 11:08:13,228] {dag.py:2379} INFO - Sync 1 DAGs
[2022-10-11 11:08:13,247] {logging_mixin.py:115} INFO - [2022-10-11 11:08:13,247] {dag.py:2927} INFO - Setting next_dagrun for example_task_group to 2022-10-10T18:08:13.246746+00:00, run_after=2022-10-11T18:08:13.246746+00:00
[2022-10-11 11:08:13,259] {processor.py:161} INFO - Processing /home/ubuntu/airflow/airflow_env/lib/python3.8/site-packages/airflow/example_dags/example_task_group.py took 0.074 seconds
[2022-10-11 11:08:46,820] {processor.py:153} INFO - Started process (PID=203274) to work on /home/ubuntu/airflow/airflow_env/lib/python3.8/site-packages/airflow/example_dags/example_task_group.py
[2022-10-11 11:08:46,824] {processor.py:641} INFO - Processing file /home/ubuntu/airflow/airflow_env/lib/python3.8/site-packages/airflow/example_dags/example_task_group.py for tasks to queue
[2022-10-11 11:08:46,825] {logging_mixin.py:115} INFO - [2022-10-11 11:08:46,825] {dagbag.py:507} INFO - Filling up the DagBag from /home/ubuntu/airflow/airflow_env/lib/python3.8/site-packages/airflow/example_dags/example_task_group.py
[2022-10-11 11:08:46,873] {processor.py:651} INFO - DAG(s) dict_keys(['example_task_group']) retrieved from /home/ubuntu/airflow/airflow_env/lib/python3.8/site-packages/airflow/example_dags/example_task_group.py
[2022-10-11 11:08:46,908] {logging_mixin.py:115} INFO - [2022-10-11 11:08:46,908] {dag.py:2379} INFO - Sync 1 DAGs
[2022-10-11 11:08:46,927] {logging_mixin.py:115} INFO - [2022-10-11 11:08:46,927] {dag.py:2927} INFO - Setting next_dagrun for example_task_group to 2022-10-10T18:08:46.927290+00:00, run_after=2022-10-11T18:08:46.927290+00:00
[2022-10-11 11:08:46,948] {processor.py:161} INFO - Processing /home/ubuntu/airflow/airflow_env/lib/python3.8/site-packages/airflow/example_dags/example_task_group.py took 0.136 seconds
[2022-10-11 11:09:21,847] {processor.py:153} INFO - Started process (PID=203467) to work on /home/ubuntu/airflow/airflow_env/lib/python3.8/site-packages/airflow/example_dags/example_task_group.py
[2022-10-11 11:09:21,848] {processor.py:641} INFO - Processing file /home/ubuntu/airflow/airflow_env/lib/python3.8/site-packages/airflow/example_dags/example_task_group.py for tasks to queue
[2022-10-11 11:09:21,848] {logging_mixin.py:115} INFO - [2022-10-11 11:09:21,848] {dagbag.py:507} INFO - Filling up the DagBag from /home/ubuntu/airflow/airflow_env/lib/python3.8/site-packages/airflow/example_dags/example_task_group.py
[2022-10-11 11:09:21,861] {processor.py:651} INFO - DAG(s) dict_keys(['example_task_group']) retrieved from /home/ubuntu/airflow/airflow_env/lib/python3.8/site-packages/airflow/example_dags/example_task_group.py
[2022-10-11 11:09:21,881] {logging_mixin.py:115} INFO - [2022-10-11 11:09:21,881] {dag.py:2379} INFO - Sync 1 DAGs
[2022-10-11 11:09:21,897] {logging_mixin.py:115} INFO - [2022-10-11 11:09:21,897] {dag.py:2927} INFO - Setting next_dagrun for example_task_group to 2022-10-10T18:09:21.897009+00:00, run_after=2022-10-11T18:09:21.897009+00:00
[2022-10-11 11:09:21,914] {processor.py:161} INFO - Processing /home/ubuntu/airflow/airflow_env/lib/python3.8/site-packages/airflow/example_dags/example_task_group.py took 0.071 seconds
[2022-10-11 11:09:57,986] {processor.py:153} INFO - Started process (PID=203527) to work on /home/ubuntu/airflow/airflow_env/lib/python3.8/site-packages/airflow/example_dags/example_task_group.py
[2022-10-11 11:09:57,987] {processor.py:641} INFO - Processing file /home/ubuntu/airflow/airflow_env/lib/python3.8/site-packages/airflow/example_dags/example_task_group.py for tasks to queue
[2022-10-11 11:09:57,989] {logging_mixin.py:115} INFO - [2022-10-11 11:09:57,989] {dagbag.py:507} INFO - Filling up the DagBag from /home/ubuntu/airflow/airflow_env/lib/python3.8/site-packages/airflow/example_dags/example_task_group.py
[2022-10-11 11:09:58,011] {processor.py:651} INFO - DAG(s) dict_keys(['example_task_group']) retrieved from /home/ubuntu/airflow/airflow_env/lib/python3.8/site-packages/airflow/example_dags/example_task_group.py
[2022-10-11 11:09:58,048] {logging_mixin.py:115} INFO - [2022-10-11 11:09:58,047] {dag.py:2379} INFO - Sync 1 DAGs
[2022-10-11 11:09:58,074] {logging_mixin.py:115} INFO - [2022-10-11 11:09:58,074] {dag.py:2927} INFO - Setting next_dagrun for example_task_group to 2022-10-10T18:09:58.073737+00:00, run_after=2022-10-11T18:09:58.073737+00:00
[2022-10-11 11:09:58,091] {processor.py:161} INFO - Processing /home/ubuntu/airflow/airflow_env/lib/python3.8/site-packages/airflow/example_dags/example_task_group.py took 0.111 seconds
[2022-10-11 11:10:32,057] {processor.py:153} INFO - Started process (PID=203578) to work on /home/ubuntu/airflow/airflow_env/lib/python3.8/site-packages/airflow/example_dags/example_task_group.py
[2022-10-11 11:10:32,057] {processor.py:641} INFO - Processing file /home/ubuntu/airflow/airflow_env/lib/python3.8/site-packages/airflow/example_dags/example_task_group.py for tasks to queue
[2022-10-11 11:10:32,058] {logging_mixin.py:115} INFO - [2022-10-11 11:10:32,058] {dagbag.py:507} INFO - Filling up the DagBag from /home/ubuntu/airflow/airflow_env/lib/python3.8/site-packages/airflow/example_dags/example_task_group.py
[2022-10-11 11:10:32,072] {processor.py:651} INFO - DAG(s) dict_keys(['example_task_group']) retrieved from /home/ubuntu/airflow/airflow_env/lib/python3.8/site-packages/airflow/example_dags/example_task_group.py
[2022-10-11 11:10:32,094] {logging_mixin.py:115} INFO - [2022-10-11 11:10:32,094] {dag.py:2379} INFO - Sync 1 DAGs
[2022-10-11 11:10:32,110] {logging_mixin.py:115} INFO - [2022-10-11 11:10:32,110] {dag.py:2927} INFO - Setting next_dagrun for example_task_group to 2022-10-10T18:10:32.110103+00:00, run_after=2022-10-11T18:10:32.110103+00:00
[2022-10-11 11:10:32,126] {processor.py:161} INFO - Processing /home/ubuntu/airflow/airflow_env/lib/python3.8/site-packages/airflow/example_dags/example_task_group.py took 0.073 seconds
[2022-10-11 11:11:08,210] {processor.py:153} INFO - Started process (PID=203636) to work on /home/ubuntu/airflow/airflow_env/lib/python3.8/site-packages/airflow/example_dags/example_task_group.py
[2022-10-11 11:11:08,212] {processor.py:641} INFO - Processing file /home/ubuntu/airflow/airflow_env/lib/python3.8/site-packages/airflow/example_dags/example_task_group.py for tasks to queue
[2022-10-11 11:11:08,212] {logging_mixin.py:115} INFO - [2022-10-11 11:11:08,212] {dagbag.py:507} INFO - Filling up the DagBag from /home/ubuntu/airflow/airflow_env/lib/python3.8/site-packages/airflow/example_dags/example_task_group.py
[2022-10-11 11:11:08,228] {processor.py:651} INFO - DAG(s) dict_keys(['example_task_group']) retrieved from /home/ubuntu/airflow/airflow_env/lib/python3.8/site-packages/airflow/example_dags/example_task_group.py
[2022-10-11 11:11:08,265] {logging_mixin.py:115} INFO - [2022-10-11 11:11:08,265] {dag.py:2379} INFO - Sync 1 DAGs
[2022-10-11 11:11:08,296] {logging_mixin.py:115} INFO - [2022-10-11 11:11:08,296] {dag.py:2927} INFO - Setting next_dagrun for example_task_group to 2022-10-10T18:11:08.295598+00:00, run_after=2022-10-11T18:11:08.295598+00:00
[2022-10-11 11:11:08,319] {processor.py:161} INFO - Processing /home/ubuntu/airflow/airflow_env/lib/python3.8/site-packages/airflow/example_dags/example_task_group.py took 0.118 seconds
[2022-10-11 11:11:44,456] {processor.py:153} INFO - Started process (PID=203694) to work on /home/ubuntu/airflow/airflow_env/lib/python3.8/site-packages/airflow/example_dags/example_task_group.py
[2022-10-11 11:11:44,457] {processor.py:641} INFO - Processing file /home/ubuntu/airflow/airflow_env/lib/python3.8/site-packages/airflow/example_dags/example_task_group.py for tasks to queue
[2022-10-11 11:11:44,458] {logging_mixin.py:115} INFO - [2022-10-11 11:11:44,458] {dagbag.py:507} INFO - Filling up the DagBag from /home/ubuntu/airflow/airflow_env/lib/python3.8/site-packages/airflow/example_dags/example_task_group.py
[2022-10-11 11:11:44,476] {processor.py:651} INFO - DAG(s) dict_keys(['example_task_group']) retrieved from /home/ubuntu/airflow/airflow_env/lib/python3.8/site-packages/airflow/example_dags/example_task_group.py
[2022-10-11 11:11:44,513] {logging_mixin.py:115} INFO - [2022-10-11 11:11:44,513] {dag.py:2379} INFO - Sync 1 DAGs
[2022-10-11 11:11:44,538] {logging_mixin.py:115} INFO - [2022-10-11 11:11:44,538] {dag.py:2927} INFO - Setting next_dagrun for example_task_group to 2022-10-10T18:11:44.538400+00:00, run_after=2022-10-11T18:11:44.538400+00:00
[2022-10-11 11:11:44,560] {processor.py:161} INFO - Processing /home/ubuntu/airflow/airflow_env/lib/python3.8/site-packages/airflow/example_dags/example_task_group.py took 0.113 seconds
[2022-10-11 11:12:19,539] {processor.py:153} INFO - Started process (PID=203807) to work on /home/ubuntu/airflow/airflow_env/lib/python3.8/site-packages/airflow/example_dags/example_task_group.py
[2022-10-11 11:12:19,540] {processor.py:641} INFO - Processing file /home/ubuntu/airflow/airflow_env/lib/python3.8/site-packages/airflow/example_dags/example_task_group.py for tasks to queue
[2022-10-11 11:12:19,541] {logging_mixin.py:115} INFO - [2022-10-11 11:12:19,541] {dagbag.py:507} INFO - Filling up the DagBag from /home/ubuntu/airflow/airflow_env/lib/python3.8/site-packages/airflow/example_dags/example_task_group.py
[2022-10-11 11:12:19,551] {processor.py:651} INFO - DAG(s) dict_keys(['example_task_group']) retrieved from /home/ubuntu/airflow/airflow_env/lib/python3.8/site-packages/airflow/example_dags/example_task_group.py
[2022-10-11 11:12:19,577] {logging_mixin.py:115} INFO - [2022-10-11 11:12:19,576] {dag.py:2379} INFO - Sync 1 DAGs
[2022-10-11 11:12:19,600] {logging_mixin.py:115} INFO - [2022-10-11 11:12:19,600] {dag.py:2927} INFO - Setting next_dagrun for example_task_group to 2022-10-10T18:12:19.599970+00:00, run_after=2022-10-11T18:12:19.599970+00:00
[2022-10-11 11:12:19,613] {processor.py:161} INFO - Processing /home/ubuntu/airflow/airflow_env/lib/python3.8/site-packages/airflow/example_dags/example_task_group.py took 0.078 seconds
[2022-10-11 11:13:00,524] {processor.py:153} INFO - Started process (PID=204002) to work on /home/ubuntu/airflow/airflow_env/lib/python3.8/site-packages/airflow/example_dags/example_task_group.py
[2022-10-11 11:13:00,525] {processor.py:641} INFO - Processing file /home/ubuntu/airflow/airflow_env/lib/python3.8/site-packages/airflow/example_dags/example_task_group.py for tasks to queue
[2022-10-11 11:13:00,526] {logging_mixin.py:115} INFO - [2022-10-11 11:13:00,525] {dagbag.py:507} INFO - Filling up the DagBag from /home/ubuntu/airflow/airflow_env/lib/python3.8/site-packages/airflow/example_dags/example_task_group.py
[2022-10-11 11:13:00,533] {processor.py:651} INFO - DAG(s) dict_keys(['example_task_group']) retrieved from /home/ubuntu/airflow/airflow_env/lib/python3.8/site-packages/airflow/example_dags/example_task_group.py
[2022-10-11 11:13:00,550] {logging_mixin.py:115} INFO - [2022-10-11 11:13:00,550] {dag.py:2379} INFO - Sync 1 DAGs
[2022-10-11 11:13:00,567] {logging_mixin.py:115} INFO - [2022-10-11 11:13:00,567] {dag.py:2927} INFO - Setting next_dagrun for example_task_group to 2022-10-10T18:13:00.567052+00:00, run_after=2022-10-11T18:13:00.567052+00:00
[2022-10-11 11:13:00,578] {processor.py:161} INFO - Processing /home/ubuntu/airflow/airflow_env/lib/python3.8/site-packages/airflow/example_dags/example_task_group.py took 0.058 seconds
[2022-10-11 11:13:40,375] {processor.py:153} INFO - Started process (PID=211116) to work on /home/ubuntu/airflow/airflow_env/lib/python3.8/site-packages/airflow/example_dags/example_task_group.py
[2022-10-11 11:13:40,380] {processor.py:641} INFO - Processing file /home/ubuntu/airflow/airflow_env/lib/python3.8/site-packages/airflow/example_dags/example_task_group.py for tasks to queue
[2022-10-11 11:13:40,381] {logging_mixin.py:115} INFO - [2022-10-11 11:13:40,380] {dagbag.py:507} INFO - Filling up the DagBag from /home/ubuntu/airflow/airflow_env/lib/python3.8/site-packages/airflow/example_dags/example_task_group.py
[2022-10-11 11:13:40,406] {processor.py:651} INFO - DAG(s) dict_keys(['example_task_group']) retrieved from /home/ubuntu/airflow/airflow_env/lib/python3.8/site-packages/airflow/example_dags/example_task_group.py
[2022-10-11 11:13:40,471] {logging_mixin.py:115} INFO - [2022-10-11 11:13:40,470] {dag.py:2379} INFO - Sync 1 DAGs
[2022-10-11 11:13:40,489] {logging_mixin.py:115} INFO - [2022-10-11 11:13:40,489] {dag.py:2927} INFO - Setting next_dagrun for example_task_group to 2022-10-10T18:13:40.488723+00:00, run_after=2022-10-11T18:13:40.488723+00:00
[2022-10-11 11:13:40,510] {processor.py:161} INFO - Processing /home/ubuntu/airflow/airflow_env/lib/python3.8/site-packages/airflow/example_dags/example_task_group.py took 0.140 seconds
[2022-10-11 11:14:16,768] {processor.py:153} INFO - Started process (PID=212179) to work on /home/ubuntu/airflow/airflow_env/lib/python3.8/site-packages/airflow/example_dags/example_task_group.py
[2022-10-11 11:14:16,769] {processor.py:641} INFO - Processing file /home/ubuntu/airflow/airflow_env/lib/python3.8/site-packages/airflow/example_dags/example_task_group.py for tasks to queue
[2022-10-11 11:14:16,771] {logging_mixin.py:115} INFO - [2022-10-11 11:14:16,770] {dagbag.py:507} INFO - Filling up the DagBag from /home/ubuntu/airflow/airflow_env/lib/python3.8/site-packages/airflow/example_dags/example_task_group.py
[2022-10-11 11:14:16,781] {processor.py:651} INFO - DAG(s) dict_keys(['example_task_group']) retrieved from /home/ubuntu/airflow/airflow_env/lib/python3.8/site-packages/airflow/example_dags/example_task_group.py
[2022-10-11 11:14:16,804] {logging_mixin.py:115} INFO - [2022-10-11 11:14:16,804] {dag.py:2379} INFO - Sync 1 DAGs
[2022-10-11 11:14:16,824] {logging_mixin.py:115} INFO - [2022-10-11 11:14:16,824] {dag.py:2927} INFO - Setting next_dagrun for example_task_group to 2022-10-10T18:14:16.824060+00:00, run_after=2022-10-11T18:14:16.824060+00:00
[2022-10-11 11:14:16,839] {processor.py:161} INFO - Processing /home/ubuntu/airflow/airflow_env/lib/python3.8/site-packages/airflow/example_dags/example_task_group.py took 0.076 seconds
[2022-10-11 11:14:49,352] {processor.py:153} INFO - Started process (PID=212269) to work on /home/ubuntu/airflow/airflow_env/lib/python3.8/site-packages/airflow/example_dags/example_task_group.py
[2022-10-11 11:14:49,353] {processor.py:641} INFO - Processing file /home/ubuntu/airflow/airflow_env/lib/python3.8/site-packages/airflow/example_dags/example_task_group.py for tasks to queue
[2022-10-11 11:14:49,354] {logging_mixin.py:115} INFO - [2022-10-11 11:14:49,353] {dagbag.py:507} INFO - Filling up the DagBag from /home/ubuntu/airflow/airflow_env/lib/python3.8/site-packages/airflow/example_dags/example_task_group.py
[2022-10-11 11:14:49,367] {processor.py:651} INFO - DAG(s) dict_keys(['example_task_group']) retrieved from /home/ubuntu/airflow/airflow_env/lib/python3.8/site-packages/airflow/example_dags/example_task_group.py
[2022-10-11 11:14:49,391] {logging_mixin.py:115} INFO - [2022-10-11 11:14:49,391] {dag.py:2379} INFO - Sync 1 DAGs
[2022-10-11 11:14:49,419] {logging_mixin.py:115} INFO - [2022-10-11 11:14:49,419] {dag.py:2927} INFO - Setting next_dagrun for example_task_group to 2022-10-10T18:14:49.419076+00:00, run_after=2022-10-11T18:14:49.419076+00:00
[2022-10-11 11:14:49,436] {processor.py:161} INFO - Processing /home/ubuntu/airflow/airflow_env/lib/python3.8/site-packages/airflow/example_dags/example_task_group.py took 0.088 seconds
[2022-10-11 11:15:24,891] {processor.py:153} INFO - Started process (PID=212333) to work on /home/ubuntu/airflow/airflow_env/lib/python3.8/site-packages/airflow/example_dags/example_task_group.py
[2022-10-11 11:15:24,892] {processor.py:641} INFO - Processing file /home/ubuntu/airflow/airflow_env/lib/python3.8/site-packages/airflow/example_dags/example_task_group.py for tasks to queue
[2022-10-11 11:15:24,893] {logging_mixin.py:115} INFO - [2022-10-11 11:15:24,893] {dagbag.py:507} INFO - Filling up the DagBag from /home/ubuntu/airflow/airflow_env/lib/python3.8/site-packages/airflow/example_dags/example_task_group.py
[2022-10-11 11:15:24,906] {processor.py:651} INFO - DAG(s) dict_keys(['example_task_group']) retrieved from /home/ubuntu/airflow/airflow_env/lib/python3.8/site-packages/airflow/example_dags/example_task_group.py
[2022-10-11 11:15:24,928] {logging_mixin.py:115} INFO - [2022-10-11 11:15:24,928] {dag.py:2379} INFO - Sync 1 DAGs
[2022-10-11 11:15:24,947] {logging_mixin.py:115} INFO - [2022-10-11 11:15:24,947] {dag.py:2927} INFO - Setting next_dagrun for example_task_group to 2022-10-10T18:15:24.946720+00:00, run_after=2022-10-11T18:15:24.946720+00:00
[2022-10-11 11:15:24,960] {processor.py:161} INFO - Processing /home/ubuntu/airflow/airflow_env/lib/python3.8/site-packages/airflow/example_dags/example_task_group.py took 0.073 seconds
[2022-10-11 11:16:02,092] {processor.py:153} INFO - Started process (PID=212395) to work on /home/ubuntu/airflow/airflow_env/lib/python3.8/site-packages/airflow/example_dags/example_task_group.py
[2022-10-11 11:16:02,093] {processor.py:641} INFO - Processing file /home/ubuntu/airflow/airflow_env/lib/python3.8/site-packages/airflow/example_dags/example_task_group.py for tasks to queue
[2022-10-11 11:16:02,094] {logging_mixin.py:115} INFO - [2022-10-11 11:16:02,094] {dagbag.py:507} INFO - Filling up the DagBag from /home/ubuntu/airflow/airflow_env/lib/python3.8/site-packages/airflow/example_dags/example_task_group.py
[2022-10-11 11:16:02,104] {processor.py:651} INFO - DAG(s) dict_keys(['example_task_group']) retrieved from /home/ubuntu/airflow/airflow_env/lib/python3.8/site-packages/airflow/example_dags/example_task_group.py
[2022-10-11 11:16:02,124] {logging_mixin.py:115} INFO - [2022-10-11 11:16:02,124] {dag.py:2379} INFO - Sync 1 DAGs
[2022-10-11 11:16:02,140] {logging_mixin.py:115} INFO - [2022-10-11 11:16:02,140] {dag.py:2927} INFO - Setting next_dagrun for example_task_group to 2022-10-10T18:16:02.139989+00:00, run_after=2022-10-11T18:16:02.139989+00:00
[2022-10-11 11:16:02,152] {processor.py:161} INFO - Processing /home/ubuntu/airflow/airflow_env/lib/python3.8/site-packages/airflow/example_dags/example_task_group.py took 0.064 seconds
[2022-10-11 11:16:34,318] {processor.py:153} INFO - Started process (PID=212452) to work on /home/ubuntu/airflow/airflow_env/lib/python3.8/site-packages/airflow/example_dags/example_task_group.py
[2022-10-11 11:16:34,319] {processor.py:641} INFO - Processing file /home/ubuntu/airflow/airflow_env/lib/python3.8/site-packages/airflow/example_dags/example_task_group.py for tasks to queue
[2022-10-11 11:16:34,320] {logging_mixin.py:115} INFO - [2022-10-11 11:16:34,320] {dagbag.py:507} INFO - Filling up the DagBag from /home/ubuntu/airflow/airflow_env/lib/python3.8/site-packages/airflow/example_dags/example_task_group.py
[2022-10-11 11:16:34,330] {processor.py:651} INFO - DAG(s) dict_keys(['example_task_group']) retrieved from /home/ubuntu/airflow/airflow_env/lib/python3.8/site-packages/airflow/example_dags/example_task_group.py
[2022-10-11 11:16:34,351] {logging_mixin.py:115} INFO - [2022-10-11 11:16:34,351] {dag.py:2379} INFO - Sync 1 DAGs
[2022-10-11 11:16:34,368] {logging_mixin.py:115} INFO - [2022-10-11 11:16:34,367] {dag.py:2927} INFO - Setting next_dagrun for example_task_group to 2022-10-10T18:16:34.367569+00:00, run_after=2022-10-11T18:16:34.367569+00:00
[2022-10-11 11:16:34,380] {processor.py:161} INFO - Processing /home/ubuntu/airflow/airflow_env/lib/python3.8/site-packages/airflow/example_dags/example_task_group.py took 0.067 seconds
[2022-10-11 11:17:06,752] {processor.py:153} INFO - Started process (PID=212796) to work on /home/ubuntu/airflow/airflow_env/lib/python3.8/site-packages/airflow/example_dags/example_task_group.py
[2022-10-11 11:17:06,753] {processor.py:641} INFO - Processing file /home/ubuntu/airflow/airflow_env/lib/python3.8/site-packages/airflow/example_dags/example_task_group.py for tasks to queue
[2022-10-11 11:17:06,754] {logging_mixin.py:115} INFO - [2022-10-11 11:17:06,754] {dagbag.py:507} INFO - Filling up the DagBag from /home/ubuntu/airflow/airflow_env/lib/python3.8/site-packages/airflow/example_dags/example_task_group.py
[2022-10-11 11:17:06,764] {processor.py:651} INFO - DAG(s) dict_keys(['example_task_group']) retrieved from /home/ubuntu/airflow/airflow_env/lib/python3.8/site-packages/airflow/example_dags/example_task_group.py
[2022-10-11 11:17:06,787] {logging_mixin.py:115} INFO - [2022-10-11 11:17:06,787] {dag.py:2379} INFO - Sync 1 DAGs
[2022-10-11 11:17:06,805] {logging_mixin.py:115} INFO - [2022-10-11 11:17:06,805] {dag.py:2927} INFO - Setting next_dagrun for example_task_group to 2022-10-10T18:17:06.804997+00:00, run_after=2022-10-11T18:17:06.804997+00:00
[2022-10-11 11:17:06,818] {processor.py:161} INFO - Processing /home/ubuntu/airflow/airflow_env/lib/python3.8/site-packages/airflow/example_dags/example_task_group.py took 0.071 seconds
[2022-10-11 11:17:39,966] {processor.py:153} INFO - Started process (PID=212890) to work on /home/ubuntu/airflow/airflow_env/lib/python3.8/site-packages/airflow/example_dags/example_task_group.py
[2022-10-11 11:17:39,970] {processor.py:641} INFO - Processing file /home/ubuntu/airflow/airflow_env/lib/python3.8/site-packages/airflow/example_dags/example_task_group.py for tasks to queue
[2022-10-11 11:17:39,971] {logging_mixin.py:115} INFO - [2022-10-11 11:17:39,971] {dagbag.py:507} INFO - Filling up the DagBag from /home/ubuntu/airflow/airflow_env/lib/python3.8/site-packages/airflow/example_dags/example_task_group.py
[2022-10-11 11:17:39,995] {processor.py:651} INFO - DAG(s) dict_keys(['example_task_group']) retrieved from /home/ubuntu/airflow/airflow_env/lib/python3.8/site-packages/airflow/example_dags/example_task_group.py
[2022-10-11 11:17:40,027] {logging_mixin.py:115} INFO - [2022-10-11 11:17:40,027] {dag.py:2379} INFO - Sync 1 DAGs
[2022-10-11 11:17:40,085] {logging_mixin.py:115} INFO - [2022-10-11 11:17:40,083] {dag.py:2927} INFO - Setting next_dagrun for example_task_group to 2022-10-10T18:17:40.082407+00:00, run_after=2022-10-11T18:17:40.082407+00:00
[2022-10-11 11:17:40,141] {processor.py:161} INFO - Processing /home/ubuntu/airflow/airflow_env/lib/python3.8/site-packages/airflow/example_dags/example_task_group.py took 0.189 seconds
[2022-10-11 11:18:13,845] {processor.py:153} INFO - Started process (PID=212951) to work on /home/ubuntu/airflow/airflow_env/lib/python3.8/site-packages/airflow/example_dags/example_task_group.py
[2022-10-11 11:18:13,846] {processor.py:641} INFO - Processing file /home/ubuntu/airflow/airflow_env/lib/python3.8/site-packages/airflow/example_dags/example_task_group.py for tasks to queue
[2022-10-11 11:18:13,847] {logging_mixin.py:115} INFO - [2022-10-11 11:18:13,846] {dagbag.py:507} INFO - Filling up the DagBag from /home/ubuntu/airflow/airflow_env/lib/python3.8/site-packages/airflow/example_dags/example_task_group.py
[2022-10-11 11:18:13,856] {processor.py:651} INFO - DAG(s) dict_keys(['example_task_group']) retrieved from /home/ubuntu/airflow/airflow_env/lib/python3.8/site-packages/airflow/example_dags/example_task_group.py
[2022-10-11 11:18:13,877] {logging_mixin.py:115} INFO - [2022-10-11 11:18:13,877] {dag.py:2379} INFO - Sync 1 DAGs
[2022-10-11 11:18:13,894] {logging_mixin.py:115} INFO - [2022-10-11 11:18:13,894] {dag.py:2927} INFO - Setting next_dagrun for example_task_group to 2022-10-10T18:18:13.894366+00:00, run_after=2022-10-11T18:18:13.894366+00:00
[2022-10-11 11:18:13,906] {processor.py:161} INFO - Processing /home/ubuntu/airflow/airflow_env/lib/python3.8/site-packages/airflow/example_dags/example_task_group.py took 0.065 seconds
[2022-10-11 11:18:47,086] {processor.py:153} INFO - Started process (PID=213014) to work on /home/ubuntu/airflow/airflow_env/lib/python3.8/site-packages/airflow/example_dags/example_task_group.py
[2022-10-11 11:18:47,087] {processor.py:641} INFO - Processing file /home/ubuntu/airflow/airflow_env/lib/python3.8/site-packages/airflow/example_dags/example_task_group.py for tasks to queue
[2022-10-11 11:18:47,087] {logging_mixin.py:115} INFO - [2022-10-11 11:18:47,087] {dagbag.py:507} INFO - Filling up the DagBag from /home/ubuntu/airflow/airflow_env/lib/python3.8/site-packages/airflow/example_dags/example_task_group.py
[2022-10-11 11:18:47,097] {processor.py:651} INFO - DAG(s) dict_keys(['example_task_group']) retrieved from /home/ubuntu/airflow/airflow_env/lib/python3.8/site-packages/airflow/example_dags/example_task_group.py
[2022-10-11 11:18:47,115] {logging_mixin.py:115} INFO - [2022-10-11 11:18:47,115] {dag.py:2379} INFO - Sync 1 DAGs
[2022-10-11 11:18:47,131] {logging_mixin.py:115} INFO - [2022-10-11 11:18:47,131] {dag.py:2927} INFO - Setting next_dagrun for example_task_group to 2022-10-10T18:18:47.131185+00:00, run_after=2022-10-11T18:18:47.131185+00:00
[2022-10-11 11:18:47,144] {processor.py:161} INFO - Processing /home/ubuntu/airflow/airflow_env/lib/python3.8/site-packages/airflow/example_dags/example_task_group.py took 0.063 seconds
[2022-10-11 11:19:21,103] {processor.py:153} INFO - Started process (PID=213165) to work on /home/ubuntu/airflow/airflow_env/lib/python3.8/site-packages/airflow/example_dags/example_task_group.py
[2022-10-11 11:19:21,104] {processor.py:641} INFO - Processing file /home/ubuntu/airflow/airflow_env/lib/python3.8/site-packages/airflow/example_dags/example_task_group.py for tasks to queue
[2022-10-11 11:19:21,105] {logging_mixin.py:115} INFO - [2022-10-11 11:19:21,105] {dagbag.py:507} INFO - Filling up the DagBag from /home/ubuntu/airflow/airflow_env/lib/python3.8/site-packages/airflow/example_dags/example_task_group.py
[2022-10-11 11:19:21,117] {processor.py:651} INFO - DAG(s) dict_keys(['example_task_group']) retrieved from /home/ubuntu/airflow/airflow_env/lib/python3.8/site-packages/airflow/example_dags/example_task_group.py
[2022-10-11 11:19:21,141] {logging_mixin.py:115} INFO - [2022-10-11 11:19:21,141] {dag.py:2379} INFO - Sync 1 DAGs
[2022-10-11 11:19:21,166] {logging_mixin.py:115} INFO - [2022-10-11 11:19:21,166] {dag.py:2927} INFO - Setting next_dagrun for example_task_group to 2022-10-10T18:19:21.165393+00:00, run_after=2022-10-11T18:19:21.165393+00:00
[2022-10-11 11:19:21,183] {processor.py:161} INFO - Processing /home/ubuntu/airflow/airflow_env/lib/python3.8/site-packages/airflow/example_dags/example_task_group.py took 0.085 seconds
[2022-10-11 11:20:02,242] {processor.py:153} INFO - Started process (PID=213294) to work on /home/ubuntu/airflow/airflow_env/lib/python3.8/site-packages/airflow/example_dags/example_task_group.py
[2022-10-11 11:20:02,243] {processor.py:641} INFO - Processing file /home/ubuntu/airflow/airflow_env/lib/python3.8/site-packages/airflow/example_dags/example_task_group.py for tasks to queue
[2022-10-11 11:20:02,244] {logging_mixin.py:115} INFO - [2022-10-11 11:20:02,244] {dagbag.py:507} INFO - Filling up the DagBag from /home/ubuntu/airflow/airflow_env/lib/python3.8/site-packages/airflow/example_dags/example_task_group.py
[2022-10-11 11:20:02,255] {processor.py:651} INFO - DAG(s) dict_keys(['example_task_group']) retrieved from /home/ubuntu/airflow/airflow_env/lib/python3.8/site-packages/airflow/example_dags/example_task_group.py
[2022-10-11 11:20:02,278] {logging_mixin.py:115} INFO - [2022-10-11 11:20:02,278] {dag.py:2379} INFO - Sync 1 DAGs
[2022-10-11 11:20:02,298] {logging_mixin.py:115} INFO - [2022-10-11 11:20:02,298] {dag.py:2927} INFO - Setting next_dagrun for example_task_group to 2022-10-10T18:20:02.298044+00:00, run_after=2022-10-11T18:20:02.298044+00:00
[2022-10-11 11:20:02,314] {processor.py:161} INFO - Processing /home/ubuntu/airflow/airflow_env/lib/python3.8/site-packages/airflow/example_dags/example_task_group.py took 0.076 seconds
[2022-10-11 11:20:37,061] {processor.py:153} INFO - Started process (PID=213356) to work on /home/ubuntu/airflow/airflow_env/lib/python3.8/site-packages/airflow/example_dags/example_task_group.py
[2022-10-11 11:20:37,062] {processor.py:641} INFO - Processing file /home/ubuntu/airflow/airflow_env/lib/python3.8/site-packages/airflow/example_dags/example_task_group.py for tasks to queue
[2022-10-11 11:20:37,063] {logging_mixin.py:115} INFO - [2022-10-11 11:20:37,063] {dagbag.py:507} INFO - Filling up the DagBag from /home/ubuntu/airflow/airflow_env/lib/python3.8/site-packages/airflow/example_dags/example_task_group.py
[2022-10-11 11:20:37,073] {processor.py:651} INFO - DAG(s) dict_keys(['example_task_group']) retrieved from /home/ubuntu/airflow/airflow_env/lib/python3.8/site-packages/airflow/example_dags/example_task_group.py
[2022-10-11 11:20:37,093] {logging_mixin.py:115} INFO - [2022-10-11 11:20:37,093] {dag.py:2379} INFO - Sync 1 DAGs
[2022-10-11 11:20:37,109] {logging_mixin.py:115} INFO - [2022-10-11 11:20:37,109] {dag.py:2927} INFO - Setting next_dagrun for example_task_group to 2022-10-10T18:20:37.109023+00:00, run_after=2022-10-11T18:20:37.109023+00:00
[2022-10-11 11:20:37,127] {processor.py:161} INFO - Processing /home/ubuntu/airflow/airflow_env/lib/python3.8/site-packages/airflow/example_dags/example_task_group.py took 0.070 seconds
[2022-10-11 11:21:09,861] {processor.py:153} INFO - Started process (PID=213415) to work on /home/ubuntu/airflow/airflow_env/lib/python3.8/site-packages/airflow/example_dags/example_task_group.py
[2022-10-11 11:21:09,862] {processor.py:641} INFO - Processing file /home/ubuntu/airflow/airflow_env/lib/python3.8/site-packages/airflow/example_dags/example_task_group.py for tasks to queue
[2022-10-11 11:21:09,863] {logging_mixin.py:115} INFO - [2022-10-11 11:21:09,863] {dagbag.py:507} INFO - Filling up the DagBag from /home/ubuntu/airflow/airflow_env/lib/python3.8/site-packages/airflow/example_dags/example_task_group.py
[2022-10-11 11:21:09,872] {processor.py:651} INFO - DAG(s) dict_keys(['example_task_group']) retrieved from /home/ubuntu/airflow/airflow_env/lib/python3.8/site-packages/airflow/example_dags/example_task_group.py
[2022-10-11 11:21:09,894] {logging_mixin.py:115} INFO - [2022-10-11 11:21:09,893] {dag.py:2379} INFO - Sync 1 DAGs
[2022-10-11 11:21:09,913] {logging_mixin.py:115} INFO - [2022-10-11 11:21:09,912] {dag.py:2927} INFO - Setting next_dagrun for example_task_group to 2022-10-10T18:21:09.912193+00:00, run_after=2022-10-11T18:21:09.912193+00:00
[2022-10-11 11:21:09,940] {processor.py:161} INFO - Processing /home/ubuntu/airflow/airflow_env/lib/python3.8/site-packages/airflow/example_dags/example_task_group.py took 0.084 seconds
[2022-10-11 11:21:44,203] {processor.py:153} INFO - Started process (PID=213563) to work on /home/ubuntu/airflow/airflow_env/lib/python3.8/site-packages/airflow/example_dags/example_task_group.py
[2022-10-11 11:21:44,204] {processor.py:641} INFO - Processing file /home/ubuntu/airflow/airflow_env/lib/python3.8/site-packages/airflow/example_dags/example_task_group.py for tasks to queue
[2022-10-11 11:21:44,205] {logging_mixin.py:115} INFO - [2022-10-11 11:21:44,205] {dagbag.py:507} INFO - Filling up the DagBag from /home/ubuntu/airflow/airflow_env/lib/python3.8/site-packages/airflow/example_dags/example_task_group.py
[2022-10-11 11:21:44,214] {processor.py:651} INFO - DAG(s) dict_keys(['example_task_group']) retrieved from /home/ubuntu/airflow/airflow_env/lib/python3.8/site-packages/airflow/example_dags/example_task_group.py
[2022-10-11 11:21:44,239] {logging_mixin.py:115} INFO - [2022-10-11 11:21:44,239] {dag.py:2379} INFO - Sync 1 DAGs
[2022-10-11 11:21:44,259] {logging_mixin.py:115} INFO - [2022-10-11 11:21:44,259] {dag.py:2927} INFO - Setting next_dagrun for example_task_group to 2022-10-10T18:21:44.259236+00:00, run_after=2022-10-11T18:21:44.259236+00:00
[2022-10-11 11:21:44,278] {processor.py:161} INFO - Processing /home/ubuntu/airflow/airflow_env/lib/python3.8/site-packages/airflow/example_dags/example_task_group.py took 0.080 seconds
