[2022-10-11 11:01:54,769] {processor.py:153} INFO - Started process (PID=202369) to work on /home/ubuntu/airflow/airflow_env/lib/python3.8/site-packages/airflow/example_dags/example_sla_dag.py
[2022-10-11 11:01:54,770] {processor.py:641} INFO - Processing file /home/ubuntu/airflow/airflow_env/lib/python3.8/site-packages/airflow/example_dags/example_sla_dag.py for tasks to queue
[2022-10-11 11:01:54,770] {logging_mixin.py:115} INFO - [2022-10-11 11:01:54,770] {dagbag.py:507} INFO - Filling up the DagBag from /home/ubuntu/airflow/airflow_env/lib/python3.8/site-packages/airflow/example_dags/example_sla_dag.py
[2022-10-11 11:01:54,797] {processor.py:651} INFO - DAG(s) dict_keys(['example_sla_dag']) retrieved from /home/ubuntu/airflow/airflow_env/lib/python3.8/site-packages/airflow/example_dags/example_sla_dag.py
[2022-10-11 11:01:54,816] {logging_mixin.py:115} INFO - [2022-10-11 11:01:54,816] {dag.py:2379} INFO - Sync 1 DAGs
[2022-10-11 11:01:54,837] {logging_mixin.py:115} INFO - [2022-10-11 11:01:54,837] {dag.py:2927} INFO - Setting next_dagrun for example_sla_dag to 2022-10-11T17:58:00+00:00, run_after=2022-10-11T18:00:00+00:00
[2022-10-11 11:01:54,849] {processor.py:161} INFO - Processing /home/ubuntu/airflow/airflow_env/lib/python3.8/site-packages/airflow/example_dags/example_sla_dag.py took 0.084 seconds
[2022-10-11 11:02:29,548] {processor.py:153} INFO - Started process (PID=202539) to work on /home/ubuntu/airflow/airflow_env/lib/python3.8/site-packages/airflow/example_dags/example_sla_dag.py
[2022-10-11 11:02:29,550] {processor.py:641} INFO - Processing file /home/ubuntu/airflow/airflow_env/lib/python3.8/site-packages/airflow/example_dags/example_sla_dag.py for tasks to queue
[2022-10-11 11:02:29,551] {logging_mixin.py:115} INFO - [2022-10-11 11:02:29,551] {dagbag.py:507} INFO - Filling up the DagBag from /home/ubuntu/airflow/airflow_env/lib/python3.8/site-packages/airflow/example_dags/example_sla_dag.py
[2022-10-11 11:02:29,598] {processor.py:651} INFO - DAG(s) dict_keys(['example_sla_dag']) retrieved from /home/ubuntu/airflow/airflow_env/lib/python3.8/site-packages/airflow/example_dags/example_sla_dag.py
[2022-10-11 11:02:29,630] {logging_mixin.py:115} INFO - [2022-10-11 11:02:29,630] {dag.py:2379} INFO - Sync 1 DAGs
[2022-10-11 11:02:29,677] {logging_mixin.py:115} INFO - [2022-10-11 11:02:29,677] {dag.py:2927} INFO - Setting next_dagrun for example_sla_dag to 2022-10-11T18:00:00+00:00, run_after=2022-10-11T18:02:00+00:00
[2022-10-11 11:02:29,711] {processor.py:161} INFO - Processing /home/ubuntu/airflow/airflow_env/lib/python3.8/site-packages/airflow/example_dags/example_sla_dag.py took 0.168 seconds
[2022-10-11 11:03:03,177] {processor.py:153} INFO - Started process (PID=202599) to work on /home/ubuntu/airflow/airflow_env/lib/python3.8/site-packages/airflow/example_dags/example_sla_dag.py
[2022-10-11 11:03:03,179] {processor.py:641} INFO - Processing file /home/ubuntu/airflow/airflow_env/lib/python3.8/site-packages/airflow/example_dags/example_sla_dag.py for tasks to queue
[2022-10-11 11:03:03,179] {logging_mixin.py:115} INFO - [2022-10-11 11:03:03,179] {dagbag.py:507} INFO - Filling up the DagBag from /home/ubuntu/airflow/airflow_env/lib/python3.8/site-packages/airflow/example_dags/example_sla_dag.py
[2022-10-11 11:03:03,215] {processor.py:651} INFO - DAG(s) dict_keys(['example_sla_dag']) retrieved from /home/ubuntu/airflow/airflow_env/lib/python3.8/site-packages/airflow/example_dags/example_sla_dag.py
[2022-10-11 11:03:03,238] {logging_mixin.py:115} INFO - [2022-10-11 11:03:03,238] {dag.py:2379} INFO - Sync 1 DAGs
[2022-10-11 11:03:03,260] {logging_mixin.py:115} INFO - [2022-10-11 11:03:03,260] {dag.py:2927} INFO - Setting next_dagrun for example_sla_dag to 2022-10-11T18:00:00+00:00, run_after=2022-10-11T18:02:00+00:00
[2022-10-11 11:03:03,274] {processor.py:161} INFO - Processing /home/ubuntu/airflow/airflow_env/lib/python3.8/site-packages/airflow/example_dags/example_sla_dag.py took 0.103 seconds
[2022-10-11 11:03:39,138] {processor.py:153} INFO - Started process (PID=202662) to work on /home/ubuntu/airflow/airflow_env/lib/python3.8/site-packages/airflow/example_dags/example_sla_dag.py
[2022-10-11 11:03:39,139] {processor.py:641} INFO - Processing file /home/ubuntu/airflow/airflow_env/lib/python3.8/site-packages/airflow/example_dags/example_sla_dag.py for tasks to queue
[2022-10-11 11:03:39,140] {logging_mixin.py:115} INFO - [2022-10-11 11:03:39,139] {dagbag.py:507} INFO - Filling up the DagBag from /home/ubuntu/airflow/airflow_env/lib/python3.8/site-packages/airflow/example_dags/example_sla_dag.py
[2022-10-11 11:03:39,164] {processor.py:651} INFO - DAG(s) dict_keys(['example_sla_dag']) retrieved from /home/ubuntu/airflow/airflow_env/lib/python3.8/site-packages/airflow/example_dags/example_sla_dag.py
[2022-10-11 11:03:39,182] {logging_mixin.py:115} INFO - [2022-10-11 11:03:39,182] {dag.py:2379} INFO - Sync 1 DAGs
[2022-10-11 11:03:39,207] {logging_mixin.py:115} INFO - [2022-10-11 11:03:39,207] {dag.py:2927} INFO - Setting next_dagrun for example_sla_dag to 2022-10-11T18:00:00+00:00, run_after=2022-10-11T18:02:00+00:00
[2022-10-11 11:03:39,221] {processor.py:161} INFO - Processing /home/ubuntu/airflow/airflow_env/lib/python3.8/site-packages/airflow/example_dags/example_sla_dag.py took 0.088 seconds
[2022-10-11 11:04:12,729] {processor.py:153} INFO - Started process (PID=202791) to work on /home/ubuntu/airflow/airflow_env/lib/python3.8/site-packages/airflow/example_dags/example_sla_dag.py
[2022-10-11 11:04:12,730] {processor.py:641} INFO - Processing file /home/ubuntu/airflow/airflow_env/lib/python3.8/site-packages/airflow/example_dags/example_sla_dag.py for tasks to queue
[2022-10-11 11:04:12,731] {logging_mixin.py:115} INFO - [2022-10-11 11:04:12,731] {dagbag.py:507} INFO - Filling up the DagBag from /home/ubuntu/airflow/airflow_env/lib/python3.8/site-packages/airflow/example_dags/example_sla_dag.py
[2022-10-11 11:04:12,755] {processor.py:651} INFO - DAG(s) dict_keys(['example_sla_dag']) retrieved from /home/ubuntu/airflow/airflow_env/lib/python3.8/site-packages/airflow/example_dags/example_sla_dag.py
[2022-10-11 11:04:12,772] {logging_mixin.py:115} INFO - [2022-10-11 11:04:12,772] {dag.py:2379} INFO - Sync 1 DAGs
[2022-10-11 11:04:12,790] {logging_mixin.py:115} INFO - [2022-10-11 11:04:12,790] {dag.py:2927} INFO - Setting next_dagrun for example_sla_dag to 2022-10-11T18:02:00+00:00, run_after=2022-10-11T18:04:00+00:00
[2022-10-11 11:04:12,801] {processor.py:161} INFO - Processing /home/ubuntu/airflow/airflow_env/lib/python3.8/site-packages/airflow/example_dags/example_sla_dag.py took 0.077 seconds
[2022-10-11 11:04:48,401] {processor.py:153} INFO - Started process (PID=202859) to work on /home/ubuntu/airflow/airflow_env/lib/python3.8/site-packages/airflow/example_dags/example_sla_dag.py
[2022-10-11 11:04:48,403] {processor.py:641} INFO - Processing file /home/ubuntu/airflow/airflow_env/lib/python3.8/site-packages/airflow/example_dags/example_sla_dag.py for tasks to queue
[2022-10-11 11:04:48,404] {logging_mixin.py:115} INFO - [2022-10-11 11:04:48,403] {dagbag.py:507} INFO - Filling up the DagBag from /home/ubuntu/airflow/airflow_env/lib/python3.8/site-packages/airflow/example_dags/example_sla_dag.py
[2022-10-11 11:04:48,437] {processor.py:651} INFO - DAG(s) dict_keys(['example_sla_dag']) retrieved from /home/ubuntu/airflow/airflow_env/lib/python3.8/site-packages/airflow/example_dags/example_sla_dag.py
[2022-10-11 11:04:48,457] {logging_mixin.py:115} INFO - [2022-10-11 11:04:48,457] {dag.py:2379} INFO - Sync 1 DAGs
[2022-10-11 11:04:48,487] {logging_mixin.py:115} INFO - [2022-10-11 11:04:48,487] {dag.py:2927} INFO - Setting next_dagrun for example_sla_dag to 2022-10-11T18:02:00+00:00, run_after=2022-10-11T18:04:00+00:00
[2022-10-11 11:04:48,503] {processor.py:161} INFO - Processing /home/ubuntu/airflow/airflow_env/lib/python3.8/site-packages/airflow/example_dags/example_sla_dag.py took 0.107 seconds
[2022-10-11 11:05:24,907] {processor.py:153} INFO - Started process (PID=202918) to work on /home/ubuntu/airflow/airflow_env/lib/python3.8/site-packages/airflow/example_dags/example_sla_dag.py
[2022-10-11 11:05:24,924] {processor.py:641} INFO - Processing file /home/ubuntu/airflow/airflow_env/lib/python3.8/site-packages/airflow/example_dags/example_sla_dag.py for tasks to queue
[2022-10-11 11:05:24,926] {logging_mixin.py:115} INFO - [2022-10-11 11:05:24,925] {dagbag.py:507} INFO - Filling up the DagBag from /home/ubuntu/airflow/airflow_env/lib/python3.8/site-packages/airflow/example_dags/example_sla_dag.py
[2022-10-11 11:05:24,990] {processor.py:651} INFO - DAG(s) dict_keys(['example_sla_dag']) retrieved from /home/ubuntu/airflow/airflow_env/lib/python3.8/site-packages/airflow/example_dags/example_sla_dag.py
[2022-10-11 11:05:25,052] {logging_mixin.py:115} INFO - [2022-10-11 11:05:25,052] {dag.py:2379} INFO - Sync 1 DAGs
[2022-10-11 11:05:25,083] {logging_mixin.py:115} INFO - [2022-10-11 11:05:25,083] {dag.py:2927} INFO - Setting next_dagrun for example_sla_dag to 2022-10-11T18:02:00+00:00, run_after=2022-10-11T18:04:00+00:00
[2022-10-11 11:05:25,100] {processor.py:161} INFO - Processing /home/ubuntu/airflow/airflow_env/lib/python3.8/site-packages/airflow/example_dags/example_sla_dag.py took 0.199 seconds
[2022-10-11 11:05:59,618] {processor.py:153} INFO - Started process (PID=202975) to work on /home/ubuntu/airflow/airflow_env/lib/python3.8/site-packages/airflow/example_dags/example_sla_dag.py
[2022-10-11 11:05:59,619] {processor.py:641} INFO - Processing file /home/ubuntu/airflow/airflow_env/lib/python3.8/site-packages/airflow/example_dags/example_sla_dag.py for tasks to queue
[2022-10-11 11:05:59,620] {logging_mixin.py:115} INFO - [2022-10-11 11:05:59,620] {dagbag.py:507} INFO - Filling up the DagBag from /home/ubuntu/airflow/airflow_env/lib/python3.8/site-packages/airflow/example_dags/example_sla_dag.py
[2022-10-11 11:05:59,649] {processor.py:651} INFO - DAG(s) dict_keys(['example_sla_dag']) retrieved from /home/ubuntu/airflow/airflow_env/lib/python3.8/site-packages/airflow/example_dags/example_sla_dag.py
[2022-10-11 11:05:59,674] {logging_mixin.py:115} INFO - [2022-10-11 11:05:59,674] {dag.py:2379} INFO - Sync 1 DAGs
[2022-10-11 11:05:59,706] {logging_mixin.py:115} INFO - [2022-10-11 11:05:59,705] {dag.py:2927} INFO - Setting next_dagrun for example_sla_dag to 2022-10-11T18:02:00+00:00, run_after=2022-10-11T18:04:00+00:00
[2022-10-11 11:05:59,722] {processor.py:161} INFO - Processing /home/ubuntu/airflow/airflow_env/lib/python3.8/site-packages/airflow/example_dags/example_sla_dag.py took 0.112 seconds
[2022-10-11 11:06:33,786] {processor.py:153} INFO - Started process (PID=203033) to work on /home/ubuntu/airflow/airflow_env/lib/python3.8/site-packages/airflow/example_dags/example_sla_dag.py
[2022-10-11 11:06:33,787] {processor.py:641} INFO - Processing file /home/ubuntu/airflow/airflow_env/lib/python3.8/site-packages/airflow/example_dags/example_sla_dag.py for tasks to queue
[2022-10-11 11:06:33,788] {logging_mixin.py:115} INFO - [2022-10-11 11:06:33,788] {dagbag.py:507} INFO - Filling up the DagBag from /home/ubuntu/airflow/airflow_env/lib/python3.8/site-packages/airflow/example_dags/example_sla_dag.py
[2022-10-11 11:06:33,814] {processor.py:651} INFO - DAG(s) dict_keys(['example_sla_dag']) retrieved from /home/ubuntu/airflow/airflow_env/lib/python3.8/site-packages/airflow/example_dags/example_sla_dag.py
[2022-10-11 11:06:33,840] {logging_mixin.py:115} INFO - [2022-10-11 11:06:33,839] {dag.py:2379} INFO - Sync 1 DAGs
[2022-10-11 11:06:33,863] {logging_mixin.py:115} INFO - [2022-10-11 11:06:33,862] {dag.py:2927} INFO - Setting next_dagrun for example_sla_dag to 2022-10-11T18:04:00+00:00, run_after=2022-10-11T18:06:00+00:00
[2022-10-11 11:06:33,880] {processor.py:161} INFO - Processing /home/ubuntu/airflow/airflow_env/lib/python3.8/site-packages/airflow/example_dags/example_sla_dag.py took 0.098 seconds
[2022-10-11 11:07:08,817] {processor.py:153} INFO - Started process (PID=203093) to work on /home/ubuntu/airflow/airflow_env/lib/python3.8/site-packages/airflow/example_dags/example_sla_dag.py
[2022-10-11 11:07:08,818] {processor.py:641} INFO - Processing file /home/ubuntu/airflow/airflow_env/lib/python3.8/site-packages/airflow/example_dags/example_sla_dag.py for tasks to queue
[2022-10-11 11:07:08,819] {logging_mixin.py:115} INFO - [2022-10-11 11:07:08,819] {dagbag.py:507} INFO - Filling up the DagBag from /home/ubuntu/airflow/airflow_env/lib/python3.8/site-packages/airflow/example_dags/example_sla_dag.py
[2022-10-11 11:07:08,843] {processor.py:651} INFO - DAG(s) dict_keys(['example_sla_dag']) retrieved from /home/ubuntu/airflow/airflow_env/lib/python3.8/site-packages/airflow/example_dags/example_sla_dag.py
[2022-10-11 11:07:08,862] {logging_mixin.py:115} INFO - [2022-10-11 11:07:08,862] {dag.py:2379} INFO - Sync 1 DAGs
[2022-10-11 11:07:08,882] {logging_mixin.py:115} INFO - [2022-10-11 11:07:08,882] {dag.py:2927} INFO - Setting next_dagrun for example_sla_dag to 2022-10-11T18:04:00+00:00, run_after=2022-10-11T18:06:00+00:00
[2022-10-11 11:07:08,894] {processor.py:161} INFO - Processing /home/ubuntu/airflow/airflow_env/lib/python3.8/site-packages/airflow/example_dags/example_sla_dag.py took 0.081 seconds
[2022-10-11 11:07:42,933] {processor.py:153} INFO - Started process (PID=203153) to work on /home/ubuntu/airflow/airflow_env/lib/python3.8/site-packages/airflow/example_dags/example_sla_dag.py
[2022-10-11 11:07:42,934] {processor.py:641} INFO - Processing file /home/ubuntu/airflow/airflow_env/lib/python3.8/site-packages/airflow/example_dags/example_sla_dag.py for tasks to queue
[2022-10-11 11:07:42,934] {logging_mixin.py:115} INFO - [2022-10-11 11:07:42,934] {dagbag.py:507} INFO - Filling up the DagBag from /home/ubuntu/airflow/airflow_env/lib/python3.8/site-packages/airflow/example_dags/example_sla_dag.py
[2022-10-11 11:07:42,961] {processor.py:651} INFO - DAG(s) dict_keys(['example_sla_dag']) retrieved from /home/ubuntu/airflow/airflow_env/lib/python3.8/site-packages/airflow/example_dags/example_sla_dag.py
[2022-10-11 11:07:42,980] {logging_mixin.py:115} INFO - [2022-10-11 11:07:42,980] {dag.py:2379} INFO - Sync 1 DAGs
[2022-10-11 11:07:43,000] {logging_mixin.py:115} INFO - [2022-10-11 11:07:42,999] {dag.py:2927} INFO - Setting next_dagrun for example_sla_dag to 2022-10-11T18:04:00+00:00, run_after=2022-10-11T18:06:00+00:00
[2022-10-11 11:07:43,011] {processor.py:161} INFO - Processing /home/ubuntu/airflow/airflow_env/lib/python3.8/site-packages/airflow/example_dags/example_sla_dag.py took 0.082 seconds
[2022-10-11 11:08:19,691] {processor.py:153} INFO - Started process (PID=203215) to work on /home/ubuntu/airflow/airflow_env/lib/python3.8/site-packages/airflow/example_dags/example_sla_dag.py
[2022-10-11 11:08:19,692] {processor.py:641} INFO - Processing file /home/ubuntu/airflow/airflow_env/lib/python3.8/site-packages/airflow/example_dags/example_sla_dag.py for tasks to queue
[2022-10-11 11:08:19,692] {logging_mixin.py:115} INFO - [2022-10-11 11:08:19,692] {dagbag.py:507} INFO - Filling up the DagBag from /home/ubuntu/airflow/airflow_env/lib/python3.8/site-packages/airflow/example_dags/example_sla_dag.py
[2022-10-11 11:08:19,716] {processor.py:651} INFO - DAG(s) dict_keys(['example_sla_dag']) retrieved from /home/ubuntu/airflow/airflow_env/lib/python3.8/site-packages/airflow/example_dags/example_sla_dag.py
[2022-10-11 11:08:19,733] {logging_mixin.py:115} INFO - [2022-10-11 11:08:19,733] {dag.py:2379} INFO - Sync 1 DAGs
[2022-10-11 11:08:19,754] {logging_mixin.py:115} INFO - [2022-10-11 11:08:19,754] {dag.py:2927} INFO - Setting next_dagrun for example_sla_dag to 2022-10-11T18:06:00+00:00, run_after=2022-10-11T18:08:00+00:00
[2022-10-11 11:08:19,766] {processor.py:161} INFO - Processing /home/ubuntu/airflow/airflow_env/lib/python3.8/site-packages/airflow/example_dags/example_sla_dag.py took 0.079 seconds
[2022-10-11 11:08:52,121] {processor.py:153} INFO - Started process (PID=203306) to work on /home/ubuntu/airflow/airflow_env/lib/python3.8/site-packages/airflow/example_dags/example_sla_dag.py
[2022-10-11 11:08:52,122] {processor.py:641} INFO - Processing file /home/ubuntu/airflow/airflow_env/lib/python3.8/site-packages/airflow/example_dags/example_sla_dag.py for tasks to queue
[2022-10-11 11:08:52,123] {logging_mixin.py:115} INFO - [2022-10-11 11:08:52,123] {dagbag.py:507} INFO - Filling up the DagBag from /home/ubuntu/airflow/airflow_env/lib/python3.8/site-packages/airflow/example_dags/example_sla_dag.py
[2022-10-11 11:08:52,153] {processor.py:651} INFO - DAG(s) dict_keys(['example_sla_dag']) retrieved from /home/ubuntu/airflow/airflow_env/lib/python3.8/site-packages/airflow/example_dags/example_sla_dag.py
[2022-10-11 11:08:52,172] {logging_mixin.py:115} INFO - [2022-10-11 11:08:52,172] {dag.py:2379} INFO - Sync 1 DAGs
[2022-10-11 11:08:52,191] {logging_mixin.py:115} INFO - [2022-10-11 11:08:52,191] {dag.py:2927} INFO - Setting next_dagrun for example_sla_dag to 2022-10-11T18:06:00+00:00, run_after=2022-10-11T18:08:00+00:00
[2022-10-11 11:08:52,206] {processor.py:161} INFO - Processing /home/ubuntu/airflow/airflow_env/lib/python3.8/site-packages/airflow/example_dags/example_sla_dag.py took 0.093 seconds
[2022-10-11 11:09:25,859] {processor.py:153} INFO - Started process (PID=203475) to work on /home/ubuntu/airflow/airflow_env/lib/python3.8/site-packages/airflow/example_dags/example_sla_dag.py
[2022-10-11 11:09:25,860] {processor.py:641} INFO - Processing file /home/ubuntu/airflow/airflow_env/lib/python3.8/site-packages/airflow/example_dags/example_sla_dag.py for tasks to queue
[2022-10-11 11:09:25,861] {logging_mixin.py:115} INFO - [2022-10-11 11:09:25,860] {dagbag.py:507} INFO - Filling up the DagBag from /home/ubuntu/airflow/airflow_env/lib/python3.8/site-packages/airflow/example_dags/example_sla_dag.py
[2022-10-11 11:09:25,891] {processor.py:651} INFO - DAG(s) dict_keys(['example_sla_dag']) retrieved from /home/ubuntu/airflow/airflow_env/lib/python3.8/site-packages/airflow/example_dags/example_sla_dag.py
[2022-10-11 11:09:25,913] {logging_mixin.py:115} INFO - [2022-10-11 11:09:25,913] {dag.py:2379} INFO - Sync 1 DAGs
[2022-10-11 11:09:25,940] {logging_mixin.py:115} INFO - [2022-10-11 11:09:25,940] {dag.py:2927} INFO - Setting next_dagrun for example_sla_dag to 2022-10-11T18:06:00+00:00, run_after=2022-10-11T18:08:00+00:00
[2022-10-11 11:09:25,966] {processor.py:161} INFO - Processing /home/ubuntu/airflow/airflow_env/lib/python3.8/site-packages/airflow/example_dags/example_sla_dag.py took 0.113 seconds
[2022-10-11 11:10:02,050] {processor.py:153} INFO - Started process (PID=203533) to work on /home/ubuntu/airflow/airflow_env/lib/python3.8/site-packages/airflow/example_dags/example_sla_dag.py
[2022-10-11 11:10:02,051] {processor.py:641} INFO - Processing file /home/ubuntu/airflow/airflow_env/lib/python3.8/site-packages/airflow/example_dags/example_sla_dag.py for tasks to queue
[2022-10-11 11:10:02,051] {logging_mixin.py:115} INFO - [2022-10-11 11:10:02,051] {dagbag.py:507} INFO - Filling up the DagBag from /home/ubuntu/airflow/airflow_env/lib/python3.8/site-packages/airflow/example_dags/example_sla_dag.py
[2022-10-11 11:10:02,084] {processor.py:651} INFO - DAG(s) dict_keys(['example_sla_dag']) retrieved from /home/ubuntu/airflow/airflow_env/lib/python3.8/site-packages/airflow/example_dags/example_sla_dag.py
[2022-10-11 11:10:02,105] {logging_mixin.py:115} INFO - [2022-10-11 11:10:02,105] {dag.py:2379} INFO - Sync 1 DAGs
[2022-10-11 11:10:02,125] {logging_mixin.py:115} INFO - [2022-10-11 11:10:02,125] {dag.py:2927} INFO - Setting next_dagrun for example_sla_dag to 2022-10-11T18:08:00+00:00, run_after=2022-10-11T18:10:00+00:00
[2022-10-11 11:10:02,139] {processor.py:161} INFO - Processing /home/ubuntu/airflow/airflow_env/lib/python3.8/site-packages/airflow/example_dags/example_sla_dag.py took 0.095 seconds
[2022-10-11 11:10:37,212] {processor.py:153} INFO - Started process (PID=203587) to work on /home/ubuntu/airflow/airflow_env/lib/python3.8/site-packages/airflow/example_dags/example_sla_dag.py
[2022-10-11 11:10:37,212] {processor.py:641} INFO - Processing file /home/ubuntu/airflow/airflow_env/lib/python3.8/site-packages/airflow/example_dags/example_sla_dag.py for tasks to queue
[2022-10-11 11:10:37,213] {logging_mixin.py:115} INFO - [2022-10-11 11:10:37,213] {dagbag.py:507} INFO - Filling up the DagBag from /home/ubuntu/airflow/airflow_env/lib/python3.8/site-packages/airflow/example_dags/example_sla_dag.py
[2022-10-11 11:10:37,237] {processor.py:651} INFO - DAG(s) dict_keys(['example_sla_dag']) retrieved from /home/ubuntu/airflow/airflow_env/lib/python3.8/site-packages/airflow/example_dags/example_sla_dag.py
[2022-10-11 11:10:37,255] {logging_mixin.py:115} INFO - [2022-10-11 11:10:37,255] {dag.py:2379} INFO - Sync 1 DAGs
[2022-10-11 11:10:37,274] {logging_mixin.py:115} INFO - [2022-10-11 11:10:37,274] {dag.py:2927} INFO - Setting next_dagrun for example_sla_dag to 2022-10-11T18:08:00+00:00, run_after=2022-10-11T18:10:00+00:00
[2022-10-11 11:10:37,285] {processor.py:161} INFO - Processing /home/ubuntu/airflow/airflow_env/lib/python3.8/site-packages/airflow/example_dags/example_sla_dag.py took 0.078 seconds
[2022-10-11 11:11:13,354] {processor.py:153} INFO - Started process (PID=203645) to work on /home/ubuntu/airflow/airflow_env/lib/python3.8/site-packages/airflow/example_dags/example_sla_dag.py
[2022-10-11 11:11:13,355] {processor.py:641} INFO - Processing file /home/ubuntu/airflow/airflow_env/lib/python3.8/site-packages/airflow/example_dags/example_sla_dag.py for tasks to queue
[2022-10-11 11:11:13,356] {logging_mixin.py:115} INFO - [2022-10-11 11:11:13,355] {dagbag.py:507} INFO - Filling up the DagBag from /home/ubuntu/airflow/airflow_env/lib/python3.8/site-packages/airflow/example_dags/example_sla_dag.py
[2022-10-11 11:11:13,382] {processor.py:651} INFO - DAG(s) dict_keys(['example_sla_dag']) retrieved from /home/ubuntu/airflow/airflow_env/lib/python3.8/site-packages/airflow/example_dags/example_sla_dag.py
[2022-10-11 11:11:13,405] {logging_mixin.py:115} INFO - [2022-10-11 11:11:13,405] {dag.py:2379} INFO - Sync 1 DAGs
[2022-10-11 11:11:13,430] {logging_mixin.py:115} INFO - [2022-10-11 11:11:13,430] {dag.py:2927} INFO - Setting next_dagrun for example_sla_dag to 2022-10-11T18:08:00+00:00, run_after=2022-10-11T18:10:00+00:00
[2022-10-11 11:11:13,445] {processor.py:161} INFO - Processing /home/ubuntu/airflow/airflow_env/lib/python3.8/site-packages/airflow/example_dags/example_sla_dag.py took 0.099 seconds
[2022-10-11 11:11:49,087] {processor.py:153} INFO - Started process (PID=203702) to work on /home/ubuntu/airflow/airflow_env/lib/python3.8/site-packages/airflow/example_dags/example_sla_dag.py
[2022-10-11 11:11:49,087] {processor.py:641} INFO - Processing file /home/ubuntu/airflow/airflow_env/lib/python3.8/site-packages/airflow/example_dags/example_sla_dag.py for tasks to queue
[2022-10-11 11:11:49,088] {logging_mixin.py:115} INFO - [2022-10-11 11:11:49,088] {dagbag.py:507} INFO - Filling up the DagBag from /home/ubuntu/airflow/airflow_env/lib/python3.8/site-packages/airflow/example_dags/example_sla_dag.py
[2022-10-11 11:11:49,109] {processor.py:651} INFO - DAG(s) dict_keys(['example_sla_dag']) retrieved from /home/ubuntu/airflow/airflow_env/lib/python3.8/site-packages/airflow/example_dags/example_sla_dag.py
[2022-10-11 11:11:49,128] {logging_mixin.py:115} INFO - [2022-10-11 11:11:49,128] {dag.py:2379} INFO - Sync 1 DAGs
[2022-10-11 11:11:49,149] {logging_mixin.py:115} INFO - [2022-10-11 11:11:49,149] {dag.py:2927} INFO - Setting next_dagrun for example_sla_dag to 2022-10-11T18:08:00+00:00, run_after=2022-10-11T18:10:00+00:00
[2022-10-11 11:11:49,162] {processor.py:161} INFO - Processing /home/ubuntu/airflow/airflow_env/lib/python3.8/site-packages/airflow/example_dags/example_sla_dag.py took 0.079 seconds
[2022-10-11 11:12:22,972] {processor.py:153} INFO - Started process (PID=203817) to work on /home/ubuntu/airflow/airflow_env/lib/python3.8/site-packages/airflow/example_dags/example_sla_dag.py
[2022-10-11 11:12:22,973] {processor.py:641} INFO - Processing file /home/ubuntu/airflow/airflow_env/lib/python3.8/site-packages/airflow/example_dags/example_sla_dag.py for tasks to queue
[2022-10-11 11:12:22,974] {logging_mixin.py:115} INFO - [2022-10-11 11:12:22,974] {dagbag.py:507} INFO - Filling up the DagBag from /home/ubuntu/airflow/airflow_env/lib/python3.8/site-packages/airflow/example_dags/example_sla_dag.py
[2022-10-11 11:12:22,996] {processor.py:651} INFO - DAG(s) dict_keys(['example_sla_dag']) retrieved from /home/ubuntu/airflow/airflow_env/lib/python3.8/site-packages/airflow/example_dags/example_sla_dag.py
[2022-10-11 11:12:23,015] {logging_mixin.py:115} INFO - [2022-10-11 11:12:23,014] {dag.py:2379} INFO - Sync 1 DAGs
[2022-10-11 11:12:23,037] {logging_mixin.py:115} INFO - [2022-10-11 11:12:23,037] {dag.py:2927} INFO - Setting next_dagrun for example_sla_dag to 2022-10-11T18:10:00+00:00, run_after=2022-10-11T18:12:00+00:00
[2022-10-11 11:12:23,051] {processor.py:161} INFO - Processing /home/ubuntu/airflow/airflow_env/lib/python3.8/site-packages/airflow/example_dags/example_sla_dag.py took 0.084 seconds
[2022-10-11 11:13:04,340] {processor.py:153} INFO - Started process (PID=204019) to work on /home/ubuntu/airflow/airflow_env/lib/python3.8/site-packages/airflow/example_dags/example_sla_dag.py
[2022-10-11 11:13:04,342] {processor.py:641} INFO - Processing file /home/ubuntu/airflow/airflow_env/lib/python3.8/site-packages/airflow/example_dags/example_sla_dag.py for tasks to queue
[2022-10-11 11:13:04,343] {logging_mixin.py:115} INFO - [2022-10-11 11:13:04,343] {dagbag.py:507} INFO - Filling up the DagBag from /home/ubuntu/airflow/airflow_env/lib/python3.8/site-packages/airflow/example_dags/example_sla_dag.py
[2022-10-11 11:13:04,364] {processor.py:651} INFO - DAG(s) dict_keys(['example_sla_dag']) retrieved from /home/ubuntu/airflow/airflow_env/lib/python3.8/site-packages/airflow/example_dags/example_sla_dag.py
[2022-10-11 11:13:04,433] {logging_mixin.py:115} INFO - [2022-10-11 11:13:04,432] {dag.py:2379} INFO - Sync 1 DAGs
[2022-10-11 11:13:04,557] {logging_mixin.py:115} INFO - [2022-10-11 11:13:04,557] {dag.py:2927} INFO - Setting next_dagrun for example_sla_dag to 2022-10-11T18:10:00+00:00, run_after=2022-10-11T18:12:00+00:00
[2022-10-11 11:13:04,571] {processor.py:161} INFO - Processing /home/ubuntu/airflow/airflow_env/lib/python3.8/site-packages/airflow/example_dags/example_sla_dag.py took 0.235 seconds
[2022-10-11 11:13:43,950] {processor.py:153} INFO - Started process (PID=211175) to work on /home/ubuntu/airflow/airflow_env/lib/python3.8/site-packages/airflow/example_dags/example_sla_dag.py
[2022-10-11 11:13:43,951] {processor.py:641} INFO - Processing file /home/ubuntu/airflow/airflow_env/lib/python3.8/site-packages/airflow/example_dags/example_sla_dag.py for tasks to queue
[2022-10-11 11:13:43,952] {logging_mixin.py:115} INFO - [2022-10-11 11:13:43,952] {dagbag.py:507} INFO - Filling up the DagBag from /home/ubuntu/airflow/airflow_env/lib/python3.8/site-packages/airflow/example_dags/example_sla_dag.py
[2022-10-11 11:13:44,011] {processor.py:651} INFO - DAG(s) dict_keys(['example_sla_dag']) retrieved from /home/ubuntu/airflow/airflow_env/lib/python3.8/site-packages/airflow/example_dags/example_sla_dag.py
[2022-10-11 11:13:44,069] {logging_mixin.py:115} INFO - [2022-10-11 11:13:44,069] {dag.py:2379} INFO - Sync 1 DAGs
[2022-10-11 11:13:44,092] {logging_mixin.py:115} INFO - [2022-10-11 11:13:44,091] {dag.py:2927} INFO - Setting next_dagrun for example_sla_dag to 2022-10-11T18:10:00+00:00, run_after=2022-10-11T18:12:00+00:00
[2022-10-11 11:13:44,107] {processor.py:161} INFO - Processing /home/ubuntu/airflow/airflow_env/lib/python3.8/site-packages/airflow/example_dags/example_sla_dag.py took 0.161 seconds
[2022-10-11 11:14:20,198] {processor.py:153} INFO - Started process (PID=212205) to work on /home/ubuntu/airflow/airflow_env/lib/python3.8/site-packages/airflow/example_dags/example_sla_dag.py
[2022-10-11 11:14:20,199] {processor.py:641} INFO - Processing file /home/ubuntu/airflow/airflow_env/lib/python3.8/site-packages/airflow/example_dags/example_sla_dag.py for tasks to queue
[2022-10-11 11:14:20,199] {logging_mixin.py:115} INFO - [2022-10-11 11:14:20,199] {dagbag.py:507} INFO - Filling up the DagBag from /home/ubuntu/airflow/airflow_env/lib/python3.8/site-packages/airflow/example_dags/example_sla_dag.py
[2022-10-11 11:14:20,226] {processor.py:651} INFO - DAG(s) dict_keys(['example_sla_dag']) retrieved from /home/ubuntu/airflow/airflow_env/lib/python3.8/site-packages/airflow/example_dags/example_sla_dag.py
[2022-10-11 11:14:20,248] {logging_mixin.py:115} INFO - [2022-10-11 11:14:20,248] {dag.py:2379} INFO - Sync 1 DAGs
[2022-10-11 11:14:20,277] {logging_mixin.py:115} INFO - [2022-10-11 11:14:20,276] {dag.py:2927} INFO - Setting next_dagrun for example_sla_dag to 2022-10-11T18:12:00+00:00, run_after=2022-10-11T18:14:00+00:00
[2022-10-11 11:14:20,292] {processor.py:161} INFO - Processing /home/ubuntu/airflow/airflow_env/lib/python3.8/site-packages/airflow/example_dags/example_sla_dag.py took 0.098 seconds
[2022-10-11 11:14:56,193] {processor.py:153} INFO - Started process (PID=212283) to work on /home/ubuntu/airflow/airflow_env/lib/python3.8/site-packages/airflow/example_dags/example_sla_dag.py
[2022-10-11 11:14:56,194] {processor.py:641} INFO - Processing file /home/ubuntu/airflow/airflow_env/lib/python3.8/site-packages/airflow/example_dags/example_sla_dag.py for tasks to queue
[2022-10-11 11:14:56,195] {logging_mixin.py:115} INFO - [2022-10-11 11:14:56,195] {dagbag.py:507} INFO - Filling up the DagBag from /home/ubuntu/airflow/airflow_env/lib/python3.8/site-packages/airflow/example_dags/example_sla_dag.py
[2022-10-11 11:14:56,228] {processor.py:651} INFO - DAG(s) dict_keys(['example_sla_dag']) retrieved from /home/ubuntu/airflow/airflow_env/lib/python3.8/site-packages/airflow/example_dags/example_sla_dag.py
[2022-10-11 11:14:56,252] {logging_mixin.py:115} INFO - [2022-10-11 11:14:56,252] {dag.py:2379} INFO - Sync 1 DAGs
[2022-10-11 11:14:56,281] {logging_mixin.py:115} INFO - [2022-10-11 11:14:56,281] {dag.py:2927} INFO - Setting next_dagrun for example_sla_dag to 2022-10-11T18:12:00+00:00, run_after=2022-10-11T18:14:00+00:00
[2022-10-11 11:14:56,300] {processor.py:161} INFO - Processing /home/ubuntu/airflow/airflow_env/lib/python3.8/site-packages/airflow/example_dags/example_sla_dag.py took 0.113 seconds
[2022-10-11 11:15:31,168] {processor.py:153} INFO - Started process (PID=212344) to work on /home/ubuntu/airflow/airflow_env/lib/python3.8/site-packages/airflow/example_dags/example_sla_dag.py
[2022-10-11 11:15:31,169] {processor.py:641} INFO - Processing file /home/ubuntu/airflow/airflow_env/lib/python3.8/site-packages/airflow/example_dags/example_sla_dag.py for tasks to queue
[2022-10-11 11:15:31,170] {logging_mixin.py:115} INFO - [2022-10-11 11:15:31,170] {dagbag.py:507} INFO - Filling up the DagBag from /home/ubuntu/airflow/airflow_env/lib/python3.8/site-packages/airflow/example_dags/example_sla_dag.py
[2022-10-11 11:15:31,194] {processor.py:651} INFO - DAG(s) dict_keys(['example_sla_dag']) retrieved from /home/ubuntu/airflow/airflow_env/lib/python3.8/site-packages/airflow/example_dags/example_sla_dag.py
[2022-10-11 11:15:31,218] {logging_mixin.py:115} INFO - [2022-10-11 11:15:31,218] {dag.py:2379} INFO - Sync 1 DAGs
[2022-10-11 11:15:31,239] {logging_mixin.py:115} INFO - [2022-10-11 11:15:31,239] {dag.py:2927} INFO - Setting next_dagrun for example_sla_dag to 2022-10-11T18:12:00+00:00, run_after=2022-10-11T18:14:00+00:00
[2022-10-11 11:15:31,252] {processor.py:161} INFO - Processing /home/ubuntu/airflow/airflow_env/lib/python3.8/site-packages/airflow/example_dags/example_sla_dag.py took 0.089 seconds
[2022-10-11 11:16:07,239] {processor.py:153} INFO - Started process (PID=212406) to work on /home/ubuntu/airflow/airflow_env/lib/python3.8/site-packages/airflow/example_dags/example_sla_dag.py
[2022-10-11 11:16:07,240] {processor.py:641} INFO - Processing file /home/ubuntu/airflow/airflow_env/lib/python3.8/site-packages/airflow/example_dags/example_sla_dag.py for tasks to queue
[2022-10-11 11:16:07,241] {logging_mixin.py:115} INFO - [2022-10-11 11:16:07,241] {dagbag.py:507} INFO - Filling up the DagBag from /home/ubuntu/airflow/airflow_env/lib/python3.8/site-packages/airflow/example_dags/example_sla_dag.py
[2022-10-11 11:16:07,261] {processor.py:651} INFO - DAG(s) dict_keys(['example_sla_dag']) retrieved from /home/ubuntu/airflow/airflow_env/lib/python3.8/site-packages/airflow/example_dags/example_sla_dag.py
[2022-10-11 11:16:07,277] {logging_mixin.py:115} INFO - [2022-10-11 11:16:07,277] {dag.py:2379} INFO - Sync 1 DAGs
[2022-10-11 11:16:07,294] {logging_mixin.py:115} INFO - [2022-10-11 11:16:07,294] {dag.py:2927} INFO - Setting next_dagrun for example_sla_dag to 2022-10-11T18:14:00+00:00, run_after=2022-10-11T18:16:00+00:00
[2022-10-11 11:16:07,308] {processor.py:161} INFO - Processing /home/ubuntu/airflow/airflow_env/lib/python3.8/site-packages/airflow/example_dags/example_sla_dag.py took 0.073 seconds
[2022-10-11 11:16:42,064] {processor.py:153} INFO - Started process (PID=212466) to work on /home/ubuntu/airflow/airflow_env/lib/python3.8/site-packages/airflow/example_dags/example_sla_dag.py
[2022-10-11 11:16:42,065] {processor.py:641} INFO - Processing file /home/ubuntu/airflow/airflow_env/lib/python3.8/site-packages/airflow/example_dags/example_sla_dag.py for tasks to queue
[2022-10-11 11:16:42,066] {logging_mixin.py:115} INFO - [2022-10-11 11:16:42,066] {dagbag.py:507} INFO - Filling up the DagBag from /home/ubuntu/airflow/airflow_env/lib/python3.8/site-packages/airflow/example_dags/example_sla_dag.py
[2022-10-11 11:16:42,089] {processor.py:651} INFO - DAG(s) dict_keys(['example_sla_dag']) retrieved from /home/ubuntu/airflow/airflow_env/lib/python3.8/site-packages/airflow/example_dags/example_sla_dag.py
[2022-10-11 11:16:42,110] {logging_mixin.py:115} INFO - [2022-10-11 11:16:42,110] {dag.py:2379} INFO - Sync 1 DAGs
[2022-10-11 11:16:42,131] {logging_mixin.py:115} INFO - [2022-10-11 11:16:42,131] {dag.py:2927} INFO - Setting next_dagrun for example_sla_dag to 2022-10-11T18:14:00+00:00, run_after=2022-10-11T18:16:00+00:00
[2022-10-11 11:16:42,146] {processor.py:161} INFO - Processing /home/ubuntu/airflow/airflow_env/lib/python3.8/site-packages/airflow/example_dags/example_sla_dag.py took 0.087 seconds
[2022-10-11 11:17:18,146] {processor.py:153} INFO - Started process (PID=212823) to work on /home/ubuntu/airflow/airflow_env/lib/python3.8/site-packages/airflow/example_dags/example_sla_dag.py
[2022-10-11 11:17:18,148] {processor.py:641} INFO - Processing file /home/ubuntu/airflow/airflow_env/lib/python3.8/site-packages/airflow/example_dags/example_sla_dag.py for tasks to queue
[2022-10-11 11:17:18,148] {logging_mixin.py:115} INFO - [2022-10-11 11:17:18,148] {dagbag.py:507} INFO - Filling up the DagBag from /home/ubuntu/airflow/airflow_env/lib/python3.8/site-packages/airflow/example_dags/example_sla_dag.py
[2022-10-11 11:17:18,170] {processor.py:651} INFO - DAG(s) dict_keys(['example_sla_dag']) retrieved from /home/ubuntu/airflow/airflow_env/lib/python3.8/site-packages/airflow/example_dags/example_sla_dag.py
[2022-10-11 11:17:18,189] {logging_mixin.py:115} INFO - [2022-10-11 11:17:18,188] {dag.py:2379} INFO - Sync 1 DAGs
[2022-10-11 11:17:18,208] {logging_mixin.py:115} INFO - [2022-10-11 11:17:18,208] {dag.py:2927} INFO - Setting next_dagrun for example_sla_dag to 2022-10-11T18:14:00+00:00, run_after=2022-10-11T18:16:00+00:00
[2022-10-11 11:17:18,219] {processor.py:161} INFO - Processing /home/ubuntu/airflow/airflow_env/lib/python3.8/site-packages/airflow/example_dags/example_sla_dag.py took 0.079 seconds
[2022-10-11 11:17:53,134] {processor.py:153} INFO - Started process (PID=212918) to work on /home/ubuntu/airflow/airflow_env/lib/python3.8/site-packages/airflow/example_dags/example_sla_dag.py
[2022-10-11 11:17:53,135] {processor.py:641} INFO - Processing file /home/ubuntu/airflow/airflow_env/lib/python3.8/site-packages/airflow/example_dags/example_sla_dag.py for tasks to queue
[2022-10-11 11:17:53,136] {logging_mixin.py:115} INFO - [2022-10-11 11:17:53,136] {dagbag.py:507} INFO - Filling up the DagBag from /home/ubuntu/airflow/airflow_env/lib/python3.8/site-packages/airflow/example_dags/example_sla_dag.py
[2022-10-11 11:17:53,160] {processor.py:651} INFO - DAG(s) dict_keys(['example_sla_dag']) retrieved from /home/ubuntu/airflow/airflow_env/lib/python3.8/site-packages/airflow/example_dags/example_sla_dag.py
[2022-10-11 11:17:53,182] {logging_mixin.py:115} INFO - [2022-10-11 11:17:53,182] {dag.py:2379} INFO - Sync 1 DAGs
[2022-10-11 11:17:53,202] {logging_mixin.py:115} INFO - [2022-10-11 11:17:53,202] {dag.py:2927} INFO - Setting next_dagrun for example_sla_dag to 2022-10-11T18:14:00+00:00, run_after=2022-10-11T18:16:00+00:00
[2022-10-11 11:17:53,215] {processor.py:161} INFO - Processing /home/ubuntu/airflow/airflow_env/lib/python3.8/site-packages/airflow/example_dags/example_sla_dag.py took 0.085 seconds
[2022-10-11 11:18:26,806] {processor.py:153} INFO - Started process (PID=212976) to work on /home/ubuntu/airflow/airflow_env/lib/python3.8/site-packages/airflow/example_dags/example_sla_dag.py
[2022-10-11 11:18:26,807] {processor.py:641} INFO - Processing file /home/ubuntu/airflow/airflow_env/lib/python3.8/site-packages/airflow/example_dags/example_sla_dag.py for tasks to queue
[2022-10-11 11:18:26,808] {logging_mixin.py:115} INFO - [2022-10-11 11:18:26,807] {dagbag.py:507} INFO - Filling up the DagBag from /home/ubuntu/airflow/airflow_env/lib/python3.8/site-packages/airflow/example_dags/example_sla_dag.py
[2022-10-11 11:18:26,829] {processor.py:651} INFO - DAG(s) dict_keys(['example_sla_dag']) retrieved from /home/ubuntu/airflow/airflow_env/lib/python3.8/site-packages/airflow/example_dags/example_sla_dag.py
[2022-10-11 11:18:26,847] {logging_mixin.py:115} INFO - [2022-10-11 11:18:26,847] {dag.py:2379} INFO - Sync 1 DAGs
[2022-10-11 11:18:26,865] {logging_mixin.py:115} INFO - [2022-10-11 11:18:26,865] {dag.py:2927} INFO - Setting next_dagrun for example_sla_dag to 2022-10-11T18:16:00+00:00, run_after=2022-10-11T18:18:00+00:00
[2022-10-11 11:18:26,875] {processor.py:161} INFO - Processing /home/ubuntu/airflow/airflow_env/lib/python3.8/site-packages/airflow/example_dags/example_sla_dag.py took 0.074 seconds
[2022-10-11 11:18:59,617] {processor.py:153} INFO - Started process (PID=213067) to work on /home/ubuntu/airflow/airflow_env/lib/python3.8/site-packages/airflow/example_dags/example_sla_dag.py
[2022-10-11 11:18:59,618] {processor.py:641} INFO - Processing file /home/ubuntu/airflow/airflow_env/lib/python3.8/site-packages/airflow/example_dags/example_sla_dag.py for tasks to queue
[2022-10-11 11:18:59,619] {logging_mixin.py:115} INFO - [2022-10-11 11:18:59,619] {dagbag.py:507} INFO - Filling up the DagBag from /home/ubuntu/airflow/airflow_env/lib/python3.8/site-packages/airflow/example_dags/example_sla_dag.py
[2022-10-11 11:18:59,641] {processor.py:651} INFO - DAG(s) dict_keys(['example_sla_dag']) retrieved from /home/ubuntu/airflow/airflow_env/lib/python3.8/site-packages/airflow/example_dags/example_sla_dag.py
[2022-10-11 11:18:59,671] {logging_mixin.py:115} INFO - [2022-10-11 11:18:59,671] {dag.py:2379} INFO - Sync 1 DAGs
[2022-10-11 11:18:59,696] {logging_mixin.py:115} INFO - [2022-10-11 11:18:59,696] {dag.py:2927} INFO - Setting next_dagrun for example_sla_dag to 2022-10-11T18:16:00+00:00, run_after=2022-10-11T18:18:00+00:00
[2022-10-11 11:18:59,709] {processor.py:161} INFO - Processing /home/ubuntu/airflow/airflow_env/lib/python3.8/site-packages/airflow/example_dags/example_sla_dag.py took 0.096 seconds
[2022-10-11 11:19:38,098] {processor.py:153} INFO - Started process (PID=213221) to work on /home/ubuntu/airflow/airflow_env/lib/python3.8/site-packages/airflow/example_dags/example_sla_dag.py
[2022-10-11 11:19:38,103] {processor.py:641} INFO - Processing file /home/ubuntu/airflow/airflow_env/lib/python3.8/site-packages/airflow/example_dags/example_sla_dag.py for tasks to queue
[2022-10-11 11:19:38,104] {logging_mixin.py:115} INFO - [2022-10-11 11:19:38,104] {dagbag.py:507} INFO - Filling up the DagBag from /home/ubuntu/airflow/airflow_env/lib/python3.8/site-packages/airflow/example_dags/example_sla_dag.py
[2022-10-11 11:19:38,206] {processor.py:651} INFO - DAG(s) dict_keys(['example_sla_dag']) retrieved from /home/ubuntu/airflow/airflow_env/lib/python3.8/site-packages/airflow/example_dags/example_sla_dag.py
[2022-10-11 11:19:38,273] {logging_mixin.py:115} INFO - [2022-10-11 11:19:38,273] {dag.py:2379} INFO - Sync 1 DAGs
[2022-10-11 11:19:38,347] {logging_mixin.py:115} INFO - [2022-10-11 11:19:38,347] {dag.py:2927} INFO - Setting next_dagrun for example_sla_dag to 2022-10-11T18:16:00+00:00, run_after=2022-10-11T18:18:00+00:00
[2022-10-11 11:19:38,374] {processor.py:161} INFO - Processing /home/ubuntu/airflow/airflow_env/lib/python3.8/site-packages/airflow/example_dags/example_sla_dag.py took 0.305 seconds
[2022-10-11 11:20:15,392] {processor.py:153} INFO - Started process (PID=213319) to work on /home/ubuntu/airflow/airflow_env/lib/python3.8/site-packages/airflow/example_dags/example_sla_dag.py
[2022-10-11 11:20:15,393] {processor.py:641} INFO - Processing file /home/ubuntu/airflow/airflow_env/lib/python3.8/site-packages/airflow/example_dags/example_sla_dag.py for tasks to queue
[2022-10-11 11:20:15,394] {logging_mixin.py:115} INFO - [2022-10-11 11:20:15,393] {dagbag.py:507} INFO - Filling up the DagBag from /home/ubuntu/airflow/airflow_env/lib/python3.8/site-packages/airflow/example_dags/example_sla_dag.py
[2022-10-11 11:20:15,416] {processor.py:651} INFO - DAG(s) dict_keys(['example_sla_dag']) retrieved from /home/ubuntu/airflow/airflow_env/lib/python3.8/site-packages/airflow/example_dags/example_sla_dag.py
[2022-10-11 11:20:15,435] {logging_mixin.py:115} INFO - [2022-10-11 11:20:15,435] {dag.py:2379} INFO - Sync 1 DAGs
[2022-10-11 11:20:15,455] {logging_mixin.py:115} INFO - [2022-10-11 11:20:15,455] {dag.py:2927} INFO - Setting next_dagrun for example_sla_dag to 2022-10-11T18:18:00+00:00, run_after=2022-10-11T18:20:00+00:00
[2022-10-11 11:20:15,468] {processor.py:161} INFO - Processing /home/ubuntu/airflow/airflow_env/lib/python3.8/site-packages/airflow/example_dags/example_sla_dag.py took 0.080 seconds
[2022-10-11 11:20:52,210] {processor.py:153} INFO - Started process (PID=213385) to work on /home/ubuntu/airflow/airflow_env/lib/python3.8/site-packages/airflow/example_dags/example_sla_dag.py
[2022-10-11 11:20:52,211] {processor.py:641} INFO - Processing file /home/ubuntu/airflow/airflow_env/lib/python3.8/site-packages/airflow/example_dags/example_sla_dag.py for tasks to queue
[2022-10-11 11:20:52,211] {logging_mixin.py:115} INFO - [2022-10-11 11:20:52,211] {dagbag.py:507} INFO - Filling up the DagBag from /home/ubuntu/airflow/airflow_env/lib/python3.8/site-packages/airflow/example_dags/example_sla_dag.py
[2022-10-11 11:20:52,233] {processor.py:651} INFO - DAG(s) dict_keys(['example_sla_dag']) retrieved from /home/ubuntu/airflow/airflow_env/lib/python3.8/site-packages/airflow/example_dags/example_sla_dag.py
[2022-10-11 11:20:52,252] {logging_mixin.py:115} INFO - [2022-10-11 11:20:52,251] {dag.py:2379} INFO - Sync 1 DAGs
[2022-10-11 11:20:52,275] {logging_mixin.py:115} INFO - [2022-10-11 11:20:52,275] {dag.py:2927} INFO - Setting next_dagrun for example_sla_dag to 2022-10-11T18:18:00+00:00, run_after=2022-10-11T18:20:00+00:00
[2022-10-11 11:20:52,290] {processor.py:161} INFO - Processing /home/ubuntu/airflow/airflow_env/lib/python3.8/site-packages/airflow/example_dags/example_sla_dag.py took 0.085 seconds
[2022-10-11 11:21:25,044] {processor.py:153} INFO - Started process (PID=213440) to work on /home/ubuntu/airflow/airflow_env/lib/python3.8/site-packages/airflow/example_dags/example_sla_dag.py
[2022-10-11 11:21:25,045] {processor.py:641} INFO - Processing file /home/ubuntu/airflow/airflow_env/lib/python3.8/site-packages/airflow/example_dags/example_sla_dag.py for tasks to queue
[2022-10-11 11:21:25,045] {logging_mixin.py:115} INFO - [2022-10-11 11:21:25,045] {dagbag.py:507} INFO - Filling up the DagBag from /home/ubuntu/airflow/airflow_env/lib/python3.8/site-packages/airflow/example_dags/example_sla_dag.py
[2022-10-11 11:21:25,072] {processor.py:651} INFO - DAG(s) dict_keys(['example_sla_dag']) retrieved from /home/ubuntu/airflow/airflow_env/lib/python3.8/site-packages/airflow/example_dags/example_sla_dag.py
[2022-10-11 11:21:25,099] {logging_mixin.py:115} INFO - [2022-10-11 11:21:25,098] {dag.py:2379} INFO - Sync 1 DAGs
[2022-10-11 11:21:25,129] {logging_mixin.py:115} INFO - [2022-10-11 11:21:25,129] {dag.py:2927} INFO - Setting next_dagrun for example_sla_dag to 2022-10-11T18:18:00+00:00, run_after=2022-10-11T18:20:00+00:00
[2022-10-11 11:21:25,145] {processor.py:161} INFO - Processing /home/ubuntu/airflow/airflow_env/lib/python3.8/site-packages/airflow/example_dags/example_sla_dag.py took 0.107 seconds
