[2022-10-11 11:02:03,440] {processor.py:153} INFO - Started process (PID=202499) to work on /home/ubuntu/airflow/airflow_env/lib/python3.8/site-packages/airflow/example_dags/example_branch_operator.py
[2022-10-11 11:02:03,441] {processor.py:641} INFO - Processing file /home/ubuntu/airflow/airflow_env/lib/python3.8/site-packages/airflow/example_dags/example_branch_operator.py for tasks to queue
[2022-10-11 11:02:03,442] {logging_mixin.py:115} INFO - [2022-10-11 11:02:03,442] {dagbag.py:507} INFO - Filling up the DagBag from /home/ubuntu/airflow/airflow_env/lib/python3.8/site-packages/airflow/example_dags/example_branch_operator.py
[2022-10-11 11:02:03,454] {processor.py:651} INFO - DAG(s) dict_keys(['example_branch_operator']) retrieved from /home/ubuntu/airflow/airflow_env/lib/python3.8/site-packages/airflow/example_dags/example_branch_operator.py
[2022-10-11 11:02:03,477] {logging_mixin.py:115} INFO - [2022-10-11 11:02:03,477] {dag.py:2379} INFO - Sync 1 DAGs
[2022-10-11 11:02:03,497] {logging_mixin.py:115} INFO - [2022-10-11 11:02:03,497] {dag.py:2927} INFO - Setting next_dagrun for example_branch_operator to 2022-10-10T00:00:00+00:00, run_after=2022-10-11T00:00:00+00:00
[2022-10-11 11:02:03,512] {processor.py:161} INFO - Processing /home/ubuntu/airflow/airflow_env/lib/python3.8/site-packages/airflow/example_dags/example_branch_operator.py took 0.076 seconds
[2022-10-11 11:02:38,580] {processor.py:153} INFO - Started process (PID=202555) to work on /home/ubuntu/airflow/airflow_env/lib/python3.8/site-packages/airflow/example_dags/example_branch_operator.py
[2022-10-11 11:02:38,581] {processor.py:641} INFO - Processing file /home/ubuntu/airflow/airflow_env/lib/python3.8/site-packages/airflow/example_dags/example_branch_operator.py for tasks to queue
[2022-10-11 11:02:38,582] {logging_mixin.py:115} INFO - [2022-10-11 11:02:38,582] {dagbag.py:507} INFO - Filling up the DagBag from /home/ubuntu/airflow/airflow_env/lib/python3.8/site-packages/airflow/example_dags/example_branch_operator.py
[2022-10-11 11:02:38,594] {processor.py:651} INFO - DAG(s) dict_keys(['example_branch_operator']) retrieved from /home/ubuntu/airflow/airflow_env/lib/python3.8/site-packages/airflow/example_dags/example_branch_operator.py
[2022-10-11 11:02:38,618] {logging_mixin.py:115} INFO - [2022-10-11 11:02:38,618] {dag.py:2379} INFO - Sync 1 DAGs
[2022-10-11 11:02:38,639] {logging_mixin.py:115} INFO - [2022-10-11 11:02:38,638] {dag.py:2927} INFO - Setting next_dagrun for example_branch_operator to 2022-10-10T00:00:00+00:00, run_after=2022-10-11T00:00:00+00:00
[2022-10-11 11:02:38,654] {processor.py:161} INFO - Processing /home/ubuntu/airflow/airflow_env/lib/python3.8/site-packages/airflow/example_dags/example_branch_operator.py took 0.078 seconds
[2022-10-11 11:03:12,200] {processor.py:153} INFO - Started process (PID=202612) to work on /home/ubuntu/airflow/airflow_env/lib/python3.8/site-packages/airflow/example_dags/example_branch_operator.py
[2022-10-11 11:03:12,202] {processor.py:641} INFO - Processing file /home/ubuntu/airflow/airflow_env/lib/python3.8/site-packages/airflow/example_dags/example_branch_operator.py for tasks to queue
[2022-10-11 11:03:12,203] {logging_mixin.py:115} INFO - [2022-10-11 11:03:12,202] {dagbag.py:507} INFO - Filling up the DagBag from /home/ubuntu/airflow/airflow_env/lib/python3.8/site-packages/airflow/example_dags/example_branch_operator.py
[2022-10-11 11:03:12,218] {processor.py:651} INFO - DAG(s) dict_keys(['example_branch_operator']) retrieved from /home/ubuntu/airflow/airflow_env/lib/python3.8/site-packages/airflow/example_dags/example_branch_operator.py
[2022-10-11 11:03:12,244] {logging_mixin.py:115} INFO - [2022-10-11 11:03:12,244] {dag.py:2379} INFO - Sync 1 DAGs
[2022-10-11 11:03:12,263] {logging_mixin.py:115} INFO - [2022-10-11 11:03:12,263] {dag.py:2927} INFO - Setting next_dagrun for example_branch_operator to 2022-10-10T00:00:00+00:00, run_after=2022-10-11T00:00:00+00:00
[2022-10-11 11:03:12,278] {processor.py:161} INFO - Processing /home/ubuntu/airflow/airflow_env/lib/python3.8/site-packages/airflow/example_dags/example_branch_operator.py took 0.086 seconds
[2022-10-11 11:03:47,927] {processor.py:153} INFO - Started process (PID=202678) to work on /home/ubuntu/airflow/airflow_env/lib/python3.8/site-packages/airflow/example_dags/example_branch_operator.py
[2022-10-11 11:03:47,928] {processor.py:641} INFO - Processing file /home/ubuntu/airflow/airflow_env/lib/python3.8/site-packages/airflow/example_dags/example_branch_operator.py for tasks to queue
[2022-10-11 11:03:47,928] {logging_mixin.py:115} INFO - [2022-10-11 11:03:47,928] {dagbag.py:507} INFO - Filling up the DagBag from /home/ubuntu/airflow/airflow_env/lib/python3.8/site-packages/airflow/example_dags/example_branch_operator.py
[2022-10-11 11:03:47,941] {processor.py:651} INFO - DAG(s) dict_keys(['example_branch_operator']) retrieved from /home/ubuntu/airflow/airflow_env/lib/python3.8/site-packages/airflow/example_dags/example_branch_operator.py
[2022-10-11 11:03:47,965] {logging_mixin.py:115} INFO - [2022-10-11 11:03:47,964] {dag.py:2379} INFO - Sync 1 DAGs
[2022-10-11 11:03:47,983] {logging_mixin.py:115} INFO - [2022-10-11 11:03:47,983] {dag.py:2927} INFO - Setting next_dagrun for example_branch_operator to 2022-10-10T00:00:00+00:00, run_after=2022-10-11T00:00:00+00:00
[2022-10-11 11:03:47,995] {processor.py:161} INFO - Processing /home/ubuntu/airflow/airflow_env/lib/python3.8/site-packages/airflow/example_dags/example_branch_operator.py took 0.074 seconds
[2022-10-11 11:04:22,870] {processor.py:153} INFO - Started process (PID=202807) to work on /home/ubuntu/airflow/airflow_env/lib/python3.8/site-packages/airflow/example_dags/example_branch_operator.py
[2022-10-11 11:04:22,871] {processor.py:641} INFO - Processing file /home/ubuntu/airflow/airflow_env/lib/python3.8/site-packages/airflow/example_dags/example_branch_operator.py for tasks to queue
[2022-10-11 11:04:22,872] {logging_mixin.py:115} INFO - [2022-10-11 11:04:22,871] {dagbag.py:507} INFO - Filling up the DagBag from /home/ubuntu/airflow/airflow_env/lib/python3.8/site-packages/airflow/example_dags/example_branch_operator.py
[2022-10-11 11:04:22,884] {processor.py:651} INFO - DAG(s) dict_keys(['example_branch_operator']) retrieved from /home/ubuntu/airflow/airflow_env/lib/python3.8/site-packages/airflow/example_dags/example_branch_operator.py
[2022-10-11 11:04:22,907] {logging_mixin.py:115} INFO - [2022-10-11 11:04:22,907] {dag.py:2379} INFO - Sync 1 DAGs
[2022-10-11 11:04:22,924] {logging_mixin.py:115} INFO - [2022-10-11 11:04:22,924] {dag.py:2927} INFO - Setting next_dagrun for example_branch_operator to 2022-10-10T00:00:00+00:00, run_after=2022-10-11T00:00:00+00:00
[2022-10-11 11:04:22,936] {processor.py:161} INFO - Processing /home/ubuntu/airflow/airflow_env/lib/python3.8/site-packages/airflow/example_dags/example_branch_operator.py took 0.070 seconds
[2022-10-11 11:04:58,483] {processor.py:153} INFO - Started process (PID=202876) to work on /home/ubuntu/airflow/airflow_env/lib/python3.8/site-packages/airflow/example_dags/example_branch_operator.py
[2022-10-11 11:04:58,484] {processor.py:641} INFO - Processing file /home/ubuntu/airflow/airflow_env/lib/python3.8/site-packages/airflow/example_dags/example_branch_operator.py for tasks to queue
[2022-10-11 11:04:58,485] {logging_mixin.py:115} INFO - [2022-10-11 11:04:58,485] {dagbag.py:507} INFO - Filling up the DagBag from /home/ubuntu/airflow/airflow_env/lib/python3.8/site-packages/airflow/example_dags/example_branch_operator.py
[2022-10-11 11:04:58,498] {processor.py:651} INFO - DAG(s) dict_keys(['example_branch_operator']) retrieved from /home/ubuntu/airflow/airflow_env/lib/python3.8/site-packages/airflow/example_dags/example_branch_operator.py
[2022-10-11 11:04:58,522] {logging_mixin.py:115} INFO - [2022-10-11 11:04:58,522] {dag.py:2379} INFO - Sync 1 DAGs
[2022-10-11 11:04:58,541] {logging_mixin.py:115} INFO - [2022-10-11 11:04:58,540] {dag.py:2927} INFO - Setting next_dagrun for example_branch_operator to 2022-10-10T00:00:00+00:00, run_after=2022-10-11T00:00:00+00:00
[2022-10-11 11:04:58,553] {processor.py:161} INFO - Processing /home/ubuntu/airflow/airflow_env/lib/python3.8/site-packages/airflow/example_dags/example_branch_operator.py took 0.075 seconds
[2022-10-11 11:05:35,037] {processor.py:153} INFO - Started process (PID=202938) to work on /home/ubuntu/airflow/airflow_env/lib/python3.8/site-packages/airflow/example_dags/example_branch_operator.py
[2022-10-11 11:05:35,038] {processor.py:641} INFO - Processing file /home/ubuntu/airflow/airflow_env/lib/python3.8/site-packages/airflow/example_dags/example_branch_operator.py for tasks to queue
[2022-10-11 11:05:35,039] {logging_mixin.py:115} INFO - [2022-10-11 11:05:35,039] {dagbag.py:507} INFO - Filling up the DagBag from /home/ubuntu/airflow/airflow_env/lib/python3.8/site-packages/airflow/example_dags/example_branch_operator.py
[2022-10-11 11:05:35,053] {processor.py:651} INFO - DAG(s) dict_keys(['example_branch_operator']) retrieved from /home/ubuntu/airflow/airflow_env/lib/python3.8/site-packages/airflow/example_dags/example_branch_operator.py
[2022-10-11 11:05:35,079] {logging_mixin.py:115} INFO - [2022-10-11 11:05:35,079] {dag.py:2379} INFO - Sync 1 DAGs
[2022-10-11 11:05:35,103] {logging_mixin.py:115} INFO - [2022-10-11 11:05:35,103] {dag.py:2927} INFO - Setting next_dagrun for example_branch_operator to 2022-10-10T00:00:00+00:00, run_after=2022-10-11T00:00:00+00:00
[2022-10-11 11:05:35,120] {processor.py:161} INFO - Processing /home/ubuntu/airflow/airflow_env/lib/python3.8/site-packages/airflow/example_dags/example_branch_operator.py took 0.087 seconds
[2022-10-11 11:06:11,239] {processor.py:153} INFO - Started process (PID=202993) to work on /home/ubuntu/airflow/airflow_env/lib/python3.8/site-packages/airflow/example_dags/example_branch_operator.py
[2022-10-11 11:06:11,240] {processor.py:641} INFO - Processing file /home/ubuntu/airflow/airflow_env/lib/python3.8/site-packages/airflow/example_dags/example_branch_operator.py for tasks to queue
[2022-10-11 11:06:11,241] {logging_mixin.py:115} INFO - [2022-10-11 11:06:11,241] {dagbag.py:507} INFO - Filling up the DagBag from /home/ubuntu/airflow/airflow_env/lib/python3.8/site-packages/airflow/example_dags/example_branch_operator.py
[2022-10-11 11:06:11,257] {processor.py:651} INFO - DAG(s) dict_keys(['example_branch_operator']) retrieved from /home/ubuntu/airflow/airflow_env/lib/python3.8/site-packages/airflow/example_dags/example_branch_operator.py
[2022-10-11 11:06:11,278] {logging_mixin.py:115} INFO - [2022-10-11 11:06:11,277] {dag.py:2379} INFO - Sync 1 DAGs
[2022-10-11 11:06:11,298] {logging_mixin.py:115} INFO - [2022-10-11 11:06:11,298] {dag.py:2927} INFO - Setting next_dagrun for example_branch_operator to 2022-10-10T00:00:00+00:00, run_after=2022-10-11T00:00:00+00:00
[2022-10-11 11:06:11,311] {processor.py:161} INFO - Processing /home/ubuntu/airflow/airflow_env/lib/python3.8/site-packages/airflow/example_dags/example_branch_operator.py took 0.076 seconds
[2022-10-11 11:06:44,027] {processor.py:153} INFO - Started process (PID=203048) to work on /home/ubuntu/airflow/airflow_env/lib/python3.8/site-packages/airflow/example_dags/example_branch_operator.py
[2022-10-11 11:06:44,028] {processor.py:641} INFO - Processing file /home/ubuntu/airflow/airflow_env/lib/python3.8/site-packages/airflow/example_dags/example_branch_operator.py for tasks to queue
[2022-10-11 11:06:44,029] {logging_mixin.py:115} INFO - [2022-10-11 11:06:44,029] {dagbag.py:507} INFO - Filling up the DagBag from /home/ubuntu/airflow/airflow_env/lib/python3.8/site-packages/airflow/example_dags/example_branch_operator.py
[2022-10-11 11:06:44,045] {processor.py:651} INFO - DAG(s) dict_keys(['example_branch_operator']) retrieved from /home/ubuntu/airflow/airflow_env/lib/python3.8/site-packages/airflow/example_dags/example_branch_operator.py
[2022-10-11 11:06:44,068] {logging_mixin.py:115} INFO - [2022-10-11 11:06:44,067] {dag.py:2379} INFO - Sync 1 DAGs
[2022-10-11 11:06:44,085] {logging_mixin.py:115} INFO - [2022-10-11 11:06:44,085] {dag.py:2927} INFO - Setting next_dagrun for example_branch_operator to 2022-10-10T00:00:00+00:00, run_after=2022-10-11T00:00:00+00:00
[2022-10-11 11:06:44,098] {processor.py:161} INFO - Processing /home/ubuntu/airflow/airflow_env/lib/python3.8/site-packages/airflow/example_dags/example_branch_operator.py took 0.076 seconds
[2022-10-11 11:07:19,193] {processor.py:153} INFO - Started process (PID=203110) to work on /home/ubuntu/airflow/airflow_env/lib/python3.8/site-packages/airflow/example_dags/example_branch_operator.py
[2022-10-11 11:07:19,194] {processor.py:641} INFO - Processing file /home/ubuntu/airflow/airflow_env/lib/python3.8/site-packages/airflow/example_dags/example_branch_operator.py for tasks to queue
[2022-10-11 11:07:19,195] {logging_mixin.py:115} INFO - [2022-10-11 11:07:19,195] {dagbag.py:507} INFO - Filling up the DagBag from /home/ubuntu/airflow/airflow_env/lib/python3.8/site-packages/airflow/example_dags/example_branch_operator.py
[2022-10-11 11:07:19,211] {processor.py:651} INFO - DAG(s) dict_keys(['example_branch_operator']) retrieved from /home/ubuntu/airflow/airflow_env/lib/python3.8/site-packages/airflow/example_dags/example_branch_operator.py
[2022-10-11 11:07:19,232] {logging_mixin.py:115} INFO - [2022-10-11 11:07:19,231] {dag.py:2379} INFO - Sync 1 DAGs
[2022-10-11 11:07:19,250] {logging_mixin.py:115} INFO - [2022-10-11 11:07:19,250] {dag.py:2927} INFO - Setting next_dagrun for example_branch_operator to 2022-10-10T00:00:00+00:00, run_after=2022-10-11T00:00:00+00:00
[2022-10-11 11:07:19,268] {processor.py:161} INFO - Processing /home/ubuntu/airflow/airflow_env/lib/python3.8/site-packages/airflow/example_dags/example_branch_operator.py took 0.079 seconds
[2022-10-11 11:07:54,860] {processor.py:153} INFO - Started process (PID=203175) to work on /home/ubuntu/airflow/airflow_env/lib/python3.8/site-packages/airflow/example_dags/example_branch_operator.py
[2022-10-11 11:07:54,861] {processor.py:641} INFO - Processing file /home/ubuntu/airflow/airflow_env/lib/python3.8/site-packages/airflow/example_dags/example_branch_operator.py for tasks to queue
[2022-10-11 11:07:54,861] {logging_mixin.py:115} INFO - [2022-10-11 11:07:54,861] {dagbag.py:507} INFO - Filling up the DagBag from /home/ubuntu/airflow/airflow_env/lib/python3.8/site-packages/airflow/example_dags/example_branch_operator.py
[2022-10-11 11:07:54,875] {processor.py:651} INFO - DAG(s) dict_keys(['example_branch_operator']) retrieved from /home/ubuntu/airflow/airflow_env/lib/python3.8/site-packages/airflow/example_dags/example_branch_operator.py
[2022-10-11 11:07:54,899] {logging_mixin.py:115} INFO - [2022-10-11 11:07:54,899] {dag.py:2379} INFO - Sync 1 DAGs
[2022-10-11 11:07:54,920] {logging_mixin.py:115} INFO - [2022-10-11 11:07:54,920] {dag.py:2927} INFO - Setting next_dagrun for example_branch_operator to 2022-10-10T00:00:00+00:00, run_after=2022-10-11T00:00:00+00:00
[2022-10-11 11:07:54,934] {processor.py:161} INFO - Processing /home/ubuntu/airflow/airflow_env/lib/python3.8/site-packages/airflow/example_dags/example_branch_operator.py took 0.078 seconds
[2022-10-11 11:08:31,699] {processor.py:153} INFO - Started process (PID=203240) to work on /home/ubuntu/airflow/airflow_env/lib/python3.8/site-packages/airflow/example_dags/example_branch_operator.py
[2022-10-11 11:08:31,700] {processor.py:641} INFO - Processing file /home/ubuntu/airflow/airflow_env/lib/python3.8/site-packages/airflow/example_dags/example_branch_operator.py for tasks to queue
[2022-10-11 11:08:31,701] {logging_mixin.py:115} INFO - [2022-10-11 11:08:31,700] {dagbag.py:507} INFO - Filling up the DagBag from /home/ubuntu/airflow/airflow_env/lib/python3.8/site-packages/airflow/example_dags/example_branch_operator.py
[2022-10-11 11:08:31,719] {processor.py:651} INFO - DAG(s) dict_keys(['example_branch_operator']) retrieved from /home/ubuntu/airflow/airflow_env/lib/python3.8/site-packages/airflow/example_dags/example_branch_operator.py
[2022-10-11 11:08:31,736] {logging_mixin.py:115} INFO - [2022-10-11 11:08:31,736] {dag.py:2379} INFO - Sync 1 DAGs
[2022-10-11 11:08:31,752] {logging_mixin.py:115} INFO - [2022-10-11 11:08:31,752] {dag.py:2927} INFO - Setting next_dagrun for example_branch_operator to 2022-10-10T00:00:00+00:00, run_after=2022-10-11T00:00:00+00:00
[2022-10-11 11:08:31,763] {processor.py:161} INFO - Processing /home/ubuntu/airflow/airflow_env/lib/python3.8/site-packages/airflow/example_dags/example_branch_operator.py took 0.069 seconds
[2022-10-11 11:09:07,094] {processor.py:153} INFO - Started process (PID=203402) to work on /home/ubuntu/airflow/airflow_env/lib/python3.8/site-packages/airflow/example_dags/example_branch_operator.py
[2022-10-11 11:09:07,095] {processor.py:641} INFO - Processing file /home/ubuntu/airflow/airflow_env/lib/python3.8/site-packages/airflow/example_dags/example_branch_operator.py for tasks to queue
[2022-10-11 11:09:07,096] {logging_mixin.py:115} INFO - [2022-10-11 11:09:07,096] {dagbag.py:507} INFO - Filling up the DagBag from /home/ubuntu/airflow/airflow_env/lib/python3.8/site-packages/airflow/example_dags/example_branch_operator.py
[2022-10-11 11:09:07,112] {processor.py:651} INFO - DAG(s) dict_keys(['example_branch_operator']) retrieved from /home/ubuntu/airflow/airflow_env/lib/python3.8/site-packages/airflow/example_dags/example_branch_operator.py
[2022-10-11 11:09:07,131] {logging_mixin.py:115} INFO - [2022-10-11 11:09:07,131] {dag.py:2379} INFO - Sync 1 DAGs
[2022-10-11 11:09:07,148] {logging_mixin.py:115} INFO - [2022-10-11 11:09:07,148] {dag.py:2927} INFO - Setting next_dagrun for example_branch_operator to 2022-10-10T00:00:00+00:00, run_after=2022-10-11T00:00:00+00:00
[2022-10-11 11:09:07,160] {processor.py:161} INFO - Processing /home/ubuntu/airflow/airflow_env/lib/python3.8/site-packages/airflow/example_dags/example_branch_operator.py took 0.071 seconds
[2022-10-11 11:09:46,430] {processor.py:153} INFO - Started process (PID=203513) to work on /home/ubuntu/airflow/airflow_env/lib/python3.8/site-packages/airflow/example_dags/example_branch_operator.py
[2022-10-11 11:09:46,431] {processor.py:641} INFO - Processing file /home/ubuntu/airflow/airflow_env/lib/python3.8/site-packages/airflow/example_dags/example_branch_operator.py for tasks to queue
[2022-10-11 11:09:46,431] {logging_mixin.py:115} INFO - [2022-10-11 11:09:46,431] {dagbag.py:507} INFO - Filling up the DagBag from /home/ubuntu/airflow/airflow_env/lib/python3.8/site-packages/airflow/example_dags/example_branch_operator.py
[2022-10-11 11:09:46,448] {processor.py:651} INFO - DAG(s) dict_keys(['example_branch_operator']) retrieved from /home/ubuntu/airflow/airflow_env/lib/python3.8/site-packages/airflow/example_dags/example_branch_operator.py
[2022-10-11 11:09:46,467] {logging_mixin.py:115} INFO - [2022-10-11 11:09:46,467] {dag.py:2379} INFO - Sync 1 DAGs
[2022-10-11 11:09:46,484] {logging_mixin.py:115} INFO - [2022-10-11 11:09:46,484] {dag.py:2927} INFO - Setting next_dagrun for example_branch_operator to 2022-10-10T00:00:00+00:00, run_after=2022-10-11T00:00:00+00:00
[2022-10-11 11:09:46,497] {processor.py:161} INFO - Processing /home/ubuntu/airflow/airflow_env/lib/python3.8/site-packages/airflow/example_dags/example_branch_operator.py took 0.071 seconds
[2022-10-11 11:10:21,758] {processor.py:153} INFO - Started process (PID=203561) to work on /home/ubuntu/airflow/airflow_env/lib/python3.8/site-packages/airflow/example_dags/example_branch_operator.py
[2022-10-11 11:10:21,759] {processor.py:641} INFO - Processing file /home/ubuntu/airflow/airflow_env/lib/python3.8/site-packages/airflow/example_dags/example_branch_operator.py for tasks to queue
[2022-10-11 11:10:21,760] {logging_mixin.py:115} INFO - [2022-10-11 11:10:21,760] {dagbag.py:507} INFO - Filling up the DagBag from /home/ubuntu/airflow/airflow_env/lib/python3.8/site-packages/airflow/example_dags/example_branch_operator.py
[2022-10-11 11:10:21,782] {processor.py:651} INFO - DAG(s) dict_keys(['example_branch_operator']) retrieved from /home/ubuntu/airflow/airflow_env/lib/python3.8/site-packages/airflow/example_dags/example_branch_operator.py
[2022-10-11 11:10:21,813] {logging_mixin.py:115} INFO - [2022-10-11 11:10:21,812] {dag.py:2379} INFO - Sync 1 DAGs
[2022-10-11 11:10:21,846] {logging_mixin.py:115} INFO - [2022-10-11 11:10:21,845] {dag.py:2927} INFO - Setting next_dagrun for example_branch_operator to 2022-10-10T00:00:00+00:00, run_after=2022-10-11T00:00:00+00:00
[2022-10-11 11:10:21,866] {processor.py:161} INFO - Processing /home/ubuntu/airflow/airflow_env/lib/python3.8/site-packages/airflow/example_dags/example_branch_operator.py took 0.114 seconds
[2022-10-11 11:10:58,043] {processor.py:153} INFO - Started process (PID=203623) to work on /home/ubuntu/airflow/airflow_env/lib/python3.8/site-packages/airflow/example_dags/example_branch_operator.py
[2022-10-11 11:10:58,045] {processor.py:641} INFO - Processing file /home/ubuntu/airflow/airflow_env/lib/python3.8/site-packages/airflow/example_dags/example_branch_operator.py for tasks to queue
[2022-10-11 11:10:58,046] {logging_mixin.py:115} INFO - [2022-10-11 11:10:58,046] {dagbag.py:507} INFO - Filling up the DagBag from /home/ubuntu/airflow/airflow_env/lib/python3.8/site-packages/airflow/example_dags/example_branch_operator.py
[2022-10-11 11:10:58,078] {processor.py:651} INFO - DAG(s) dict_keys(['example_branch_operator']) retrieved from /home/ubuntu/airflow/airflow_env/lib/python3.8/site-packages/airflow/example_dags/example_branch_operator.py
[2022-10-11 11:10:58,116] {logging_mixin.py:115} INFO - [2022-10-11 11:10:58,116] {dag.py:2379} INFO - Sync 1 DAGs
[2022-10-11 11:10:58,145] {logging_mixin.py:115} INFO - [2022-10-11 11:10:58,145] {dag.py:2927} INFO - Setting next_dagrun for example_branch_operator to 2022-10-10T00:00:00+00:00, run_after=2022-10-11T00:00:00+00:00
[2022-10-11 11:10:58,159] {processor.py:161} INFO - Processing /home/ubuntu/airflow/airflow_env/lib/python3.8/site-packages/airflow/example_dags/example_branch_operator.py took 0.123 seconds
[2022-10-11 11:11:35,290] {processor.py:153} INFO - Started process (PID=203680) to work on /home/ubuntu/airflow/airflow_env/lib/python3.8/site-packages/airflow/example_dags/example_branch_operator.py
[2022-10-11 11:11:35,291] {processor.py:641} INFO - Processing file /home/ubuntu/airflow/airflow_env/lib/python3.8/site-packages/airflow/example_dags/example_branch_operator.py for tasks to queue
[2022-10-11 11:11:35,291] {logging_mixin.py:115} INFO - [2022-10-11 11:11:35,291] {dagbag.py:507} INFO - Filling up the DagBag from /home/ubuntu/airflow/airflow_env/lib/python3.8/site-packages/airflow/example_dags/example_branch_operator.py
[2022-10-11 11:11:35,304] {processor.py:651} INFO - DAG(s) dict_keys(['example_branch_operator']) retrieved from /home/ubuntu/airflow/airflow_env/lib/python3.8/site-packages/airflow/example_dags/example_branch_operator.py
[2022-10-11 11:11:35,329] {logging_mixin.py:115} INFO - [2022-10-11 11:11:35,329] {dag.py:2379} INFO - Sync 1 DAGs
[2022-10-11 11:11:35,349] {logging_mixin.py:115} INFO - [2022-10-11 11:11:35,349] {dag.py:2927} INFO - Setting next_dagrun for example_branch_operator to 2022-10-10T00:00:00+00:00, run_after=2022-10-11T00:00:00+00:00
[2022-10-11 11:11:35,363] {processor.py:161} INFO - Processing /home/ubuntu/airflow/airflow_env/lib/python3.8/site-packages/airflow/example_dags/example_branch_operator.py took 0.078 seconds
[2022-10-11 11:12:11,538] {processor.py:153} INFO - Started process (PID=203736) to work on /home/ubuntu/airflow/airflow_env/lib/python3.8/site-packages/airflow/example_dags/example_branch_operator.py
[2022-10-11 11:12:11,539] {processor.py:641} INFO - Processing file /home/ubuntu/airflow/airflow_env/lib/python3.8/site-packages/airflow/example_dags/example_branch_operator.py for tasks to queue
[2022-10-11 11:12:11,540] {logging_mixin.py:115} INFO - [2022-10-11 11:12:11,540] {dagbag.py:507} INFO - Filling up the DagBag from /home/ubuntu/airflow/airflow_env/lib/python3.8/site-packages/airflow/example_dags/example_branch_operator.py
[2022-10-11 11:12:11,555] {processor.py:651} INFO - DAG(s) dict_keys(['example_branch_operator']) retrieved from /home/ubuntu/airflow/airflow_env/lib/python3.8/site-packages/airflow/example_dags/example_branch_operator.py
[2022-10-11 11:12:11,578] {logging_mixin.py:115} INFO - [2022-10-11 11:12:11,578] {dag.py:2379} INFO - Sync 1 DAGs
[2022-10-11 11:12:11,596] {logging_mixin.py:115} INFO - [2022-10-11 11:12:11,596] {dag.py:2927} INFO - Setting next_dagrun for example_branch_operator to 2022-10-10T00:00:00+00:00, run_after=2022-10-11T00:00:00+00:00
[2022-10-11 11:12:11,611] {processor.py:161} INFO - Processing /home/ubuntu/airflow/airflow_env/lib/python3.8/site-packages/airflow/example_dags/example_branch_operator.py took 0.078 seconds
[2022-10-11 11:12:53,467] {processor.py:153} INFO - Started process (PID=203953) to work on /home/ubuntu/airflow/airflow_env/lib/python3.8/site-packages/airflow/example_dags/example_branch_operator.py
[2022-10-11 11:12:53,468] {processor.py:641} INFO - Processing file /home/ubuntu/airflow/airflow_env/lib/python3.8/site-packages/airflow/example_dags/example_branch_operator.py for tasks to queue
[2022-10-11 11:12:53,469] {logging_mixin.py:115} INFO - [2022-10-11 11:12:53,469] {dagbag.py:507} INFO - Filling up the DagBag from /home/ubuntu/airflow/airflow_env/lib/python3.8/site-packages/airflow/example_dags/example_branch_operator.py
[2022-10-11 11:12:53,497] {processor.py:651} INFO - DAG(s) dict_keys(['example_branch_operator']) retrieved from /home/ubuntu/airflow/airflow_env/lib/python3.8/site-packages/airflow/example_dags/example_branch_operator.py
[2022-10-11 11:12:53,664] {logging_mixin.py:115} INFO - [2022-10-11 11:12:53,664] {dag.py:2379} INFO - Sync 1 DAGs
[2022-10-11 11:12:53,841] {logging_mixin.py:115} INFO - [2022-10-11 11:12:53,841] {dag.py:2927} INFO - Setting next_dagrun for example_branch_operator to 2022-10-10T00:00:00+00:00, run_after=2022-10-11T00:00:00+00:00
[2022-10-11 11:12:53,878] {processor.py:161} INFO - Processing /home/ubuntu/airflow/airflow_env/lib/python3.8/site-packages/airflow/example_dags/example_branch_operator.py took 0.417 seconds
[2022-10-11 11:13:36,398] {processor.py:153} INFO - Started process (PID=210191) to work on /home/ubuntu/airflow/airflow_env/lib/python3.8/site-packages/airflow/example_dags/example_branch_operator.py
[2022-10-11 11:13:36,407] {processor.py:641} INFO - Processing file /home/ubuntu/airflow/airflow_env/lib/python3.8/site-packages/airflow/example_dags/example_branch_operator.py for tasks to queue
[2022-10-11 11:13:36,408] {logging_mixin.py:115} INFO - [2022-10-11 11:13:36,408] {dagbag.py:507} INFO - Filling up the DagBag from /home/ubuntu/airflow/airflow_env/lib/python3.8/site-packages/airflow/example_dags/example_branch_operator.py
[2022-10-11 11:13:36,472] {processor.py:651} INFO - DAG(s) dict_keys(['example_branch_operator']) retrieved from /home/ubuntu/airflow/airflow_env/lib/python3.8/site-packages/airflow/example_dags/example_branch_operator.py
[2022-10-11 11:13:36,600] {logging_mixin.py:115} INFO - [2022-10-11 11:13:36,599] {dag.py:2379} INFO - Sync 1 DAGs
[2022-10-11 11:13:36,656] {logging_mixin.py:115} INFO - [2022-10-11 11:13:36,656] {dag.py:2927} INFO - Setting next_dagrun for example_branch_operator to 2022-10-10T00:00:00+00:00, run_after=2022-10-11T00:00:00+00:00
[2022-10-11 11:13:36,694] {processor.py:161} INFO - Processing /home/ubuntu/airflow/airflow_env/lib/python3.8/site-packages/airflow/example_dags/example_branch_operator.py took 0.306 seconds
[2022-10-11 11:14:14,728] {processor.py:153} INFO - Started process (PID=212131) to work on /home/ubuntu/airflow/airflow_env/lib/python3.8/site-packages/airflow/example_dags/example_branch_operator.py
[2022-10-11 11:14:14,730] {processor.py:641} INFO - Processing file /home/ubuntu/airflow/airflow_env/lib/python3.8/site-packages/airflow/example_dags/example_branch_operator.py for tasks to queue
[2022-10-11 11:14:14,731] {logging_mixin.py:115} INFO - [2022-10-11 11:14:14,731] {dagbag.py:507} INFO - Filling up the DagBag from /home/ubuntu/airflow/airflow_env/lib/python3.8/site-packages/airflow/example_dags/example_branch_operator.py
[2022-10-11 11:14:14,755] {processor.py:651} INFO - DAG(s) dict_keys(['example_branch_operator']) retrieved from /home/ubuntu/airflow/airflow_env/lib/python3.8/site-packages/airflow/example_dags/example_branch_operator.py
[2022-10-11 11:14:14,789] {logging_mixin.py:115} INFO - [2022-10-11 11:14:14,788] {dag.py:2379} INFO - Sync 1 DAGs
[2022-10-11 11:14:14,816] {logging_mixin.py:115} INFO - [2022-10-11 11:14:14,816] {dag.py:2927} INFO - Setting next_dagrun for example_branch_operator to 2022-10-10T00:00:00+00:00, run_after=2022-10-11T00:00:00+00:00
[2022-10-11 11:14:14,838] {processor.py:161} INFO - Processing /home/ubuntu/airflow/airflow_env/lib/python3.8/site-packages/airflow/example_dags/example_branch_operator.py took 0.117 seconds
[2022-10-11 11:14:51,629] {processor.py:153} INFO - Started process (PID=212273) to work on /home/ubuntu/airflow/airflow_env/lib/python3.8/site-packages/airflow/example_dags/example_branch_operator.py
[2022-10-11 11:14:51,630] {processor.py:641} INFO - Processing file /home/ubuntu/airflow/airflow_env/lib/python3.8/site-packages/airflow/example_dags/example_branch_operator.py for tasks to queue
[2022-10-11 11:14:51,630] {logging_mixin.py:115} INFO - [2022-10-11 11:14:51,630] {dagbag.py:507} INFO - Filling up the DagBag from /home/ubuntu/airflow/airflow_env/lib/python3.8/site-packages/airflow/example_dags/example_branch_operator.py
[2022-10-11 11:14:51,643] {processor.py:651} INFO - DAG(s) dict_keys(['example_branch_operator']) retrieved from /home/ubuntu/airflow/airflow_env/lib/python3.8/site-packages/airflow/example_dags/example_branch_operator.py
[2022-10-11 11:14:51,663] {logging_mixin.py:115} INFO - [2022-10-11 11:14:51,663] {dag.py:2379} INFO - Sync 1 DAGs
[2022-10-11 11:14:51,680] {logging_mixin.py:115} INFO - [2022-10-11 11:14:51,680] {dag.py:2927} INFO - Setting next_dagrun for example_branch_operator to 2022-10-10T00:00:00+00:00, run_after=2022-10-11T00:00:00+00:00
[2022-10-11 11:14:51,691] {processor.py:161} INFO - Processing /home/ubuntu/airflow/airflow_env/lib/python3.8/site-packages/airflow/example_dags/example_branch_operator.py took 0.067 seconds
[2022-10-11 11:15:27,161] {processor.py:153} INFO - Started process (PID=212336) to work on /home/ubuntu/airflow/airflow_env/lib/python3.8/site-packages/airflow/example_dags/example_branch_operator.py
[2022-10-11 11:15:27,162] {processor.py:641} INFO - Processing file /home/ubuntu/airflow/airflow_env/lib/python3.8/site-packages/airflow/example_dags/example_branch_operator.py for tasks to queue
[2022-10-11 11:15:27,162] {logging_mixin.py:115} INFO - [2022-10-11 11:15:27,162] {dagbag.py:507} INFO - Filling up the DagBag from /home/ubuntu/airflow/airflow_env/lib/python3.8/site-packages/airflow/example_dags/example_branch_operator.py
[2022-10-11 11:15:27,175] {processor.py:651} INFO - DAG(s) dict_keys(['example_branch_operator']) retrieved from /home/ubuntu/airflow/airflow_env/lib/python3.8/site-packages/airflow/example_dags/example_branch_operator.py
[2022-10-11 11:15:27,196] {logging_mixin.py:115} INFO - [2022-10-11 11:15:27,196] {dag.py:2379} INFO - Sync 1 DAGs
[2022-10-11 11:15:27,217] {logging_mixin.py:115} INFO - [2022-10-11 11:15:27,217] {dag.py:2927} INFO - Setting next_dagrun for example_branch_operator to 2022-10-10T00:00:00+00:00, run_after=2022-10-11T00:00:00+00:00
[2022-10-11 11:15:27,235] {processor.py:161} INFO - Processing /home/ubuntu/airflow/airflow_env/lib/python3.8/site-packages/airflow/example_dags/example_branch_operator.py took 0.078 seconds
[2022-10-11 11:16:03,701] {processor.py:153} INFO - Started process (PID=212399) to work on /home/ubuntu/airflow/airflow_env/lib/python3.8/site-packages/airflow/example_dags/example_branch_operator.py
[2022-10-11 11:16:03,702] {processor.py:641} INFO - Processing file /home/ubuntu/airflow/airflow_env/lib/python3.8/site-packages/airflow/example_dags/example_branch_operator.py for tasks to queue
[2022-10-11 11:16:03,703] {logging_mixin.py:115} INFO - [2022-10-11 11:16:03,703] {dagbag.py:507} INFO - Filling up the DagBag from /home/ubuntu/airflow/airflow_env/lib/python3.8/site-packages/airflow/example_dags/example_branch_operator.py
[2022-10-11 11:16:03,716] {processor.py:651} INFO - DAG(s) dict_keys(['example_branch_operator']) retrieved from /home/ubuntu/airflow/airflow_env/lib/python3.8/site-packages/airflow/example_dags/example_branch_operator.py
[2022-10-11 11:16:03,736] {logging_mixin.py:115} INFO - [2022-10-11 11:16:03,736] {dag.py:2379} INFO - Sync 1 DAGs
[2022-10-11 11:16:03,754] {logging_mixin.py:115} INFO - [2022-10-11 11:16:03,754] {dag.py:2927} INFO - Setting next_dagrun for example_branch_operator to 2022-10-10T00:00:00+00:00, run_after=2022-10-11T00:00:00+00:00
[2022-10-11 11:16:03,767] {processor.py:161} INFO - Processing /home/ubuntu/airflow/airflow_env/lib/python3.8/site-packages/airflow/example_dags/example_branch_operator.py took 0.070 seconds
[2022-10-11 11:16:35,765] {processor.py:153} INFO - Started process (PID=212455) to work on /home/ubuntu/airflow/airflow_env/lib/python3.8/site-packages/airflow/example_dags/example_branch_operator.py
[2022-10-11 11:16:35,766] {processor.py:641} INFO - Processing file /home/ubuntu/airflow/airflow_env/lib/python3.8/site-packages/airflow/example_dags/example_branch_operator.py for tasks to queue
[2022-10-11 11:16:35,767] {logging_mixin.py:115} INFO - [2022-10-11 11:16:35,766] {dagbag.py:507} INFO - Filling up the DagBag from /home/ubuntu/airflow/airflow_env/lib/python3.8/site-packages/airflow/example_dags/example_branch_operator.py
[2022-10-11 11:16:35,784] {processor.py:651} INFO - DAG(s) dict_keys(['example_branch_operator']) retrieved from /home/ubuntu/airflow/airflow_env/lib/python3.8/site-packages/airflow/example_dags/example_branch_operator.py
[2022-10-11 11:16:35,806] {logging_mixin.py:115} INFO - [2022-10-11 11:16:35,806] {dag.py:2379} INFO - Sync 1 DAGs
[2022-10-11 11:16:35,825] {logging_mixin.py:115} INFO - [2022-10-11 11:16:35,825] {dag.py:2927} INFO - Setting next_dagrun for example_branch_operator to 2022-10-10T00:00:00+00:00, run_after=2022-10-11T00:00:00+00:00
[2022-10-11 11:16:35,839] {processor.py:161} INFO - Processing /home/ubuntu/airflow/airflow_env/lib/python3.8/site-packages/airflow/example_dags/example_branch_operator.py took 0.080 seconds
[2022-10-11 11:17:15,755] {processor.py:153} INFO - Started process (PID=212814) to work on /home/ubuntu/airflow/airflow_env/lib/python3.8/site-packages/airflow/example_dags/example_branch_operator.py
[2022-10-11 11:17:15,759] {processor.py:641} INFO - Processing file /home/ubuntu/airflow/airflow_env/lib/python3.8/site-packages/airflow/example_dags/example_branch_operator.py for tasks to queue
[2022-10-11 11:17:15,760] {logging_mixin.py:115} INFO - [2022-10-11 11:17:15,760] {dagbag.py:507} INFO - Filling up the DagBag from /home/ubuntu/airflow/airflow_env/lib/python3.8/site-packages/airflow/example_dags/example_branch_operator.py
[2022-10-11 11:17:15,780] {processor.py:651} INFO - DAG(s) dict_keys(['example_branch_operator']) retrieved from /home/ubuntu/airflow/airflow_env/lib/python3.8/site-packages/airflow/example_dags/example_branch_operator.py
[2022-10-11 11:17:15,808] {logging_mixin.py:115} INFO - [2022-10-11 11:17:15,808] {dag.py:2379} INFO - Sync 1 DAGs
[2022-10-11 11:17:15,838] {logging_mixin.py:115} INFO - [2022-10-11 11:17:15,838] {dag.py:2927} INFO - Setting next_dagrun for example_branch_operator to 2022-10-10T00:00:00+00:00, run_after=2022-10-11T00:00:00+00:00
[2022-10-11 11:17:15,852] {processor.py:161} INFO - Processing /home/ubuntu/airflow/airflow_env/lib/python3.8/site-packages/airflow/example_dags/example_branch_operator.py took 0.102 seconds
[2022-10-11 11:17:55,155] {processor.py:153} INFO - Started process (PID=212922) to work on /home/ubuntu/airflow/airflow_env/lib/python3.8/site-packages/airflow/example_dags/example_branch_operator.py
[2022-10-11 11:17:55,157] {processor.py:641} INFO - Processing file /home/ubuntu/airflow/airflow_env/lib/python3.8/site-packages/airflow/example_dags/example_branch_operator.py for tasks to queue
[2022-10-11 11:17:55,158] {logging_mixin.py:115} INFO - [2022-10-11 11:17:55,158] {dagbag.py:507} INFO - Filling up the DagBag from /home/ubuntu/airflow/airflow_env/lib/python3.8/site-packages/airflow/example_dags/example_branch_operator.py
[2022-10-11 11:17:55,171] {processor.py:651} INFO - DAG(s) dict_keys(['example_branch_operator']) retrieved from /home/ubuntu/airflow/airflow_env/lib/python3.8/site-packages/airflow/example_dags/example_branch_operator.py
[2022-10-11 11:17:55,192] {logging_mixin.py:115} INFO - [2022-10-11 11:17:55,192] {dag.py:2379} INFO - Sync 1 DAGs
[2022-10-11 11:17:55,249] {logging_mixin.py:115} INFO - [2022-10-11 11:17:55,249] {dag.py:2927} INFO - Setting next_dagrun for example_branch_operator to 2022-10-10T00:00:00+00:00, run_after=2022-10-11T00:00:00+00:00
[2022-10-11 11:17:55,262] {processor.py:161} INFO - Processing /home/ubuntu/airflow/airflow_env/lib/python3.8/site-packages/airflow/example_dags/example_branch_operator.py took 0.111 seconds
[2022-10-11 11:18:29,091] {processor.py:153} INFO - Started process (PID=212979) to work on /home/ubuntu/airflow/airflow_env/lib/python3.8/site-packages/airflow/example_dags/example_branch_operator.py
[2022-10-11 11:18:29,092] {processor.py:641} INFO - Processing file /home/ubuntu/airflow/airflow_env/lib/python3.8/site-packages/airflow/example_dags/example_branch_operator.py for tasks to queue
[2022-10-11 11:18:29,093] {logging_mixin.py:115} INFO - [2022-10-11 11:18:29,093] {dagbag.py:507} INFO - Filling up the DagBag from /home/ubuntu/airflow/airflow_env/lib/python3.8/site-packages/airflow/example_dags/example_branch_operator.py
[2022-10-11 11:18:29,106] {processor.py:651} INFO - DAG(s) dict_keys(['example_branch_operator']) retrieved from /home/ubuntu/airflow/airflow_env/lib/python3.8/site-packages/airflow/example_dags/example_branch_operator.py
[2022-10-11 11:18:29,126] {logging_mixin.py:115} INFO - [2022-10-11 11:18:29,126] {dag.py:2379} INFO - Sync 1 DAGs
[2022-10-11 11:18:29,145] {logging_mixin.py:115} INFO - [2022-10-11 11:18:29,145] {dag.py:2927} INFO - Setting next_dagrun for example_branch_operator to 2022-10-10T00:00:00+00:00, run_after=2022-10-11T00:00:00+00:00
[2022-10-11 11:18:29,160] {processor.py:161} INFO - Processing /home/ubuntu/airflow/airflow_env/lib/python3.8/site-packages/airflow/example_dags/example_branch_operator.py took 0.073 seconds
[2022-10-11 11:19:05,822] {processor.py:153} INFO - Started process (PID=213113) to work on /home/ubuntu/airflow/airflow_env/lib/python3.8/site-packages/airflow/example_dags/example_branch_operator.py
[2022-10-11 11:19:05,823] {processor.py:641} INFO - Processing file /home/ubuntu/airflow/airflow_env/lib/python3.8/site-packages/airflow/example_dags/example_branch_operator.py for tasks to queue
[2022-10-11 11:19:05,824] {logging_mixin.py:115} INFO - [2022-10-11 11:19:05,824] {dagbag.py:507} INFO - Filling up the DagBag from /home/ubuntu/airflow/airflow_env/lib/python3.8/site-packages/airflow/example_dags/example_branch_operator.py
[2022-10-11 11:19:05,841] {processor.py:651} INFO - DAG(s) dict_keys(['example_branch_operator']) retrieved from /home/ubuntu/airflow/airflow_env/lib/python3.8/site-packages/airflow/example_dags/example_branch_operator.py
[2022-10-11 11:19:05,870] {logging_mixin.py:115} INFO - [2022-10-11 11:19:05,870] {dag.py:2379} INFO - Sync 1 DAGs
[2022-10-11 11:19:05,901] {logging_mixin.py:115} INFO - [2022-10-11 11:19:05,901] {dag.py:2927} INFO - Setting next_dagrun for example_branch_operator to 2022-10-10T00:00:00+00:00, run_after=2022-10-11T00:00:00+00:00
[2022-10-11 11:19:05,923] {processor.py:161} INFO - Processing /home/ubuntu/airflow/airflow_env/lib/python3.8/site-packages/airflow/example_dags/example_branch_operator.py took 0.106 seconds
[2022-10-11 11:19:47,143] {processor.py:153} INFO - Started process (PID=213269) to work on /home/ubuntu/airflow/airflow_env/lib/python3.8/site-packages/airflow/example_dags/example_branch_operator.py
[2022-10-11 11:19:47,144] {processor.py:641} INFO - Processing file /home/ubuntu/airflow/airflow_env/lib/python3.8/site-packages/airflow/example_dags/example_branch_operator.py for tasks to queue
[2022-10-11 11:19:47,146] {logging_mixin.py:115} INFO - [2022-10-11 11:19:47,145] {dagbag.py:507} INFO - Filling up the DagBag from /home/ubuntu/airflow/airflow_env/lib/python3.8/site-packages/airflow/example_dags/example_branch_operator.py
[2022-10-11 11:19:47,165] {processor.py:651} INFO - DAG(s) dict_keys(['example_branch_operator']) retrieved from /home/ubuntu/airflow/airflow_env/lib/python3.8/site-packages/airflow/example_dags/example_branch_operator.py
[2022-10-11 11:19:47,194] {logging_mixin.py:115} INFO - [2022-10-11 11:19:47,194] {dag.py:2379} INFO - Sync 1 DAGs
[2022-10-11 11:19:47,223] {logging_mixin.py:115} INFO - [2022-10-11 11:19:47,222] {dag.py:2927} INFO - Setting next_dagrun for example_branch_operator to 2022-10-10T00:00:00+00:00, run_after=2022-10-11T00:00:00+00:00
[2022-10-11 11:19:47,237] {processor.py:161} INFO - Processing /home/ubuntu/airflow/airflow_env/lib/python3.8/site-packages/airflow/example_dags/example_branch_operator.py took 0.101 seconds
[2022-10-11 11:20:23,074] {processor.py:153} INFO - Started process (PID=213331) to work on /home/ubuntu/airflow/airflow_env/lib/python3.8/site-packages/airflow/example_dags/example_branch_operator.py
[2022-10-11 11:20:23,076] {processor.py:641} INFO - Processing file /home/ubuntu/airflow/airflow_env/lib/python3.8/site-packages/airflow/example_dags/example_branch_operator.py for tasks to queue
[2022-10-11 11:20:23,076] {logging_mixin.py:115} INFO - [2022-10-11 11:20:23,076] {dagbag.py:507} INFO - Filling up the DagBag from /home/ubuntu/airflow/airflow_env/lib/python3.8/site-packages/airflow/example_dags/example_branch_operator.py
[2022-10-11 11:20:23,090] {processor.py:651} INFO - DAG(s) dict_keys(['example_branch_operator']) retrieved from /home/ubuntu/airflow/airflow_env/lib/python3.8/site-packages/airflow/example_dags/example_branch_operator.py
[2022-10-11 11:20:23,113] {logging_mixin.py:115} INFO - [2022-10-11 11:20:23,113] {dag.py:2379} INFO - Sync 1 DAGs
[2022-10-11 11:20:23,134] {logging_mixin.py:115} INFO - [2022-10-11 11:20:23,133] {dag.py:2927} INFO - Setting next_dagrun for example_branch_operator to 2022-10-10T00:00:00+00:00, run_after=2022-10-11T00:00:00+00:00
[2022-10-11 11:20:23,147] {processor.py:161} INFO - Processing /home/ubuntu/airflow/airflow_env/lib/python3.8/site-packages/airflow/example_dags/example_branch_operator.py took 0.083 seconds
[2022-10-11 11:20:59,162] {processor.py:153} INFO - Started process (PID=213397) to work on /home/ubuntu/airflow/airflow_env/lib/python3.8/site-packages/airflow/example_dags/example_branch_operator.py
[2022-10-11 11:20:59,163] {processor.py:641} INFO - Processing file /home/ubuntu/airflow/airflow_env/lib/python3.8/site-packages/airflow/example_dags/example_branch_operator.py for tasks to queue
[2022-10-11 11:20:59,164] {logging_mixin.py:115} INFO - [2022-10-11 11:20:59,164] {dagbag.py:507} INFO - Filling up the DagBag from /home/ubuntu/airflow/airflow_env/lib/python3.8/site-packages/airflow/example_dags/example_branch_operator.py
[2022-10-11 11:20:59,177] {processor.py:651} INFO - DAG(s) dict_keys(['example_branch_operator']) retrieved from /home/ubuntu/airflow/airflow_env/lib/python3.8/site-packages/airflow/example_dags/example_branch_operator.py
[2022-10-11 11:20:59,200] {logging_mixin.py:115} INFO - [2022-10-11 11:20:59,200] {dag.py:2379} INFO - Sync 1 DAGs
[2022-10-11 11:20:59,222] {logging_mixin.py:115} INFO - [2022-10-11 11:20:59,222] {dag.py:2927} INFO - Setting next_dagrun for example_branch_operator to 2022-10-10T00:00:00+00:00, run_after=2022-10-11T00:00:00+00:00
[2022-10-11 11:20:59,236] {processor.py:161} INFO - Processing /home/ubuntu/airflow/airflow_env/lib/python3.8/site-packages/airflow/example_dags/example_branch_operator.py took 0.078 seconds
[2022-10-11 11:21:35,639] {processor.py:153} INFO - Started process (PID=213501) to work on /home/ubuntu/airflow/airflow_env/lib/python3.8/site-packages/airflow/example_dags/example_branch_operator.py
[2022-10-11 11:21:35,640] {processor.py:641} INFO - Processing file /home/ubuntu/airflow/airflow_env/lib/python3.8/site-packages/airflow/example_dags/example_branch_operator.py for tasks to queue
[2022-10-11 11:21:35,642] {logging_mixin.py:115} INFO - [2022-10-11 11:21:35,641] {dagbag.py:507} INFO - Filling up the DagBag from /home/ubuntu/airflow/airflow_env/lib/python3.8/site-packages/airflow/example_dags/example_branch_operator.py
[2022-10-11 11:21:35,660] {processor.py:651} INFO - DAG(s) dict_keys(['example_branch_operator']) retrieved from /home/ubuntu/airflow/airflow_env/lib/python3.8/site-packages/airflow/example_dags/example_branch_operator.py
[2022-10-11 11:21:35,685] {logging_mixin.py:115} INFO - [2022-10-11 11:21:35,684] {dag.py:2379} INFO - Sync 1 DAGs
[2022-10-11 11:21:35,705] {logging_mixin.py:115} INFO - [2022-10-11 11:21:35,705] {dag.py:2927} INFO - Setting next_dagrun for example_branch_operator to 2022-10-10T00:00:00+00:00, run_after=2022-10-11T00:00:00+00:00
[2022-10-11 11:21:35,720] {processor.py:161} INFO - Processing /home/ubuntu/airflow/airflow_env/lib/python3.8/site-packages/airflow/example_dags/example_branch_operator.py took 0.088 seconds
