[2022-10-11 11:01:41,963] {processor.py:153} INFO - Started process (PID=202156) to work on /home/ubuntu/airflow/airflow_env/lib/python3.8/site-packages/airflow/example_dags/example_trigger_controller_dag.py
[2022-10-11 11:01:41,968] {processor.py:641} INFO - Processing file /home/ubuntu/airflow/airflow_env/lib/python3.8/site-packages/airflow/example_dags/example_trigger_controller_dag.py for tasks to queue
[2022-10-11 11:01:41,970] {logging_mixin.py:115} INFO - [2022-10-11 11:01:41,969] {dagbag.py:507} INFO - Filling up the DagBag from /home/ubuntu/airflow/airflow_env/lib/python3.8/site-packages/airflow/example_dags/example_trigger_controller_dag.py
[2022-10-11 11:01:41,982] {processor.py:651} INFO - DAG(s) dict_keys(['example_trigger_controller_dag']) retrieved from /home/ubuntu/airflow/airflow_env/lib/python3.8/site-packages/airflow/example_dags/example_trigger_controller_dag.py
[2022-10-11 11:01:42,031] {logging_mixin.py:115} INFO - [2022-10-11 11:01:42,030] {dag.py:2379} INFO - Sync 1 DAGs
[2022-10-11 11:01:42,064] {logging_mixin.py:115} INFO - [2022-10-11 11:01:42,063] {dag.py:2927} INFO - Setting next_dagrun for example_trigger_controller_dag to 2021-01-01T00:00:00+00:00, run_after=2021-01-01T00:00:00+00:00
[2022-10-11 11:01:42,095] {processor.py:161} INFO - Processing /home/ubuntu/airflow/airflow_env/lib/python3.8/site-packages/airflow/example_dags/example_trigger_controller_dag.py took 0.145 seconds
[2022-10-11 11:02:15,464] {processor.py:153} INFO - Started process (PID=202516) to work on /home/ubuntu/airflow/airflow_env/lib/python3.8/site-packages/airflow/example_dags/example_trigger_controller_dag.py
[2022-10-11 11:02:15,464] {processor.py:641} INFO - Processing file /home/ubuntu/airflow/airflow_env/lib/python3.8/site-packages/airflow/example_dags/example_trigger_controller_dag.py for tasks to queue
[2022-10-11 11:02:15,465] {logging_mixin.py:115} INFO - [2022-10-11 11:02:15,465] {dagbag.py:507} INFO - Filling up the DagBag from /home/ubuntu/airflow/airflow_env/lib/python3.8/site-packages/airflow/example_dags/example_trigger_controller_dag.py
[2022-10-11 11:02:15,470] {processor.py:651} INFO - DAG(s) dict_keys(['example_trigger_controller_dag']) retrieved from /home/ubuntu/airflow/airflow_env/lib/python3.8/site-packages/airflow/example_dags/example_trigger_controller_dag.py
[2022-10-11 11:02:15,500] {logging_mixin.py:115} INFO - [2022-10-11 11:02:15,499] {dag.py:2379} INFO - Sync 1 DAGs
[2022-10-11 11:02:15,519] {logging_mixin.py:115} INFO - [2022-10-11 11:02:15,519] {dag.py:2927} INFO - Setting next_dagrun for example_trigger_controller_dag to 2021-01-01T00:00:00+00:00, run_after=2021-01-01T00:00:00+00:00
[2022-10-11 11:02:15,533] {processor.py:161} INFO - Processing /home/ubuntu/airflow/airflow_env/lib/python3.8/site-packages/airflow/example_dags/example_trigger_controller_dag.py took 0.074 seconds
[2022-10-11 11:02:50,576] {processor.py:153} INFO - Started process (PID=202576) to work on /home/ubuntu/airflow/airflow_env/lib/python3.8/site-packages/airflow/example_dags/example_trigger_controller_dag.py
[2022-10-11 11:02:50,577] {processor.py:641} INFO - Processing file /home/ubuntu/airflow/airflow_env/lib/python3.8/site-packages/airflow/example_dags/example_trigger_controller_dag.py for tasks to queue
[2022-10-11 11:02:50,578] {logging_mixin.py:115} INFO - [2022-10-11 11:02:50,577] {dagbag.py:507} INFO - Filling up the DagBag from /home/ubuntu/airflow/airflow_env/lib/python3.8/site-packages/airflow/example_dags/example_trigger_controller_dag.py
[2022-10-11 11:02:50,582] {processor.py:651} INFO - DAG(s) dict_keys(['example_trigger_controller_dag']) retrieved from /home/ubuntu/airflow/airflow_env/lib/python3.8/site-packages/airflow/example_dags/example_trigger_controller_dag.py
[2022-10-11 11:02:50,605] {logging_mixin.py:115} INFO - [2022-10-11 11:02:50,605] {dag.py:2379} INFO - Sync 1 DAGs
[2022-10-11 11:02:50,624] {logging_mixin.py:115} INFO - [2022-10-11 11:02:50,624] {dag.py:2927} INFO - Setting next_dagrun for example_trigger_controller_dag to 2021-01-01T00:00:00+00:00, run_after=2021-01-01T00:00:00+00:00
[2022-10-11 11:02:50,641] {processor.py:161} INFO - Processing /home/ubuntu/airflow/airflow_env/lib/python3.8/site-packages/airflow/example_dags/example_trigger_controller_dag.py took 0.071 seconds
[2022-10-11 11:03:25,418] {processor.py:153} INFO - Started process (PID=202638) to work on /home/ubuntu/airflow/airflow_env/lib/python3.8/site-packages/airflow/example_dags/example_trigger_controller_dag.py
[2022-10-11 11:03:25,419] {processor.py:641} INFO - Processing file /home/ubuntu/airflow/airflow_env/lib/python3.8/site-packages/airflow/example_dags/example_trigger_controller_dag.py for tasks to queue
[2022-10-11 11:03:25,420] {logging_mixin.py:115} INFO - [2022-10-11 11:03:25,420] {dagbag.py:507} INFO - Filling up the DagBag from /home/ubuntu/airflow/airflow_env/lib/python3.8/site-packages/airflow/example_dags/example_trigger_controller_dag.py
[2022-10-11 11:03:25,425] {processor.py:651} INFO - DAG(s) dict_keys(['example_trigger_controller_dag']) retrieved from /home/ubuntu/airflow/airflow_env/lib/python3.8/site-packages/airflow/example_dags/example_trigger_controller_dag.py
[2022-10-11 11:03:25,447] {logging_mixin.py:115} INFO - [2022-10-11 11:03:25,447] {dag.py:2379} INFO - Sync 1 DAGs
[2022-10-11 11:03:25,470] {logging_mixin.py:115} INFO - [2022-10-11 11:03:25,470] {dag.py:2927} INFO - Setting next_dagrun for example_trigger_controller_dag to 2021-01-01T00:00:00+00:00, run_after=2021-01-01T00:00:00+00:00
[2022-10-11 11:03:25,484] {processor.py:161} INFO - Processing /home/ubuntu/airflow/airflow_env/lib/python3.8/site-packages/airflow/example_dags/example_trigger_controller_dag.py took 0.070 seconds
[2022-10-11 11:03:59,733] {processor.py:153} INFO - Started process (PID=202726) to work on /home/ubuntu/airflow/airflow_env/lib/python3.8/site-packages/airflow/example_dags/example_trigger_controller_dag.py
[2022-10-11 11:03:59,734] {processor.py:641} INFO - Processing file /home/ubuntu/airflow/airflow_env/lib/python3.8/site-packages/airflow/example_dags/example_trigger_controller_dag.py for tasks to queue
[2022-10-11 11:03:59,735] {logging_mixin.py:115} INFO - [2022-10-11 11:03:59,735] {dagbag.py:507} INFO - Filling up the DagBag from /home/ubuntu/airflow/airflow_env/lib/python3.8/site-packages/airflow/example_dags/example_trigger_controller_dag.py
[2022-10-11 11:03:59,740] {processor.py:651} INFO - DAG(s) dict_keys(['example_trigger_controller_dag']) retrieved from /home/ubuntu/airflow/airflow_env/lib/python3.8/site-packages/airflow/example_dags/example_trigger_controller_dag.py
[2022-10-11 11:03:59,759] {logging_mixin.py:115} INFO - [2022-10-11 11:03:59,759] {dag.py:2379} INFO - Sync 1 DAGs
[2022-10-11 11:03:59,776] {logging_mixin.py:115} INFO - [2022-10-11 11:03:59,776] {dag.py:2927} INFO - Setting next_dagrun for example_trigger_controller_dag to 2021-01-01T00:00:00+00:00, run_after=2021-01-01T00:00:00+00:00
[2022-10-11 11:03:59,791] {processor.py:161} INFO - Processing /home/ubuntu/airflow/airflow_env/lib/python3.8/site-packages/airflow/example_dags/example_trigger_controller_dag.py took 0.062 seconds
[2022-10-11 11:04:34,663] {processor.py:153} INFO - Started process (PID=202829) to work on /home/ubuntu/airflow/airflow_env/lib/python3.8/site-packages/airflow/example_dags/example_trigger_controller_dag.py
[2022-10-11 11:04:34,664] {processor.py:641} INFO - Processing file /home/ubuntu/airflow/airflow_env/lib/python3.8/site-packages/airflow/example_dags/example_trigger_controller_dag.py for tasks to queue
[2022-10-11 11:04:34,664] {logging_mixin.py:115} INFO - [2022-10-11 11:04:34,664] {dagbag.py:507} INFO - Filling up the DagBag from /home/ubuntu/airflow/airflow_env/lib/python3.8/site-packages/airflow/example_dags/example_trigger_controller_dag.py
[2022-10-11 11:04:34,670] {processor.py:651} INFO - DAG(s) dict_keys(['example_trigger_controller_dag']) retrieved from /home/ubuntu/airflow/airflow_env/lib/python3.8/site-packages/airflow/example_dags/example_trigger_controller_dag.py
[2022-10-11 11:04:34,697] {logging_mixin.py:115} INFO - [2022-10-11 11:04:34,697] {dag.py:2379} INFO - Sync 1 DAGs
[2022-10-11 11:04:34,714] {logging_mixin.py:115} INFO - [2022-10-11 11:04:34,713] {dag.py:2927} INFO - Setting next_dagrun for example_trigger_controller_dag to 2021-01-01T00:00:00+00:00, run_after=2021-01-01T00:00:00+00:00
[2022-10-11 11:04:34,731] {processor.py:161} INFO - Processing /home/ubuntu/airflow/airflow_env/lib/python3.8/site-packages/airflow/example_dags/example_trigger_controller_dag.py took 0.073 seconds
[2022-10-11 11:05:09,034] {processor.py:153} INFO - Started process (PID=202892) to work on /home/ubuntu/airflow/airflow_env/lib/python3.8/site-packages/airflow/example_dags/example_trigger_controller_dag.py
[2022-10-11 11:05:09,035] {processor.py:641} INFO - Processing file /home/ubuntu/airflow/airflow_env/lib/python3.8/site-packages/airflow/example_dags/example_trigger_controller_dag.py for tasks to queue
[2022-10-11 11:05:09,036] {logging_mixin.py:115} INFO - [2022-10-11 11:05:09,036] {dagbag.py:507} INFO - Filling up the DagBag from /home/ubuntu/airflow/airflow_env/lib/python3.8/site-packages/airflow/example_dags/example_trigger_controller_dag.py
[2022-10-11 11:05:09,041] {processor.py:651} INFO - DAG(s) dict_keys(['example_trigger_controller_dag']) retrieved from /home/ubuntu/airflow/airflow_env/lib/python3.8/site-packages/airflow/example_dags/example_trigger_controller_dag.py
[2022-10-11 11:05:09,067] {logging_mixin.py:115} INFO - [2022-10-11 11:05:09,067] {dag.py:2379} INFO - Sync 1 DAGs
[2022-10-11 11:05:09,094] {logging_mixin.py:115} INFO - [2022-10-11 11:05:09,094] {dag.py:2927} INFO - Setting next_dagrun for example_trigger_controller_dag to 2021-01-01T00:00:00+00:00, run_after=2021-01-01T00:00:00+00:00
[2022-10-11 11:05:09,114] {processor.py:161} INFO - Processing /home/ubuntu/airflow/airflow_env/lib/python3.8/site-packages/airflow/example_dags/example_trigger_controller_dag.py took 0.085 seconds
[2022-10-11 11:05:42,867] {processor.py:153} INFO - Started process (PID=202951) to work on /home/ubuntu/airflow/airflow_env/lib/python3.8/site-packages/airflow/example_dags/example_trigger_controller_dag.py
[2022-10-11 11:05:42,868] {processor.py:641} INFO - Processing file /home/ubuntu/airflow/airflow_env/lib/python3.8/site-packages/airflow/example_dags/example_trigger_controller_dag.py for tasks to queue
[2022-10-11 11:05:42,869] {logging_mixin.py:115} INFO - [2022-10-11 11:05:42,868] {dagbag.py:507} INFO - Filling up the DagBag from /home/ubuntu/airflow/airflow_env/lib/python3.8/site-packages/airflow/example_dags/example_trigger_controller_dag.py
[2022-10-11 11:05:42,873] {processor.py:651} INFO - DAG(s) dict_keys(['example_trigger_controller_dag']) retrieved from /home/ubuntu/airflow/airflow_env/lib/python3.8/site-packages/airflow/example_dags/example_trigger_controller_dag.py
[2022-10-11 11:05:42,895] {logging_mixin.py:115} INFO - [2022-10-11 11:05:42,895] {dag.py:2379} INFO - Sync 1 DAGs
[2022-10-11 11:05:42,911] {logging_mixin.py:115} INFO - [2022-10-11 11:05:42,911] {dag.py:2927} INFO - Setting next_dagrun for example_trigger_controller_dag to 2021-01-01T00:00:00+00:00, run_after=2021-01-01T00:00:00+00:00
[2022-10-11 11:05:42,923] {processor.py:161} INFO - Processing /home/ubuntu/airflow/airflow_env/lib/python3.8/site-packages/airflow/example_dags/example_trigger_controller_dag.py took 0.060 seconds
[2022-10-11 11:06:14,523] {processor.py:153} INFO - Started process (PID=203000) to work on /home/ubuntu/airflow/airflow_env/lib/python3.8/site-packages/airflow/example_dags/example_trigger_controller_dag.py
[2022-10-11 11:06:14,524] {processor.py:641} INFO - Processing file /home/ubuntu/airflow/airflow_env/lib/python3.8/site-packages/airflow/example_dags/example_trigger_controller_dag.py for tasks to queue
[2022-10-11 11:06:14,525] {logging_mixin.py:115} INFO - [2022-10-11 11:06:14,525] {dagbag.py:507} INFO - Filling up the DagBag from /home/ubuntu/airflow/airflow_env/lib/python3.8/site-packages/airflow/example_dags/example_trigger_controller_dag.py
[2022-10-11 11:06:14,529] {processor.py:651} INFO - DAG(s) dict_keys(['example_trigger_controller_dag']) retrieved from /home/ubuntu/airflow/airflow_env/lib/python3.8/site-packages/airflow/example_dags/example_trigger_controller_dag.py
[2022-10-11 11:06:14,552] {logging_mixin.py:115} INFO - [2022-10-11 11:06:14,552] {dag.py:2379} INFO - Sync 1 DAGs
[2022-10-11 11:06:14,568] {logging_mixin.py:115} INFO - [2022-10-11 11:06:14,568] {dag.py:2927} INFO - Setting next_dagrun for example_trigger_controller_dag to 2021-01-01T00:00:00+00:00, run_after=2021-01-01T00:00:00+00:00
[2022-10-11 11:06:14,583] {processor.py:161} INFO - Processing /home/ubuntu/airflow/airflow_env/lib/python3.8/site-packages/airflow/example_dags/example_trigger_controller_dag.py took 0.064 seconds
[2022-10-11 11:06:47,434] {processor.py:153} INFO - Started process (PID=203052) to work on /home/ubuntu/airflow/airflow_env/lib/python3.8/site-packages/airflow/example_dags/example_trigger_controller_dag.py
[2022-10-11 11:06:47,435] {processor.py:641} INFO - Processing file /home/ubuntu/airflow/airflow_env/lib/python3.8/site-packages/airflow/example_dags/example_trigger_controller_dag.py for tasks to queue
[2022-10-11 11:06:47,435] {logging_mixin.py:115} INFO - [2022-10-11 11:06:47,435] {dagbag.py:507} INFO - Filling up the DagBag from /home/ubuntu/airflow/airflow_env/lib/python3.8/site-packages/airflow/example_dags/example_trigger_controller_dag.py
[2022-10-11 11:06:47,440] {processor.py:651} INFO - DAG(s) dict_keys(['example_trigger_controller_dag']) retrieved from /home/ubuntu/airflow/airflow_env/lib/python3.8/site-packages/airflow/example_dags/example_trigger_controller_dag.py
[2022-10-11 11:06:47,467] {logging_mixin.py:115} INFO - [2022-10-11 11:06:47,467] {dag.py:2379} INFO - Sync 1 DAGs
[2022-10-11 11:06:47,487] {logging_mixin.py:115} INFO - [2022-10-11 11:06:47,487] {dag.py:2927} INFO - Setting next_dagrun for example_trigger_controller_dag to 2021-01-01T00:00:00+00:00, run_after=2021-01-01T00:00:00+00:00
[2022-10-11 11:06:47,501] {processor.py:161} INFO - Processing /home/ubuntu/airflow/airflow_env/lib/python3.8/site-packages/airflow/example_dags/example_trigger_controller_dag.py took 0.072 seconds
[2022-10-11 11:07:20,915] {processor.py:153} INFO - Started process (PID=203113) to work on /home/ubuntu/airflow/airflow_env/lib/python3.8/site-packages/airflow/example_dags/example_trigger_controller_dag.py
[2022-10-11 11:07:20,916] {processor.py:641} INFO - Processing file /home/ubuntu/airflow/airflow_env/lib/python3.8/site-packages/airflow/example_dags/example_trigger_controller_dag.py for tasks to queue
[2022-10-11 11:07:20,917] {logging_mixin.py:115} INFO - [2022-10-11 11:07:20,917] {dagbag.py:507} INFO - Filling up the DagBag from /home/ubuntu/airflow/airflow_env/lib/python3.8/site-packages/airflow/example_dags/example_trigger_controller_dag.py
[2022-10-11 11:07:20,921] {processor.py:651} INFO - DAG(s) dict_keys(['example_trigger_controller_dag']) retrieved from /home/ubuntu/airflow/airflow_env/lib/python3.8/site-packages/airflow/example_dags/example_trigger_controller_dag.py
[2022-10-11 11:07:20,946] {logging_mixin.py:115} INFO - [2022-10-11 11:07:20,945] {dag.py:2379} INFO - Sync 1 DAGs
[2022-10-11 11:07:20,963] {logging_mixin.py:115} INFO - [2022-10-11 11:07:20,963] {dag.py:2927} INFO - Setting next_dagrun for example_trigger_controller_dag to 2021-01-01T00:00:00+00:00, run_after=2021-01-01T00:00:00+00:00
[2022-10-11 11:07:20,978] {processor.py:161} INFO - Processing /home/ubuntu/airflow/airflow_env/lib/python3.8/site-packages/airflow/example_dags/example_trigger_controller_dag.py took 0.068 seconds
[2022-10-11 11:07:55,770] {processor.py:153} INFO - Started process (PID=203177) to work on /home/ubuntu/airflow/airflow_env/lib/python3.8/site-packages/airflow/example_dags/example_trigger_controller_dag.py
[2022-10-11 11:07:55,771] {processor.py:641} INFO - Processing file /home/ubuntu/airflow/airflow_env/lib/python3.8/site-packages/airflow/example_dags/example_trigger_controller_dag.py for tasks to queue
[2022-10-11 11:07:55,772] {logging_mixin.py:115} INFO - [2022-10-11 11:07:55,772] {dagbag.py:507} INFO - Filling up the DagBag from /home/ubuntu/airflow/airflow_env/lib/python3.8/site-packages/airflow/example_dags/example_trigger_controller_dag.py
[2022-10-11 11:07:55,776] {processor.py:651} INFO - DAG(s) dict_keys(['example_trigger_controller_dag']) retrieved from /home/ubuntu/airflow/airflow_env/lib/python3.8/site-packages/airflow/example_dags/example_trigger_controller_dag.py
[2022-10-11 11:07:55,802] {logging_mixin.py:115} INFO - [2022-10-11 11:07:55,802] {dag.py:2379} INFO - Sync 1 DAGs
[2022-10-11 11:07:55,819] {logging_mixin.py:115} INFO - [2022-10-11 11:07:55,819] {dag.py:2927} INFO - Setting next_dagrun for example_trigger_controller_dag to 2021-01-01T00:00:00+00:00, run_after=2021-01-01T00:00:00+00:00
[2022-10-11 11:07:55,834] {processor.py:161} INFO - Processing /home/ubuntu/airflow/airflow_env/lib/python3.8/site-packages/airflow/example_dags/example_trigger_controller_dag.py took 0.070 seconds
[2022-10-11 11:08:27,700] {processor.py:153} INFO - Started process (PID=203231) to work on /home/ubuntu/airflow/airflow_env/lib/python3.8/site-packages/airflow/example_dags/example_trigger_controller_dag.py
[2022-10-11 11:08:27,701] {processor.py:641} INFO - Processing file /home/ubuntu/airflow/airflow_env/lib/python3.8/site-packages/airflow/example_dags/example_trigger_controller_dag.py for tasks to queue
[2022-10-11 11:08:27,701] {logging_mixin.py:115} INFO - [2022-10-11 11:08:27,701] {dagbag.py:507} INFO - Filling up the DagBag from /home/ubuntu/airflow/airflow_env/lib/python3.8/site-packages/airflow/example_dags/example_trigger_controller_dag.py
[2022-10-11 11:08:27,706] {processor.py:651} INFO - DAG(s) dict_keys(['example_trigger_controller_dag']) retrieved from /home/ubuntu/airflow/airflow_env/lib/python3.8/site-packages/airflow/example_dags/example_trigger_controller_dag.py
[2022-10-11 11:08:27,730] {logging_mixin.py:115} INFO - [2022-10-11 11:08:27,729] {dag.py:2379} INFO - Sync 1 DAGs
[2022-10-11 11:08:27,746] {logging_mixin.py:115} INFO - [2022-10-11 11:08:27,746] {dag.py:2927} INFO - Setting next_dagrun for example_trigger_controller_dag to 2021-01-01T00:00:00+00:00, run_after=2021-01-01T00:00:00+00:00
[2022-10-11 11:08:27,758] {processor.py:161} INFO - Processing /home/ubuntu/airflow/airflow_env/lib/python3.8/site-packages/airflow/example_dags/example_trigger_controller_dag.py took 0.063 seconds
[2022-10-11 11:09:01,000] {processor.py:153} INFO - Started process (PID=203356) to work on /home/ubuntu/airflow/airflow_env/lib/python3.8/site-packages/airflow/example_dags/example_trigger_controller_dag.py
[2022-10-11 11:09:01,001] {processor.py:641} INFO - Processing file /home/ubuntu/airflow/airflow_env/lib/python3.8/site-packages/airflow/example_dags/example_trigger_controller_dag.py for tasks to queue
[2022-10-11 11:09:01,002] {logging_mixin.py:115} INFO - [2022-10-11 11:09:01,002] {dagbag.py:507} INFO - Filling up the DagBag from /home/ubuntu/airflow/airflow_env/lib/python3.8/site-packages/airflow/example_dags/example_trigger_controller_dag.py
[2022-10-11 11:09:01,006] {processor.py:651} INFO - DAG(s) dict_keys(['example_trigger_controller_dag']) retrieved from /home/ubuntu/airflow/airflow_env/lib/python3.8/site-packages/airflow/example_dags/example_trigger_controller_dag.py
[2022-10-11 11:09:01,029] {logging_mixin.py:115} INFO - [2022-10-11 11:09:01,029] {dag.py:2379} INFO - Sync 1 DAGs
[2022-10-11 11:09:01,045] {logging_mixin.py:115} INFO - [2022-10-11 11:09:01,045] {dag.py:2927} INFO - Setting next_dagrun for example_trigger_controller_dag to 2021-01-01T00:00:00+00:00, run_after=2021-01-01T00:00:00+00:00
[2022-10-11 11:09:01,058] {processor.py:161} INFO - Processing /home/ubuntu/airflow/airflow_env/lib/python3.8/site-packages/airflow/example_dags/example_trigger_controller_dag.py took 0.062 seconds
[2022-10-11 11:09:37,601] {processor.py:153} INFO - Started process (PID=203492) to work on /home/ubuntu/airflow/airflow_env/lib/python3.8/site-packages/airflow/example_dags/example_trigger_controller_dag.py
[2022-10-11 11:09:37,602] {processor.py:641} INFO - Processing file /home/ubuntu/airflow/airflow_env/lib/python3.8/site-packages/airflow/example_dags/example_trigger_controller_dag.py for tasks to queue
[2022-10-11 11:09:37,603] {logging_mixin.py:115} INFO - [2022-10-11 11:09:37,603] {dagbag.py:507} INFO - Filling up the DagBag from /home/ubuntu/airflow/airflow_env/lib/python3.8/site-packages/airflow/example_dags/example_trigger_controller_dag.py
[2022-10-11 11:09:37,607] {processor.py:651} INFO - DAG(s) dict_keys(['example_trigger_controller_dag']) retrieved from /home/ubuntu/airflow/airflow_env/lib/python3.8/site-packages/airflow/example_dags/example_trigger_controller_dag.py
[2022-10-11 11:09:37,630] {logging_mixin.py:115} INFO - [2022-10-11 11:09:37,630] {dag.py:2379} INFO - Sync 1 DAGs
[2022-10-11 11:09:37,647] {logging_mixin.py:115} INFO - [2022-10-11 11:09:37,647] {dag.py:2927} INFO - Setting next_dagrun for example_trigger_controller_dag to 2021-01-01T00:00:00+00:00, run_after=2021-01-01T00:00:00+00:00
[2022-10-11 11:09:37,661] {processor.py:161} INFO - Processing /home/ubuntu/airflow/airflow_env/lib/python3.8/site-packages/airflow/example_dags/example_trigger_controller_dag.py took 0.064 seconds
[2022-10-11 11:10:12,697] {processor.py:153} INFO - Started process (PID=203547) to work on /home/ubuntu/airflow/airflow_env/lib/python3.8/site-packages/airflow/example_dags/example_trigger_controller_dag.py
[2022-10-11 11:10:12,698] {processor.py:641} INFO - Processing file /home/ubuntu/airflow/airflow_env/lib/python3.8/site-packages/airflow/example_dags/example_trigger_controller_dag.py for tasks to queue
[2022-10-11 11:10:12,699] {logging_mixin.py:115} INFO - [2022-10-11 11:10:12,699] {dagbag.py:507} INFO - Filling up the DagBag from /home/ubuntu/airflow/airflow_env/lib/python3.8/site-packages/airflow/example_dags/example_trigger_controller_dag.py
[2022-10-11 11:10:12,703] {processor.py:651} INFO - DAG(s) dict_keys(['example_trigger_controller_dag']) retrieved from /home/ubuntu/airflow/airflow_env/lib/python3.8/site-packages/airflow/example_dags/example_trigger_controller_dag.py
[2022-10-11 11:10:12,732] {logging_mixin.py:115} INFO - [2022-10-11 11:10:12,732] {dag.py:2379} INFO - Sync 1 DAGs
[2022-10-11 11:10:12,752] {logging_mixin.py:115} INFO - [2022-10-11 11:10:12,752] {dag.py:2927} INFO - Setting next_dagrun for example_trigger_controller_dag to 2021-01-01T00:00:00+00:00, run_after=2021-01-01T00:00:00+00:00
[2022-10-11 11:10:12,769] {processor.py:161} INFO - Processing /home/ubuntu/airflow/airflow_env/lib/python3.8/site-packages/airflow/example_dags/example_trigger_controller_dag.py took 0.076 seconds
[2022-10-11 11:10:47,486] {processor.py:153} INFO - Started process (PID=203605) to work on /home/ubuntu/airflow/airflow_env/lib/python3.8/site-packages/airflow/example_dags/example_trigger_controller_dag.py
[2022-10-11 11:10:47,487] {processor.py:641} INFO - Processing file /home/ubuntu/airflow/airflow_env/lib/python3.8/site-packages/airflow/example_dags/example_trigger_controller_dag.py for tasks to queue
[2022-10-11 11:10:47,487] {logging_mixin.py:115} INFO - [2022-10-11 11:10:47,487] {dagbag.py:507} INFO - Filling up the DagBag from /home/ubuntu/airflow/airflow_env/lib/python3.8/site-packages/airflow/example_dags/example_trigger_controller_dag.py
[2022-10-11 11:10:47,492] {processor.py:651} INFO - DAG(s) dict_keys(['example_trigger_controller_dag']) retrieved from /home/ubuntu/airflow/airflow_env/lib/python3.8/site-packages/airflow/example_dags/example_trigger_controller_dag.py
[2022-10-11 11:10:47,516] {logging_mixin.py:115} INFO - [2022-10-11 11:10:47,516] {dag.py:2379} INFO - Sync 1 DAGs
[2022-10-11 11:10:47,533] {logging_mixin.py:115} INFO - [2022-10-11 11:10:47,533] {dag.py:2927} INFO - Setting next_dagrun for example_trigger_controller_dag to 2021-01-01T00:00:00+00:00, run_after=2021-01-01T00:00:00+00:00
[2022-10-11 11:10:47,546] {processor.py:161} INFO - Processing /home/ubuntu/airflow/airflow_env/lib/python3.8/site-packages/airflow/example_dags/example_trigger_controller_dag.py took 0.065 seconds
[2022-10-11 11:11:22,600] {processor.py:153} INFO - Started process (PID=203660) to work on /home/ubuntu/airflow/airflow_env/lib/python3.8/site-packages/airflow/example_dags/example_trigger_controller_dag.py
[2022-10-11 11:11:22,601] {processor.py:641} INFO - Processing file /home/ubuntu/airflow/airflow_env/lib/python3.8/site-packages/airflow/example_dags/example_trigger_controller_dag.py for tasks to queue
[2022-10-11 11:11:22,602] {logging_mixin.py:115} INFO - [2022-10-11 11:11:22,601] {dagbag.py:507} INFO - Filling up the DagBag from /home/ubuntu/airflow/airflow_env/lib/python3.8/site-packages/airflow/example_dags/example_trigger_controller_dag.py
[2022-10-11 11:11:22,606] {processor.py:651} INFO - DAG(s) dict_keys(['example_trigger_controller_dag']) retrieved from /home/ubuntu/airflow/airflow_env/lib/python3.8/site-packages/airflow/example_dags/example_trigger_controller_dag.py
[2022-10-11 11:11:22,627] {logging_mixin.py:115} INFO - [2022-10-11 11:11:22,626] {dag.py:2379} INFO - Sync 1 DAGs
[2022-10-11 11:11:22,643] {logging_mixin.py:115} INFO - [2022-10-11 11:11:22,643] {dag.py:2927} INFO - Setting next_dagrun for example_trigger_controller_dag to 2021-01-01T00:00:00+00:00, run_after=2021-01-01T00:00:00+00:00
[2022-10-11 11:11:22,657] {processor.py:161} INFO - Processing /home/ubuntu/airflow/airflow_env/lib/python3.8/site-packages/airflow/example_dags/example_trigger_controller_dag.py took 0.061 seconds
[2022-10-11 11:11:53,592] {processor.py:153} INFO - Started process (PID=203709) to work on /home/ubuntu/airflow/airflow_env/lib/python3.8/site-packages/airflow/example_dags/example_trigger_controller_dag.py
[2022-10-11 11:11:53,594] {processor.py:641} INFO - Processing file /home/ubuntu/airflow/airflow_env/lib/python3.8/site-packages/airflow/example_dags/example_trigger_controller_dag.py for tasks to queue
[2022-10-11 11:11:53,595] {logging_mixin.py:115} INFO - [2022-10-11 11:11:53,594] {dagbag.py:507} INFO - Filling up the DagBag from /home/ubuntu/airflow/airflow_env/lib/python3.8/site-packages/airflow/example_dags/example_trigger_controller_dag.py
[2022-10-11 11:11:53,602] {processor.py:651} INFO - DAG(s) dict_keys(['example_trigger_controller_dag']) retrieved from /home/ubuntu/airflow/airflow_env/lib/python3.8/site-packages/airflow/example_dags/example_trigger_controller_dag.py
[2022-10-11 11:11:53,632] {logging_mixin.py:115} INFO - [2022-10-11 11:11:53,632] {dag.py:2379} INFO - Sync 1 DAGs
[2022-10-11 11:11:53,657] {logging_mixin.py:115} INFO - [2022-10-11 11:11:53,657] {dag.py:2927} INFO - Setting next_dagrun for example_trigger_controller_dag to 2021-01-01T00:00:00+00:00, run_after=2021-01-01T00:00:00+00:00
[2022-10-11 11:11:53,676] {processor.py:161} INFO - Processing /home/ubuntu/airflow/airflow_env/lib/python3.8/site-packages/airflow/example_dags/example_trigger_controller_dag.py took 0.089 seconds
[2022-10-11 11:12:24,698] {processor.py:153} INFO - Started process (PID=203844) to work on /home/ubuntu/airflow/airflow_env/lib/python3.8/site-packages/airflow/example_dags/example_trigger_controller_dag.py
[2022-10-11 11:12:24,699] {processor.py:641} INFO - Processing file /home/ubuntu/airflow/airflow_env/lib/python3.8/site-packages/airflow/example_dags/example_trigger_controller_dag.py for tasks to queue
[2022-10-11 11:12:24,699] {logging_mixin.py:115} INFO - [2022-10-11 11:12:24,699] {dagbag.py:507} INFO - Filling up the DagBag from /home/ubuntu/airflow/airflow_env/lib/python3.8/site-packages/airflow/example_dags/example_trigger_controller_dag.py
[2022-10-11 11:12:24,704] {processor.py:651} INFO - DAG(s) dict_keys(['example_trigger_controller_dag']) retrieved from /home/ubuntu/airflow/airflow_env/lib/python3.8/site-packages/airflow/example_dags/example_trigger_controller_dag.py
[2022-10-11 11:12:24,726] {logging_mixin.py:115} INFO - [2022-10-11 11:12:24,726] {dag.py:2379} INFO - Sync 1 DAGs
[2022-10-11 11:12:24,746] {logging_mixin.py:115} INFO - [2022-10-11 11:12:24,746] {dag.py:2927} INFO - Setting next_dagrun for example_trigger_controller_dag to 2021-01-01T00:00:00+00:00, run_after=2021-01-01T00:00:00+00:00
[2022-10-11 11:12:24,765] {processor.py:161} INFO - Processing /home/ubuntu/airflow/airflow_env/lib/python3.8/site-packages/airflow/example_dags/example_trigger_controller_dag.py took 0.071 seconds
[2022-10-11 11:12:59,329] {processor.py:153} INFO - Started process (PID=204001) to work on /home/ubuntu/airflow/airflow_env/lib/python3.8/site-packages/airflow/example_dags/example_trigger_controller_dag.py
[2022-10-11 11:12:59,330] {processor.py:641} INFO - Processing file /home/ubuntu/airflow/airflow_env/lib/python3.8/site-packages/airflow/example_dags/example_trigger_controller_dag.py for tasks to queue
[2022-10-11 11:12:59,332] {logging_mixin.py:115} INFO - [2022-10-11 11:12:59,331] {dagbag.py:507} INFO - Filling up the DagBag from /home/ubuntu/airflow/airflow_env/lib/python3.8/site-packages/airflow/example_dags/example_trigger_controller_dag.py
[2022-10-11 11:12:59,337] {processor.py:651} INFO - DAG(s) dict_keys(['example_trigger_controller_dag']) retrieved from /home/ubuntu/airflow/airflow_env/lib/python3.8/site-packages/airflow/example_dags/example_trigger_controller_dag.py
[2022-10-11 11:12:59,358] {logging_mixin.py:115} INFO - [2022-10-11 11:12:59,357] {dag.py:2379} INFO - Sync 1 DAGs
[2022-10-11 11:12:59,374] {logging_mixin.py:115} INFO - [2022-10-11 11:12:59,373] {dag.py:2927} INFO - Setting next_dagrun for example_trigger_controller_dag to 2021-01-01T00:00:00+00:00, run_after=2021-01-01T00:00:00+00:00
[2022-10-11 11:12:59,388] {processor.py:161} INFO - Processing /home/ubuntu/airflow/airflow_env/lib/python3.8/site-packages/airflow/example_dags/example_trigger_controller_dag.py took 0.070 seconds
[2022-10-11 11:13:39,084] {processor.py:153} INFO - Started process (PID=211114) to work on /home/ubuntu/airflow/airflow_env/lib/python3.8/site-packages/airflow/example_dags/example_trigger_controller_dag.py
[2022-10-11 11:13:39,090] {processor.py:641} INFO - Processing file /home/ubuntu/airflow/airflow_env/lib/python3.8/site-packages/airflow/example_dags/example_trigger_controller_dag.py for tasks to queue
[2022-10-11 11:13:39,091] {logging_mixin.py:115} INFO - [2022-10-11 11:13:39,090] {dagbag.py:507} INFO - Filling up the DagBag from /home/ubuntu/airflow/airflow_env/lib/python3.8/site-packages/airflow/example_dags/example_trigger_controller_dag.py
[2022-10-11 11:13:39,101] {processor.py:651} INFO - DAG(s) dict_keys(['example_trigger_controller_dag']) retrieved from /home/ubuntu/airflow/airflow_env/lib/python3.8/site-packages/airflow/example_dags/example_trigger_controller_dag.py
[2022-10-11 11:13:39,611] {logging_mixin.py:115} INFO - [2022-10-11 11:13:39,610] {dag.py:2379} INFO - Sync 1 DAGs
[2022-10-11 11:13:40,099] {logging_mixin.py:115} INFO - [2022-10-11 11:13:40,095] {dag.py:2927} INFO - Setting next_dagrun for example_trigger_controller_dag to 2021-01-01T00:00:00+00:00, run_after=2021-01-01T00:00:00+00:00
[2022-10-11 11:13:40,243] {processor.py:161} INFO - Processing /home/ubuntu/airflow/airflow_env/lib/python3.8/site-packages/airflow/example_dags/example_trigger_controller_dag.py took 1.169 seconds
[2022-10-11 11:14:15,982] {processor.py:153} INFO - Started process (PID=212178) to work on /home/ubuntu/airflow/airflow_env/lib/python3.8/site-packages/airflow/example_dags/example_trigger_controller_dag.py
[2022-10-11 11:14:15,983] {processor.py:641} INFO - Processing file /home/ubuntu/airflow/airflow_env/lib/python3.8/site-packages/airflow/example_dags/example_trigger_controller_dag.py for tasks to queue
[2022-10-11 11:14:15,984] {logging_mixin.py:115} INFO - [2022-10-11 11:14:15,984] {dagbag.py:507} INFO - Filling up the DagBag from /home/ubuntu/airflow/airflow_env/lib/python3.8/site-packages/airflow/example_dags/example_trigger_controller_dag.py
[2022-10-11 11:14:15,990] {processor.py:651} INFO - DAG(s) dict_keys(['example_trigger_controller_dag']) retrieved from /home/ubuntu/airflow/airflow_env/lib/python3.8/site-packages/airflow/example_dags/example_trigger_controller_dag.py
[2022-10-11 11:14:16,018] {logging_mixin.py:115} INFO - [2022-10-11 11:14:16,018] {dag.py:2379} INFO - Sync 1 DAGs
[2022-10-11 11:14:16,036] {logging_mixin.py:115} INFO - [2022-10-11 11:14:16,036] {dag.py:2927} INFO - Setting next_dagrun for example_trigger_controller_dag to 2021-01-01T00:00:00+00:00, run_after=2021-01-01T00:00:00+00:00
[2022-10-11 11:14:16,051] {processor.py:161} INFO - Processing /home/ubuntu/airflow/airflow_env/lib/python3.8/site-packages/airflow/example_dags/example_trigger_controller_dag.py took 0.074 seconds
[2022-10-11 11:14:48,202] {processor.py:153} INFO - Started process (PID=212268) to work on /home/ubuntu/airflow/airflow_env/lib/python3.8/site-packages/airflow/example_dags/example_trigger_controller_dag.py
[2022-10-11 11:14:48,203] {processor.py:641} INFO - Processing file /home/ubuntu/airflow/airflow_env/lib/python3.8/site-packages/airflow/example_dags/example_trigger_controller_dag.py for tasks to queue
[2022-10-11 11:14:48,204] {logging_mixin.py:115} INFO - [2022-10-11 11:14:48,204] {dagbag.py:507} INFO - Filling up the DagBag from /home/ubuntu/airflow/airflow_env/lib/python3.8/site-packages/airflow/example_dags/example_trigger_controller_dag.py
[2022-10-11 11:14:48,208] {processor.py:651} INFO - DAG(s) dict_keys(['example_trigger_controller_dag']) retrieved from /home/ubuntu/airflow/airflow_env/lib/python3.8/site-packages/airflow/example_dags/example_trigger_controller_dag.py
[2022-10-11 11:14:48,234] {logging_mixin.py:115} INFO - [2022-10-11 11:14:48,234] {dag.py:2379} INFO - Sync 1 DAGs
[2022-10-11 11:14:48,254] {logging_mixin.py:115} INFO - [2022-10-11 11:14:48,254] {dag.py:2927} INFO - Setting next_dagrun for example_trigger_controller_dag to 2021-01-01T00:00:00+00:00, run_after=2021-01-01T00:00:00+00:00
[2022-10-11 11:14:48,270] {processor.py:161} INFO - Processing /home/ubuntu/airflow/airflow_env/lib/python3.8/site-packages/airflow/example_dags/example_trigger_controller_dag.py took 0.073 seconds
[2022-10-11 11:15:23,744] {processor.py:153} INFO - Started process (PID=212331) to work on /home/ubuntu/airflow/airflow_env/lib/python3.8/site-packages/airflow/example_dags/example_trigger_controller_dag.py
[2022-10-11 11:15:23,745] {processor.py:641} INFO - Processing file /home/ubuntu/airflow/airflow_env/lib/python3.8/site-packages/airflow/example_dags/example_trigger_controller_dag.py for tasks to queue
[2022-10-11 11:15:23,745] {logging_mixin.py:115} INFO - [2022-10-11 11:15:23,745] {dagbag.py:507} INFO - Filling up the DagBag from /home/ubuntu/airflow/airflow_env/lib/python3.8/site-packages/airflow/example_dags/example_trigger_controller_dag.py
[2022-10-11 11:15:23,750] {processor.py:651} INFO - DAG(s) dict_keys(['example_trigger_controller_dag']) retrieved from /home/ubuntu/airflow/airflow_env/lib/python3.8/site-packages/airflow/example_dags/example_trigger_controller_dag.py
[2022-10-11 11:15:23,770] {logging_mixin.py:115} INFO - [2022-10-11 11:15:23,770] {dag.py:2379} INFO - Sync 1 DAGs
[2022-10-11 11:15:23,786] {logging_mixin.py:115} INFO - [2022-10-11 11:15:23,786] {dag.py:2927} INFO - Setting next_dagrun for example_trigger_controller_dag to 2021-01-01T00:00:00+00:00, run_after=2021-01-01T00:00:00+00:00
[2022-10-11 11:15:23,798] {processor.py:161} INFO - Processing /home/ubuntu/airflow/airflow_env/lib/python3.8/site-packages/airflow/example_dags/example_trigger_controller_dag.py took 0.058 seconds
[2022-10-11 11:15:55,775] {processor.py:153} INFO - Started process (PID=212386) to work on /home/ubuntu/airflow/airflow_env/lib/python3.8/site-packages/airflow/example_dags/example_trigger_controller_dag.py
[2022-10-11 11:15:55,776] {processor.py:641} INFO - Processing file /home/ubuntu/airflow/airflow_env/lib/python3.8/site-packages/airflow/example_dags/example_trigger_controller_dag.py for tasks to queue
[2022-10-11 11:15:55,777] {logging_mixin.py:115} INFO - [2022-10-11 11:15:55,777] {dagbag.py:507} INFO - Filling up the DagBag from /home/ubuntu/airflow/airflow_env/lib/python3.8/site-packages/airflow/example_dags/example_trigger_controller_dag.py
[2022-10-11 11:15:55,781] {processor.py:651} INFO - DAG(s) dict_keys(['example_trigger_controller_dag']) retrieved from /home/ubuntu/airflow/airflow_env/lib/python3.8/site-packages/airflow/example_dags/example_trigger_controller_dag.py
[2022-10-11 11:15:55,803] {logging_mixin.py:115} INFO - [2022-10-11 11:15:55,803] {dag.py:2379} INFO - Sync 1 DAGs
[2022-10-11 11:15:55,819] {logging_mixin.py:115} INFO - [2022-10-11 11:15:55,819] {dag.py:2927} INFO - Setting next_dagrun for example_trigger_controller_dag to 2021-01-01T00:00:00+00:00, run_after=2021-01-01T00:00:00+00:00
[2022-10-11 11:15:55,831] {processor.py:161} INFO - Processing /home/ubuntu/airflow/airflow_env/lib/python3.8/site-packages/airflow/example_dags/example_trigger_controller_dag.py took 0.061 seconds
[2022-10-11 11:16:28,986] {processor.py:153} INFO - Started process (PID=212442) to work on /home/ubuntu/airflow/airflow_env/lib/python3.8/site-packages/airflow/example_dags/example_trigger_controller_dag.py
[2022-10-11 11:16:28,987] {processor.py:641} INFO - Processing file /home/ubuntu/airflow/airflow_env/lib/python3.8/site-packages/airflow/example_dags/example_trigger_controller_dag.py for tasks to queue
[2022-10-11 11:16:28,987] {logging_mixin.py:115} INFO - [2022-10-11 11:16:28,987] {dagbag.py:507} INFO - Filling up the DagBag from /home/ubuntu/airflow/airflow_env/lib/python3.8/site-packages/airflow/example_dags/example_trigger_controller_dag.py
[2022-10-11 11:16:28,992] {processor.py:651} INFO - DAG(s) dict_keys(['example_trigger_controller_dag']) retrieved from /home/ubuntu/airflow/airflow_env/lib/python3.8/site-packages/airflow/example_dags/example_trigger_controller_dag.py
[2022-10-11 11:16:29,012] {logging_mixin.py:115} INFO - [2022-10-11 11:16:29,012] {dag.py:2379} INFO - Sync 1 DAGs
[2022-10-11 11:16:29,028] {logging_mixin.py:115} INFO - [2022-10-11 11:16:29,028] {dag.py:2927} INFO - Setting next_dagrun for example_trigger_controller_dag to 2021-01-01T00:00:00+00:00, run_after=2021-01-01T00:00:00+00:00
[2022-10-11 11:16:29,040] {processor.py:161} INFO - Processing /home/ubuntu/airflow/airflow_env/lib/python3.8/site-packages/airflow/example_dags/example_trigger_controller_dag.py took 0.058 seconds
[2022-10-11 11:17:02,754] {processor.py:153} INFO - Started process (PID=212789) to work on /home/ubuntu/airflow/airflow_env/lib/python3.8/site-packages/airflow/example_dags/example_trigger_controller_dag.py
[2022-10-11 11:17:02,755] {processor.py:641} INFO - Processing file /home/ubuntu/airflow/airflow_env/lib/python3.8/site-packages/airflow/example_dags/example_trigger_controller_dag.py for tasks to queue
[2022-10-11 11:17:02,756] {logging_mixin.py:115} INFO - [2022-10-11 11:17:02,755] {dagbag.py:507} INFO - Filling up the DagBag from /home/ubuntu/airflow/airflow_env/lib/python3.8/site-packages/airflow/example_dags/example_trigger_controller_dag.py
[2022-10-11 11:17:02,760] {processor.py:651} INFO - DAG(s) dict_keys(['example_trigger_controller_dag']) retrieved from /home/ubuntu/airflow/airflow_env/lib/python3.8/site-packages/airflow/example_dags/example_trigger_controller_dag.py
[2022-10-11 11:17:02,784] {logging_mixin.py:115} INFO - [2022-10-11 11:17:02,783] {dag.py:2379} INFO - Sync 1 DAGs
[2022-10-11 11:17:02,803] {logging_mixin.py:115} INFO - [2022-10-11 11:17:02,803] {dag.py:2927} INFO - Setting next_dagrun for example_trigger_controller_dag to 2021-01-01T00:00:00+00:00, run_after=2021-01-01T00:00:00+00:00
[2022-10-11 11:17:02,816] {processor.py:161} INFO - Processing /home/ubuntu/airflow/airflow_env/lib/python3.8/site-packages/airflow/example_dags/example_trigger_controller_dag.py took 0.069 seconds
[2022-10-11 11:17:37,153] {processor.py:153} INFO - Started process (PID=212867) to work on /home/ubuntu/airflow/airflow_env/lib/python3.8/site-packages/airflow/example_dags/example_trigger_controller_dag.py
[2022-10-11 11:17:37,154] {processor.py:641} INFO - Processing file /home/ubuntu/airflow/airflow_env/lib/python3.8/site-packages/airflow/example_dags/example_trigger_controller_dag.py for tasks to queue
[2022-10-11 11:17:37,155] {logging_mixin.py:115} INFO - [2022-10-11 11:17:37,155] {dagbag.py:507} INFO - Filling up the DagBag from /home/ubuntu/airflow/airflow_env/lib/python3.8/site-packages/airflow/example_dags/example_trigger_controller_dag.py
[2022-10-11 11:17:37,159] {processor.py:651} INFO - DAG(s) dict_keys(['example_trigger_controller_dag']) retrieved from /home/ubuntu/airflow/airflow_env/lib/python3.8/site-packages/airflow/example_dags/example_trigger_controller_dag.py
[2022-10-11 11:17:37,181] {logging_mixin.py:115} INFO - [2022-10-11 11:17:37,180] {dag.py:2379} INFO - Sync 1 DAGs
[2022-10-11 11:17:37,198] {logging_mixin.py:115} INFO - [2022-10-11 11:17:37,198] {dag.py:2927} INFO - Setting next_dagrun for example_trigger_controller_dag to 2021-01-01T00:00:00+00:00, run_after=2021-01-01T00:00:00+00:00
[2022-10-11 11:17:37,210] {processor.py:161} INFO - Processing /home/ubuntu/airflow/airflow_env/lib/python3.8/site-packages/airflow/example_dags/example_trigger_controller_dag.py took 0.062 seconds
[2022-10-11 11:18:10,980] {processor.py:153} INFO - Started process (PID=212946) to work on /home/ubuntu/airflow/airflow_env/lib/python3.8/site-packages/airflow/example_dags/example_trigger_controller_dag.py
[2022-10-11 11:18:10,982] {processor.py:641} INFO - Processing file /home/ubuntu/airflow/airflow_env/lib/python3.8/site-packages/airflow/example_dags/example_trigger_controller_dag.py for tasks to queue
[2022-10-11 11:18:10,983] {logging_mixin.py:115} INFO - [2022-10-11 11:18:10,983] {dagbag.py:507} INFO - Filling up the DagBag from /home/ubuntu/airflow/airflow_env/lib/python3.8/site-packages/airflow/example_dags/example_trigger_controller_dag.py
[2022-10-11 11:18:10,987] {processor.py:651} INFO - DAG(s) dict_keys(['example_trigger_controller_dag']) retrieved from /home/ubuntu/airflow/airflow_env/lib/python3.8/site-packages/airflow/example_dags/example_trigger_controller_dag.py
[2022-10-11 11:18:11,011] {logging_mixin.py:115} INFO - [2022-10-11 11:18:11,010] {dag.py:2379} INFO - Sync 1 DAGs
[2022-10-11 11:18:11,038] {logging_mixin.py:115} INFO - [2022-10-11 11:18:11,038] {dag.py:2927} INFO - Setting next_dagrun for example_trigger_controller_dag to 2021-01-01T00:00:00+00:00, run_after=2021-01-01T00:00:00+00:00
[2022-10-11 11:18:11,050] {processor.py:161} INFO - Processing /home/ubuntu/airflow/airflow_env/lib/python3.8/site-packages/airflow/example_dags/example_trigger_controller_dag.py took 0.075 seconds
[2022-10-11 11:18:43,111] {processor.py:153} INFO - Started process (PID=213007) to work on /home/ubuntu/airflow/airflow_env/lib/python3.8/site-packages/airflow/example_dags/example_trigger_controller_dag.py
[2022-10-11 11:18:43,112] {processor.py:641} INFO - Processing file /home/ubuntu/airflow/airflow_env/lib/python3.8/site-packages/airflow/example_dags/example_trigger_controller_dag.py for tasks to queue
[2022-10-11 11:18:43,113] {logging_mixin.py:115} INFO - [2022-10-11 11:18:43,113] {dagbag.py:507} INFO - Filling up the DagBag from /home/ubuntu/airflow/airflow_env/lib/python3.8/site-packages/airflow/example_dags/example_trigger_controller_dag.py
[2022-10-11 11:18:43,124] {processor.py:651} INFO - DAG(s) dict_keys(['example_trigger_controller_dag']) retrieved from /home/ubuntu/airflow/airflow_env/lib/python3.8/site-packages/airflow/example_dags/example_trigger_controller_dag.py
[2022-10-11 11:18:43,159] {logging_mixin.py:115} INFO - [2022-10-11 11:18:43,159] {dag.py:2379} INFO - Sync 1 DAGs
[2022-10-11 11:18:43,186] {logging_mixin.py:115} INFO - [2022-10-11 11:18:43,186] {dag.py:2927} INFO - Setting next_dagrun for example_trigger_controller_dag to 2021-01-01T00:00:00+00:00, run_after=2021-01-01T00:00:00+00:00
[2022-10-11 11:18:43,212] {processor.py:161} INFO - Processing /home/ubuntu/airflow/airflow_env/lib/python3.8/site-packages/airflow/example_dags/example_trigger_controller_dag.py took 0.107 seconds
[2022-10-11 11:19:17,637] {processor.py:153} INFO - Started process (PID=213161) to work on /home/ubuntu/airflow/airflow_env/lib/python3.8/site-packages/airflow/example_dags/example_trigger_controller_dag.py
[2022-10-11 11:19:17,638] {processor.py:641} INFO - Processing file /home/ubuntu/airflow/airflow_env/lib/python3.8/site-packages/airflow/example_dags/example_trigger_controller_dag.py for tasks to queue
[2022-10-11 11:19:17,639] {logging_mixin.py:115} INFO - [2022-10-11 11:19:17,638] {dagbag.py:507} INFO - Filling up the DagBag from /home/ubuntu/airflow/airflow_env/lib/python3.8/site-packages/airflow/example_dags/example_trigger_controller_dag.py
[2022-10-11 11:19:17,643] {processor.py:651} INFO - DAG(s) dict_keys(['example_trigger_controller_dag']) retrieved from /home/ubuntu/airflow/airflow_env/lib/python3.8/site-packages/airflow/example_dags/example_trigger_controller_dag.py
[2022-10-11 11:19:17,668] {logging_mixin.py:115} INFO - [2022-10-11 11:19:17,668] {dag.py:2379} INFO - Sync 1 DAGs
[2022-10-11 11:19:17,688] {logging_mixin.py:115} INFO - [2022-10-11 11:19:17,688] {dag.py:2927} INFO - Setting next_dagrun for example_trigger_controller_dag to 2021-01-01T00:00:00+00:00, run_after=2021-01-01T00:00:00+00:00
[2022-10-11 11:19:17,704] {processor.py:161} INFO - Processing /home/ubuntu/airflow/airflow_env/lib/python3.8/site-packages/airflow/example_dags/example_trigger_controller_dag.py took 0.072 seconds
[2022-10-11 11:19:49,550] {processor.py:153} INFO - Started process (PID=213273) to work on /home/ubuntu/airflow/airflow_env/lib/python3.8/site-packages/airflow/example_dags/example_trigger_controller_dag.py
[2022-10-11 11:19:49,551] {processor.py:641} INFO - Processing file /home/ubuntu/airflow/airflow_env/lib/python3.8/site-packages/airflow/example_dags/example_trigger_controller_dag.py for tasks to queue
[2022-10-11 11:19:49,553] {logging_mixin.py:115} INFO - [2022-10-11 11:19:49,552] {dagbag.py:507} INFO - Filling up the DagBag from /home/ubuntu/airflow/airflow_env/lib/python3.8/site-packages/airflow/example_dags/example_trigger_controller_dag.py
[2022-10-11 11:19:49,560] {processor.py:651} INFO - DAG(s) dict_keys(['example_trigger_controller_dag']) retrieved from /home/ubuntu/airflow/airflow_env/lib/python3.8/site-packages/airflow/example_dags/example_trigger_controller_dag.py
[2022-10-11 11:19:49,586] {logging_mixin.py:115} INFO - [2022-10-11 11:19:49,586] {dag.py:2379} INFO - Sync 1 DAGs
[2022-10-11 11:19:49,606] {logging_mixin.py:115} INFO - [2022-10-11 11:19:49,606] {dag.py:2927} INFO - Setting next_dagrun for example_trigger_controller_dag to 2021-01-01T00:00:00+00:00, run_after=2021-01-01T00:00:00+00:00
[2022-10-11 11:19:49,630] {processor.py:161} INFO - Processing /home/ubuntu/airflow/airflow_env/lib/python3.8/site-packages/airflow/example_dags/example_trigger_controller_dag.py took 0.086 seconds
[2022-10-11 11:20:23,408] {processor.py:153} INFO - Started process (PID=213333) to work on /home/ubuntu/airflow/airflow_env/lib/python3.8/site-packages/airflow/example_dags/example_trigger_controller_dag.py
[2022-10-11 11:20:23,409] {processor.py:641} INFO - Processing file /home/ubuntu/airflow/airflow_env/lib/python3.8/site-packages/airflow/example_dags/example_trigger_controller_dag.py for tasks to queue
[2022-10-11 11:20:23,410] {logging_mixin.py:115} INFO - [2022-10-11 11:20:23,409] {dagbag.py:507} INFO - Filling up the DagBag from /home/ubuntu/airflow/airflow_env/lib/python3.8/site-packages/airflow/example_dags/example_trigger_controller_dag.py
[2022-10-11 11:20:23,414] {processor.py:651} INFO - DAG(s) dict_keys(['example_trigger_controller_dag']) retrieved from /home/ubuntu/airflow/airflow_env/lib/python3.8/site-packages/airflow/example_dags/example_trigger_controller_dag.py
[2022-10-11 11:20:23,440] {logging_mixin.py:115} INFO - [2022-10-11 11:20:23,440] {dag.py:2379} INFO - Sync 1 DAGs
[2022-10-11 11:20:23,459] {logging_mixin.py:115} INFO - [2022-10-11 11:20:23,458] {dag.py:2927} INFO - Setting next_dagrun for example_trigger_controller_dag to 2021-01-01T00:00:00+00:00, run_after=2021-01-01T00:00:00+00:00
[2022-10-11 11:20:23,473] {processor.py:161} INFO - Processing /home/ubuntu/airflow/airflow_env/lib/python3.8/site-packages/airflow/example_dags/example_trigger_controller_dag.py took 0.070 seconds
[2022-10-11 11:20:55,462] {processor.py:153} INFO - Started process (PID=213390) to work on /home/ubuntu/airflow/airflow_env/lib/python3.8/site-packages/airflow/example_dags/example_trigger_controller_dag.py
[2022-10-11 11:20:55,463] {processor.py:641} INFO - Processing file /home/ubuntu/airflow/airflow_env/lib/python3.8/site-packages/airflow/example_dags/example_trigger_controller_dag.py for tasks to queue
[2022-10-11 11:20:55,464] {logging_mixin.py:115} INFO - [2022-10-11 11:20:55,464] {dagbag.py:507} INFO - Filling up the DagBag from /home/ubuntu/airflow/airflow_env/lib/python3.8/site-packages/airflow/example_dags/example_trigger_controller_dag.py
[2022-10-11 11:20:55,469] {processor.py:651} INFO - DAG(s) dict_keys(['example_trigger_controller_dag']) retrieved from /home/ubuntu/airflow/airflow_env/lib/python3.8/site-packages/airflow/example_dags/example_trigger_controller_dag.py
[2022-10-11 11:20:55,490] {logging_mixin.py:115} INFO - [2022-10-11 11:20:55,490] {dag.py:2379} INFO - Sync 1 DAGs
[2022-10-11 11:20:55,509] {logging_mixin.py:115} INFO - [2022-10-11 11:20:55,508] {dag.py:2927} INFO - Setting next_dagrun for example_trigger_controller_dag to 2021-01-01T00:00:00+00:00, run_after=2021-01-01T00:00:00+00:00
[2022-10-11 11:20:55,522] {processor.py:161} INFO - Processing /home/ubuntu/airflow/airflow_env/lib/python3.8/site-packages/airflow/example_dags/example_trigger_controller_dag.py took 0.064 seconds
[2022-10-11 11:21:27,632] {processor.py:153} INFO - Started process (PID=213448) to work on /home/ubuntu/airflow/airflow_env/lib/python3.8/site-packages/airflow/example_dags/example_trigger_controller_dag.py
[2022-10-11 11:21:27,633] {processor.py:641} INFO - Processing file /home/ubuntu/airflow/airflow_env/lib/python3.8/site-packages/airflow/example_dags/example_trigger_controller_dag.py for tasks to queue
[2022-10-11 11:21:27,634] {logging_mixin.py:115} INFO - [2022-10-11 11:21:27,634] {dagbag.py:507} INFO - Filling up the DagBag from /home/ubuntu/airflow/airflow_env/lib/python3.8/site-packages/airflow/example_dags/example_trigger_controller_dag.py
[2022-10-11 11:21:27,638] {processor.py:651} INFO - DAG(s) dict_keys(['example_trigger_controller_dag']) retrieved from /home/ubuntu/airflow/airflow_env/lib/python3.8/site-packages/airflow/example_dags/example_trigger_controller_dag.py
[2022-10-11 11:21:27,664] {logging_mixin.py:115} INFO - [2022-10-11 11:21:27,664] {dag.py:2379} INFO - Sync 1 DAGs
[2022-10-11 11:21:27,682] {logging_mixin.py:115} INFO - [2022-10-11 11:21:27,682] {dag.py:2927} INFO - Setting next_dagrun for example_trigger_controller_dag to 2021-01-01T00:00:00+00:00, run_after=2021-01-01T00:00:00+00:00
[2022-10-11 11:21:27,698] {processor.py:161} INFO - Processing /home/ubuntu/airflow/airflow_env/lib/python3.8/site-packages/airflow/example_dags/example_trigger_controller_dag.py took 0.070 seconds
