[2022-10-11 11:02:09,920] {processor.py:153} INFO - Started process (PID=202508) to work on /home/ubuntu/airflow/airflow_env/lib/python3.8/site-packages/airflow/example_dags/example_branch_datetime_operator.py
[2022-10-11 11:02:09,921] {processor.py:641} INFO - Processing file /home/ubuntu/airflow/airflow_env/lib/python3.8/site-packages/airflow/example_dags/example_branch_datetime_operator.py for tasks to queue
[2022-10-11 11:02:09,922] {logging_mixin.py:115} INFO - [2022-10-11 11:02:09,922] {dagbag.py:507} INFO - Filling up the DagBag from /home/ubuntu/airflow/airflow_env/lib/python3.8/site-packages/airflow/example_dags/example_branch_datetime_operator.py
[2022-10-11 11:02:09,933] {processor.py:651} INFO - DAG(s) dict_keys(['example_branch_datetime_operator_2']) retrieved from /home/ubuntu/airflow/airflow_env/lib/python3.8/site-packages/airflow/example_dags/example_branch_datetime_operator.py
[2022-10-11 11:02:09,957] {logging_mixin.py:115} INFO - [2022-10-11 11:02:09,957] {dag.py:2379} INFO - Sync 1 DAGs
[2022-10-11 11:02:09,980] {logging_mixin.py:115} INFO - [2022-10-11 11:02:09,980] {dag.py:2927} INFO - Setting next_dagrun for example_branch_datetime_operator_2 to 2022-10-10T00:00:00+00:00, run_after=2022-10-11T00:00:00+00:00
[2022-10-11 11:02:09,995] {processor.py:161} INFO - Processing /home/ubuntu/airflow/airflow_env/lib/python3.8/site-packages/airflow/example_dags/example_branch_datetime_operator.py took 0.080 seconds
[2022-10-11 11:02:45,998] {processor.py:153} INFO - Started process (PID=202568) to work on /home/ubuntu/airflow/airflow_env/lib/python3.8/site-packages/airflow/example_dags/example_branch_datetime_operator.py
[2022-10-11 11:02:45,999] {processor.py:641} INFO - Processing file /home/ubuntu/airflow/airflow_env/lib/python3.8/site-packages/airflow/example_dags/example_branch_datetime_operator.py for tasks to queue
[2022-10-11 11:02:46,000] {logging_mixin.py:115} INFO - [2022-10-11 11:02:46,000] {dagbag.py:507} INFO - Filling up the DagBag from /home/ubuntu/airflow/airflow_env/lib/python3.8/site-packages/airflow/example_dags/example_branch_datetime_operator.py
[2022-10-11 11:02:46,010] {processor.py:651} INFO - DAG(s) dict_keys(['example_branch_datetime_operator_2']) retrieved from /home/ubuntu/airflow/airflow_env/lib/python3.8/site-packages/airflow/example_dags/example_branch_datetime_operator.py
[2022-10-11 11:02:46,033] {logging_mixin.py:115} INFO - [2022-10-11 11:02:46,033] {dag.py:2379} INFO - Sync 1 DAGs
[2022-10-11 11:02:46,051] {logging_mixin.py:115} INFO - [2022-10-11 11:02:46,051] {dag.py:2927} INFO - Setting next_dagrun for example_branch_datetime_operator_2 to 2022-10-10T00:00:00+00:00, run_after=2022-10-11T00:00:00+00:00
[2022-10-11 11:02:46,064] {processor.py:161} INFO - Processing /home/ubuntu/airflow/airflow_env/lib/python3.8/site-packages/airflow/example_dags/example_branch_datetime_operator.py took 0.070 seconds
[2022-10-11 11:03:20,891] {processor.py:153} INFO - Started process (PID=202628) to work on /home/ubuntu/airflow/airflow_env/lib/python3.8/site-packages/airflow/example_dags/example_branch_datetime_operator.py
[2022-10-11 11:03:20,892] {processor.py:641} INFO - Processing file /home/ubuntu/airflow/airflow_env/lib/python3.8/site-packages/airflow/example_dags/example_branch_datetime_operator.py for tasks to queue
[2022-10-11 11:03:20,892] {logging_mixin.py:115} INFO - [2022-10-11 11:03:20,892] {dagbag.py:507} INFO - Filling up the DagBag from /home/ubuntu/airflow/airflow_env/lib/python3.8/site-packages/airflow/example_dags/example_branch_datetime_operator.py
[2022-10-11 11:03:20,904] {processor.py:651} INFO - DAG(s) dict_keys(['example_branch_datetime_operator_2']) retrieved from /home/ubuntu/airflow/airflow_env/lib/python3.8/site-packages/airflow/example_dags/example_branch_datetime_operator.py
[2022-10-11 11:03:20,934] {logging_mixin.py:115} INFO - [2022-10-11 11:03:20,934] {dag.py:2379} INFO - Sync 1 DAGs
[2022-10-11 11:03:20,957] {logging_mixin.py:115} INFO - [2022-10-11 11:03:20,957] {dag.py:2927} INFO - Setting next_dagrun for example_branch_datetime_operator_2 to 2022-10-10T00:00:00+00:00, run_after=2022-10-11T00:00:00+00:00
[2022-10-11 11:03:20,973] {processor.py:161} INFO - Processing /home/ubuntu/airflow/airflow_env/lib/python3.8/site-packages/airflow/example_dags/example_branch_datetime_operator.py took 0.089 seconds
[2022-10-11 11:03:54,583] {processor.py:153} INFO - Started process (PID=202718) to work on /home/ubuntu/airflow/airflow_env/lib/python3.8/site-packages/airflow/example_dags/example_branch_datetime_operator.py
[2022-10-11 11:03:54,584] {processor.py:641} INFO - Processing file /home/ubuntu/airflow/airflow_env/lib/python3.8/site-packages/airflow/example_dags/example_branch_datetime_operator.py for tasks to queue
[2022-10-11 11:03:54,585] {logging_mixin.py:115} INFO - [2022-10-11 11:03:54,585] {dagbag.py:507} INFO - Filling up the DagBag from /home/ubuntu/airflow/airflow_env/lib/python3.8/site-packages/airflow/example_dags/example_branch_datetime_operator.py
[2022-10-11 11:03:54,594] {processor.py:651} INFO - DAG(s) dict_keys(['example_branch_datetime_operator_2']) retrieved from /home/ubuntu/airflow/airflow_env/lib/python3.8/site-packages/airflow/example_dags/example_branch_datetime_operator.py
[2022-10-11 11:03:54,617] {logging_mixin.py:115} INFO - [2022-10-11 11:03:54,616] {dag.py:2379} INFO - Sync 1 DAGs
[2022-10-11 11:03:54,635] {logging_mixin.py:115} INFO - [2022-10-11 11:03:54,635] {dag.py:2927} INFO - Setting next_dagrun for example_branch_datetime_operator_2 to 2022-10-10T00:00:00+00:00, run_after=2022-10-11T00:00:00+00:00
[2022-10-11 11:03:54,652] {processor.py:161} INFO - Processing /home/ubuntu/airflow/airflow_env/lib/python3.8/site-packages/airflow/example_dags/example_branch_datetime_operator.py took 0.073 seconds
[2022-10-11 11:04:32,942] {processor.py:153} INFO - Started process (PID=202827) to work on /home/ubuntu/airflow/airflow_env/lib/python3.8/site-packages/airflow/example_dags/example_branch_datetime_operator.py
[2022-10-11 11:04:32,943] {processor.py:641} INFO - Processing file /home/ubuntu/airflow/airflow_env/lib/python3.8/site-packages/airflow/example_dags/example_branch_datetime_operator.py for tasks to queue
[2022-10-11 11:04:32,944] {logging_mixin.py:115} INFO - [2022-10-11 11:04:32,944] {dagbag.py:507} INFO - Filling up the DagBag from /home/ubuntu/airflow/airflow_env/lib/python3.8/site-packages/airflow/example_dags/example_branch_datetime_operator.py
[2022-10-11 11:04:32,954] {processor.py:651} INFO - DAG(s) dict_keys(['example_branch_datetime_operator_2']) retrieved from /home/ubuntu/airflow/airflow_env/lib/python3.8/site-packages/airflow/example_dags/example_branch_datetime_operator.py
[2022-10-11 11:04:32,978] {logging_mixin.py:115} INFO - [2022-10-11 11:04:32,978] {dag.py:2379} INFO - Sync 1 DAGs
[2022-10-11 11:04:32,996] {logging_mixin.py:115} INFO - [2022-10-11 11:04:32,996] {dag.py:2927} INFO - Setting next_dagrun for example_branch_datetime_operator_2 to 2022-10-10T00:00:00+00:00, run_after=2022-10-11T00:00:00+00:00
[2022-10-11 11:04:33,009] {processor.py:161} INFO - Processing /home/ubuntu/airflow/airflow_env/lib/python3.8/site-packages/airflow/example_dags/example_branch_datetime_operator.py took 0.071 seconds
[2022-10-11 11:05:11,346] {processor.py:153} INFO - Started process (PID=202897) to work on /home/ubuntu/airflow/airflow_env/lib/python3.8/site-packages/airflow/example_dags/example_branch_datetime_operator.py
[2022-10-11 11:05:11,348] {processor.py:641} INFO - Processing file /home/ubuntu/airflow/airflow_env/lib/python3.8/site-packages/airflow/example_dags/example_branch_datetime_operator.py for tasks to queue
[2022-10-11 11:05:11,348] {logging_mixin.py:115} INFO - [2022-10-11 11:05:11,348] {dagbag.py:507} INFO - Filling up the DagBag from /home/ubuntu/airflow/airflow_env/lib/python3.8/site-packages/airflow/example_dags/example_branch_datetime_operator.py
[2022-10-11 11:05:11,359] {processor.py:651} INFO - DAG(s) dict_keys(['example_branch_datetime_operator_2']) retrieved from /home/ubuntu/airflow/airflow_env/lib/python3.8/site-packages/airflow/example_dags/example_branch_datetime_operator.py
[2022-10-11 11:05:11,389] {logging_mixin.py:115} INFO - [2022-10-11 11:05:11,389] {dag.py:2379} INFO - Sync 1 DAGs
[2022-10-11 11:05:11,410] {logging_mixin.py:115} INFO - [2022-10-11 11:05:11,410] {dag.py:2927} INFO - Setting next_dagrun for example_branch_datetime_operator_2 to 2022-10-10T00:00:00+00:00, run_after=2022-10-11T00:00:00+00:00
[2022-10-11 11:05:11,424] {processor.py:161} INFO - Processing /home/ubuntu/airflow/airflow_env/lib/python3.8/site-packages/airflow/example_dags/example_branch_datetime_operator.py took 0.082 seconds
[2022-10-11 11:05:46,500] {processor.py:153} INFO - Started process (PID=202954) to work on /home/ubuntu/airflow/airflow_env/lib/python3.8/site-packages/airflow/example_dags/example_branch_datetime_operator.py
[2022-10-11 11:05:46,501] {processor.py:641} INFO - Processing file /home/ubuntu/airflow/airflow_env/lib/python3.8/site-packages/airflow/example_dags/example_branch_datetime_operator.py for tasks to queue
[2022-10-11 11:05:46,502] {logging_mixin.py:115} INFO - [2022-10-11 11:05:46,502] {dagbag.py:507} INFO - Filling up the DagBag from /home/ubuntu/airflow/airflow_env/lib/python3.8/site-packages/airflow/example_dags/example_branch_datetime_operator.py
[2022-10-11 11:05:46,512] {processor.py:651} INFO - DAG(s) dict_keys(['example_branch_datetime_operator_2']) retrieved from /home/ubuntu/airflow/airflow_env/lib/python3.8/site-packages/airflow/example_dags/example_branch_datetime_operator.py
[2022-10-11 11:05:46,535] {logging_mixin.py:115} INFO - [2022-10-11 11:05:46,535] {dag.py:2379} INFO - Sync 1 DAGs
[2022-10-11 11:05:46,553] {logging_mixin.py:115} INFO - [2022-10-11 11:05:46,553] {dag.py:2927} INFO - Setting next_dagrun for example_branch_datetime_operator_2 to 2022-10-10T00:00:00+00:00, run_after=2022-10-11T00:00:00+00:00
[2022-10-11 11:05:46,565] {processor.py:161} INFO - Processing /home/ubuntu/airflow/airflow_env/lib/python3.8/site-packages/airflow/example_dags/example_branch_datetime_operator.py took 0.070 seconds
[2022-10-11 11:06:24,787] {processor.py:153} INFO - Started process (PID=203015) to work on /home/ubuntu/airflow/airflow_env/lib/python3.8/site-packages/airflow/example_dags/example_branch_datetime_operator.py
[2022-10-11 11:06:24,789] {processor.py:641} INFO - Processing file /home/ubuntu/airflow/airflow_env/lib/python3.8/site-packages/airflow/example_dags/example_branch_datetime_operator.py for tasks to queue
[2022-10-11 11:06:24,789] {logging_mixin.py:115} INFO - [2022-10-11 11:06:24,789] {dagbag.py:507} INFO - Filling up the DagBag from /home/ubuntu/airflow/airflow_env/lib/python3.8/site-packages/airflow/example_dags/example_branch_datetime_operator.py
[2022-10-11 11:06:24,803] {processor.py:651} INFO - DAG(s) dict_keys(['example_branch_datetime_operator_2']) retrieved from /home/ubuntu/airflow/airflow_env/lib/python3.8/site-packages/airflow/example_dags/example_branch_datetime_operator.py
[2022-10-11 11:06:24,843] {logging_mixin.py:115} INFO - [2022-10-11 11:06:24,843] {dag.py:2379} INFO - Sync 1 DAGs
[2022-10-11 11:06:24,873] {logging_mixin.py:115} INFO - [2022-10-11 11:06:24,873] {dag.py:2927} INFO - Setting next_dagrun for example_branch_datetime_operator_2 to 2022-10-10T00:00:00+00:00, run_after=2022-10-11T00:00:00+00:00
[2022-10-11 11:06:24,895] {processor.py:161} INFO - Processing /home/ubuntu/airflow/airflow_env/lib/python3.8/site-packages/airflow/example_dags/example_branch_datetime_operator.py took 0.112 seconds
[2022-10-11 11:07:00,388] {processor.py:153} INFO - Started process (PID=203079) to work on /home/ubuntu/airflow/airflow_env/lib/python3.8/site-packages/airflow/example_dags/example_branch_datetime_operator.py
[2022-10-11 11:07:00,388] {processor.py:641} INFO - Processing file /home/ubuntu/airflow/airflow_env/lib/python3.8/site-packages/airflow/example_dags/example_branch_datetime_operator.py for tasks to queue
[2022-10-11 11:07:00,389] {logging_mixin.py:115} INFO - [2022-10-11 11:07:00,389] {dagbag.py:507} INFO - Filling up the DagBag from /home/ubuntu/airflow/airflow_env/lib/python3.8/site-packages/airflow/example_dags/example_branch_datetime_operator.py
[2022-10-11 11:07:00,399] {processor.py:651} INFO - DAG(s) dict_keys(['example_branch_datetime_operator_2']) retrieved from /home/ubuntu/airflow/airflow_env/lib/python3.8/site-packages/airflow/example_dags/example_branch_datetime_operator.py
[2022-10-11 11:07:00,421] {logging_mixin.py:115} INFO - [2022-10-11 11:07:00,420] {dag.py:2379} INFO - Sync 1 DAGs
[2022-10-11 11:07:00,439] {logging_mixin.py:115} INFO - [2022-10-11 11:07:00,439] {dag.py:2927} INFO - Setting next_dagrun for example_branch_datetime_operator_2 to 2022-10-10T00:00:00+00:00, run_after=2022-10-11T00:00:00+00:00
[2022-10-11 11:07:00,452] {processor.py:161} INFO - Processing /home/ubuntu/airflow/airflow_env/lib/python3.8/site-packages/airflow/example_dags/example_branch_datetime_operator.py took 0.069 seconds
[2022-10-11 11:07:38,632] {processor.py:153} INFO - Started process (PID=203144) to work on /home/ubuntu/airflow/airflow_env/lib/python3.8/site-packages/airflow/example_dags/example_branch_datetime_operator.py
[2022-10-11 11:07:38,633] {processor.py:641} INFO - Processing file /home/ubuntu/airflow/airflow_env/lib/python3.8/site-packages/airflow/example_dags/example_branch_datetime_operator.py for tasks to queue
[2022-10-11 11:07:38,634] {logging_mixin.py:115} INFO - [2022-10-11 11:07:38,633] {dagbag.py:507} INFO - Filling up the DagBag from /home/ubuntu/airflow/airflow_env/lib/python3.8/site-packages/airflow/example_dags/example_branch_datetime_operator.py
[2022-10-11 11:07:38,644] {processor.py:651} INFO - DAG(s) dict_keys(['example_branch_datetime_operator_2']) retrieved from /home/ubuntu/airflow/airflow_env/lib/python3.8/site-packages/airflow/example_dags/example_branch_datetime_operator.py
[2022-10-11 11:07:38,670] {logging_mixin.py:115} INFO - [2022-10-11 11:07:38,670] {dag.py:2379} INFO - Sync 1 DAGs
[2022-10-11 11:07:38,690] {logging_mixin.py:115} INFO - [2022-10-11 11:07:38,689] {dag.py:2927} INFO - Setting next_dagrun for example_branch_datetime_operator_2 to 2022-10-10T00:00:00+00:00, run_after=2022-10-11T00:00:00+00:00
[2022-10-11 11:07:38,703] {processor.py:161} INFO - Processing /home/ubuntu/airflow/airflow_env/lib/python3.8/site-packages/airflow/example_dags/example_branch_datetime_operator.py took 0.076 seconds
[2022-10-11 11:08:14,332] {processor.py:153} INFO - Started process (PID=203206) to work on /home/ubuntu/airflow/airflow_env/lib/python3.8/site-packages/airflow/example_dags/example_branch_datetime_operator.py
[2022-10-11 11:08:14,333] {processor.py:641} INFO - Processing file /home/ubuntu/airflow/airflow_env/lib/python3.8/site-packages/airflow/example_dags/example_branch_datetime_operator.py for tasks to queue
[2022-10-11 11:08:14,334] {logging_mixin.py:115} INFO - [2022-10-11 11:08:14,334] {dagbag.py:507} INFO - Filling up the DagBag from /home/ubuntu/airflow/airflow_env/lib/python3.8/site-packages/airflow/example_dags/example_branch_datetime_operator.py
[2022-10-11 11:08:14,344] {processor.py:651} INFO - DAG(s) dict_keys(['example_branch_datetime_operator_2']) retrieved from /home/ubuntu/airflow/airflow_env/lib/python3.8/site-packages/airflow/example_dags/example_branch_datetime_operator.py
[2022-10-11 11:08:14,367] {logging_mixin.py:115} INFO - [2022-10-11 11:08:14,367] {dag.py:2379} INFO - Sync 1 DAGs
[2022-10-11 11:08:14,385] {logging_mixin.py:115} INFO - [2022-10-11 11:08:14,385] {dag.py:2927} INFO - Setting next_dagrun for example_branch_datetime_operator_2 to 2022-10-10T00:00:00+00:00, run_after=2022-10-11T00:00:00+00:00
[2022-10-11 11:08:14,400] {processor.py:161} INFO - Processing /home/ubuntu/airflow/airflow_env/lib/python3.8/site-packages/airflow/example_dags/example_branch_datetime_operator.py took 0.073 seconds
[2022-10-11 11:08:47,277] {processor.py:153} INFO - Started process (PID=203298) to work on /home/ubuntu/airflow/airflow_env/lib/python3.8/site-packages/airflow/example_dags/example_branch_datetime_operator.py
[2022-10-11 11:08:47,279] {processor.py:641} INFO - Processing file /home/ubuntu/airflow/airflow_env/lib/python3.8/site-packages/airflow/example_dags/example_branch_datetime_operator.py for tasks to queue
[2022-10-11 11:08:47,283] {logging_mixin.py:115} INFO - [2022-10-11 11:08:47,281] {dagbag.py:507} INFO - Filling up the DagBag from /home/ubuntu/airflow/airflow_env/lib/python3.8/site-packages/airflow/example_dags/example_branch_datetime_operator.py
[2022-10-11 11:08:47,299] {processor.py:651} INFO - DAG(s) dict_keys(['example_branch_datetime_operator_2']) retrieved from /home/ubuntu/airflow/airflow_env/lib/python3.8/site-packages/airflow/example_dags/example_branch_datetime_operator.py
[2022-10-11 11:08:47,326] {logging_mixin.py:115} INFO - [2022-10-11 11:08:47,326] {dag.py:2379} INFO - Sync 1 DAGs
[2022-10-11 11:08:47,356] {logging_mixin.py:115} INFO - [2022-10-11 11:08:47,356] {dag.py:2927} INFO - Setting next_dagrun for example_branch_datetime_operator_2 to 2022-10-10T00:00:00+00:00, run_after=2022-10-11T00:00:00+00:00
[2022-10-11 11:08:47,371] {processor.py:161} INFO - Processing /home/ubuntu/airflow/airflow_env/lib/python3.8/site-packages/airflow/example_dags/example_branch_datetime_operator.py took 0.119 seconds
[2022-10-11 11:09:27,497] {processor.py:153} INFO - Started process (PID=203477) to work on /home/ubuntu/airflow/airflow_env/lib/python3.8/site-packages/airflow/example_dags/example_branch_datetime_operator.py
[2022-10-11 11:09:27,498] {processor.py:641} INFO - Processing file /home/ubuntu/airflow/airflow_env/lib/python3.8/site-packages/airflow/example_dags/example_branch_datetime_operator.py for tasks to queue
[2022-10-11 11:09:27,499] {logging_mixin.py:115} INFO - [2022-10-11 11:09:27,499] {dagbag.py:507} INFO - Filling up the DagBag from /home/ubuntu/airflow/airflow_env/lib/python3.8/site-packages/airflow/example_dags/example_branch_datetime_operator.py
[2022-10-11 11:09:27,510] {processor.py:651} INFO - DAG(s) dict_keys(['example_branch_datetime_operator_2']) retrieved from /home/ubuntu/airflow/airflow_env/lib/python3.8/site-packages/airflow/example_dags/example_branch_datetime_operator.py
[2022-10-11 11:09:27,536] {logging_mixin.py:115} INFO - [2022-10-11 11:09:27,536] {dag.py:2379} INFO - Sync 1 DAGs
[2022-10-11 11:09:27,558] {logging_mixin.py:115} INFO - [2022-10-11 11:09:27,558] {dag.py:2927} INFO - Setting next_dagrun for example_branch_datetime_operator_2 to 2022-10-10T00:00:00+00:00, run_after=2022-10-11T00:00:00+00:00
[2022-10-11 11:09:27,571] {processor.py:161} INFO - Processing /home/ubuntu/airflow/airflow_env/lib/python3.8/site-packages/airflow/example_dags/example_branch_datetime_operator.py took 0.078 seconds
[2022-10-11 11:10:04,442] {processor.py:153} INFO - Started process (PID=203537) to work on /home/ubuntu/airflow/airflow_env/lib/python3.8/site-packages/airflow/example_dags/example_branch_datetime_operator.py
[2022-10-11 11:10:04,444] {processor.py:641} INFO - Processing file /home/ubuntu/airflow/airflow_env/lib/python3.8/site-packages/airflow/example_dags/example_branch_datetime_operator.py for tasks to queue
[2022-10-11 11:10:04,444] {logging_mixin.py:115} INFO - [2022-10-11 11:10:04,444] {dagbag.py:507} INFO - Filling up the DagBag from /home/ubuntu/airflow/airflow_env/lib/python3.8/site-packages/airflow/example_dags/example_branch_datetime_operator.py
[2022-10-11 11:10:04,455] {processor.py:651} INFO - DAG(s) dict_keys(['example_branch_datetime_operator_2']) retrieved from /home/ubuntu/airflow/airflow_env/lib/python3.8/site-packages/airflow/example_dags/example_branch_datetime_operator.py
[2022-10-11 11:10:04,492] {logging_mixin.py:115} INFO - [2022-10-11 11:10:04,492] {dag.py:2379} INFO - Sync 1 DAGs
[2022-10-11 11:10:04,514] {logging_mixin.py:115} INFO - [2022-10-11 11:10:04,514] {dag.py:2927} INFO - Setting next_dagrun for example_branch_datetime_operator_2 to 2022-10-10T00:00:00+00:00, run_after=2022-10-11T00:00:00+00:00
[2022-10-11 11:10:04,528] {processor.py:161} INFO - Processing /home/ubuntu/airflow/airflow_env/lib/python3.8/site-packages/airflow/example_dags/example_branch_datetime_operator.py took 0.092 seconds
[2022-10-11 11:10:38,905] {processor.py:153} INFO - Started process (PID=203590) to work on /home/ubuntu/airflow/airflow_env/lib/python3.8/site-packages/airflow/example_dags/example_branch_datetime_operator.py
[2022-10-11 11:10:38,907] {processor.py:641} INFO - Processing file /home/ubuntu/airflow/airflow_env/lib/python3.8/site-packages/airflow/example_dags/example_branch_datetime_operator.py for tasks to queue
[2022-10-11 11:10:38,907] {logging_mixin.py:115} INFO - [2022-10-11 11:10:38,907] {dagbag.py:507} INFO - Filling up the DagBag from /home/ubuntu/airflow/airflow_env/lib/python3.8/site-packages/airflow/example_dags/example_branch_datetime_operator.py
[2022-10-11 11:10:38,918] {processor.py:651} INFO - DAG(s) dict_keys(['example_branch_datetime_operator_2']) retrieved from /home/ubuntu/airflow/airflow_env/lib/python3.8/site-packages/airflow/example_dags/example_branch_datetime_operator.py
[2022-10-11 11:10:38,943] {logging_mixin.py:115} INFO - [2022-10-11 11:10:38,943] {dag.py:2379} INFO - Sync 1 DAGs
[2022-10-11 11:10:38,972] {logging_mixin.py:115} INFO - [2022-10-11 11:10:38,972] {dag.py:2927} INFO - Setting next_dagrun for example_branch_datetime_operator_2 to 2022-10-10T00:00:00+00:00, run_after=2022-10-11T00:00:00+00:00
[2022-10-11 11:10:38,988] {processor.py:161} INFO - Processing /home/ubuntu/airflow/airflow_env/lib/python3.8/site-packages/airflow/example_dags/example_branch_datetime_operator.py took 0.087 seconds
[2022-10-11 11:11:15,073] {processor.py:153} INFO - Started process (PID=203649) to work on /home/ubuntu/airflow/airflow_env/lib/python3.8/site-packages/airflow/example_dags/example_branch_datetime_operator.py
[2022-10-11 11:11:15,074] {processor.py:641} INFO - Processing file /home/ubuntu/airflow/airflow_env/lib/python3.8/site-packages/airflow/example_dags/example_branch_datetime_operator.py for tasks to queue
[2022-10-11 11:11:15,075] {logging_mixin.py:115} INFO - [2022-10-11 11:11:15,075] {dagbag.py:507} INFO - Filling up the DagBag from /home/ubuntu/airflow/airflow_env/lib/python3.8/site-packages/airflow/example_dags/example_branch_datetime_operator.py
[2022-10-11 11:11:15,084] {processor.py:651} INFO - DAG(s) dict_keys(['example_branch_datetime_operator_2']) retrieved from /home/ubuntu/airflow/airflow_env/lib/python3.8/site-packages/airflow/example_dags/example_branch_datetime_operator.py
[2022-10-11 11:11:15,103] {logging_mixin.py:115} INFO - [2022-10-11 11:11:15,103] {dag.py:2379} INFO - Sync 1 DAGs
[2022-10-11 11:11:15,121] {logging_mixin.py:115} INFO - [2022-10-11 11:11:15,121] {dag.py:2927} INFO - Setting next_dagrun for example_branch_datetime_operator_2 to 2022-10-10T00:00:00+00:00, run_after=2022-10-11T00:00:00+00:00
[2022-10-11 11:11:15,134] {processor.py:161} INFO - Processing /home/ubuntu/airflow/airflow_env/lib/python3.8/site-packages/airflow/example_dags/example_branch_datetime_operator.py took 0.065 seconds
[2022-10-11 11:11:51,462] {processor.py:153} INFO - Started process (PID=203705) to work on /home/ubuntu/airflow/airflow_env/lib/python3.8/site-packages/airflow/example_dags/example_branch_datetime_operator.py
[2022-10-11 11:11:51,463] {processor.py:641} INFO - Processing file /home/ubuntu/airflow/airflow_env/lib/python3.8/site-packages/airflow/example_dags/example_branch_datetime_operator.py for tasks to queue
[2022-10-11 11:11:51,464] {logging_mixin.py:115} INFO - [2022-10-11 11:11:51,463] {dagbag.py:507} INFO - Filling up the DagBag from /home/ubuntu/airflow/airflow_env/lib/python3.8/site-packages/airflow/example_dags/example_branch_datetime_operator.py
[2022-10-11 11:11:51,474] {processor.py:651} INFO - DAG(s) dict_keys(['example_branch_datetime_operator_2']) retrieved from /home/ubuntu/airflow/airflow_env/lib/python3.8/site-packages/airflow/example_dags/example_branch_datetime_operator.py
[2022-10-11 11:11:51,500] {logging_mixin.py:115} INFO - [2022-10-11 11:11:51,500] {dag.py:2379} INFO - Sync 1 DAGs
[2022-10-11 11:11:51,654] {logging_mixin.py:115} INFO - [2022-10-11 11:11:51,654] {dag.py:2927} INFO - Setting next_dagrun for example_branch_datetime_operator_2 to 2022-10-10T00:00:00+00:00, run_after=2022-10-11T00:00:00+00:00
[2022-10-11 11:11:51,719] {processor.py:161} INFO - Processing /home/ubuntu/airflow/airflow_env/lib/python3.8/site-packages/airflow/example_dags/example_branch_datetime_operator.py took 0.262 seconds
[2022-10-11 11:12:27,093] {processor.py:153} INFO - Started process (PID=203851) to work on /home/ubuntu/airflow/airflow_env/lib/python3.8/site-packages/airflow/example_dags/example_branch_datetime_operator.py
[2022-10-11 11:12:27,097] {processor.py:641} INFO - Processing file /home/ubuntu/airflow/airflow_env/lib/python3.8/site-packages/airflow/example_dags/example_branch_datetime_operator.py for tasks to queue
[2022-10-11 11:12:27,098] {logging_mixin.py:115} INFO - [2022-10-11 11:12:27,098] {dagbag.py:507} INFO - Filling up the DagBag from /home/ubuntu/airflow/airflow_env/lib/python3.8/site-packages/airflow/example_dags/example_branch_datetime_operator.py
[2022-10-11 11:12:27,117] {processor.py:651} INFO - DAG(s) dict_keys(['example_branch_datetime_operator_2']) retrieved from /home/ubuntu/airflow/airflow_env/lib/python3.8/site-packages/airflow/example_dags/example_branch_datetime_operator.py
[2022-10-11 11:12:27,179] {logging_mixin.py:115} INFO - [2022-10-11 11:12:27,178] {dag.py:2379} INFO - Sync 1 DAGs
[2022-10-11 11:12:27,238] {logging_mixin.py:115} INFO - [2022-10-11 11:12:27,238] {dag.py:2927} INFO - Setting next_dagrun for example_branch_datetime_operator_2 to 2022-10-10T00:00:00+00:00, run_after=2022-10-11T00:00:00+00:00
[2022-10-11 11:12:27,299] {processor.py:161} INFO - Processing /home/ubuntu/airflow/airflow_env/lib/python3.8/site-packages/airflow/example_dags/example_branch_datetime_operator.py took 0.211 seconds
[2022-10-11 11:13:10,630] {processor.py:153} INFO - Started process (PID=205751) to work on /home/ubuntu/airflow/airflow_env/lib/python3.8/site-packages/airflow/example_dags/example_branch_datetime_operator.py
[2022-10-11 11:13:10,631] {processor.py:641} INFO - Processing file /home/ubuntu/airflow/airflow_env/lib/python3.8/site-packages/airflow/example_dags/example_branch_datetime_operator.py for tasks to queue
[2022-10-11 11:13:10,631] {logging_mixin.py:115} INFO - [2022-10-11 11:13:10,631] {dagbag.py:507} INFO - Filling up the DagBag from /home/ubuntu/airflow/airflow_env/lib/python3.8/site-packages/airflow/example_dags/example_branch_datetime_operator.py
[2022-10-11 11:13:10,641] {processor.py:651} INFO - DAG(s) dict_keys(['example_branch_datetime_operator_2']) retrieved from /home/ubuntu/airflow/airflow_env/lib/python3.8/site-packages/airflow/example_dags/example_branch_datetime_operator.py
[2022-10-11 11:13:10,667] {logging_mixin.py:115} INFO - [2022-10-11 11:13:10,667] {dag.py:2379} INFO - Sync 1 DAGs
[2022-10-11 11:13:10,690] {logging_mixin.py:115} INFO - [2022-10-11 11:13:10,690] {dag.py:2927} INFO - Setting next_dagrun for example_branch_datetime_operator_2 to 2022-10-10T00:00:00+00:00, run_after=2022-10-11T00:00:00+00:00
[2022-10-11 11:13:10,707] {processor.py:161} INFO - Processing /home/ubuntu/airflow/airflow_env/lib/python3.8/site-packages/airflow/example_dags/example_branch_datetime_operator.py took 0.082 seconds
[2022-10-11 11:14:00,592] {processor.py:153} INFO - Started process (PID=211759) to work on /home/ubuntu/airflow/airflow_env/lib/python3.8/site-packages/airflow/example_dags/example_branch_datetime_operator.py
[2022-10-11 11:14:00,593] {processor.py:641} INFO - Processing file /home/ubuntu/airflow/airflow_env/lib/python3.8/site-packages/airflow/example_dags/example_branch_datetime_operator.py for tasks to queue
[2022-10-11 11:14:00,593] {logging_mixin.py:115} INFO - [2022-10-11 11:14:00,593] {dagbag.py:507} INFO - Filling up the DagBag from /home/ubuntu/airflow/airflow_env/lib/python3.8/site-packages/airflow/example_dags/example_branch_datetime_operator.py
[2022-10-11 11:14:00,606] {processor.py:651} INFO - DAG(s) dict_keys(['example_branch_datetime_operator_2']) retrieved from /home/ubuntu/airflow/airflow_env/lib/python3.8/site-packages/airflow/example_dags/example_branch_datetime_operator.py
[2022-10-11 11:14:00,628] {logging_mixin.py:115} INFO - [2022-10-11 11:14:00,628] {dag.py:2379} INFO - Sync 1 DAGs
[2022-10-11 11:14:00,655] {logging_mixin.py:115} INFO - [2022-10-11 11:14:00,655] {dag.py:2927} INFO - Setting next_dagrun for example_branch_datetime_operator_2 to 2022-10-10T00:00:00+00:00, run_after=2022-10-11T00:00:00+00:00
[2022-10-11 11:14:00,671] {processor.py:161} INFO - Processing /home/ubuntu/airflow/airflow_env/lib/python3.8/site-packages/airflow/example_dags/example_branch_datetime_operator.py took 0.085 seconds
[2022-10-11 11:14:38,486] {processor.py:153} INFO - Started process (PID=212249) to work on /home/ubuntu/airflow/airflow_env/lib/python3.8/site-packages/airflow/example_dags/example_branch_datetime_operator.py
[2022-10-11 11:14:38,487] {processor.py:641} INFO - Processing file /home/ubuntu/airflow/airflow_env/lib/python3.8/site-packages/airflow/example_dags/example_branch_datetime_operator.py for tasks to queue
[2022-10-11 11:14:38,488] {logging_mixin.py:115} INFO - [2022-10-11 11:14:38,488] {dagbag.py:507} INFO - Filling up the DagBag from /home/ubuntu/airflow/airflow_env/lib/python3.8/site-packages/airflow/example_dags/example_branch_datetime_operator.py
[2022-10-11 11:14:38,499] {processor.py:651} INFO - DAG(s) dict_keys(['example_branch_datetime_operator_2']) retrieved from /home/ubuntu/airflow/airflow_env/lib/python3.8/site-packages/airflow/example_dags/example_branch_datetime_operator.py
[2022-10-11 11:14:38,520] {logging_mixin.py:115} INFO - [2022-10-11 11:14:38,520] {dag.py:2379} INFO - Sync 1 DAGs
[2022-10-11 11:14:38,541] {logging_mixin.py:115} INFO - [2022-10-11 11:14:38,540] {dag.py:2927} INFO - Setting next_dagrun for example_branch_datetime_operator_2 to 2022-10-10T00:00:00+00:00, run_after=2022-10-11T00:00:00+00:00
[2022-10-11 11:14:38,555] {processor.py:161} INFO - Processing /home/ubuntu/airflow/airflow_env/lib/python3.8/site-packages/airflow/example_dags/example_branch_datetime_operator.py took 0.073 seconds
[2022-10-11 11:15:11,889] {processor.py:153} INFO - Started process (PID=212309) to work on /home/ubuntu/airflow/airflow_env/lib/python3.8/site-packages/airflow/example_dags/example_branch_datetime_operator.py
[2022-10-11 11:15:11,890] {processor.py:641} INFO - Processing file /home/ubuntu/airflow/airflow_env/lib/python3.8/site-packages/airflow/example_dags/example_branch_datetime_operator.py for tasks to queue
[2022-10-11 11:15:11,891] {logging_mixin.py:115} INFO - [2022-10-11 11:15:11,891] {dagbag.py:507} INFO - Filling up the DagBag from /home/ubuntu/airflow/airflow_env/lib/python3.8/site-packages/airflow/example_dags/example_branch_datetime_operator.py
[2022-10-11 11:15:11,907] {processor.py:651} INFO - DAG(s) dict_keys(['example_branch_datetime_operator_2']) retrieved from /home/ubuntu/airflow/airflow_env/lib/python3.8/site-packages/airflow/example_dags/example_branch_datetime_operator.py
[2022-10-11 11:15:11,931] {logging_mixin.py:115} INFO - [2022-10-11 11:15:11,931] {dag.py:2379} INFO - Sync 1 DAGs
[2022-10-11 11:15:11,956] {logging_mixin.py:115} INFO - [2022-10-11 11:15:11,956] {dag.py:2927} INFO - Setting next_dagrun for example_branch_datetime_operator_2 to 2022-10-10T00:00:00+00:00, run_after=2022-10-11T00:00:00+00:00
[2022-10-11 11:15:11,974] {processor.py:161} INFO - Processing /home/ubuntu/airflow/airflow_env/lib/python3.8/site-packages/airflow/example_dags/example_branch_datetime_operator.py took 0.092 seconds
[2022-10-11 11:15:48,891] {processor.py:153} INFO - Started process (PID=212376) to work on /home/ubuntu/airflow/airflow_env/lib/python3.8/site-packages/airflow/example_dags/example_branch_datetime_operator.py
[2022-10-11 11:15:48,892] {processor.py:641} INFO - Processing file /home/ubuntu/airflow/airflow_env/lib/python3.8/site-packages/airflow/example_dags/example_branch_datetime_operator.py for tasks to queue
[2022-10-11 11:15:48,892] {logging_mixin.py:115} INFO - [2022-10-11 11:15:48,892] {dagbag.py:507} INFO - Filling up the DagBag from /home/ubuntu/airflow/airflow_env/lib/python3.8/site-packages/airflow/example_dags/example_branch_datetime_operator.py
[2022-10-11 11:15:48,902] {processor.py:651} INFO - DAG(s) dict_keys(['example_branch_datetime_operator_2']) retrieved from /home/ubuntu/airflow/airflow_env/lib/python3.8/site-packages/airflow/example_dags/example_branch_datetime_operator.py
[2022-10-11 11:15:48,923] {logging_mixin.py:115} INFO - [2022-10-11 11:15:48,923] {dag.py:2379} INFO - Sync 1 DAGs
[2022-10-11 11:15:48,941] {logging_mixin.py:115} INFO - [2022-10-11 11:15:48,941] {dag.py:2927} INFO - Setting next_dagrun for example_branch_datetime_operator_2 to 2022-10-10T00:00:00+00:00, run_after=2022-10-11T00:00:00+00:00
[2022-10-11 11:15:48,954] {processor.py:161} INFO - Processing /home/ubuntu/airflow/airflow_env/lib/python3.8/site-packages/airflow/example_dags/example_branch_datetime_operator.py took 0.068 seconds
[2022-10-11 11:16:22,604] {processor.py:153} INFO - Started process (PID=212431) to work on /home/ubuntu/airflow/airflow_env/lib/python3.8/site-packages/airflow/example_dags/example_branch_datetime_operator.py
[2022-10-11 11:16:22,605] {processor.py:641} INFO - Processing file /home/ubuntu/airflow/airflow_env/lib/python3.8/site-packages/airflow/example_dags/example_branch_datetime_operator.py for tasks to queue
[2022-10-11 11:16:22,606] {logging_mixin.py:115} INFO - [2022-10-11 11:16:22,606] {dagbag.py:507} INFO - Filling up the DagBag from /home/ubuntu/airflow/airflow_env/lib/python3.8/site-packages/airflow/example_dags/example_branch_datetime_operator.py
[2022-10-11 11:16:22,618] {processor.py:651} INFO - DAG(s) dict_keys(['example_branch_datetime_operator_2']) retrieved from /home/ubuntu/airflow/airflow_env/lib/python3.8/site-packages/airflow/example_dags/example_branch_datetime_operator.py
[2022-10-11 11:16:22,642] {logging_mixin.py:115} INFO - [2022-10-11 11:16:22,642] {dag.py:2379} INFO - Sync 1 DAGs
[2022-10-11 11:16:22,661] {logging_mixin.py:115} INFO - [2022-10-11 11:16:22,661] {dag.py:2927} INFO - Setting next_dagrun for example_branch_datetime_operator_2 to 2022-10-10T00:00:00+00:00, run_after=2022-10-11T00:00:00+00:00
[2022-10-11 11:16:22,674] {processor.py:161} INFO - Processing /home/ubuntu/airflow/airflow_env/lib/python3.8/site-packages/airflow/example_dags/example_branch_datetime_operator.py took 0.074 seconds
[2022-10-11 11:17:01,016] {processor.py:153} INFO - Started process (PID=212783) to work on /home/ubuntu/airflow/airflow_env/lib/python3.8/site-packages/airflow/example_dags/example_branch_datetime_operator.py
[2022-10-11 11:17:01,017] {processor.py:641} INFO - Processing file /home/ubuntu/airflow/airflow_env/lib/python3.8/site-packages/airflow/example_dags/example_branch_datetime_operator.py for tasks to queue
[2022-10-11 11:17:01,019] {logging_mixin.py:115} INFO - [2022-10-11 11:17:01,018] {dagbag.py:507} INFO - Filling up the DagBag from /home/ubuntu/airflow/airflow_env/lib/python3.8/site-packages/airflow/example_dags/example_branch_datetime_operator.py
[2022-10-11 11:17:01,029] {processor.py:651} INFO - DAG(s) dict_keys(['example_branch_datetime_operator_2']) retrieved from /home/ubuntu/airflow/airflow_env/lib/python3.8/site-packages/airflow/example_dags/example_branch_datetime_operator.py
[2022-10-11 11:17:01,052] {logging_mixin.py:115} INFO - [2022-10-11 11:17:01,052] {dag.py:2379} INFO - Sync 1 DAGs
[2022-10-11 11:17:01,075] {logging_mixin.py:115} INFO - [2022-10-11 11:17:01,075] {dag.py:2927} INFO - Setting next_dagrun for example_branch_datetime_operator_2 to 2022-10-10T00:00:00+00:00, run_after=2022-10-11T00:00:00+00:00
[2022-10-11 11:17:01,101] {processor.py:161} INFO - Processing /home/ubuntu/airflow/airflow_env/lib/python3.8/site-packages/airflow/example_dags/example_branch_datetime_operator.py took 0.091 seconds
[2022-10-11 11:17:36,021] {processor.py:153} INFO - Started process (PID=212865) to work on /home/ubuntu/airflow/airflow_env/lib/python3.8/site-packages/airflow/example_dags/example_branch_datetime_operator.py
[2022-10-11 11:17:36,022] {processor.py:641} INFO - Processing file /home/ubuntu/airflow/airflow_env/lib/python3.8/site-packages/airflow/example_dags/example_branch_datetime_operator.py for tasks to queue
[2022-10-11 11:17:36,023] {logging_mixin.py:115} INFO - [2022-10-11 11:17:36,023] {dagbag.py:507} INFO - Filling up the DagBag from /home/ubuntu/airflow/airflow_env/lib/python3.8/site-packages/airflow/example_dags/example_branch_datetime_operator.py
[2022-10-11 11:17:36,034] {processor.py:651} INFO - DAG(s) dict_keys(['example_branch_datetime_operator_2']) retrieved from /home/ubuntu/airflow/airflow_env/lib/python3.8/site-packages/airflow/example_dags/example_branch_datetime_operator.py
[2022-10-11 11:17:36,055] {logging_mixin.py:115} INFO - [2022-10-11 11:17:36,055] {dag.py:2379} INFO - Sync 1 DAGs
[2022-10-11 11:17:36,077] {logging_mixin.py:115} INFO - [2022-10-11 11:17:36,077] {dag.py:2927} INFO - Setting next_dagrun for example_branch_datetime_operator_2 to 2022-10-10T00:00:00+00:00, run_after=2022-10-11T00:00:00+00:00
[2022-10-11 11:17:36,092] {processor.py:161} INFO - Processing /home/ubuntu/airflow/airflow_env/lib/python3.8/site-packages/airflow/example_dags/example_branch_datetime_operator.py took 0.077 seconds
[2022-10-11 11:18:15,530] {processor.py:153} INFO - Started process (PID=212954) to work on /home/ubuntu/airflow/airflow_env/lib/python3.8/site-packages/airflow/example_dags/example_branch_datetime_operator.py
[2022-10-11 11:18:15,531] {processor.py:641} INFO - Processing file /home/ubuntu/airflow/airflow_env/lib/python3.8/site-packages/airflow/example_dags/example_branch_datetime_operator.py for tasks to queue
[2022-10-11 11:18:15,531] {logging_mixin.py:115} INFO - [2022-10-11 11:18:15,531] {dagbag.py:507} INFO - Filling up the DagBag from /home/ubuntu/airflow/airflow_env/lib/python3.8/site-packages/airflow/example_dags/example_branch_datetime_operator.py
[2022-10-11 11:18:15,541] {processor.py:651} INFO - DAG(s) dict_keys(['example_branch_datetime_operator_2']) retrieved from /home/ubuntu/airflow/airflow_env/lib/python3.8/site-packages/airflow/example_dags/example_branch_datetime_operator.py
[2022-10-11 11:18:15,560] {logging_mixin.py:115} INFO - [2022-10-11 11:18:15,560] {dag.py:2379} INFO - Sync 1 DAGs
[2022-10-11 11:18:15,581] {logging_mixin.py:115} INFO - [2022-10-11 11:18:15,580] {dag.py:2927} INFO - Setting next_dagrun for example_branch_datetime_operator_2 to 2022-10-10T00:00:00+00:00, run_after=2022-10-11T00:00:00+00:00
[2022-10-11 11:18:15,595] {processor.py:161} INFO - Processing /home/ubuntu/airflow/airflow_env/lib/python3.8/site-packages/airflow/example_dags/example_branch_datetime_operator.py took 0.070 seconds
[2022-10-11 11:18:49,366] {processor.py:153} INFO - Started process (PID=213018) to work on /home/ubuntu/airflow/airflow_env/lib/python3.8/site-packages/airflow/example_dags/example_branch_datetime_operator.py
[2022-10-11 11:18:49,367] {processor.py:641} INFO - Processing file /home/ubuntu/airflow/airflow_env/lib/python3.8/site-packages/airflow/example_dags/example_branch_datetime_operator.py for tasks to queue
[2022-10-11 11:18:49,368] {logging_mixin.py:115} INFO - [2022-10-11 11:18:49,368] {dagbag.py:507} INFO - Filling up the DagBag from /home/ubuntu/airflow/airflow_env/lib/python3.8/site-packages/airflow/example_dags/example_branch_datetime_operator.py
[2022-10-11 11:18:49,377] {processor.py:651} INFO - DAG(s) dict_keys(['example_branch_datetime_operator_2']) retrieved from /home/ubuntu/airflow/airflow_env/lib/python3.8/site-packages/airflow/example_dags/example_branch_datetime_operator.py
[2022-10-11 11:18:49,397] {logging_mixin.py:115} INFO - [2022-10-11 11:18:49,397] {dag.py:2379} INFO - Sync 1 DAGs
[2022-10-11 11:18:49,416] {logging_mixin.py:115} INFO - [2022-10-11 11:18:49,416] {dag.py:2927} INFO - Setting next_dagrun for example_branch_datetime_operator_2 to 2022-10-10T00:00:00+00:00, run_after=2022-10-11T00:00:00+00:00
[2022-10-11 11:18:49,429] {processor.py:161} INFO - Processing /home/ubuntu/airflow/airflow_env/lib/python3.8/site-packages/airflow/example_dags/example_branch_datetime_operator.py took 0.067 seconds
[2022-10-11 11:19:26,598] {processor.py:153} INFO - Started process (PID=213177) to work on /home/ubuntu/airflow/airflow_env/lib/python3.8/site-packages/airflow/example_dags/example_branch_datetime_operator.py
[2022-10-11 11:19:26,599] {processor.py:641} INFO - Processing file /home/ubuntu/airflow/airflow_env/lib/python3.8/site-packages/airflow/example_dags/example_branch_datetime_operator.py for tasks to queue
[2022-10-11 11:19:26,600] {logging_mixin.py:115} INFO - [2022-10-11 11:19:26,599] {dagbag.py:507} INFO - Filling up the DagBag from /home/ubuntu/airflow/airflow_env/lib/python3.8/site-packages/airflow/example_dags/example_branch_datetime_operator.py
[2022-10-11 11:19:26,612] {processor.py:651} INFO - DAG(s) dict_keys(['example_branch_datetime_operator_2']) retrieved from /home/ubuntu/airflow/airflow_env/lib/python3.8/site-packages/airflow/example_dags/example_branch_datetime_operator.py
[2022-10-11 11:19:26,634] {logging_mixin.py:115} INFO - [2022-10-11 11:19:26,634] {dag.py:2379} INFO - Sync 1 DAGs
[2022-10-11 11:19:26,657] {logging_mixin.py:115} INFO - [2022-10-11 11:19:26,656] {dag.py:2927} INFO - Setting next_dagrun for example_branch_datetime_operator_2 to 2022-10-10T00:00:00+00:00, run_after=2022-10-11T00:00:00+00:00
[2022-10-11 11:19:26,675] {processor.py:161} INFO - Processing /home/ubuntu/airflow/airflow_env/lib/python3.8/site-packages/airflow/example_dags/example_branch_datetime_operator.py took 0.082 seconds
[2022-10-11 11:20:04,974] {processor.py:153} INFO - Started process (PID=213299) to work on /home/ubuntu/airflow/airflow_env/lib/python3.8/site-packages/airflow/example_dags/example_branch_datetime_operator.py
[2022-10-11 11:20:04,975] {processor.py:641} INFO - Processing file /home/ubuntu/airflow/airflow_env/lib/python3.8/site-packages/airflow/example_dags/example_branch_datetime_operator.py for tasks to queue
[2022-10-11 11:20:04,976] {logging_mixin.py:115} INFO - [2022-10-11 11:20:04,975] {dagbag.py:507} INFO - Filling up the DagBag from /home/ubuntu/airflow/airflow_env/lib/python3.8/site-packages/airflow/example_dags/example_branch_datetime_operator.py
[2022-10-11 11:20:04,985] {processor.py:651} INFO - DAG(s) dict_keys(['example_branch_datetime_operator_2']) retrieved from /home/ubuntu/airflow/airflow_env/lib/python3.8/site-packages/airflow/example_dags/example_branch_datetime_operator.py
[2022-10-11 11:20:05,007] {logging_mixin.py:115} INFO - [2022-10-11 11:20:05,007] {dag.py:2379} INFO - Sync 1 DAGs
[2022-10-11 11:20:05,025] {logging_mixin.py:115} INFO - [2022-10-11 11:20:05,025] {dag.py:2927} INFO - Setting next_dagrun for example_branch_datetime_operator_2 to 2022-10-10T00:00:00+00:00, run_after=2022-10-11T00:00:00+00:00
[2022-10-11 11:20:05,037] {processor.py:161} INFO - Processing /home/ubuntu/airflow/airflow_env/lib/python3.8/site-packages/airflow/example_dags/example_branch_datetime_operator.py took 0.068 seconds
[2022-10-11 11:20:44,011] {processor.py:153} INFO - Started process (PID=213369) to work on /home/ubuntu/airflow/airflow_env/lib/python3.8/site-packages/airflow/example_dags/example_branch_datetime_operator.py
[2022-10-11 11:20:44,013] {processor.py:641} INFO - Processing file /home/ubuntu/airflow/airflow_env/lib/python3.8/site-packages/airflow/example_dags/example_branch_datetime_operator.py for tasks to queue
[2022-10-11 11:20:44,013] {logging_mixin.py:115} INFO - [2022-10-11 11:20:44,013] {dagbag.py:507} INFO - Filling up the DagBag from /home/ubuntu/airflow/airflow_env/lib/python3.8/site-packages/airflow/example_dags/example_branch_datetime_operator.py
[2022-10-11 11:20:44,024] {processor.py:651} INFO - DAG(s) dict_keys(['example_branch_datetime_operator_2']) retrieved from /home/ubuntu/airflow/airflow_env/lib/python3.8/site-packages/airflow/example_dags/example_branch_datetime_operator.py
[2022-10-11 11:20:44,046] {logging_mixin.py:115} INFO - [2022-10-11 11:20:44,046] {dag.py:2379} INFO - Sync 1 DAGs
[2022-10-11 11:20:44,067] {logging_mixin.py:115} INFO - [2022-10-11 11:20:44,067] {dag.py:2927} INFO - Setting next_dagrun for example_branch_datetime_operator_2 to 2022-10-10T00:00:00+00:00, run_after=2022-10-11T00:00:00+00:00
[2022-10-11 11:20:44,080] {processor.py:161} INFO - Processing /home/ubuntu/airflow/airflow_env/lib/python3.8/site-packages/airflow/example_dags/example_branch_datetime_operator.py took 0.073 seconds
[2022-10-11 11:21:17,310] {processor.py:153} INFO - Started process (PID=213429) to work on /home/ubuntu/airflow/airflow_env/lib/python3.8/site-packages/airflow/example_dags/example_branch_datetime_operator.py
[2022-10-11 11:21:17,311] {processor.py:641} INFO - Processing file /home/ubuntu/airflow/airflow_env/lib/python3.8/site-packages/airflow/example_dags/example_branch_datetime_operator.py for tasks to queue
[2022-10-11 11:21:17,312] {logging_mixin.py:115} INFO - [2022-10-11 11:21:17,312] {dagbag.py:507} INFO - Filling up the DagBag from /home/ubuntu/airflow/airflow_env/lib/python3.8/site-packages/airflow/example_dags/example_branch_datetime_operator.py
[2022-10-11 11:21:17,322] {processor.py:651} INFO - DAG(s) dict_keys(['example_branch_datetime_operator_2']) retrieved from /home/ubuntu/airflow/airflow_env/lib/python3.8/site-packages/airflow/example_dags/example_branch_datetime_operator.py
[2022-10-11 11:21:17,342] {logging_mixin.py:115} INFO - [2022-10-11 11:21:17,342] {dag.py:2379} INFO - Sync 1 DAGs
[2022-10-11 11:21:17,360] {logging_mixin.py:115} INFO - [2022-10-11 11:21:17,360] {dag.py:2927} INFO - Setting next_dagrun for example_branch_datetime_operator_2 to 2022-10-10T00:00:00+00:00, run_after=2022-10-11T00:00:00+00:00
[2022-10-11 11:21:17,378] {processor.py:161} INFO - Processing /home/ubuntu/airflow/airflow_env/lib/python3.8/site-packages/airflow/example_dags/example_branch_datetime_operator.py took 0.073 seconds
