[2022-10-11 11:01:59,919] {processor.py:153} INFO - Started process (PID=202491) to work on /home/ubuntu/airflow/airflow_env/lib/python3.8/site-packages/airflow/example_dags/example_dag_decorator.py
[2022-10-11 11:01:59,920] {processor.py:641} INFO - Processing file /home/ubuntu/airflow/airflow_env/lib/python3.8/site-packages/airflow/example_dags/example_dag_decorator.py for tasks to queue
[2022-10-11 11:01:59,921] {logging_mixin.py:115} INFO - [2022-10-11 11:01:59,921] {dagbag.py:507} INFO - Filling up the DagBag from /home/ubuntu/airflow/airflow_env/lib/python3.8/site-packages/airflow/example_dags/example_dag_decorator.py
[2022-10-11 11:01:59,957] {processor.py:651} INFO - DAG(s) dict_keys(['example_dag_decorator']) retrieved from /home/ubuntu/airflow/airflow_env/lib/python3.8/site-packages/airflow/example_dags/example_dag_decorator.py
[2022-10-11 11:02:00,013] {logging_mixin.py:115} INFO - [2022-10-11 11:02:00,013] {dag.py:2379} INFO - Sync 1 DAGs
[2022-10-11 11:02:00,032] {logging_mixin.py:115} INFO - [2022-10-11 11:02:00,032] {dag.py:2927} INFO - Setting next_dagrun for example_dag_decorator to None, run_after=None
[2022-10-11 11:02:00,051] {processor.py:161} INFO - Processing /home/ubuntu/airflow/airflow_env/lib/python3.8/site-packages/airflow/example_dags/example_dag_decorator.py took 0.135 seconds
[2022-10-11 11:02:35,925] {processor.py:153} INFO - Started process (PID=202550) to work on /home/ubuntu/airflow/airflow_env/lib/python3.8/site-packages/airflow/example_dags/example_dag_decorator.py
[2022-10-11 11:02:35,926] {processor.py:641} INFO - Processing file /home/ubuntu/airflow/airflow_env/lib/python3.8/site-packages/airflow/example_dags/example_dag_decorator.py for tasks to queue
[2022-10-11 11:02:35,927] {logging_mixin.py:115} INFO - [2022-10-11 11:02:35,927] {dagbag.py:507} INFO - Filling up the DagBag from /home/ubuntu/airflow/airflow_env/lib/python3.8/site-packages/airflow/example_dags/example_dag_decorator.py
[2022-10-11 11:02:35,958] {processor.py:651} INFO - DAG(s) dict_keys(['example_dag_decorator']) retrieved from /home/ubuntu/airflow/airflow_env/lib/python3.8/site-packages/airflow/example_dags/example_dag_decorator.py
[2022-10-11 11:02:35,976] {logging_mixin.py:115} INFO - [2022-10-11 11:02:35,976] {dag.py:2379} INFO - Sync 1 DAGs
[2022-10-11 11:02:35,992] {logging_mixin.py:115} INFO - [2022-10-11 11:02:35,992] {dag.py:2927} INFO - Setting next_dagrun for example_dag_decorator to None, run_after=None
[2022-10-11 11:02:36,004] {processor.py:161} INFO - Processing /home/ubuntu/airflow/airflow_env/lib/python3.8/site-packages/airflow/example_dags/example_dag_decorator.py took 0.083 seconds
[2022-10-11 11:03:10,276] {processor.py:153} INFO - Started process (PID=202608) to work on /home/ubuntu/airflow/airflow_env/lib/python3.8/site-packages/airflow/example_dags/example_dag_decorator.py
[2022-10-11 11:03:10,278] {processor.py:641} INFO - Processing file /home/ubuntu/airflow/airflow_env/lib/python3.8/site-packages/airflow/example_dags/example_dag_decorator.py for tasks to queue
[2022-10-11 11:03:10,279] {logging_mixin.py:115} INFO - [2022-10-11 11:03:10,278] {dagbag.py:507} INFO - Filling up the DagBag from /home/ubuntu/airflow/airflow_env/lib/python3.8/site-packages/airflow/example_dags/example_dag_decorator.py
[2022-10-11 11:03:10,308] {processor.py:651} INFO - DAG(s) dict_keys(['example_dag_decorator']) retrieved from /home/ubuntu/airflow/airflow_env/lib/python3.8/site-packages/airflow/example_dags/example_dag_decorator.py
[2022-10-11 11:03:10,327] {logging_mixin.py:115} INFO - [2022-10-11 11:03:10,327] {dag.py:2379} INFO - Sync 1 DAGs
[2022-10-11 11:03:10,345] {logging_mixin.py:115} INFO - [2022-10-11 11:03:10,345] {dag.py:2927} INFO - Setting next_dagrun for example_dag_decorator to None, run_after=None
[2022-10-11 11:03:10,358] {processor.py:161} INFO - Processing /home/ubuntu/airflow/airflow_env/lib/python3.8/site-packages/airflow/example_dags/example_dag_decorator.py took 0.087 seconds
[2022-10-11 11:03:44,288] {processor.py:153} INFO - Started process (PID=202672) to work on /home/ubuntu/airflow/airflow_env/lib/python3.8/site-packages/airflow/example_dags/example_dag_decorator.py
[2022-10-11 11:03:44,290] {processor.py:641} INFO - Processing file /home/ubuntu/airflow/airflow_env/lib/python3.8/site-packages/airflow/example_dags/example_dag_decorator.py for tasks to queue
[2022-10-11 11:03:44,291] {logging_mixin.py:115} INFO - [2022-10-11 11:03:44,290] {dagbag.py:507} INFO - Filling up the DagBag from /home/ubuntu/airflow/airflow_env/lib/python3.8/site-packages/airflow/example_dags/example_dag_decorator.py
[2022-10-11 11:03:44,325] {processor.py:651} INFO - DAG(s) dict_keys(['example_dag_decorator']) retrieved from /home/ubuntu/airflow/airflow_env/lib/python3.8/site-packages/airflow/example_dags/example_dag_decorator.py
[2022-10-11 11:03:44,341] {logging_mixin.py:115} INFO - [2022-10-11 11:03:44,341] {dag.py:2379} INFO - Sync 1 DAGs
[2022-10-11 11:03:44,364] {logging_mixin.py:115} INFO - [2022-10-11 11:03:44,364] {dag.py:2927} INFO - Setting next_dagrun for example_dag_decorator to None, run_after=None
[2022-10-11 11:03:44,384] {processor.py:161} INFO - Processing /home/ubuntu/airflow/airflow_env/lib/python3.8/site-packages/airflow/example_dags/example_dag_decorator.py took 0.100 seconds
[2022-10-11 11:04:20,262] {processor.py:153} INFO - Started process (PID=202802) to work on /home/ubuntu/airflow/airflow_env/lib/python3.8/site-packages/airflow/example_dags/example_dag_decorator.py
[2022-10-11 11:04:20,263] {processor.py:641} INFO - Processing file /home/ubuntu/airflow/airflow_env/lib/python3.8/site-packages/airflow/example_dags/example_dag_decorator.py for tasks to queue
[2022-10-11 11:04:20,264] {logging_mixin.py:115} INFO - [2022-10-11 11:04:20,264] {dagbag.py:507} INFO - Filling up the DagBag from /home/ubuntu/airflow/airflow_env/lib/python3.8/site-packages/airflow/example_dags/example_dag_decorator.py
[2022-10-11 11:04:20,292] {processor.py:651} INFO - DAG(s) dict_keys(['example_dag_decorator']) retrieved from /home/ubuntu/airflow/airflow_env/lib/python3.8/site-packages/airflow/example_dags/example_dag_decorator.py
[2022-10-11 11:04:20,315] {logging_mixin.py:115} INFO - [2022-10-11 11:04:20,315] {dag.py:2379} INFO - Sync 1 DAGs
[2022-10-11 11:04:20,331] {logging_mixin.py:115} INFO - [2022-10-11 11:04:20,331] {dag.py:2927} INFO - Setting next_dagrun for example_dag_decorator to None, run_after=None
[2022-10-11 11:04:20,344] {processor.py:161} INFO - Processing /home/ubuntu/airflow/airflow_env/lib/python3.8/site-packages/airflow/example_dags/example_dag_decorator.py took 0.086 seconds
[2022-10-11 11:04:55,271] {processor.py:153} INFO - Started process (PID=202873) to work on /home/ubuntu/airflow/airflow_env/lib/python3.8/site-packages/airflow/example_dags/example_dag_decorator.py
[2022-10-11 11:04:55,272] {processor.py:641} INFO - Processing file /home/ubuntu/airflow/airflow_env/lib/python3.8/site-packages/airflow/example_dags/example_dag_decorator.py for tasks to queue
[2022-10-11 11:04:55,273] {logging_mixin.py:115} INFO - [2022-10-11 11:04:55,273] {dagbag.py:507} INFO - Filling up the DagBag from /home/ubuntu/airflow/airflow_env/lib/python3.8/site-packages/airflow/example_dags/example_dag_decorator.py
[2022-10-11 11:04:55,310] {processor.py:651} INFO - DAG(s) dict_keys(['example_dag_decorator']) retrieved from /home/ubuntu/airflow/airflow_env/lib/python3.8/site-packages/airflow/example_dags/example_dag_decorator.py
[2022-10-11 11:04:55,330] {logging_mixin.py:115} INFO - [2022-10-11 11:04:55,330] {dag.py:2379} INFO - Sync 1 DAGs
[2022-10-11 11:04:55,347] {logging_mixin.py:115} INFO - [2022-10-11 11:04:55,347] {dag.py:2927} INFO - Setting next_dagrun for example_dag_decorator to None, run_after=None
[2022-10-11 11:04:55,362] {processor.py:161} INFO - Processing /home/ubuntu/airflow/airflow_env/lib/python3.8/site-packages/airflow/example_dags/example_dag_decorator.py took 0.096 seconds
[2022-10-11 11:05:31,249] {processor.py:153} INFO - Started process (PID=202931) to work on /home/ubuntu/airflow/airflow_env/lib/python3.8/site-packages/airflow/example_dags/example_dag_decorator.py
[2022-10-11 11:05:31,250] {processor.py:641} INFO - Processing file /home/ubuntu/airflow/airflow_env/lib/python3.8/site-packages/airflow/example_dags/example_dag_decorator.py for tasks to queue
[2022-10-11 11:05:31,251] {logging_mixin.py:115} INFO - [2022-10-11 11:05:31,251] {dagbag.py:507} INFO - Filling up the DagBag from /home/ubuntu/airflow/airflow_env/lib/python3.8/site-packages/airflow/example_dags/example_dag_decorator.py
[2022-10-11 11:05:31,280] {processor.py:651} INFO - DAG(s) dict_keys(['example_dag_decorator']) retrieved from /home/ubuntu/airflow/airflow_env/lib/python3.8/site-packages/airflow/example_dags/example_dag_decorator.py
[2022-10-11 11:05:31,299] {logging_mixin.py:115} INFO - [2022-10-11 11:05:31,299] {dag.py:2379} INFO - Sync 1 DAGs
[2022-10-11 11:05:31,318] {logging_mixin.py:115} INFO - [2022-10-11 11:05:31,318] {dag.py:2927} INFO - Setting next_dagrun for example_dag_decorator to None, run_after=None
[2022-10-11 11:05:31,332] {processor.py:161} INFO - Processing /home/ubuntu/airflow/airflow_env/lib/python3.8/site-packages/airflow/example_dags/example_dag_decorator.py took 0.087 seconds
[2022-10-11 11:06:05,651] {processor.py:153} INFO - Started process (PID=202985) to work on /home/ubuntu/airflow/airflow_env/lib/python3.8/site-packages/airflow/example_dags/example_dag_decorator.py
[2022-10-11 11:06:05,653] {processor.py:641} INFO - Processing file /home/ubuntu/airflow/airflow_env/lib/python3.8/site-packages/airflow/example_dags/example_dag_decorator.py for tasks to queue
[2022-10-11 11:06:05,654] {logging_mixin.py:115} INFO - [2022-10-11 11:06:05,654] {dagbag.py:507} INFO - Filling up the DagBag from /home/ubuntu/airflow/airflow_env/lib/python3.8/site-packages/airflow/example_dags/example_dag_decorator.py
[2022-10-11 11:06:05,687] {processor.py:651} INFO - DAG(s) dict_keys(['example_dag_decorator']) retrieved from /home/ubuntu/airflow/airflow_env/lib/python3.8/site-packages/airflow/example_dags/example_dag_decorator.py
[2022-10-11 11:06:05,738] {logging_mixin.py:115} INFO - [2022-10-11 11:06:05,738] {dag.py:2379} INFO - Sync 1 DAGs
[2022-10-11 11:06:05,752] {logging_mixin.py:115} INFO - [2022-10-11 11:06:05,751] {dag.py:2927} INFO - Setting next_dagrun for example_dag_decorator to None, run_after=None
[2022-10-11 11:06:05,766] {processor.py:161} INFO - Processing /home/ubuntu/airflow/airflow_env/lib/python3.8/site-packages/airflow/example_dags/example_dag_decorator.py took 0.119 seconds
[2022-10-11 11:06:40,938] {processor.py:153} INFO - Started process (PID=203041) to work on /home/ubuntu/airflow/airflow_env/lib/python3.8/site-packages/airflow/example_dags/example_dag_decorator.py
[2022-10-11 11:06:40,939] {processor.py:641} INFO - Processing file /home/ubuntu/airflow/airflow_env/lib/python3.8/site-packages/airflow/example_dags/example_dag_decorator.py for tasks to queue
[2022-10-11 11:06:40,940] {logging_mixin.py:115} INFO - [2022-10-11 11:06:40,940] {dagbag.py:507} INFO - Filling up the DagBag from /home/ubuntu/airflow/airflow_env/lib/python3.8/site-packages/airflow/example_dags/example_dag_decorator.py
[2022-10-11 11:06:40,969] {processor.py:651} INFO - DAG(s) dict_keys(['example_dag_decorator']) retrieved from /home/ubuntu/airflow/airflow_env/lib/python3.8/site-packages/airflow/example_dags/example_dag_decorator.py
[2022-10-11 11:06:40,986] {logging_mixin.py:115} INFO - [2022-10-11 11:06:40,986] {dag.py:2379} INFO - Sync 1 DAGs
[2022-10-11 11:06:41,000] {logging_mixin.py:115} INFO - [2022-10-11 11:06:41,000] {dag.py:2927} INFO - Setting next_dagrun for example_dag_decorator to None, run_after=None
[2022-10-11 11:06:41,012] {processor.py:161} INFO - Processing /home/ubuntu/airflow/airflow_env/lib/python3.8/site-packages/airflow/example_dags/example_dag_decorator.py took 0.079 seconds
[2022-10-11 11:07:15,775] {processor.py:153} INFO - Started process (PID=203105) to work on /home/ubuntu/airflow/airflow_env/lib/python3.8/site-packages/airflow/example_dags/example_dag_decorator.py
[2022-10-11 11:07:15,776] {processor.py:641} INFO - Processing file /home/ubuntu/airflow/airflow_env/lib/python3.8/site-packages/airflow/example_dags/example_dag_decorator.py for tasks to queue
[2022-10-11 11:07:15,777] {logging_mixin.py:115} INFO - [2022-10-11 11:07:15,777] {dagbag.py:507} INFO - Filling up the DagBag from /home/ubuntu/airflow/airflow_env/lib/python3.8/site-packages/airflow/example_dags/example_dag_decorator.py
[2022-10-11 11:07:15,806] {processor.py:651} INFO - DAG(s) dict_keys(['example_dag_decorator']) retrieved from /home/ubuntu/airflow/airflow_env/lib/python3.8/site-packages/airflow/example_dags/example_dag_decorator.py
[2022-10-11 11:07:15,824] {logging_mixin.py:115} INFO - [2022-10-11 11:07:15,824] {dag.py:2379} INFO - Sync 1 DAGs
[2022-10-11 11:07:15,839] {logging_mixin.py:115} INFO - [2022-10-11 11:07:15,839] {dag.py:2927} INFO - Setting next_dagrun for example_dag_decorator to None, run_after=None
[2022-10-11 11:07:15,856] {processor.py:161} INFO - Processing /home/ubuntu/airflow/airflow_env/lib/python3.8/site-packages/airflow/example_dags/example_dag_decorator.py took 0.085 seconds
[2022-10-11 11:07:51,765] {processor.py:153} INFO - Started process (PID=203167) to work on /home/ubuntu/airflow/airflow_env/lib/python3.8/site-packages/airflow/example_dags/example_dag_decorator.py
[2022-10-11 11:07:51,766] {processor.py:641} INFO - Processing file /home/ubuntu/airflow/airflow_env/lib/python3.8/site-packages/airflow/example_dags/example_dag_decorator.py for tasks to queue
[2022-10-11 11:07:51,767] {logging_mixin.py:115} INFO - [2022-10-11 11:07:51,767] {dagbag.py:507} INFO - Filling up the DagBag from /home/ubuntu/airflow/airflow_env/lib/python3.8/site-packages/airflow/example_dags/example_dag_decorator.py
[2022-10-11 11:07:51,795] {processor.py:651} INFO - DAG(s) dict_keys(['example_dag_decorator']) retrieved from /home/ubuntu/airflow/airflow_env/lib/python3.8/site-packages/airflow/example_dags/example_dag_decorator.py
[2022-10-11 11:07:51,816] {logging_mixin.py:115} INFO - [2022-10-11 11:07:51,816] {dag.py:2379} INFO - Sync 1 DAGs
[2022-10-11 11:07:51,834] {logging_mixin.py:115} INFO - [2022-10-11 11:07:51,834] {dag.py:2927} INFO - Setting next_dagrun for example_dag_decorator to None, run_after=None
[2022-10-11 11:07:51,848] {processor.py:161} INFO - Processing /home/ubuntu/airflow/airflow_env/lib/python3.8/site-packages/airflow/example_dags/example_dag_decorator.py took 0.087 seconds
[2022-10-11 11:08:26,561] {processor.py:153} INFO - Started process (PID=203229) to work on /home/ubuntu/airflow/airflow_env/lib/python3.8/site-packages/airflow/example_dags/example_dag_decorator.py
[2022-10-11 11:08:26,562] {processor.py:641} INFO - Processing file /home/ubuntu/airflow/airflow_env/lib/python3.8/site-packages/airflow/example_dags/example_dag_decorator.py for tasks to queue
[2022-10-11 11:08:26,562] {logging_mixin.py:115} INFO - [2022-10-11 11:08:26,562] {dagbag.py:507} INFO - Filling up the DagBag from /home/ubuntu/airflow/airflow_env/lib/python3.8/site-packages/airflow/example_dags/example_dag_decorator.py
[2022-10-11 11:08:26,591] {processor.py:651} INFO - DAG(s) dict_keys(['example_dag_decorator']) retrieved from /home/ubuntu/airflow/airflow_env/lib/python3.8/site-packages/airflow/example_dags/example_dag_decorator.py
[2022-10-11 11:08:26,612] {logging_mixin.py:115} INFO - [2022-10-11 11:08:26,612] {dag.py:2379} INFO - Sync 1 DAGs
[2022-10-11 11:08:26,628] {logging_mixin.py:115} INFO - [2022-10-11 11:08:26,628] {dag.py:2927} INFO - Setting next_dagrun for example_dag_decorator to None, run_after=None
[2022-10-11 11:08:26,641] {processor.py:161} INFO - Processing /home/ubuntu/airflow/airflow_env/lib/python3.8/site-packages/airflow/example_dags/example_dag_decorator.py took 0.085 seconds
[2022-10-11 11:08:59,867] {processor.py:153} INFO - Started process (PID=203355) to work on /home/ubuntu/airflow/airflow_env/lib/python3.8/site-packages/airflow/example_dags/example_dag_decorator.py
[2022-10-11 11:08:59,868] {processor.py:641} INFO - Processing file /home/ubuntu/airflow/airflow_env/lib/python3.8/site-packages/airflow/example_dags/example_dag_decorator.py for tasks to queue
[2022-10-11 11:08:59,868] {logging_mixin.py:115} INFO - [2022-10-11 11:08:59,868] {dagbag.py:507} INFO - Filling up the DagBag from /home/ubuntu/airflow/airflow_env/lib/python3.8/site-packages/airflow/example_dags/example_dag_decorator.py
[2022-10-11 11:08:59,899] {processor.py:651} INFO - DAG(s) dict_keys(['example_dag_decorator']) retrieved from /home/ubuntu/airflow/airflow_env/lib/python3.8/site-packages/airflow/example_dags/example_dag_decorator.py
[2022-10-11 11:08:59,916] {logging_mixin.py:115} INFO - [2022-10-11 11:08:59,916] {dag.py:2379} INFO - Sync 1 DAGs
[2022-10-11 11:08:59,930] {logging_mixin.py:115} INFO - [2022-10-11 11:08:59,930] {dag.py:2927} INFO - Setting next_dagrun for example_dag_decorator to None, run_after=None
[2022-10-11 11:08:59,941] {processor.py:161} INFO - Processing /home/ubuntu/airflow/airflow_env/lib/python3.8/site-packages/airflow/example_dags/example_dag_decorator.py took 0.080 seconds
[2022-10-11 11:09:40,254] {processor.py:153} INFO - Started process (PID=203498) to work on /home/ubuntu/airflow/airflow_env/lib/python3.8/site-packages/airflow/example_dags/example_dag_decorator.py
[2022-10-11 11:09:40,255] {processor.py:641} INFO - Processing file /home/ubuntu/airflow/airflow_env/lib/python3.8/site-packages/airflow/example_dags/example_dag_decorator.py for tasks to queue
[2022-10-11 11:09:40,255] {logging_mixin.py:115} INFO - [2022-10-11 11:09:40,255] {dagbag.py:507} INFO - Filling up the DagBag from /home/ubuntu/airflow/airflow_env/lib/python3.8/site-packages/airflow/example_dags/example_dag_decorator.py
[2022-10-11 11:09:40,284] {processor.py:651} INFO - DAG(s) dict_keys(['example_dag_decorator']) retrieved from /home/ubuntu/airflow/airflow_env/lib/python3.8/site-packages/airflow/example_dags/example_dag_decorator.py
[2022-10-11 11:09:40,302] {logging_mixin.py:115} INFO - [2022-10-11 11:09:40,302] {dag.py:2379} INFO - Sync 1 DAGs
[2022-10-11 11:09:40,318] {logging_mixin.py:115} INFO - [2022-10-11 11:09:40,318] {dag.py:2927} INFO - Setting next_dagrun for example_dag_decorator to None, run_after=None
[2022-10-11 11:09:40,330] {processor.py:161} INFO - Processing /home/ubuntu/airflow/airflow_env/lib/python3.8/site-packages/airflow/example_dags/example_dag_decorator.py took 0.081 seconds
[2022-10-11 11:10:15,456] {processor.py:153} INFO - Started process (PID=203551) to work on /home/ubuntu/airflow/airflow_env/lib/python3.8/site-packages/airflow/example_dags/example_dag_decorator.py
[2022-10-11 11:10:15,457] {processor.py:641} INFO - Processing file /home/ubuntu/airflow/airflow_env/lib/python3.8/site-packages/airflow/example_dags/example_dag_decorator.py for tasks to queue
[2022-10-11 11:10:15,457] {logging_mixin.py:115} INFO - [2022-10-11 11:10:15,457] {dagbag.py:507} INFO - Filling up the DagBag from /home/ubuntu/airflow/airflow_env/lib/python3.8/site-packages/airflow/example_dags/example_dag_decorator.py
[2022-10-11 11:10:15,487] {processor.py:651} INFO - DAG(s) dict_keys(['example_dag_decorator']) retrieved from /home/ubuntu/airflow/airflow_env/lib/python3.8/site-packages/airflow/example_dags/example_dag_decorator.py
[2022-10-11 11:10:15,507] {logging_mixin.py:115} INFO - [2022-10-11 11:10:15,507] {dag.py:2379} INFO - Sync 1 DAGs
[2022-10-11 11:10:15,525] {logging_mixin.py:115} INFO - [2022-10-11 11:10:15,524] {dag.py:2927} INFO - Setting next_dagrun for example_dag_decorator to None, run_after=None
[2022-10-11 11:10:15,539] {processor.py:161} INFO - Processing /home/ubuntu/airflow/airflow_env/lib/python3.8/site-packages/airflow/example_dags/example_dag_decorator.py took 0.087 seconds
[2022-10-11 11:10:50,180] {processor.py:153} INFO - Started process (PID=203610) to work on /home/ubuntu/airflow/airflow_env/lib/python3.8/site-packages/airflow/example_dags/example_dag_decorator.py
[2022-10-11 11:10:50,183] {processor.py:641} INFO - Processing file /home/ubuntu/airflow/airflow_env/lib/python3.8/site-packages/airflow/example_dags/example_dag_decorator.py for tasks to queue
[2022-10-11 11:10:50,184] {logging_mixin.py:115} INFO - [2022-10-11 11:10:50,184] {dagbag.py:507} INFO - Filling up the DagBag from /home/ubuntu/airflow/airflow_env/lib/python3.8/site-packages/airflow/example_dags/example_dag_decorator.py
[2022-10-11 11:10:50,223] {processor.py:651} INFO - DAG(s) dict_keys(['example_dag_decorator']) retrieved from /home/ubuntu/airflow/airflow_env/lib/python3.8/site-packages/airflow/example_dags/example_dag_decorator.py
[2022-10-11 11:10:50,249] {logging_mixin.py:115} INFO - [2022-10-11 11:10:50,249] {dag.py:2379} INFO - Sync 1 DAGs
[2022-10-11 11:10:50,269] {logging_mixin.py:115} INFO - [2022-10-11 11:10:50,269] {dag.py:2927} INFO - Setting next_dagrun for example_dag_decorator to None, run_after=None
[2022-10-11 11:10:50,284] {processor.py:161} INFO - Processing /home/ubuntu/airflow/airflow_env/lib/python3.8/site-packages/airflow/example_dags/example_dag_decorator.py took 0.111 seconds
[2022-10-11 11:11:27,372] {processor.py:153} INFO - Started process (PID=203666) to work on /home/ubuntu/airflow/airflow_env/lib/python3.8/site-packages/airflow/example_dags/example_dag_decorator.py
[2022-10-11 11:11:27,374] {processor.py:641} INFO - Processing file /home/ubuntu/airflow/airflow_env/lib/python3.8/site-packages/airflow/example_dags/example_dag_decorator.py for tasks to queue
[2022-10-11 11:11:27,376] {logging_mixin.py:115} INFO - [2022-10-11 11:11:27,376] {dagbag.py:507} INFO - Filling up the DagBag from /home/ubuntu/airflow/airflow_env/lib/python3.8/site-packages/airflow/example_dags/example_dag_decorator.py
[2022-10-11 11:11:27,413] {processor.py:651} INFO - DAG(s) dict_keys(['example_dag_decorator']) retrieved from /home/ubuntu/airflow/airflow_env/lib/python3.8/site-packages/airflow/example_dags/example_dag_decorator.py
[2022-10-11 11:11:27,469] {logging_mixin.py:115} INFO - [2022-10-11 11:11:27,469] {dag.py:2379} INFO - Sync 1 DAGs
[2022-10-11 11:11:27,482] {logging_mixin.py:115} INFO - [2022-10-11 11:11:27,481] {dag.py:2927} INFO - Setting next_dagrun for example_dag_decorator to None, run_after=None
[2022-10-11 11:11:27,495] {processor.py:161} INFO - Processing /home/ubuntu/airflow/airflow_env/lib/python3.8/site-packages/airflow/example_dags/example_dag_decorator.py took 0.134 seconds
[2022-10-11 11:12:01,640] {processor.py:153} INFO - Started process (PID=203724) to work on /home/ubuntu/airflow/airflow_env/lib/python3.8/site-packages/airflow/example_dags/example_dag_decorator.py
[2022-10-11 11:12:01,641] {processor.py:641} INFO - Processing file /home/ubuntu/airflow/airflow_env/lib/python3.8/site-packages/airflow/example_dags/example_dag_decorator.py for tasks to queue
[2022-10-11 11:12:01,642] {logging_mixin.py:115} INFO - [2022-10-11 11:12:01,641] {dagbag.py:507} INFO - Filling up the DagBag from /home/ubuntu/airflow/airflow_env/lib/python3.8/site-packages/airflow/example_dags/example_dag_decorator.py
[2022-10-11 11:12:01,672] {processor.py:651} INFO - DAG(s) dict_keys(['example_dag_decorator']) retrieved from /home/ubuntu/airflow/airflow_env/lib/python3.8/site-packages/airflow/example_dags/example_dag_decorator.py
[2022-10-11 11:12:01,726] {logging_mixin.py:115} INFO - [2022-10-11 11:12:01,726] {dag.py:2379} INFO - Sync 1 DAGs
[2022-10-11 11:12:01,747] {logging_mixin.py:115} INFO - [2022-10-11 11:12:01,746] {dag.py:2927} INFO - Setting next_dagrun for example_dag_decorator to None, run_after=None
[2022-10-11 11:12:01,764] {processor.py:161} INFO - Processing /home/ubuntu/airflow/airflow_env/lib/python3.8/site-packages/airflow/example_dags/example_dag_decorator.py took 0.129 seconds
[2022-10-11 11:12:44,599] {processor.py:153} INFO - Started process (PID=203927) to work on /home/ubuntu/airflow/airflow_env/lib/python3.8/site-packages/airflow/example_dags/example_dag_decorator.py
[2022-10-11 11:12:44,600] {processor.py:641} INFO - Processing file /home/ubuntu/airflow/airflow_env/lib/python3.8/site-packages/airflow/example_dags/example_dag_decorator.py for tasks to queue
[2022-10-11 11:12:44,601] {logging_mixin.py:115} INFO - [2022-10-11 11:12:44,601] {dagbag.py:507} INFO - Filling up the DagBag from /home/ubuntu/airflow/airflow_env/lib/python3.8/site-packages/airflow/example_dags/example_dag_decorator.py
[2022-10-11 11:12:44,695] {processor.py:651} INFO - DAG(s) dict_keys(['example_dag_decorator']) retrieved from /home/ubuntu/airflow/airflow_env/lib/python3.8/site-packages/airflow/example_dags/example_dag_decorator.py
[2022-10-11 11:12:44,866] {logging_mixin.py:115} INFO - [2022-10-11 11:12:44,866] {dag.py:2379} INFO - Sync 1 DAGs
[2022-10-11 11:12:44,936] {logging_mixin.py:115} INFO - [2022-10-11 11:12:44,935] {dag.py:2927} INFO - Setting next_dagrun for example_dag_decorator to None, run_after=None
[2022-10-11 11:12:45,034] {processor.py:161} INFO - Processing /home/ubuntu/airflow/airflow_env/lib/python3.8/site-packages/airflow/example_dags/example_dag_decorator.py took 0.441 seconds
[2022-10-11 11:13:32,278] {processor.py:153} INFO - Started process (PID=210127) to work on /home/ubuntu/airflow/airflow_env/lib/python3.8/site-packages/airflow/example_dags/example_dag_decorator.py
[2022-10-11 11:13:32,280] {processor.py:641} INFO - Processing file /home/ubuntu/airflow/airflow_env/lib/python3.8/site-packages/airflow/example_dags/example_dag_decorator.py for tasks to queue
[2022-10-11 11:13:32,281] {logging_mixin.py:115} INFO - [2022-10-11 11:13:32,281] {dagbag.py:507} INFO - Filling up the DagBag from /home/ubuntu/airflow/airflow_env/lib/python3.8/site-packages/airflow/example_dags/example_dag_decorator.py
[2022-10-11 11:13:32,320] {processor.py:651} INFO - DAG(s) dict_keys(['example_dag_decorator']) retrieved from /home/ubuntu/airflow/airflow_env/lib/python3.8/site-packages/airflow/example_dags/example_dag_decorator.py
[2022-10-11 11:13:32,342] {logging_mixin.py:115} INFO - [2022-10-11 11:13:32,342] {dag.py:2379} INFO - Sync 1 DAGs
[2022-10-11 11:13:32,423] {logging_mixin.py:115} INFO - [2022-10-11 11:13:32,422] {dag.py:2927} INFO - Setting next_dagrun for example_dag_decorator to None, run_after=None
[2022-10-11 11:13:32,483] {processor.py:161} INFO - Processing /home/ubuntu/airflow/airflow_env/lib/python3.8/site-packages/airflow/example_dags/example_dag_decorator.py took 0.209 seconds
[2022-10-11 11:14:11,511] {processor.py:153} INFO - Started process (PID=212062) to work on /home/ubuntu/airflow/airflow_env/lib/python3.8/site-packages/airflow/example_dags/example_dag_decorator.py
[2022-10-11 11:14:11,512] {processor.py:641} INFO - Processing file /home/ubuntu/airflow/airflow_env/lib/python3.8/site-packages/airflow/example_dags/example_dag_decorator.py for tasks to queue
[2022-10-11 11:14:11,514] {logging_mixin.py:115} INFO - [2022-10-11 11:14:11,514] {dagbag.py:507} INFO - Filling up the DagBag from /home/ubuntu/airflow/airflow_env/lib/python3.8/site-packages/airflow/example_dags/example_dag_decorator.py
[2022-10-11 11:14:11,543] {processor.py:651} INFO - DAG(s) dict_keys(['example_dag_decorator']) retrieved from /home/ubuntu/airflow/airflow_env/lib/python3.8/site-packages/airflow/example_dags/example_dag_decorator.py
[2022-10-11 11:14:11,563] {logging_mixin.py:115} INFO - [2022-10-11 11:14:11,563] {dag.py:2379} INFO - Sync 1 DAGs
[2022-10-11 11:14:11,580] {logging_mixin.py:115} INFO - [2022-10-11 11:14:11,580] {dag.py:2927} INFO - Setting next_dagrun for example_dag_decorator to None, run_after=None
[2022-10-11 11:14:11,601] {processor.py:161} INFO - Processing /home/ubuntu/airflow/airflow_env/lib/python3.8/site-packages/airflow/example_dags/example_dag_decorator.py took 0.096 seconds
[2022-10-11 11:14:46,168] {processor.py:153} INFO - Started process (PID=212264) to work on /home/ubuntu/airflow/airflow_env/lib/python3.8/site-packages/airflow/example_dags/example_dag_decorator.py
[2022-10-11 11:14:46,170] {processor.py:641} INFO - Processing file /home/ubuntu/airflow/airflow_env/lib/python3.8/site-packages/airflow/example_dags/example_dag_decorator.py for tasks to queue
[2022-10-11 11:14:46,171] {logging_mixin.py:115} INFO - [2022-10-11 11:14:46,171] {dagbag.py:507} INFO - Filling up the DagBag from /home/ubuntu/airflow/airflow_env/lib/python3.8/site-packages/airflow/example_dags/example_dag_decorator.py
[2022-10-11 11:14:46,202] {processor.py:651} INFO - DAG(s) dict_keys(['example_dag_decorator']) retrieved from /home/ubuntu/airflow/airflow_env/lib/python3.8/site-packages/airflow/example_dags/example_dag_decorator.py
[2022-10-11 11:14:46,227] {logging_mixin.py:115} INFO - [2022-10-11 11:14:46,227] {dag.py:2379} INFO - Sync 1 DAGs
[2022-10-11 11:14:46,248] {logging_mixin.py:115} INFO - [2022-10-11 11:14:46,248] {dag.py:2927} INFO - Setting next_dagrun for example_dag_decorator to None, run_after=None
[2022-10-11 11:14:46,260] {processor.py:161} INFO - Processing /home/ubuntu/airflow/airflow_env/lib/python3.8/site-packages/airflow/example_dags/example_dag_decorator.py took 0.096 seconds
[2022-10-11 11:15:19,745] {processor.py:153} INFO - Started process (PID=212323) to work on /home/ubuntu/airflow/airflow_env/lib/python3.8/site-packages/airflow/example_dags/example_dag_decorator.py
[2022-10-11 11:15:19,746] {processor.py:641} INFO - Processing file /home/ubuntu/airflow/airflow_env/lib/python3.8/site-packages/airflow/example_dags/example_dag_decorator.py for tasks to queue
[2022-10-11 11:15:19,746] {logging_mixin.py:115} INFO - [2022-10-11 11:15:19,746] {dagbag.py:507} INFO - Filling up the DagBag from /home/ubuntu/airflow/airflow_env/lib/python3.8/site-packages/airflow/example_dags/example_dag_decorator.py
[2022-10-11 11:15:19,772] {processor.py:651} INFO - DAG(s) dict_keys(['example_dag_decorator']) retrieved from /home/ubuntu/airflow/airflow_env/lib/python3.8/site-packages/airflow/example_dags/example_dag_decorator.py
[2022-10-11 11:15:19,790] {logging_mixin.py:115} INFO - [2022-10-11 11:15:19,790] {dag.py:2379} INFO - Sync 1 DAGs
[2022-10-11 11:15:19,804] {logging_mixin.py:115} INFO - [2022-10-11 11:15:19,804] {dag.py:2927} INFO - Setting next_dagrun for example_dag_decorator to None, run_after=None
[2022-10-11 11:15:19,815] {processor.py:161} INFO - Processing /home/ubuntu/airflow/airflow_env/lib/python3.8/site-packages/airflow/example_dags/example_dag_decorator.py took 0.074 seconds
[2022-10-11 11:15:56,908] {processor.py:153} INFO - Started process (PID=212387) to work on /home/ubuntu/airflow/airflow_env/lib/python3.8/site-packages/airflow/example_dags/example_dag_decorator.py
[2022-10-11 11:15:56,909] {processor.py:641} INFO - Processing file /home/ubuntu/airflow/airflow_env/lib/python3.8/site-packages/airflow/example_dags/example_dag_decorator.py for tasks to queue
[2022-10-11 11:15:56,909] {logging_mixin.py:115} INFO - [2022-10-11 11:15:56,909] {dagbag.py:507} INFO - Filling up the DagBag from /home/ubuntu/airflow/airflow_env/lib/python3.8/site-packages/airflow/example_dags/example_dag_decorator.py
[2022-10-11 11:15:56,935] {processor.py:651} INFO - DAG(s) dict_keys(['example_dag_decorator']) retrieved from /home/ubuntu/airflow/airflow_env/lib/python3.8/site-packages/airflow/example_dags/example_dag_decorator.py
[2022-10-11 11:15:56,953] {logging_mixin.py:115} INFO - [2022-10-11 11:15:56,953] {dag.py:2379} INFO - Sync 1 DAGs
[2022-10-11 11:15:56,968] {logging_mixin.py:115} INFO - [2022-10-11 11:15:56,968] {dag.py:2927} INFO - Setting next_dagrun for example_dag_decorator to None, run_after=None
[2022-10-11 11:15:56,979] {processor.py:161} INFO - Processing /home/ubuntu/airflow/airflow_env/lib/python3.8/site-packages/airflow/example_dags/example_dag_decorator.py took 0.076 seconds
[2022-10-11 11:16:30,121] {processor.py:153} INFO - Started process (PID=212444) to work on /home/ubuntu/airflow/airflow_env/lib/python3.8/site-packages/airflow/example_dags/example_dag_decorator.py
[2022-10-11 11:16:30,122] {processor.py:641} INFO - Processing file /home/ubuntu/airflow/airflow_env/lib/python3.8/site-packages/airflow/example_dags/example_dag_decorator.py for tasks to queue
[2022-10-11 11:16:30,122] {logging_mixin.py:115} INFO - [2022-10-11 11:16:30,122] {dagbag.py:507} INFO - Filling up the DagBag from /home/ubuntu/airflow/airflow_env/lib/python3.8/site-packages/airflow/example_dags/example_dag_decorator.py
[2022-10-11 11:16:30,156] {processor.py:651} INFO - DAG(s) dict_keys(['example_dag_decorator']) retrieved from /home/ubuntu/airflow/airflow_env/lib/python3.8/site-packages/airflow/example_dags/example_dag_decorator.py
[2022-10-11 11:16:30,218] {logging_mixin.py:115} INFO - [2022-10-11 11:16:30,218] {dag.py:2379} INFO - Sync 1 DAGs
[2022-10-11 11:16:30,235] {logging_mixin.py:115} INFO - [2022-10-11 11:16:30,235] {dag.py:2927} INFO - Setting next_dagrun for example_dag_decorator to None, run_after=None
[2022-10-11 11:16:30,251] {processor.py:161} INFO - Processing /home/ubuntu/airflow/airflow_env/lib/python3.8/site-packages/airflow/example_dags/example_dag_decorator.py took 0.135 seconds
[2022-10-11 11:17:04,454] {processor.py:153} INFO - Started process (PID=212792) to work on /home/ubuntu/airflow/airflow_env/lib/python3.8/site-packages/airflow/example_dags/example_dag_decorator.py
[2022-10-11 11:17:04,455] {processor.py:641} INFO - Processing file /home/ubuntu/airflow/airflow_env/lib/python3.8/site-packages/airflow/example_dags/example_dag_decorator.py for tasks to queue
[2022-10-11 11:17:04,455] {logging_mixin.py:115} INFO - [2022-10-11 11:17:04,455] {dagbag.py:507} INFO - Filling up the DagBag from /home/ubuntu/airflow/airflow_env/lib/python3.8/site-packages/airflow/example_dags/example_dag_decorator.py
[2022-10-11 11:17:04,483] {processor.py:651} INFO - DAG(s) dict_keys(['example_dag_decorator']) retrieved from /home/ubuntu/airflow/airflow_env/lib/python3.8/site-packages/airflow/example_dags/example_dag_decorator.py
[2022-10-11 11:17:04,502] {logging_mixin.py:115} INFO - [2022-10-11 11:17:04,502] {dag.py:2379} INFO - Sync 1 DAGs
[2022-10-11 11:17:04,518] {logging_mixin.py:115} INFO - [2022-10-11 11:17:04,518] {dag.py:2927} INFO - Setting next_dagrun for example_dag_decorator to None, run_after=None
[2022-10-11 11:17:04,532] {processor.py:161} INFO - Processing /home/ubuntu/airflow/airflow_env/lib/python3.8/site-packages/airflow/example_dags/example_dag_decorator.py took 0.085 seconds
[2022-10-11 11:17:42,192] {processor.py:153} INFO - Started process (PID=212899) to work on /home/ubuntu/airflow/airflow_env/lib/python3.8/site-packages/airflow/example_dags/example_dag_decorator.py
[2022-10-11 11:17:42,194] {processor.py:641} INFO - Processing file /home/ubuntu/airflow/airflow_env/lib/python3.8/site-packages/airflow/example_dags/example_dag_decorator.py for tasks to queue
[2022-10-11 11:17:42,195] {logging_mixin.py:115} INFO - [2022-10-11 11:17:42,195] {dagbag.py:507} INFO - Filling up the DagBag from /home/ubuntu/airflow/airflow_env/lib/python3.8/site-packages/airflow/example_dags/example_dag_decorator.py
[2022-10-11 11:17:42,253] {processor.py:651} INFO - DAG(s) dict_keys(['example_dag_decorator']) retrieved from /home/ubuntu/airflow/airflow_env/lib/python3.8/site-packages/airflow/example_dags/example_dag_decorator.py
[2022-10-11 11:17:42,323] {logging_mixin.py:115} INFO - [2022-10-11 11:17:42,323] {dag.py:2379} INFO - Sync 1 DAGs
[2022-10-11 11:17:42,351] {logging_mixin.py:115} INFO - [2022-10-11 11:17:42,351] {dag.py:2927} INFO - Setting next_dagrun for example_dag_decorator to None, run_after=None
[2022-10-11 11:17:42,369] {processor.py:161} INFO - Processing /home/ubuntu/airflow/airflow_env/lib/python3.8/site-packages/airflow/example_dags/example_dag_decorator.py took 0.185 seconds
[2022-10-11 11:18:20,098] {processor.py:153} INFO - Started process (PID=212959) to work on /home/ubuntu/airflow/airflow_env/lib/python3.8/site-packages/airflow/example_dags/example_dag_decorator.py
[2022-10-11 11:18:20,099] {processor.py:641} INFO - Processing file /home/ubuntu/airflow/airflow_env/lib/python3.8/site-packages/airflow/example_dags/example_dag_decorator.py for tasks to queue
[2022-10-11 11:18:20,100] {logging_mixin.py:115} INFO - [2022-10-11 11:18:20,100] {dagbag.py:507} INFO - Filling up the DagBag from /home/ubuntu/airflow/airflow_env/lib/python3.8/site-packages/airflow/example_dags/example_dag_decorator.py
[2022-10-11 11:18:20,129] {processor.py:651} INFO - DAG(s) dict_keys(['example_dag_decorator']) retrieved from /home/ubuntu/airflow/airflow_env/lib/python3.8/site-packages/airflow/example_dags/example_dag_decorator.py
[2022-10-11 11:18:20,150] {logging_mixin.py:115} INFO - [2022-10-11 11:18:20,150] {dag.py:2379} INFO - Sync 1 DAGs
[2022-10-11 11:18:20,168] {logging_mixin.py:115} INFO - [2022-10-11 11:18:20,168] {dag.py:2927} INFO - Setting next_dagrun for example_dag_decorator to None, run_after=None
[2022-10-11 11:18:20,181] {processor.py:161} INFO - Processing /home/ubuntu/airflow/airflow_env/lib/python3.8/site-packages/airflow/example_dags/example_dag_decorator.py took 0.088 seconds
[2022-10-11 11:18:53,692] {processor.py:153} INFO - Started process (PID=213055) to work on /home/ubuntu/airflow/airflow_env/lib/python3.8/site-packages/airflow/example_dags/example_dag_decorator.py
[2022-10-11 11:18:53,692] {processor.py:641} INFO - Processing file /home/ubuntu/airflow/airflow_env/lib/python3.8/site-packages/airflow/example_dags/example_dag_decorator.py for tasks to queue
[2022-10-11 11:18:53,693] {logging_mixin.py:115} INFO - [2022-10-11 11:18:53,693] {dagbag.py:507} INFO - Filling up the DagBag from /home/ubuntu/airflow/airflow_env/lib/python3.8/site-packages/airflow/example_dags/example_dag_decorator.py
[2022-10-11 11:18:53,724] {processor.py:651} INFO - DAG(s) dict_keys(['example_dag_decorator']) retrieved from /home/ubuntu/airflow/airflow_env/lib/python3.8/site-packages/airflow/example_dags/example_dag_decorator.py
[2022-10-11 11:18:53,745] {logging_mixin.py:115} INFO - [2022-10-11 11:18:53,745] {dag.py:2379} INFO - Sync 1 DAGs
[2022-10-11 11:18:53,763] {logging_mixin.py:115} INFO - [2022-10-11 11:18:53,763] {dag.py:2927} INFO - Setting next_dagrun for example_dag_decorator to None, run_after=None
[2022-10-11 11:18:53,776] {processor.py:161} INFO - Processing /home/ubuntu/airflow/airflow_env/lib/python3.8/site-packages/airflow/example_dags/example_dag_decorator.py took 0.091 seconds
[2022-10-11 11:19:31,765] {processor.py:153} INFO - Started process (PID=213182) to work on /home/ubuntu/airflow/airflow_env/lib/python3.8/site-packages/airflow/example_dags/example_dag_decorator.py
[2022-10-11 11:19:31,766] {processor.py:641} INFO - Processing file /home/ubuntu/airflow/airflow_env/lib/python3.8/site-packages/airflow/example_dags/example_dag_decorator.py for tasks to queue
[2022-10-11 11:19:31,767] {logging_mixin.py:115} INFO - [2022-10-11 11:19:31,767] {dagbag.py:507} INFO - Filling up the DagBag from /home/ubuntu/airflow/airflow_env/lib/python3.8/site-packages/airflow/example_dags/example_dag_decorator.py
[2022-10-11 11:19:31,814] {processor.py:651} INFO - DAG(s) dict_keys(['example_dag_decorator']) retrieved from /home/ubuntu/airflow/airflow_env/lib/python3.8/site-packages/airflow/example_dags/example_dag_decorator.py
[2022-10-11 11:19:31,838] {logging_mixin.py:115} INFO - [2022-10-11 11:19:31,838] {dag.py:2379} INFO - Sync 1 DAGs
[2022-10-11 11:19:31,855] {logging_mixin.py:115} INFO - [2022-10-11 11:19:31,855] {dag.py:2927} INFO - Setting next_dagrun for example_dag_decorator to None, run_after=None
[2022-10-11 11:19:31,869] {processor.py:161} INFO - Processing /home/ubuntu/airflow/airflow_env/lib/python3.8/site-packages/airflow/example_dags/example_dag_decorator.py took 0.112 seconds
[2022-10-11 11:20:08,996] {processor.py:153} INFO - Started process (PID=213307) to work on /home/ubuntu/airflow/airflow_env/lib/python3.8/site-packages/airflow/example_dags/example_dag_decorator.py
[2022-10-11 11:20:08,997] {processor.py:641} INFO - Processing file /home/ubuntu/airflow/airflow_env/lib/python3.8/site-packages/airflow/example_dags/example_dag_decorator.py for tasks to queue
[2022-10-11 11:20:08,998] {logging_mixin.py:115} INFO - [2022-10-11 11:20:08,998] {dagbag.py:507} INFO - Filling up the DagBag from /home/ubuntu/airflow/airflow_env/lib/python3.8/site-packages/airflow/example_dags/example_dag_decorator.py
[2022-10-11 11:20:09,024] {processor.py:651} INFO - DAG(s) dict_keys(['example_dag_decorator']) retrieved from /home/ubuntu/airflow/airflow_env/lib/python3.8/site-packages/airflow/example_dags/example_dag_decorator.py
[2022-10-11 11:20:09,041] {logging_mixin.py:115} INFO - [2022-10-11 11:20:09,041] {dag.py:2379} INFO - Sync 1 DAGs
[2022-10-11 11:20:09,062] {logging_mixin.py:115} INFO - [2022-10-11 11:20:09,062] {dag.py:2927} INFO - Setting next_dagrun for example_dag_decorator to None, run_after=None
[2022-10-11 11:20:09,078] {processor.py:161} INFO - Processing /home/ubuntu/airflow/airflow_env/lib/python3.8/site-packages/airflow/example_dags/example_dag_decorator.py took 0.086 seconds
[2022-10-11 11:20:47,884] {processor.py:153} INFO - Started process (PID=213376) to work on /home/ubuntu/airflow/airflow_env/lib/python3.8/site-packages/airflow/example_dags/example_dag_decorator.py
[2022-10-11 11:20:47,885] {processor.py:641} INFO - Processing file /home/ubuntu/airflow/airflow_env/lib/python3.8/site-packages/airflow/example_dags/example_dag_decorator.py for tasks to queue
[2022-10-11 11:20:47,886] {logging_mixin.py:115} INFO - [2022-10-11 11:20:47,886] {dagbag.py:507} INFO - Filling up the DagBag from /home/ubuntu/airflow/airflow_env/lib/python3.8/site-packages/airflow/example_dags/example_dag_decorator.py
[2022-10-11 11:20:47,912] {processor.py:651} INFO - DAG(s) dict_keys(['example_dag_decorator']) retrieved from /home/ubuntu/airflow/airflow_env/lib/python3.8/site-packages/airflow/example_dags/example_dag_decorator.py
[2022-10-11 11:20:47,931] {logging_mixin.py:115} INFO - [2022-10-11 11:20:47,931] {dag.py:2379} INFO - Sync 1 DAGs
[2022-10-11 11:20:47,948] {logging_mixin.py:115} INFO - [2022-10-11 11:20:47,948] {dag.py:2927} INFO - Setting next_dagrun for example_dag_decorator to None, run_after=None
[2022-10-11 11:20:47,960] {processor.py:161} INFO - Processing /home/ubuntu/airflow/airflow_env/lib/python3.8/site-packages/airflow/example_dags/example_dag_decorator.py took 0.081 seconds
[2022-10-11 11:21:21,340] {processor.py:153} INFO - Started process (PID=213434) to work on /home/ubuntu/airflow/airflow_env/lib/python3.8/site-packages/airflow/example_dags/example_dag_decorator.py
[2022-10-11 11:21:21,342] {processor.py:641} INFO - Processing file /home/ubuntu/airflow/airflow_env/lib/python3.8/site-packages/airflow/example_dags/example_dag_decorator.py for tasks to queue
[2022-10-11 11:21:21,345] {logging_mixin.py:115} INFO - [2022-10-11 11:21:21,345] {dagbag.py:507} INFO - Filling up the DagBag from /home/ubuntu/airflow/airflow_env/lib/python3.8/site-packages/airflow/example_dags/example_dag_decorator.py
[2022-10-11 11:21:21,405] {processor.py:651} INFO - DAG(s) dict_keys(['example_dag_decorator']) retrieved from /home/ubuntu/airflow/airflow_env/lib/python3.8/site-packages/airflow/example_dags/example_dag_decorator.py
[2022-10-11 11:21:21,515] {logging_mixin.py:115} INFO - [2022-10-11 11:21:21,515] {dag.py:2379} INFO - Sync 1 DAGs
[2022-10-11 11:21:21,541] {logging_mixin.py:115} INFO - [2022-10-11 11:21:21,541] {dag.py:2927} INFO - Setting next_dagrun for example_dag_decorator to None, run_after=None
[2022-10-11 11:21:21,570] {processor.py:161} INFO - Processing /home/ubuntu/airflow/airflow_env/lib/python3.8/site-packages/airflow/example_dags/example_dag_decorator.py took 0.243 seconds
