[2022-10-11 11:02:06,318] {processor.py:153} INFO - Started process (PID=202504) to work on /home/ubuntu/airflow/airflow_env/lib/python3.8/site-packages/airflow/example_dags/example_latest_only.py
[2022-10-11 11:02:06,319] {processor.py:641} INFO - Processing file /home/ubuntu/airflow/airflow_env/lib/python3.8/site-packages/airflow/example_dags/example_latest_only.py for tasks to queue
[2022-10-11 11:02:06,320] {logging_mixin.py:115} INFO - [2022-10-11 11:02:06,320] {dagbag.py:507} INFO - Filling up the DagBag from /home/ubuntu/airflow/airflow_env/lib/python3.8/site-packages/airflow/example_dags/example_latest_only.py
[2022-10-11 11:02:06,327] {processor.py:651} INFO - DAG(s) dict_keys(['latest_only']) retrieved from /home/ubuntu/airflow/airflow_env/lib/python3.8/site-packages/airflow/example_dags/example_latest_only.py
[2022-10-11 11:02:06,351] {logging_mixin.py:115} INFO - [2022-10-11 11:02:06,351] {dag.py:2379} INFO - Sync 1 DAGs
[2022-10-11 11:02:06,367] {logging_mixin.py:115} INFO - [2022-10-11 11:02:06,367] {dag.py:2927} INFO - Setting next_dagrun for latest_only to 2022-10-11T14:02:06.366803+00:00, run_after=2022-10-11T18:02:06.366803+00:00
[2022-10-11 11:02:06,381] {processor.py:161} INFO - Processing /home/ubuntu/airflow/airflow_env/lib/python3.8/site-packages/airflow/example_dags/example_latest_only.py took 0.068 seconds
[2022-10-11 11:02:40,436] {processor.py:153} INFO - Started process (PID=202559) to work on /home/ubuntu/airflow/airflow_env/lib/python3.8/site-packages/airflow/example_dags/example_latest_only.py
[2022-10-11 11:02:40,437] {processor.py:641} INFO - Processing file /home/ubuntu/airflow/airflow_env/lib/python3.8/site-packages/airflow/example_dags/example_latest_only.py for tasks to queue
[2022-10-11 11:02:40,438] {logging_mixin.py:115} INFO - [2022-10-11 11:02:40,438] {dagbag.py:507} INFO - Filling up the DagBag from /home/ubuntu/airflow/airflow_env/lib/python3.8/site-packages/airflow/example_dags/example_latest_only.py
[2022-10-11 11:02:40,445] {processor.py:651} INFO - DAG(s) dict_keys(['latest_only']) retrieved from /home/ubuntu/airflow/airflow_env/lib/python3.8/site-packages/airflow/example_dags/example_latest_only.py
[2022-10-11 11:02:40,466] {logging_mixin.py:115} INFO - [2022-10-11 11:02:40,466] {dag.py:2379} INFO - Sync 1 DAGs
[2022-10-11 11:02:40,482] {logging_mixin.py:115} INFO - [2022-10-11 11:02:40,482] {dag.py:2927} INFO - Setting next_dagrun for latest_only to 2022-10-11T14:02:40.481802+00:00, run_after=2022-10-11T18:02:40.481802+00:00
[2022-10-11 11:02:40,494] {processor.py:161} INFO - Processing /home/ubuntu/airflow/airflow_env/lib/python3.8/site-packages/airflow/example_dags/example_latest_only.py took 0.062 seconds
[2022-10-11 11:03:15,625] {processor.py:153} INFO - Started process (PID=202618) to work on /home/ubuntu/airflow/airflow_env/lib/python3.8/site-packages/airflow/example_dags/example_latest_only.py
[2022-10-11 11:03:15,626] {processor.py:641} INFO - Processing file /home/ubuntu/airflow/airflow_env/lib/python3.8/site-packages/airflow/example_dags/example_latest_only.py for tasks to queue
[2022-10-11 11:03:15,627] {logging_mixin.py:115} INFO - [2022-10-11 11:03:15,627] {dagbag.py:507} INFO - Filling up the DagBag from /home/ubuntu/airflow/airflow_env/lib/python3.8/site-packages/airflow/example_dags/example_latest_only.py
[2022-10-11 11:03:15,634] {processor.py:651} INFO - DAG(s) dict_keys(['latest_only']) retrieved from /home/ubuntu/airflow/airflow_env/lib/python3.8/site-packages/airflow/example_dags/example_latest_only.py
[2022-10-11 11:03:15,660] {logging_mixin.py:115} INFO - [2022-10-11 11:03:15,660] {dag.py:2379} INFO - Sync 1 DAGs
[2022-10-11 11:03:15,679] {logging_mixin.py:115} INFO - [2022-10-11 11:03:15,679] {dag.py:2927} INFO - Setting next_dagrun for latest_only to 2022-10-11T14:03:15.678855+00:00, run_after=2022-10-11T18:03:15.678855+00:00
[2022-10-11 11:03:15,695] {processor.py:161} INFO - Processing /home/ubuntu/airflow/airflow_env/lib/python3.8/site-packages/airflow/example_dags/example_latest_only.py took 0.076 seconds
[2022-10-11 11:03:50,797] {processor.py:153} INFO - Started process (PID=202683) to work on /home/ubuntu/airflow/airflow_env/lib/python3.8/site-packages/airflow/example_dags/example_latest_only.py
[2022-10-11 11:03:50,798] {processor.py:641} INFO - Processing file /home/ubuntu/airflow/airflow_env/lib/python3.8/site-packages/airflow/example_dags/example_latest_only.py for tasks to queue
[2022-10-11 11:03:50,799] {logging_mixin.py:115} INFO - [2022-10-11 11:03:50,799] {dagbag.py:507} INFO - Filling up the DagBag from /home/ubuntu/airflow/airflow_env/lib/python3.8/site-packages/airflow/example_dags/example_latest_only.py
[2022-10-11 11:03:50,807] {processor.py:651} INFO - DAG(s) dict_keys(['latest_only']) retrieved from /home/ubuntu/airflow/airflow_env/lib/python3.8/site-packages/airflow/example_dags/example_latest_only.py
[2022-10-11 11:03:50,835] {logging_mixin.py:115} INFO - [2022-10-11 11:03:50,834] {dag.py:2379} INFO - Sync 1 DAGs
[2022-10-11 11:03:50,865] {logging_mixin.py:115} INFO - [2022-10-11 11:03:50,865] {dag.py:2927} INFO - Setting next_dagrun for latest_only to 2022-10-11T14:03:50.864300+00:00, run_after=2022-10-11T18:03:50.864300+00:00
[2022-10-11 11:03:50,887] {processor.py:161} INFO - Processing /home/ubuntu/airflow/airflow_env/lib/python3.8/site-packages/airflow/example_dags/example_latest_only.py took 0.095 seconds
[2022-10-11 11:04:25,516] {processor.py:153} INFO - Started process (PID=202815) to work on /home/ubuntu/airflow/airflow_env/lib/python3.8/site-packages/airflow/example_dags/example_latest_only.py
[2022-10-11 11:04:25,517] {processor.py:641} INFO - Processing file /home/ubuntu/airflow/airflow_env/lib/python3.8/site-packages/airflow/example_dags/example_latest_only.py for tasks to queue
[2022-10-11 11:04:25,518] {logging_mixin.py:115} INFO - [2022-10-11 11:04:25,518] {dagbag.py:507} INFO - Filling up the DagBag from /home/ubuntu/airflow/airflow_env/lib/python3.8/site-packages/airflow/example_dags/example_latest_only.py
[2022-10-11 11:04:25,527] {processor.py:651} INFO - DAG(s) dict_keys(['latest_only']) retrieved from /home/ubuntu/airflow/airflow_env/lib/python3.8/site-packages/airflow/example_dags/example_latest_only.py
[2022-10-11 11:04:25,557] {logging_mixin.py:115} INFO - [2022-10-11 11:04:25,556] {dag.py:2379} INFO - Sync 1 DAGs
[2022-10-11 11:04:25,584] {logging_mixin.py:115} INFO - [2022-10-11 11:04:25,584] {dag.py:2927} INFO - Setting next_dagrun for latest_only to 2022-10-11T14:04:25.583866+00:00, run_after=2022-10-11T18:04:25.583866+00:00
[2022-10-11 11:04:25,602] {processor.py:161} INFO - Processing /home/ubuntu/airflow/airflow_env/lib/python3.8/site-packages/airflow/example_dags/example_latest_only.py took 0.091 seconds
[2022-10-11 11:05:03,375] {processor.py:153} INFO - Started process (PID=202884) to work on /home/ubuntu/airflow/airflow_env/lib/python3.8/site-packages/airflow/example_dags/example_latest_only.py
[2022-10-11 11:05:03,376] {processor.py:641} INFO - Processing file /home/ubuntu/airflow/airflow_env/lib/python3.8/site-packages/airflow/example_dags/example_latest_only.py for tasks to queue
[2022-10-11 11:05:03,376] {logging_mixin.py:115} INFO - [2022-10-11 11:05:03,376] {dagbag.py:507} INFO - Filling up the DagBag from /home/ubuntu/airflow/airflow_env/lib/python3.8/site-packages/airflow/example_dags/example_latest_only.py
[2022-10-11 11:05:03,383] {processor.py:651} INFO - DAG(s) dict_keys(['latest_only']) retrieved from /home/ubuntu/airflow/airflow_env/lib/python3.8/site-packages/airflow/example_dags/example_latest_only.py
[2022-10-11 11:05:03,405] {logging_mixin.py:115} INFO - [2022-10-11 11:05:03,405] {dag.py:2379} INFO - Sync 1 DAGs
[2022-10-11 11:05:03,424] {logging_mixin.py:115} INFO - [2022-10-11 11:05:03,424] {dag.py:2927} INFO - Setting next_dagrun for latest_only to 2022-10-11T14:05:03.424009+00:00, run_after=2022-10-11T18:05:03.424009+00:00
[2022-10-11 11:05:03,440] {processor.py:161} INFO - Processing /home/ubuntu/airflow/airflow_env/lib/python3.8/site-packages/airflow/example_dags/example_latest_only.py took 0.069 seconds
[2022-10-11 11:05:37,715] {processor.py:153} INFO - Started process (PID=202943) to work on /home/ubuntu/airflow/airflow_env/lib/python3.8/site-packages/airflow/example_dags/example_latest_only.py
[2022-10-11 11:05:37,716] {processor.py:641} INFO - Processing file /home/ubuntu/airflow/airflow_env/lib/python3.8/site-packages/airflow/example_dags/example_latest_only.py for tasks to queue
[2022-10-11 11:05:37,717] {logging_mixin.py:115} INFO - [2022-10-11 11:05:37,717] {dagbag.py:507} INFO - Filling up the DagBag from /home/ubuntu/airflow/airflow_env/lib/python3.8/site-packages/airflow/example_dags/example_latest_only.py
[2022-10-11 11:05:37,725] {processor.py:651} INFO - DAG(s) dict_keys(['latest_only']) retrieved from /home/ubuntu/airflow/airflow_env/lib/python3.8/site-packages/airflow/example_dags/example_latest_only.py
[2022-10-11 11:05:37,758] {logging_mixin.py:115} INFO - [2022-10-11 11:05:37,758] {dag.py:2379} INFO - Sync 1 DAGs
[2022-10-11 11:05:37,791] {logging_mixin.py:115} INFO - [2022-10-11 11:05:37,791] {dag.py:2927} INFO - Setting next_dagrun for latest_only to 2022-10-11T14:05:37.791245+00:00, run_after=2022-10-11T18:05:37.791245+00:00
[2022-10-11 11:05:37,809] {processor.py:161} INFO - Processing /home/ubuntu/airflow/airflow_env/lib/python3.8/site-packages/airflow/example_dags/example_latest_only.py took 0.099 seconds
[2022-10-11 11:06:15,662] {processor.py:153} INFO - Started process (PID=203002) to work on /home/ubuntu/airflow/airflow_env/lib/python3.8/site-packages/airflow/example_dags/example_latest_only.py
[2022-10-11 11:06:15,663] {processor.py:641} INFO - Processing file /home/ubuntu/airflow/airflow_env/lib/python3.8/site-packages/airflow/example_dags/example_latest_only.py for tasks to queue
[2022-10-11 11:06:15,664] {logging_mixin.py:115} INFO - [2022-10-11 11:06:15,664] {dagbag.py:507} INFO - Filling up the DagBag from /home/ubuntu/airflow/airflow_env/lib/python3.8/site-packages/airflow/example_dags/example_latest_only.py
[2022-10-11 11:06:15,676] {processor.py:651} INFO - DAG(s) dict_keys(['latest_only']) retrieved from /home/ubuntu/airflow/airflow_env/lib/python3.8/site-packages/airflow/example_dags/example_latest_only.py
[2022-10-11 11:06:15,708] {logging_mixin.py:115} INFO - [2022-10-11 11:06:15,707] {dag.py:2379} INFO - Sync 1 DAGs
[2022-10-11 11:06:15,728] {logging_mixin.py:115} INFO - [2022-10-11 11:06:15,728] {dag.py:2927} INFO - Setting next_dagrun for latest_only to 2022-10-11T14:06:15.728151+00:00, run_after=2022-10-11T18:06:15.728151+00:00
[2022-10-11 11:06:15,741] {processor.py:161} INFO - Processing /home/ubuntu/airflow/airflow_env/lib/python3.8/site-packages/airflow/example_dags/example_latest_only.py took 0.084 seconds
[2022-10-11 11:06:48,949] {processor.py:153} INFO - Started process (PID=203055) to work on /home/ubuntu/airflow/airflow_env/lib/python3.8/site-packages/airflow/example_dags/example_latest_only.py
[2022-10-11 11:06:48,950] {processor.py:641} INFO - Processing file /home/ubuntu/airflow/airflow_env/lib/python3.8/site-packages/airflow/example_dags/example_latest_only.py for tasks to queue
[2022-10-11 11:06:48,951] {logging_mixin.py:115} INFO - [2022-10-11 11:06:48,951] {dagbag.py:507} INFO - Filling up the DagBag from /home/ubuntu/airflow/airflow_env/lib/python3.8/site-packages/airflow/example_dags/example_latest_only.py
[2022-10-11 11:06:48,958] {processor.py:651} INFO - DAG(s) dict_keys(['latest_only']) retrieved from /home/ubuntu/airflow/airflow_env/lib/python3.8/site-packages/airflow/example_dags/example_latest_only.py
[2022-10-11 11:06:48,980] {logging_mixin.py:115} INFO - [2022-10-11 11:06:48,980] {dag.py:2379} INFO - Sync 1 DAGs
[2022-10-11 11:06:48,998] {logging_mixin.py:115} INFO - [2022-10-11 11:06:48,998] {dag.py:2927} INFO - Setting next_dagrun for latest_only to 2022-10-11T14:06:48.997779+00:00, run_after=2022-10-11T18:06:48.997779+00:00
[2022-10-11 11:06:49,012] {processor.py:161} INFO - Processing /home/ubuntu/airflow/airflow_env/lib/python3.8/site-packages/airflow/example_dags/example_latest_only.py took 0.067 seconds
[2022-10-11 11:07:24,442] {processor.py:153} INFO - Started process (PID=203120) to work on /home/ubuntu/airflow/airflow_env/lib/python3.8/site-packages/airflow/example_dags/example_latest_only.py
[2022-10-11 11:07:24,443] {processor.py:641} INFO - Processing file /home/ubuntu/airflow/airflow_env/lib/python3.8/site-packages/airflow/example_dags/example_latest_only.py for tasks to queue
[2022-10-11 11:07:24,444] {logging_mixin.py:115} INFO - [2022-10-11 11:07:24,444] {dagbag.py:507} INFO - Filling up the DagBag from /home/ubuntu/airflow/airflow_env/lib/python3.8/site-packages/airflow/example_dags/example_latest_only.py
[2022-10-11 11:07:24,451] {processor.py:651} INFO - DAG(s) dict_keys(['latest_only']) retrieved from /home/ubuntu/airflow/airflow_env/lib/python3.8/site-packages/airflow/example_dags/example_latest_only.py
[2022-10-11 11:07:24,474] {logging_mixin.py:115} INFO - [2022-10-11 11:07:24,474] {dag.py:2379} INFO - Sync 1 DAGs
[2022-10-11 11:07:24,491] {logging_mixin.py:115} INFO - [2022-10-11 11:07:24,491] {dag.py:2927} INFO - Setting next_dagrun for latest_only to 2022-10-11T14:07:24.491025+00:00, run_after=2022-10-11T18:07:24.491025+00:00
[2022-10-11 11:07:24,508] {processor.py:161} INFO - Processing /home/ubuntu/airflow/airflow_env/lib/python3.8/site-packages/airflow/example_dags/example_latest_only.py took 0.070 seconds
[2022-10-11 11:08:00,323] {processor.py:153} INFO - Started process (PID=203183) to work on /home/ubuntu/airflow/airflow_env/lib/python3.8/site-packages/airflow/example_dags/example_latest_only.py
[2022-10-11 11:08:00,324] {processor.py:641} INFO - Processing file /home/ubuntu/airflow/airflow_env/lib/python3.8/site-packages/airflow/example_dags/example_latest_only.py for tasks to queue
[2022-10-11 11:08:00,325] {logging_mixin.py:115} INFO - [2022-10-11 11:08:00,325] {dagbag.py:507} INFO - Filling up the DagBag from /home/ubuntu/airflow/airflow_env/lib/python3.8/site-packages/airflow/example_dags/example_latest_only.py
[2022-10-11 11:08:00,332] {processor.py:651} INFO - DAG(s) dict_keys(['latest_only']) retrieved from /home/ubuntu/airflow/airflow_env/lib/python3.8/site-packages/airflow/example_dags/example_latest_only.py
[2022-10-11 11:08:00,354] {logging_mixin.py:115} INFO - [2022-10-11 11:08:00,354] {dag.py:2379} INFO - Sync 1 DAGs
[2022-10-11 11:08:00,371] {logging_mixin.py:115} INFO - [2022-10-11 11:08:00,371] {dag.py:2927} INFO - Setting next_dagrun for latest_only to 2022-10-11T14:08:00.370691+00:00, run_after=2022-10-11T18:08:00.370691+00:00
[2022-10-11 11:08:00,382] {processor.py:161} INFO - Processing /home/ubuntu/airflow/airflow_env/lib/python3.8/site-packages/airflow/example_dags/example_latest_only.py took 0.063 seconds
[2022-10-11 11:08:36,671] {processor.py:153} INFO - Started process (PID=203248) to work on /home/ubuntu/airflow/airflow_env/lib/python3.8/site-packages/airflow/example_dags/example_latest_only.py
[2022-10-11 11:08:36,672] {processor.py:641} INFO - Processing file /home/ubuntu/airflow/airflow_env/lib/python3.8/site-packages/airflow/example_dags/example_latest_only.py for tasks to queue
[2022-10-11 11:08:36,673] {logging_mixin.py:115} INFO - [2022-10-11 11:08:36,673] {dagbag.py:507} INFO - Filling up the DagBag from /home/ubuntu/airflow/airflow_env/lib/python3.8/site-packages/airflow/example_dags/example_latest_only.py
[2022-10-11 11:08:36,681] {processor.py:651} INFO - DAG(s) dict_keys(['latest_only']) retrieved from /home/ubuntu/airflow/airflow_env/lib/python3.8/site-packages/airflow/example_dags/example_latest_only.py
[2022-10-11 11:08:36,705] {logging_mixin.py:115} INFO - [2022-10-11 11:08:36,705] {dag.py:2379} INFO - Sync 1 DAGs
[2022-10-11 11:08:36,724] {logging_mixin.py:115} INFO - [2022-10-11 11:08:36,724] {dag.py:2927} INFO - Setting next_dagrun for latest_only to 2022-10-11T14:08:36.723788+00:00, run_after=2022-10-11T18:08:36.723788+00:00
[2022-10-11 11:08:36,739] {processor.py:161} INFO - Processing /home/ubuntu/airflow/airflow_env/lib/python3.8/site-packages/airflow/example_dags/example_latest_only.py took 0.072 seconds
[2022-10-11 11:09:11,411] {processor.py:153} INFO - Started process (PID=203426) to work on /home/ubuntu/airflow/airflow_env/lib/python3.8/site-packages/airflow/example_dags/example_latest_only.py
[2022-10-11 11:09:11,412] {processor.py:641} INFO - Processing file /home/ubuntu/airflow/airflow_env/lib/python3.8/site-packages/airflow/example_dags/example_latest_only.py for tasks to queue
[2022-10-11 11:09:11,413] {logging_mixin.py:115} INFO - [2022-10-11 11:09:11,413] {dagbag.py:507} INFO - Filling up the DagBag from /home/ubuntu/airflow/airflow_env/lib/python3.8/site-packages/airflow/example_dags/example_latest_only.py
[2022-10-11 11:09:11,420] {processor.py:651} INFO - DAG(s) dict_keys(['latest_only']) retrieved from /home/ubuntu/airflow/airflow_env/lib/python3.8/site-packages/airflow/example_dags/example_latest_only.py
[2022-10-11 11:09:11,443] {logging_mixin.py:115} INFO - [2022-10-11 11:09:11,443] {dag.py:2379} INFO - Sync 1 DAGs
[2022-10-11 11:09:11,460] {logging_mixin.py:115} INFO - [2022-10-11 11:09:11,460] {dag.py:2927} INFO - Setting next_dagrun for latest_only to 2022-10-11T14:09:11.459934+00:00, run_after=2022-10-11T18:09:11.459934+00:00
[2022-10-11 11:09:11,473] {processor.py:161} INFO - Processing /home/ubuntu/airflow/airflow_env/lib/python3.8/site-packages/airflow/example_dags/example_latest_only.py took 0.066 seconds
[2022-10-11 11:09:48,873] {processor.py:153} INFO - Started process (PID=203516) to work on /home/ubuntu/airflow/airflow_env/lib/python3.8/site-packages/airflow/example_dags/example_latest_only.py
[2022-10-11 11:09:48,874] {processor.py:641} INFO - Processing file /home/ubuntu/airflow/airflow_env/lib/python3.8/site-packages/airflow/example_dags/example_latest_only.py for tasks to queue
[2022-10-11 11:09:48,875] {logging_mixin.py:115} INFO - [2022-10-11 11:09:48,875] {dagbag.py:507} INFO - Filling up the DagBag from /home/ubuntu/airflow/airflow_env/lib/python3.8/site-packages/airflow/example_dags/example_latest_only.py
[2022-10-11 11:09:48,882] {processor.py:651} INFO - DAG(s) dict_keys(['latest_only']) retrieved from /home/ubuntu/airflow/airflow_env/lib/python3.8/site-packages/airflow/example_dags/example_latest_only.py
[2022-10-11 11:09:48,904] {logging_mixin.py:115} INFO - [2022-10-11 11:09:48,904] {dag.py:2379} INFO - Sync 1 DAGs
[2022-10-11 11:09:48,920] {logging_mixin.py:115} INFO - [2022-10-11 11:09:48,920] {dag.py:2927} INFO - Setting next_dagrun for latest_only to 2022-10-11T14:09:48.920394+00:00, run_after=2022-10-11T18:09:48.920394+00:00
[2022-10-11 11:09:48,932] {processor.py:161} INFO - Processing /home/ubuntu/airflow/airflow_env/lib/python3.8/site-packages/airflow/example_dags/example_latest_only.py took 0.063 seconds
[2022-10-11 11:10:26,901] {processor.py:153} INFO - Started process (PID=203568) to work on /home/ubuntu/airflow/airflow_env/lib/python3.8/site-packages/airflow/example_dags/example_latest_only.py
[2022-10-11 11:10:26,902] {processor.py:641} INFO - Processing file /home/ubuntu/airflow/airflow_env/lib/python3.8/site-packages/airflow/example_dags/example_latest_only.py for tasks to queue
[2022-10-11 11:10:26,903] {logging_mixin.py:115} INFO - [2022-10-11 11:10:26,903] {dagbag.py:507} INFO - Filling up the DagBag from /home/ubuntu/airflow/airflow_env/lib/python3.8/site-packages/airflow/example_dags/example_latest_only.py
[2022-10-11 11:10:26,910] {processor.py:651} INFO - DAG(s) dict_keys(['latest_only']) retrieved from /home/ubuntu/airflow/airflow_env/lib/python3.8/site-packages/airflow/example_dags/example_latest_only.py
[2022-10-11 11:10:26,937] {logging_mixin.py:115} INFO - [2022-10-11 11:10:26,937] {dag.py:2379} INFO - Sync 1 DAGs
[2022-10-11 11:10:26,955] {logging_mixin.py:115} INFO - [2022-10-11 11:10:26,955] {dag.py:2927} INFO - Setting next_dagrun for latest_only to 2022-10-11T14:10:26.954697+00:00, run_after=2022-10-11T18:10:26.954697+00:00
[2022-10-11 11:10:26,968] {processor.py:161} INFO - Processing /home/ubuntu/airflow/airflow_env/lib/python3.8/site-packages/airflow/example_dags/example_latest_only.py took 0.072 seconds
[2022-10-11 11:11:04,173] {processor.py:153} INFO - Started process (PID=203631) to work on /home/ubuntu/airflow/airflow_env/lib/python3.8/site-packages/airflow/example_dags/example_latest_only.py
[2022-10-11 11:11:04,174] {processor.py:641} INFO - Processing file /home/ubuntu/airflow/airflow_env/lib/python3.8/site-packages/airflow/example_dags/example_latest_only.py for tasks to queue
[2022-10-11 11:11:04,175] {logging_mixin.py:115} INFO - [2022-10-11 11:11:04,175] {dagbag.py:507} INFO - Filling up the DagBag from /home/ubuntu/airflow/airflow_env/lib/python3.8/site-packages/airflow/example_dags/example_latest_only.py
[2022-10-11 11:11:04,184] {processor.py:651} INFO - DAG(s) dict_keys(['latest_only']) retrieved from /home/ubuntu/airflow/airflow_env/lib/python3.8/site-packages/airflow/example_dags/example_latest_only.py
[2022-10-11 11:11:04,211] {logging_mixin.py:115} INFO - [2022-10-11 11:11:04,211] {dag.py:2379} INFO - Sync 1 DAGs
[2022-10-11 11:11:04,239] {logging_mixin.py:115} INFO - [2022-10-11 11:11:04,239] {dag.py:2927} INFO - Setting next_dagrun for latest_only to 2022-10-11T14:11:04.238824+00:00, run_after=2022-10-11T18:11:04.238824+00:00
[2022-10-11 11:11:04,255] {processor.py:161} INFO - Processing /home/ubuntu/airflow/airflow_env/lib/python3.8/site-packages/airflow/example_dags/example_latest_only.py took 0.086 seconds
[2022-10-11 11:11:40,088] {processor.py:153} INFO - Started process (PID=203687) to work on /home/ubuntu/airflow/airflow_env/lib/python3.8/site-packages/airflow/example_dags/example_latest_only.py
[2022-10-11 11:11:40,089] {processor.py:641} INFO - Processing file /home/ubuntu/airflow/airflow_env/lib/python3.8/site-packages/airflow/example_dags/example_latest_only.py for tasks to queue
[2022-10-11 11:11:40,090] {logging_mixin.py:115} INFO - [2022-10-11 11:11:40,090] {dagbag.py:507} INFO - Filling up the DagBag from /home/ubuntu/airflow/airflow_env/lib/python3.8/site-packages/airflow/example_dags/example_latest_only.py
[2022-10-11 11:11:40,098] {processor.py:651} INFO - DAG(s) dict_keys(['latest_only']) retrieved from /home/ubuntu/airflow/airflow_env/lib/python3.8/site-packages/airflow/example_dags/example_latest_only.py
[2022-10-11 11:11:40,123] {logging_mixin.py:115} INFO - [2022-10-11 11:11:40,123] {dag.py:2379} INFO - Sync 1 DAGs
[2022-10-11 11:11:40,143] {logging_mixin.py:115} INFO - [2022-10-11 11:11:40,143] {dag.py:2927} INFO - Setting next_dagrun for latest_only to 2022-10-11T14:11:40.143245+00:00, run_after=2022-10-11T18:11:40.143245+00:00
[2022-10-11 11:11:40,157] {processor.py:161} INFO - Processing /home/ubuntu/airflow/airflow_env/lib/python3.8/site-packages/airflow/example_dags/example_latest_only.py took 0.073 seconds
[2022-10-11 11:12:16,698] {processor.py:153} INFO - Started process (PID=203801) to work on /home/ubuntu/airflow/airflow_env/lib/python3.8/site-packages/airflow/example_dags/example_latest_only.py
[2022-10-11 11:12:16,699] {processor.py:641} INFO - Processing file /home/ubuntu/airflow/airflow_env/lib/python3.8/site-packages/airflow/example_dags/example_latest_only.py for tasks to queue
[2022-10-11 11:12:16,700] {logging_mixin.py:115} INFO - [2022-10-11 11:12:16,699] {dagbag.py:507} INFO - Filling up the DagBag from /home/ubuntu/airflow/airflow_env/lib/python3.8/site-packages/airflow/example_dags/example_latest_only.py
[2022-10-11 11:12:16,708] {processor.py:651} INFO - DAG(s) dict_keys(['latest_only']) retrieved from /home/ubuntu/airflow/airflow_env/lib/python3.8/site-packages/airflow/example_dags/example_latest_only.py
[2022-10-11 11:12:16,752] {logging_mixin.py:115} INFO - [2022-10-11 11:12:16,752] {dag.py:2379} INFO - Sync 1 DAGs
[2022-10-11 11:12:16,790] {logging_mixin.py:115} INFO - [2022-10-11 11:12:16,789] {dag.py:2927} INFO - Setting next_dagrun for latest_only to 2022-10-11T14:12:16.788995+00:00, run_after=2022-10-11T18:12:16.788995+00:00
[2022-10-11 11:12:16,812] {processor.py:161} INFO - Processing /home/ubuntu/airflow/airflow_env/lib/python3.8/site-packages/airflow/example_dags/example_latest_only.py took 0.122 seconds
[2022-10-11 11:13:07,029] {processor.py:153} INFO - Started process (PID=204090) to work on /home/ubuntu/airflow/airflow_env/lib/python3.8/site-packages/airflow/example_dags/example_latest_only.py
[2022-10-11 11:13:07,030] {processor.py:641} INFO - Processing file /home/ubuntu/airflow/airflow_env/lib/python3.8/site-packages/airflow/example_dags/example_latest_only.py for tasks to queue
[2022-10-11 11:13:07,030] {logging_mixin.py:115} INFO - [2022-10-11 11:13:07,030] {dagbag.py:507} INFO - Filling up the DagBag from /home/ubuntu/airflow/airflow_env/lib/python3.8/site-packages/airflow/example_dags/example_latest_only.py
[2022-10-11 11:13:07,037] {processor.py:651} INFO - DAG(s) dict_keys(['latest_only']) retrieved from /home/ubuntu/airflow/airflow_env/lib/python3.8/site-packages/airflow/example_dags/example_latest_only.py
[2022-10-11 11:13:07,057] {logging_mixin.py:115} INFO - [2022-10-11 11:13:07,057] {dag.py:2379} INFO - Sync 1 DAGs
[2022-10-11 11:13:07,077] {logging_mixin.py:115} INFO - [2022-10-11 11:13:07,077] {dag.py:2927} INFO - Setting next_dagrun for latest_only to 2022-10-11T14:13:07.076890+00:00, run_after=2022-10-11T18:13:07.076890+00:00
[2022-10-11 11:13:07,090] {processor.py:161} INFO - Processing /home/ubuntu/airflow/airflow_env/lib/python3.8/site-packages/airflow/example_dags/example_latest_only.py took 0.067 seconds
[2022-10-11 11:13:48,819] {processor.py:153} INFO - Started process (PID=211288) to work on /home/ubuntu/airflow/airflow_env/lib/python3.8/site-packages/airflow/example_dags/example_latest_only.py
[2022-10-11 11:13:48,820] {processor.py:641} INFO - Processing file /home/ubuntu/airflow/airflow_env/lib/python3.8/site-packages/airflow/example_dags/example_latest_only.py for tasks to queue
[2022-10-11 11:13:48,821] {logging_mixin.py:115} INFO - [2022-10-11 11:13:48,821] {dagbag.py:507} INFO - Filling up the DagBag from /home/ubuntu/airflow/airflow_env/lib/python3.8/site-packages/airflow/example_dags/example_latest_only.py
[2022-10-11 11:13:48,832] {processor.py:651} INFO - DAG(s) dict_keys(['latest_only']) retrieved from /home/ubuntu/airflow/airflow_env/lib/python3.8/site-packages/airflow/example_dags/example_latest_only.py
[2022-10-11 11:13:48,859] {logging_mixin.py:115} INFO - [2022-10-11 11:13:48,859] {dag.py:2379} INFO - Sync 1 DAGs
[2022-10-11 11:13:48,894] {logging_mixin.py:115} INFO - [2022-10-11 11:13:48,894] {dag.py:2927} INFO - Setting next_dagrun for latest_only to 2022-10-11T14:13:48.894137+00:00, run_after=2022-10-11T18:13:48.894137+00:00
[2022-10-11 11:13:48,914] {processor.py:161} INFO - Processing /home/ubuntu/airflow/airflow_env/lib/python3.8/site-packages/airflow/example_dags/example_latest_only.py took 0.101 seconds
[2022-10-11 11:14:27,028] {processor.py:153} INFO - Started process (PID=212219) to work on /home/ubuntu/airflow/airflow_env/lib/python3.8/site-packages/airflow/example_dags/example_latest_only.py
[2022-10-11 11:14:27,029] {processor.py:641} INFO - Processing file /home/ubuntu/airflow/airflow_env/lib/python3.8/site-packages/airflow/example_dags/example_latest_only.py for tasks to queue
[2022-10-11 11:14:27,029] {logging_mixin.py:115} INFO - [2022-10-11 11:14:27,029] {dagbag.py:507} INFO - Filling up the DagBag from /home/ubuntu/airflow/airflow_env/lib/python3.8/site-packages/airflow/example_dags/example_latest_only.py
[2022-10-11 11:14:27,037] {processor.py:651} INFO - DAG(s) dict_keys(['latest_only']) retrieved from /home/ubuntu/airflow/airflow_env/lib/python3.8/site-packages/airflow/example_dags/example_latest_only.py
[2022-10-11 11:14:27,057] {logging_mixin.py:115} INFO - [2022-10-11 11:14:27,057] {dag.py:2379} INFO - Sync 1 DAGs
[2022-10-11 11:14:27,073] {logging_mixin.py:115} INFO - [2022-10-11 11:14:27,073] {dag.py:2927} INFO - Setting next_dagrun for latest_only to 2022-10-11T14:14:27.073512+00:00, run_after=2022-10-11T18:14:27.073512+00:00
[2022-10-11 11:14:27,085] {processor.py:161} INFO - Processing /home/ubuntu/airflow/airflow_env/lib/python3.8/site-packages/airflow/example_dags/example_latest_only.py took 0.062 seconds
[2022-10-11 11:15:01,448] {processor.py:153} INFO - Started process (PID=212292) to work on /home/ubuntu/airflow/airflow_env/lib/python3.8/site-packages/airflow/example_dags/example_latest_only.py
[2022-10-11 11:15:01,449] {processor.py:641} INFO - Processing file /home/ubuntu/airflow/airflow_env/lib/python3.8/site-packages/airflow/example_dags/example_latest_only.py for tasks to queue
[2022-10-11 11:15:01,450] {logging_mixin.py:115} INFO - [2022-10-11 11:15:01,449] {dagbag.py:507} INFO - Filling up the DagBag from /home/ubuntu/airflow/airflow_env/lib/python3.8/site-packages/airflow/example_dags/example_latest_only.py
[2022-10-11 11:15:01,457] {processor.py:651} INFO - DAG(s) dict_keys(['latest_only']) retrieved from /home/ubuntu/airflow/airflow_env/lib/python3.8/site-packages/airflow/example_dags/example_latest_only.py
[2022-10-11 11:15:01,477] {logging_mixin.py:115} INFO - [2022-10-11 11:15:01,477] {dag.py:2379} INFO - Sync 1 DAGs
[2022-10-11 11:15:01,495] {logging_mixin.py:115} INFO - [2022-10-11 11:15:01,494] {dag.py:2927} INFO - Setting next_dagrun for latest_only to 2022-10-11T14:15:01.494651+00:00, run_after=2022-10-11T18:15:01.494651+00:00
[2022-10-11 11:15:01,508] {processor.py:161} INFO - Processing /home/ubuntu/airflow/airflow_env/lib/python3.8/site-packages/airflow/example_dags/example_latest_only.py took 0.065 seconds
[2022-10-11 11:15:37,456] {processor.py:153} INFO - Started process (PID=212356) to work on /home/ubuntu/airflow/airflow_env/lib/python3.8/site-packages/airflow/example_dags/example_latest_only.py
[2022-10-11 11:15:37,457] {processor.py:641} INFO - Processing file /home/ubuntu/airflow/airflow_env/lib/python3.8/site-packages/airflow/example_dags/example_latest_only.py for tasks to queue
[2022-10-11 11:15:37,458] {logging_mixin.py:115} INFO - [2022-10-11 11:15:37,458] {dagbag.py:507} INFO - Filling up the DagBag from /home/ubuntu/airflow/airflow_env/lib/python3.8/site-packages/airflow/example_dags/example_latest_only.py
[2022-10-11 11:15:37,466] {processor.py:651} INFO - DAG(s) dict_keys(['latest_only']) retrieved from /home/ubuntu/airflow/airflow_env/lib/python3.8/site-packages/airflow/example_dags/example_latest_only.py
[2022-10-11 11:15:37,491] {logging_mixin.py:115} INFO - [2022-10-11 11:15:37,491] {dag.py:2379} INFO - Sync 1 DAGs
[2022-10-11 11:15:37,510] {logging_mixin.py:115} INFO - [2022-10-11 11:15:37,510] {dag.py:2927} INFO - Setting next_dagrun for latest_only to 2022-10-11T14:15:37.509943+00:00, run_after=2022-10-11T18:15:37.509943+00:00
[2022-10-11 11:15:37,524] {processor.py:161} INFO - Processing /home/ubuntu/airflow/airflow_env/lib/python3.8/site-packages/airflow/example_dags/example_latest_only.py took 0.074 seconds
[2022-10-11 11:16:13,839] {processor.py:153} INFO - Started process (PID=212418) to work on /home/ubuntu/airflow/airflow_env/lib/python3.8/site-packages/airflow/example_dags/example_latest_only.py
[2022-10-11 11:16:13,840] {processor.py:641} INFO - Processing file /home/ubuntu/airflow/airflow_env/lib/python3.8/site-packages/airflow/example_dags/example_latest_only.py for tasks to queue
[2022-10-11 11:16:13,841] {logging_mixin.py:115} INFO - [2022-10-11 11:16:13,841] {dagbag.py:507} INFO - Filling up the DagBag from /home/ubuntu/airflow/airflow_env/lib/python3.8/site-packages/airflow/example_dags/example_latest_only.py
[2022-10-11 11:16:13,848] {processor.py:651} INFO - DAG(s) dict_keys(['latest_only']) retrieved from /home/ubuntu/airflow/airflow_env/lib/python3.8/site-packages/airflow/example_dags/example_latest_only.py
[2022-10-11 11:16:13,869] {logging_mixin.py:115} INFO - [2022-10-11 11:16:13,869] {dag.py:2379} INFO - Sync 1 DAGs
[2022-10-11 11:16:13,888] {logging_mixin.py:115} INFO - [2022-10-11 11:16:13,888] {dag.py:2927} INFO - Setting next_dagrun for latest_only to 2022-10-11T14:16:13.887997+00:00, run_after=2022-10-11T18:16:13.887997+00:00
[2022-10-11 11:16:13,903] {processor.py:161} INFO - Processing /home/ubuntu/airflow/airflow_env/lib/python3.8/site-packages/airflow/example_dags/example_latest_only.py took 0.068 seconds
[2022-10-11 11:16:47,206] {processor.py:153} INFO - Started process (PID=212478) to work on /home/ubuntu/airflow/airflow_env/lib/python3.8/site-packages/airflow/example_dags/example_latest_only.py
[2022-10-11 11:16:47,207] {processor.py:641} INFO - Processing file /home/ubuntu/airflow/airflow_env/lib/python3.8/site-packages/airflow/example_dags/example_latest_only.py for tasks to queue
[2022-10-11 11:16:47,208] {logging_mixin.py:115} INFO - [2022-10-11 11:16:47,207] {dagbag.py:507} INFO - Filling up the DagBag from /home/ubuntu/airflow/airflow_env/lib/python3.8/site-packages/airflow/example_dags/example_latest_only.py
[2022-10-11 11:16:47,215] {processor.py:651} INFO - DAG(s) dict_keys(['latest_only']) retrieved from /home/ubuntu/airflow/airflow_env/lib/python3.8/site-packages/airflow/example_dags/example_latest_only.py
[2022-10-11 11:16:47,237] {logging_mixin.py:115} INFO - [2022-10-11 11:16:47,237] {dag.py:2379} INFO - Sync 1 DAGs
[2022-10-11 11:16:47,256] {logging_mixin.py:115} INFO - [2022-10-11 11:16:47,256] {dag.py:2927} INFO - Setting next_dagrun for latest_only to 2022-10-11T14:16:47.255970+00:00, run_after=2022-10-11T18:16:47.255970+00:00
[2022-10-11 11:16:47,269] {processor.py:161} INFO - Processing /home/ubuntu/airflow/airflow_env/lib/python3.8/site-packages/airflow/example_dags/example_latest_only.py took 0.068 seconds
[2022-10-11 11:17:25,885] {processor.py:153} INFO - Started process (PID=212839) to work on /home/ubuntu/airflow/airflow_env/lib/python3.8/site-packages/airflow/example_dags/example_latest_only.py
[2022-10-11 11:17:25,885] {processor.py:641} INFO - Processing file /home/ubuntu/airflow/airflow_env/lib/python3.8/site-packages/airflow/example_dags/example_latest_only.py for tasks to queue
[2022-10-11 11:17:25,886] {logging_mixin.py:115} INFO - [2022-10-11 11:17:25,886] {dagbag.py:507} INFO - Filling up the DagBag from /home/ubuntu/airflow/airflow_env/lib/python3.8/site-packages/airflow/example_dags/example_latest_only.py
[2022-10-11 11:17:25,893] {processor.py:651} INFO - DAG(s) dict_keys(['latest_only']) retrieved from /home/ubuntu/airflow/airflow_env/lib/python3.8/site-packages/airflow/example_dags/example_latest_only.py
[2022-10-11 11:17:25,914] {logging_mixin.py:115} INFO - [2022-10-11 11:17:25,914] {dag.py:2379} INFO - Sync 1 DAGs
[2022-10-11 11:17:25,936] {logging_mixin.py:115} INFO - [2022-10-11 11:17:25,936] {dag.py:2927} INFO - Setting next_dagrun for latest_only to 2022-10-11T14:17:25.935970+00:00, run_after=2022-10-11T18:17:25.935970+00:00
[2022-10-11 11:17:25,952] {processor.py:161} INFO - Processing /home/ubuntu/airflow/airflow_env/lib/python3.8/site-packages/airflow/example_dags/example_latest_only.py took 0.072 seconds
[2022-10-11 11:18:03,543] {processor.py:153} INFO - Started process (PID=212936) to work on /home/ubuntu/airflow/airflow_env/lib/python3.8/site-packages/airflow/example_dags/example_latest_only.py
[2022-10-11 11:18:03,544] {processor.py:641} INFO - Processing file /home/ubuntu/airflow/airflow_env/lib/python3.8/site-packages/airflow/example_dags/example_latest_only.py for tasks to queue
[2022-10-11 11:18:03,545] {logging_mixin.py:115} INFO - [2022-10-11 11:18:03,545] {dagbag.py:507} INFO - Filling up the DagBag from /home/ubuntu/airflow/airflow_env/lib/python3.8/site-packages/airflow/example_dags/example_latest_only.py
[2022-10-11 11:18:03,552] {processor.py:651} INFO - DAG(s) dict_keys(['latest_only']) retrieved from /home/ubuntu/airflow/airflow_env/lib/python3.8/site-packages/airflow/example_dags/example_latest_only.py
[2022-10-11 11:18:03,573] {logging_mixin.py:115} INFO - [2022-10-11 11:18:03,573] {dag.py:2379} INFO - Sync 1 DAGs
[2022-10-11 11:18:03,592] {logging_mixin.py:115} INFO - [2022-10-11 11:18:03,591] {dag.py:2927} INFO - Setting next_dagrun for latest_only to 2022-10-11T14:18:03.591614+00:00, run_after=2022-10-11T18:18:03.591614+00:00
[2022-10-11 11:18:03,609] {processor.py:161} INFO - Processing /home/ubuntu/airflow/airflow_env/lib/python3.8/site-packages/airflow/example_dags/example_latest_only.py took 0.070 seconds
[2022-10-11 11:18:38,186] {processor.py:153} INFO - Started process (PID=212995) to work on /home/ubuntu/airflow/airflow_env/lib/python3.8/site-packages/airflow/example_dags/example_latest_only.py
[2022-10-11 11:18:38,187] {processor.py:641} INFO - Processing file /home/ubuntu/airflow/airflow_env/lib/python3.8/site-packages/airflow/example_dags/example_latest_only.py for tasks to queue
[2022-10-11 11:18:38,187] {logging_mixin.py:115} INFO - [2022-10-11 11:18:38,187] {dagbag.py:507} INFO - Filling up the DagBag from /home/ubuntu/airflow/airflow_env/lib/python3.8/site-packages/airflow/example_dags/example_latest_only.py
[2022-10-11 11:18:38,194] {processor.py:651} INFO - DAG(s) dict_keys(['latest_only']) retrieved from /home/ubuntu/airflow/airflow_env/lib/python3.8/site-packages/airflow/example_dags/example_latest_only.py
[2022-10-11 11:18:38,215] {logging_mixin.py:115} INFO - [2022-10-11 11:18:38,215] {dag.py:2379} INFO - Sync 1 DAGs
[2022-10-11 11:18:38,232] {logging_mixin.py:115} INFO - [2022-10-11 11:18:38,232] {dag.py:2927} INFO - Setting next_dagrun for latest_only to 2022-10-11T14:18:38.232419+00:00, run_after=2022-10-11T18:18:38.232419+00:00
[2022-10-11 11:18:38,245] {processor.py:161} INFO - Processing /home/ubuntu/airflow/airflow_env/lib/python3.8/site-packages/airflow/example_dags/example_latest_only.py took 0.065 seconds
[2022-10-11 11:19:15,589] {processor.py:153} INFO - Started process (PID=213157) to work on /home/ubuntu/airflow/airflow_env/lib/python3.8/site-packages/airflow/example_dags/example_latest_only.py
[2022-10-11 11:19:15,590] {processor.py:641} INFO - Processing file /home/ubuntu/airflow/airflow_env/lib/python3.8/site-packages/airflow/example_dags/example_latest_only.py for tasks to queue
[2022-10-11 11:19:15,591] {logging_mixin.py:115} INFO - [2022-10-11 11:19:15,591] {dagbag.py:507} INFO - Filling up the DagBag from /home/ubuntu/airflow/airflow_env/lib/python3.8/site-packages/airflow/example_dags/example_latest_only.py
[2022-10-11 11:19:15,599] {processor.py:651} INFO - DAG(s) dict_keys(['latest_only']) retrieved from /home/ubuntu/airflow/airflow_env/lib/python3.8/site-packages/airflow/example_dags/example_latest_only.py
[2022-10-11 11:19:15,621] {logging_mixin.py:115} INFO - [2022-10-11 11:19:15,621] {dag.py:2379} INFO - Sync 1 DAGs
[2022-10-11 11:19:15,641] {logging_mixin.py:115} INFO - [2022-10-11 11:19:15,641] {dag.py:2927} INFO - Setting next_dagrun for latest_only to 2022-10-11T14:19:15.641212+00:00, run_after=2022-10-11T18:19:15.641212+00:00
[2022-10-11 11:19:15,655] {processor.py:161} INFO - Processing /home/ubuntu/airflow/airflow_env/lib/python3.8/site-packages/airflow/example_dags/example_latest_only.py took 0.071 seconds
[2022-10-11 11:19:54,683] {processor.py:153} INFO - Started process (PID=213282) to work on /home/ubuntu/airflow/airflow_env/lib/python3.8/site-packages/airflow/example_dags/example_latest_only.py
[2022-10-11 11:19:54,685] {processor.py:641} INFO - Processing file /home/ubuntu/airflow/airflow_env/lib/python3.8/site-packages/airflow/example_dags/example_latest_only.py for tasks to queue
[2022-10-11 11:19:54,685] {logging_mixin.py:115} INFO - [2022-10-11 11:19:54,685] {dagbag.py:507} INFO - Filling up the DagBag from /home/ubuntu/airflow/airflow_env/lib/python3.8/site-packages/airflow/example_dags/example_latest_only.py
[2022-10-11 11:19:54,693] {processor.py:651} INFO - DAG(s) dict_keys(['latest_only']) retrieved from /home/ubuntu/airflow/airflow_env/lib/python3.8/site-packages/airflow/example_dags/example_latest_only.py
[2022-10-11 11:19:54,713] {logging_mixin.py:115} INFO - [2022-10-11 11:19:54,713] {dag.py:2379} INFO - Sync 1 DAGs
[2022-10-11 11:19:54,733] {logging_mixin.py:115} INFO - [2022-10-11 11:19:54,733] {dag.py:2927} INFO - Setting next_dagrun for latest_only to 2022-10-11T14:19:54.733510+00:00, run_after=2022-10-11T18:19:54.733510+00:00
[2022-10-11 11:19:54,747] {processor.py:161} INFO - Processing /home/ubuntu/airflow/airflow_env/lib/python3.8/site-packages/airflow/example_dags/example_latest_only.py took 0.067 seconds
[2022-10-11 11:20:30,862] {processor.py:153} INFO - Started process (PID=213345) to work on /home/ubuntu/airflow/airflow_env/lib/python3.8/site-packages/airflow/example_dags/example_latest_only.py
[2022-10-11 11:20:30,863] {processor.py:641} INFO - Processing file /home/ubuntu/airflow/airflow_env/lib/python3.8/site-packages/airflow/example_dags/example_latest_only.py for tasks to queue
[2022-10-11 11:20:30,866] {logging_mixin.py:115} INFO - [2022-10-11 11:20:30,866] {dagbag.py:507} INFO - Filling up the DagBag from /home/ubuntu/airflow/airflow_env/lib/python3.8/site-packages/airflow/example_dags/example_latest_only.py
[2022-10-11 11:20:30,877] {processor.py:651} INFO - DAG(s) dict_keys(['latest_only']) retrieved from /home/ubuntu/airflow/airflow_env/lib/python3.8/site-packages/airflow/example_dags/example_latest_only.py
[2022-10-11 11:20:30,907] {logging_mixin.py:115} INFO - [2022-10-11 11:20:30,907] {dag.py:2379} INFO - Sync 1 DAGs
[2022-10-11 11:20:30,935] {logging_mixin.py:115} INFO - [2022-10-11 11:20:30,935] {dag.py:2927} INFO - Setting next_dagrun for latest_only to 2022-10-11T14:20:30.934110+00:00, run_after=2022-10-11T18:20:30.934110+00:00
[2022-10-11 11:20:30,958] {processor.py:161} INFO - Processing /home/ubuntu/airflow/airflow_env/lib/python3.8/site-packages/airflow/example_dags/example_latest_only.py took 0.109 seconds
[2022-10-11 11:21:05,862] {processor.py:153} INFO - Started process (PID=213407) to work on /home/ubuntu/airflow/airflow_env/lib/python3.8/site-packages/airflow/example_dags/example_latest_only.py
[2022-10-11 11:21:05,864] {processor.py:641} INFO - Processing file /home/ubuntu/airflow/airflow_env/lib/python3.8/site-packages/airflow/example_dags/example_latest_only.py for tasks to queue
[2022-10-11 11:21:05,865] {logging_mixin.py:115} INFO - [2022-10-11 11:21:05,865] {dagbag.py:507} INFO - Filling up the DagBag from /home/ubuntu/airflow/airflow_env/lib/python3.8/site-packages/airflow/example_dags/example_latest_only.py
[2022-10-11 11:21:05,873] {processor.py:651} INFO - DAG(s) dict_keys(['latest_only']) retrieved from /home/ubuntu/airflow/airflow_env/lib/python3.8/site-packages/airflow/example_dags/example_latest_only.py
[2022-10-11 11:21:05,893] {logging_mixin.py:115} INFO - [2022-10-11 11:21:05,893] {dag.py:2379} INFO - Sync 1 DAGs
[2022-10-11 11:21:05,913] {logging_mixin.py:115} INFO - [2022-10-11 11:21:05,913] {dag.py:2927} INFO - Setting next_dagrun for latest_only to 2022-10-11T14:21:05.912776+00:00, run_after=2022-10-11T18:21:05.912776+00:00
[2022-10-11 11:21:05,930] {processor.py:161} INFO - Processing /home/ubuntu/airflow/airflow_env/lib/python3.8/site-packages/airflow/example_dags/example_latest_only.py took 0.072 seconds
[2022-10-11 11:21:40,789] {processor.py:153} INFO - Started process (PID=213539) to work on /home/ubuntu/airflow/airflow_env/lib/python3.8/site-packages/airflow/example_dags/example_latest_only.py
[2022-10-11 11:21:40,790] {processor.py:641} INFO - Processing file /home/ubuntu/airflow/airflow_env/lib/python3.8/site-packages/airflow/example_dags/example_latest_only.py for tasks to queue
[2022-10-11 11:21:40,790] {logging_mixin.py:115} INFO - [2022-10-11 11:21:40,790] {dagbag.py:507} INFO - Filling up the DagBag from /home/ubuntu/airflow/airflow_env/lib/python3.8/site-packages/airflow/example_dags/example_latest_only.py
[2022-10-11 11:21:40,798] {processor.py:651} INFO - DAG(s) dict_keys(['latest_only']) retrieved from /home/ubuntu/airflow/airflow_env/lib/python3.8/site-packages/airflow/example_dags/example_latest_only.py
[2022-10-11 11:21:40,818] {logging_mixin.py:115} INFO - [2022-10-11 11:21:40,818] {dag.py:2379} INFO - Sync 1 DAGs
[2022-10-11 11:21:40,837] {logging_mixin.py:115} INFO - [2022-10-11 11:21:40,837] {dag.py:2927} INFO - Setting next_dagrun for latest_only to 2022-10-11T14:21:40.836943+00:00, run_after=2022-10-11T18:21:40.836943+00:00
[2022-10-11 11:21:40,851] {processor.py:161} INFO - Processing /home/ubuntu/airflow/airflow_env/lib/python3.8/site-packages/airflow/example_dags/example_latest_only.py took 0.067 seconds
