[2022-10-11 11:01:55,920] {processor.py:153} INFO - Started process (PID=202397) to work on /home/ubuntu/airflow/airflow_env/lib/python3.8/site-packages/airflow/example_dags/example_task_group_decorator.py
[2022-10-11 11:01:55,921] {processor.py:641} INFO - Processing file /home/ubuntu/airflow/airflow_env/lib/python3.8/site-packages/airflow/example_dags/example_task_group_decorator.py for tasks to queue
[2022-10-11 11:01:55,921] {logging_mixin.py:115} INFO - [2022-10-11 11:01:55,921] {dagbag.py:507} INFO - Filling up the DagBag from /home/ubuntu/airflow/airflow_env/lib/python3.8/site-packages/airflow/example_dags/example_task_group_decorator.py
[2022-10-11 11:01:55,965] {processor.py:651} INFO - DAG(s) dict_keys(['example_task_group_decorator']) retrieved from /home/ubuntu/airflow/airflow_env/lib/python3.8/site-packages/airflow/example_dags/example_task_group_decorator.py
[2022-10-11 11:01:56,028] {logging_mixin.py:115} INFO - [2022-10-11 11:01:56,027] {dag.py:2379} INFO - Sync 1 DAGs
[2022-10-11 11:01:56,042] {logging_mixin.py:115} INFO - [2022-10-11 11:01:56,042] {dag.py:2927} INFO - Setting next_dagrun for example_task_group_decorator to 2022-10-10T18:01:56.041848+00:00, run_after=2022-10-11T18:01:56.041848+00:00
[2022-10-11 11:01:56,060] {processor.py:161} INFO - Processing /home/ubuntu/airflow/airflow_env/lib/python3.8/site-packages/airflow/example_dags/example_task_group_decorator.py took 0.145 seconds
[2022-10-11 11:02:30,194] {processor.py:153} INFO - Started process (PID=202541) to work on /home/ubuntu/airflow/airflow_env/lib/python3.8/site-packages/airflow/example_dags/example_task_group_decorator.py
[2022-10-11 11:02:30,195] {processor.py:641} INFO - Processing file /home/ubuntu/airflow/airflow_env/lib/python3.8/site-packages/airflow/example_dags/example_task_group_decorator.py for tasks to queue
[2022-10-11 11:02:30,196] {logging_mixin.py:115} INFO - [2022-10-11 11:02:30,195] {dagbag.py:507} INFO - Filling up the DagBag from /home/ubuntu/airflow/airflow_env/lib/python3.8/site-packages/airflow/example_dags/example_task_group_decorator.py
[2022-10-11 11:02:30,230] {processor.py:651} INFO - DAG(s) dict_keys(['example_task_group_decorator']) retrieved from /home/ubuntu/airflow/airflow_env/lib/python3.8/site-packages/airflow/example_dags/example_task_group_decorator.py
[2022-10-11 11:02:30,305] {logging_mixin.py:115} INFO - [2022-10-11 11:02:30,305] {dag.py:2379} INFO - Sync 1 DAGs
[2022-10-11 11:02:30,325] {logging_mixin.py:115} INFO - [2022-10-11 11:02:30,325] {dag.py:2927} INFO - Setting next_dagrun for example_task_group_decorator to 2022-10-10T18:02:30.324591+00:00, run_after=2022-10-11T18:02:30.324591+00:00
[2022-10-11 11:02:30,348] {processor.py:161} INFO - Processing /home/ubuntu/airflow/airflow_env/lib/python3.8/site-packages/airflow/example_dags/example_task_group_decorator.py took 0.159 seconds
[2022-10-11 11:03:04,417] {processor.py:153} INFO - Started process (PID=202600) to work on /home/ubuntu/airflow/airflow_env/lib/python3.8/site-packages/airflow/example_dags/example_task_group_decorator.py
[2022-10-11 11:03:04,418] {processor.py:641} INFO - Processing file /home/ubuntu/airflow/airflow_env/lib/python3.8/site-packages/airflow/example_dags/example_task_group_decorator.py for tasks to queue
[2022-10-11 11:03:04,419] {logging_mixin.py:115} INFO - [2022-10-11 11:03:04,419] {dagbag.py:507} INFO - Filling up the DagBag from /home/ubuntu/airflow/airflow_env/lib/python3.8/site-packages/airflow/example_dags/example_task_group_decorator.py
[2022-10-11 11:03:04,464] {processor.py:651} INFO - DAG(s) dict_keys(['example_task_group_decorator']) retrieved from /home/ubuntu/airflow/airflow_env/lib/python3.8/site-packages/airflow/example_dags/example_task_group_decorator.py
[2022-10-11 11:03:04,490] {logging_mixin.py:115} INFO - [2022-10-11 11:03:04,490] {dag.py:2379} INFO - Sync 1 DAGs
[2022-10-11 11:03:04,509] {logging_mixin.py:115} INFO - [2022-10-11 11:03:04,509] {dag.py:2927} INFO - Setting next_dagrun for example_task_group_decorator to 2022-10-10T18:03:04.509352+00:00, run_after=2022-10-11T18:03:04.509352+00:00
[2022-10-11 11:03:04,530] {processor.py:161} INFO - Processing /home/ubuntu/airflow/airflow_env/lib/python3.8/site-packages/airflow/example_dags/example_task_group_decorator.py took 0.117 seconds
[2022-10-11 11:03:40,275] {processor.py:153} INFO - Started process (PID=202663) to work on /home/ubuntu/airflow/airflow_env/lib/python3.8/site-packages/airflow/example_dags/example_task_group_decorator.py
[2022-10-11 11:03:40,276] {processor.py:641} INFO - Processing file /home/ubuntu/airflow/airflow_env/lib/python3.8/site-packages/airflow/example_dags/example_task_group_decorator.py for tasks to queue
[2022-10-11 11:03:40,276] {logging_mixin.py:115} INFO - [2022-10-11 11:03:40,276] {dagbag.py:507} INFO - Filling up the DagBag from /home/ubuntu/airflow/airflow_env/lib/python3.8/site-packages/airflow/example_dags/example_task_group_decorator.py
[2022-10-11 11:03:40,314] {processor.py:651} INFO - DAG(s) dict_keys(['example_task_group_decorator']) retrieved from /home/ubuntu/airflow/airflow_env/lib/python3.8/site-packages/airflow/example_dags/example_task_group_decorator.py
[2022-10-11 11:03:40,372] {logging_mixin.py:115} INFO - [2022-10-11 11:03:40,372] {dag.py:2379} INFO - Sync 1 DAGs
[2022-10-11 11:03:40,386] {logging_mixin.py:115} INFO - [2022-10-11 11:03:40,386] {dag.py:2927} INFO - Setting next_dagrun for example_task_group_decorator to 2022-10-10T18:03:40.385682+00:00, run_after=2022-10-11T18:03:40.385682+00:00
[2022-10-11 11:03:40,402] {processor.py:161} INFO - Processing /home/ubuntu/airflow/airflow_env/lib/python3.8/site-packages/airflow/example_dags/example_task_group_decorator.py took 0.132 seconds
[2022-10-11 11:04:13,864] {processor.py:153} INFO - Started process (PID=202792) to work on /home/ubuntu/airflow/airflow_env/lib/python3.8/site-packages/airflow/example_dags/example_task_group_decorator.py
[2022-10-11 11:04:13,865] {processor.py:641} INFO - Processing file /home/ubuntu/airflow/airflow_env/lib/python3.8/site-packages/airflow/example_dags/example_task_group_decorator.py for tasks to queue
[2022-10-11 11:04:13,866] {logging_mixin.py:115} INFO - [2022-10-11 11:04:13,866] {dagbag.py:507} INFO - Filling up the DagBag from /home/ubuntu/airflow/airflow_env/lib/python3.8/site-packages/airflow/example_dags/example_task_group_decorator.py
[2022-10-11 11:04:13,899] {processor.py:651} INFO - DAG(s) dict_keys(['example_task_group_decorator']) retrieved from /home/ubuntu/airflow/airflow_env/lib/python3.8/site-packages/airflow/example_dags/example_task_group_decorator.py
[2022-10-11 11:04:13,949] {logging_mixin.py:115} INFO - [2022-10-11 11:04:13,949] {dag.py:2379} INFO - Sync 1 DAGs
[2022-10-11 11:04:13,965] {logging_mixin.py:115} INFO - [2022-10-11 11:04:13,965] {dag.py:2927} INFO - Setting next_dagrun for example_task_group_decorator to 2022-10-10T18:04:13.964835+00:00, run_after=2022-10-11T18:04:13.964835+00:00
[2022-10-11 11:04:13,981] {processor.py:161} INFO - Processing /home/ubuntu/airflow/airflow_env/lib/python3.8/site-packages/airflow/example_dags/example_task_group_decorator.py took 0.121 seconds
[2022-10-11 11:04:49,655] {processor.py:153} INFO - Started process (PID=202861) to work on /home/ubuntu/airflow/airflow_env/lib/python3.8/site-packages/airflow/example_dags/example_task_group_decorator.py
[2022-10-11 11:04:49,656] {processor.py:641} INFO - Processing file /home/ubuntu/airflow/airflow_env/lib/python3.8/site-packages/airflow/example_dags/example_task_group_decorator.py for tasks to queue
[2022-10-11 11:04:49,657] {logging_mixin.py:115} INFO - [2022-10-11 11:04:49,656] {dagbag.py:507} INFO - Filling up the DagBag from /home/ubuntu/airflow/airflow_env/lib/python3.8/site-packages/airflow/example_dags/example_task_group_decorator.py
[2022-10-11 11:04:49,696] {processor.py:651} INFO - DAG(s) dict_keys(['example_task_group_decorator']) retrieved from /home/ubuntu/airflow/airflow_env/lib/python3.8/site-packages/airflow/example_dags/example_task_group_decorator.py
[2022-10-11 11:04:49,714] {logging_mixin.py:115} INFO - [2022-10-11 11:04:49,714] {dag.py:2379} INFO - Sync 1 DAGs
[2022-10-11 11:04:49,731] {logging_mixin.py:115} INFO - [2022-10-11 11:04:49,730] {dag.py:2927} INFO - Setting next_dagrun for example_task_group_decorator to 2022-10-10T18:04:49.730626+00:00, run_after=2022-10-11T18:04:49.730626+00:00
[2022-10-11 11:04:49,745] {processor.py:161} INFO - Processing /home/ubuntu/airflow/airflow_env/lib/python3.8/site-packages/airflow/example_dags/example_task_group_decorator.py took 0.095 seconds
[2022-10-11 11:05:26,252] {processor.py:153} INFO - Started process (PID=202920) to work on /home/ubuntu/airflow/airflow_env/lib/python3.8/site-packages/airflow/example_dags/example_task_group_decorator.py
[2022-10-11 11:05:26,253] {processor.py:641} INFO - Processing file /home/ubuntu/airflow/airflow_env/lib/python3.8/site-packages/airflow/example_dags/example_task_group_decorator.py for tasks to queue
[2022-10-11 11:05:26,254] {logging_mixin.py:115} INFO - [2022-10-11 11:05:26,254] {dagbag.py:507} INFO - Filling up the DagBag from /home/ubuntu/airflow/airflow_env/lib/python3.8/site-packages/airflow/example_dags/example_task_group_decorator.py
[2022-10-11 11:05:26,287] {processor.py:651} INFO - DAG(s) dict_keys(['example_task_group_decorator']) retrieved from /home/ubuntu/airflow/airflow_env/lib/python3.8/site-packages/airflow/example_dags/example_task_group_decorator.py
[2022-10-11 11:05:26,308] {logging_mixin.py:115} INFO - [2022-10-11 11:05:26,308] {dag.py:2379} INFO - Sync 1 DAGs
[2022-10-11 11:05:26,325] {logging_mixin.py:115} INFO - [2022-10-11 11:05:26,325] {dag.py:2927} INFO - Setting next_dagrun for example_task_group_decorator to 2022-10-10T18:05:26.324686+00:00, run_after=2022-10-11T18:05:26.324686+00:00
[2022-10-11 11:05:26,339] {processor.py:161} INFO - Processing /home/ubuntu/airflow/airflow_env/lib/python3.8/site-packages/airflow/example_dags/example_task_group_decorator.py took 0.093 seconds
[2022-10-11 11:06:00,863] {processor.py:153} INFO - Started process (PID=202977) to work on /home/ubuntu/airflow/airflow_env/lib/python3.8/site-packages/airflow/example_dags/example_task_group_decorator.py
[2022-10-11 11:06:00,865] {processor.py:641} INFO - Processing file /home/ubuntu/airflow/airflow_env/lib/python3.8/site-packages/airflow/example_dags/example_task_group_decorator.py for tasks to queue
[2022-10-11 11:06:00,866] {logging_mixin.py:115} INFO - [2022-10-11 11:06:00,866] {dagbag.py:507} INFO - Filling up the DagBag from /home/ubuntu/airflow/airflow_env/lib/python3.8/site-packages/airflow/example_dags/example_task_group_decorator.py
[2022-10-11 11:06:00,910] {processor.py:651} INFO - DAG(s) dict_keys(['example_task_group_decorator']) retrieved from /home/ubuntu/airflow/airflow_env/lib/python3.8/site-packages/airflow/example_dags/example_task_group_decorator.py
[2022-10-11 11:06:00,974] {logging_mixin.py:115} INFO - [2022-10-11 11:06:00,974] {dag.py:2379} INFO - Sync 1 DAGs
[2022-10-11 11:06:00,990] {logging_mixin.py:115} INFO - [2022-10-11 11:06:00,990] {dag.py:2927} INFO - Setting next_dagrun for example_task_group_decorator to 2022-10-10T18:06:00.990190+00:00, run_after=2022-10-11T18:06:00.990190+00:00
[2022-10-11 11:06:01,010] {processor.py:161} INFO - Processing /home/ubuntu/airflow/airflow_env/lib/python3.8/site-packages/airflow/example_dags/example_task_group_decorator.py took 0.151 seconds
[2022-10-11 11:06:35,028] {processor.py:153} INFO - Started process (PID=203034) to work on /home/ubuntu/airflow/airflow_env/lib/python3.8/site-packages/airflow/example_dags/example_task_group_decorator.py
[2022-10-11 11:06:35,029] {processor.py:641} INFO - Processing file /home/ubuntu/airflow/airflow_env/lib/python3.8/site-packages/airflow/example_dags/example_task_group_decorator.py for tasks to queue
[2022-10-11 11:06:35,029] {logging_mixin.py:115} INFO - [2022-10-11 11:06:35,029] {dagbag.py:507} INFO - Filling up the DagBag from /home/ubuntu/airflow/airflow_env/lib/python3.8/site-packages/airflow/example_dags/example_task_group_decorator.py
[2022-10-11 11:06:35,064] {processor.py:651} INFO - DAG(s) dict_keys(['example_task_group_decorator']) retrieved from /home/ubuntu/airflow/airflow_env/lib/python3.8/site-packages/airflow/example_dags/example_task_group_decorator.py
[2022-10-11 11:06:35,088] {logging_mixin.py:115} INFO - [2022-10-11 11:06:35,088] {dag.py:2379} INFO - Sync 1 DAGs
[2022-10-11 11:06:35,107] {logging_mixin.py:115} INFO - [2022-10-11 11:06:35,106] {dag.py:2927} INFO - Setting next_dagrun for example_task_group_decorator to 2022-10-10T18:06:35.106562+00:00, run_after=2022-10-11T18:06:35.106562+00:00
[2022-10-11 11:06:35,126] {processor.py:161} INFO - Processing /home/ubuntu/airflow/airflow_env/lib/python3.8/site-packages/airflow/example_dags/example_task_group_decorator.py took 0.104 seconds
[2022-10-11 11:07:09,391] {processor.py:153} INFO - Started process (PID=203094) to work on /home/ubuntu/airflow/airflow_env/lib/python3.8/site-packages/airflow/example_dags/example_task_group_decorator.py
[2022-10-11 11:07:09,392] {processor.py:641} INFO - Processing file /home/ubuntu/airflow/airflow_env/lib/python3.8/site-packages/airflow/example_dags/example_task_group_decorator.py for tasks to queue
[2022-10-11 11:07:09,393] {logging_mixin.py:115} INFO - [2022-10-11 11:07:09,393] {dagbag.py:507} INFO - Filling up the DagBag from /home/ubuntu/airflow/airflow_env/lib/python3.8/site-packages/airflow/example_dags/example_task_group_decorator.py
[2022-10-11 11:07:09,434] {processor.py:651} INFO - DAG(s) dict_keys(['example_task_group_decorator']) retrieved from /home/ubuntu/airflow/airflow_env/lib/python3.8/site-packages/airflow/example_dags/example_task_group_decorator.py
[2022-10-11 11:07:09,459] {logging_mixin.py:115} INFO - [2022-10-11 11:07:09,459] {dag.py:2379} INFO - Sync 1 DAGs
[2022-10-11 11:07:09,481] {logging_mixin.py:115} INFO - [2022-10-11 11:07:09,481] {dag.py:2927} INFO - Setting next_dagrun for example_task_group_decorator to 2022-10-10T18:07:09.480640+00:00, run_after=2022-10-11T18:07:09.480640+00:00
[2022-10-11 11:07:09,506] {processor.py:161} INFO - Processing /home/ubuntu/airflow/airflow_env/lib/python3.8/site-packages/airflow/example_dags/example_task_group_decorator.py took 0.119 seconds
[2022-10-11 11:07:44,080] {processor.py:153} INFO - Started process (PID=203154) to work on /home/ubuntu/airflow/airflow_env/lib/python3.8/site-packages/airflow/example_dags/example_task_group_decorator.py
[2022-10-11 11:07:44,081] {processor.py:641} INFO - Processing file /home/ubuntu/airflow/airflow_env/lib/python3.8/site-packages/airflow/example_dags/example_task_group_decorator.py for tasks to queue
[2022-10-11 11:07:44,081] {logging_mixin.py:115} INFO - [2022-10-11 11:07:44,081] {dagbag.py:507} INFO - Filling up the DagBag from /home/ubuntu/airflow/airflow_env/lib/python3.8/site-packages/airflow/example_dags/example_task_group_decorator.py
[2022-10-11 11:07:44,120] {processor.py:651} INFO - DAG(s) dict_keys(['example_task_group_decorator']) retrieved from /home/ubuntu/airflow/airflow_env/lib/python3.8/site-packages/airflow/example_dags/example_task_group_decorator.py
[2022-10-11 11:07:44,141] {logging_mixin.py:115} INFO - [2022-10-11 11:07:44,141] {dag.py:2379} INFO - Sync 1 DAGs
[2022-10-11 11:07:44,157] {logging_mixin.py:115} INFO - [2022-10-11 11:07:44,157] {dag.py:2927} INFO - Setting next_dagrun for example_task_group_decorator to 2022-10-10T18:07:44.157158+00:00, run_after=2022-10-11T18:07:44.157158+00:00
[2022-10-11 11:07:44,170] {processor.py:161} INFO - Processing /home/ubuntu/airflow/airflow_env/lib/python3.8/site-packages/airflow/example_dags/example_task_group_decorator.py took 0.094 seconds
[2022-10-11 11:08:20,833] {processor.py:153} INFO - Started process (PID=203220) to work on /home/ubuntu/airflow/airflow_env/lib/python3.8/site-packages/airflow/example_dags/example_task_group_decorator.py
[2022-10-11 11:08:20,834] {processor.py:641} INFO - Processing file /home/ubuntu/airflow/airflow_env/lib/python3.8/site-packages/airflow/example_dags/example_task_group_decorator.py for tasks to queue
[2022-10-11 11:08:20,834] {logging_mixin.py:115} INFO - [2022-10-11 11:08:20,834] {dagbag.py:507} INFO - Filling up the DagBag from /home/ubuntu/airflow/airflow_env/lib/python3.8/site-packages/airflow/example_dags/example_task_group_decorator.py
[2022-10-11 11:08:20,866] {processor.py:651} INFO - DAG(s) dict_keys(['example_task_group_decorator']) retrieved from /home/ubuntu/airflow/airflow_env/lib/python3.8/site-packages/airflow/example_dags/example_task_group_decorator.py
[2022-10-11 11:08:20,887] {logging_mixin.py:115} INFO - [2022-10-11 11:08:20,887] {dag.py:2379} INFO - Sync 1 DAGs
[2022-10-11 11:08:20,905] {logging_mixin.py:115} INFO - [2022-10-11 11:08:20,905] {dag.py:2927} INFO - Setting next_dagrun for example_task_group_decorator to 2022-10-10T18:08:20.905287+00:00, run_after=2022-10-11T18:08:20.905287+00:00
[2022-10-11 11:08:20,923] {processor.py:161} INFO - Processing /home/ubuntu/airflow/airflow_env/lib/python3.8/site-packages/airflow/example_dags/example_task_group_decorator.py took 0.094 seconds
[2022-10-11 11:08:52,494] {processor.py:153} INFO - Started process (PID=203319) to work on /home/ubuntu/airflow/airflow_env/lib/python3.8/site-packages/airflow/example_dags/example_task_group_decorator.py
[2022-10-11 11:08:52,495] {processor.py:641} INFO - Processing file /home/ubuntu/airflow/airflow_env/lib/python3.8/site-packages/airflow/example_dags/example_task_group_decorator.py for tasks to queue
[2022-10-11 11:08:52,496] {logging_mixin.py:115} INFO - [2022-10-11 11:08:52,496] {dagbag.py:507} INFO - Filling up the DagBag from /home/ubuntu/airflow/airflow_env/lib/python3.8/site-packages/airflow/example_dags/example_task_group_decorator.py
[2022-10-11 11:08:52,535] {processor.py:651} INFO - DAG(s) dict_keys(['example_task_group_decorator']) retrieved from /home/ubuntu/airflow/airflow_env/lib/python3.8/site-packages/airflow/example_dags/example_task_group_decorator.py
[2022-10-11 11:08:52,558] {logging_mixin.py:115} INFO - [2022-10-11 11:08:52,558] {dag.py:2379} INFO - Sync 1 DAGs
[2022-10-11 11:08:52,575] {logging_mixin.py:115} INFO - [2022-10-11 11:08:52,575] {dag.py:2927} INFO - Setting next_dagrun for example_task_group_decorator to 2022-10-10T18:08:52.574888+00:00, run_after=2022-10-11T18:08:52.574888+00:00
[2022-10-11 11:08:52,589] {processor.py:161} INFO - Processing /home/ubuntu/airflow/airflow_env/lib/python3.8/site-packages/airflow/example_dags/example_task_group_decorator.py took 0.099 seconds
[2022-10-11 11:09:26,242] {processor.py:153} INFO - Started process (PID=203476) to work on /home/ubuntu/airflow/airflow_env/lib/python3.8/site-packages/airflow/example_dags/example_task_group_decorator.py
[2022-10-11 11:09:26,244] {processor.py:641} INFO - Processing file /home/ubuntu/airflow/airflow_env/lib/python3.8/site-packages/airflow/example_dags/example_task_group_decorator.py for tasks to queue
[2022-10-11 11:09:26,246] {logging_mixin.py:115} INFO - [2022-10-11 11:09:26,246] {dagbag.py:507} INFO - Filling up the DagBag from /home/ubuntu/airflow/airflow_env/lib/python3.8/site-packages/airflow/example_dags/example_task_group_decorator.py
[2022-10-11 11:09:26,318] {processor.py:651} INFO - DAG(s) dict_keys(['example_task_group_decorator']) retrieved from /home/ubuntu/airflow/airflow_env/lib/python3.8/site-packages/airflow/example_dags/example_task_group_decorator.py
[2022-10-11 11:09:26,354] {logging_mixin.py:115} INFO - [2022-10-11 11:09:26,354] {dag.py:2379} INFO - Sync 1 DAGs
[2022-10-11 11:09:26,383] {logging_mixin.py:115} INFO - [2022-10-11 11:09:26,383] {dag.py:2927} INFO - Setting next_dagrun for example_task_group_decorator to 2022-10-10T18:09:26.383101+00:00, run_after=2022-10-11T18:09:26.383101+00:00
[2022-10-11 11:09:26,402] {processor.py:161} INFO - Processing /home/ubuntu/airflow/airflow_env/lib/python3.8/site-packages/airflow/example_dags/example_task_group_decorator.py took 0.166 seconds
[2022-10-11 11:10:03,194] {processor.py:153} INFO - Started process (PID=203535) to work on /home/ubuntu/airflow/airflow_env/lib/python3.8/site-packages/airflow/example_dags/example_task_group_decorator.py
[2022-10-11 11:10:03,195] {processor.py:641} INFO - Processing file /home/ubuntu/airflow/airflow_env/lib/python3.8/site-packages/airflow/example_dags/example_task_group_decorator.py for tasks to queue
[2022-10-11 11:10:03,196] {logging_mixin.py:115} INFO - [2022-10-11 11:10:03,196] {dagbag.py:507} INFO - Filling up the DagBag from /home/ubuntu/airflow/airflow_env/lib/python3.8/site-packages/airflow/example_dags/example_task_group_decorator.py
[2022-10-11 11:10:03,229] {processor.py:651} INFO - DAG(s) dict_keys(['example_task_group_decorator']) retrieved from /home/ubuntu/airflow/airflow_env/lib/python3.8/site-packages/airflow/example_dags/example_task_group_decorator.py
[2022-10-11 11:10:03,257] {logging_mixin.py:115} INFO - [2022-10-11 11:10:03,256] {dag.py:2379} INFO - Sync 1 DAGs
[2022-10-11 11:10:03,278] {logging_mixin.py:115} INFO - [2022-10-11 11:10:03,278] {dag.py:2927} INFO - Setting next_dagrun for example_task_group_decorator to 2022-10-10T18:10:03.278249+00:00, run_after=2022-10-11T18:10:03.278249+00:00
[2022-10-11 11:10:03,291] {processor.py:161} INFO - Processing /home/ubuntu/airflow/airflow_env/lib/python3.8/site-packages/airflow/example_dags/example_task_group_decorator.py took 0.101 seconds
[2022-10-11 11:10:37,758] {processor.py:153} INFO - Started process (PID=203588) to work on /home/ubuntu/airflow/airflow_env/lib/python3.8/site-packages/airflow/example_dags/example_task_group_decorator.py
[2022-10-11 11:10:37,759] {processor.py:641} INFO - Processing file /home/ubuntu/airflow/airflow_env/lib/python3.8/site-packages/airflow/example_dags/example_task_group_decorator.py for tasks to queue
[2022-10-11 11:10:37,760] {logging_mixin.py:115} INFO - [2022-10-11 11:10:37,759] {dagbag.py:507} INFO - Filling up the DagBag from /home/ubuntu/airflow/airflow_env/lib/python3.8/site-packages/airflow/example_dags/example_task_group_decorator.py
[2022-10-11 11:10:37,793] {processor.py:651} INFO - DAG(s) dict_keys(['example_task_group_decorator']) retrieved from /home/ubuntu/airflow/airflow_env/lib/python3.8/site-packages/airflow/example_dags/example_task_group_decorator.py
[2022-10-11 11:10:37,816] {logging_mixin.py:115} INFO - [2022-10-11 11:10:37,816] {dag.py:2379} INFO - Sync 1 DAGs
[2022-10-11 11:10:37,835] {logging_mixin.py:115} INFO - [2022-10-11 11:10:37,835] {dag.py:2927} INFO - Setting next_dagrun for example_task_group_decorator to 2022-10-10T18:10:37.834843+00:00, run_after=2022-10-11T18:10:37.834843+00:00
[2022-10-11 11:10:37,850] {processor.py:161} INFO - Processing /home/ubuntu/airflow/airflow_env/lib/python3.8/site-packages/airflow/example_dags/example_task_group_decorator.py took 0.096 seconds
[2022-10-11 11:11:14,594] {processor.py:153} INFO - Started process (PID=203647) to work on /home/ubuntu/airflow/airflow_env/lib/python3.8/site-packages/airflow/example_dags/example_task_group_decorator.py
[2022-10-11 11:11:14,595] {processor.py:641} INFO - Processing file /home/ubuntu/airflow/airflow_env/lib/python3.8/site-packages/airflow/example_dags/example_task_group_decorator.py for tasks to queue
[2022-10-11 11:11:14,596] {logging_mixin.py:115} INFO - [2022-10-11 11:11:14,596] {dagbag.py:507} INFO - Filling up the DagBag from /home/ubuntu/airflow/airflow_env/lib/python3.8/site-packages/airflow/example_dags/example_task_group_decorator.py
[2022-10-11 11:11:14,630] {processor.py:651} INFO - DAG(s) dict_keys(['example_task_group_decorator']) retrieved from /home/ubuntu/airflow/airflow_env/lib/python3.8/site-packages/airflow/example_dags/example_task_group_decorator.py
[2022-10-11 11:11:14,707] {logging_mixin.py:115} INFO - [2022-10-11 11:11:14,707] {dag.py:2379} INFO - Sync 1 DAGs
[2022-10-11 11:11:14,721] {logging_mixin.py:115} INFO - [2022-10-11 11:11:14,721] {dag.py:2927} INFO - Setting next_dagrun for example_task_group_decorator to 2022-10-10T18:11:14.721227+00:00, run_after=2022-10-11T18:11:14.721227+00:00
[2022-10-11 11:11:14,738] {processor.py:161} INFO - Processing /home/ubuntu/airflow/airflow_env/lib/python3.8/site-packages/airflow/example_dags/example_task_group_decorator.py took 0.149 seconds
[2022-10-11 11:11:50,224] {processor.py:153} INFO - Started process (PID=203704) to work on /home/ubuntu/airflow/airflow_env/lib/python3.8/site-packages/airflow/example_dags/example_task_group_decorator.py
[2022-10-11 11:11:50,225] {processor.py:641} INFO - Processing file /home/ubuntu/airflow/airflow_env/lib/python3.8/site-packages/airflow/example_dags/example_task_group_decorator.py for tasks to queue
[2022-10-11 11:11:50,225] {logging_mixin.py:115} INFO - [2022-10-11 11:11:50,225] {dagbag.py:507} INFO - Filling up the DagBag from /home/ubuntu/airflow/airflow_env/lib/python3.8/site-packages/airflow/example_dags/example_task_group_decorator.py
[2022-10-11 11:11:50,266] {processor.py:651} INFO - DAG(s) dict_keys(['example_task_group_decorator']) retrieved from /home/ubuntu/airflow/airflow_env/lib/python3.8/site-packages/airflow/example_dags/example_task_group_decorator.py
[2022-10-11 11:11:50,333] {logging_mixin.py:115} INFO - [2022-10-11 11:11:50,333] {dag.py:2379} INFO - Sync 1 DAGs
[2022-10-11 11:11:50,349] {logging_mixin.py:115} INFO - [2022-10-11 11:11:50,349] {dag.py:2927} INFO - Setting next_dagrun for example_task_group_decorator to 2022-10-10T18:11:50.348828+00:00, run_after=2022-10-11T18:11:50.348828+00:00
[2022-10-11 11:11:50,371] {processor.py:161} INFO - Processing /home/ubuntu/airflow/airflow_env/lib/python3.8/site-packages/airflow/example_dags/example_task_group_decorator.py took 0.151 seconds
[2022-10-11 11:12:25,849] {processor.py:153} INFO - Started process (PID=203846) to work on /home/ubuntu/airflow/airflow_env/lib/python3.8/site-packages/airflow/example_dags/example_task_group_decorator.py
[2022-10-11 11:12:25,852] {processor.py:641} INFO - Processing file /home/ubuntu/airflow/airflow_env/lib/python3.8/site-packages/airflow/example_dags/example_task_group_decorator.py for tasks to queue
[2022-10-11 11:12:25,852] {logging_mixin.py:115} INFO - [2022-10-11 11:12:25,852] {dagbag.py:507} INFO - Filling up the DagBag from /home/ubuntu/airflow/airflow_env/lib/python3.8/site-packages/airflow/example_dags/example_task_group_decorator.py
[2022-10-11 11:12:25,882] {processor.py:651} INFO - DAG(s) dict_keys(['example_task_group_decorator']) retrieved from /home/ubuntu/airflow/airflow_env/lib/python3.8/site-packages/airflow/example_dags/example_task_group_decorator.py
[2022-10-11 11:12:25,905] {logging_mixin.py:115} INFO - [2022-10-11 11:12:25,905] {dag.py:2379} INFO - Sync 1 DAGs
[2022-10-11 11:12:25,929] {logging_mixin.py:115} INFO - [2022-10-11 11:12:25,928] {dag.py:2927} INFO - Setting next_dagrun for example_task_group_decorator to 2022-10-10T18:12:25.928589+00:00, run_after=2022-10-11T18:12:25.928589+00:00
[2022-10-11 11:12:25,948] {processor.py:161} INFO - Processing /home/ubuntu/airflow/airflow_env/lib/python3.8/site-packages/airflow/example_dags/example_task_group_decorator.py took 0.103 seconds
[2022-10-11 11:13:05,820] {processor.py:153} INFO - Started process (PID=204021) to work on /home/ubuntu/airflow/airflow_env/lib/python3.8/site-packages/airflow/example_dags/example_task_group_decorator.py
[2022-10-11 11:13:05,822] {processor.py:641} INFO - Processing file /home/ubuntu/airflow/airflow_env/lib/python3.8/site-packages/airflow/example_dags/example_task_group_decorator.py for tasks to queue
[2022-10-11 11:13:05,823] {logging_mixin.py:115} INFO - [2022-10-11 11:13:05,823] {dagbag.py:507} INFO - Filling up the DagBag from /home/ubuntu/airflow/airflow_env/lib/python3.8/site-packages/airflow/example_dags/example_task_group_decorator.py
[2022-10-11 11:13:05,919] {processor.py:651} INFO - DAG(s) dict_keys(['example_task_group_decorator']) retrieved from /home/ubuntu/airflow/airflow_env/lib/python3.8/site-packages/airflow/example_dags/example_task_group_decorator.py
[2022-10-11 11:13:05,941] {logging_mixin.py:115} INFO - [2022-10-11 11:13:05,941] {dag.py:2379} INFO - Sync 1 DAGs
[2022-10-11 11:13:05,961] {logging_mixin.py:115} INFO - [2022-10-11 11:13:05,961] {dag.py:2927} INFO - Setting next_dagrun for example_task_group_decorator to 2022-10-10T18:13:05.961419+00:00, run_after=2022-10-11T18:13:05.961419+00:00
[2022-10-11 11:13:05,975] {processor.py:161} INFO - Processing /home/ubuntu/airflow/airflow_env/lib/python3.8/site-packages/airflow/example_dags/example_task_group_decorator.py took 0.198 seconds
[2022-10-11 11:13:45,190] {processor.py:153} INFO - Started process (PID=211200) to work on /home/ubuntu/airflow/airflow_env/lib/python3.8/site-packages/airflow/example_dags/example_task_group_decorator.py
[2022-10-11 11:13:45,191] {processor.py:641} INFO - Processing file /home/ubuntu/airflow/airflow_env/lib/python3.8/site-packages/airflow/example_dags/example_task_group_decorator.py for tasks to queue
[2022-10-11 11:13:45,191] {logging_mixin.py:115} INFO - [2022-10-11 11:13:45,191] {dagbag.py:507} INFO - Filling up the DagBag from /home/ubuntu/airflow/airflow_env/lib/python3.8/site-packages/airflow/example_dags/example_task_group_decorator.py
[2022-10-11 11:13:45,238] {processor.py:651} INFO - DAG(s) dict_keys(['example_task_group_decorator']) retrieved from /home/ubuntu/airflow/airflow_env/lib/python3.8/site-packages/airflow/example_dags/example_task_group_decorator.py
[2022-10-11 11:13:45,352] {logging_mixin.py:115} INFO - [2022-10-11 11:13:45,352] {dag.py:2379} INFO - Sync 1 DAGs
[2022-10-11 11:13:45,458] {logging_mixin.py:115} INFO - [2022-10-11 11:13:45,458] {dag.py:2927} INFO - Setting next_dagrun for example_task_group_decorator to 2022-10-10T18:13:45.455265+00:00, run_after=2022-10-11T18:13:45.455265+00:00
[2022-10-11 11:13:45,527] {processor.py:161} INFO - Processing /home/ubuntu/airflow/airflow_env/lib/python3.8/site-packages/airflow/example_dags/example_task_group_decorator.py took 0.342 seconds
[2022-10-11 11:14:21,342] {processor.py:153} INFO - Started process (PID=212206) to work on /home/ubuntu/airflow/airflow_env/lib/python3.8/site-packages/airflow/example_dags/example_task_group_decorator.py
[2022-10-11 11:14:21,343] {processor.py:641} INFO - Processing file /home/ubuntu/airflow/airflow_env/lib/python3.8/site-packages/airflow/example_dags/example_task_group_decorator.py for tasks to queue
[2022-10-11 11:14:21,344] {logging_mixin.py:115} INFO - [2022-10-11 11:14:21,344] {dagbag.py:507} INFO - Filling up the DagBag from /home/ubuntu/airflow/airflow_env/lib/python3.8/site-packages/airflow/example_dags/example_task_group_decorator.py
[2022-10-11 11:14:21,377] {processor.py:651} INFO - DAG(s) dict_keys(['example_task_group_decorator']) retrieved from /home/ubuntu/airflow/airflow_env/lib/python3.8/site-packages/airflow/example_dags/example_task_group_decorator.py
[2022-10-11 11:14:21,400] {logging_mixin.py:115} INFO - [2022-10-11 11:14:21,400] {dag.py:2379} INFO - Sync 1 DAGs
[2022-10-11 11:14:21,418] {logging_mixin.py:115} INFO - [2022-10-11 11:14:21,418] {dag.py:2927} INFO - Setting next_dagrun for example_task_group_decorator to 2022-10-10T18:14:21.417891+00:00, run_after=2022-10-11T18:14:21.417891+00:00
[2022-10-11 11:14:21,433] {processor.py:161} INFO - Processing /home/ubuntu/airflow/airflow_env/lib/python3.8/site-packages/airflow/example_dags/example_task_group_decorator.py took 0.095 seconds
[2022-10-11 11:14:57,454] {processor.py:153} INFO - Started process (PID=212285) to work on /home/ubuntu/airflow/airflow_env/lib/python3.8/site-packages/airflow/example_dags/example_task_group_decorator.py
[2022-10-11 11:14:57,455] {processor.py:641} INFO - Processing file /home/ubuntu/airflow/airflow_env/lib/python3.8/site-packages/airflow/example_dags/example_task_group_decorator.py for tasks to queue
[2022-10-11 11:14:57,455] {logging_mixin.py:115} INFO - [2022-10-11 11:14:57,455] {dagbag.py:507} INFO - Filling up the DagBag from /home/ubuntu/airflow/airflow_env/lib/python3.8/site-packages/airflow/example_dags/example_task_group_decorator.py
[2022-10-11 11:14:57,495] {processor.py:651} INFO - DAG(s) dict_keys(['example_task_group_decorator']) retrieved from /home/ubuntu/airflow/airflow_env/lib/python3.8/site-packages/airflow/example_dags/example_task_group_decorator.py
[2022-10-11 11:14:57,521] {logging_mixin.py:115} INFO - [2022-10-11 11:14:57,521] {dag.py:2379} INFO - Sync 1 DAGs
[2022-10-11 11:14:57,542] {logging_mixin.py:115} INFO - [2022-10-11 11:14:57,542] {dag.py:2927} INFO - Setting next_dagrun for example_task_group_decorator to 2022-10-10T18:14:57.541933+00:00, run_after=2022-10-11T18:14:57.541933+00:00
[2022-10-11 11:14:57,560] {processor.py:161} INFO - Processing /home/ubuntu/airflow/airflow_env/lib/python3.8/site-packages/airflow/example_dags/example_task_group_decorator.py took 0.112 seconds
[2022-10-11 11:15:32,303] {processor.py:153} INFO - Started process (PID=212345) to work on /home/ubuntu/airflow/airflow_env/lib/python3.8/site-packages/airflow/example_dags/example_task_group_decorator.py
[2022-10-11 11:15:32,305] {processor.py:641} INFO - Processing file /home/ubuntu/airflow/airflow_env/lib/python3.8/site-packages/airflow/example_dags/example_task_group_decorator.py for tasks to queue
[2022-10-11 11:15:32,306] {logging_mixin.py:115} INFO - [2022-10-11 11:15:32,305] {dagbag.py:507} INFO - Filling up the DagBag from /home/ubuntu/airflow/airflow_env/lib/python3.8/site-packages/airflow/example_dags/example_task_group_decorator.py
[2022-10-11 11:15:32,343] {processor.py:651} INFO - DAG(s) dict_keys(['example_task_group_decorator']) retrieved from /home/ubuntu/airflow/airflow_env/lib/python3.8/site-packages/airflow/example_dags/example_task_group_decorator.py
[2022-10-11 11:15:32,368] {logging_mixin.py:115} INFO - [2022-10-11 11:15:32,368] {dag.py:2379} INFO - Sync 1 DAGs
[2022-10-11 11:15:32,387] {logging_mixin.py:115} INFO - [2022-10-11 11:15:32,387] {dag.py:2927} INFO - Setting next_dagrun for example_task_group_decorator to 2022-10-10T18:15:32.386769+00:00, run_after=2022-10-11T18:15:32.386769+00:00
[2022-10-11 11:15:32,402] {processor.py:161} INFO - Processing /home/ubuntu/airflow/airflow_env/lib/python3.8/site-packages/airflow/example_dags/example_task_group_decorator.py took 0.105 seconds
[2022-10-11 11:16:08,377] {processor.py:153} INFO - Started process (PID=212407) to work on /home/ubuntu/airflow/airflow_env/lib/python3.8/site-packages/airflow/example_dags/example_task_group_decorator.py
[2022-10-11 11:16:08,378] {processor.py:641} INFO - Processing file /home/ubuntu/airflow/airflow_env/lib/python3.8/site-packages/airflow/example_dags/example_task_group_decorator.py for tasks to queue
[2022-10-11 11:16:08,378] {logging_mixin.py:115} INFO - [2022-10-11 11:16:08,378] {dagbag.py:507} INFO - Filling up the DagBag from /home/ubuntu/airflow/airflow_env/lib/python3.8/site-packages/airflow/example_dags/example_task_group_decorator.py
[2022-10-11 11:16:08,403] {processor.py:651} INFO - DAG(s) dict_keys(['example_task_group_decorator']) retrieved from /home/ubuntu/airflow/airflow_env/lib/python3.8/site-packages/airflow/example_dags/example_task_group_decorator.py
[2022-10-11 11:16:08,448] {logging_mixin.py:115} INFO - [2022-10-11 11:16:08,448] {dag.py:2379} INFO - Sync 1 DAGs
[2022-10-11 11:16:08,461] {logging_mixin.py:115} INFO - [2022-10-11 11:16:08,461] {dag.py:2927} INFO - Setting next_dagrun for example_task_group_decorator to 2022-10-10T18:16:08.461167+00:00, run_after=2022-10-11T18:16:08.461167+00:00
[2022-10-11 11:16:08,481] {processor.py:161} INFO - Processing /home/ubuntu/airflow/airflow_env/lib/python3.8/site-packages/airflow/example_dags/example_task_group_decorator.py took 0.109 seconds
[2022-10-11 11:16:43,199] {processor.py:153} INFO - Started process (PID=212468) to work on /home/ubuntu/airflow/airflow_env/lib/python3.8/site-packages/airflow/example_dags/example_task_group_decorator.py
[2022-10-11 11:16:43,200] {processor.py:641} INFO - Processing file /home/ubuntu/airflow/airflow_env/lib/python3.8/site-packages/airflow/example_dags/example_task_group_decorator.py for tasks to queue
[2022-10-11 11:16:43,201] {logging_mixin.py:115} INFO - [2022-10-11 11:16:43,201] {dagbag.py:507} INFO - Filling up the DagBag from /home/ubuntu/airflow/airflow_env/lib/python3.8/site-packages/airflow/example_dags/example_task_group_decorator.py
[2022-10-11 11:16:43,233] {processor.py:651} INFO - DAG(s) dict_keys(['example_task_group_decorator']) retrieved from /home/ubuntu/airflow/airflow_env/lib/python3.8/site-packages/airflow/example_dags/example_task_group_decorator.py
[2022-10-11 11:16:43,254] {logging_mixin.py:115} INFO - [2022-10-11 11:16:43,254] {dag.py:2379} INFO - Sync 1 DAGs
[2022-10-11 11:16:43,269] {logging_mixin.py:115} INFO - [2022-10-11 11:16:43,269] {dag.py:2927} INFO - Setting next_dagrun for example_task_group_decorator to 2022-10-10T18:16:43.269350+00:00, run_after=2022-10-11T18:16:43.269350+00:00
[2022-10-11 11:16:43,284] {processor.py:161} INFO - Processing /home/ubuntu/airflow/airflow_env/lib/python3.8/site-packages/airflow/example_dags/example_task_group_decorator.py took 0.089 seconds
[2022-10-11 11:17:19,280] {processor.py:153} INFO - Started process (PID=212825) to work on /home/ubuntu/airflow/airflow_env/lib/python3.8/site-packages/airflow/example_dags/example_task_group_decorator.py
[2022-10-11 11:17:19,281] {processor.py:641} INFO - Processing file /home/ubuntu/airflow/airflow_env/lib/python3.8/site-packages/airflow/example_dags/example_task_group_decorator.py for tasks to queue
[2022-10-11 11:17:19,282] {logging_mixin.py:115} INFO - [2022-10-11 11:17:19,282] {dagbag.py:507} INFO - Filling up the DagBag from /home/ubuntu/airflow/airflow_env/lib/python3.8/site-packages/airflow/example_dags/example_task_group_decorator.py
[2022-10-11 11:17:19,312] {processor.py:651} INFO - DAG(s) dict_keys(['example_task_group_decorator']) retrieved from /home/ubuntu/airflow/airflow_env/lib/python3.8/site-packages/airflow/example_dags/example_task_group_decorator.py
[2022-10-11 11:17:19,340] {logging_mixin.py:115} INFO - [2022-10-11 11:17:19,339] {dag.py:2379} INFO - Sync 1 DAGs
[2022-10-11 11:17:19,358] {logging_mixin.py:115} INFO - [2022-10-11 11:17:19,358] {dag.py:2927} INFO - Setting next_dagrun for example_task_group_decorator to 2022-10-10T18:17:19.357867+00:00, run_after=2022-10-11T18:17:19.357867+00:00
[2022-10-11 11:17:19,374] {processor.py:161} INFO - Processing /home/ubuntu/airflow/airflow_env/lib/python3.8/site-packages/airflow/example_dags/example_task_group_decorator.py took 0.097 seconds
[2022-10-11 11:17:54,281] {processor.py:153} INFO - Started process (PID=212920) to work on /home/ubuntu/airflow/airflow_env/lib/python3.8/site-packages/airflow/example_dags/example_task_group_decorator.py
[2022-10-11 11:17:54,282] {processor.py:641} INFO - Processing file /home/ubuntu/airflow/airflow_env/lib/python3.8/site-packages/airflow/example_dags/example_task_group_decorator.py for tasks to queue
[2022-10-11 11:17:54,283] {logging_mixin.py:115} INFO - [2022-10-11 11:17:54,282] {dagbag.py:507} INFO - Filling up the DagBag from /home/ubuntu/airflow/airflow_env/lib/python3.8/site-packages/airflow/example_dags/example_task_group_decorator.py
[2022-10-11 11:17:54,317] {processor.py:651} INFO - DAG(s) dict_keys(['example_task_group_decorator']) retrieved from /home/ubuntu/airflow/airflow_env/lib/python3.8/site-packages/airflow/example_dags/example_task_group_decorator.py
[2022-10-11 11:17:54,341] {logging_mixin.py:115} INFO - [2022-10-11 11:17:54,340] {dag.py:2379} INFO - Sync 1 DAGs
[2022-10-11 11:17:54,359] {logging_mixin.py:115} INFO - [2022-10-11 11:17:54,359] {dag.py:2927} INFO - Setting next_dagrun for example_task_group_decorator to 2022-10-10T18:17:54.359049+00:00, run_after=2022-10-11T18:17:54.359049+00:00
[2022-10-11 11:17:54,373] {processor.py:161} INFO - Processing /home/ubuntu/airflow/airflow_env/lib/python3.8/site-packages/airflow/example_dags/example_task_group_decorator.py took 0.096 seconds
[2022-10-11 11:18:27,939] {processor.py:153} INFO - Started process (PID=212977) to work on /home/ubuntu/airflow/airflow_env/lib/python3.8/site-packages/airflow/example_dags/example_task_group_decorator.py
[2022-10-11 11:18:27,940] {processor.py:641} INFO - Processing file /home/ubuntu/airflow/airflow_env/lib/python3.8/site-packages/airflow/example_dags/example_task_group_decorator.py for tasks to queue
[2022-10-11 11:18:27,941] {logging_mixin.py:115} INFO - [2022-10-11 11:18:27,941] {dagbag.py:507} INFO - Filling up the DagBag from /home/ubuntu/airflow/airflow_env/lib/python3.8/site-packages/airflow/example_dags/example_task_group_decorator.py
[2022-10-11 11:18:27,972] {processor.py:651} INFO - DAG(s) dict_keys(['example_task_group_decorator']) retrieved from /home/ubuntu/airflow/airflow_env/lib/python3.8/site-packages/airflow/example_dags/example_task_group_decorator.py
[2022-10-11 11:18:27,994] {logging_mixin.py:115} INFO - [2022-10-11 11:18:27,994] {dag.py:2379} INFO - Sync 1 DAGs
[2022-10-11 11:18:28,009] {logging_mixin.py:115} INFO - [2022-10-11 11:18:28,009] {dag.py:2927} INFO - Setting next_dagrun for example_task_group_decorator to 2022-10-10T18:18:28.008717+00:00, run_after=2022-10-11T18:18:28.008717+00:00
[2022-10-11 11:18:28,021] {processor.py:161} INFO - Processing /home/ubuntu/airflow/airflow_env/lib/python3.8/site-packages/airflow/example_dags/example_task_group_decorator.py took 0.086 seconds
[2022-10-11 11:19:00,398] {processor.py:153} INFO - Started process (PID=213069) to work on /home/ubuntu/airflow/airflow_env/lib/python3.8/site-packages/airflow/example_dags/example_task_group_decorator.py
[2022-10-11 11:19:00,399] {processor.py:641} INFO - Processing file /home/ubuntu/airflow/airflow_env/lib/python3.8/site-packages/airflow/example_dags/example_task_group_decorator.py for tasks to queue
[2022-10-11 11:19:00,400] {logging_mixin.py:115} INFO - [2022-10-11 11:19:00,400] {dagbag.py:507} INFO - Filling up the DagBag from /home/ubuntu/airflow/airflow_env/lib/python3.8/site-packages/airflow/example_dags/example_task_group_decorator.py
[2022-10-11 11:19:00,431] {processor.py:651} INFO - DAG(s) dict_keys(['example_task_group_decorator']) retrieved from /home/ubuntu/airflow/airflow_env/lib/python3.8/site-packages/airflow/example_dags/example_task_group_decorator.py
[2022-10-11 11:19:00,497] {logging_mixin.py:115} INFO - [2022-10-11 11:19:00,497] {dag.py:2379} INFO - Sync 1 DAGs
[2022-10-11 11:19:00,512] {logging_mixin.py:115} INFO - [2022-10-11 11:19:00,511] {dag.py:2927} INFO - Setting next_dagrun for example_task_group_decorator to 2022-10-10T18:19:00.511575+00:00, run_after=2022-10-11T18:19:00.511575+00:00
[2022-10-11 11:19:00,526] {processor.py:161} INFO - Processing /home/ubuntu/airflow/airflow_env/lib/python3.8/site-packages/airflow/example_dags/example_task_group_decorator.py took 0.132 seconds
[2022-10-11 11:19:39,501] {processor.py:153} INFO - Started process (PID=213237) to work on /home/ubuntu/airflow/airflow_env/lib/python3.8/site-packages/airflow/example_dags/example_task_group_decorator.py
[2022-10-11 11:19:39,503] {processor.py:641} INFO - Processing file /home/ubuntu/airflow/airflow_env/lib/python3.8/site-packages/airflow/example_dags/example_task_group_decorator.py for tasks to queue
[2022-10-11 11:19:39,504] {logging_mixin.py:115} INFO - [2022-10-11 11:19:39,504] {dagbag.py:507} INFO - Filling up the DagBag from /home/ubuntu/airflow/airflow_env/lib/python3.8/site-packages/airflow/example_dags/example_task_group_decorator.py
[2022-10-11 11:19:39,560] {processor.py:651} INFO - DAG(s) dict_keys(['example_task_group_decorator']) retrieved from /home/ubuntu/airflow/airflow_env/lib/python3.8/site-packages/airflow/example_dags/example_task_group_decorator.py
[2022-10-11 11:19:39,587] {logging_mixin.py:115} INFO - [2022-10-11 11:19:39,587] {dag.py:2379} INFO - Sync 1 DAGs
[2022-10-11 11:19:39,611] {logging_mixin.py:115} INFO - [2022-10-11 11:19:39,610] {dag.py:2927} INFO - Setting next_dagrun for example_task_group_decorator to 2022-10-10T18:19:39.610380+00:00, run_after=2022-10-11T18:19:39.610380+00:00
[2022-10-11 11:19:39,628] {processor.py:161} INFO - Processing /home/ubuntu/airflow/airflow_env/lib/python3.8/site-packages/airflow/example_dags/example_task_group_decorator.py took 0.134 seconds
[2022-10-11 11:20:16,528] {processor.py:153} INFO - Started process (PID=213321) to work on /home/ubuntu/airflow/airflow_env/lib/python3.8/site-packages/airflow/example_dags/example_task_group_decorator.py
[2022-10-11 11:20:16,529] {processor.py:641} INFO - Processing file /home/ubuntu/airflow/airflow_env/lib/python3.8/site-packages/airflow/example_dags/example_task_group_decorator.py for tasks to queue
[2022-10-11 11:20:16,530] {logging_mixin.py:115} INFO - [2022-10-11 11:20:16,530] {dagbag.py:507} INFO - Filling up the DagBag from /home/ubuntu/airflow/airflow_env/lib/python3.8/site-packages/airflow/example_dags/example_task_group_decorator.py
[2022-10-11 11:20:16,563] {processor.py:651} INFO - DAG(s) dict_keys(['example_task_group_decorator']) retrieved from /home/ubuntu/airflow/airflow_env/lib/python3.8/site-packages/airflow/example_dags/example_task_group_decorator.py
[2022-10-11 11:20:16,598] {logging_mixin.py:115} INFO - [2022-10-11 11:20:16,598] {dag.py:2379} INFO - Sync 1 DAGs
[2022-10-11 11:20:16,623] {logging_mixin.py:115} INFO - [2022-10-11 11:20:16,623] {dag.py:2927} INFO - Setting next_dagrun for example_task_group_decorator to 2022-10-10T18:20:16.623205+00:00, run_after=2022-10-11T18:20:16.623205+00:00
[2022-10-11 11:20:16,641] {processor.py:161} INFO - Processing /home/ubuntu/airflow/airflow_env/lib/python3.8/site-packages/airflow/example_dags/example_task_group_decorator.py took 0.117 seconds
[2022-10-11 11:20:53,350] {processor.py:153} INFO - Started process (PID=213387) to work on /home/ubuntu/airflow/airflow_env/lib/python3.8/site-packages/airflow/example_dags/example_task_group_decorator.py
[2022-10-11 11:20:53,351] {processor.py:641} INFO - Processing file /home/ubuntu/airflow/airflow_env/lib/python3.8/site-packages/airflow/example_dags/example_task_group_decorator.py for tasks to queue
[2022-10-11 11:20:53,352] {logging_mixin.py:115} INFO - [2022-10-11 11:20:53,351] {dagbag.py:507} INFO - Filling up the DagBag from /home/ubuntu/airflow/airflow_env/lib/python3.8/site-packages/airflow/example_dags/example_task_group_decorator.py
[2022-10-11 11:20:53,386] {processor.py:651} INFO - DAG(s) dict_keys(['example_task_group_decorator']) retrieved from /home/ubuntu/airflow/airflow_env/lib/python3.8/site-packages/airflow/example_dags/example_task_group_decorator.py
[2022-10-11 11:20:53,407] {logging_mixin.py:115} INFO - [2022-10-11 11:20:53,407] {dag.py:2379} INFO - Sync 1 DAGs
[2022-10-11 11:20:53,430] {logging_mixin.py:115} INFO - [2022-10-11 11:20:53,429] {dag.py:2927} INFO - Setting next_dagrun for example_task_group_decorator to 2022-10-10T18:20:53.429527+00:00, run_after=2022-10-11T18:20:53.429527+00:00
[2022-10-11 11:20:53,443] {processor.py:161} INFO - Processing /home/ubuntu/airflow/airflow_env/lib/python3.8/site-packages/airflow/example_dags/example_task_group_decorator.py took 0.098 seconds
[2022-10-11 11:21:29,845] {processor.py:153} INFO - Started process (PID=213492) to work on /home/ubuntu/airflow/airflow_env/lib/python3.8/site-packages/airflow/example_dags/example_task_group_decorator.py
[2022-10-11 11:21:29,846] {processor.py:641} INFO - Processing file /home/ubuntu/airflow/airflow_env/lib/python3.8/site-packages/airflow/example_dags/example_task_group_decorator.py for tasks to queue
[2022-10-11 11:21:29,846] {logging_mixin.py:115} INFO - [2022-10-11 11:21:29,846] {dagbag.py:507} INFO - Filling up the DagBag from /home/ubuntu/airflow/airflow_env/lib/python3.8/site-packages/airflow/example_dags/example_task_group_decorator.py
[2022-10-11 11:21:29,886] {processor.py:651} INFO - DAG(s) dict_keys(['example_task_group_decorator']) retrieved from /home/ubuntu/airflow/airflow_env/lib/python3.8/site-packages/airflow/example_dags/example_task_group_decorator.py
[2022-10-11 11:21:29,957] {logging_mixin.py:115} INFO - [2022-10-11 11:21:29,957] {dag.py:2379} INFO - Sync 1 DAGs
[2022-10-11 11:21:29,974] {logging_mixin.py:115} INFO - [2022-10-11 11:21:29,974] {dag.py:2927} INFO - Setting next_dagrun for example_task_group_decorator to 2022-10-10T18:21:29.973798+00:00, run_after=2022-10-11T18:21:29.973798+00:00
[2022-10-11 11:21:29,989] {processor.py:161} INFO - Processing /home/ubuntu/airflow/airflow_env/lib/python3.8/site-packages/airflow/example_dags/example_task_group_decorator.py took 0.151 seconds
