[2022-10-11 11:02:04,577] {processor.py:153} INFO - Started process (PID=202501) to work on /home/ubuntu/airflow/airflow_env/lib/python3.8/site-packages/airflow/example_dags/example_branch_day_of_week_operator.py
[2022-10-11 11:02:04,578] {processor.py:641} INFO - Processing file /home/ubuntu/airflow/airflow_env/lib/python3.8/site-packages/airflow/example_dags/example_branch_day_of_week_operator.py for tasks to queue
[2022-10-11 11:02:04,579] {logging_mixin.py:115} INFO - [2022-10-11 11:02:04,579] {dagbag.py:507} INFO - Filling up the DagBag from /home/ubuntu/airflow/airflow_env/lib/python3.8/site-packages/airflow/example_dags/example_branch_day_of_week_operator.py
[2022-10-11 11:02:04,590] {processor.py:651} INFO - DAG(s) dict_keys(['example_weekday_branch_operator']) retrieved from /home/ubuntu/airflow/airflow_env/lib/python3.8/site-packages/airflow/example_dags/example_branch_day_of_week_operator.py
[2022-10-11 11:02:04,612] {logging_mixin.py:115} INFO - [2022-10-11 11:02:04,612] {dag.py:2379} INFO - Sync 1 DAGs
[2022-10-11 11:02:04,632] {logging_mixin.py:115} INFO - [2022-10-11 11:02:04,632] {dag.py:2927} INFO - Setting next_dagrun for example_weekday_branch_operator to 2022-10-10T00:00:00+00:00, run_after=2022-10-11T00:00:00+00:00
[2022-10-11 11:02:04,648] {processor.py:161} INFO - Processing /home/ubuntu/airflow/airflow_env/lib/python3.8/site-packages/airflow/example_dags/example_branch_day_of_week_operator.py took 0.075 seconds
[2022-10-11 11:02:39,718] {processor.py:153} INFO - Started process (PID=202556) to work on /home/ubuntu/airflow/airflow_env/lib/python3.8/site-packages/airflow/example_dags/example_branch_day_of_week_operator.py
[2022-10-11 11:02:39,719] {processor.py:641} INFO - Processing file /home/ubuntu/airflow/airflow_env/lib/python3.8/site-packages/airflow/example_dags/example_branch_day_of_week_operator.py for tasks to queue
[2022-10-11 11:02:39,720] {logging_mixin.py:115} INFO - [2022-10-11 11:02:39,720] {dagbag.py:507} INFO - Filling up the DagBag from /home/ubuntu/airflow/airflow_env/lib/python3.8/site-packages/airflow/example_dags/example_branch_day_of_week_operator.py
[2022-10-11 11:02:39,731] {processor.py:651} INFO - DAG(s) dict_keys(['example_weekday_branch_operator']) retrieved from /home/ubuntu/airflow/airflow_env/lib/python3.8/site-packages/airflow/example_dags/example_branch_day_of_week_operator.py
[2022-10-11 11:02:39,754] {logging_mixin.py:115} INFO - [2022-10-11 11:02:39,754] {dag.py:2379} INFO - Sync 1 DAGs
[2022-10-11 11:02:39,771] {logging_mixin.py:115} INFO - [2022-10-11 11:02:39,771] {dag.py:2927} INFO - Setting next_dagrun for example_weekday_branch_operator to 2022-10-10T00:00:00+00:00, run_after=2022-10-11T00:00:00+00:00
[2022-10-11 11:02:39,783] {processor.py:161} INFO - Processing /home/ubuntu/airflow/airflow_env/lib/python3.8/site-packages/airflow/example_dags/example_branch_day_of_week_operator.py took 0.070 seconds
[2022-10-11 11:03:13,346] {processor.py:153} INFO - Started process (PID=202614) to work on /home/ubuntu/airflow/airflow_env/lib/python3.8/site-packages/airflow/example_dags/example_branch_day_of_week_operator.py
[2022-10-11 11:03:13,347] {processor.py:641} INFO - Processing file /home/ubuntu/airflow/airflow_env/lib/python3.8/site-packages/airflow/example_dags/example_branch_day_of_week_operator.py for tasks to queue
[2022-10-11 11:03:13,347] {logging_mixin.py:115} INFO - [2022-10-11 11:03:13,347] {dagbag.py:507} INFO - Filling up the DagBag from /home/ubuntu/airflow/airflow_env/lib/python3.8/site-packages/airflow/example_dags/example_branch_day_of_week_operator.py
[2022-10-11 11:03:13,357] {processor.py:651} INFO - DAG(s) dict_keys(['example_weekday_branch_operator']) retrieved from /home/ubuntu/airflow/airflow_env/lib/python3.8/site-packages/airflow/example_dags/example_branch_day_of_week_operator.py
[2022-10-11 11:03:13,388] {logging_mixin.py:115} INFO - [2022-10-11 11:03:13,388] {dag.py:2379} INFO - Sync 1 DAGs
[2022-10-11 11:03:13,408] {logging_mixin.py:115} INFO - [2022-10-11 11:03:13,408] {dag.py:2927} INFO - Setting next_dagrun for example_weekday_branch_operator to 2022-10-10T00:00:00+00:00, run_after=2022-10-11T00:00:00+00:00
[2022-10-11 11:03:13,424] {processor.py:161} INFO - Processing /home/ubuntu/airflow/airflow_env/lib/python3.8/site-packages/airflow/example_dags/example_branch_day_of_week_operator.py took 0.083 seconds
[2022-10-11 11:03:49,438] {processor.py:153} INFO - Started process (PID=202681) to work on /home/ubuntu/airflow/airflow_env/lib/python3.8/site-packages/airflow/example_dags/example_branch_day_of_week_operator.py
[2022-10-11 11:03:49,439] {processor.py:641} INFO - Processing file /home/ubuntu/airflow/airflow_env/lib/python3.8/site-packages/airflow/example_dags/example_branch_day_of_week_operator.py for tasks to queue
[2022-10-11 11:03:49,440] {logging_mixin.py:115} INFO - [2022-10-11 11:03:49,439] {dagbag.py:507} INFO - Filling up the DagBag from /home/ubuntu/airflow/airflow_env/lib/python3.8/site-packages/airflow/example_dags/example_branch_day_of_week_operator.py
[2022-10-11 11:03:49,449] {processor.py:651} INFO - DAG(s) dict_keys(['example_weekday_branch_operator']) retrieved from /home/ubuntu/airflow/airflow_env/lib/python3.8/site-packages/airflow/example_dags/example_branch_day_of_week_operator.py
[2022-10-11 11:03:49,470] {logging_mixin.py:115} INFO - [2022-10-11 11:03:49,470] {dag.py:2379} INFO - Sync 1 DAGs
[2022-10-11 11:03:49,489] {logging_mixin.py:115} INFO - [2022-10-11 11:03:49,489] {dag.py:2927} INFO - Setting next_dagrun for example_weekday_branch_operator to 2022-10-10T00:00:00+00:00, run_after=2022-10-11T00:00:00+00:00
[2022-10-11 11:03:49,508] {processor.py:161} INFO - Processing /home/ubuntu/airflow/airflow_env/lib/python3.8/site-packages/airflow/example_dags/example_branch_day_of_week_operator.py took 0.074 seconds
[2022-10-11 11:04:24,004] {processor.py:153} INFO - Started process (PID=202812) to work on /home/ubuntu/airflow/airflow_env/lib/python3.8/site-packages/airflow/example_dags/example_branch_day_of_week_operator.py
[2022-10-11 11:04:24,005] {processor.py:641} INFO - Processing file /home/ubuntu/airflow/airflow_env/lib/python3.8/site-packages/airflow/example_dags/example_branch_day_of_week_operator.py for tasks to queue
[2022-10-11 11:04:24,006] {logging_mixin.py:115} INFO - [2022-10-11 11:04:24,006] {dagbag.py:507} INFO - Filling up the DagBag from /home/ubuntu/airflow/airflow_env/lib/python3.8/site-packages/airflow/example_dags/example_branch_day_of_week_operator.py
[2022-10-11 11:04:24,015] {processor.py:651} INFO - DAG(s) dict_keys(['example_weekday_branch_operator']) retrieved from /home/ubuntu/airflow/airflow_env/lib/python3.8/site-packages/airflow/example_dags/example_branch_day_of_week_operator.py
[2022-10-11 11:04:24,037] {logging_mixin.py:115} INFO - [2022-10-11 11:04:24,037] {dag.py:2379} INFO - Sync 1 DAGs
[2022-10-11 11:04:24,056] {logging_mixin.py:115} INFO - [2022-10-11 11:04:24,055] {dag.py:2927} INFO - Setting next_dagrun for example_weekday_branch_operator to 2022-10-10T00:00:00+00:00, run_after=2022-10-11T00:00:00+00:00
[2022-10-11 11:04:24,070] {processor.py:161} INFO - Processing /home/ubuntu/airflow/airflow_env/lib/python3.8/site-packages/airflow/example_dags/example_branch_day_of_week_operator.py took 0.070 seconds
[2022-10-11 11:04:59,617] {processor.py:153} INFO - Started process (PID=202877) to work on /home/ubuntu/airflow/airflow_env/lib/python3.8/site-packages/airflow/example_dags/example_branch_day_of_week_operator.py
[2022-10-11 11:04:59,618] {processor.py:641} INFO - Processing file /home/ubuntu/airflow/airflow_env/lib/python3.8/site-packages/airflow/example_dags/example_branch_day_of_week_operator.py for tasks to queue
[2022-10-11 11:04:59,619] {logging_mixin.py:115} INFO - [2022-10-11 11:04:59,619] {dagbag.py:507} INFO - Filling up the DagBag from /home/ubuntu/airflow/airflow_env/lib/python3.8/site-packages/airflow/example_dags/example_branch_day_of_week_operator.py
[2022-10-11 11:04:59,629] {processor.py:651} INFO - DAG(s) dict_keys(['example_weekday_branch_operator']) retrieved from /home/ubuntu/airflow/airflow_env/lib/python3.8/site-packages/airflow/example_dags/example_branch_day_of_week_operator.py
[2022-10-11 11:04:59,655] {logging_mixin.py:115} INFO - [2022-10-11 11:04:59,655] {dag.py:2379} INFO - Sync 1 DAGs
[2022-10-11 11:04:59,674] {logging_mixin.py:115} INFO - [2022-10-11 11:04:59,674] {dag.py:2927} INFO - Setting next_dagrun for example_weekday_branch_operator to 2022-10-10T00:00:00+00:00, run_after=2022-10-11T00:00:00+00:00
[2022-10-11 11:04:59,689] {processor.py:161} INFO - Processing /home/ubuntu/airflow/airflow_env/lib/python3.8/site-packages/airflow/example_dags/example_branch_day_of_week_operator.py took 0.076 seconds
[2022-10-11 11:05:36,180] {processor.py:153} INFO - Started process (PID=202940) to work on /home/ubuntu/airflow/airflow_env/lib/python3.8/site-packages/airflow/example_dags/example_branch_day_of_week_operator.py
[2022-10-11 11:05:36,181] {processor.py:641} INFO - Processing file /home/ubuntu/airflow/airflow_env/lib/python3.8/site-packages/airflow/example_dags/example_branch_day_of_week_operator.py for tasks to queue
[2022-10-11 11:05:36,181] {logging_mixin.py:115} INFO - [2022-10-11 11:05:36,181] {dagbag.py:507} INFO - Filling up the DagBag from /home/ubuntu/airflow/airflow_env/lib/python3.8/site-packages/airflow/example_dags/example_branch_day_of_week_operator.py
[2022-10-11 11:05:36,192] {processor.py:651} INFO - DAG(s) dict_keys(['example_weekday_branch_operator']) retrieved from /home/ubuntu/airflow/airflow_env/lib/python3.8/site-packages/airflow/example_dags/example_branch_day_of_week_operator.py
[2022-10-11 11:05:36,216] {logging_mixin.py:115} INFO - [2022-10-11 11:05:36,216] {dag.py:2379} INFO - Sync 1 DAGs
[2022-10-11 11:05:36,236] {logging_mixin.py:115} INFO - [2022-10-11 11:05:36,236] {dag.py:2927} INFO - Setting next_dagrun for example_weekday_branch_operator to 2022-10-10T00:00:00+00:00, run_after=2022-10-11T00:00:00+00:00
[2022-10-11 11:05:36,250] {processor.py:161} INFO - Processing /home/ubuntu/airflow/airflow_env/lib/python3.8/site-packages/airflow/example_dags/example_branch_day_of_week_operator.py took 0.076 seconds
[2022-10-11 11:06:11,880] {processor.py:153} INFO - Started process (PID=202994) to work on /home/ubuntu/airflow/airflow_env/lib/python3.8/site-packages/airflow/example_dags/example_branch_day_of_week_operator.py
[2022-10-11 11:06:11,881] {processor.py:641} INFO - Processing file /home/ubuntu/airflow/airflow_env/lib/python3.8/site-packages/airflow/example_dags/example_branch_day_of_week_operator.py for tasks to queue
[2022-10-11 11:06:11,882] {logging_mixin.py:115} INFO - [2022-10-11 11:06:11,882] {dagbag.py:507} INFO - Filling up the DagBag from /home/ubuntu/airflow/airflow_env/lib/python3.8/site-packages/airflow/example_dags/example_branch_day_of_week_operator.py
[2022-10-11 11:06:11,892] {processor.py:651} INFO - DAG(s) dict_keys(['example_weekday_branch_operator']) retrieved from /home/ubuntu/airflow/airflow_env/lib/python3.8/site-packages/airflow/example_dags/example_branch_day_of_week_operator.py
[2022-10-11 11:06:11,915] {logging_mixin.py:115} INFO - [2022-10-11 11:06:11,914] {dag.py:2379} INFO - Sync 1 DAGs
[2022-10-11 11:06:11,939] {logging_mixin.py:115} INFO - [2022-10-11 11:06:11,938] {dag.py:2927} INFO - Setting next_dagrun for example_weekday_branch_operator to 2022-10-10T00:00:00+00:00, run_after=2022-10-11T00:00:00+00:00
[2022-10-11 11:06:11,956] {processor.py:161} INFO - Processing /home/ubuntu/airflow/airflow_env/lib/python3.8/site-packages/airflow/example_dags/example_branch_day_of_week_operator.py took 0.081 seconds
[2022-10-11 11:06:45,164] {processor.py:153} INFO - Started process (PID=203049) to work on /home/ubuntu/airflow/airflow_env/lib/python3.8/site-packages/airflow/example_dags/example_branch_day_of_week_operator.py
[2022-10-11 11:06:45,165] {processor.py:641} INFO - Processing file /home/ubuntu/airflow/airflow_env/lib/python3.8/site-packages/airflow/example_dags/example_branch_day_of_week_operator.py for tasks to queue
[2022-10-11 11:06:45,166] {logging_mixin.py:115} INFO - [2022-10-11 11:06:45,165] {dagbag.py:507} INFO - Filling up the DagBag from /home/ubuntu/airflow/airflow_env/lib/python3.8/site-packages/airflow/example_dags/example_branch_day_of_week_operator.py
[2022-10-11 11:06:45,176] {processor.py:651} INFO - DAG(s) dict_keys(['example_weekday_branch_operator']) retrieved from /home/ubuntu/airflow/airflow_env/lib/python3.8/site-packages/airflow/example_dags/example_branch_day_of_week_operator.py
[2022-10-11 11:06:45,201] {logging_mixin.py:115} INFO - [2022-10-11 11:06:45,201] {dag.py:2379} INFO - Sync 1 DAGs
[2022-10-11 11:06:45,221] {logging_mixin.py:115} INFO - [2022-10-11 11:06:45,220] {dag.py:2927} INFO - Setting next_dagrun for example_weekday_branch_operator to 2022-10-10T00:00:00+00:00, run_after=2022-10-11T00:00:00+00:00
[2022-10-11 11:06:45,233] {processor.py:161} INFO - Processing /home/ubuntu/airflow/airflow_env/lib/python3.8/site-packages/airflow/example_dags/example_branch_day_of_week_operator.py took 0.074 seconds
[2022-10-11 11:07:22,063] {processor.py:153} INFO - Started process (PID=203116) to work on /home/ubuntu/airflow/airflow_env/lib/python3.8/site-packages/airflow/example_dags/example_branch_day_of_week_operator.py
[2022-10-11 11:07:22,064] {processor.py:641} INFO - Processing file /home/ubuntu/airflow/airflow_env/lib/python3.8/site-packages/airflow/example_dags/example_branch_day_of_week_operator.py for tasks to queue
[2022-10-11 11:07:22,065] {logging_mixin.py:115} INFO - [2022-10-11 11:07:22,064] {dagbag.py:507} INFO - Filling up the DagBag from /home/ubuntu/airflow/airflow_env/lib/python3.8/site-packages/airflow/example_dags/example_branch_day_of_week_operator.py
[2022-10-11 11:07:22,076] {processor.py:651} INFO - DAG(s) dict_keys(['example_weekday_branch_operator']) retrieved from /home/ubuntu/airflow/airflow_env/lib/python3.8/site-packages/airflow/example_dags/example_branch_day_of_week_operator.py
[2022-10-11 11:07:22,105] {logging_mixin.py:115} INFO - [2022-10-11 11:07:22,105] {dag.py:2379} INFO - Sync 1 DAGs
[2022-10-11 11:07:22,128] {logging_mixin.py:115} INFO - [2022-10-11 11:07:22,128] {dag.py:2927} INFO - Setting next_dagrun for example_weekday_branch_operator to 2022-10-10T00:00:00+00:00, run_after=2022-10-11T00:00:00+00:00
[2022-10-11 11:07:22,142] {processor.py:161} INFO - Processing /home/ubuntu/airflow/airflow_env/lib/python3.8/site-packages/airflow/example_dags/example_branch_day_of_week_operator.py took 0.085 seconds
[2022-10-11 11:07:58,042] {processor.py:153} INFO - Started process (PID=203181) to work on /home/ubuntu/airflow/airflow_env/lib/python3.8/site-packages/airflow/example_dags/example_branch_day_of_week_operator.py
[2022-10-11 11:07:58,043] {processor.py:641} INFO - Processing file /home/ubuntu/airflow/airflow_env/lib/python3.8/site-packages/airflow/example_dags/example_branch_day_of_week_operator.py for tasks to queue
[2022-10-11 11:07:58,044] {logging_mixin.py:115} INFO - [2022-10-11 11:07:58,044] {dagbag.py:507} INFO - Filling up the DagBag from /home/ubuntu/airflow/airflow_env/lib/python3.8/site-packages/airflow/example_dags/example_branch_day_of_week_operator.py
[2022-10-11 11:07:58,054] {processor.py:651} INFO - DAG(s) dict_keys(['example_weekday_branch_operator']) retrieved from /home/ubuntu/airflow/airflow_env/lib/python3.8/site-packages/airflow/example_dags/example_branch_day_of_week_operator.py
[2022-10-11 11:07:58,075] {logging_mixin.py:115} INFO - [2022-10-11 11:07:58,075] {dag.py:2379} INFO - Sync 1 DAGs
[2022-10-11 11:07:58,093] {logging_mixin.py:115} INFO - [2022-10-11 11:07:58,093] {dag.py:2927} INFO - Setting next_dagrun for example_weekday_branch_operator to 2022-10-10T00:00:00+00:00, run_after=2022-10-11T00:00:00+00:00
[2022-10-11 11:07:58,104] {processor.py:161} INFO - Processing /home/ubuntu/airflow/airflow_env/lib/python3.8/site-packages/airflow/example_dags/example_branch_day_of_week_operator.py took 0.066 seconds
[2022-10-11 11:08:35,105] {processor.py:153} INFO - Started process (PID=203245) to work on /home/ubuntu/airflow/airflow_env/lib/python3.8/site-packages/airflow/example_dags/example_branch_day_of_week_operator.py
[2022-10-11 11:08:35,106] {processor.py:641} INFO - Processing file /home/ubuntu/airflow/airflow_env/lib/python3.8/site-packages/airflow/example_dags/example_branch_day_of_week_operator.py for tasks to queue
[2022-10-11 11:08:35,107] {logging_mixin.py:115} INFO - [2022-10-11 11:08:35,107] {dagbag.py:507} INFO - Filling up the DagBag from /home/ubuntu/airflow/airflow_env/lib/python3.8/site-packages/airflow/example_dags/example_branch_day_of_week_operator.py
[2022-10-11 11:08:35,116] {processor.py:651} INFO - DAG(s) dict_keys(['example_weekday_branch_operator']) retrieved from /home/ubuntu/airflow/airflow_env/lib/python3.8/site-packages/airflow/example_dags/example_branch_day_of_week_operator.py
[2022-10-11 11:08:35,138] {logging_mixin.py:115} INFO - [2022-10-11 11:08:35,138] {dag.py:2379} INFO - Sync 1 DAGs
[2022-10-11 11:08:35,155] {logging_mixin.py:115} INFO - [2022-10-11 11:08:35,155] {dag.py:2927} INFO - Setting next_dagrun for example_weekday_branch_operator to 2022-10-10T00:00:00+00:00, run_after=2022-10-11T00:00:00+00:00
[2022-10-11 11:08:35,167] {processor.py:161} INFO - Processing /home/ubuntu/airflow/airflow_env/lib/python3.8/site-packages/airflow/example_dags/example_branch_day_of_week_operator.py took 0.066 seconds
[2022-10-11 11:09:09,141] {processor.py:153} INFO - Started process (PID=203423) to work on /home/ubuntu/airflow/airflow_env/lib/python3.8/site-packages/airflow/example_dags/example_branch_day_of_week_operator.py
[2022-10-11 11:09:09,142] {processor.py:641} INFO - Processing file /home/ubuntu/airflow/airflow_env/lib/python3.8/site-packages/airflow/example_dags/example_branch_day_of_week_operator.py for tasks to queue
[2022-10-11 11:09:09,143] {logging_mixin.py:115} INFO - [2022-10-11 11:09:09,143] {dagbag.py:507} INFO - Filling up the DagBag from /home/ubuntu/airflow/airflow_env/lib/python3.8/site-packages/airflow/example_dags/example_branch_day_of_week_operator.py
[2022-10-11 11:09:09,152] {processor.py:651} INFO - DAG(s) dict_keys(['example_weekday_branch_operator']) retrieved from /home/ubuntu/airflow/airflow_env/lib/python3.8/site-packages/airflow/example_dags/example_branch_day_of_week_operator.py
[2022-10-11 11:09:09,174] {logging_mixin.py:115} INFO - [2022-10-11 11:09:09,174] {dag.py:2379} INFO - Sync 1 DAGs
[2022-10-11 11:09:09,191] {logging_mixin.py:115} INFO - [2022-10-11 11:09:09,191] {dag.py:2927} INFO - Setting next_dagrun for example_weekday_branch_operator to 2022-10-10T00:00:00+00:00, run_after=2022-10-11T00:00:00+00:00
[2022-10-11 11:09:09,203] {processor.py:161} INFO - Processing /home/ubuntu/airflow/airflow_env/lib/python3.8/site-packages/airflow/example_dags/example_branch_day_of_week_operator.py took 0.066 seconds
[2022-10-11 11:09:46,599] {processor.py:153} INFO - Started process (PID=203514) to work on /home/ubuntu/airflow/airflow_env/lib/python3.8/site-packages/airflow/example_dags/example_branch_day_of_week_operator.py
[2022-10-11 11:09:46,601] {processor.py:641} INFO - Processing file /home/ubuntu/airflow/airflow_env/lib/python3.8/site-packages/airflow/example_dags/example_branch_day_of_week_operator.py for tasks to queue
[2022-10-11 11:09:46,602] {logging_mixin.py:115} INFO - [2022-10-11 11:09:46,601] {dagbag.py:507} INFO - Filling up the DagBag from /home/ubuntu/airflow/airflow_env/lib/python3.8/site-packages/airflow/example_dags/example_branch_day_of_week_operator.py
[2022-10-11 11:09:46,615] {processor.py:651} INFO - DAG(s) dict_keys(['example_weekday_branch_operator']) retrieved from /home/ubuntu/airflow/airflow_env/lib/python3.8/site-packages/airflow/example_dags/example_branch_day_of_week_operator.py
[2022-10-11 11:09:46,638] {logging_mixin.py:115} INFO - [2022-10-11 11:09:46,638] {dag.py:2379} INFO - Sync 1 DAGs
[2022-10-11 11:09:46,657] {logging_mixin.py:115} INFO - [2022-10-11 11:09:46,656] {dag.py:2927} INFO - Setting next_dagrun for example_weekday_branch_operator to 2022-10-10T00:00:00+00:00, run_after=2022-10-11T00:00:00+00:00
[2022-10-11 11:09:46,669] {processor.py:161} INFO - Processing /home/ubuntu/airflow/airflow_env/lib/python3.8/site-packages/airflow/example_dags/example_branch_day_of_week_operator.py took 0.074 seconds
[2022-10-11 11:10:25,517] {processor.py:153} INFO - Started process (PID=203565) to work on /home/ubuntu/airflow/airflow_env/lib/python3.8/site-packages/airflow/example_dags/example_branch_day_of_week_operator.py
[2022-10-11 11:10:25,518] {processor.py:641} INFO - Processing file /home/ubuntu/airflow/airflow_env/lib/python3.8/site-packages/airflow/example_dags/example_branch_day_of_week_operator.py for tasks to queue
[2022-10-11 11:10:25,518] {logging_mixin.py:115} INFO - [2022-10-11 11:10:25,518] {dagbag.py:507} INFO - Filling up the DagBag from /home/ubuntu/airflow/airflow_env/lib/python3.8/site-packages/airflow/example_dags/example_branch_day_of_week_operator.py
[2022-10-11 11:10:25,528] {processor.py:651} INFO - DAG(s) dict_keys(['example_weekday_branch_operator']) retrieved from /home/ubuntu/airflow/airflow_env/lib/python3.8/site-packages/airflow/example_dags/example_branch_day_of_week_operator.py
[2022-10-11 11:10:25,555] {logging_mixin.py:115} INFO - [2022-10-11 11:10:25,555] {dag.py:2379} INFO - Sync 1 DAGs
[2022-10-11 11:10:25,575] {logging_mixin.py:115} INFO - [2022-10-11 11:10:25,575] {dag.py:2927} INFO - Setting next_dagrun for example_weekday_branch_operator to 2022-10-10T00:00:00+00:00, run_after=2022-10-11T00:00:00+00:00
[2022-10-11 11:10:25,596] {processor.py:161} INFO - Processing /home/ubuntu/airflow/airflow_env/lib/python3.8/site-packages/airflow/example_dags/example_branch_day_of_week_operator.py took 0.085 seconds
[2022-10-11 11:10:59,330] {processor.py:153} INFO - Started process (PID=203624) to work on /home/ubuntu/airflow/airflow_env/lib/python3.8/site-packages/airflow/example_dags/example_branch_day_of_week_operator.py
[2022-10-11 11:10:59,331] {processor.py:641} INFO - Processing file /home/ubuntu/airflow/airflow_env/lib/python3.8/site-packages/airflow/example_dags/example_branch_day_of_week_operator.py for tasks to queue
[2022-10-11 11:10:59,332] {logging_mixin.py:115} INFO - [2022-10-11 11:10:59,331] {dagbag.py:507} INFO - Filling up the DagBag from /home/ubuntu/airflow/airflow_env/lib/python3.8/site-packages/airflow/example_dags/example_branch_day_of_week_operator.py
[2022-10-11 11:10:59,344] {processor.py:651} INFO - DAG(s) dict_keys(['example_weekday_branch_operator']) retrieved from /home/ubuntu/airflow/airflow_env/lib/python3.8/site-packages/airflow/example_dags/example_branch_day_of_week_operator.py
[2022-10-11 11:10:59,366] {logging_mixin.py:115} INFO - [2022-10-11 11:10:59,366] {dag.py:2379} INFO - Sync 1 DAGs
[2022-10-11 11:10:59,391] {logging_mixin.py:115} INFO - [2022-10-11 11:10:59,391] {dag.py:2927} INFO - Setting next_dagrun for example_weekday_branch_operator to 2022-10-10T00:00:00+00:00, run_after=2022-10-11T00:00:00+00:00
[2022-10-11 11:10:59,407] {processor.py:161} INFO - Processing /home/ubuntu/airflow/airflow_env/lib/python3.8/site-packages/airflow/example_dags/example_branch_day_of_week_operator.py took 0.082 seconds
[2022-10-11 11:11:36,422] {processor.py:153} INFO - Started process (PID=203682) to work on /home/ubuntu/airflow/airflow_env/lib/python3.8/site-packages/airflow/example_dags/example_branch_day_of_week_operator.py
[2022-10-11 11:11:36,423] {processor.py:641} INFO - Processing file /home/ubuntu/airflow/airflow_env/lib/python3.8/site-packages/airflow/example_dags/example_branch_day_of_week_operator.py for tasks to queue
[2022-10-11 11:11:36,424] {logging_mixin.py:115} INFO - [2022-10-11 11:11:36,424] {dagbag.py:507} INFO - Filling up the DagBag from /home/ubuntu/airflow/airflow_env/lib/python3.8/site-packages/airflow/example_dags/example_branch_day_of_week_operator.py
[2022-10-11 11:11:36,434] {processor.py:651} INFO - DAG(s) dict_keys(['example_weekday_branch_operator']) retrieved from /home/ubuntu/airflow/airflow_env/lib/python3.8/site-packages/airflow/example_dags/example_branch_day_of_week_operator.py
[2022-10-11 11:11:36,453] {logging_mixin.py:115} INFO - [2022-10-11 11:11:36,453] {dag.py:2379} INFO - Sync 1 DAGs
[2022-10-11 11:11:36,469] {logging_mixin.py:115} INFO - [2022-10-11 11:11:36,469] {dag.py:2927} INFO - Setting next_dagrun for example_weekday_branch_operator to 2022-10-10T00:00:00+00:00, run_after=2022-10-11T00:00:00+00:00
[2022-10-11 11:11:36,480] {processor.py:161} INFO - Processing /home/ubuntu/airflow/airflow_env/lib/python3.8/site-packages/airflow/example_dags/example_branch_day_of_week_operator.py took 0.063 seconds
[2022-10-11 11:12:12,681] {processor.py:153} INFO - Started process (PID=203737) to work on /home/ubuntu/airflow/airflow_env/lib/python3.8/site-packages/airflow/example_dags/example_branch_day_of_week_operator.py
[2022-10-11 11:12:12,682] {processor.py:641} INFO - Processing file /home/ubuntu/airflow/airflow_env/lib/python3.8/site-packages/airflow/example_dags/example_branch_day_of_week_operator.py for tasks to queue
[2022-10-11 11:12:12,682] {logging_mixin.py:115} INFO - [2022-10-11 11:12:12,682] {dagbag.py:507} INFO - Filling up the DagBag from /home/ubuntu/airflow/airflow_env/lib/python3.8/site-packages/airflow/example_dags/example_branch_day_of_week_operator.py
[2022-10-11 11:12:12,692] {processor.py:651} INFO - DAG(s) dict_keys(['example_weekday_branch_operator']) retrieved from /home/ubuntu/airflow/airflow_env/lib/python3.8/site-packages/airflow/example_dags/example_branch_day_of_week_operator.py
[2022-10-11 11:12:12,712] {logging_mixin.py:115} INFO - [2022-10-11 11:12:12,712] {dag.py:2379} INFO - Sync 1 DAGs
[2022-10-11 11:12:12,732] {logging_mixin.py:115} INFO - [2022-10-11 11:12:12,732] {dag.py:2927} INFO - Setting next_dagrun for example_weekday_branch_operator to 2022-10-10T00:00:00+00:00, run_after=2022-10-11T00:00:00+00:00
[2022-10-11 11:12:12,749] {processor.py:161} INFO - Processing /home/ubuntu/airflow/airflow_env/lib/python3.8/site-packages/airflow/example_dags/example_branch_day_of_week_operator.py took 0.073 seconds
[2022-10-11 11:12:55,018] {processor.py:153} INFO - Started process (PID=203995) to work on /home/ubuntu/airflow/airflow_env/lib/python3.8/site-packages/airflow/example_dags/example_branch_day_of_week_operator.py
[2022-10-11 11:12:55,019] {processor.py:641} INFO - Processing file /home/ubuntu/airflow/airflow_env/lib/python3.8/site-packages/airflow/example_dags/example_branch_day_of_week_operator.py for tasks to queue
[2022-10-11 11:12:55,019] {logging_mixin.py:115} INFO - [2022-10-11 11:12:55,019] {dagbag.py:507} INFO - Filling up the DagBag from /home/ubuntu/airflow/airflow_env/lib/python3.8/site-packages/airflow/example_dags/example_branch_day_of_week_operator.py
[2022-10-11 11:12:55,029] {processor.py:651} INFO - DAG(s) dict_keys(['example_weekday_branch_operator']) retrieved from /home/ubuntu/airflow/airflow_env/lib/python3.8/site-packages/airflow/example_dags/example_branch_day_of_week_operator.py
[2022-10-11 11:12:55,051] {logging_mixin.py:115} INFO - [2022-10-11 11:12:55,051] {dag.py:2379} INFO - Sync 1 DAGs
[2022-10-11 11:12:55,076] {logging_mixin.py:115} INFO - [2022-10-11 11:12:55,075] {dag.py:2927} INFO - Setting next_dagrun for example_weekday_branch_operator to 2022-10-10T00:00:00+00:00, run_after=2022-10-11T00:00:00+00:00
[2022-10-11 11:12:55,092] {processor.py:161} INFO - Processing /home/ubuntu/airflow/airflow_env/lib/python3.8/site-packages/airflow/example_dags/example_branch_day_of_week_operator.py took 0.079 seconds
[2022-10-11 11:13:46,655] {processor.py:153} INFO - Started process (PID=211230) to work on /home/ubuntu/airflow/airflow_env/lib/python3.8/site-packages/airflow/example_dags/example_branch_day_of_week_operator.py
[2022-10-11 11:13:46,656] {processor.py:641} INFO - Processing file /home/ubuntu/airflow/airflow_env/lib/python3.8/site-packages/airflow/example_dags/example_branch_day_of_week_operator.py for tasks to queue
[2022-10-11 11:13:46,657] {logging_mixin.py:115} INFO - [2022-10-11 11:13:46,657] {dagbag.py:507} INFO - Filling up the DagBag from /home/ubuntu/airflow/airflow_env/lib/python3.8/site-packages/airflow/example_dags/example_branch_day_of_week_operator.py
[2022-10-11 11:13:46,667] {processor.py:651} INFO - DAG(s) dict_keys(['example_weekday_branch_operator']) retrieved from /home/ubuntu/airflow/airflow_env/lib/python3.8/site-packages/airflow/example_dags/example_branch_day_of_week_operator.py
[2022-10-11 11:13:46,847] {logging_mixin.py:115} INFO - [2022-10-11 11:13:46,847] {dag.py:2379} INFO - Sync 1 DAGs
[2022-10-11 11:13:46,879] {logging_mixin.py:115} INFO - [2022-10-11 11:13:46,879] {dag.py:2927} INFO - Setting next_dagrun for example_weekday_branch_operator to 2022-10-10T00:00:00+00:00, run_after=2022-10-11T00:00:00+00:00
[2022-10-11 11:13:46,896] {processor.py:161} INFO - Processing /home/ubuntu/airflow/airflow_env/lib/python3.8/site-packages/airflow/example_dags/example_branch_day_of_week_operator.py took 0.246 seconds
[2022-10-11 11:14:24,752] {processor.py:153} INFO - Started process (PID=212216) to work on /home/ubuntu/airflow/airflow_env/lib/python3.8/site-packages/airflow/example_dags/example_branch_day_of_week_operator.py
[2022-10-11 11:14:24,753] {processor.py:641} INFO - Processing file /home/ubuntu/airflow/airflow_env/lib/python3.8/site-packages/airflow/example_dags/example_branch_day_of_week_operator.py for tasks to queue
[2022-10-11 11:14:24,754] {logging_mixin.py:115} INFO - [2022-10-11 11:14:24,754] {dagbag.py:507} INFO - Filling up the DagBag from /home/ubuntu/airflow/airflow_env/lib/python3.8/site-packages/airflow/example_dags/example_branch_day_of_week_operator.py
[2022-10-11 11:14:24,764] {processor.py:651} INFO - DAG(s) dict_keys(['example_weekday_branch_operator']) retrieved from /home/ubuntu/airflow/airflow_env/lib/python3.8/site-packages/airflow/example_dags/example_branch_day_of_week_operator.py
[2022-10-11 11:14:24,786] {logging_mixin.py:115} INFO - [2022-10-11 11:14:24,786] {dag.py:2379} INFO - Sync 1 DAGs
[2022-10-11 11:14:24,806] {logging_mixin.py:115} INFO - [2022-10-11 11:14:24,806] {dag.py:2927} INFO - Setting next_dagrun for example_weekday_branch_operator to 2022-10-10T00:00:00+00:00, run_after=2022-10-11T00:00:00+00:00
[2022-10-11 11:14:24,820] {processor.py:161} INFO - Processing /home/ubuntu/airflow/airflow_env/lib/python3.8/site-packages/airflow/example_dags/example_branch_day_of_week_operator.py took 0.073 seconds
[2022-10-11 11:14:59,176] {processor.py:153} INFO - Started process (PID=212288) to work on /home/ubuntu/airflow/airflow_env/lib/python3.8/site-packages/airflow/example_dags/example_branch_day_of_week_operator.py
[2022-10-11 11:14:59,176] {processor.py:641} INFO - Processing file /home/ubuntu/airflow/airflow_env/lib/python3.8/site-packages/airflow/example_dags/example_branch_day_of_week_operator.py for tasks to queue
[2022-10-11 11:14:59,177] {logging_mixin.py:115} INFO - [2022-10-11 11:14:59,177] {dagbag.py:507} INFO - Filling up the DagBag from /home/ubuntu/airflow/airflow_env/lib/python3.8/site-packages/airflow/example_dags/example_branch_day_of_week_operator.py
[2022-10-11 11:14:59,187] {processor.py:651} INFO - DAG(s) dict_keys(['example_weekday_branch_operator']) retrieved from /home/ubuntu/airflow/airflow_env/lib/python3.8/site-packages/airflow/example_dags/example_branch_day_of_week_operator.py
[2022-10-11 11:14:59,207] {logging_mixin.py:115} INFO - [2022-10-11 11:14:59,207] {dag.py:2379} INFO - Sync 1 DAGs
[2022-10-11 11:14:59,232] {logging_mixin.py:115} INFO - [2022-10-11 11:14:59,232] {dag.py:2927} INFO - Setting next_dagrun for example_weekday_branch_operator to 2022-10-10T00:00:00+00:00, run_after=2022-10-11T00:00:00+00:00
[2022-10-11 11:14:59,246] {processor.py:161} INFO - Processing /home/ubuntu/airflow/airflow_env/lib/python3.8/site-packages/airflow/example_dags/example_branch_day_of_week_operator.py took 0.076 seconds
[2022-10-11 11:15:35,181] {processor.py:153} INFO - Started process (PID=212352) to work on /home/ubuntu/airflow/airflow_env/lib/python3.8/site-packages/airflow/example_dags/example_branch_day_of_week_operator.py
[2022-10-11 11:15:35,182] {processor.py:641} INFO - Processing file /home/ubuntu/airflow/airflow_env/lib/python3.8/site-packages/airflow/example_dags/example_branch_day_of_week_operator.py for tasks to queue
[2022-10-11 11:15:35,183] {logging_mixin.py:115} INFO - [2022-10-11 11:15:35,183] {dagbag.py:507} INFO - Filling up the DagBag from /home/ubuntu/airflow/airflow_env/lib/python3.8/site-packages/airflow/example_dags/example_branch_day_of_week_operator.py
[2022-10-11 11:15:35,193] {processor.py:651} INFO - DAG(s) dict_keys(['example_weekday_branch_operator']) retrieved from /home/ubuntu/airflow/airflow_env/lib/python3.8/site-packages/airflow/example_dags/example_branch_day_of_week_operator.py
[2022-10-11 11:15:35,213] {logging_mixin.py:115} INFO - [2022-10-11 11:15:35,213] {dag.py:2379} INFO - Sync 1 DAGs
[2022-10-11 11:15:35,231] {logging_mixin.py:115} INFO - [2022-10-11 11:15:35,231] {dag.py:2927} INFO - Setting next_dagrun for example_weekday_branch_operator to 2022-10-10T00:00:00+00:00, run_after=2022-10-11T00:00:00+00:00
[2022-10-11 11:15:35,244] {processor.py:161} INFO - Processing /home/ubuntu/airflow/airflow_env/lib/python3.8/site-packages/airflow/example_dags/example_branch_day_of_week_operator.py took 0.067 seconds
[2022-10-11 11:16:12,478] {processor.py:153} INFO - Started process (PID=212414) to work on /home/ubuntu/airflow/airflow_env/lib/python3.8/site-packages/airflow/example_dags/example_branch_day_of_week_operator.py
[2022-10-11 11:16:12,479] {processor.py:641} INFO - Processing file /home/ubuntu/airflow/airflow_env/lib/python3.8/site-packages/airflow/example_dags/example_branch_day_of_week_operator.py for tasks to queue
[2022-10-11 11:16:12,479] {logging_mixin.py:115} INFO - [2022-10-11 11:16:12,479] {dagbag.py:507} INFO - Filling up the DagBag from /home/ubuntu/airflow/airflow_env/lib/python3.8/site-packages/airflow/example_dags/example_branch_day_of_week_operator.py
[2022-10-11 11:16:12,490] {processor.py:651} INFO - DAG(s) dict_keys(['example_weekday_branch_operator']) retrieved from /home/ubuntu/airflow/airflow_env/lib/python3.8/site-packages/airflow/example_dags/example_branch_day_of_week_operator.py
[2022-10-11 11:16:12,512] {logging_mixin.py:115} INFO - [2022-10-11 11:16:12,512] {dag.py:2379} INFO - Sync 1 DAGs
[2022-10-11 11:16:12,538] {logging_mixin.py:115} INFO - [2022-10-11 11:16:12,538] {dag.py:2927} INFO - Setting next_dagrun for example_weekday_branch_operator to 2022-10-10T00:00:00+00:00, run_after=2022-10-11T00:00:00+00:00
[2022-10-11 11:16:12,553] {processor.py:161} INFO - Processing /home/ubuntu/airflow/airflow_env/lib/python3.8/site-packages/airflow/example_dags/example_branch_day_of_week_operator.py took 0.079 seconds
[2022-10-11 11:16:45,307] {processor.py:153} INFO - Started process (PID=212471) to work on /home/ubuntu/airflow/airflow_env/lib/python3.8/site-packages/airflow/example_dags/example_branch_day_of_week_operator.py
[2022-10-11 11:16:45,308] {processor.py:641} INFO - Processing file /home/ubuntu/airflow/airflow_env/lib/python3.8/site-packages/airflow/example_dags/example_branch_day_of_week_operator.py for tasks to queue
[2022-10-11 11:16:45,309] {logging_mixin.py:115} INFO - [2022-10-11 11:16:45,309] {dagbag.py:507} INFO - Filling up the DagBag from /home/ubuntu/airflow/airflow_env/lib/python3.8/site-packages/airflow/example_dags/example_branch_day_of_week_operator.py
[2022-10-11 11:16:45,319] {processor.py:651} INFO - DAG(s) dict_keys(['example_weekday_branch_operator']) retrieved from /home/ubuntu/airflow/airflow_env/lib/python3.8/site-packages/airflow/example_dags/example_branch_day_of_week_operator.py
[2022-10-11 11:16:45,339] {logging_mixin.py:115} INFO - [2022-10-11 11:16:45,339] {dag.py:2379} INFO - Sync 1 DAGs
[2022-10-11 11:16:45,359] {logging_mixin.py:115} INFO - [2022-10-11 11:16:45,359] {dag.py:2927} INFO - Setting next_dagrun for example_weekday_branch_operator to 2022-10-10T00:00:00+00:00, run_after=2022-10-11T00:00:00+00:00
[2022-10-11 11:16:45,373] {processor.py:161} INFO - Processing /home/ubuntu/airflow/airflow_env/lib/python3.8/site-packages/airflow/example_dags/example_branch_day_of_week_operator.py took 0.070 seconds
[2022-10-11 11:17:19,730] {processor.py:153} INFO - Started process (PID=212826) to work on /home/ubuntu/airflow/airflow_env/lib/python3.8/site-packages/airflow/example_dags/example_branch_day_of_week_operator.py
[2022-10-11 11:17:19,731] {processor.py:641} INFO - Processing file /home/ubuntu/airflow/airflow_env/lib/python3.8/site-packages/airflow/example_dags/example_branch_day_of_week_operator.py for tasks to queue
[2022-10-11 11:17:19,731] {logging_mixin.py:115} INFO - [2022-10-11 11:17:19,731] {dagbag.py:507} INFO - Filling up the DagBag from /home/ubuntu/airflow/airflow_env/lib/python3.8/site-packages/airflow/example_dags/example_branch_day_of_week_operator.py
[2022-10-11 11:17:19,741] {processor.py:651} INFO - DAG(s) dict_keys(['example_weekday_branch_operator']) retrieved from /home/ubuntu/airflow/airflow_env/lib/python3.8/site-packages/airflow/example_dags/example_branch_day_of_week_operator.py
[2022-10-11 11:17:19,761] {logging_mixin.py:115} INFO - [2022-10-11 11:17:19,761] {dag.py:2379} INFO - Sync 1 DAGs
[2022-10-11 11:17:19,791] {logging_mixin.py:115} INFO - [2022-10-11 11:17:19,791] {dag.py:2927} INFO - Setting next_dagrun for example_weekday_branch_operator to 2022-10-10T00:00:00+00:00, run_after=2022-10-11T00:00:00+00:00
[2022-10-11 11:17:19,807] {processor.py:161} INFO - Processing /home/ubuntu/airflow/airflow_env/lib/python3.8/site-packages/airflow/example_dags/example_branch_day_of_week_operator.py took 0.082 seconds
[2022-10-11 11:17:56,394] {processor.py:153} INFO - Started process (PID=212924) to work on /home/ubuntu/airflow/airflow_env/lib/python3.8/site-packages/airflow/example_dags/example_branch_day_of_week_operator.py
[2022-10-11 11:17:56,395] {processor.py:641} INFO - Processing file /home/ubuntu/airflow/airflow_env/lib/python3.8/site-packages/airflow/example_dags/example_branch_day_of_week_operator.py for tasks to queue
[2022-10-11 11:17:56,395] {logging_mixin.py:115} INFO - [2022-10-11 11:17:56,395] {dagbag.py:507} INFO - Filling up the DagBag from /home/ubuntu/airflow/airflow_env/lib/python3.8/site-packages/airflow/example_dags/example_branch_day_of_week_operator.py
[2022-10-11 11:17:56,405] {processor.py:651} INFO - DAG(s) dict_keys(['example_weekday_branch_operator']) retrieved from /home/ubuntu/airflow/airflow_env/lib/python3.8/site-packages/airflow/example_dags/example_branch_day_of_week_operator.py
[2022-10-11 11:17:56,425] {logging_mixin.py:115} INFO - [2022-10-11 11:17:56,424] {dag.py:2379} INFO - Sync 1 DAGs
[2022-10-11 11:17:56,443] {logging_mixin.py:115} INFO - [2022-10-11 11:17:56,443] {dag.py:2927} INFO - Setting next_dagrun for example_weekday_branch_operator to 2022-10-10T00:00:00+00:00, run_after=2022-10-11T00:00:00+00:00
[2022-10-11 11:17:56,461] {processor.py:161} INFO - Processing /home/ubuntu/airflow/airflow_env/lib/python3.8/site-packages/airflow/example_dags/example_branch_day_of_week_operator.py took 0.071 seconds
[2022-10-11 11:18:31,647] {processor.py:153} INFO - Started process (PID=212983) to work on /home/ubuntu/airflow/airflow_env/lib/python3.8/site-packages/airflow/example_dags/example_branch_day_of_week_operator.py
[2022-10-11 11:18:31,648] {processor.py:641} INFO - Processing file /home/ubuntu/airflow/airflow_env/lib/python3.8/site-packages/airflow/example_dags/example_branch_day_of_week_operator.py for tasks to queue
[2022-10-11 11:18:31,648] {logging_mixin.py:115} INFO - [2022-10-11 11:18:31,648] {dagbag.py:507} INFO - Filling up the DagBag from /home/ubuntu/airflow/airflow_env/lib/python3.8/site-packages/airflow/example_dags/example_branch_day_of_week_operator.py
[2022-10-11 11:18:31,659] {processor.py:651} INFO - DAG(s) dict_keys(['example_weekday_branch_operator']) retrieved from /home/ubuntu/airflow/airflow_env/lib/python3.8/site-packages/airflow/example_dags/example_branch_day_of_week_operator.py
[2022-10-11 11:18:31,680] {logging_mixin.py:115} INFO - [2022-10-11 11:18:31,680] {dag.py:2379} INFO - Sync 1 DAGs
[2022-10-11 11:18:31,699] {logging_mixin.py:115} INFO - [2022-10-11 11:18:31,699] {dag.py:2927} INFO - Setting next_dagrun for example_weekday_branch_operator to 2022-10-10T00:00:00+00:00, run_after=2022-10-11T00:00:00+00:00
[2022-10-11 11:18:31,712] {processor.py:161} INFO - Processing /home/ubuntu/airflow/airflow_env/lib/python3.8/site-packages/airflow/example_dags/example_branch_day_of_week_operator.py took 0.069 seconds
[2022-10-11 11:19:06,226] {processor.py:153} INFO - Started process (PID=213114) to work on /home/ubuntu/airflow/airflow_env/lib/python3.8/site-packages/airflow/example_dags/example_branch_day_of_week_operator.py
[2022-10-11 11:19:06,227] {processor.py:641} INFO - Processing file /home/ubuntu/airflow/airflow_env/lib/python3.8/site-packages/airflow/example_dags/example_branch_day_of_week_operator.py for tasks to queue
[2022-10-11 11:19:06,228] {logging_mixin.py:115} INFO - [2022-10-11 11:19:06,228] {dagbag.py:507} INFO - Filling up the DagBag from /home/ubuntu/airflow/airflow_env/lib/python3.8/site-packages/airflow/example_dags/example_branch_day_of_week_operator.py
[2022-10-11 11:19:06,240] {processor.py:651} INFO - DAG(s) dict_keys(['example_weekday_branch_operator']) retrieved from /home/ubuntu/airflow/airflow_env/lib/python3.8/site-packages/airflow/example_dags/example_branch_day_of_week_operator.py
[2022-10-11 11:19:06,264] {logging_mixin.py:115} INFO - [2022-10-11 11:19:06,264] {dag.py:2379} INFO - Sync 1 DAGs
[2022-10-11 11:19:06,302] {logging_mixin.py:115} INFO - [2022-10-11 11:19:06,302] {dag.py:2927} INFO - Setting next_dagrun for example_weekday_branch_operator to 2022-10-10T00:00:00+00:00, run_after=2022-10-11T00:00:00+00:00
[2022-10-11 11:19:06,321] {processor.py:161} INFO - Processing /home/ubuntu/airflow/airflow_env/lib/python3.8/site-packages/airflow/example_dags/example_branch_day_of_week_operator.py took 0.100 seconds
[2022-10-11 11:19:48,401] {processor.py:153} INFO - Started process (PID=213271) to work on /home/ubuntu/airflow/airflow_env/lib/python3.8/site-packages/airflow/example_dags/example_branch_day_of_week_operator.py
[2022-10-11 11:19:48,403] {processor.py:641} INFO - Processing file /home/ubuntu/airflow/airflow_env/lib/python3.8/site-packages/airflow/example_dags/example_branch_day_of_week_operator.py for tasks to queue
[2022-10-11 11:19:48,404] {logging_mixin.py:115} INFO - [2022-10-11 11:19:48,403] {dagbag.py:507} INFO - Filling up the DagBag from /home/ubuntu/airflow/airflow_env/lib/python3.8/site-packages/airflow/example_dags/example_branch_day_of_week_operator.py
[2022-10-11 11:19:48,414] {processor.py:651} INFO - DAG(s) dict_keys(['example_weekday_branch_operator']) retrieved from /home/ubuntu/airflow/airflow_env/lib/python3.8/site-packages/airflow/example_dags/example_branch_day_of_week_operator.py
[2022-10-11 11:19:48,436] {logging_mixin.py:115} INFO - [2022-10-11 11:19:48,436] {dag.py:2379} INFO - Sync 1 DAGs
[2022-10-11 11:19:48,457] {logging_mixin.py:115} INFO - [2022-10-11 11:19:48,457] {dag.py:2927} INFO - Setting next_dagrun for example_weekday_branch_operator to 2022-10-10T00:00:00+00:00, run_after=2022-10-11T00:00:00+00:00
[2022-10-11 11:19:48,473] {processor.py:161} INFO - Processing /home/ubuntu/airflow/airflow_env/lib/python3.8/site-packages/airflow/example_dags/example_branch_day_of_week_operator.py took 0.076 seconds
[2022-10-11 11:20:27,603] {processor.py:153} INFO - Started process (PID=213339) to work on /home/ubuntu/airflow/airflow_env/lib/python3.8/site-packages/airflow/example_dags/example_branch_day_of_week_operator.py
[2022-10-11 11:20:27,604] {processor.py:641} INFO - Processing file /home/ubuntu/airflow/airflow_env/lib/python3.8/site-packages/airflow/example_dags/example_branch_day_of_week_operator.py for tasks to queue
[2022-10-11 11:20:27,605] {logging_mixin.py:115} INFO - [2022-10-11 11:20:27,605] {dagbag.py:507} INFO - Filling up the DagBag from /home/ubuntu/airflow/airflow_env/lib/python3.8/site-packages/airflow/example_dags/example_branch_day_of_week_operator.py
[2022-10-11 11:20:27,616] {processor.py:651} INFO - DAG(s) dict_keys(['example_weekday_branch_operator']) retrieved from /home/ubuntu/airflow/airflow_env/lib/python3.8/site-packages/airflow/example_dags/example_branch_day_of_week_operator.py
[2022-10-11 11:20:27,638] {logging_mixin.py:115} INFO - [2022-10-11 11:20:27,638] {dag.py:2379} INFO - Sync 1 DAGs
[2022-10-11 11:20:27,667] {logging_mixin.py:115} INFO - [2022-10-11 11:20:27,667] {dag.py:2927} INFO - Setting next_dagrun for example_weekday_branch_operator to 2022-10-10T00:00:00+00:00, run_after=2022-10-11T00:00:00+00:00
[2022-10-11 11:20:27,690] {processor.py:161} INFO - Processing /home/ubuntu/airflow/airflow_env/lib/python3.8/site-packages/airflow/example_dags/example_branch_day_of_week_operator.py took 0.091 seconds
[2022-10-11 11:21:02,913] {processor.py:153} INFO - Started process (PID=213402) to work on /home/ubuntu/airflow/airflow_env/lib/python3.8/site-packages/airflow/example_dags/example_branch_day_of_week_operator.py
[2022-10-11 11:21:02,914] {processor.py:641} INFO - Processing file /home/ubuntu/airflow/airflow_env/lib/python3.8/site-packages/airflow/example_dags/example_branch_day_of_week_operator.py for tasks to queue
[2022-10-11 11:21:02,915] {logging_mixin.py:115} INFO - [2022-10-11 11:21:02,915] {dagbag.py:507} INFO - Filling up the DagBag from /home/ubuntu/airflow/airflow_env/lib/python3.8/site-packages/airflow/example_dags/example_branch_day_of_week_operator.py
[2022-10-11 11:21:02,930] {processor.py:651} INFO - DAG(s) dict_keys(['example_weekday_branch_operator']) retrieved from /home/ubuntu/airflow/airflow_env/lib/python3.8/site-packages/airflow/example_dags/example_branch_day_of_week_operator.py
[2022-10-11 11:21:02,954] {logging_mixin.py:115} INFO - [2022-10-11 11:21:02,954] {dag.py:2379} INFO - Sync 1 DAGs
[2022-10-11 11:21:02,980] {logging_mixin.py:115} INFO - [2022-10-11 11:21:02,980] {dag.py:2927} INFO - Setting next_dagrun for example_weekday_branch_operator to 2022-10-10T00:00:00+00:00, run_after=2022-10-11T00:00:00+00:00
[2022-10-11 11:21:03,005] {processor.py:161} INFO - Processing /home/ubuntu/airflow/airflow_env/lib/python3.8/site-packages/airflow/example_dags/example_branch_day_of_week_operator.py took 0.097 seconds
[2022-10-11 11:21:38,837] {processor.py:153} INFO - Started process (PID=213537) to work on /home/ubuntu/airflow/airflow_env/lib/python3.8/site-packages/airflow/example_dags/example_branch_day_of_week_operator.py
[2022-10-11 11:21:38,838] {processor.py:641} INFO - Processing file /home/ubuntu/airflow/airflow_env/lib/python3.8/site-packages/airflow/example_dags/example_branch_day_of_week_operator.py for tasks to queue
[2022-10-11 11:21:38,839] {logging_mixin.py:115} INFO - [2022-10-11 11:21:38,839] {dagbag.py:507} INFO - Filling up the DagBag from /home/ubuntu/airflow/airflow_env/lib/python3.8/site-packages/airflow/example_dags/example_branch_day_of_week_operator.py
[2022-10-11 11:21:38,849] {processor.py:651} INFO - DAG(s) dict_keys(['example_weekday_branch_operator']) retrieved from /home/ubuntu/airflow/airflow_env/lib/python3.8/site-packages/airflow/example_dags/example_branch_day_of_week_operator.py
[2022-10-11 11:21:38,880] {logging_mixin.py:115} INFO - [2022-10-11 11:21:38,880] {dag.py:2379} INFO - Sync 1 DAGs
[2022-10-11 11:21:38,908] {logging_mixin.py:115} INFO - [2022-10-11 11:21:38,908] {dag.py:2927} INFO - Setting next_dagrun for example_weekday_branch_operator to 2022-10-10T00:00:00+00:00, run_after=2022-10-11T00:00:00+00:00
[2022-10-11 11:21:38,928] {processor.py:161} INFO - Processing /home/ubuntu/airflow/airflow_env/lib/python3.8/site-packages/airflow/example_dags/example_branch_day_of_week_operator.py took 0.096 seconds
