[2022-10-11 11:01:59,769] {processor.py:153} INFO - Started process (PID=202487) to work on /home/ubuntu/airflow/airflow_env/lib/python3.8/site-packages/airflow/example_dags/example_nested_branch_dag.py
[2022-10-11 11:01:59,770] {processor.py:641} INFO - Processing file /home/ubuntu/airflow/airflow_env/lib/python3.8/site-packages/airflow/example_dags/example_nested_branch_dag.py for tasks to queue
[2022-10-11 11:01:59,770] {logging_mixin.py:115} INFO - [2022-10-11 11:01:59,770] {dagbag.py:507} INFO - Filling up the DagBag from /home/ubuntu/airflow/airflow_env/lib/python3.8/site-packages/airflow/example_dags/example_nested_branch_dag.py
[2022-10-11 11:01:59,783] {processor.py:651} INFO - DAG(s) dict_keys(['example_nested_branch_dag']) retrieved from /home/ubuntu/airflow/airflow_env/lib/python3.8/site-packages/airflow/example_dags/example_nested_branch_dag.py
[2022-10-11 11:01:59,808] {logging_mixin.py:115} INFO - [2022-10-11 11:01:59,808] {dag.py:2379} INFO - Sync 1 DAGs
[2022-10-11 11:01:59,832] {logging_mixin.py:115} INFO - [2022-10-11 11:01:59,832] {dag.py:2927} INFO - Setting next_dagrun for example_nested_branch_dag to 2022-10-10T00:00:00+00:00, run_after=2022-10-11T00:00:00+00:00
[2022-10-11 11:01:59,854] {processor.py:161} INFO - Processing /home/ubuntu/airflow/airflow_env/lib/python3.8/site-packages/airflow/example_dags/example_nested_branch_dag.py took 0.090 seconds
[2022-10-11 11:02:34,787] {processor.py:153} INFO - Started process (PID=202548) to work on /home/ubuntu/airflow/airflow_env/lib/python3.8/site-packages/airflow/example_dags/example_nested_branch_dag.py
[2022-10-11 11:02:34,788] {processor.py:641} INFO - Processing file /home/ubuntu/airflow/airflow_env/lib/python3.8/site-packages/airflow/example_dags/example_nested_branch_dag.py for tasks to queue
[2022-10-11 11:02:34,789] {logging_mixin.py:115} INFO - [2022-10-11 11:02:34,789] {dagbag.py:507} INFO - Filling up the DagBag from /home/ubuntu/airflow/airflow_env/lib/python3.8/site-packages/airflow/example_dags/example_nested_branch_dag.py
[2022-10-11 11:02:34,802] {processor.py:651} INFO - DAG(s) dict_keys(['example_nested_branch_dag']) retrieved from /home/ubuntu/airflow/airflow_env/lib/python3.8/site-packages/airflow/example_dags/example_nested_branch_dag.py
[2022-10-11 11:02:34,831] {logging_mixin.py:115} INFO - [2022-10-11 11:02:34,831] {dag.py:2379} INFO - Sync 1 DAGs
[2022-10-11 11:02:34,852] {logging_mixin.py:115} INFO - [2022-10-11 11:02:34,852] {dag.py:2927} INFO - Setting next_dagrun for example_nested_branch_dag to 2022-10-10T00:00:00+00:00, run_after=2022-10-11T00:00:00+00:00
[2022-10-11 11:02:34,868] {processor.py:161} INFO - Processing /home/ubuntu/airflow/airflow_env/lib/python3.8/site-packages/airflow/example_dags/example_nested_branch_dag.py took 0.085 seconds
[2022-10-11 11:03:09,338] {processor.py:153} INFO - Started process (PID=202607) to work on /home/ubuntu/airflow/airflow_env/lib/python3.8/site-packages/airflow/example_dags/example_nested_branch_dag.py
[2022-10-11 11:03:09,340] {processor.py:641} INFO - Processing file /home/ubuntu/airflow/airflow_env/lib/python3.8/site-packages/airflow/example_dags/example_nested_branch_dag.py for tasks to queue
[2022-10-11 11:03:09,340] {logging_mixin.py:115} INFO - [2022-10-11 11:03:09,340] {dagbag.py:507} INFO - Filling up the DagBag from /home/ubuntu/airflow/airflow_env/lib/python3.8/site-packages/airflow/example_dags/example_nested_branch_dag.py
[2022-10-11 11:03:09,353] {processor.py:651} INFO - DAG(s) dict_keys(['example_nested_branch_dag']) retrieved from /home/ubuntu/airflow/airflow_env/lib/python3.8/site-packages/airflow/example_dags/example_nested_branch_dag.py
[2022-10-11 11:03:09,376] {logging_mixin.py:115} INFO - [2022-10-11 11:03:09,376] {dag.py:2379} INFO - Sync 1 DAGs
[2022-10-11 11:03:09,396] {logging_mixin.py:115} INFO - [2022-10-11 11:03:09,396] {dag.py:2927} INFO - Setting next_dagrun for example_nested_branch_dag to 2022-10-10T00:00:00+00:00, run_after=2022-10-11T00:00:00+00:00
[2022-10-11 11:03:09,412] {processor.py:161} INFO - Processing /home/ubuntu/airflow/airflow_env/lib/python3.8/site-packages/airflow/example_dags/example_nested_branch_dag.py took 0.078 seconds
[2022-10-11 11:03:43,139] {processor.py:153} INFO - Started process (PID=202669) to work on /home/ubuntu/airflow/airflow_env/lib/python3.8/site-packages/airflow/example_dags/example_nested_branch_dag.py
[2022-10-11 11:03:43,140] {processor.py:641} INFO - Processing file /home/ubuntu/airflow/airflow_env/lib/python3.8/site-packages/airflow/example_dags/example_nested_branch_dag.py for tasks to queue
[2022-10-11 11:03:43,141] {logging_mixin.py:115} INFO - [2022-10-11 11:03:43,141] {dagbag.py:507} INFO - Filling up the DagBag from /home/ubuntu/airflow/airflow_env/lib/python3.8/site-packages/airflow/example_dags/example_nested_branch_dag.py
[2022-10-11 11:03:43,152] {processor.py:651} INFO - DAG(s) dict_keys(['example_nested_branch_dag']) retrieved from /home/ubuntu/airflow/airflow_env/lib/python3.8/site-packages/airflow/example_dags/example_nested_branch_dag.py
[2022-10-11 11:03:43,181] {logging_mixin.py:115} INFO - [2022-10-11 11:03:43,181] {dag.py:2379} INFO - Sync 1 DAGs
[2022-10-11 11:03:43,208] {logging_mixin.py:115} INFO - [2022-10-11 11:03:43,208] {dag.py:2927} INFO - Setting next_dagrun for example_nested_branch_dag to 2022-10-10T00:00:00+00:00, run_after=2022-10-11T00:00:00+00:00
[2022-10-11 11:03:43,225] {processor.py:161} INFO - Processing /home/ubuntu/airflow/airflow_env/lib/python3.8/site-packages/airflow/example_dags/example_nested_branch_dag.py took 0.092 seconds
[2022-10-11 11:04:18,628] {processor.py:153} INFO - Started process (PID=202798) to work on /home/ubuntu/airflow/airflow_env/lib/python3.8/site-packages/airflow/example_dags/example_nested_branch_dag.py
[2022-10-11 11:04:18,629] {processor.py:641} INFO - Processing file /home/ubuntu/airflow/airflow_env/lib/python3.8/site-packages/airflow/example_dags/example_nested_branch_dag.py for tasks to queue
[2022-10-11 11:04:18,630] {logging_mixin.py:115} INFO - [2022-10-11 11:04:18,630] {dagbag.py:507} INFO - Filling up the DagBag from /home/ubuntu/airflow/airflow_env/lib/python3.8/site-packages/airflow/example_dags/example_nested_branch_dag.py
[2022-10-11 11:04:18,641] {processor.py:651} INFO - DAG(s) dict_keys(['example_nested_branch_dag']) retrieved from /home/ubuntu/airflow/airflow_env/lib/python3.8/site-packages/airflow/example_dags/example_nested_branch_dag.py
[2022-10-11 11:04:18,664] {logging_mixin.py:115} INFO - [2022-10-11 11:04:18,664] {dag.py:2379} INFO - Sync 1 DAGs
[2022-10-11 11:04:18,680] {logging_mixin.py:115} INFO - [2022-10-11 11:04:18,680] {dag.py:2927} INFO - Setting next_dagrun for example_nested_branch_dag to 2022-10-10T00:00:00+00:00, run_after=2022-10-11T00:00:00+00:00
[2022-10-11 11:04:18,691] {processor.py:161} INFO - Processing /home/ubuntu/airflow/airflow_env/lib/python3.8/site-packages/airflow/example_dags/example_nested_branch_dag.py took 0.067 seconds
[2022-10-11 11:04:54,361] {processor.py:153} INFO - Started process (PID=202871) to work on /home/ubuntu/airflow/airflow_env/lib/python3.8/site-packages/airflow/example_dags/example_nested_branch_dag.py
[2022-10-11 11:04:54,362] {processor.py:641} INFO - Processing file /home/ubuntu/airflow/airflow_env/lib/python3.8/site-packages/airflow/example_dags/example_nested_branch_dag.py for tasks to queue
[2022-10-11 11:04:54,363] {logging_mixin.py:115} INFO - [2022-10-11 11:04:54,363] {dagbag.py:507} INFO - Filling up the DagBag from /home/ubuntu/airflow/airflow_env/lib/python3.8/site-packages/airflow/example_dags/example_nested_branch_dag.py
[2022-10-11 11:04:54,375] {processor.py:651} INFO - DAG(s) dict_keys(['example_nested_branch_dag']) retrieved from /home/ubuntu/airflow/airflow_env/lib/python3.8/site-packages/airflow/example_dags/example_nested_branch_dag.py
[2022-10-11 11:04:54,399] {logging_mixin.py:115} INFO - [2022-10-11 11:04:54,398] {dag.py:2379} INFO - Sync 1 DAGs
[2022-10-11 11:04:54,417] {logging_mixin.py:115} INFO - [2022-10-11 11:04:54,417] {dag.py:2927} INFO - Setting next_dagrun for example_nested_branch_dag to 2022-10-10T00:00:00+00:00, run_after=2022-10-11T00:00:00+00:00
[2022-10-11 11:04:54,431] {processor.py:161} INFO - Processing /home/ubuntu/airflow/airflow_env/lib/python3.8/site-packages/airflow/example_dags/example_nested_branch_dag.py took 0.075 seconds
[2022-10-11 11:05:30,115] {processor.py:153} INFO - Started process (PID=202929) to work on /home/ubuntu/airflow/airflow_env/lib/python3.8/site-packages/airflow/example_dags/example_nested_branch_dag.py
[2022-10-11 11:05:30,118] {processor.py:641} INFO - Processing file /home/ubuntu/airflow/airflow_env/lib/python3.8/site-packages/airflow/example_dags/example_nested_branch_dag.py for tasks to queue
[2022-10-11 11:05:30,119] {logging_mixin.py:115} INFO - [2022-10-11 11:05:30,119] {dagbag.py:507} INFO - Filling up the DagBag from /home/ubuntu/airflow/airflow_env/lib/python3.8/site-packages/airflow/example_dags/example_nested_branch_dag.py
[2022-10-11 11:05:30,133] {processor.py:651} INFO - DAG(s) dict_keys(['example_nested_branch_dag']) retrieved from /home/ubuntu/airflow/airflow_env/lib/python3.8/site-packages/airflow/example_dags/example_nested_branch_dag.py
[2022-10-11 11:05:30,157] {logging_mixin.py:115} INFO - [2022-10-11 11:05:30,157] {dag.py:2379} INFO - Sync 1 DAGs
[2022-10-11 11:05:30,177] {logging_mixin.py:115} INFO - [2022-10-11 11:05:30,176] {dag.py:2927} INFO - Setting next_dagrun for example_nested_branch_dag to 2022-10-10T00:00:00+00:00, run_after=2022-10-11T00:00:00+00:00
[2022-10-11 11:05:30,190] {processor.py:161} INFO - Processing /home/ubuntu/airflow/airflow_env/lib/python3.8/site-packages/airflow/example_dags/example_nested_branch_dag.py took 0.080 seconds
[2022-10-11 11:06:04,395] {processor.py:153} INFO - Started process (PID=202983) to work on /home/ubuntu/airflow/airflow_env/lib/python3.8/site-packages/airflow/example_dags/example_nested_branch_dag.py
[2022-10-11 11:06:04,396] {processor.py:641} INFO - Processing file /home/ubuntu/airflow/airflow_env/lib/python3.8/site-packages/airflow/example_dags/example_nested_branch_dag.py for tasks to queue
[2022-10-11 11:06:04,397] {logging_mixin.py:115} INFO - [2022-10-11 11:06:04,397] {dagbag.py:507} INFO - Filling up the DagBag from /home/ubuntu/airflow/airflow_env/lib/python3.8/site-packages/airflow/example_dags/example_nested_branch_dag.py
[2022-10-11 11:06:04,421] {processor.py:651} INFO - DAG(s) dict_keys(['example_nested_branch_dag']) retrieved from /home/ubuntu/airflow/airflow_env/lib/python3.8/site-packages/airflow/example_dags/example_nested_branch_dag.py
[2022-10-11 11:06:04,451] {logging_mixin.py:115} INFO - [2022-10-11 11:06:04,451] {dag.py:2379} INFO - Sync 1 DAGs
[2022-10-11 11:06:04,482] {logging_mixin.py:115} INFO - [2022-10-11 11:06:04,482] {dag.py:2927} INFO - Setting next_dagrun for example_nested_branch_dag to 2022-10-10T00:00:00+00:00, run_after=2022-10-11T00:00:00+00:00
[2022-10-11 11:06:04,502] {processor.py:161} INFO - Processing /home/ubuntu/airflow/airflow_env/lib/python3.8/site-packages/airflow/example_dags/example_nested_branch_dag.py took 0.116 seconds
[2022-10-11 11:06:39,803] {processor.py:153} INFO - Started process (PID=203040) to work on /home/ubuntu/airflow/airflow_env/lib/python3.8/site-packages/airflow/example_dags/example_nested_branch_dag.py
[2022-10-11 11:06:39,804] {processor.py:641} INFO - Processing file /home/ubuntu/airflow/airflow_env/lib/python3.8/site-packages/airflow/example_dags/example_nested_branch_dag.py for tasks to queue
[2022-10-11 11:06:39,805] {logging_mixin.py:115} INFO - [2022-10-11 11:06:39,805] {dagbag.py:507} INFO - Filling up the DagBag from /home/ubuntu/airflow/airflow_env/lib/python3.8/site-packages/airflow/example_dags/example_nested_branch_dag.py
[2022-10-11 11:06:39,820] {processor.py:651} INFO - DAG(s) dict_keys(['example_nested_branch_dag']) retrieved from /home/ubuntu/airflow/airflow_env/lib/python3.8/site-packages/airflow/example_dags/example_nested_branch_dag.py
[2022-10-11 11:06:39,840] {logging_mixin.py:115} INFO - [2022-10-11 11:06:39,839] {dag.py:2379} INFO - Sync 1 DAGs
[2022-10-11 11:06:39,856] {logging_mixin.py:115} INFO - [2022-10-11 11:06:39,856] {dag.py:2927} INFO - Setting next_dagrun for example_nested_branch_dag to 2022-10-10T00:00:00+00:00, run_after=2022-10-11T00:00:00+00:00
[2022-10-11 11:06:39,868] {processor.py:161} INFO - Processing /home/ubuntu/airflow/airflow_env/lib/python3.8/site-packages/airflow/example_dags/example_nested_branch_dag.py took 0.069 seconds
[2022-10-11 11:07:13,797] {processor.py:153} INFO - Started process (PID=203101) to work on /home/ubuntu/airflow/airflow_env/lib/python3.8/site-packages/airflow/example_dags/example_nested_branch_dag.py
[2022-10-11 11:07:13,799] {processor.py:641} INFO - Processing file /home/ubuntu/airflow/airflow_env/lib/python3.8/site-packages/airflow/example_dags/example_nested_branch_dag.py for tasks to queue
[2022-10-11 11:07:13,799] {logging_mixin.py:115} INFO - [2022-10-11 11:07:13,799] {dagbag.py:507} INFO - Filling up the DagBag from /home/ubuntu/airflow/airflow_env/lib/python3.8/site-packages/airflow/example_dags/example_nested_branch_dag.py
[2022-10-11 11:07:13,819] {processor.py:651} INFO - DAG(s) dict_keys(['example_nested_branch_dag']) retrieved from /home/ubuntu/airflow/airflow_env/lib/python3.8/site-packages/airflow/example_dags/example_nested_branch_dag.py
[2022-10-11 11:07:13,842] {logging_mixin.py:115} INFO - [2022-10-11 11:07:13,842] {dag.py:2379} INFO - Sync 1 DAGs
[2022-10-11 11:07:13,858] {logging_mixin.py:115} INFO - [2022-10-11 11:07:13,858] {dag.py:2927} INFO - Setting next_dagrun for example_nested_branch_dag to 2022-10-10T00:00:00+00:00, run_after=2022-10-11T00:00:00+00:00
[2022-10-11 11:07:13,872] {processor.py:161} INFO - Processing /home/ubuntu/airflow/airflow_env/lib/python3.8/site-packages/airflow/example_dags/example_nested_branch_dag.py took 0.079 seconds
[2022-10-11 11:07:48,911] {processor.py:153} INFO - Started process (PID=203164) to work on /home/ubuntu/airflow/airflow_env/lib/python3.8/site-packages/airflow/example_dags/example_nested_branch_dag.py
[2022-10-11 11:07:48,912] {processor.py:641} INFO - Processing file /home/ubuntu/airflow/airflow_env/lib/python3.8/site-packages/airflow/example_dags/example_nested_branch_dag.py for tasks to queue
[2022-10-11 11:07:48,914] {logging_mixin.py:115} INFO - [2022-10-11 11:07:48,913] {dagbag.py:507} INFO - Filling up the DagBag from /home/ubuntu/airflow/airflow_env/lib/python3.8/site-packages/airflow/example_dags/example_nested_branch_dag.py
[2022-10-11 11:07:48,936] {processor.py:651} INFO - DAG(s) dict_keys(['example_nested_branch_dag']) retrieved from /home/ubuntu/airflow/airflow_env/lib/python3.8/site-packages/airflow/example_dags/example_nested_branch_dag.py
[2022-10-11 11:07:48,956] {logging_mixin.py:115} INFO - [2022-10-11 11:07:48,956] {dag.py:2379} INFO - Sync 1 DAGs
[2022-10-11 11:07:48,975] {logging_mixin.py:115} INFO - [2022-10-11 11:07:48,974] {dag.py:2927} INFO - Setting next_dagrun for example_nested_branch_dag to 2022-10-10T00:00:00+00:00, run_after=2022-10-11T00:00:00+00:00
[2022-10-11 11:07:48,988] {processor.py:161} INFO - Processing /home/ubuntu/airflow/airflow_env/lib/python3.8/site-packages/airflow/example_dags/example_nested_branch_dag.py took 0.081 seconds
[2022-10-11 11:08:26,422] {processor.py:153} INFO - Started process (PID=203228) to work on /home/ubuntu/airflow/airflow_env/lib/python3.8/site-packages/airflow/example_dags/example_nested_branch_dag.py
[2022-10-11 11:08:26,423] {processor.py:641} INFO - Processing file /home/ubuntu/airflow/airflow_env/lib/python3.8/site-packages/airflow/example_dags/example_nested_branch_dag.py for tasks to queue
[2022-10-11 11:08:26,424] {logging_mixin.py:115} INFO - [2022-10-11 11:08:26,423] {dagbag.py:507} INFO - Filling up the DagBag from /home/ubuntu/airflow/airflow_env/lib/python3.8/site-packages/airflow/example_dags/example_nested_branch_dag.py
[2022-10-11 11:08:26,439] {processor.py:651} INFO - DAG(s) dict_keys(['example_nested_branch_dag']) retrieved from /home/ubuntu/airflow/airflow_env/lib/python3.8/site-packages/airflow/example_dags/example_nested_branch_dag.py
[2022-10-11 11:08:26,458] {logging_mixin.py:115} INFO - [2022-10-11 11:08:26,458] {dag.py:2379} INFO - Sync 1 DAGs
[2022-10-11 11:08:26,477] {logging_mixin.py:115} INFO - [2022-10-11 11:08:26,477] {dag.py:2927} INFO - Setting next_dagrun for example_nested_branch_dag to 2022-10-10T00:00:00+00:00, run_after=2022-10-11T00:00:00+00:00
[2022-10-11 11:08:26,495] {processor.py:161} INFO - Processing /home/ubuntu/airflow/airflow_env/lib/python3.8/site-packages/airflow/example_dags/example_nested_branch_dag.py took 0.077 seconds
[2022-10-11 11:08:58,724] {processor.py:153} INFO - Started process (PID=203353) to work on /home/ubuntu/airflow/airflow_env/lib/python3.8/site-packages/airflow/example_dags/example_nested_branch_dag.py
[2022-10-11 11:08:58,725] {processor.py:641} INFO - Processing file /home/ubuntu/airflow/airflow_env/lib/python3.8/site-packages/airflow/example_dags/example_nested_branch_dag.py for tasks to queue
[2022-10-11 11:08:58,725] {logging_mixin.py:115} INFO - [2022-10-11 11:08:58,725] {dagbag.py:507} INFO - Filling up the DagBag from /home/ubuntu/airflow/airflow_env/lib/python3.8/site-packages/airflow/example_dags/example_nested_branch_dag.py
[2022-10-11 11:08:58,741] {processor.py:651} INFO - DAG(s) dict_keys(['example_nested_branch_dag']) retrieved from /home/ubuntu/airflow/airflow_env/lib/python3.8/site-packages/airflow/example_dags/example_nested_branch_dag.py
[2022-10-11 11:08:58,760] {logging_mixin.py:115} INFO - [2022-10-11 11:08:58,760] {dag.py:2379} INFO - Sync 1 DAGs
[2022-10-11 11:08:58,776] {logging_mixin.py:115} INFO - [2022-10-11 11:08:58,776] {dag.py:2927} INFO - Setting next_dagrun for example_nested_branch_dag to 2022-10-10T00:00:00+00:00, run_after=2022-10-11T00:00:00+00:00
[2022-10-11 11:08:58,794] {processor.py:161} INFO - Processing /home/ubuntu/airflow/airflow_env/lib/python3.8/site-packages/airflow/example_dags/example_nested_branch_dag.py took 0.076 seconds
[2022-10-11 11:09:35,108] {processor.py:153} INFO - Started process (PID=203489) to work on /home/ubuntu/airflow/airflow_env/lib/python3.8/site-packages/airflow/example_dags/example_nested_branch_dag.py
[2022-10-11 11:09:35,110] {processor.py:641} INFO - Processing file /home/ubuntu/airflow/airflow_env/lib/python3.8/site-packages/airflow/example_dags/example_nested_branch_dag.py for tasks to queue
[2022-10-11 11:09:35,110] {logging_mixin.py:115} INFO - [2022-10-11 11:09:35,110] {dagbag.py:507} INFO - Filling up the DagBag from /home/ubuntu/airflow/airflow_env/lib/python3.8/site-packages/airflow/example_dags/example_nested_branch_dag.py
[2022-10-11 11:09:35,134] {processor.py:651} INFO - DAG(s) dict_keys(['example_nested_branch_dag']) retrieved from /home/ubuntu/airflow/airflow_env/lib/python3.8/site-packages/airflow/example_dags/example_nested_branch_dag.py
[2022-10-11 11:09:35,160] {logging_mixin.py:115} INFO - [2022-10-11 11:09:35,160] {dag.py:2379} INFO - Sync 1 DAGs
[2022-10-11 11:09:35,184] {logging_mixin.py:115} INFO - [2022-10-11 11:09:35,184] {dag.py:2927} INFO - Setting next_dagrun for example_nested_branch_dag to 2022-10-10T00:00:00+00:00, run_after=2022-10-11T00:00:00+00:00
[2022-10-11 11:09:35,200] {processor.py:161} INFO - Processing /home/ubuntu/airflow/airflow_env/lib/python3.8/site-packages/airflow/example_dags/example_nested_branch_dag.py took 0.097 seconds
[2022-10-11 11:10:10,192] {processor.py:153} INFO - Started process (PID=203545) to work on /home/ubuntu/airflow/airflow_env/lib/python3.8/site-packages/airflow/example_dags/example_nested_branch_dag.py
[2022-10-11 11:10:10,194] {processor.py:641} INFO - Processing file /home/ubuntu/airflow/airflow_env/lib/python3.8/site-packages/airflow/example_dags/example_nested_branch_dag.py for tasks to queue
[2022-10-11 11:10:10,195] {logging_mixin.py:115} INFO - [2022-10-11 11:10:10,194] {dagbag.py:507} INFO - Filling up the DagBag from /home/ubuntu/airflow/airflow_env/lib/python3.8/site-packages/airflow/example_dags/example_nested_branch_dag.py
[2022-10-11 11:10:10,217] {processor.py:651} INFO - DAG(s) dict_keys(['example_nested_branch_dag']) retrieved from /home/ubuntu/airflow/airflow_env/lib/python3.8/site-packages/airflow/example_dags/example_nested_branch_dag.py
[2022-10-11 11:10:10,249] {logging_mixin.py:115} INFO - [2022-10-11 11:10:10,249] {dag.py:2379} INFO - Sync 1 DAGs
[2022-10-11 11:10:10,281] {logging_mixin.py:115} INFO - [2022-10-11 11:10:10,281] {dag.py:2927} INFO - Setting next_dagrun for example_nested_branch_dag to 2022-10-10T00:00:00+00:00, run_after=2022-10-11T00:00:00+00:00
[2022-10-11 11:10:10,302] {processor.py:161} INFO - Processing /home/ubuntu/airflow/airflow_env/lib/python3.8/site-packages/airflow/example_dags/example_nested_branch_dag.py took 0.115 seconds
[2022-10-11 11:10:45,928] {processor.py:153} INFO - Started process (PID=203601) to work on /home/ubuntu/airflow/airflow_env/lib/python3.8/site-packages/airflow/example_dags/example_nested_branch_dag.py
[2022-10-11 11:10:45,929] {processor.py:641} INFO - Processing file /home/ubuntu/airflow/airflow_env/lib/python3.8/site-packages/airflow/example_dags/example_nested_branch_dag.py for tasks to queue
[2022-10-11 11:10:45,931] {logging_mixin.py:115} INFO - [2022-10-11 11:10:45,931] {dagbag.py:507} INFO - Filling up the DagBag from /home/ubuntu/airflow/airflow_env/lib/python3.8/site-packages/airflow/example_dags/example_nested_branch_dag.py
[2022-10-11 11:10:45,950] {processor.py:651} INFO - DAG(s) dict_keys(['example_nested_branch_dag']) retrieved from /home/ubuntu/airflow/airflow_env/lib/python3.8/site-packages/airflow/example_dags/example_nested_branch_dag.py
[2022-10-11 11:10:45,975] {logging_mixin.py:115} INFO - [2022-10-11 11:10:45,975] {dag.py:2379} INFO - Sync 1 DAGs
[2022-10-11 11:10:46,000] {logging_mixin.py:115} INFO - [2022-10-11 11:10:46,000] {dag.py:2927} INFO - Setting next_dagrun for example_nested_branch_dag to 2022-10-10T00:00:00+00:00, run_after=2022-10-11T00:00:00+00:00
[2022-10-11 11:10:46,021] {processor.py:161} INFO - Processing /home/ubuntu/airflow/airflow_env/lib/python3.8/site-packages/airflow/example_dags/example_nested_branch_dag.py took 0.097 seconds
[2022-10-11 11:11:22,093] {processor.py:153} INFO - Started process (PID=203658) to work on /home/ubuntu/airflow/airflow_env/lib/python3.8/site-packages/airflow/example_dags/example_nested_branch_dag.py
[2022-10-11 11:11:22,094] {processor.py:641} INFO - Processing file /home/ubuntu/airflow/airflow_env/lib/python3.8/site-packages/airflow/example_dags/example_nested_branch_dag.py for tasks to queue
[2022-10-11 11:11:22,095] {logging_mixin.py:115} INFO - [2022-10-11 11:11:22,095] {dagbag.py:507} INFO - Filling up the DagBag from /home/ubuntu/airflow/airflow_env/lib/python3.8/site-packages/airflow/example_dags/example_nested_branch_dag.py
[2022-10-11 11:11:22,107] {processor.py:651} INFO - DAG(s) dict_keys(['example_nested_branch_dag']) retrieved from /home/ubuntu/airflow/airflow_env/lib/python3.8/site-packages/airflow/example_dags/example_nested_branch_dag.py
[2022-10-11 11:11:22,128] {logging_mixin.py:115} INFO - [2022-10-11 11:11:22,128] {dag.py:2379} INFO - Sync 1 DAGs
[2022-10-11 11:11:22,154] {logging_mixin.py:115} INFO - [2022-10-11 11:11:22,154] {dag.py:2927} INFO - Setting next_dagrun for example_nested_branch_dag to 2022-10-10T00:00:00+00:00, run_after=2022-10-11T00:00:00+00:00
[2022-10-11 11:11:22,170] {processor.py:161} INFO - Processing /home/ubuntu/airflow/airflow_env/lib/python3.8/site-packages/airflow/example_dags/example_nested_branch_dag.py took 0.083 seconds
[2022-10-11 11:11:58,367] {processor.py:153} INFO - Started process (PID=203716) to work on /home/ubuntu/airflow/airflow_env/lib/python3.8/site-packages/airflow/example_dags/example_nested_branch_dag.py
[2022-10-11 11:11:58,368] {processor.py:641} INFO - Processing file /home/ubuntu/airflow/airflow_env/lib/python3.8/site-packages/airflow/example_dags/example_nested_branch_dag.py for tasks to queue
[2022-10-11 11:11:58,369] {logging_mixin.py:115} INFO - [2022-10-11 11:11:58,369] {dagbag.py:507} INFO - Filling up the DagBag from /home/ubuntu/airflow/airflow_env/lib/python3.8/site-packages/airflow/example_dags/example_nested_branch_dag.py
[2022-10-11 11:11:58,382] {processor.py:651} INFO - DAG(s) dict_keys(['example_nested_branch_dag']) retrieved from /home/ubuntu/airflow/airflow_env/lib/python3.8/site-packages/airflow/example_dags/example_nested_branch_dag.py
[2022-10-11 11:11:58,404] {logging_mixin.py:115} INFO - [2022-10-11 11:11:58,404] {dag.py:2379} INFO - Sync 1 DAGs
[2022-10-11 11:11:58,422] {logging_mixin.py:115} INFO - [2022-10-11 11:11:58,422] {dag.py:2927} INFO - Setting next_dagrun for example_nested_branch_dag to 2022-10-10T00:00:00+00:00, run_after=2022-10-11T00:00:00+00:00
[2022-10-11 11:11:58,435] {processor.py:161} INFO - Processing /home/ubuntu/airflow/airflow_env/lib/python3.8/site-packages/airflow/example_dags/example_nested_branch_dag.py took 0.072 seconds
[2022-10-11 11:12:35,129] {processor.py:153} INFO - Started process (PID=203886) to work on /home/ubuntu/airflow/airflow_env/lib/python3.8/site-packages/airflow/example_dags/example_nested_branch_dag.py
[2022-10-11 11:12:35,135] {processor.py:641} INFO - Processing file /home/ubuntu/airflow/airflow_env/lib/python3.8/site-packages/airflow/example_dags/example_nested_branch_dag.py for tasks to queue
[2022-10-11 11:12:35,137] {logging_mixin.py:115} INFO - [2022-10-11 11:12:35,137] {dagbag.py:507} INFO - Filling up the DagBag from /home/ubuntu/airflow/airflow_env/lib/python3.8/site-packages/airflow/example_dags/example_nested_branch_dag.py
[2022-10-11 11:12:35,176] {processor.py:651} INFO - DAG(s) dict_keys(['example_nested_branch_dag']) retrieved from /home/ubuntu/airflow/airflow_env/lib/python3.8/site-packages/airflow/example_dags/example_nested_branch_dag.py
[2022-10-11 11:12:35,401] {logging_mixin.py:115} INFO - [2022-10-11 11:12:35,401] {dag.py:2379} INFO - Sync 1 DAGs
[2022-10-11 11:12:35,571] {logging_mixin.py:115} INFO - [2022-10-11 11:12:35,571] {dag.py:2927} INFO - Setting next_dagrun for example_nested_branch_dag to 2022-10-10T00:00:00+00:00, run_after=2022-10-11T00:00:00+00:00
[2022-10-11 11:12:35,597] {processor.py:161} INFO - Processing /home/ubuntu/airflow/airflow_env/lib/python3.8/site-packages/airflow/example_dags/example_nested_branch_dag.py took 0.477 seconds
[2022-10-11 11:13:22,252] {processor.py:153} INFO - Started process (PID=209178) to work on /home/ubuntu/airflow/airflow_env/lib/python3.8/site-packages/airflow/example_dags/example_nested_branch_dag.py
[2022-10-11 11:13:22,271] {processor.py:641} INFO - Processing file /home/ubuntu/airflow/airflow_env/lib/python3.8/site-packages/airflow/example_dags/example_nested_branch_dag.py for tasks to queue
[2022-10-11 11:13:22,272] {logging_mixin.py:115} INFO - [2022-10-11 11:13:22,272] {dagbag.py:507} INFO - Filling up the DagBag from /home/ubuntu/airflow/airflow_env/lib/python3.8/site-packages/airflow/example_dags/example_nested_branch_dag.py
[2022-10-11 11:13:22,362] {processor.py:651} INFO - DAG(s) dict_keys(['example_nested_branch_dag']) retrieved from /home/ubuntu/airflow/airflow_env/lib/python3.8/site-packages/airflow/example_dags/example_nested_branch_dag.py
[2022-10-11 11:13:22,559] {logging_mixin.py:115} INFO - [2022-10-11 11:13:22,559] {dag.py:2379} INFO - Sync 1 DAGs
[2022-10-11 11:13:22,621] {logging_mixin.py:115} INFO - [2022-10-11 11:13:22,621] {dag.py:2927} INFO - Setting next_dagrun for example_nested_branch_dag to 2022-10-10T00:00:00+00:00, run_after=2022-10-11T00:00:00+00:00
[2022-10-11 11:13:22,750] {processor.py:161} INFO - Processing /home/ubuntu/airflow/airflow_env/lib/python3.8/site-packages/airflow/example_dags/example_nested_branch_dag.py took 0.531 seconds
[2022-10-11 11:14:07,511] {processor.py:153} INFO - Started process (PID=211965) to work on /home/ubuntu/airflow/airflow_env/lib/python3.8/site-packages/airflow/example_dags/example_nested_branch_dag.py
[2022-10-11 11:14:07,513] {processor.py:641} INFO - Processing file /home/ubuntu/airflow/airflow_env/lib/python3.8/site-packages/airflow/example_dags/example_nested_branch_dag.py for tasks to queue
[2022-10-11 11:14:07,514] {logging_mixin.py:115} INFO - [2022-10-11 11:14:07,513] {dagbag.py:507} INFO - Filling up the DagBag from /home/ubuntu/airflow/airflow_env/lib/python3.8/site-packages/airflow/example_dags/example_nested_branch_dag.py
[2022-10-11 11:14:07,527] {processor.py:651} INFO - DAG(s) dict_keys(['example_nested_branch_dag']) retrieved from /home/ubuntu/airflow/airflow_env/lib/python3.8/site-packages/airflow/example_dags/example_nested_branch_dag.py
[2022-10-11 11:14:07,551] {logging_mixin.py:115} INFO - [2022-10-11 11:14:07,550] {dag.py:2379} INFO - Sync 1 DAGs
[2022-10-11 11:14:07,572] {logging_mixin.py:115} INFO - [2022-10-11 11:14:07,572] {dag.py:2927} INFO - Setting next_dagrun for example_nested_branch_dag to 2022-10-10T00:00:00+00:00, run_after=2022-10-11T00:00:00+00:00
[2022-10-11 11:14:07,585] {processor.py:161} INFO - Processing /home/ubuntu/airflow/airflow_env/lib/python3.8/site-packages/airflow/example_dags/example_nested_branch_dag.py took 0.079 seconds
[2022-10-11 11:14:42,475] {processor.py:153} INFO - Started process (PID=212256) to work on /home/ubuntu/airflow/airflow_env/lib/python3.8/site-packages/airflow/example_dags/example_nested_branch_dag.py
[2022-10-11 11:14:42,476] {processor.py:641} INFO - Processing file /home/ubuntu/airflow/airflow_env/lib/python3.8/site-packages/airflow/example_dags/example_nested_branch_dag.py for tasks to queue
[2022-10-11 11:14:42,477] {logging_mixin.py:115} INFO - [2022-10-11 11:14:42,477] {dagbag.py:507} INFO - Filling up the DagBag from /home/ubuntu/airflow/airflow_env/lib/python3.8/site-packages/airflow/example_dags/example_nested_branch_dag.py
[2022-10-11 11:14:42,487] {processor.py:651} INFO - DAG(s) dict_keys(['example_nested_branch_dag']) retrieved from /home/ubuntu/airflow/airflow_env/lib/python3.8/site-packages/airflow/example_dags/example_nested_branch_dag.py
[2022-10-11 11:14:42,506] {logging_mixin.py:115} INFO - [2022-10-11 11:14:42,506] {dag.py:2379} INFO - Sync 1 DAGs
[2022-10-11 11:14:42,527] {logging_mixin.py:115} INFO - [2022-10-11 11:14:42,527] {dag.py:2927} INFO - Setting next_dagrun for example_nested_branch_dag to 2022-10-10T00:00:00+00:00, run_after=2022-10-11T00:00:00+00:00
[2022-10-11 11:14:42,542] {processor.py:161} INFO - Processing /home/ubuntu/airflow/airflow_env/lib/python3.8/site-packages/airflow/example_dags/example_nested_branch_dag.py took 0.072 seconds
[2022-10-11 11:15:15,759] {processor.py:153} INFO - Started process (PID=212317) to work on /home/ubuntu/airflow/airflow_env/lib/python3.8/site-packages/airflow/example_dags/example_nested_branch_dag.py
[2022-10-11 11:15:15,760] {processor.py:641} INFO - Processing file /home/ubuntu/airflow/airflow_env/lib/python3.8/site-packages/airflow/example_dags/example_nested_branch_dag.py for tasks to queue
[2022-10-11 11:15:15,761] {logging_mixin.py:115} INFO - [2022-10-11 11:15:15,761] {dagbag.py:507} INFO - Filling up the DagBag from /home/ubuntu/airflow/airflow_env/lib/python3.8/site-packages/airflow/example_dags/example_nested_branch_dag.py
[2022-10-11 11:15:15,773] {processor.py:651} INFO - DAG(s) dict_keys(['example_nested_branch_dag']) retrieved from /home/ubuntu/airflow/airflow_env/lib/python3.8/site-packages/airflow/example_dags/example_nested_branch_dag.py
[2022-10-11 11:15:15,793] {logging_mixin.py:115} INFO - [2022-10-11 11:15:15,793] {dag.py:2379} INFO - Sync 1 DAGs
[2022-10-11 11:15:15,811] {logging_mixin.py:115} INFO - [2022-10-11 11:15:15,811] {dag.py:2927} INFO - Setting next_dagrun for example_nested_branch_dag to 2022-10-10T00:00:00+00:00, run_after=2022-10-11T00:00:00+00:00
[2022-10-11 11:15:15,823] {processor.py:161} INFO - Processing /home/ubuntu/airflow/airflow_env/lib/python3.8/site-packages/airflow/example_dags/example_nested_branch_dag.py took 0.069 seconds
[2022-10-11 11:15:52,900] {processor.py:153} INFO - Started process (PID=212383) to work on /home/ubuntu/airflow/airflow_env/lib/python3.8/site-packages/airflow/example_dags/example_nested_branch_dag.py
[2022-10-11 11:15:52,901] {processor.py:641} INFO - Processing file /home/ubuntu/airflow/airflow_env/lib/python3.8/site-packages/airflow/example_dags/example_nested_branch_dag.py for tasks to queue
[2022-10-11 11:15:52,902] {logging_mixin.py:115} INFO - [2022-10-11 11:15:52,902] {dagbag.py:507} INFO - Filling up the DagBag from /home/ubuntu/airflow/airflow_env/lib/python3.8/site-packages/airflow/example_dags/example_nested_branch_dag.py
[2022-10-11 11:15:52,912] {processor.py:651} INFO - DAG(s) dict_keys(['example_nested_branch_dag']) retrieved from /home/ubuntu/airflow/airflow_env/lib/python3.8/site-packages/airflow/example_dags/example_nested_branch_dag.py
[2022-10-11 11:15:52,930] {logging_mixin.py:115} INFO - [2022-10-11 11:15:52,930] {dag.py:2379} INFO - Sync 1 DAGs
[2022-10-11 11:15:52,947] {logging_mixin.py:115} INFO - [2022-10-11 11:15:52,947] {dag.py:2927} INFO - Setting next_dagrun for example_nested_branch_dag to 2022-10-10T00:00:00+00:00, run_after=2022-10-11T00:00:00+00:00
[2022-10-11 11:15:52,961] {processor.py:161} INFO - Processing /home/ubuntu/airflow/airflow_env/lib/python3.8/site-packages/airflow/example_dags/example_nested_branch_dag.py took 0.065 seconds
[2022-10-11 11:16:25,465] {processor.py:153} INFO - Started process (PID=212436) to work on /home/ubuntu/airflow/airflow_env/lib/python3.8/site-packages/airflow/example_dags/example_nested_branch_dag.py
[2022-10-11 11:16:25,466] {processor.py:641} INFO - Processing file /home/ubuntu/airflow/airflow_env/lib/python3.8/site-packages/airflow/example_dags/example_nested_branch_dag.py for tasks to queue
[2022-10-11 11:16:25,467] {logging_mixin.py:115} INFO - [2022-10-11 11:16:25,467] {dagbag.py:507} INFO - Filling up the DagBag from /home/ubuntu/airflow/airflow_env/lib/python3.8/site-packages/airflow/example_dags/example_nested_branch_dag.py
[2022-10-11 11:16:25,479] {processor.py:651} INFO - DAG(s) dict_keys(['example_nested_branch_dag']) retrieved from /home/ubuntu/airflow/airflow_env/lib/python3.8/site-packages/airflow/example_dags/example_nested_branch_dag.py
[2022-10-11 11:16:25,500] {logging_mixin.py:115} INFO - [2022-10-11 11:16:25,500] {dag.py:2379} INFO - Sync 1 DAGs
[2022-10-11 11:16:25,517] {logging_mixin.py:115} INFO - [2022-10-11 11:16:25,517] {dag.py:2927} INFO - Setting next_dagrun for example_nested_branch_dag to 2022-10-10T00:00:00+00:00, run_after=2022-10-11T00:00:00+00:00
[2022-10-11 11:16:25,529] {processor.py:161} INFO - Processing /home/ubuntu/airflow/airflow_env/lib/python3.8/site-packages/airflow/example_dags/example_nested_branch_dag.py took 0.068 seconds
[2022-10-11 11:16:59,880] {processor.py:153} INFO - Started process (PID=212778) to work on /home/ubuntu/airflow/airflow_env/lib/python3.8/site-packages/airflow/example_dags/example_nested_branch_dag.py
[2022-10-11 11:16:59,881] {processor.py:641} INFO - Processing file /home/ubuntu/airflow/airflow_env/lib/python3.8/site-packages/airflow/example_dags/example_nested_branch_dag.py for tasks to queue
[2022-10-11 11:16:59,882] {logging_mixin.py:115} INFO - [2022-10-11 11:16:59,882] {dagbag.py:507} INFO - Filling up the DagBag from /home/ubuntu/airflow/airflow_env/lib/python3.8/site-packages/airflow/example_dags/example_nested_branch_dag.py
[2022-10-11 11:16:59,894] {processor.py:651} INFO - DAG(s) dict_keys(['example_nested_branch_dag']) retrieved from /home/ubuntu/airflow/airflow_env/lib/python3.8/site-packages/airflow/example_dags/example_nested_branch_dag.py
[2022-10-11 11:16:59,916] {logging_mixin.py:115} INFO - [2022-10-11 11:16:59,916] {dag.py:2379} INFO - Sync 1 DAGs
[2022-10-11 11:16:59,934] {logging_mixin.py:115} INFO - [2022-10-11 11:16:59,933] {dag.py:2927} INFO - Setting next_dagrun for example_nested_branch_dag to 2022-10-10T00:00:00+00:00, run_after=2022-10-11T00:00:00+00:00
[2022-10-11 11:16:59,950] {processor.py:161} INFO - Processing /home/ubuntu/airflow/airflow_env/lib/python3.8/site-packages/airflow/example_dags/example_nested_branch_dag.py took 0.075 seconds
[2022-10-11 11:17:34,874] {processor.py:153} INFO - Started process (PID=212861) to work on /home/ubuntu/airflow/airflow_env/lib/python3.8/site-packages/airflow/example_dags/example_nested_branch_dag.py
[2022-10-11 11:17:34,875] {processor.py:641} INFO - Processing file /home/ubuntu/airflow/airflow_env/lib/python3.8/site-packages/airflow/example_dags/example_nested_branch_dag.py for tasks to queue
[2022-10-11 11:17:34,876] {logging_mixin.py:115} INFO - [2022-10-11 11:17:34,876] {dagbag.py:507} INFO - Filling up the DagBag from /home/ubuntu/airflow/airflow_env/lib/python3.8/site-packages/airflow/example_dags/example_nested_branch_dag.py
[2022-10-11 11:17:34,889] {processor.py:651} INFO - DAG(s) dict_keys(['example_nested_branch_dag']) retrieved from /home/ubuntu/airflow/airflow_env/lib/python3.8/site-packages/airflow/example_dags/example_nested_branch_dag.py
[2022-10-11 11:17:34,912] {logging_mixin.py:115} INFO - [2022-10-11 11:17:34,912] {dag.py:2379} INFO - Sync 1 DAGs
[2022-10-11 11:17:34,933] {logging_mixin.py:115} INFO - [2022-10-11 11:17:34,933] {dag.py:2927} INFO - Setting next_dagrun for example_nested_branch_dag to 2022-10-10T00:00:00+00:00, run_after=2022-10-11T00:00:00+00:00
[2022-10-11 11:17:34,948] {processor.py:161} INFO - Processing /home/ubuntu/airflow/airflow_env/lib/python3.8/site-packages/airflow/example_dags/example_nested_branch_dag.py took 0.078 seconds
[2022-10-11 11:18:14,992] {processor.py:153} INFO - Started process (PID=212952) to work on /home/ubuntu/airflow/airflow_env/lib/python3.8/site-packages/airflow/example_dags/example_nested_branch_dag.py
[2022-10-11 11:18:14,993] {processor.py:641} INFO - Processing file /home/ubuntu/airflow/airflow_env/lib/python3.8/site-packages/airflow/example_dags/example_nested_branch_dag.py for tasks to queue
[2022-10-11 11:18:14,993] {logging_mixin.py:115} INFO - [2022-10-11 11:18:14,993] {dagbag.py:507} INFO - Filling up the DagBag from /home/ubuntu/airflow/airflow_env/lib/python3.8/site-packages/airflow/example_dags/example_nested_branch_dag.py
[2022-10-11 11:18:15,009] {processor.py:651} INFO - DAG(s) dict_keys(['example_nested_branch_dag']) retrieved from /home/ubuntu/airflow/airflow_env/lib/python3.8/site-packages/airflow/example_dags/example_nested_branch_dag.py
[2022-10-11 11:18:15,033] {logging_mixin.py:115} INFO - [2022-10-11 11:18:15,033] {dag.py:2379} INFO - Sync 1 DAGs
[2022-10-11 11:18:15,052] {logging_mixin.py:115} INFO - [2022-10-11 11:18:15,052] {dag.py:2927} INFO - Setting next_dagrun for example_nested_branch_dag to 2022-10-10T00:00:00+00:00, run_after=2022-10-11T00:00:00+00:00
[2022-10-11 11:18:15,065] {processor.py:161} INFO - Processing /home/ubuntu/airflow/airflow_env/lib/python3.8/site-packages/airflow/example_dags/example_nested_branch_dag.py took 0.078 seconds
[2022-10-11 11:18:48,231] {processor.py:153} INFO - Started process (PID=213016) to work on /home/ubuntu/airflow/airflow_env/lib/python3.8/site-packages/airflow/example_dags/example_nested_branch_dag.py
[2022-10-11 11:18:48,233] {processor.py:641} INFO - Processing file /home/ubuntu/airflow/airflow_env/lib/python3.8/site-packages/airflow/example_dags/example_nested_branch_dag.py for tasks to queue
[2022-10-11 11:18:48,234] {logging_mixin.py:115} INFO - [2022-10-11 11:18:48,233] {dagbag.py:507} INFO - Filling up the DagBag from /home/ubuntu/airflow/airflow_env/lib/python3.8/site-packages/airflow/example_dags/example_nested_branch_dag.py
[2022-10-11 11:18:48,247] {processor.py:651} INFO - DAG(s) dict_keys(['example_nested_branch_dag']) retrieved from /home/ubuntu/airflow/airflow_env/lib/python3.8/site-packages/airflow/example_dags/example_nested_branch_dag.py
[2022-10-11 11:18:48,269] {logging_mixin.py:115} INFO - [2022-10-11 11:18:48,269] {dag.py:2379} INFO - Sync 1 DAGs
[2022-10-11 11:18:48,288] {logging_mixin.py:115} INFO - [2022-10-11 11:18:48,287] {dag.py:2927} INFO - Setting next_dagrun for example_nested_branch_dag to 2022-10-10T00:00:00+00:00, run_after=2022-10-11T00:00:00+00:00
[2022-10-11 11:18:48,300] {processor.py:161} INFO - Processing /home/ubuntu/airflow/airflow_env/lib/python3.8/site-packages/airflow/example_dags/example_nested_branch_dag.py took 0.074 seconds
[2022-10-11 11:19:26,023] {processor.py:153} INFO - Started process (PID=213175) to work on /home/ubuntu/airflow/airflow_env/lib/python3.8/site-packages/airflow/example_dags/example_nested_branch_dag.py
[2022-10-11 11:19:26,024] {processor.py:641} INFO - Processing file /home/ubuntu/airflow/airflow_env/lib/python3.8/site-packages/airflow/example_dags/example_nested_branch_dag.py for tasks to queue
[2022-10-11 11:19:26,025] {logging_mixin.py:115} INFO - [2022-10-11 11:19:26,025] {dagbag.py:507} INFO - Filling up the DagBag from /home/ubuntu/airflow/airflow_env/lib/python3.8/site-packages/airflow/example_dags/example_nested_branch_dag.py
[2022-10-11 11:19:26,039] {processor.py:651} INFO - DAG(s) dict_keys(['example_nested_branch_dag']) retrieved from /home/ubuntu/airflow/airflow_env/lib/python3.8/site-packages/airflow/example_dags/example_nested_branch_dag.py
[2022-10-11 11:19:26,062] {logging_mixin.py:115} INFO - [2022-10-11 11:19:26,062] {dag.py:2379} INFO - Sync 1 DAGs
[2022-10-11 11:19:26,082] {logging_mixin.py:115} INFO - [2022-10-11 11:19:26,082] {dag.py:2927} INFO - Setting next_dagrun for example_nested_branch_dag to 2022-10-10T00:00:00+00:00, run_after=2022-10-11T00:00:00+00:00
[2022-10-11 11:19:26,098] {processor.py:161} INFO - Processing /home/ubuntu/airflow/airflow_env/lib/python3.8/site-packages/airflow/example_dags/example_nested_branch_dag.py took 0.081 seconds
[2022-10-11 11:20:02,695] {processor.py:153} INFO - Started process (PID=213296) to work on /home/ubuntu/airflow/airflow_env/lib/python3.8/site-packages/airflow/example_dags/example_nested_branch_dag.py
[2022-10-11 11:20:02,696] {processor.py:641} INFO - Processing file /home/ubuntu/airflow/airflow_env/lib/python3.8/site-packages/airflow/example_dags/example_nested_branch_dag.py for tasks to queue
[2022-10-11 11:20:02,697] {logging_mixin.py:115} INFO - [2022-10-11 11:20:02,696] {dagbag.py:507} INFO - Filling up the DagBag from /home/ubuntu/airflow/airflow_env/lib/python3.8/site-packages/airflow/example_dags/example_nested_branch_dag.py
[2022-10-11 11:20:02,710] {processor.py:651} INFO - DAG(s) dict_keys(['example_nested_branch_dag']) retrieved from /home/ubuntu/airflow/airflow_env/lib/python3.8/site-packages/airflow/example_dags/example_nested_branch_dag.py
[2022-10-11 11:20:02,730] {logging_mixin.py:115} INFO - [2022-10-11 11:20:02,730] {dag.py:2379} INFO - Sync 1 DAGs
[2022-10-11 11:20:02,747] {logging_mixin.py:115} INFO - [2022-10-11 11:20:02,747] {dag.py:2927} INFO - Setting next_dagrun for example_nested_branch_dag to 2022-10-10T00:00:00+00:00, run_after=2022-10-11T00:00:00+00:00
[2022-10-11 11:20:02,758] {processor.py:161} INFO - Processing /home/ubuntu/airflow/airflow_env/lib/python3.8/site-packages/airflow/example_dags/example_nested_branch_dag.py took 0.068 seconds
[2022-10-11 11:20:37,748] {processor.py:153} INFO - Started process (PID=213357) to work on /home/ubuntu/airflow/airflow_env/lib/python3.8/site-packages/airflow/example_dags/example_nested_branch_dag.py
[2022-10-11 11:20:37,749] {processor.py:641} INFO - Processing file /home/ubuntu/airflow/airflow_env/lib/python3.8/site-packages/airflow/example_dags/example_nested_branch_dag.py for tasks to queue
[2022-10-11 11:20:37,749] {logging_mixin.py:115} INFO - [2022-10-11 11:20:37,749] {dagbag.py:507} INFO - Filling up the DagBag from /home/ubuntu/airflow/airflow_env/lib/python3.8/site-packages/airflow/example_dags/example_nested_branch_dag.py
[2022-10-11 11:20:37,762] {processor.py:651} INFO - DAG(s) dict_keys(['example_nested_branch_dag']) retrieved from /home/ubuntu/airflow/airflow_env/lib/python3.8/site-packages/airflow/example_dags/example_nested_branch_dag.py
[2022-10-11 11:20:37,783] {logging_mixin.py:115} INFO - [2022-10-11 11:20:37,782] {dag.py:2379} INFO - Sync 1 DAGs
[2022-10-11 11:20:37,804] {logging_mixin.py:115} INFO - [2022-10-11 11:20:37,804] {dag.py:2927} INFO - Setting next_dagrun for example_nested_branch_dag to 2022-10-10T00:00:00+00:00, run_after=2022-10-11T00:00:00+00:00
[2022-10-11 11:20:37,822] {processor.py:161} INFO - Processing /home/ubuntu/airflow/airflow_env/lib/python3.8/site-packages/airflow/example_dags/example_nested_branch_dag.py took 0.079 seconds
[2022-10-11 11:21:11,008] {processor.py:153} INFO - Started process (PID=213418) to work on /home/ubuntu/airflow/airflow_env/lib/python3.8/site-packages/airflow/example_dags/example_nested_branch_dag.py
[2022-10-11 11:21:11,009] {processor.py:641} INFO - Processing file /home/ubuntu/airflow/airflow_env/lib/python3.8/site-packages/airflow/example_dags/example_nested_branch_dag.py for tasks to queue
[2022-10-11 11:21:11,010] {logging_mixin.py:115} INFO - [2022-10-11 11:21:11,009] {dagbag.py:507} INFO - Filling up the DagBag from /home/ubuntu/airflow/airflow_env/lib/python3.8/site-packages/airflow/example_dags/example_nested_branch_dag.py
[2022-10-11 11:21:11,022] {processor.py:651} INFO - DAG(s) dict_keys(['example_nested_branch_dag']) retrieved from /home/ubuntu/airflow/airflow_env/lib/python3.8/site-packages/airflow/example_dags/example_nested_branch_dag.py
[2022-10-11 11:21:11,048] {logging_mixin.py:115} INFO - [2022-10-11 11:21:11,048] {dag.py:2379} INFO - Sync 1 DAGs
[2022-10-11 11:21:11,077] {logging_mixin.py:115} INFO - [2022-10-11 11:21:11,077] {dag.py:2927} INFO - Setting next_dagrun for example_nested_branch_dag to 2022-10-10T00:00:00+00:00, run_after=2022-10-11T00:00:00+00:00
[2022-10-11 11:21:11,093] {processor.py:161} INFO - Processing /home/ubuntu/airflow/airflow_env/lib/python3.8/site-packages/airflow/example_dags/example_nested_branch_dag.py took 0.090 seconds
