[2022-10-11 11:02:02,306] {processor.py:153} INFO - Started process (PID=202497) to work on /home/ubuntu/airflow/airflow_env/lib/python3.8/site-packages/airflow/example_dags/example_branch_python_dop_operator_3.py
[2022-10-11 11:02:02,307] {processor.py:641} INFO - Processing file /home/ubuntu/airflow/airflow_env/lib/python3.8/site-packages/airflow/example_dags/example_branch_python_dop_operator_3.py for tasks to queue
[2022-10-11 11:02:02,308] {logging_mixin.py:115} INFO - [2022-10-11 11:02:02,308] {dagbag.py:507} INFO - Filling up the DagBag from /home/ubuntu/airflow/airflow_env/lib/python3.8/site-packages/airflow/example_dags/example_branch_python_dop_operator_3.py
[2022-10-11 11:02:02,319] {processor.py:651} INFO - DAG(s) dict_keys(['example_branch_dop_operator_v3']) retrieved from /home/ubuntu/airflow/airflow_env/lib/python3.8/site-packages/airflow/example_dags/example_branch_python_dop_operator_3.py
[2022-10-11 11:02:02,341] {logging_mixin.py:115} INFO - [2022-10-11 11:02:02,341] {dag.py:2379} INFO - Sync 1 DAGs
[2022-10-11 11:02:02,361] {logging_mixin.py:115} INFO - [2022-10-11 11:02:02,361] {dag.py:2927} INFO - Setting next_dagrun for example_branch_dop_operator_v3 to 2022-10-11T18:01:00+00:00, run_after=2022-10-11T18:02:00+00:00
[2022-10-11 11:02:02,374] {processor.py:161} INFO - Processing /home/ubuntu/airflow/airflow_env/lib/python3.8/site-packages/airflow/example_dags/example_branch_python_dop_operator_3.py took 0.072 seconds
[2022-10-11 11:02:37,444] {processor.py:153} INFO - Started process (PID=202553) to work on /home/ubuntu/airflow/airflow_env/lib/python3.8/site-packages/airflow/example_dags/example_branch_python_dop_operator_3.py
[2022-10-11 11:02:37,445] {processor.py:641} INFO - Processing file /home/ubuntu/airflow/airflow_env/lib/python3.8/site-packages/airflow/example_dags/example_branch_python_dop_operator_3.py for tasks to queue
[2022-10-11 11:02:37,446] {logging_mixin.py:115} INFO - [2022-10-11 11:02:37,446] {dagbag.py:507} INFO - Filling up the DagBag from /home/ubuntu/airflow/airflow_env/lib/python3.8/site-packages/airflow/example_dags/example_branch_python_dop_operator_3.py
[2022-10-11 11:02:37,457] {processor.py:651} INFO - DAG(s) dict_keys(['example_branch_dop_operator_v3']) retrieved from /home/ubuntu/airflow/airflow_env/lib/python3.8/site-packages/airflow/example_dags/example_branch_python_dop_operator_3.py
[2022-10-11 11:02:37,479] {logging_mixin.py:115} INFO - [2022-10-11 11:02:37,479] {dag.py:2379} INFO - Sync 1 DAGs
[2022-10-11 11:02:37,498] {logging_mixin.py:115} INFO - [2022-10-11 11:02:37,498] {dag.py:2927} INFO - Setting next_dagrun for example_branch_dop_operator_v3 to 2022-10-11T18:01:00+00:00, run_after=2022-10-11T18:02:00+00:00
[2022-10-11 11:02:37,512] {processor.py:161} INFO - Processing /home/ubuntu/airflow/airflow_env/lib/python3.8/site-packages/airflow/example_dags/example_branch_python_dop_operator_3.py took 0.073 seconds
[2022-10-11 11:03:11,998] {processor.py:153} INFO - Started process (PID=202611) to work on /home/ubuntu/airflow/airflow_env/lib/python3.8/site-packages/airflow/example_dags/example_branch_python_dop_operator_3.py
[2022-10-11 11:03:11,999] {processor.py:641} INFO - Processing file /home/ubuntu/airflow/airflow_env/lib/python3.8/site-packages/airflow/example_dags/example_branch_python_dop_operator_3.py for tasks to queue
[2022-10-11 11:03:12,000] {logging_mixin.py:115} INFO - [2022-10-11 11:03:12,000] {dagbag.py:507} INFO - Filling up the DagBag from /home/ubuntu/airflow/airflow_env/lib/python3.8/site-packages/airflow/example_dags/example_branch_python_dop_operator_3.py
[2022-10-11 11:03:12,013] {processor.py:651} INFO - DAG(s) dict_keys(['example_branch_dop_operator_v3']) retrieved from /home/ubuntu/airflow/airflow_env/lib/python3.8/site-packages/airflow/example_dags/example_branch_python_dop_operator_3.py
[2022-10-11 11:03:12,040] {logging_mixin.py:115} INFO - [2022-10-11 11:03:12,040] {dag.py:2379} INFO - Sync 1 DAGs
[2022-10-11 11:03:12,064] {logging_mixin.py:115} INFO - [2022-10-11 11:03:12,064] {dag.py:2927} INFO - Setting next_dagrun for example_branch_dop_operator_v3 to 2022-10-11T18:02:00+00:00, run_after=2022-10-11T18:03:00+00:00
[2022-10-11 11:03:12,083] {processor.py:161} INFO - Processing /home/ubuntu/airflow/airflow_env/lib/python3.8/site-packages/airflow/example_dags/example_branch_python_dop_operator_3.py took 0.089 seconds
[2022-10-11 11:03:46,684] {processor.py:153} INFO - Started process (PID=202676) to work on /home/ubuntu/airflow/airflow_env/lib/python3.8/site-packages/airflow/example_dags/example_branch_python_dop_operator_3.py
[2022-10-11 11:03:46,685] {processor.py:641} INFO - Processing file /home/ubuntu/airflow/airflow_env/lib/python3.8/site-packages/airflow/example_dags/example_branch_python_dop_operator_3.py for tasks to queue
[2022-10-11 11:03:46,686] {logging_mixin.py:115} INFO - [2022-10-11 11:03:46,686] {dagbag.py:507} INFO - Filling up the DagBag from /home/ubuntu/airflow/airflow_env/lib/python3.8/site-packages/airflow/example_dags/example_branch_python_dop_operator_3.py
[2022-10-11 11:03:46,709] {processor.py:651} INFO - DAG(s) dict_keys(['example_branch_dop_operator_v3']) retrieved from /home/ubuntu/airflow/airflow_env/lib/python3.8/site-packages/airflow/example_dags/example_branch_python_dop_operator_3.py
[2022-10-11 11:03:46,750] {logging_mixin.py:115} INFO - [2022-10-11 11:03:46,749] {dag.py:2379} INFO - Sync 1 DAGs
[2022-10-11 11:03:46,796] {logging_mixin.py:115} INFO - [2022-10-11 11:03:46,796] {dag.py:2927} INFO - Setting next_dagrun for example_branch_dop_operator_v3 to 2022-10-11T18:02:00+00:00, run_after=2022-10-11T18:03:00+00:00
[2022-10-11 11:03:46,826] {processor.py:161} INFO - Processing /home/ubuntu/airflow/airflow_env/lib/python3.8/site-packages/airflow/example_dags/example_branch_python_dop_operator_3.py took 0.149 seconds
[2022-10-11 11:04:21,730] {processor.py:153} INFO - Started process (PID=202805) to work on /home/ubuntu/airflow/airflow_env/lib/python3.8/site-packages/airflow/example_dags/example_branch_python_dop_operator_3.py
[2022-10-11 11:04:21,731] {processor.py:641} INFO - Processing file /home/ubuntu/airflow/airflow_env/lib/python3.8/site-packages/airflow/example_dags/example_branch_python_dop_operator_3.py for tasks to queue
[2022-10-11 11:04:21,731] {logging_mixin.py:115} INFO - [2022-10-11 11:04:21,731] {dagbag.py:507} INFO - Filling up the DagBag from /home/ubuntu/airflow/airflow_env/lib/python3.8/site-packages/airflow/example_dags/example_branch_python_dop_operator_3.py
[2022-10-11 11:04:21,743] {processor.py:651} INFO - DAG(s) dict_keys(['example_branch_dop_operator_v3']) retrieved from /home/ubuntu/airflow/airflow_env/lib/python3.8/site-packages/airflow/example_dags/example_branch_python_dop_operator_3.py
[2022-10-11 11:04:21,767] {logging_mixin.py:115} INFO - [2022-10-11 11:04:21,767] {dag.py:2379} INFO - Sync 1 DAGs
[2022-10-11 11:04:21,786] {logging_mixin.py:115} INFO - [2022-10-11 11:04:21,786] {dag.py:2927} INFO - Setting next_dagrun for example_branch_dop_operator_v3 to 2022-10-11T18:03:00+00:00, run_after=2022-10-11T18:04:00+00:00
[2022-10-11 11:04:21,799] {processor.py:161} INFO - Processing /home/ubuntu/airflow/airflow_env/lib/python3.8/site-packages/airflow/example_dags/example_branch_python_dop_operator_3.py took 0.074 seconds
[2022-10-11 11:04:57,345] {processor.py:153} INFO - Started process (PID=202875) to work on /home/ubuntu/airflow/airflow_env/lib/python3.8/site-packages/airflow/example_dags/example_branch_python_dop_operator_3.py
[2022-10-11 11:04:57,346] {processor.py:641} INFO - Processing file /home/ubuntu/airflow/airflow_env/lib/python3.8/site-packages/airflow/example_dags/example_branch_python_dop_operator_3.py for tasks to queue
[2022-10-11 11:04:57,346] {logging_mixin.py:115} INFO - [2022-10-11 11:04:57,346] {dagbag.py:507} INFO - Filling up the DagBag from /home/ubuntu/airflow/airflow_env/lib/python3.8/site-packages/airflow/example_dags/example_branch_python_dop_operator_3.py
[2022-10-11 11:04:57,358] {processor.py:651} INFO - DAG(s) dict_keys(['example_branch_dop_operator_v3']) retrieved from /home/ubuntu/airflow/airflow_env/lib/python3.8/site-packages/airflow/example_dags/example_branch_python_dop_operator_3.py
[2022-10-11 11:04:57,378] {logging_mixin.py:115} INFO - [2022-10-11 11:04:57,378] {dag.py:2379} INFO - Sync 1 DAGs
[2022-10-11 11:04:57,406] {logging_mixin.py:115} INFO - [2022-10-11 11:04:57,406] {dag.py:2927} INFO - Setting next_dagrun for example_branch_dop_operator_v3 to 2022-10-11T18:03:00+00:00, run_after=2022-10-11T18:04:00+00:00
[2022-10-11 11:04:57,430] {processor.py:161} INFO - Processing /home/ubuntu/airflow/airflow_env/lib/python3.8/site-packages/airflow/example_dags/example_branch_python_dop_operator_3.py took 0.090 seconds
[2022-10-11 11:05:33,902] {processor.py:153} INFO - Started process (PID=202937) to work on /home/ubuntu/airflow/airflow_env/lib/python3.8/site-packages/airflow/example_dags/example_branch_python_dop_operator_3.py
[2022-10-11 11:05:33,903] {processor.py:641} INFO - Processing file /home/ubuntu/airflow/airflow_env/lib/python3.8/site-packages/airflow/example_dags/example_branch_python_dop_operator_3.py for tasks to queue
[2022-10-11 11:05:33,904] {logging_mixin.py:115} INFO - [2022-10-11 11:05:33,903] {dagbag.py:507} INFO - Filling up the DagBag from /home/ubuntu/airflow/airflow_env/lib/python3.8/site-packages/airflow/example_dags/example_branch_python_dop_operator_3.py
[2022-10-11 11:05:33,916] {processor.py:651} INFO - DAG(s) dict_keys(['example_branch_dop_operator_v3']) retrieved from /home/ubuntu/airflow/airflow_env/lib/python3.8/site-packages/airflow/example_dags/example_branch_python_dop_operator_3.py
[2022-10-11 11:05:33,940] {logging_mixin.py:115} INFO - [2022-10-11 11:05:33,940] {dag.py:2379} INFO - Sync 1 DAGs
[2022-10-11 11:05:33,965] {logging_mixin.py:115} INFO - [2022-10-11 11:05:33,965] {dag.py:2927} INFO - Setting next_dagrun for example_branch_dop_operator_v3 to 2022-10-11T18:04:00+00:00, run_after=2022-10-11T18:05:00+00:00
[2022-10-11 11:05:33,979] {processor.py:161} INFO - Processing /home/ubuntu/airflow/airflow_env/lib/python3.8/site-packages/airflow/example_dags/example_branch_python_dop_operator_3.py took 0.081 seconds
[2022-10-11 11:06:10,098] {processor.py:153} INFO - Started process (PID=202992) to work on /home/ubuntu/airflow/airflow_env/lib/python3.8/site-packages/airflow/example_dags/example_branch_python_dop_operator_3.py
[2022-10-11 11:06:10,099] {processor.py:641} INFO - Processing file /home/ubuntu/airflow/airflow_env/lib/python3.8/site-packages/airflow/example_dags/example_branch_python_dop_operator_3.py for tasks to queue
[2022-10-11 11:06:10,100] {logging_mixin.py:115} INFO - [2022-10-11 11:06:10,099] {dagbag.py:507} INFO - Filling up the DagBag from /home/ubuntu/airflow/airflow_env/lib/python3.8/site-packages/airflow/example_dags/example_branch_python_dop_operator_3.py
[2022-10-11 11:06:10,115] {processor.py:651} INFO - DAG(s) dict_keys(['example_branch_dop_operator_v3']) retrieved from /home/ubuntu/airflow/airflow_env/lib/python3.8/site-packages/airflow/example_dags/example_branch_python_dop_operator_3.py
[2022-10-11 11:06:10,133] {logging_mixin.py:115} INFO - [2022-10-11 11:06:10,133] {dag.py:2379} INFO - Sync 1 DAGs
[2022-10-11 11:06:10,153] {logging_mixin.py:115} INFO - [2022-10-11 11:06:10,152] {dag.py:2927} INFO - Setting next_dagrun for example_branch_dop_operator_v3 to 2022-10-11T18:05:00+00:00, run_after=2022-10-11T18:06:00+00:00
[2022-10-11 11:06:10,166] {processor.py:161} INFO - Processing /home/ubuntu/airflow/airflow_env/lib/python3.8/site-packages/airflow/example_dags/example_branch_python_dop_operator_3.py took 0.073 seconds
[2022-10-11 11:06:43,804] {processor.py:153} INFO - Started process (PID=203046) to work on /home/ubuntu/airflow/airflow_env/lib/python3.8/site-packages/airflow/example_dags/example_branch_python_dop_operator_3.py
[2022-10-11 11:06:43,805] {processor.py:641} INFO - Processing file /home/ubuntu/airflow/airflow_env/lib/python3.8/site-packages/airflow/example_dags/example_branch_python_dop_operator_3.py for tasks to queue
[2022-10-11 11:06:43,806] {logging_mixin.py:115} INFO - [2022-10-11 11:06:43,806] {dagbag.py:507} INFO - Filling up the DagBag from /home/ubuntu/airflow/airflow_env/lib/python3.8/site-packages/airflow/example_dags/example_branch_python_dop_operator_3.py
[2022-10-11 11:06:43,823] {processor.py:651} INFO - DAG(s) dict_keys(['example_branch_dop_operator_v3']) retrieved from /home/ubuntu/airflow/airflow_env/lib/python3.8/site-packages/airflow/example_dags/example_branch_python_dop_operator_3.py
[2022-10-11 11:06:43,843] {logging_mixin.py:115} INFO - [2022-10-11 11:06:43,843] {dag.py:2379} INFO - Sync 1 DAGs
[2022-10-11 11:06:43,869] {logging_mixin.py:115} INFO - [2022-10-11 11:06:43,869] {dag.py:2927} INFO - Setting next_dagrun for example_branch_dop_operator_v3 to 2022-10-11T18:05:00+00:00, run_after=2022-10-11T18:06:00+00:00
[2022-10-11 11:06:43,884] {processor.py:161} INFO - Processing /home/ubuntu/airflow/airflow_env/lib/python3.8/site-packages/airflow/example_dags/example_branch_python_dop_operator_3.py took 0.084 seconds
[2022-10-11 11:07:18,059] {processor.py:153} INFO - Started process (PID=203108) to work on /home/ubuntu/airflow/airflow_env/lib/python3.8/site-packages/airflow/example_dags/example_branch_python_dop_operator_3.py
[2022-10-11 11:07:18,060] {processor.py:641} INFO - Processing file /home/ubuntu/airflow/airflow_env/lib/python3.8/site-packages/airflow/example_dags/example_branch_python_dop_operator_3.py for tasks to queue
[2022-10-11 11:07:18,061] {logging_mixin.py:115} INFO - [2022-10-11 11:07:18,061] {dagbag.py:507} INFO - Filling up the DagBag from /home/ubuntu/airflow/airflow_env/lib/python3.8/site-packages/airflow/example_dags/example_branch_python_dop_operator_3.py
[2022-10-11 11:07:18,076] {processor.py:651} INFO - DAG(s) dict_keys(['example_branch_dop_operator_v3']) retrieved from /home/ubuntu/airflow/airflow_env/lib/python3.8/site-packages/airflow/example_dags/example_branch_python_dop_operator_3.py
[2022-10-11 11:07:18,097] {logging_mixin.py:115} INFO - [2022-10-11 11:07:18,097] {dag.py:2379} INFO - Sync 1 DAGs
[2022-10-11 11:07:18,125] {logging_mixin.py:115} INFO - [2022-10-11 11:07:18,125] {dag.py:2927} INFO - Setting next_dagrun for example_branch_dop_operator_v3 to 2022-10-11T18:06:00+00:00, run_after=2022-10-11T18:07:00+00:00
[2022-10-11 11:07:18,141] {processor.py:161} INFO - Processing /home/ubuntu/airflow/airflow_env/lib/python3.8/site-packages/airflow/example_dags/example_branch_python_dop_operator_3.py took 0.086 seconds
[2022-10-11 11:07:54,041] {processor.py:153} INFO - Started process (PID=203172) to work on /home/ubuntu/airflow/airflow_env/lib/python3.8/site-packages/airflow/example_dags/example_branch_python_dop_operator_3.py
[2022-10-11 11:07:54,042] {processor.py:641} INFO - Processing file /home/ubuntu/airflow/airflow_env/lib/python3.8/site-packages/airflow/example_dags/example_branch_python_dop_operator_3.py for tasks to queue
[2022-10-11 11:07:54,042] {logging_mixin.py:115} INFO - [2022-10-11 11:07:54,042] {dagbag.py:507} INFO - Filling up the DagBag from /home/ubuntu/airflow/airflow_env/lib/python3.8/site-packages/airflow/example_dags/example_branch_python_dop_operator_3.py
[2022-10-11 11:07:54,057] {processor.py:651} INFO - DAG(s) dict_keys(['example_branch_dop_operator_v3']) retrieved from /home/ubuntu/airflow/airflow_env/lib/python3.8/site-packages/airflow/example_dags/example_branch_python_dop_operator_3.py
[2022-10-11 11:07:54,076] {logging_mixin.py:115} INFO - [2022-10-11 11:07:54,076] {dag.py:2379} INFO - Sync 1 DAGs
[2022-10-11 11:07:54,094] {logging_mixin.py:115} INFO - [2022-10-11 11:07:54,094] {dag.py:2927} INFO - Setting next_dagrun for example_branch_dop_operator_v3 to 2022-10-11T18:06:00+00:00, run_after=2022-10-11T18:07:00+00:00
[2022-10-11 11:07:54,105] {processor.py:161} INFO - Processing /home/ubuntu/airflow/airflow_env/lib/python3.8/site-packages/airflow/example_dags/example_branch_python_dop_operator_3.py took 0.069 seconds
[2022-10-11 11:08:30,722] {processor.py:153} INFO - Started process (PID=203237) to work on /home/ubuntu/airflow/airflow_env/lib/python3.8/site-packages/airflow/example_dags/example_branch_python_dop_operator_3.py
[2022-10-11 11:08:30,724] {processor.py:641} INFO - Processing file /home/ubuntu/airflow/airflow_env/lib/python3.8/site-packages/airflow/example_dags/example_branch_python_dop_operator_3.py for tasks to queue
[2022-10-11 11:08:30,724] {logging_mixin.py:115} INFO - [2022-10-11 11:08:30,724] {dagbag.py:507} INFO - Filling up the DagBag from /home/ubuntu/airflow/airflow_env/lib/python3.8/site-packages/airflow/example_dags/example_branch_python_dop_operator_3.py
[2022-10-11 11:08:30,742] {processor.py:651} INFO - DAG(s) dict_keys(['example_branch_dop_operator_v3']) retrieved from /home/ubuntu/airflow/airflow_env/lib/python3.8/site-packages/airflow/example_dags/example_branch_python_dop_operator_3.py
[2022-10-11 11:08:30,761] {logging_mixin.py:115} INFO - [2022-10-11 11:08:30,761] {dag.py:2379} INFO - Sync 1 DAGs
[2022-10-11 11:08:30,784] {logging_mixin.py:115} INFO - [2022-10-11 11:08:30,784] {dag.py:2927} INFO - Setting next_dagrun for example_branch_dop_operator_v3 to 2022-10-11T18:07:00+00:00, run_after=2022-10-11T18:08:00+00:00
[2022-10-11 11:08:30,798] {processor.py:161} INFO - Processing /home/ubuntu/airflow/airflow_env/lib/python3.8/site-packages/airflow/example_dags/example_branch_python_dop_operator_3.py took 0.080 seconds
[2022-10-11 11:09:03,997] {processor.py:153} INFO - Started process (PID=203375) to work on /home/ubuntu/airflow/airflow_env/lib/python3.8/site-packages/airflow/example_dags/example_branch_python_dop_operator_3.py
[2022-10-11 11:09:03,998] {processor.py:641} INFO - Processing file /home/ubuntu/airflow/airflow_env/lib/python3.8/site-packages/airflow/example_dags/example_branch_python_dop_operator_3.py for tasks to queue
[2022-10-11 11:09:03,999] {logging_mixin.py:115} INFO - [2022-10-11 11:09:03,999] {dagbag.py:507} INFO - Filling up the DagBag from /home/ubuntu/airflow/airflow_env/lib/python3.8/site-packages/airflow/example_dags/example_branch_python_dop_operator_3.py
[2022-10-11 11:09:04,014] {processor.py:651} INFO - DAG(s) dict_keys(['example_branch_dop_operator_v3']) retrieved from /home/ubuntu/airflow/airflow_env/lib/python3.8/site-packages/airflow/example_dags/example_branch_python_dop_operator_3.py
[2022-10-11 11:09:04,031] {logging_mixin.py:115} INFO - [2022-10-11 11:09:04,031] {dag.py:2379} INFO - Sync 1 DAGs
[2022-10-11 11:09:04,051] {logging_mixin.py:115} INFO - [2022-10-11 11:09:04,050] {dag.py:2927} INFO - Setting next_dagrun for example_branch_dop_operator_v3 to 2022-10-11T18:08:00+00:00, run_after=2022-10-11T18:09:00+00:00
[2022-10-11 11:09:04,063] {processor.py:161} INFO - Processing /home/ubuntu/airflow/airflow_env/lib/python3.8/site-packages/airflow/example_dags/example_branch_python_dop_operator_3.py took 0.070 seconds
[2022-10-11 11:09:42,537] {processor.py:153} INFO - Started process (PID=203501) to work on /home/ubuntu/airflow/airflow_env/lib/python3.8/site-packages/airflow/example_dags/example_branch_python_dop_operator_3.py
[2022-10-11 11:09:42,538] {processor.py:641} INFO - Processing file /home/ubuntu/airflow/airflow_env/lib/python3.8/site-packages/airflow/example_dags/example_branch_python_dop_operator_3.py for tasks to queue
[2022-10-11 11:09:42,539] {logging_mixin.py:115} INFO - [2022-10-11 11:09:42,539] {dagbag.py:507} INFO - Filling up the DagBag from /home/ubuntu/airflow/airflow_env/lib/python3.8/site-packages/airflow/example_dags/example_branch_python_dop_operator_3.py
[2022-10-11 11:09:42,553] {processor.py:651} INFO - DAG(s) dict_keys(['example_branch_dop_operator_v3']) retrieved from /home/ubuntu/airflow/airflow_env/lib/python3.8/site-packages/airflow/example_dags/example_branch_python_dop_operator_3.py
[2022-10-11 11:09:42,572] {logging_mixin.py:115} INFO - [2022-10-11 11:09:42,572] {dag.py:2379} INFO - Sync 1 DAGs
[2022-10-11 11:09:42,592] {logging_mixin.py:115} INFO - [2022-10-11 11:09:42,592] {dag.py:2927} INFO - Setting next_dagrun for example_branch_dop_operator_v3 to 2022-10-11T18:08:00+00:00, run_after=2022-10-11T18:09:00+00:00
[2022-10-11 11:09:42,605] {processor.py:161} INFO - Processing /home/ubuntu/airflow/airflow_env/lib/python3.8/site-packages/airflow/example_dags/example_branch_python_dop_operator_3.py took 0.072 seconds
[2022-10-11 11:10:20,604] {processor.py:153} INFO - Started process (PID=203559) to work on /home/ubuntu/airflow/airflow_env/lib/python3.8/site-packages/airflow/example_dags/example_branch_python_dop_operator_3.py
[2022-10-11 11:10:20,605] {processor.py:641} INFO - Processing file /home/ubuntu/airflow/airflow_env/lib/python3.8/site-packages/airflow/example_dags/example_branch_python_dop_operator_3.py for tasks to queue
[2022-10-11 11:10:20,605] {logging_mixin.py:115} INFO - [2022-10-11 11:10:20,605] {dagbag.py:507} INFO - Filling up the DagBag from /home/ubuntu/airflow/airflow_env/lib/python3.8/site-packages/airflow/example_dags/example_branch_python_dop_operator_3.py
[2022-10-11 11:10:20,621] {processor.py:651} INFO - DAG(s) dict_keys(['example_branch_dop_operator_v3']) retrieved from /home/ubuntu/airflow/airflow_env/lib/python3.8/site-packages/airflow/example_dags/example_branch_python_dop_operator_3.py
[2022-10-11 11:10:20,639] {logging_mixin.py:115} INFO - [2022-10-11 11:10:20,639] {dag.py:2379} INFO - Sync 1 DAGs
[2022-10-11 11:10:20,661] {logging_mixin.py:115} INFO - [2022-10-11 11:10:20,661] {dag.py:2927} INFO - Setting next_dagrun for example_branch_dop_operator_v3 to 2022-10-11T18:09:00+00:00, run_after=2022-10-11T18:10:00+00:00
[2022-10-11 11:10:20,677] {processor.py:161} INFO - Processing /home/ubuntu/airflow/airflow_env/lib/python3.8/site-packages/airflow/example_dags/example_branch_python_dop_operator_3.py took 0.077 seconds
[2022-10-11 11:10:56,104] {processor.py:153} INFO - Started process (PID=203618) to work on /home/ubuntu/airflow/airflow_env/lib/python3.8/site-packages/airflow/example_dags/example_branch_python_dop_operator_3.py
[2022-10-11 11:10:56,105] {processor.py:641} INFO - Processing file /home/ubuntu/airflow/airflow_env/lib/python3.8/site-packages/airflow/example_dags/example_branch_python_dop_operator_3.py for tasks to queue
[2022-10-11 11:10:56,105] {logging_mixin.py:115} INFO - [2022-10-11 11:10:56,105] {dagbag.py:507} INFO - Filling up the DagBag from /home/ubuntu/airflow/airflow_env/lib/python3.8/site-packages/airflow/example_dags/example_branch_python_dop_operator_3.py
[2022-10-11 11:10:56,123] {processor.py:651} INFO - DAG(s) dict_keys(['example_branch_dop_operator_v3']) retrieved from /home/ubuntu/airflow/airflow_env/lib/python3.8/site-packages/airflow/example_dags/example_branch_python_dop_operator_3.py
[2022-10-11 11:10:56,149] {logging_mixin.py:115} INFO - [2022-10-11 11:10:56,149] {dag.py:2379} INFO - Sync 1 DAGs
[2022-10-11 11:10:56,181] {logging_mixin.py:115} INFO - [2022-10-11 11:10:56,181] {dag.py:2927} INFO - Setting next_dagrun for example_branch_dop_operator_v3 to 2022-10-11T18:09:00+00:00, run_after=2022-10-11T18:10:00+00:00
[2022-10-11 11:10:56,198] {processor.py:161} INFO - Processing /home/ubuntu/airflow/airflow_env/lib/python3.8/site-packages/airflow/example_dags/example_branch_python_dop_operator_3.py took 0.099 seconds
[2022-10-11 11:11:31,361] {processor.py:153} INFO - Started process (PID=203674) to work on /home/ubuntu/airflow/airflow_env/lib/python3.8/site-packages/airflow/example_dags/example_branch_python_dop_operator_3.py
[2022-10-11 11:11:31,362] {processor.py:641} INFO - Processing file /home/ubuntu/airflow/airflow_env/lib/python3.8/site-packages/airflow/example_dags/example_branch_python_dop_operator_3.py for tasks to queue
[2022-10-11 11:11:31,363] {logging_mixin.py:115} INFO - [2022-10-11 11:11:31,363] {dagbag.py:507} INFO - Filling up the DagBag from /home/ubuntu/airflow/airflow_env/lib/python3.8/site-packages/airflow/example_dags/example_branch_python_dop_operator_3.py
[2022-10-11 11:11:31,377] {processor.py:651} INFO - DAG(s) dict_keys(['example_branch_dop_operator_v3']) retrieved from /home/ubuntu/airflow/airflow_env/lib/python3.8/site-packages/airflow/example_dags/example_branch_python_dop_operator_3.py
[2022-10-11 11:11:31,397] {logging_mixin.py:115} INFO - [2022-10-11 11:11:31,397] {dag.py:2379} INFO - Sync 1 DAGs
[2022-10-11 11:11:31,419] {logging_mixin.py:115} INFO - [2022-10-11 11:11:31,419] {dag.py:2927} INFO - Setting next_dagrun for example_branch_dop_operator_v3 to 2022-10-11T18:10:00+00:00, run_after=2022-10-11T18:11:00+00:00
[2022-10-11 11:11:31,431] {processor.py:161} INFO - Processing /home/ubuntu/airflow/airflow_env/lib/python3.8/site-packages/airflow/example_dags/example_branch_python_dop_operator_3.py took 0.075 seconds
[2022-10-11 11:12:07,624] {processor.py:153} INFO - Started process (PID=203731) to work on /home/ubuntu/airflow/airflow_env/lib/python3.8/site-packages/airflow/example_dags/example_branch_python_dop_operator_3.py
[2022-10-11 11:12:07,627] {processor.py:641} INFO - Processing file /home/ubuntu/airflow/airflow_env/lib/python3.8/site-packages/airflow/example_dags/example_branch_python_dop_operator_3.py for tasks to queue
[2022-10-11 11:12:07,628] {logging_mixin.py:115} INFO - [2022-10-11 11:12:07,627] {dagbag.py:507} INFO - Filling up the DagBag from /home/ubuntu/airflow/airflow_env/lib/python3.8/site-packages/airflow/example_dags/example_branch_python_dop_operator_3.py
[2022-10-11 11:12:07,639] {processor.py:651} INFO - DAG(s) dict_keys(['example_branch_dop_operator_v3']) retrieved from /home/ubuntu/airflow/airflow_env/lib/python3.8/site-packages/airflow/example_dags/example_branch_python_dop_operator_3.py
[2022-10-11 11:12:07,658] {logging_mixin.py:115} INFO - [2022-10-11 11:12:07,658] {dag.py:2379} INFO - Sync 1 DAGs
[2022-10-11 11:12:07,678] {logging_mixin.py:115} INFO - [2022-10-11 11:12:07,678] {dag.py:2927} INFO - Setting next_dagrun for example_branch_dop_operator_v3 to 2022-10-11T18:11:00+00:00, run_after=2022-10-11T18:12:00+00:00
[2022-10-11 11:12:07,693] {processor.py:161} INFO - Processing /home/ubuntu/airflow/airflow_env/lib/python3.8/site-packages/airflow/example_dags/example_branch_python_dop_operator_3.py took 0.073 seconds
[2022-10-11 11:12:52,117] {processor.py:153} INFO - Started process (PID=203951) to work on /home/ubuntu/airflow/airflow_env/lib/python3.8/site-packages/airflow/example_dags/example_branch_python_dop_operator_3.py
[2022-10-11 11:12:52,120] {processor.py:641} INFO - Processing file /home/ubuntu/airflow/airflow_env/lib/python3.8/site-packages/airflow/example_dags/example_branch_python_dop_operator_3.py for tasks to queue
[2022-10-11 11:12:52,122] {logging_mixin.py:115} INFO - [2022-10-11 11:12:52,122] {dagbag.py:507} INFO - Filling up the DagBag from /home/ubuntu/airflow/airflow_env/lib/python3.8/site-packages/airflow/example_dags/example_branch_python_dop_operator_3.py
[2022-10-11 11:12:52,144] {processor.py:651} INFO - DAG(s) dict_keys(['example_branch_dop_operator_v3']) retrieved from /home/ubuntu/airflow/airflow_env/lib/python3.8/site-packages/airflow/example_dags/example_branch_python_dop_operator_3.py
[2022-10-11 11:12:52,179] {logging_mixin.py:115} INFO - [2022-10-11 11:12:52,179] {dag.py:2379} INFO - Sync 1 DAGs
[2022-10-11 11:12:52,242] {logging_mixin.py:115} INFO - [2022-10-11 11:12:52,242] {dag.py:2927} INFO - Setting next_dagrun for example_branch_dop_operator_v3 to 2022-10-11T18:11:00+00:00, run_after=2022-10-11T18:12:00+00:00
[2022-10-11 11:12:52,319] {processor.py:161} INFO - Processing /home/ubuntu/airflow/airflow_env/lib/python3.8/site-packages/airflow/example_dags/example_branch_python_dop_operator_3.py took 0.218 seconds
[2022-10-11 11:13:35,095] {processor.py:153} INFO - Started process (PID=210130) to work on /home/ubuntu/airflow/airflow_env/lib/python3.8/site-packages/airflow/example_dags/example_branch_python_dop_operator_3.py
[2022-10-11 11:13:35,111] {processor.py:641} INFO - Processing file /home/ubuntu/airflow/airflow_env/lib/python3.8/site-packages/airflow/example_dags/example_branch_python_dop_operator_3.py for tasks to queue
[2022-10-11 11:13:35,111] {logging_mixin.py:115} INFO - [2022-10-11 11:13:35,111] {dagbag.py:507} INFO - Filling up the DagBag from /home/ubuntu/airflow/airflow_env/lib/python3.8/site-packages/airflow/example_dags/example_branch_python_dop_operator_3.py
[2022-10-11 11:13:35,130] {processor.py:651} INFO - DAG(s) dict_keys(['example_branch_dop_operator_v3']) retrieved from /home/ubuntu/airflow/airflow_env/lib/python3.8/site-packages/airflow/example_dags/example_branch_python_dop_operator_3.py
[2022-10-11 11:13:35,178] {logging_mixin.py:115} INFO - [2022-10-11 11:13:35,178] {dag.py:2379} INFO - Sync 1 DAGs
[2022-10-11 11:13:35,221] {logging_mixin.py:115} INFO - [2022-10-11 11:13:35,220] {dag.py:2927} INFO - Setting next_dagrun for example_branch_dop_operator_v3 to 2022-10-11T18:12:00+00:00, run_after=2022-10-11T18:13:00+00:00
[2022-10-11 11:13:35,241] {processor.py:161} INFO - Processing /home/ubuntu/airflow/airflow_env/lib/python3.8/site-packages/airflow/example_dags/example_branch_python_dop_operator_3.py took 0.228 seconds
[2022-10-11 11:14:13,489] {processor.py:153} INFO - Started process (PID=212106) to work on /home/ubuntu/airflow/airflow_env/lib/python3.8/site-packages/airflow/example_dags/example_branch_python_dop_operator_3.py
[2022-10-11 11:14:13,491] {processor.py:641} INFO - Processing file /home/ubuntu/airflow/airflow_env/lib/python3.8/site-packages/airflow/example_dags/example_branch_python_dop_operator_3.py for tasks to queue
[2022-10-11 11:14:13,492] {logging_mixin.py:115} INFO - [2022-10-11 11:14:13,492] {dagbag.py:507} INFO - Filling up the DagBag from /home/ubuntu/airflow/airflow_env/lib/python3.8/site-packages/airflow/example_dags/example_branch_python_dop_operator_3.py
[2022-10-11 11:14:13,512] {processor.py:651} INFO - DAG(s) dict_keys(['example_branch_dop_operator_v3']) retrieved from /home/ubuntu/airflow/airflow_env/lib/python3.8/site-packages/airflow/example_dags/example_branch_python_dop_operator_3.py
[2022-10-11 11:14:13,543] {logging_mixin.py:115} INFO - [2022-10-11 11:14:13,542] {dag.py:2379} INFO - Sync 1 DAGs
[2022-10-11 11:14:13,578] {logging_mixin.py:115} INFO - [2022-10-11 11:14:13,578] {dag.py:2927} INFO - Setting next_dagrun for example_branch_dop_operator_v3 to 2022-10-11T18:13:00+00:00, run_after=2022-10-11T18:14:00+00:00
[2022-10-11 11:14:13,619] {processor.py:161} INFO - Processing /home/ubuntu/airflow/airflow_env/lib/python3.8/site-packages/airflow/example_dags/example_branch_python_dop_operator_3.py took 0.137 seconds
[2022-10-11 11:14:47,643] {processor.py:153} INFO - Started process (PID=212267) to work on /home/ubuntu/airflow/airflow_env/lib/python3.8/site-packages/airflow/example_dags/example_branch_python_dop_operator_3.py
[2022-10-11 11:14:47,645] {processor.py:641} INFO - Processing file /home/ubuntu/airflow/airflow_env/lib/python3.8/site-packages/airflow/example_dags/example_branch_python_dop_operator_3.py for tasks to queue
[2022-10-11 11:14:47,646] {logging_mixin.py:115} INFO - [2022-10-11 11:14:47,646] {dagbag.py:507} INFO - Filling up the DagBag from /home/ubuntu/airflow/airflow_env/lib/python3.8/site-packages/airflow/example_dags/example_branch_python_dop_operator_3.py
[2022-10-11 11:14:47,669] {processor.py:651} INFO - DAG(s) dict_keys(['example_branch_dop_operator_v3']) retrieved from /home/ubuntu/airflow/airflow_env/lib/python3.8/site-packages/airflow/example_dags/example_branch_python_dop_operator_3.py
[2022-10-11 11:14:47,696] {logging_mixin.py:115} INFO - [2022-10-11 11:14:47,696] {dag.py:2379} INFO - Sync 1 DAGs
[2022-10-11 11:14:47,730] {logging_mixin.py:115} INFO - [2022-10-11 11:14:47,730] {dag.py:2927} INFO - Setting next_dagrun for example_branch_dop_operator_v3 to 2022-10-11T18:13:00+00:00, run_after=2022-10-11T18:14:00+00:00
[2022-10-11 11:14:47,746] {processor.py:161} INFO - Processing /home/ubuntu/airflow/airflow_env/lib/python3.8/site-packages/airflow/example_dags/example_branch_python_dop_operator_3.py took 0.113 seconds
[2022-10-11 11:15:22,013] {processor.py:153} INFO - Started process (PID=212327) to work on /home/ubuntu/airflow/airflow_env/lib/python3.8/site-packages/airflow/example_dags/example_branch_python_dop_operator_3.py
[2022-10-11 11:15:22,014] {processor.py:641} INFO - Processing file /home/ubuntu/airflow/airflow_env/lib/python3.8/site-packages/airflow/example_dags/example_branch_python_dop_operator_3.py for tasks to queue
[2022-10-11 11:15:22,015] {logging_mixin.py:115} INFO - [2022-10-11 11:15:22,015] {dagbag.py:507} INFO - Filling up the DagBag from /home/ubuntu/airflow/airflow_env/lib/python3.8/site-packages/airflow/example_dags/example_branch_python_dop_operator_3.py
[2022-10-11 11:15:22,026] {processor.py:651} INFO - DAG(s) dict_keys(['example_branch_dop_operator_v3']) retrieved from /home/ubuntu/airflow/airflow_env/lib/python3.8/site-packages/airflow/example_dags/example_branch_python_dop_operator_3.py
[2022-10-11 11:15:22,045] {logging_mixin.py:115} INFO - [2022-10-11 11:15:22,045] {dag.py:2379} INFO - Sync 1 DAGs
[2022-10-11 11:15:22,065] {logging_mixin.py:115} INFO - [2022-10-11 11:15:22,065] {dag.py:2927} INFO - Setting next_dagrun for example_branch_dop_operator_v3 to 2022-10-11T18:14:00+00:00, run_after=2022-10-11T18:15:00+00:00
[2022-10-11 11:15:22,078] {processor.py:161} INFO - Processing /home/ubuntu/airflow/airflow_env/lib/python3.8/site-packages/airflow/example_dags/example_branch_python_dop_operator_3.py took 0.069 seconds
[2022-10-11 11:15:59,178] {processor.py:153} INFO - Started process (PID=212389) to work on /home/ubuntu/airflow/airflow_env/lib/python3.8/site-packages/airflow/example_dags/example_branch_python_dop_operator_3.py
[2022-10-11 11:15:59,179] {processor.py:641} INFO - Processing file /home/ubuntu/airflow/airflow_env/lib/python3.8/site-packages/airflow/example_dags/example_branch_python_dop_operator_3.py for tasks to queue
[2022-10-11 11:15:59,179] {logging_mixin.py:115} INFO - [2022-10-11 11:15:59,179] {dagbag.py:507} INFO - Filling up the DagBag from /home/ubuntu/airflow/airflow_env/lib/python3.8/site-packages/airflow/example_dags/example_branch_python_dop_operator_3.py
[2022-10-11 11:15:59,190] {processor.py:651} INFO - DAG(s) dict_keys(['example_branch_dop_operator_v3']) retrieved from /home/ubuntu/airflow/airflow_env/lib/python3.8/site-packages/airflow/example_dags/example_branch_python_dop_operator_3.py
[2022-10-11 11:15:59,209] {logging_mixin.py:115} INFO - [2022-10-11 11:15:59,208] {dag.py:2379} INFO - Sync 1 DAGs
[2022-10-11 11:15:59,229] {logging_mixin.py:115} INFO - [2022-10-11 11:15:59,229] {dag.py:2927} INFO - Setting next_dagrun for example_branch_dop_operator_v3 to 2022-10-11T18:14:00+00:00, run_after=2022-10-11T18:15:00+00:00
[2022-10-11 11:15:59,243] {processor.py:161} INFO - Processing /home/ubuntu/airflow/airflow_env/lib/python3.8/site-packages/airflow/example_dags/example_branch_python_dop_operator_3.py took 0.070 seconds
[2022-10-11 11:16:32,894] {processor.py:153} INFO - Started process (PID=212450) to work on /home/ubuntu/airflow/airflow_env/lib/python3.8/site-packages/airflow/example_dags/example_branch_python_dop_operator_3.py
[2022-10-11 11:16:32,895] {processor.py:641} INFO - Processing file /home/ubuntu/airflow/airflow_env/lib/python3.8/site-packages/airflow/example_dags/example_branch_python_dop_operator_3.py for tasks to queue
[2022-10-11 11:16:32,896] {logging_mixin.py:115} INFO - [2022-10-11 11:16:32,896] {dagbag.py:507} INFO - Filling up the DagBag from /home/ubuntu/airflow/airflow_env/lib/python3.8/site-packages/airflow/example_dags/example_branch_python_dop_operator_3.py
[2022-10-11 11:16:32,911] {processor.py:651} INFO - DAG(s) dict_keys(['example_branch_dop_operator_v3']) retrieved from /home/ubuntu/airflow/airflow_env/lib/python3.8/site-packages/airflow/example_dags/example_branch_python_dop_operator_3.py
[2022-10-11 11:16:32,934] {logging_mixin.py:115} INFO - [2022-10-11 11:16:32,934] {dag.py:2379} INFO - Sync 1 DAGs
[2022-10-11 11:16:32,957] {logging_mixin.py:115} INFO - [2022-10-11 11:16:32,957] {dag.py:2927} INFO - Setting next_dagrun for example_branch_dop_operator_v3 to 2022-10-11T18:15:00+00:00, run_after=2022-10-11T18:16:00+00:00
[2022-10-11 11:16:32,981] {processor.py:161} INFO - Processing /home/ubuntu/airflow/airflow_env/lib/python3.8/site-packages/airflow/example_dags/example_branch_python_dop_operator_3.py took 0.091 seconds
[2022-10-11 11:17:10,228] {processor.py:153} INFO - Started process (PID=212803) to work on /home/ubuntu/airflow/airflow_env/lib/python3.8/site-packages/airflow/example_dags/example_branch_python_dop_operator_3.py
[2022-10-11 11:17:10,229] {processor.py:641} INFO - Processing file /home/ubuntu/airflow/airflow_env/lib/python3.8/site-packages/airflow/example_dags/example_branch_python_dop_operator_3.py for tasks to queue
[2022-10-11 11:17:10,230] {logging_mixin.py:115} INFO - [2022-10-11 11:17:10,230] {dagbag.py:507} INFO - Filling up the DagBag from /home/ubuntu/airflow/airflow_env/lib/python3.8/site-packages/airflow/example_dags/example_branch_python_dop_operator_3.py
[2022-10-11 11:17:10,248] {processor.py:651} INFO - DAG(s) dict_keys(['example_branch_dop_operator_v3']) retrieved from /home/ubuntu/airflow/airflow_env/lib/python3.8/site-packages/airflow/example_dags/example_branch_python_dop_operator_3.py
[2022-10-11 11:17:10,271] {logging_mixin.py:115} INFO - [2022-10-11 11:17:10,271] {dag.py:2379} INFO - Sync 1 DAGs
[2022-10-11 11:17:10,293] {logging_mixin.py:115} INFO - [2022-10-11 11:17:10,293] {dag.py:2927} INFO - Setting next_dagrun for example_branch_dop_operator_v3 to 2022-10-11T18:16:00+00:00, run_after=2022-10-11T18:17:00+00:00
[2022-10-11 11:17:10,308] {processor.py:161} INFO - Processing /home/ubuntu/airflow/airflow_env/lib/python3.8/site-packages/airflow/example_dags/example_branch_python_dop_operator_3.py took 0.088 seconds
[2022-10-11 11:17:49,134] {processor.py:153} INFO - Started process (PID=212912) to work on /home/ubuntu/airflow/airflow_env/lib/python3.8/site-packages/airflow/example_dags/example_branch_python_dop_operator_3.py
[2022-10-11 11:17:49,135] {processor.py:641} INFO - Processing file /home/ubuntu/airflow/airflow_env/lib/python3.8/site-packages/airflow/example_dags/example_branch_python_dop_operator_3.py for tasks to queue
[2022-10-11 11:17:49,136] {logging_mixin.py:115} INFO - [2022-10-11 11:17:49,135] {dagbag.py:507} INFO - Filling up the DagBag from /home/ubuntu/airflow/airflow_env/lib/python3.8/site-packages/airflow/example_dags/example_branch_python_dop_operator_3.py
[2022-10-11 11:17:49,148] {processor.py:651} INFO - DAG(s) dict_keys(['example_branch_dop_operator_v3']) retrieved from /home/ubuntu/airflow/airflow_env/lib/python3.8/site-packages/airflow/example_dags/example_branch_python_dop_operator_3.py
[2022-10-11 11:17:49,168] {logging_mixin.py:115} INFO - [2022-10-11 11:17:49,168] {dag.py:2379} INFO - Sync 1 DAGs
[2022-10-11 11:17:49,189] {logging_mixin.py:115} INFO - [2022-10-11 11:17:49,189] {dag.py:2927} INFO - Setting next_dagrun for example_branch_dop_operator_v3 to 2022-10-11T18:16:00+00:00, run_after=2022-10-11T18:17:00+00:00
[2022-10-11 11:17:49,207] {processor.py:161} INFO - Processing /home/ubuntu/airflow/airflow_env/lib/python3.8/site-packages/airflow/example_dags/example_branch_python_dop_operator_3.py took 0.077 seconds
[2022-10-11 11:18:25,250] {processor.py:153} INFO - Started process (PID=212973) to work on /home/ubuntu/airflow/airflow_env/lib/python3.8/site-packages/airflow/example_dags/example_branch_python_dop_operator_3.py
[2022-10-11 11:18:25,253] {processor.py:641} INFO - Processing file /home/ubuntu/airflow/airflow_env/lib/python3.8/site-packages/airflow/example_dags/example_branch_python_dop_operator_3.py for tasks to queue
[2022-10-11 11:18:25,255] {logging_mixin.py:115} INFO - [2022-10-11 11:18:25,254] {dagbag.py:507} INFO - Filling up the DagBag from /home/ubuntu/airflow/airflow_env/lib/python3.8/site-packages/airflow/example_dags/example_branch_python_dop_operator_3.py
[2022-10-11 11:18:25,279] {processor.py:651} INFO - DAG(s) dict_keys(['example_branch_dop_operator_v3']) retrieved from /home/ubuntu/airflow/airflow_env/lib/python3.8/site-packages/airflow/example_dags/example_branch_python_dop_operator_3.py
[2022-10-11 11:18:25,313] {logging_mixin.py:115} INFO - [2022-10-11 11:18:25,313] {dag.py:2379} INFO - Sync 1 DAGs
[2022-10-11 11:18:25,343] {logging_mixin.py:115} INFO - [2022-10-11 11:18:25,342] {dag.py:2927} INFO - Setting next_dagrun for example_branch_dop_operator_v3 to 2022-10-11T18:17:00+00:00, run_after=2022-10-11T18:18:00+00:00
[2022-10-11 11:18:25,361] {processor.py:161} INFO - Processing /home/ubuntu/airflow/airflow_env/lib/python3.8/site-packages/airflow/example_dags/example_branch_python_dop_operator_3.py took 0.119 seconds
[2022-10-11 11:19:01,648] {processor.py:153} INFO - Started process (PID=213070) to work on /home/ubuntu/airflow/airflow_env/lib/python3.8/site-packages/airflow/example_dags/example_branch_python_dop_operator_3.py
[2022-10-11 11:19:01,649] {processor.py:641} INFO - Processing file /home/ubuntu/airflow/airflow_env/lib/python3.8/site-packages/airflow/example_dags/example_branch_python_dop_operator_3.py for tasks to queue
[2022-10-11 11:19:01,650] {logging_mixin.py:115} INFO - [2022-10-11 11:19:01,650] {dagbag.py:507} INFO - Filling up the DagBag from /home/ubuntu/airflow/airflow_env/lib/python3.8/site-packages/airflow/example_dags/example_branch_python_dop_operator_3.py
[2022-10-11 11:19:01,667] {processor.py:651} INFO - DAG(s) dict_keys(['example_branch_dop_operator_v3']) retrieved from /home/ubuntu/airflow/airflow_env/lib/python3.8/site-packages/airflow/example_dags/example_branch_python_dop_operator_3.py
[2022-10-11 11:19:01,702] {logging_mixin.py:115} INFO - [2022-10-11 11:19:01,701] {dag.py:2379} INFO - Sync 1 DAGs
[2022-10-11 11:19:01,731] {logging_mixin.py:115} INFO - [2022-10-11 11:19:01,731] {dag.py:2927} INFO - Setting next_dagrun for example_branch_dop_operator_v3 to 2022-10-11T18:18:00+00:00, run_after=2022-10-11T18:19:00+00:00
[2022-10-11 11:19:01,754] {processor.py:161} INFO - Processing /home/ubuntu/airflow/airflow_env/lib/python3.8/site-packages/airflow/example_dags/example_branch_python_dop_operator_3.py took 0.111 seconds
[2022-10-11 11:19:40,741] {processor.py:153} INFO - Started process (PID=213254) to work on /home/ubuntu/airflow/airflow_env/lib/python3.8/site-packages/airflow/example_dags/example_branch_python_dop_operator_3.py
[2022-10-11 11:19:40,742] {processor.py:641} INFO - Processing file /home/ubuntu/airflow/airflow_env/lib/python3.8/site-packages/airflow/example_dags/example_branch_python_dop_operator_3.py for tasks to queue
[2022-10-11 11:19:40,744] {logging_mixin.py:115} INFO - [2022-10-11 11:19:40,743] {dagbag.py:507} INFO - Filling up the DagBag from /home/ubuntu/airflow/airflow_env/lib/python3.8/site-packages/airflow/example_dags/example_branch_python_dop_operator_3.py
[2022-10-11 11:19:40,756] {processor.py:651} INFO - DAG(s) dict_keys(['example_branch_dop_operator_v3']) retrieved from /home/ubuntu/airflow/airflow_env/lib/python3.8/site-packages/airflow/example_dags/example_branch_python_dop_operator_3.py
[2022-10-11 11:19:40,778] {logging_mixin.py:115} INFO - [2022-10-11 11:19:40,778] {dag.py:2379} INFO - Sync 1 DAGs
[2022-10-11 11:19:40,804] {logging_mixin.py:115} INFO - [2022-10-11 11:19:40,804] {dag.py:2927} INFO - Setting next_dagrun for example_branch_dop_operator_v3 to 2022-10-11T18:18:00+00:00, run_after=2022-10-11T18:19:00+00:00
[2022-10-11 11:19:40,820] {processor.py:161} INFO - Processing /home/ubuntu/airflow/airflow_env/lib/python3.8/site-packages/airflow/example_dags/example_branch_python_dop_operator_3.py took 0.084 seconds
[2022-10-11 11:20:17,369] {processor.py:153} INFO - Started process (PID=213323) to work on /home/ubuntu/airflow/airflow_env/lib/python3.8/site-packages/airflow/example_dags/example_branch_python_dop_operator_3.py
[2022-10-11 11:20:17,370] {processor.py:641} INFO - Processing file /home/ubuntu/airflow/airflow_env/lib/python3.8/site-packages/airflow/example_dags/example_branch_python_dop_operator_3.py for tasks to queue
[2022-10-11 11:20:17,371] {logging_mixin.py:115} INFO - [2022-10-11 11:20:17,371] {dagbag.py:507} INFO - Filling up the DagBag from /home/ubuntu/airflow/airflow_env/lib/python3.8/site-packages/airflow/example_dags/example_branch_python_dop_operator_3.py
[2022-10-11 11:20:17,391] {processor.py:651} INFO - DAG(s) dict_keys(['example_branch_dop_operator_v3']) retrieved from /home/ubuntu/airflow/airflow_env/lib/python3.8/site-packages/airflow/example_dags/example_branch_python_dop_operator_3.py
[2022-10-11 11:20:17,424] {logging_mixin.py:115} INFO - [2022-10-11 11:20:17,424] {dag.py:2379} INFO - Sync 1 DAGs
[2022-10-11 11:20:17,465] {logging_mixin.py:115} INFO - [2022-10-11 11:20:17,464] {dag.py:2927} INFO - Setting next_dagrun for example_branch_dop_operator_v3 to 2022-10-11T18:19:00+00:00, run_after=2022-10-11T18:20:00+00:00
[2022-10-11 11:20:17,486] {processor.py:161} INFO - Processing /home/ubuntu/airflow/airflow_env/lib/python3.8/site-packages/airflow/example_dags/example_branch_python_dop_operator_3.py took 0.125 seconds
[2022-10-11 11:20:54,315] {processor.py:153} INFO - Started process (PID=213389) to work on /home/ubuntu/airflow/airflow_env/lib/python3.8/site-packages/airflow/example_dags/example_branch_python_dop_operator_3.py
[2022-10-11 11:20:54,316] {processor.py:641} INFO - Processing file /home/ubuntu/airflow/airflow_env/lib/python3.8/site-packages/airflow/example_dags/example_branch_python_dop_operator_3.py for tasks to queue
[2022-10-11 11:20:54,317] {logging_mixin.py:115} INFO - [2022-10-11 11:20:54,317] {dagbag.py:507} INFO - Filling up the DagBag from /home/ubuntu/airflow/airflow_env/lib/python3.8/site-packages/airflow/example_dags/example_branch_python_dop_operator_3.py
[2022-10-11 11:20:54,330] {processor.py:651} INFO - DAG(s) dict_keys(['example_branch_dop_operator_v3']) retrieved from /home/ubuntu/airflow/airflow_env/lib/python3.8/site-packages/airflow/example_dags/example_branch_python_dop_operator_3.py
[2022-10-11 11:20:54,355] {logging_mixin.py:115} INFO - [2022-10-11 11:20:54,355] {dag.py:2379} INFO - Sync 1 DAGs
[2022-10-11 11:20:54,383] {logging_mixin.py:115} INFO - [2022-10-11 11:20:54,383] {dag.py:2927} INFO - Setting next_dagrun for example_branch_dop_operator_v3 to 2022-10-11T18:19:00+00:00, run_after=2022-10-11T18:20:00+00:00
[2022-10-11 11:20:54,397] {processor.py:161} INFO - Processing /home/ubuntu/airflow/airflow_env/lib/python3.8/site-packages/airflow/example_dags/example_branch_python_dop_operator_3.py took 0.087 seconds
[2022-10-11 11:21:30,486] {processor.py:153} INFO - Started process (PID=213493) to work on /home/ubuntu/airflow/airflow_env/lib/python3.8/site-packages/airflow/example_dags/example_branch_python_dop_operator_3.py
[2022-10-11 11:21:30,487] {processor.py:641} INFO - Processing file /home/ubuntu/airflow/airflow_env/lib/python3.8/site-packages/airflow/example_dags/example_branch_python_dop_operator_3.py for tasks to queue
[2022-10-11 11:21:30,488] {logging_mixin.py:115} INFO - [2022-10-11 11:21:30,488] {dagbag.py:507} INFO - Filling up the DagBag from /home/ubuntu/airflow/airflow_env/lib/python3.8/site-packages/airflow/example_dags/example_branch_python_dop_operator_3.py
[2022-10-11 11:21:30,499] {processor.py:651} INFO - DAG(s) dict_keys(['example_branch_dop_operator_v3']) retrieved from /home/ubuntu/airflow/airflow_env/lib/python3.8/site-packages/airflow/example_dags/example_branch_python_dop_operator_3.py
[2022-10-11 11:21:30,519] {logging_mixin.py:115} INFO - [2022-10-11 11:21:30,519] {dag.py:2379} INFO - Sync 1 DAGs
[2022-10-11 11:21:30,543] {logging_mixin.py:115} INFO - [2022-10-11 11:21:30,543] {dag.py:2927} INFO - Setting next_dagrun for example_branch_dop_operator_v3 to 2022-10-11T18:20:00+00:00, run_after=2022-10-11T18:21:00+00:00
[2022-10-11 11:21:30,558] {processor.py:161} INFO - Processing /home/ubuntu/airflow/airflow_env/lib/python3.8/site-packages/airflow/example_dags/example_branch_python_dop_operator_3.py took 0.076 seconds
