[2022-10-11 11:02:01,170] {processor.py:153} INFO - Started process (PID=202495) to work on /home/ubuntu/airflow/airflow_env/lib/python3.8/site-packages/airflow/example_dags/example_branch_labels.py
[2022-10-11 11:02:01,171] {processor.py:641} INFO - Processing file /home/ubuntu/airflow/airflow_env/lib/python3.8/site-packages/airflow/example_dags/example_branch_labels.py for tasks to queue
[2022-10-11 11:02:01,171] {logging_mixin.py:115} INFO - [2022-10-11 11:02:01,171] {dagbag.py:507} INFO - Filling up the DagBag from /home/ubuntu/airflow/airflow_env/lib/python3.8/site-packages/airflow/example_dags/example_branch_labels.py
[2022-10-11 11:02:01,178] {processor.py:651} INFO - DAG(s) dict_keys(['example_branch_labels']) retrieved from /home/ubuntu/airflow/airflow_env/lib/python3.8/site-packages/airflow/example_dags/example_branch_labels.py
[2022-10-11 11:02:01,204] {logging_mixin.py:115} INFO - [2022-10-11 11:02:01,204] {dag.py:2379} INFO - Sync 1 DAGs
[2022-10-11 11:02:01,225] {logging_mixin.py:115} INFO - [2022-10-11 11:02:01,225] {dag.py:2927} INFO - Setting next_dagrun for example_branch_labels to 2022-10-10T00:00:00+00:00, run_after=2022-10-11T00:00:00+00:00
[2022-10-11 11:02:01,235] {processor.py:161} INFO - Processing /home/ubuntu/airflow/airflow_env/lib/python3.8/site-packages/airflow/example_dags/example_branch_labels.py took 0.069 seconds
[2022-10-11 11:02:36,292] {processor.py:153} INFO - Started process (PID=202552) to work on /home/ubuntu/airflow/airflow_env/lib/python3.8/site-packages/airflow/example_dags/example_branch_labels.py
[2022-10-11 11:02:36,293] {processor.py:641} INFO - Processing file /home/ubuntu/airflow/airflow_env/lib/python3.8/site-packages/airflow/example_dags/example_branch_labels.py for tasks to queue
[2022-10-11 11:02:36,294] {logging_mixin.py:115} INFO - [2022-10-11 11:02:36,294] {dagbag.py:507} INFO - Filling up the DagBag from /home/ubuntu/airflow/airflow_env/lib/python3.8/site-packages/airflow/example_dags/example_branch_labels.py
[2022-10-11 11:02:36,302] {processor.py:651} INFO - DAG(s) dict_keys(['example_branch_labels']) retrieved from /home/ubuntu/airflow/airflow_env/lib/python3.8/site-packages/airflow/example_dags/example_branch_labels.py
[2022-10-11 11:02:36,329] {logging_mixin.py:115} INFO - [2022-10-11 11:02:36,329] {dag.py:2379} INFO - Sync 1 DAGs
[2022-10-11 11:02:36,348] {logging_mixin.py:115} INFO - [2022-10-11 11:02:36,348] {dag.py:2927} INFO - Setting next_dagrun for example_branch_labels to 2022-10-10T00:00:00+00:00, run_after=2022-10-11T00:00:00+00:00
[2022-10-11 11:02:36,362] {processor.py:161} INFO - Processing /home/ubuntu/airflow/airflow_env/lib/python3.8/site-packages/airflow/example_dags/example_branch_labels.py took 0.075 seconds
[2022-10-11 11:03:10,859] {processor.py:153} INFO - Started process (PID=202610) to work on /home/ubuntu/airflow/airflow_env/lib/python3.8/site-packages/airflow/example_dags/example_branch_labels.py
[2022-10-11 11:03:10,860] {processor.py:641} INFO - Processing file /home/ubuntu/airflow/airflow_env/lib/python3.8/site-packages/airflow/example_dags/example_branch_labels.py for tasks to queue
[2022-10-11 11:03:10,861] {logging_mixin.py:115} INFO - [2022-10-11 11:03:10,861] {dagbag.py:507} INFO - Filling up the DagBag from /home/ubuntu/airflow/airflow_env/lib/python3.8/site-packages/airflow/example_dags/example_branch_labels.py
[2022-10-11 11:03:10,869] {processor.py:651} INFO - DAG(s) dict_keys(['example_branch_labels']) retrieved from /home/ubuntu/airflow/airflow_env/lib/python3.8/site-packages/airflow/example_dags/example_branch_labels.py
[2022-10-11 11:03:10,894] {logging_mixin.py:115} INFO - [2022-10-11 11:03:10,894] {dag.py:2379} INFO - Sync 1 DAGs
[2022-10-11 11:03:10,914] {logging_mixin.py:115} INFO - [2022-10-11 11:03:10,914] {dag.py:2927} INFO - Setting next_dagrun for example_branch_labels to 2022-10-10T00:00:00+00:00, run_after=2022-10-11T00:00:00+00:00
[2022-10-11 11:03:10,928] {processor.py:161} INFO - Processing /home/ubuntu/airflow/airflow_env/lib/python3.8/site-packages/airflow/example_dags/example_branch_labels.py took 0.075 seconds
[2022-10-11 11:03:45,543] {processor.py:153} INFO - Started process (PID=202674) to work on /home/ubuntu/airflow/airflow_env/lib/python3.8/site-packages/airflow/example_dags/example_branch_labels.py
[2022-10-11 11:03:45,544] {processor.py:641} INFO - Processing file /home/ubuntu/airflow/airflow_env/lib/python3.8/site-packages/airflow/example_dags/example_branch_labels.py for tasks to queue
[2022-10-11 11:03:45,545] {logging_mixin.py:115} INFO - [2022-10-11 11:03:45,545] {dagbag.py:507} INFO - Filling up the DagBag from /home/ubuntu/airflow/airflow_env/lib/python3.8/site-packages/airflow/example_dags/example_branch_labels.py
[2022-10-11 11:03:45,552] {processor.py:651} INFO - DAG(s) dict_keys(['example_branch_labels']) retrieved from /home/ubuntu/airflow/airflow_env/lib/python3.8/site-packages/airflow/example_dags/example_branch_labels.py
[2022-10-11 11:03:45,577] {logging_mixin.py:115} INFO - [2022-10-11 11:03:45,577] {dag.py:2379} INFO - Sync 1 DAGs
[2022-10-11 11:03:45,600] {logging_mixin.py:115} INFO - [2022-10-11 11:03:45,600] {dag.py:2927} INFO - Setting next_dagrun for example_branch_labels to 2022-10-10T00:00:00+00:00, run_after=2022-10-11T00:00:00+00:00
[2022-10-11 11:03:45,616] {processor.py:161} INFO - Processing /home/ubuntu/airflow/airflow_env/lib/python3.8/site-packages/airflow/example_dags/example_branch_labels.py took 0.077 seconds
[2022-10-11 11:04:21,396] {processor.py:153} INFO - Started process (PID=202804) to work on /home/ubuntu/airflow/airflow_env/lib/python3.8/site-packages/airflow/example_dags/example_branch_labels.py
[2022-10-11 11:04:21,397] {processor.py:641} INFO - Processing file /home/ubuntu/airflow/airflow_env/lib/python3.8/site-packages/airflow/example_dags/example_branch_labels.py for tasks to queue
[2022-10-11 11:04:21,397] {logging_mixin.py:115} INFO - [2022-10-11 11:04:21,397] {dagbag.py:507} INFO - Filling up the DagBag from /home/ubuntu/airflow/airflow_env/lib/python3.8/site-packages/airflow/example_dags/example_branch_labels.py
[2022-10-11 11:04:21,404] {processor.py:651} INFO - DAG(s) dict_keys(['example_branch_labels']) retrieved from /home/ubuntu/airflow/airflow_env/lib/python3.8/site-packages/airflow/example_dags/example_branch_labels.py
[2022-10-11 11:04:21,427] {logging_mixin.py:115} INFO - [2022-10-11 11:04:21,427] {dag.py:2379} INFO - Sync 1 DAGs
[2022-10-11 11:04:21,445] {logging_mixin.py:115} INFO - [2022-10-11 11:04:21,445] {dag.py:2927} INFO - Setting next_dagrun for example_branch_labels to 2022-10-10T00:00:00+00:00, run_after=2022-10-11T00:00:00+00:00
[2022-10-11 11:04:21,457] {processor.py:161} INFO - Processing /home/ubuntu/airflow/airflow_env/lib/python3.8/site-packages/airflow/example_dags/example_branch_labels.py took 0.065 seconds
[2022-10-11 11:04:56,203] {processor.py:153} INFO - Started process (PID=202874) to work on /home/ubuntu/airflow/airflow_env/lib/python3.8/site-packages/airflow/example_dags/example_branch_labels.py
[2022-10-11 11:04:56,204] {processor.py:641} INFO - Processing file /home/ubuntu/airflow/airflow_env/lib/python3.8/site-packages/airflow/example_dags/example_branch_labels.py for tasks to queue
[2022-10-11 11:04:56,205] {logging_mixin.py:115} INFO - [2022-10-11 11:04:56,204] {dagbag.py:507} INFO - Filling up the DagBag from /home/ubuntu/airflow/airflow_env/lib/python3.8/site-packages/airflow/example_dags/example_branch_labels.py
[2022-10-11 11:04:56,211] {processor.py:651} INFO - DAG(s) dict_keys(['example_branch_labels']) retrieved from /home/ubuntu/airflow/airflow_env/lib/python3.8/site-packages/airflow/example_dags/example_branch_labels.py
[2022-10-11 11:04:56,233] {logging_mixin.py:115} INFO - [2022-10-11 11:04:56,233] {dag.py:2379} INFO - Sync 1 DAGs
[2022-10-11 11:04:56,253] {logging_mixin.py:115} INFO - [2022-10-11 11:04:56,253] {dag.py:2927} INFO - Setting next_dagrun for example_branch_labels to 2022-10-10T00:00:00+00:00, run_after=2022-10-11T00:00:00+00:00
[2022-10-11 11:04:56,268] {processor.py:161} INFO - Processing /home/ubuntu/airflow/airflow_env/lib/python3.8/site-packages/airflow/example_dags/example_branch_labels.py took 0.069 seconds
[2022-10-11 11:05:31,408] {processor.py:153} INFO - Started process (PID=202932) to work on /home/ubuntu/airflow/airflow_env/lib/python3.8/site-packages/airflow/example_dags/example_branch_labels.py
[2022-10-11 11:05:31,409] {processor.py:641} INFO - Processing file /home/ubuntu/airflow/airflow_env/lib/python3.8/site-packages/airflow/example_dags/example_branch_labels.py for tasks to queue
[2022-10-11 11:05:31,410] {logging_mixin.py:115} INFO - [2022-10-11 11:05:31,409] {dagbag.py:507} INFO - Filling up the DagBag from /home/ubuntu/airflow/airflow_env/lib/python3.8/site-packages/airflow/example_dags/example_branch_labels.py
[2022-10-11 11:05:31,417] {processor.py:651} INFO - DAG(s) dict_keys(['example_branch_labels']) retrieved from /home/ubuntu/airflow/airflow_env/lib/python3.8/site-packages/airflow/example_dags/example_branch_labels.py
[2022-10-11 11:05:31,453] {logging_mixin.py:115} INFO - [2022-10-11 11:05:31,453] {dag.py:2379} INFO - Sync 1 DAGs
[2022-10-11 11:05:31,478] {logging_mixin.py:115} INFO - [2022-10-11 11:05:31,477] {dag.py:2927} INFO - Setting next_dagrun for example_branch_labels to 2022-10-10T00:00:00+00:00, run_after=2022-10-11T00:00:00+00:00
[2022-10-11 11:05:31,491] {processor.py:161} INFO - Processing /home/ubuntu/airflow/airflow_env/lib/python3.8/site-packages/airflow/example_dags/example_branch_labels.py took 0.092 seconds
[2022-10-11 11:06:06,891] {processor.py:153} INFO - Started process (PID=202987) to work on /home/ubuntu/airflow/airflow_env/lib/python3.8/site-packages/airflow/example_dags/example_branch_labels.py
[2022-10-11 11:06:06,892] {processor.py:641} INFO - Processing file /home/ubuntu/airflow/airflow_env/lib/python3.8/site-packages/airflow/example_dags/example_branch_labels.py for tasks to queue
[2022-10-11 11:06:06,892] {logging_mixin.py:115} INFO - [2022-10-11 11:06:06,892] {dagbag.py:507} INFO - Filling up the DagBag from /home/ubuntu/airflow/airflow_env/lib/python3.8/site-packages/airflow/example_dags/example_branch_labels.py
[2022-10-11 11:06:06,899] {processor.py:651} INFO - DAG(s) dict_keys(['example_branch_labels']) retrieved from /home/ubuntu/airflow/airflow_env/lib/python3.8/site-packages/airflow/example_dags/example_branch_labels.py
[2022-10-11 11:06:06,922] {logging_mixin.py:115} INFO - [2022-10-11 11:06:06,922] {dag.py:2379} INFO - Sync 1 DAGs
[2022-10-11 11:06:06,939] {logging_mixin.py:115} INFO - [2022-10-11 11:06:06,939] {dag.py:2927} INFO - Setting next_dagrun for example_branch_labels to 2022-10-10T00:00:00+00:00, run_after=2022-10-11T00:00:00+00:00
[2022-10-11 11:06:06,951] {processor.py:161} INFO - Processing /home/ubuntu/airflow/airflow_env/lib/python3.8/site-packages/airflow/example_dags/example_branch_labels.py took 0.064 seconds
[2022-10-11 11:06:43,405] {processor.py:153} INFO - Started process (PID=203044) to work on /home/ubuntu/airflow/airflow_env/lib/python3.8/site-packages/airflow/example_dags/example_branch_labels.py
[2022-10-11 11:06:43,406] {processor.py:641} INFO - Processing file /home/ubuntu/airflow/airflow_env/lib/python3.8/site-packages/airflow/example_dags/example_branch_labels.py for tasks to queue
[2022-10-11 11:06:43,407] {logging_mixin.py:115} INFO - [2022-10-11 11:06:43,406] {dagbag.py:507} INFO - Filling up the DagBag from /home/ubuntu/airflow/airflow_env/lib/python3.8/site-packages/airflow/example_dags/example_branch_labels.py
[2022-10-11 11:06:43,414] {processor.py:651} INFO - DAG(s) dict_keys(['example_branch_labels']) retrieved from /home/ubuntu/airflow/airflow_env/lib/python3.8/site-packages/airflow/example_dags/example_branch_labels.py
[2022-10-11 11:06:43,437] {logging_mixin.py:115} INFO - [2022-10-11 11:06:43,437] {dag.py:2379} INFO - Sync 1 DAGs
[2022-10-11 11:06:43,455] {logging_mixin.py:115} INFO - [2022-10-11 11:06:43,455] {dag.py:2927} INFO - Setting next_dagrun for example_branch_labels to 2022-10-10T00:00:00+00:00, run_after=2022-10-11T00:00:00+00:00
[2022-10-11 11:06:43,470] {processor.py:161} INFO - Processing /home/ubuntu/airflow/airflow_env/lib/python3.8/site-packages/airflow/example_dags/example_branch_labels.py took 0.069 seconds
[2022-10-11 11:07:16,922] {processor.py:153} INFO - Started process (PID=203107) to work on /home/ubuntu/airflow/airflow_env/lib/python3.8/site-packages/airflow/example_dags/example_branch_labels.py
[2022-10-11 11:07:16,923] {processor.py:641} INFO - Processing file /home/ubuntu/airflow/airflow_env/lib/python3.8/site-packages/airflow/example_dags/example_branch_labels.py for tasks to queue
[2022-10-11 11:07:16,923] {logging_mixin.py:115} INFO - [2022-10-11 11:07:16,923] {dagbag.py:507} INFO - Filling up the DagBag from /home/ubuntu/airflow/airflow_env/lib/python3.8/site-packages/airflow/example_dags/example_branch_labels.py
[2022-10-11 11:07:16,931] {processor.py:651} INFO - DAG(s) dict_keys(['example_branch_labels']) retrieved from /home/ubuntu/airflow/airflow_env/lib/python3.8/site-packages/airflow/example_dags/example_branch_labels.py
[2022-10-11 11:07:16,953] {logging_mixin.py:115} INFO - [2022-10-11 11:07:16,952] {dag.py:2379} INFO - Sync 1 DAGs
[2022-10-11 11:07:16,969] {logging_mixin.py:115} INFO - [2022-10-11 11:07:16,969] {dag.py:2927} INFO - Setting next_dagrun for example_branch_labels to 2022-10-10T00:00:00+00:00, run_after=2022-10-11T00:00:00+00:00
[2022-10-11 11:07:16,988] {processor.py:161} INFO - Processing /home/ubuntu/airflow/airflow_env/lib/python3.8/site-packages/airflow/example_dags/example_branch_labels.py took 0.071 seconds
[2022-10-11 11:07:52,899] {processor.py:153} INFO - Started process (PID=203169) to work on /home/ubuntu/airflow/airflow_env/lib/python3.8/site-packages/airflow/example_dags/example_branch_labels.py
[2022-10-11 11:07:52,900] {processor.py:641} INFO - Processing file /home/ubuntu/airflow/airflow_env/lib/python3.8/site-packages/airflow/example_dags/example_branch_labels.py for tasks to queue
[2022-10-11 11:07:52,901] {logging_mixin.py:115} INFO - [2022-10-11 11:07:52,901] {dagbag.py:507} INFO - Filling up the DagBag from /home/ubuntu/airflow/airflow_env/lib/python3.8/site-packages/airflow/example_dags/example_branch_labels.py
[2022-10-11 11:07:52,908] {processor.py:651} INFO - DAG(s) dict_keys(['example_branch_labels']) retrieved from /home/ubuntu/airflow/airflow_env/lib/python3.8/site-packages/airflow/example_dags/example_branch_labels.py
[2022-10-11 11:07:52,930] {logging_mixin.py:115} INFO - [2022-10-11 11:07:52,930] {dag.py:2379} INFO - Sync 1 DAGs
[2022-10-11 11:07:52,945] {logging_mixin.py:115} INFO - [2022-10-11 11:07:52,945] {dag.py:2927} INFO - Setting next_dagrun for example_branch_labels to 2022-10-10T00:00:00+00:00, run_after=2022-10-11T00:00:00+00:00
[2022-10-11 11:07:52,957] {processor.py:161} INFO - Processing /home/ubuntu/airflow/airflow_env/lib/python3.8/site-packages/airflow/example_dags/example_branch_labels.py took 0.062 seconds
[2022-10-11 11:08:29,584] {processor.py:153} INFO - Started process (PID=203235) to work on /home/ubuntu/airflow/airflow_env/lib/python3.8/site-packages/airflow/example_dags/example_branch_labels.py
[2022-10-11 11:08:29,585] {processor.py:641} INFO - Processing file /home/ubuntu/airflow/airflow_env/lib/python3.8/site-packages/airflow/example_dags/example_branch_labels.py for tasks to queue
[2022-10-11 11:08:29,586] {logging_mixin.py:115} INFO - [2022-10-11 11:08:29,586] {dagbag.py:507} INFO - Filling up the DagBag from /home/ubuntu/airflow/airflow_env/lib/python3.8/site-packages/airflow/example_dags/example_branch_labels.py
[2022-10-11 11:08:29,593] {processor.py:651} INFO - DAG(s) dict_keys(['example_branch_labels']) retrieved from /home/ubuntu/airflow/airflow_env/lib/python3.8/site-packages/airflow/example_dags/example_branch_labels.py
[2022-10-11 11:08:29,613] {logging_mixin.py:115} INFO - [2022-10-11 11:08:29,613] {dag.py:2379} INFO - Sync 1 DAGs
[2022-10-11 11:08:29,629] {logging_mixin.py:115} INFO - [2022-10-11 11:08:29,629] {dag.py:2927} INFO - Setting next_dagrun for example_branch_labels to 2022-10-10T00:00:00+00:00, run_after=2022-10-11T00:00:00+00:00
[2022-10-11 11:08:29,640] {processor.py:161} INFO - Processing /home/ubuntu/airflow/airflow_env/lib/python3.8/site-packages/airflow/example_dags/example_branch_labels.py took 0.059 seconds
[2022-10-11 11:09:02,853] {processor.py:153} INFO - Started process (PID=203372) to work on /home/ubuntu/airflow/airflow_env/lib/python3.8/site-packages/airflow/example_dags/example_branch_labels.py
[2022-10-11 11:09:02,854] {processor.py:641} INFO - Processing file /home/ubuntu/airflow/airflow_env/lib/python3.8/site-packages/airflow/example_dags/example_branch_labels.py for tasks to queue
[2022-10-11 11:09:02,854] {logging_mixin.py:115} INFO - [2022-10-11 11:09:02,854] {dagbag.py:507} INFO - Filling up the DagBag from /home/ubuntu/airflow/airflow_env/lib/python3.8/site-packages/airflow/example_dags/example_branch_labels.py
[2022-10-11 11:09:02,861] {processor.py:651} INFO - DAG(s) dict_keys(['example_branch_labels']) retrieved from /home/ubuntu/airflow/airflow_env/lib/python3.8/site-packages/airflow/example_dags/example_branch_labels.py
[2022-10-11 11:09:02,884] {logging_mixin.py:115} INFO - [2022-10-11 11:09:02,884] {dag.py:2379} INFO - Sync 1 DAGs
[2022-10-11 11:09:02,901] {logging_mixin.py:115} INFO - [2022-10-11 11:09:02,901] {dag.py:2927} INFO - Setting next_dagrun for example_branch_labels to 2022-10-10T00:00:00+00:00, run_after=2022-10-11T00:00:00+00:00
[2022-10-11 11:09:02,913] {processor.py:161} INFO - Processing /home/ubuntu/airflow/airflow_env/lib/python3.8/site-packages/airflow/example_dags/example_branch_labels.py took 0.064 seconds
[2022-10-11 11:09:41,395] {processor.py:153} INFO - Started process (PID=203499) to work on /home/ubuntu/airflow/airflow_env/lib/python3.8/site-packages/airflow/example_dags/example_branch_labels.py
[2022-10-11 11:09:41,396] {processor.py:641} INFO - Processing file /home/ubuntu/airflow/airflow_env/lib/python3.8/site-packages/airflow/example_dags/example_branch_labels.py for tasks to queue
[2022-10-11 11:09:41,397] {logging_mixin.py:115} INFO - [2022-10-11 11:09:41,397] {dagbag.py:507} INFO - Filling up the DagBag from /home/ubuntu/airflow/airflow_env/lib/python3.8/site-packages/airflow/example_dags/example_branch_labels.py
[2022-10-11 11:09:41,404] {processor.py:651} INFO - DAG(s) dict_keys(['example_branch_labels']) retrieved from /home/ubuntu/airflow/airflow_env/lib/python3.8/site-packages/airflow/example_dags/example_branch_labels.py
[2022-10-11 11:09:41,426] {logging_mixin.py:115} INFO - [2022-10-11 11:09:41,426] {dag.py:2379} INFO - Sync 1 DAGs
[2022-10-11 11:09:41,444] {logging_mixin.py:115} INFO - [2022-10-11 11:09:41,444] {dag.py:2927} INFO - Setting next_dagrun for example_branch_labels to 2022-10-10T00:00:00+00:00, run_after=2022-10-11T00:00:00+00:00
[2022-10-11 11:09:41,459] {processor.py:161} INFO - Processing /home/ubuntu/airflow/airflow_env/lib/python3.8/site-packages/airflow/example_dags/example_branch_labels.py took 0.068 seconds
[2022-10-11 11:10:19,727] {processor.py:153} INFO - Started process (PID=203558) to work on /home/ubuntu/airflow/airflow_env/lib/python3.8/site-packages/airflow/example_dags/example_branch_labels.py
[2022-10-11 11:10:19,729] {processor.py:641} INFO - Processing file /home/ubuntu/airflow/airflow_env/lib/python3.8/site-packages/airflow/example_dags/example_branch_labels.py for tasks to queue
[2022-10-11 11:10:19,729] {logging_mixin.py:115} INFO - [2022-10-11 11:10:19,729] {dagbag.py:507} INFO - Filling up the DagBag from /home/ubuntu/airflow/airflow_env/lib/python3.8/site-packages/airflow/example_dags/example_branch_labels.py
[2022-10-11 11:10:19,738] {processor.py:651} INFO - DAG(s) dict_keys(['example_branch_labels']) retrieved from /home/ubuntu/airflow/airflow_env/lib/python3.8/site-packages/airflow/example_dags/example_branch_labels.py
[2022-10-11 11:10:19,774] {logging_mixin.py:115} INFO - [2022-10-11 11:10:19,774] {dag.py:2379} INFO - Sync 1 DAGs
[2022-10-11 11:10:19,804] {logging_mixin.py:115} INFO - [2022-10-11 11:10:19,804] {dag.py:2927} INFO - Setting next_dagrun for example_branch_labels to 2022-10-10T00:00:00+00:00, run_after=2022-10-11T00:00:00+00:00
[2022-10-11 11:10:19,822] {processor.py:161} INFO - Processing /home/ubuntu/airflow/airflow_env/lib/python3.8/site-packages/airflow/example_dags/example_branch_labels.py took 0.102 seconds
[2022-10-11 11:10:54,963] {processor.py:153} INFO - Started process (PID=203617) to work on /home/ubuntu/airflow/airflow_env/lib/python3.8/site-packages/airflow/example_dags/example_branch_labels.py
[2022-10-11 11:10:54,964] {processor.py:641} INFO - Processing file /home/ubuntu/airflow/airflow_env/lib/python3.8/site-packages/airflow/example_dags/example_branch_labels.py for tasks to queue
[2022-10-11 11:10:54,964] {logging_mixin.py:115} INFO - [2022-10-11 11:10:54,964] {dagbag.py:507} INFO - Filling up the DagBag from /home/ubuntu/airflow/airflow_env/lib/python3.8/site-packages/airflow/example_dags/example_branch_labels.py
[2022-10-11 11:10:54,971] {processor.py:651} INFO - DAG(s) dict_keys(['example_branch_labels']) retrieved from /home/ubuntu/airflow/airflow_env/lib/python3.8/site-packages/airflow/example_dags/example_branch_labels.py
[2022-10-11 11:10:54,995] {logging_mixin.py:115} INFO - [2022-10-11 11:10:54,995] {dag.py:2379} INFO - Sync 1 DAGs
[2022-10-11 11:10:55,020] {logging_mixin.py:115} INFO - [2022-10-11 11:10:55,019] {dag.py:2927} INFO - Setting next_dagrun for example_branch_labels to 2022-10-10T00:00:00+00:00, run_after=2022-10-11T00:00:00+00:00
[2022-10-11 11:10:55,039] {processor.py:161} INFO - Processing /home/ubuntu/airflow/airflow_env/lib/python3.8/site-packages/airflow/example_dags/example_branch_labels.py took 0.081 seconds
[2022-10-11 11:11:30,222] {processor.py:153} INFO - Started process (PID=203673) to work on /home/ubuntu/airflow/airflow_env/lib/python3.8/site-packages/airflow/example_dags/example_branch_labels.py
[2022-10-11 11:11:30,223] {processor.py:641} INFO - Processing file /home/ubuntu/airflow/airflow_env/lib/python3.8/site-packages/airflow/example_dags/example_branch_labels.py for tasks to queue
[2022-10-11 11:11:30,224] {logging_mixin.py:115} INFO - [2022-10-11 11:11:30,224] {dagbag.py:507} INFO - Filling up the DagBag from /home/ubuntu/airflow/airflow_env/lib/python3.8/site-packages/airflow/example_dags/example_branch_labels.py
[2022-10-11 11:11:30,232] {processor.py:651} INFO - DAG(s) dict_keys(['example_branch_labels']) retrieved from /home/ubuntu/airflow/airflow_env/lib/python3.8/site-packages/airflow/example_dags/example_branch_labels.py
[2022-10-11 11:11:30,256] {logging_mixin.py:115} INFO - [2022-10-11 11:11:30,256] {dag.py:2379} INFO - Sync 1 DAGs
[2022-10-11 11:11:30,277] {logging_mixin.py:115} INFO - [2022-10-11 11:11:30,277] {dag.py:2927} INFO - Setting next_dagrun for example_branch_labels to 2022-10-10T00:00:00+00:00, run_after=2022-10-11T00:00:00+00:00
[2022-10-11 11:11:30,292] {processor.py:161} INFO - Processing /home/ubuntu/airflow/airflow_env/lib/python3.8/site-packages/airflow/example_dags/example_branch_labels.py took 0.078 seconds
[2022-10-11 11:12:06,484] {processor.py:153} INFO - Started process (PID=203730) to work on /home/ubuntu/airflow/airflow_env/lib/python3.8/site-packages/airflow/example_dags/example_branch_labels.py
[2022-10-11 11:12:06,485] {processor.py:641} INFO - Processing file /home/ubuntu/airflow/airflow_env/lib/python3.8/site-packages/airflow/example_dags/example_branch_labels.py for tasks to queue
[2022-10-11 11:12:06,486] {logging_mixin.py:115} INFO - [2022-10-11 11:12:06,486] {dagbag.py:507} INFO - Filling up the DagBag from /home/ubuntu/airflow/airflow_env/lib/python3.8/site-packages/airflow/example_dags/example_branch_labels.py
[2022-10-11 11:12:06,493] {processor.py:651} INFO - DAG(s) dict_keys(['example_branch_labels']) retrieved from /home/ubuntu/airflow/airflow_env/lib/python3.8/site-packages/airflow/example_dags/example_branch_labels.py
[2022-10-11 11:12:06,515] {logging_mixin.py:115} INFO - [2022-10-11 11:12:06,515] {dag.py:2379} INFO - Sync 1 DAGs
[2022-10-11 11:12:06,534] {logging_mixin.py:115} INFO - [2022-10-11 11:12:06,534] {dag.py:2927} INFO - Setting next_dagrun for example_branch_labels to 2022-10-10T00:00:00+00:00, run_after=2022-10-11T00:00:00+00:00
[2022-10-11 11:12:06,546] {processor.py:161} INFO - Processing /home/ubuntu/airflow/airflow_env/lib/python3.8/site-packages/airflow/example_dags/example_branch_labels.py took 0.066 seconds
[2022-10-11 11:12:46,097] {processor.py:153} INFO - Started process (PID=203929) to work on /home/ubuntu/airflow/airflow_env/lib/python3.8/site-packages/airflow/example_dags/example_branch_labels.py
[2022-10-11 11:12:46,098] {processor.py:641} INFO - Processing file /home/ubuntu/airflow/airflow_env/lib/python3.8/site-packages/airflow/example_dags/example_branch_labels.py for tasks to queue
[2022-10-11 11:12:46,098] {logging_mixin.py:115} INFO - [2022-10-11 11:12:46,098] {dagbag.py:507} INFO - Filling up the DagBag from /home/ubuntu/airflow/airflow_env/lib/python3.8/site-packages/airflow/example_dags/example_branch_labels.py
[2022-10-11 11:12:46,119] {processor.py:651} INFO - DAG(s) dict_keys(['example_branch_labels']) retrieved from /home/ubuntu/airflow/airflow_env/lib/python3.8/site-packages/airflow/example_dags/example_branch_labels.py
[2022-10-11 11:12:46,308] {logging_mixin.py:115} INFO - [2022-10-11 11:12:46,308] {dag.py:2379} INFO - Sync 1 DAGs
[2022-10-11 11:12:46,376] {logging_mixin.py:115} INFO - [2022-10-11 11:12:46,375] {dag.py:2927} INFO - Setting next_dagrun for example_branch_labels to 2022-10-10T00:00:00+00:00, run_after=2022-10-11T00:00:00+00:00
[2022-10-11 11:12:46,435] {processor.py:161} INFO - Processing /home/ubuntu/airflow/airflow_env/lib/python3.8/site-packages/airflow/example_dags/example_branch_labels.py took 0.349 seconds
[2022-10-11 11:13:33,607] {processor.py:153} INFO - Started process (PID=210128) to work on /home/ubuntu/airflow/airflow_env/lib/python3.8/site-packages/airflow/example_dags/example_branch_labels.py
[2022-10-11 11:13:33,609] {processor.py:641} INFO - Processing file /home/ubuntu/airflow/airflow_env/lib/python3.8/site-packages/airflow/example_dags/example_branch_labels.py for tasks to queue
[2022-10-11 11:13:33,614] {logging_mixin.py:115} INFO - [2022-10-11 11:13:33,613] {dagbag.py:507} INFO - Filling up the DagBag from /home/ubuntu/airflow/airflow_env/lib/python3.8/site-packages/airflow/example_dags/example_branch_labels.py
[2022-10-11 11:13:33,676] {processor.py:651} INFO - DAG(s) dict_keys(['example_branch_labels']) retrieved from /home/ubuntu/airflow/airflow_env/lib/python3.8/site-packages/airflow/example_dags/example_branch_labels.py
[2022-10-11 11:13:33,860] {logging_mixin.py:115} INFO - [2022-10-11 11:13:33,860] {dag.py:2379} INFO - Sync 1 DAGs
[2022-10-11 11:13:33,891] {logging_mixin.py:115} INFO - [2022-10-11 11:13:33,891] {dag.py:2927} INFO - Setting next_dagrun for example_branch_labels to 2022-10-10T00:00:00+00:00, run_after=2022-10-11T00:00:00+00:00
[2022-10-11 11:13:33,917] {processor.py:161} INFO - Processing /home/ubuntu/airflow/airflow_env/lib/python3.8/site-packages/airflow/example_dags/example_branch_labels.py took 0.356 seconds
[2022-10-11 11:14:12,228] {processor.py:153} INFO - Started process (PID=212078) to work on /home/ubuntu/airflow/airflow_env/lib/python3.8/site-packages/airflow/example_dags/example_branch_labels.py
[2022-10-11 11:14:12,229] {processor.py:641} INFO - Processing file /home/ubuntu/airflow/airflow_env/lib/python3.8/site-packages/airflow/example_dags/example_branch_labels.py for tasks to queue
[2022-10-11 11:14:12,229] {logging_mixin.py:115} INFO - [2022-10-11 11:14:12,229] {dagbag.py:507} INFO - Filling up the DagBag from /home/ubuntu/airflow/airflow_env/lib/python3.8/site-packages/airflow/example_dags/example_branch_labels.py
[2022-10-11 11:14:12,240] {processor.py:651} INFO - DAG(s) dict_keys(['example_branch_labels']) retrieved from /home/ubuntu/airflow/airflow_env/lib/python3.8/site-packages/airflow/example_dags/example_branch_labels.py
[2022-10-11 11:14:12,271] {logging_mixin.py:115} INFO - [2022-10-11 11:14:12,271] {dag.py:2379} INFO - Sync 1 DAGs
[2022-10-11 11:14:12,305] {logging_mixin.py:115} INFO - [2022-10-11 11:14:12,305] {dag.py:2927} INFO - Setting next_dagrun for example_branch_labels to 2022-10-10T00:00:00+00:00, run_after=2022-10-11T00:00:00+00:00
[2022-10-11 11:14:12,326] {processor.py:161} INFO - Processing /home/ubuntu/airflow/airflow_env/lib/python3.8/site-packages/airflow/example_dags/example_branch_labels.py took 0.103 seconds
[2022-10-11 11:14:47,314] {processor.py:153} INFO - Started process (PID=212266) to work on /home/ubuntu/airflow/airflow_env/lib/python3.8/site-packages/airflow/example_dags/example_branch_labels.py
[2022-10-11 11:14:47,315] {processor.py:641} INFO - Processing file /home/ubuntu/airflow/airflow_env/lib/python3.8/site-packages/airflow/example_dags/example_branch_labels.py for tasks to queue
[2022-10-11 11:14:47,316] {logging_mixin.py:115} INFO - [2022-10-11 11:14:47,316] {dagbag.py:507} INFO - Filling up the DagBag from /home/ubuntu/airflow/airflow_env/lib/python3.8/site-packages/airflow/example_dags/example_branch_labels.py
[2022-10-11 11:14:47,323] {processor.py:651} INFO - DAG(s) dict_keys(['example_branch_labels']) retrieved from /home/ubuntu/airflow/airflow_env/lib/python3.8/site-packages/airflow/example_dags/example_branch_labels.py
[2022-10-11 11:14:47,351] {logging_mixin.py:115} INFO - [2022-10-11 11:14:47,351] {dag.py:2379} INFO - Sync 1 DAGs
[2022-10-11 11:14:47,375] {logging_mixin.py:115} INFO - [2022-10-11 11:14:47,374] {dag.py:2927} INFO - Setting next_dagrun for example_branch_labels to 2022-10-10T00:00:00+00:00, run_after=2022-10-11T00:00:00+00:00
[2022-10-11 11:14:47,397] {processor.py:161} INFO - Processing /home/ubuntu/airflow/airflow_env/lib/python3.8/site-packages/airflow/example_dags/example_branch_labels.py took 0.090 seconds
[2022-10-11 11:15:20,879] {processor.py:153} INFO - Started process (PID=212325) to work on /home/ubuntu/airflow/airflow_env/lib/python3.8/site-packages/airflow/example_dags/example_branch_labels.py
[2022-10-11 11:15:20,880] {processor.py:641} INFO - Processing file /home/ubuntu/airflow/airflow_env/lib/python3.8/site-packages/airflow/example_dags/example_branch_labels.py for tasks to queue
[2022-10-11 11:15:20,881] {logging_mixin.py:115} INFO - [2022-10-11 11:15:20,881] {dagbag.py:507} INFO - Filling up the DagBag from /home/ubuntu/airflow/airflow_env/lib/python3.8/site-packages/airflow/example_dags/example_branch_labels.py
[2022-10-11 11:15:20,888] {processor.py:651} INFO - DAG(s) dict_keys(['example_branch_labels']) retrieved from /home/ubuntu/airflow/airflow_env/lib/python3.8/site-packages/airflow/example_dags/example_branch_labels.py
[2022-10-11 11:15:20,910] {logging_mixin.py:115} INFO - [2022-10-11 11:15:20,910] {dag.py:2379} INFO - Sync 1 DAGs
[2022-10-11 11:15:20,928] {logging_mixin.py:115} INFO - [2022-10-11 11:15:20,928] {dag.py:2927} INFO - Setting next_dagrun for example_branch_labels to 2022-10-10T00:00:00+00:00, run_after=2022-10-11T00:00:00+00:00
[2022-10-11 11:15:20,941] {processor.py:161} INFO - Processing /home/ubuntu/airflow/airflow_env/lib/python3.8/site-packages/airflow/example_dags/example_branch_labels.py took 0.066 seconds
[2022-10-11 11:15:58,042] {processor.py:153} INFO - Started process (PID=212388) to work on /home/ubuntu/airflow/airflow_env/lib/python3.8/site-packages/airflow/example_dags/example_branch_labels.py
[2022-10-11 11:15:58,043] {processor.py:641} INFO - Processing file /home/ubuntu/airflow/airflow_env/lib/python3.8/site-packages/airflow/example_dags/example_branch_labels.py for tasks to queue
[2022-10-11 11:15:58,043] {logging_mixin.py:115} INFO - [2022-10-11 11:15:58,043] {dagbag.py:507} INFO - Filling up the DagBag from /home/ubuntu/airflow/airflow_env/lib/python3.8/site-packages/airflow/example_dags/example_branch_labels.py
[2022-10-11 11:15:58,050] {processor.py:651} INFO - DAG(s) dict_keys(['example_branch_labels']) retrieved from /home/ubuntu/airflow/airflow_env/lib/python3.8/site-packages/airflow/example_dags/example_branch_labels.py
[2022-10-11 11:15:58,069] {logging_mixin.py:115} INFO - [2022-10-11 11:15:58,069] {dag.py:2379} INFO - Sync 1 DAGs
[2022-10-11 11:15:58,089] {logging_mixin.py:115} INFO - [2022-10-11 11:15:58,089] {dag.py:2927} INFO - Setting next_dagrun for example_branch_labels to 2022-10-10T00:00:00+00:00, run_after=2022-10-11T00:00:00+00:00
[2022-10-11 11:15:58,106] {processor.py:161} INFO - Processing /home/ubuntu/airflow/airflow_env/lib/python3.8/site-packages/airflow/example_dags/example_branch_labels.py took 0.069 seconds
[2022-10-11 11:16:31,764] {processor.py:153} INFO - Started process (PID=212448) to work on /home/ubuntu/airflow/airflow_env/lib/python3.8/site-packages/airflow/example_dags/example_branch_labels.py
[2022-10-11 11:16:31,765] {processor.py:641} INFO - Processing file /home/ubuntu/airflow/airflow_env/lib/python3.8/site-packages/airflow/example_dags/example_branch_labels.py for tasks to queue
[2022-10-11 11:16:31,766] {logging_mixin.py:115} INFO - [2022-10-11 11:16:31,766] {dagbag.py:507} INFO - Filling up the DagBag from /home/ubuntu/airflow/airflow_env/lib/python3.8/site-packages/airflow/example_dags/example_branch_labels.py
[2022-10-11 11:16:31,775] {processor.py:651} INFO - DAG(s) dict_keys(['example_branch_labels']) retrieved from /home/ubuntu/airflow/airflow_env/lib/python3.8/site-packages/airflow/example_dags/example_branch_labels.py
[2022-10-11 11:16:31,797] {logging_mixin.py:115} INFO - [2022-10-11 11:16:31,797] {dag.py:2379} INFO - Sync 1 DAGs
[2022-10-11 11:16:31,818] {logging_mixin.py:115} INFO - [2022-10-11 11:16:31,818] {dag.py:2927} INFO - Setting next_dagrun for example_branch_labels to 2022-10-10T00:00:00+00:00, run_after=2022-10-11T00:00:00+00:00
[2022-10-11 11:16:31,830] {processor.py:161} INFO - Processing /home/ubuntu/airflow/airflow_env/lib/python3.8/site-packages/airflow/example_dags/example_branch_labels.py took 0.073 seconds
[2022-10-11 11:17:09,051] {processor.py:153} INFO - Started process (PID=212801) to work on /home/ubuntu/airflow/airflow_env/lib/python3.8/site-packages/airflow/example_dags/example_branch_labels.py
[2022-10-11 11:17:09,052] {processor.py:641} INFO - Processing file /home/ubuntu/airflow/airflow_env/lib/python3.8/site-packages/airflow/example_dags/example_branch_labels.py for tasks to queue
[2022-10-11 11:17:09,053] {logging_mixin.py:115} INFO - [2022-10-11 11:17:09,052] {dagbag.py:507} INFO - Filling up the DagBag from /home/ubuntu/airflow/airflow_env/lib/python3.8/site-packages/airflow/example_dags/example_branch_labels.py
[2022-10-11 11:17:09,060] {processor.py:651} INFO - DAG(s) dict_keys(['example_branch_labels']) retrieved from /home/ubuntu/airflow/airflow_env/lib/python3.8/site-packages/airflow/example_dags/example_branch_labels.py
[2022-10-11 11:17:09,082] {logging_mixin.py:115} INFO - [2022-10-11 11:17:09,082] {dag.py:2379} INFO - Sync 1 DAGs
[2022-10-11 11:17:09,105] {logging_mixin.py:115} INFO - [2022-10-11 11:17:09,105] {dag.py:2927} INFO - Setting next_dagrun for example_branch_labels to 2022-10-10T00:00:00+00:00, run_after=2022-10-11T00:00:00+00:00
[2022-10-11 11:17:09,132] {processor.py:161} INFO - Processing /home/ubuntu/airflow/airflow_env/lib/python3.8/site-packages/airflow/example_dags/example_branch_labels.py took 0.086 seconds
[2022-10-11 11:17:47,996] {processor.py:153} INFO - Started process (PID=212909) to work on /home/ubuntu/airflow/airflow_env/lib/python3.8/site-packages/airflow/example_dags/example_branch_labels.py
[2022-10-11 11:17:47,997] {processor.py:641} INFO - Processing file /home/ubuntu/airflow/airflow_env/lib/python3.8/site-packages/airflow/example_dags/example_branch_labels.py for tasks to queue
[2022-10-11 11:17:47,998] {logging_mixin.py:115} INFO - [2022-10-11 11:17:47,998] {dagbag.py:507} INFO - Filling up the DagBag from /home/ubuntu/airflow/airflow_env/lib/python3.8/site-packages/airflow/example_dags/example_branch_labels.py
[2022-10-11 11:17:48,006] {processor.py:651} INFO - DAG(s) dict_keys(['example_branch_labels']) retrieved from /home/ubuntu/airflow/airflow_env/lib/python3.8/site-packages/airflow/example_dags/example_branch_labels.py
[2022-10-11 11:17:48,027] {logging_mixin.py:115} INFO - [2022-10-11 11:17:48,027] {dag.py:2379} INFO - Sync 1 DAGs
[2022-10-11 11:17:48,054] {logging_mixin.py:115} INFO - [2022-10-11 11:17:48,053] {dag.py:2927} INFO - Setting next_dagrun for example_branch_labels to 2022-10-10T00:00:00+00:00, run_after=2022-10-11T00:00:00+00:00
[2022-10-11 11:17:48,069] {processor.py:161} INFO - Processing /home/ubuntu/airflow/airflow_env/lib/python3.8/site-packages/airflow/example_dags/example_branch_labels.py took 0.091 seconds
[2022-10-11 11:18:24,098] {processor.py:153} INFO - Started process (PID=212971) to work on /home/ubuntu/airflow/airflow_env/lib/python3.8/site-packages/airflow/example_dags/example_branch_labels.py
[2022-10-11 11:18:24,099] {processor.py:641} INFO - Processing file /home/ubuntu/airflow/airflow_env/lib/python3.8/site-packages/airflow/example_dags/example_branch_labels.py for tasks to queue
[2022-10-11 11:18:24,100] {logging_mixin.py:115} INFO - [2022-10-11 11:18:24,100] {dagbag.py:507} INFO - Filling up the DagBag from /home/ubuntu/airflow/airflow_env/lib/python3.8/site-packages/airflow/example_dags/example_branch_labels.py
[2022-10-11 11:18:24,107] {processor.py:651} INFO - DAG(s) dict_keys(['example_branch_labels']) retrieved from /home/ubuntu/airflow/airflow_env/lib/python3.8/site-packages/airflow/example_dags/example_branch_labels.py
[2022-10-11 11:18:24,128] {logging_mixin.py:115} INFO - [2022-10-11 11:18:24,128] {dag.py:2379} INFO - Sync 1 DAGs
[2022-10-11 11:18:24,151] {logging_mixin.py:115} INFO - [2022-10-11 11:18:24,151] {dag.py:2927} INFO - Setting next_dagrun for example_branch_labels to 2022-10-10T00:00:00+00:00, run_after=2022-10-11T00:00:00+00:00
[2022-10-11 11:18:24,162] {processor.py:161} INFO - Processing /home/ubuntu/airflow/airflow_env/lib/python3.8/site-packages/airflow/example_dags/example_branch_labels.py took 0.068 seconds
[2022-10-11 11:18:57,230] {processor.py:153} INFO - Started process (PID=213063) to work on /home/ubuntu/airflow/airflow_env/lib/python3.8/site-packages/airflow/example_dags/example_branch_labels.py
[2022-10-11 11:18:57,231] {processor.py:641} INFO - Processing file /home/ubuntu/airflow/airflow_env/lib/python3.8/site-packages/airflow/example_dags/example_branch_labels.py for tasks to queue
[2022-10-11 11:18:57,232] {logging_mixin.py:115} INFO - [2022-10-11 11:18:57,232] {dagbag.py:507} INFO - Filling up the DagBag from /home/ubuntu/airflow/airflow_env/lib/python3.8/site-packages/airflow/example_dags/example_branch_labels.py
[2022-10-11 11:18:57,243] {processor.py:651} INFO - DAG(s) dict_keys(['example_branch_labels']) retrieved from /home/ubuntu/airflow/airflow_env/lib/python3.8/site-packages/airflow/example_dags/example_branch_labels.py
[2022-10-11 11:18:57,272] {logging_mixin.py:115} INFO - [2022-10-11 11:18:57,272] {dag.py:2379} INFO - Sync 1 DAGs
[2022-10-11 11:18:57,298] {logging_mixin.py:115} INFO - [2022-10-11 11:18:57,297] {dag.py:2927} INFO - Setting next_dagrun for example_branch_labels to 2022-10-10T00:00:00+00:00, run_after=2022-10-11T00:00:00+00:00
[2022-10-11 11:18:57,317] {processor.py:161} INFO - Processing /home/ubuntu/airflow/airflow_env/lib/python3.8/site-packages/airflow/example_dags/example_branch_labels.py took 0.094 seconds
[2022-10-11 11:19:33,023] {processor.py:153} INFO - Started process (PID=213184) to work on /home/ubuntu/airflow/airflow_env/lib/python3.8/site-packages/airflow/example_dags/example_branch_labels.py
[2022-10-11 11:19:33,024] {processor.py:641} INFO - Processing file /home/ubuntu/airflow/airflow_env/lib/python3.8/site-packages/airflow/example_dags/example_branch_labels.py for tasks to queue
[2022-10-11 11:19:33,025] {logging_mixin.py:115} INFO - [2022-10-11 11:19:33,025] {dagbag.py:507} INFO - Filling up the DagBag from /home/ubuntu/airflow/airflow_env/lib/python3.8/site-packages/airflow/example_dags/example_branch_labels.py
[2022-10-11 11:19:33,041] {processor.py:651} INFO - DAG(s) dict_keys(['example_branch_labels']) retrieved from /home/ubuntu/airflow/airflow_env/lib/python3.8/site-packages/airflow/example_dags/example_branch_labels.py
[2022-10-11 11:19:33,092] {logging_mixin.py:115} INFO - [2022-10-11 11:19:33,092] {dag.py:2379} INFO - Sync 1 DAGs
[2022-10-11 11:19:33,132] {logging_mixin.py:115} INFO - [2022-10-11 11:19:33,132] {dag.py:2927} INFO - Setting next_dagrun for example_branch_labels to 2022-10-10T00:00:00+00:00, run_after=2022-10-11T00:00:00+00:00
[2022-10-11 11:19:33,157] {processor.py:161} INFO - Processing /home/ubuntu/airflow/airflow_env/lib/python3.8/site-packages/airflow/example_dags/example_branch_labels.py took 0.142 seconds
[2022-10-11 11:20:10,158] {processor.py:153} INFO - Started process (PID=213308) to work on /home/ubuntu/airflow/airflow_env/lib/python3.8/site-packages/airflow/example_dags/example_branch_labels.py
[2022-10-11 11:20:10,161] {processor.py:641} INFO - Processing file /home/ubuntu/airflow/airflow_env/lib/python3.8/site-packages/airflow/example_dags/example_branch_labels.py for tasks to queue
[2022-10-11 11:20:10,162] {logging_mixin.py:115} INFO - [2022-10-11 11:20:10,162] {dagbag.py:507} INFO - Filling up the DagBag from /home/ubuntu/airflow/airflow_env/lib/python3.8/site-packages/airflow/example_dags/example_branch_labels.py
[2022-10-11 11:20:10,198] {processor.py:651} INFO - DAG(s) dict_keys(['example_branch_labels']) retrieved from /home/ubuntu/airflow/airflow_env/lib/python3.8/site-packages/airflow/example_dags/example_branch_labels.py
[2022-10-11 11:20:10,234] {logging_mixin.py:115} INFO - [2022-10-11 11:20:10,234] {dag.py:2379} INFO - Sync 1 DAGs
[2022-10-11 11:20:10,258] {logging_mixin.py:115} INFO - [2022-10-11 11:20:10,258] {dag.py:2927} INFO - Setting next_dagrun for example_branch_labels to 2022-10-10T00:00:00+00:00, run_after=2022-10-11T00:00:00+00:00
[2022-10-11 11:20:10,273] {processor.py:161} INFO - Processing /home/ubuntu/airflow/airflow_env/lib/python3.8/site-packages/airflow/example_dags/example_branch_labels.py took 0.130 seconds
[2022-10-11 11:20:49,023] {processor.py:153} INFO - Started process (PID=213378) to work on /home/ubuntu/airflow/airflow_env/lib/python3.8/site-packages/airflow/example_dags/example_branch_labels.py
[2022-10-11 11:20:49,025] {processor.py:641} INFO - Processing file /home/ubuntu/airflow/airflow_env/lib/python3.8/site-packages/airflow/example_dags/example_branch_labels.py for tasks to queue
[2022-10-11 11:20:49,025] {logging_mixin.py:115} INFO - [2022-10-11 11:20:49,025] {dagbag.py:507} INFO - Filling up the DagBag from /home/ubuntu/airflow/airflow_env/lib/python3.8/site-packages/airflow/example_dags/example_branch_labels.py
[2022-10-11 11:20:49,033] {processor.py:651} INFO - DAG(s) dict_keys(['example_branch_labels']) retrieved from /home/ubuntu/airflow/airflow_env/lib/python3.8/site-packages/airflow/example_dags/example_branch_labels.py
[2022-10-11 11:20:49,052] {logging_mixin.py:115} INFO - [2022-10-11 11:20:49,052] {dag.py:2379} INFO - Sync 1 DAGs
[2022-10-11 11:20:49,067] {logging_mixin.py:115} INFO - [2022-10-11 11:20:49,067] {dag.py:2927} INFO - Setting next_dagrun for example_branch_labels to 2022-10-10T00:00:00+00:00, run_after=2022-10-11T00:00:00+00:00
[2022-10-11 11:20:49,078] {processor.py:161} INFO - Processing /home/ubuntu/airflow/airflow_env/lib/python3.8/site-packages/airflow/example_dags/example_branch_labels.py took 0.059 seconds
[2022-10-11 11:21:25,327] {processor.py:153} INFO - Started process (PID=213441) to work on /home/ubuntu/airflow/airflow_env/lib/python3.8/site-packages/airflow/example_dags/example_branch_labels.py
[2022-10-11 11:21:25,328] {processor.py:641} INFO - Processing file /home/ubuntu/airflow/airflow_env/lib/python3.8/site-packages/airflow/example_dags/example_branch_labels.py for tasks to queue
[2022-10-11 11:21:25,329] {logging_mixin.py:115} INFO - [2022-10-11 11:21:25,329] {dagbag.py:507} INFO - Filling up the DagBag from /home/ubuntu/airflow/airflow_env/lib/python3.8/site-packages/airflow/example_dags/example_branch_labels.py
[2022-10-11 11:21:25,338] {processor.py:651} INFO - DAG(s) dict_keys(['example_branch_labels']) retrieved from /home/ubuntu/airflow/airflow_env/lib/python3.8/site-packages/airflow/example_dags/example_branch_labels.py
[2022-10-11 11:21:25,362] {logging_mixin.py:115} INFO - [2022-10-11 11:21:25,362] {dag.py:2379} INFO - Sync 1 DAGs
[2022-10-11 11:21:25,388] {logging_mixin.py:115} INFO - [2022-10-11 11:21:25,388] {dag.py:2927} INFO - Setting next_dagrun for example_branch_labels to 2022-10-10T00:00:00+00:00, run_after=2022-10-11T00:00:00+00:00
[2022-10-11 11:21:25,408] {processor.py:161} INFO - Processing /home/ubuntu/airflow/airflow_env/lib/python3.8/site-packages/airflow/example_dags/example_branch_labels.py took 0.085 seconds
