[2022-10-11 11:01:43,208] {processor.py:153} INFO - Started process (PID=202161) to work on /home/ubuntu/airflow/airflow_env/lib/python3.8/site-packages/airflow/example_dags/tutorial_taskflow_api_etl.py
[2022-10-11 11:01:43,209] {processor.py:641} INFO - Processing file /home/ubuntu/airflow/airflow_env/lib/python3.8/site-packages/airflow/example_dags/tutorial_taskflow_api_etl.py for tasks to queue
[2022-10-11 11:01:43,210] {logging_mixin.py:115} INFO - [2022-10-11 11:01:43,210] {dagbag.py:507} INFO - Filling up the DagBag from /home/ubuntu/airflow/airflow_env/lib/python3.8/site-packages/airflow/example_dags/tutorial_taskflow_api_etl.py
[2022-10-11 11:01:43,245] {processor.py:651} INFO - DAG(s) dict_keys(['tutorial_taskflow_api_etl']) retrieved from /home/ubuntu/airflow/airflow_env/lib/python3.8/site-packages/airflow/example_dags/tutorial_taskflow_api_etl.py
[2022-10-11 11:01:43,351] {logging_mixin.py:115} INFO - [2022-10-11 11:01:43,350] {dag.py:2379} INFO - Sync 1 DAGs
[2022-10-11 11:01:43,388] {logging_mixin.py:115} INFO - [2022-10-11 11:01:43,388] {dag.py:2927} INFO - Setting next_dagrun for tutorial_taskflow_api_etl to None, run_after=None
[2022-10-11 11:01:43,421] {processor.py:161} INFO - Processing /home/ubuntu/airflow/airflow_env/lib/python3.8/site-packages/airflow/example_dags/tutorial_taskflow_api_etl.py took 0.217 seconds
[2022-10-11 11:02:16,610] {processor.py:153} INFO - Started process (PID=202519) to work on /home/ubuntu/airflow/airflow_env/lib/python3.8/site-packages/airflow/example_dags/tutorial_taskflow_api_etl.py
[2022-10-11 11:02:16,611] {processor.py:641} INFO - Processing file /home/ubuntu/airflow/airflow_env/lib/python3.8/site-packages/airflow/example_dags/tutorial_taskflow_api_etl.py for tasks to queue
[2022-10-11 11:02:16,612] {logging_mixin.py:115} INFO - [2022-10-11 11:02:16,612] {dagbag.py:507} INFO - Filling up the DagBag from /home/ubuntu/airflow/airflow_env/lib/python3.8/site-packages/airflow/example_dags/tutorial_taskflow_api_etl.py
[2022-10-11 11:02:16,636] {processor.py:651} INFO - DAG(s) dict_keys(['tutorial_taskflow_api_etl']) retrieved from /home/ubuntu/airflow/airflow_env/lib/python3.8/site-packages/airflow/example_dags/tutorial_taskflow_api_etl.py
[2022-10-11 11:02:16,695] {logging_mixin.py:115} INFO - [2022-10-11 11:02:16,695] {dag.py:2379} INFO - Sync 1 DAGs
[2022-10-11 11:02:16,712] {logging_mixin.py:115} INFO - [2022-10-11 11:02:16,712] {dag.py:2927} INFO - Setting next_dagrun for tutorial_taskflow_api_etl to None, run_after=None
[2022-10-11 11:02:16,726] {processor.py:161} INFO - Processing /home/ubuntu/airflow/airflow_env/lib/python3.8/site-packages/airflow/example_dags/tutorial_taskflow_api_etl.py took 0.120 seconds
[2022-10-11 11:02:51,723] {processor.py:153} INFO - Started process (PID=202577) to work on /home/ubuntu/airflow/airflow_env/lib/python3.8/site-packages/airflow/example_dags/tutorial_taskflow_api_etl.py
[2022-10-11 11:02:51,724] {processor.py:641} INFO - Processing file /home/ubuntu/airflow/airflow_env/lib/python3.8/site-packages/airflow/example_dags/tutorial_taskflow_api_etl.py for tasks to queue
[2022-10-11 11:02:51,725] {logging_mixin.py:115} INFO - [2022-10-11 11:02:51,725] {dagbag.py:507} INFO - Filling up the DagBag from /home/ubuntu/airflow/airflow_env/lib/python3.8/site-packages/airflow/example_dags/tutorial_taskflow_api_etl.py
[2022-10-11 11:02:51,748] {processor.py:651} INFO - DAG(s) dict_keys(['tutorial_taskflow_api_etl']) retrieved from /home/ubuntu/airflow/airflow_env/lib/python3.8/site-packages/airflow/example_dags/tutorial_taskflow_api_etl.py
[2022-10-11 11:02:51,765] {logging_mixin.py:115} INFO - [2022-10-11 11:02:51,765] {dag.py:2379} INFO - Sync 1 DAGs
[2022-10-11 11:02:51,779] {logging_mixin.py:115} INFO - [2022-10-11 11:02:51,778] {dag.py:2927} INFO - Setting next_dagrun for tutorial_taskflow_api_etl to None, run_after=None
[2022-10-11 11:02:51,794] {processor.py:161} INFO - Processing /home/ubuntu/airflow/airflow_env/lib/python3.8/site-packages/airflow/example_dags/tutorial_taskflow_api_etl.py took 0.075 seconds
[2022-10-11 11:03:26,556] {processor.py:153} INFO - Started process (PID=202639) to work on /home/ubuntu/airflow/airflow_env/lib/python3.8/site-packages/airflow/example_dags/tutorial_taskflow_api_etl.py
[2022-10-11 11:03:26,558] {processor.py:641} INFO - Processing file /home/ubuntu/airflow/airflow_env/lib/python3.8/site-packages/airflow/example_dags/tutorial_taskflow_api_etl.py for tasks to queue
[2022-10-11 11:03:26,559] {logging_mixin.py:115} INFO - [2022-10-11 11:03:26,559] {dagbag.py:507} INFO - Filling up the DagBag from /home/ubuntu/airflow/airflow_env/lib/python3.8/site-packages/airflow/example_dags/tutorial_taskflow_api_etl.py
[2022-10-11 11:03:26,584] {processor.py:651} INFO - DAG(s) dict_keys(['tutorial_taskflow_api_etl']) retrieved from /home/ubuntu/airflow/airflow_env/lib/python3.8/site-packages/airflow/example_dags/tutorial_taskflow_api_etl.py
[2022-10-11 11:03:26,601] {logging_mixin.py:115} INFO - [2022-10-11 11:03:26,601] {dag.py:2379} INFO - Sync 1 DAGs
[2022-10-11 11:03:26,618] {logging_mixin.py:115} INFO - [2022-10-11 11:03:26,618] {dag.py:2927} INFO - Setting next_dagrun for tutorial_taskflow_api_etl to None, run_after=None
[2022-10-11 11:03:26,633] {processor.py:161} INFO - Processing /home/ubuntu/airflow/airflow_env/lib/python3.8/site-packages/airflow/example_dags/tutorial_taskflow_api_etl.py took 0.081 seconds
[2022-10-11 11:04:00,864] {processor.py:153} INFO - Started process (PID=202727) to work on /home/ubuntu/airflow/airflow_env/lib/python3.8/site-packages/airflow/example_dags/tutorial_taskflow_api_etl.py
[2022-10-11 11:04:00,865] {processor.py:641} INFO - Processing file /home/ubuntu/airflow/airflow_env/lib/python3.8/site-packages/airflow/example_dags/tutorial_taskflow_api_etl.py for tasks to queue
[2022-10-11 11:04:00,866] {logging_mixin.py:115} INFO - [2022-10-11 11:04:00,866] {dagbag.py:507} INFO - Filling up the DagBag from /home/ubuntu/airflow/airflow_env/lib/python3.8/site-packages/airflow/example_dags/tutorial_taskflow_api_etl.py
[2022-10-11 11:04:00,889] {processor.py:651} INFO - DAG(s) dict_keys(['tutorial_taskflow_api_etl']) retrieved from /home/ubuntu/airflow/airflow_env/lib/python3.8/site-packages/airflow/example_dags/tutorial_taskflow_api_etl.py
[2022-10-11 11:04:00,908] {logging_mixin.py:115} INFO - [2022-10-11 11:04:00,908] {dag.py:2379} INFO - Sync 1 DAGs
[2022-10-11 11:04:00,923] {logging_mixin.py:115} INFO - [2022-10-11 11:04:00,923] {dag.py:2927} INFO - Setting next_dagrun for tutorial_taskflow_api_etl to None, run_after=None
[2022-10-11 11:04:00,941] {processor.py:161} INFO - Processing /home/ubuntu/airflow/airflow_env/lib/python3.8/site-packages/airflow/example_dags/tutorial_taskflow_api_etl.py took 0.081 seconds
[2022-10-11 11:04:35,810] {processor.py:153} INFO - Started process (PID=202832) to work on /home/ubuntu/airflow/airflow_env/lib/python3.8/site-packages/airflow/example_dags/tutorial_taskflow_api_etl.py
[2022-10-11 11:04:35,811] {processor.py:641} INFO - Processing file /home/ubuntu/airflow/airflow_env/lib/python3.8/site-packages/airflow/example_dags/tutorial_taskflow_api_etl.py for tasks to queue
[2022-10-11 11:04:35,811] {logging_mixin.py:115} INFO - [2022-10-11 11:04:35,811] {dagbag.py:507} INFO - Filling up the DagBag from /home/ubuntu/airflow/airflow_env/lib/python3.8/site-packages/airflow/example_dags/tutorial_taskflow_api_etl.py
[2022-10-11 11:04:35,835] {processor.py:651} INFO - DAG(s) dict_keys(['tutorial_taskflow_api_etl']) retrieved from /home/ubuntu/airflow/airflow_env/lib/python3.8/site-packages/airflow/example_dags/tutorial_taskflow_api_etl.py
[2022-10-11 11:04:35,853] {logging_mixin.py:115} INFO - [2022-10-11 11:04:35,853] {dag.py:2379} INFO - Sync 1 DAGs
[2022-10-11 11:04:35,868] {logging_mixin.py:115} INFO - [2022-10-11 11:04:35,868] {dag.py:2927} INFO - Setting next_dagrun for tutorial_taskflow_api_etl to None, run_after=None
[2022-10-11 11:04:35,878] {processor.py:161} INFO - Processing /home/ubuntu/airflow/airflow_env/lib/python3.8/site-packages/airflow/example_dags/tutorial_taskflow_api_etl.py took 0.073 seconds
[2022-10-11 11:05:10,177] {processor.py:153} INFO - Started process (PID=202894) to work on /home/ubuntu/airflow/airflow_env/lib/python3.8/site-packages/airflow/example_dags/tutorial_taskflow_api_etl.py
[2022-10-11 11:05:10,178] {processor.py:641} INFO - Processing file /home/ubuntu/airflow/airflow_env/lib/python3.8/site-packages/airflow/example_dags/tutorial_taskflow_api_etl.py for tasks to queue
[2022-10-11 11:05:10,180] {logging_mixin.py:115} INFO - [2022-10-11 11:05:10,180] {dagbag.py:507} INFO - Filling up the DagBag from /home/ubuntu/airflow/airflow_env/lib/python3.8/site-packages/airflow/example_dags/tutorial_taskflow_api_etl.py
[2022-10-11 11:05:10,223] {processor.py:651} INFO - DAG(s) dict_keys(['tutorial_taskflow_api_etl']) retrieved from /home/ubuntu/airflow/airflow_env/lib/python3.8/site-packages/airflow/example_dags/tutorial_taskflow_api_etl.py
[2022-10-11 11:05:10,250] {logging_mixin.py:115} INFO - [2022-10-11 11:05:10,250] {dag.py:2379} INFO - Sync 1 DAGs
[2022-10-11 11:05:10,270] {logging_mixin.py:115} INFO - [2022-10-11 11:05:10,269] {dag.py:2927} INFO - Setting next_dagrun for tutorial_taskflow_api_etl to None, run_after=None
[2022-10-11 11:05:10,284] {processor.py:161} INFO - Processing /home/ubuntu/airflow/airflow_env/lib/python3.8/site-packages/airflow/example_dags/tutorial_taskflow_api_etl.py took 0.112 seconds
[2022-10-11 11:05:44,005] {processor.py:153} INFO - Started process (PID=202952) to work on /home/ubuntu/airflow/airflow_env/lib/python3.8/site-packages/airflow/example_dags/tutorial_taskflow_api_etl.py
[2022-10-11 11:05:44,006] {processor.py:641} INFO - Processing file /home/ubuntu/airflow/airflow_env/lib/python3.8/site-packages/airflow/example_dags/tutorial_taskflow_api_etl.py for tasks to queue
[2022-10-11 11:05:44,007] {logging_mixin.py:115} INFO - [2022-10-11 11:05:44,006] {dagbag.py:507} INFO - Filling up the DagBag from /home/ubuntu/airflow/airflow_env/lib/python3.8/site-packages/airflow/example_dags/tutorial_taskflow_api_etl.py
[2022-10-11 11:05:44,038] {processor.py:651} INFO - DAG(s) dict_keys(['tutorial_taskflow_api_etl']) retrieved from /home/ubuntu/airflow/airflow_env/lib/python3.8/site-packages/airflow/example_dags/tutorial_taskflow_api_etl.py
[2022-10-11 11:05:44,059] {logging_mixin.py:115} INFO - [2022-10-11 11:05:44,059] {dag.py:2379} INFO - Sync 1 DAGs
[2022-10-11 11:05:44,083] {logging_mixin.py:115} INFO - [2022-10-11 11:05:44,083] {dag.py:2927} INFO - Setting next_dagrun for tutorial_taskflow_api_etl to None, run_after=None
[2022-10-11 11:05:44,098] {processor.py:161} INFO - Processing /home/ubuntu/airflow/airflow_env/lib/python3.8/site-packages/airflow/example_dags/tutorial_taskflow_api_etl.py took 0.098 seconds
[2022-10-11 11:06:20,429] {processor.py:153} INFO - Started process (PID=203007) to work on /home/ubuntu/airflow/airflow_env/lib/python3.8/site-packages/airflow/example_dags/tutorial_taskflow_api_etl.py
[2022-10-11 11:06:20,430] {processor.py:641} INFO - Processing file /home/ubuntu/airflow/airflow_env/lib/python3.8/site-packages/airflow/example_dags/tutorial_taskflow_api_etl.py for tasks to queue
[2022-10-11 11:06:20,431] {logging_mixin.py:115} INFO - [2022-10-11 11:06:20,430] {dagbag.py:507} INFO - Filling up the DagBag from /home/ubuntu/airflow/airflow_env/lib/python3.8/site-packages/airflow/example_dags/tutorial_taskflow_api_etl.py
[2022-10-11 11:06:20,454] {processor.py:651} INFO - DAG(s) dict_keys(['tutorial_taskflow_api_etl']) retrieved from /home/ubuntu/airflow/airflow_env/lib/python3.8/site-packages/airflow/example_dags/tutorial_taskflow_api_etl.py
[2022-10-11 11:06:20,498] {logging_mixin.py:115} INFO - [2022-10-11 11:06:20,498] {dag.py:2379} INFO - Sync 1 DAGs
[2022-10-11 11:06:20,510] {logging_mixin.py:115} INFO - [2022-10-11 11:06:20,510] {dag.py:2927} INFO - Setting next_dagrun for tutorial_taskflow_api_etl to None, run_after=None
[2022-10-11 11:06:20,526] {processor.py:161} INFO - Processing /home/ubuntu/airflow/airflow_env/lib/python3.8/site-packages/airflow/example_dags/tutorial_taskflow_api_etl.py took 0.101 seconds
[2022-10-11 11:06:53,519] {processor.py:153} INFO - Started process (PID=203064) to work on /home/ubuntu/airflow/airflow_env/lib/python3.8/site-packages/airflow/example_dags/tutorial_taskflow_api_etl.py
[2022-10-11 11:06:53,522] {processor.py:641} INFO - Processing file /home/ubuntu/airflow/airflow_env/lib/python3.8/site-packages/airflow/example_dags/tutorial_taskflow_api_etl.py for tasks to queue
[2022-10-11 11:06:53,523] {logging_mixin.py:115} INFO - [2022-10-11 11:06:53,523] {dagbag.py:507} INFO - Filling up the DagBag from /home/ubuntu/airflow/airflow_env/lib/python3.8/site-packages/airflow/example_dags/tutorial_taskflow_api_etl.py
[2022-10-11 11:06:53,549] {processor.py:651} INFO - DAG(s) dict_keys(['tutorial_taskflow_api_etl']) retrieved from /home/ubuntu/airflow/airflow_env/lib/python3.8/site-packages/airflow/example_dags/tutorial_taskflow_api_etl.py
[2022-10-11 11:06:53,565] {logging_mixin.py:115} INFO - [2022-10-11 11:06:53,564] {dag.py:2379} INFO - Sync 1 DAGs
[2022-10-11 11:06:53,579] {logging_mixin.py:115} INFO - [2022-10-11 11:06:53,579] {dag.py:2927} INFO - Setting next_dagrun for tutorial_taskflow_api_etl to None, run_after=None
[2022-10-11 11:06:53,590] {processor.py:161} INFO - Processing /home/ubuntu/airflow/airflow_env/lib/python3.8/site-packages/airflow/example_dags/tutorial_taskflow_api_etl.py took 0.083 seconds
[2022-10-11 11:07:24,928] {processor.py:153} INFO - Started process (PID=203121) to work on /home/ubuntu/airflow/airflow_env/lib/python3.8/site-packages/airflow/example_dags/tutorial_taskflow_api_etl.py
[2022-10-11 11:07:24,929] {processor.py:641} INFO - Processing file /home/ubuntu/airflow/airflow_env/lib/python3.8/site-packages/airflow/example_dags/tutorial_taskflow_api_etl.py for tasks to queue
[2022-10-11 11:07:24,931] {logging_mixin.py:115} INFO - [2022-10-11 11:07:24,930] {dagbag.py:507} INFO - Filling up the DagBag from /home/ubuntu/airflow/airflow_env/lib/python3.8/site-packages/airflow/example_dags/tutorial_taskflow_api_etl.py
[2022-10-11 11:07:24,966] {processor.py:651} INFO - DAG(s) dict_keys(['tutorial_taskflow_api_etl']) retrieved from /home/ubuntu/airflow/airflow_env/lib/python3.8/site-packages/airflow/example_dags/tutorial_taskflow_api_etl.py
[2022-10-11 11:07:24,990] {logging_mixin.py:115} INFO - [2022-10-11 11:07:24,990] {dag.py:2379} INFO - Sync 1 DAGs
[2022-10-11 11:07:25,011] {logging_mixin.py:115} INFO - [2022-10-11 11:07:25,010] {dag.py:2927} INFO - Setting next_dagrun for tutorial_taskflow_api_etl to None, run_after=None
[2022-10-11 11:07:25,026] {processor.py:161} INFO - Processing /home/ubuntu/airflow/airflow_env/lib/python3.8/site-packages/airflow/example_dags/tutorial_taskflow_api_etl.py took 0.104 seconds
[2022-10-11 11:07:56,907] {processor.py:153} INFO - Started process (PID=203179) to work on /home/ubuntu/airflow/airflow_env/lib/python3.8/site-packages/airflow/example_dags/tutorial_taskflow_api_etl.py
[2022-10-11 11:07:56,908] {processor.py:641} INFO - Processing file /home/ubuntu/airflow/airflow_env/lib/python3.8/site-packages/airflow/example_dags/tutorial_taskflow_api_etl.py for tasks to queue
[2022-10-11 11:07:56,909] {logging_mixin.py:115} INFO - [2022-10-11 11:07:56,909] {dagbag.py:507} INFO - Filling up the DagBag from /home/ubuntu/airflow/airflow_env/lib/python3.8/site-packages/airflow/example_dags/tutorial_taskflow_api_etl.py
[2022-10-11 11:07:56,937] {processor.py:651} INFO - DAG(s) dict_keys(['tutorial_taskflow_api_etl']) retrieved from /home/ubuntu/airflow/airflow_env/lib/python3.8/site-packages/airflow/example_dags/tutorial_taskflow_api_etl.py
[2022-10-11 11:07:56,956] {logging_mixin.py:115} INFO - [2022-10-11 11:07:56,956] {dag.py:2379} INFO - Sync 1 DAGs
[2022-10-11 11:07:56,972] {logging_mixin.py:115} INFO - [2022-10-11 11:07:56,972] {dag.py:2927} INFO - Setting next_dagrun for tutorial_taskflow_api_etl to None, run_after=None
[2022-10-11 11:07:56,984] {processor.py:161} INFO - Processing /home/ubuntu/airflow/airflow_env/lib/python3.8/site-packages/airflow/example_dags/tutorial_taskflow_api_etl.py took 0.082 seconds
[2022-10-11 11:08:28,331] {processor.py:153} INFO - Started process (PID=203233) to work on /home/ubuntu/airflow/airflow_env/lib/python3.8/site-packages/airflow/example_dags/tutorial_taskflow_api_etl.py
[2022-10-11 11:08:28,332] {processor.py:641} INFO - Processing file /home/ubuntu/airflow/airflow_env/lib/python3.8/site-packages/airflow/example_dags/tutorial_taskflow_api_etl.py for tasks to queue
[2022-10-11 11:08:28,332] {logging_mixin.py:115} INFO - [2022-10-11 11:08:28,332] {dagbag.py:507} INFO - Filling up the DagBag from /home/ubuntu/airflow/airflow_env/lib/python3.8/site-packages/airflow/example_dags/tutorial_taskflow_api_etl.py
[2022-10-11 11:08:28,358] {processor.py:651} INFO - DAG(s) dict_keys(['tutorial_taskflow_api_etl']) retrieved from /home/ubuntu/airflow/airflow_env/lib/python3.8/site-packages/airflow/example_dags/tutorial_taskflow_api_etl.py
[2022-10-11 11:08:28,381] {logging_mixin.py:115} INFO - [2022-10-11 11:08:28,381] {dag.py:2379} INFO - Sync 1 DAGs
[2022-10-11 11:08:28,411] {logging_mixin.py:115} INFO - [2022-10-11 11:08:28,410] {dag.py:2927} INFO - Setting next_dagrun for tutorial_taskflow_api_etl to None, run_after=None
[2022-10-11 11:08:28,428] {processor.py:161} INFO - Processing /home/ubuntu/airflow/airflow_env/lib/python3.8/site-packages/airflow/example_dags/tutorial_taskflow_api_etl.py took 0.101 seconds
[2022-10-11 11:09:02,142] {processor.py:153} INFO - Started process (PID=203367) to work on /home/ubuntu/airflow/airflow_env/lib/python3.8/site-packages/airflow/example_dags/tutorial_taskflow_api_etl.py
[2022-10-11 11:09:02,143] {processor.py:641} INFO - Processing file /home/ubuntu/airflow/airflow_env/lib/python3.8/site-packages/airflow/example_dags/tutorial_taskflow_api_etl.py for tasks to queue
[2022-10-11 11:09:02,144] {logging_mixin.py:115} INFO - [2022-10-11 11:09:02,143] {dagbag.py:507} INFO - Filling up the DagBag from /home/ubuntu/airflow/airflow_env/lib/python3.8/site-packages/airflow/example_dags/tutorial_taskflow_api_etl.py
[2022-10-11 11:09:02,168] {processor.py:651} INFO - DAG(s) dict_keys(['tutorial_taskflow_api_etl']) retrieved from /home/ubuntu/airflow/airflow_env/lib/python3.8/site-packages/airflow/example_dags/tutorial_taskflow_api_etl.py
[2022-10-11 11:09:02,190] {logging_mixin.py:115} INFO - [2022-10-11 11:09:02,189] {dag.py:2379} INFO - Sync 1 DAGs
[2022-10-11 11:09:02,208] {logging_mixin.py:115} INFO - [2022-10-11 11:09:02,208] {dag.py:2927} INFO - Setting next_dagrun for tutorial_taskflow_api_etl to None, run_after=None
[2022-10-11 11:09:02,222] {processor.py:161} INFO - Processing /home/ubuntu/airflow/airflow_env/lib/python3.8/site-packages/airflow/example_dags/tutorial_taskflow_api_etl.py took 0.084 seconds
[2022-10-11 11:09:38,739] {processor.py:153} INFO - Started process (PID=203494) to work on /home/ubuntu/airflow/airflow_env/lib/python3.8/site-packages/airflow/example_dags/tutorial_taskflow_api_etl.py
[2022-10-11 11:09:38,740] {processor.py:641} INFO - Processing file /home/ubuntu/airflow/airflow_env/lib/python3.8/site-packages/airflow/example_dags/tutorial_taskflow_api_etl.py for tasks to queue
[2022-10-11 11:09:38,741] {logging_mixin.py:115} INFO - [2022-10-11 11:09:38,740] {dagbag.py:507} INFO - Filling up the DagBag from /home/ubuntu/airflow/airflow_env/lib/python3.8/site-packages/airflow/example_dags/tutorial_taskflow_api_etl.py
[2022-10-11 11:09:38,764] {processor.py:651} INFO - DAG(s) dict_keys(['tutorial_taskflow_api_etl']) retrieved from /home/ubuntu/airflow/airflow_env/lib/python3.8/site-packages/airflow/example_dags/tutorial_taskflow_api_etl.py
[2022-10-11 11:09:38,782] {logging_mixin.py:115} INFO - [2022-10-11 11:09:38,782] {dag.py:2379} INFO - Sync 1 DAGs
[2022-10-11 11:09:38,798] {logging_mixin.py:115} INFO - [2022-10-11 11:09:38,798] {dag.py:2927} INFO - Setting next_dagrun for tutorial_taskflow_api_etl to None, run_after=None
[2022-10-11 11:09:38,811] {processor.py:161} INFO - Processing /home/ubuntu/airflow/airflow_env/lib/python3.8/site-packages/airflow/example_dags/tutorial_taskflow_api_etl.py took 0.077 seconds
[2022-10-11 11:10:13,843] {processor.py:153} INFO - Started process (PID=203548) to work on /home/ubuntu/airflow/airflow_env/lib/python3.8/site-packages/airflow/example_dags/tutorial_taskflow_api_etl.py
[2022-10-11 11:10:13,844] {processor.py:641} INFO - Processing file /home/ubuntu/airflow/airflow_env/lib/python3.8/site-packages/airflow/example_dags/tutorial_taskflow_api_etl.py for tasks to queue
[2022-10-11 11:10:13,845] {logging_mixin.py:115} INFO - [2022-10-11 11:10:13,845] {dagbag.py:507} INFO - Filling up the DagBag from /home/ubuntu/airflow/airflow_env/lib/python3.8/site-packages/airflow/example_dags/tutorial_taskflow_api_etl.py
[2022-10-11 11:10:13,881] {processor.py:651} INFO - DAG(s) dict_keys(['tutorial_taskflow_api_etl']) retrieved from /home/ubuntu/airflow/airflow_env/lib/python3.8/site-packages/airflow/example_dags/tutorial_taskflow_api_etl.py
[2022-10-11 11:10:13,907] {logging_mixin.py:115} INFO - [2022-10-11 11:10:13,907] {dag.py:2379} INFO - Sync 1 DAGs
[2022-10-11 11:10:13,931] {logging_mixin.py:115} INFO - [2022-10-11 11:10:13,931] {dag.py:2927} INFO - Setting next_dagrun for tutorial_taskflow_api_etl to None, run_after=None
[2022-10-11 11:10:13,947] {processor.py:161} INFO - Processing /home/ubuntu/airflow/airflow_env/lib/python3.8/site-packages/airflow/example_dags/tutorial_taskflow_api_etl.py took 0.108 seconds
[2022-10-11 11:10:47,901] {processor.py:153} INFO - Started process (PID=203607) to work on /home/ubuntu/airflow/airflow_env/lib/python3.8/site-packages/airflow/example_dags/tutorial_taskflow_api_etl.py
[2022-10-11 11:10:47,901] {processor.py:641} INFO - Processing file /home/ubuntu/airflow/airflow_env/lib/python3.8/site-packages/airflow/example_dags/tutorial_taskflow_api_etl.py for tasks to queue
[2022-10-11 11:10:47,902] {logging_mixin.py:115} INFO - [2022-10-11 11:10:47,902] {dagbag.py:507} INFO - Filling up the DagBag from /home/ubuntu/airflow/airflow_env/lib/python3.8/site-packages/airflow/example_dags/tutorial_taskflow_api_etl.py
[2022-10-11 11:10:47,925] {processor.py:651} INFO - DAG(s) dict_keys(['tutorial_taskflow_api_etl']) retrieved from /home/ubuntu/airflow/airflow_env/lib/python3.8/site-packages/airflow/example_dags/tutorial_taskflow_api_etl.py
[2022-10-11 11:10:47,947] {logging_mixin.py:115} INFO - [2022-10-11 11:10:47,947] {dag.py:2379} INFO - Sync 1 DAGs
[2022-10-11 11:10:47,962] {logging_mixin.py:115} INFO - [2022-10-11 11:10:47,962] {dag.py:2927} INFO - Setting next_dagrun for tutorial_taskflow_api_etl to None, run_after=None
[2022-10-11 11:10:47,974] {processor.py:161} INFO - Processing /home/ubuntu/airflow/airflow_env/lib/python3.8/site-packages/airflow/example_dags/tutorial_taskflow_api_etl.py took 0.078 seconds
[2022-10-11 11:11:23,744] {processor.py:153} INFO - Started process (PID=203661) to work on /home/ubuntu/airflow/airflow_env/lib/python3.8/site-packages/airflow/example_dags/tutorial_taskflow_api_etl.py
[2022-10-11 11:11:23,745] {processor.py:641} INFO - Processing file /home/ubuntu/airflow/airflow_env/lib/python3.8/site-packages/airflow/example_dags/tutorial_taskflow_api_etl.py for tasks to queue
[2022-10-11 11:11:23,746] {logging_mixin.py:115} INFO - [2022-10-11 11:11:23,746] {dagbag.py:507} INFO - Filling up the DagBag from /home/ubuntu/airflow/airflow_env/lib/python3.8/site-packages/airflow/example_dags/tutorial_taskflow_api_etl.py
[2022-10-11 11:11:23,766] {processor.py:651} INFO - DAG(s) dict_keys(['tutorial_taskflow_api_etl']) retrieved from /home/ubuntu/airflow/airflow_env/lib/python3.8/site-packages/airflow/example_dags/tutorial_taskflow_api_etl.py
[2022-10-11 11:11:23,823] {logging_mixin.py:115} INFO - [2022-10-11 11:11:23,823] {dag.py:2379} INFO - Sync 1 DAGs
[2022-10-11 11:11:23,837] {logging_mixin.py:115} INFO - [2022-10-11 11:11:23,837] {dag.py:2927} INFO - Setting next_dagrun for tutorial_taskflow_api_etl to None, run_after=None
[2022-10-11 11:11:23,854] {processor.py:161} INFO - Processing /home/ubuntu/airflow/airflow_env/lib/python3.8/site-packages/airflow/example_dags/tutorial_taskflow_api_etl.py took 0.113 seconds
[2022-10-11 11:11:58,739] {processor.py:153} INFO - Started process (PID=203717) to work on /home/ubuntu/airflow/airflow_env/lib/python3.8/site-packages/airflow/example_dags/tutorial_taskflow_api_etl.py
[2022-10-11 11:11:58,741] {processor.py:641} INFO - Processing file /home/ubuntu/airflow/airflow_env/lib/python3.8/site-packages/airflow/example_dags/tutorial_taskflow_api_etl.py for tasks to queue
[2022-10-11 11:11:58,742] {logging_mixin.py:115} INFO - [2022-10-11 11:11:58,742] {dagbag.py:507} INFO - Filling up the DagBag from /home/ubuntu/airflow/airflow_env/lib/python3.8/site-packages/airflow/example_dags/tutorial_taskflow_api_etl.py
[2022-10-11 11:11:58,776] {processor.py:651} INFO - DAG(s) dict_keys(['tutorial_taskflow_api_etl']) retrieved from /home/ubuntu/airflow/airflow_env/lib/python3.8/site-packages/airflow/example_dags/tutorial_taskflow_api_etl.py
[2022-10-11 11:11:58,842] {logging_mixin.py:115} INFO - [2022-10-11 11:11:58,842] {dag.py:2379} INFO - Sync 1 DAGs
[2022-10-11 11:11:58,857] {logging_mixin.py:115} INFO - [2022-10-11 11:11:58,857] {dag.py:2927} INFO - Setting next_dagrun for tutorial_taskflow_api_etl to None, run_after=None
[2022-10-11 11:11:58,875] {processor.py:161} INFO - Processing /home/ubuntu/airflow/airflow_env/lib/python3.8/site-packages/airflow/example_dags/tutorial_taskflow_api_etl.py took 0.142 seconds
[2022-10-11 11:12:29,536] {processor.py:153} INFO - Started process (PID=203868) to work on /home/ubuntu/airflow/airflow_env/lib/python3.8/site-packages/airflow/example_dags/tutorial_taskflow_api_etl.py
[2022-10-11 11:12:29,537] {processor.py:641} INFO - Processing file /home/ubuntu/airflow/airflow_env/lib/python3.8/site-packages/airflow/example_dags/tutorial_taskflow_api_etl.py for tasks to queue
[2022-10-11 11:12:29,538] {logging_mixin.py:115} INFO - [2022-10-11 11:12:29,538] {dagbag.py:507} INFO - Filling up the DagBag from /home/ubuntu/airflow/airflow_env/lib/python3.8/site-packages/airflow/example_dags/tutorial_taskflow_api_etl.py
[2022-10-11 11:12:29,560] {processor.py:651} INFO - DAG(s) dict_keys(['tutorial_taskflow_api_etl']) retrieved from /home/ubuntu/airflow/airflow_env/lib/python3.8/site-packages/airflow/example_dags/tutorial_taskflow_api_etl.py
[2022-10-11 11:12:29,582] {logging_mixin.py:115} INFO - [2022-10-11 11:12:29,582] {dag.py:2379} INFO - Sync 1 DAGs
[2022-10-11 11:12:29,600] {logging_mixin.py:115} INFO - [2022-10-11 11:12:29,600] {dag.py:2927} INFO - Setting next_dagrun for tutorial_taskflow_api_etl to None, run_after=None
[2022-10-11 11:12:29,615] {processor.py:161} INFO - Processing /home/ubuntu/airflow/airflow_env/lib/python3.8/site-packages/airflow/example_dags/tutorial_taskflow_api_etl.py took 0.083 seconds
[2022-10-11 11:13:13,024] {processor.py:153} INFO - Started process (PID=206756) to work on /home/ubuntu/airflow/airflow_env/lib/python3.8/site-packages/airflow/example_dags/tutorial_taskflow_api_etl.py
[2022-10-11 11:13:13,026] {processor.py:641} INFO - Processing file /home/ubuntu/airflow/airflow_env/lib/python3.8/site-packages/airflow/example_dags/tutorial_taskflow_api_etl.py for tasks to queue
[2022-10-11 11:13:13,029] {logging_mixin.py:115} INFO - [2022-10-11 11:13:13,028] {dagbag.py:507} INFO - Filling up the DagBag from /home/ubuntu/airflow/airflow_env/lib/python3.8/site-packages/airflow/example_dags/tutorial_taskflow_api_etl.py
[2022-10-11 11:13:13,054] {processor.py:651} INFO - DAG(s) dict_keys(['tutorial_taskflow_api_etl']) retrieved from /home/ubuntu/airflow/airflow_env/lib/python3.8/site-packages/airflow/example_dags/tutorial_taskflow_api_etl.py
[2022-10-11 11:13:13,076] {logging_mixin.py:115} INFO - [2022-10-11 11:13:13,075] {dag.py:2379} INFO - Sync 1 DAGs
[2022-10-11 11:13:13,096] {logging_mixin.py:115} INFO - [2022-10-11 11:13:13,096] {dag.py:2927} INFO - Setting next_dagrun for tutorial_taskflow_api_etl to None, run_after=None
[2022-10-11 11:13:13,113] {processor.py:161} INFO - Processing /home/ubuntu/airflow/airflow_env/lib/python3.8/site-packages/airflow/example_dags/tutorial_taskflow_api_etl.py took 0.094 seconds
[2022-10-11 11:13:50,653] {processor.py:153} INFO - Started process (PID=211361) to work on /home/ubuntu/airflow/airflow_env/lib/python3.8/site-packages/airflow/example_dags/tutorial_taskflow_api_etl.py
[2022-10-11 11:13:50,654] {processor.py:641} INFO - Processing file /home/ubuntu/airflow/airflow_env/lib/python3.8/site-packages/airflow/example_dags/tutorial_taskflow_api_etl.py for tasks to queue
[2022-10-11 11:13:50,655] {logging_mixin.py:115} INFO - [2022-10-11 11:13:50,655] {dagbag.py:507} INFO - Filling up the DagBag from /home/ubuntu/airflow/airflow_env/lib/python3.8/site-packages/airflow/example_dags/tutorial_taskflow_api_etl.py
[2022-10-11 11:13:50,684] {processor.py:651} INFO - DAG(s) dict_keys(['tutorial_taskflow_api_etl']) retrieved from /home/ubuntu/airflow/airflow_env/lib/python3.8/site-packages/airflow/example_dags/tutorial_taskflow_api_etl.py
[2022-10-11 11:13:50,709] {logging_mixin.py:115} INFO - [2022-10-11 11:13:50,709] {dag.py:2379} INFO - Sync 1 DAGs
[2022-10-11 11:13:50,730] {logging_mixin.py:115} INFO - [2022-10-11 11:13:50,730] {dag.py:2927} INFO - Setting next_dagrun for tutorial_taskflow_api_etl to None, run_after=None
[2022-10-11 11:13:50,746] {processor.py:161} INFO - Processing /home/ubuntu/airflow/airflow_env/lib/python3.8/site-packages/airflow/example_dags/tutorial_taskflow_api_etl.py took 0.098 seconds
[2022-10-11 11:14:22,480] {processor.py:153} INFO - Started process (PID=212210) to work on /home/ubuntu/airflow/airflow_env/lib/python3.8/site-packages/airflow/example_dags/tutorial_taskflow_api_etl.py
[2022-10-11 11:14:22,481] {processor.py:641} INFO - Processing file /home/ubuntu/airflow/airflow_env/lib/python3.8/site-packages/airflow/example_dags/tutorial_taskflow_api_etl.py for tasks to queue
[2022-10-11 11:14:22,482] {logging_mixin.py:115} INFO - [2022-10-11 11:14:22,482] {dagbag.py:507} INFO - Filling up the DagBag from /home/ubuntu/airflow/airflow_env/lib/python3.8/site-packages/airflow/example_dags/tutorial_taskflow_api_etl.py
[2022-10-11 11:14:22,503] {processor.py:651} INFO - DAG(s) dict_keys(['tutorial_taskflow_api_etl']) retrieved from /home/ubuntu/airflow/airflow_env/lib/python3.8/site-packages/airflow/example_dags/tutorial_taskflow_api_etl.py
[2022-10-11 11:14:22,522] {logging_mixin.py:115} INFO - [2022-10-11 11:14:22,522] {dag.py:2379} INFO - Sync 1 DAGs
[2022-10-11 11:14:22,539] {logging_mixin.py:115} INFO - [2022-10-11 11:14:22,539] {dag.py:2927} INFO - Setting next_dagrun for tutorial_taskflow_api_etl to None, run_after=None
[2022-10-11 11:14:22,551] {processor.py:161} INFO - Processing /home/ubuntu/airflow/airflow_env/lib/python3.8/site-packages/airflow/example_dags/tutorial_taskflow_api_etl.py took 0.075 seconds
[2022-10-11 11:14:53,919] {processor.py:153} INFO - Started process (PID=212279) to work on /home/ubuntu/airflow/airflow_env/lib/python3.8/site-packages/airflow/example_dags/tutorial_taskflow_api_etl.py
[2022-10-11 11:14:53,920] {processor.py:641} INFO - Processing file /home/ubuntu/airflow/airflow_env/lib/python3.8/site-packages/airflow/example_dags/tutorial_taskflow_api_etl.py for tasks to queue
[2022-10-11 11:14:53,920] {logging_mixin.py:115} INFO - [2022-10-11 11:14:53,920] {dagbag.py:507} INFO - Filling up the DagBag from /home/ubuntu/airflow/airflow_env/lib/python3.8/site-packages/airflow/example_dags/tutorial_taskflow_api_etl.py
[2022-10-11 11:14:53,941] {processor.py:651} INFO - DAG(s) dict_keys(['tutorial_taskflow_api_etl']) retrieved from /home/ubuntu/airflow/airflow_env/lib/python3.8/site-packages/airflow/example_dags/tutorial_taskflow_api_etl.py
[2022-10-11 11:14:53,960] {logging_mixin.py:115} INFO - [2022-10-11 11:14:53,960] {dag.py:2379} INFO - Sync 1 DAGs
[2022-10-11 11:14:53,975] {logging_mixin.py:115} INFO - [2022-10-11 11:14:53,975] {dag.py:2927} INFO - Setting next_dagrun for tutorial_taskflow_api_etl to None, run_after=None
[2022-10-11 11:14:53,987] {processor.py:161} INFO - Processing /home/ubuntu/airflow/airflow_env/lib/python3.8/site-packages/airflow/example_dags/tutorial_taskflow_api_etl.py took 0.073 seconds
[2022-10-11 11:15:28,296] {processor.py:153} INFO - Started process (PID=212338) to work on /home/ubuntu/airflow/airflow_env/lib/python3.8/site-packages/airflow/example_dags/tutorial_taskflow_api_etl.py
[2022-10-11 11:15:28,297] {processor.py:641} INFO - Processing file /home/ubuntu/airflow/airflow_env/lib/python3.8/site-packages/airflow/example_dags/tutorial_taskflow_api_etl.py for tasks to queue
[2022-10-11 11:15:28,298] {logging_mixin.py:115} INFO - [2022-10-11 11:15:28,298] {dagbag.py:507} INFO - Filling up the DagBag from /home/ubuntu/airflow/airflow_env/lib/python3.8/site-packages/airflow/example_dags/tutorial_taskflow_api_etl.py
[2022-10-11 11:15:28,319] {processor.py:651} INFO - DAG(s) dict_keys(['tutorial_taskflow_api_etl']) retrieved from /home/ubuntu/airflow/airflow_env/lib/python3.8/site-packages/airflow/example_dags/tutorial_taskflow_api_etl.py
[2022-10-11 11:15:28,337] {logging_mixin.py:115} INFO - [2022-10-11 11:15:28,337] {dag.py:2379} INFO - Sync 1 DAGs
[2022-10-11 11:15:28,352] {logging_mixin.py:115} INFO - [2022-10-11 11:15:28,352] {dag.py:2927} INFO - Setting next_dagrun for tutorial_taskflow_api_etl to None, run_after=None
[2022-10-11 11:15:28,363] {processor.py:161} INFO - Processing /home/ubuntu/airflow/airflow_env/lib/python3.8/site-packages/airflow/example_dags/tutorial_taskflow_api_etl.py took 0.071 seconds
[2022-10-11 11:15:59,809] {processor.py:153} INFO - Started process (PID=212390) to work on /home/ubuntu/airflow/airflow_env/lib/python3.8/site-packages/airflow/example_dags/tutorial_taskflow_api_etl.py
[2022-10-11 11:15:59,810] {processor.py:641} INFO - Processing file /home/ubuntu/airflow/airflow_env/lib/python3.8/site-packages/airflow/example_dags/tutorial_taskflow_api_etl.py for tasks to queue
[2022-10-11 11:15:59,810] {logging_mixin.py:115} INFO - [2022-10-11 11:15:59,810] {dagbag.py:507} INFO - Filling up the DagBag from /home/ubuntu/airflow/airflow_env/lib/python3.8/site-packages/airflow/example_dags/tutorial_taskflow_api_etl.py
[2022-10-11 11:15:59,831] {processor.py:651} INFO - DAG(s) dict_keys(['tutorial_taskflow_api_etl']) retrieved from /home/ubuntu/airflow/airflow_env/lib/python3.8/site-packages/airflow/example_dags/tutorial_taskflow_api_etl.py
[2022-10-11 11:15:59,872] {logging_mixin.py:115} INFO - [2022-10-11 11:15:59,871] {dag.py:2379} INFO - Sync 1 DAGs
[2022-10-11 11:15:59,883] {logging_mixin.py:115} INFO - [2022-10-11 11:15:59,883] {dag.py:2927} INFO - Setting next_dagrun for tutorial_taskflow_api_etl to None, run_after=None
[2022-10-11 11:15:59,896] {processor.py:161} INFO - Processing /home/ubuntu/airflow/airflow_env/lib/python3.8/site-packages/airflow/example_dags/tutorial_taskflow_api_etl.py took 0.091 seconds
[2022-10-11 11:16:30,611] {processor.py:153} INFO - Started process (PID=212446) to work on /home/ubuntu/airflow/airflow_env/lib/python3.8/site-packages/airflow/example_dags/tutorial_taskflow_api_etl.py
[2022-10-11 11:16:30,612] {processor.py:641} INFO - Processing file /home/ubuntu/airflow/airflow_env/lib/python3.8/site-packages/airflow/example_dags/tutorial_taskflow_api_etl.py for tasks to queue
[2022-10-11 11:16:30,613] {logging_mixin.py:115} INFO - [2022-10-11 11:16:30,613] {dagbag.py:507} INFO - Filling up the DagBag from /home/ubuntu/airflow/airflow_env/lib/python3.8/site-packages/airflow/example_dags/tutorial_taskflow_api_etl.py
[2022-10-11 11:16:30,634] {processor.py:651} INFO - DAG(s) dict_keys(['tutorial_taskflow_api_etl']) retrieved from /home/ubuntu/airflow/airflow_env/lib/python3.8/site-packages/airflow/example_dags/tutorial_taskflow_api_etl.py
[2022-10-11 11:16:30,653] {logging_mixin.py:115} INFO - [2022-10-11 11:16:30,653] {dag.py:2379} INFO - Sync 1 DAGs
[2022-10-11 11:16:30,678] {logging_mixin.py:115} INFO - [2022-10-11 11:16:30,678] {dag.py:2927} INFO - Setting next_dagrun for tutorial_taskflow_api_etl to None, run_after=None
[2022-10-11 11:16:30,695] {processor.py:161} INFO - Processing /home/ubuntu/airflow/airflow_env/lib/python3.8/site-packages/airflow/example_dags/tutorial_taskflow_api_etl.py took 0.088 seconds
[2022-10-11 11:17:03,888] {processor.py:153} INFO - Started process (PID=212791) to work on /home/ubuntu/airflow/airflow_env/lib/python3.8/site-packages/airflow/example_dags/tutorial_taskflow_api_etl.py
[2022-10-11 11:17:03,889] {processor.py:641} INFO - Processing file /home/ubuntu/airflow/airflow_env/lib/python3.8/site-packages/airflow/example_dags/tutorial_taskflow_api_etl.py for tasks to queue
[2022-10-11 11:17:03,890] {logging_mixin.py:115} INFO - [2022-10-11 11:17:03,890] {dagbag.py:507} INFO - Filling up the DagBag from /home/ubuntu/airflow/airflow_env/lib/python3.8/site-packages/airflow/example_dags/tutorial_taskflow_api_etl.py
[2022-10-11 11:17:03,910] {processor.py:651} INFO - DAG(s) dict_keys(['tutorial_taskflow_api_etl']) retrieved from /home/ubuntu/airflow/airflow_env/lib/python3.8/site-packages/airflow/example_dags/tutorial_taskflow_api_etl.py
[2022-10-11 11:17:03,927] {logging_mixin.py:115} INFO - [2022-10-11 11:17:03,927] {dag.py:2379} INFO - Sync 1 DAGs
[2022-10-11 11:17:03,941] {logging_mixin.py:115} INFO - [2022-10-11 11:17:03,941] {dag.py:2927} INFO - Setting next_dagrun for tutorial_taskflow_api_etl to None, run_after=None
[2022-10-11 11:17:03,953] {processor.py:161} INFO - Processing /home/ubuntu/airflow/airflow_env/lib/python3.8/site-packages/airflow/example_dags/tutorial_taskflow_api_etl.py took 0.069 seconds
[2022-10-11 11:17:37,428] {processor.py:153} INFO - Started process (PID=212869) to work on /home/ubuntu/airflow/airflow_env/lib/python3.8/site-packages/airflow/example_dags/tutorial_taskflow_api_etl.py
[2022-10-11 11:17:37,429] {processor.py:641} INFO - Processing file /home/ubuntu/airflow/airflow_env/lib/python3.8/site-packages/airflow/example_dags/tutorial_taskflow_api_etl.py for tasks to queue
[2022-10-11 11:17:37,429] {logging_mixin.py:115} INFO - [2022-10-11 11:17:37,429] {dagbag.py:507} INFO - Filling up the DagBag from /home/ubuntu/airflow/airflow_env/lib/python3.8/site-packages/airflow/example_dags/tutorial_taskflow_api_etl.py
[2022-10-11 11:17:37,456] {processor.py:651} INFO - DAG(s) dict_keys(['tutorial_taskflow_api_etl']) retrieved from /home/ubuntu/airflow/airflow_env/lib/python3.8/site-packages/airflow/example_dags/tutorial_taskflow_api_etl.py
[2022-10-11 11:17:37,481] {logging_mixin.py:115} INFO - [2022-10-11 11:17:37,481] {dag.py:2379} INFO - Sync 1 DAGs
[2022-10-11 11:17:37,513] {logging_mixin.py:115} INFO - [2022-10-11 11:17:37,513] {dag.py:2927} INFO - Setting next_dagrun for tutorial_taskflow_api_etl to None, run_after=None
[2022-10-11 11:17:37,533] {processor.py:161} INFO - Processing /home/ubuntu/airflow/airflow_env/lib/python3.8/site-packages/airflow/example_dags/tutorial_taskflow_api_etl.py took 0.111 seconds
[2022-10-11 11:18:12,121] {processor.py:153} INFO - Started process (PID=212947) to work on /home/ubuntu/airflow/airflow_env/lib/python3.8/site-packages/airflow/example_dags/tutorial_taskflow_api_etl.py
[2022-10-11 11:18:12,122] {processor.py:641} INFO - Processing file /home/ubuntu/airflow/airflow_env/lib/python3.8/site-packages/airflow/example_dags/tutorial_taskflow_api_etl.py for tasks to queue
[2022-10-11 11:18:12,123] {logging_mixin.py:115} INFO - [2022-10-11 11:18:12,123] {dagbag.py:507} INFO - Filling up the DagBag from /home/ubuntu/airflow/airflow_env/lib/python3.8/site-packages/airflow/example_dags/tutorial_taskflow_api_etl.py
[2022-10-11 11:18:12,145] {processor.py:651} INFO - DAG(s) dict_keys(['tutorial_taskflow_api_etl']) retrieved from /home/ubuntu/airflow/airflow_env/lib/python3.8/site-packages/airflow/example_dags/tutorial_taskflow_api_etl.py
[2022-10-11 11:18:12,166] {logging_mixin.py:115} INFO - [2022-10-11 11:18:12,165] {dag.py:2379} INFO - Sync 1 DAGs
[2022-10-11 11:18:12,185] {logging_mixin.py:115} INFO - [2022-10-11 11:18:12,185] {dag.py:2927} INFO - Setting next_dagrun for tutorial_taskflow_api_etl to None, run_after=None
[2022-10-11 11:18:12,203] {processor.py:161} INFO - Processing /home/ubuntu/airflow/airflow_env/lib/python3.8/site-packages/airflow/example_dags/tutorial_taskflow_api_etl.py took 0.086 seconds
[2022-10-11 11:18:44,359] {processor.py:153} INFO - Started process (PID=213009) to work on /home/ubuntu/airflow/airflow_env/lib/python3.8/site-packages/airflow/example_dags/tutorial_taskflow_api_etl.py
[2022-10-11 11:18:44,359] {processor.py:641} INFO - Processing file /home/ubuntu/airflow/airflow_env/lib/python3.8/site-packages/airflow/example_dags/tutorial_taskflow_api_etl.py for tasks to queue
[2022-10-11 11:18:44,360] {logging_mixin.py:115} INFO - [2022-10-11 11:18:44,360] {dagbag.py:507} INFO - Filling up the DagBag from /home/ubuntu/airflow/airflow_env/lib/python3.8/site-packages/airflow/example_dags/tutorial_taskflow_api_etl.py
[2022-10-11 11:18:44,381] {processor.py:651} INFO - DAG(s) dict_keys(['tutorial_taskflow_api_etl']) retrieved from /home/ubuntu/airflow/airflow_env/lib/python3.8/site-packages/airflow/example_dags/tutorial_taskflow_api_etl.py
[2022-10-11 11:18:44,426] {logging_mixin.py:115} INFO - [2022-10-11 11:18:44,426] {dag.py:2379} INFO - Sync 1 DAGs
[2022-10-11 11:18:44,440] {logging_mixin.py:115} INFO - [2022-10-11 11:18:44,440] {dag.py:2927} INFO - Setting next_dagrun for tutorial_taskflow_api_etl to None, run_after=None
[2022-10-11 11:18:44,453] {processor.py:161} INFO - Processing /home/ubuntu/airflow/airflow_env/lib/python3.8/site-packages/airflow/example_dags/tutorial_taskflow_api_etl.py took 0.099 seconds
[2022-10-11 11:19:18,776] {processor.py:153} INFO - Started process (PID=213163) to work on /home/ubuntu/airflow/airflow_env/lib/python3.8/site-packages/airflow/example_dags/tutorial_taskflow_api_etl.py
[2022-10-11 11:19:18,777] {processor.py:641} INFO - Processing file /home/ubuntu/airflow/airflow_env/lib/python3.8/site-packages/airflow/example_dags/tutorial_taskflow_api_etl.py for tasks to queue
[2022-10-11 11:19:18,777] {logging_mixin.py:115} INFO - [2022-10-11 11:19:18,777] {dagbag.py:507} INFO - Filling up the DagBag from /home/ubuntu/airflow/airflow_env/lib/python3.8/site-packages/airflow/example_dags/tutorial_taskflow_api_etl.py
[2022-10-11 11:19:18,805] {processor.py:651} INFO - DAG(s) dict_keys(['tutorial_taskflow_api_etl']) retrieved from /home/ubuntu/airflow/airflow_env/lib/python3.8/site-packages/airflow/example_dags/tutorial_taskflow_api_etl.py
[2022-10-11 11:19:18,830] {logging_mixin.py:115} INFO - [2022-10-11 11:19:18,830] {dag.py:2379} INFO - Sync 1 DAGs
[2022-10-11 11:19:18,850] {logging_mixin.py:115} INFO - [2022-10-11 11:19:18,849] {dag.py:2927} INFO - Setting next_dagrun for tutorial_taskflow_api_etl to None, run_after=None
[2022-10-11 11:19:18,867] {processor.py:161} INFO - Processing /home/ubuntu/airflow/airflow_env/lib/python3.8/site-packages/airflow/example_dags/tutorial_taskflow_api_etl.py took 0.097 seconds
[2022-10-11 11:19:50,690] {processor.py:153} INFO - Started process (PID=213274) to work on /home/ubuntu/airflow/airflow_env/lib/python3.8/site-packages/airflow/example_dags/tutorial_taskflow_api_etl.py
[2022-10-11 11:19:50,691] {processor.py:641} INFO - Processing file /home/ubuntu/airflow/airflow_env/lib/python3.8/site-packages/airflow/example_dags/tutorial_taskflow_api_etl.py for tasks to queue
[2022-10-11 11:19:50,692] {logging_mixin.py:115} INFO - [2022-10-11 11:19:50,692] {dagbag.py:507} INFO - Filling up the DagBag from /home/ubuntu/airflow/airflow_env/lib/python3.8/site-packages/airflow/example_dags/tutorial_taskflow_api_etl.py
[2022-10-11 11:19:50,713] {processor.py:651} INFO - DAG(s) dict_keys(['tutorial_taskflow_api_etl']) retrieved from /home/ubuntu/airflow/airflow_env/lib/python3.8/site-packages/airflow/example_dags/tutorial_taskflow_api_etl.py
[2022-10-11 11:19:50,743] {logging_mixin.py:115} INFO - [2022-10-11 11:19:50,743] {dag.py:2379} INFO - Sync 1 DAGs
[2022-10-11 11:19:50,764] {logging_mixin.py:115} INFO - [2022-10-11 11:19:50,764] {dag.py:2927} INFO - Setting next_dagrun for tutorial_taskflow_api_etl to None, run_after=None
[2022-10-11 11:19:50,783] {processor.py:161} INFO - Processing /home/ubuntu/airflow/airflow_env/lib/python3.8/site-packages/airflow/example_dags/tutorial_taskflow_api_etl.py took 0.097 seconds
[2022-10-11 11:20:24,552] {processor.py:153} INFO - Started process (PID=213335) to work on /home/ubuntu/airflow/airflow_env/lib/python3.8/site-packages/airflow/example_dags/tutorial_taskflow_api_etl.py
[2022-10-11 11:20:24,553] {processor.py:641} INFO - Processing file /home/ubuntu/airflow/airflow_env/lib/python3.8/site-packages/airflow/example_dags/tutorial_taskflow_api_etl.py for tasks to queue
[2022-10-11 11:20:24,554] {logging_mixin.py:115} INFO - [2022-10-11 11:20:24,554] {dagbag.py:507} INFO - Filling up the DagBag from /home/ubuntu/airflow/airflow_env/lib/python3.8/site-packages/airflow/example_dags/tutorial_taskflow_api_etl.py
[2022-10-11 11:20:24,574] {processor.py:651} INFO - DAG(s) dict_keys(['tutorial_taskflow_api_etl']) retrieved from /home/ubuntu/airflow/airflow_env/lib/python3.8/site-packages/airflow/example_dags/tutorial_taskflow_api_etl.py
[2022-10-11 11:20:24,593] {logging_mixin.py:115} INFO - [2022-10-11 11:20:24,593] {dag.py:2379} INFO - Sync 1 DAGs
[2022-10-11 11:20:24,609] {logging_mixin.py:115} INFO - [2022-10-11 11:20:24,609] {dag.py:2927} INFO - Setting next_dagrun for tutorial_taskflow_api_etl to None, run_after=None
[2022-10-11 11:20:24,622] {processor.py:161} INFO - Processing /home/ubuntu/airflow/airflow_env/lib/python3.8/site-packages/airflow/example_dags/tutorial_taskflow_api_etl.py took 0.074 seconds
[2022-10-11 11:20:56,601] {processor.py:153} INFO - Started process (PID=213392) to work on /home/ubuntu/airflow/airflow_env/lib/python3.8/site-packages/airflow/example_dags/tutorial_taskflow_api_etl.py
[2022-10-11 11:20:56,602] {processor.py:641} INFO - Processing file /home/ubuntu/airflow/airflow_env/lib/python3.8/site-packages/airflow/example_dags/tutorial_taskflow_api_etl.py for tasks to queue
[2022-10-11 11:20:56,603] {logging_mixin.py:115} INFO - [2022-10-11 11:20:56,602] {dagbag.py:507} INFO - Filling up the DagBag from /home/ubuntu/airflow/airflow_env/lib/python3.8/site-packages/airflow/example_dags/tutorial_taskflow_api_etl.py
[2022-10-11 11:20:56,625] {processor.py:651} INFO - DAG(s) dict_keys(['tutorial_taskflow_api_etl']) retrieved from /home/ubuntu/airflow/airflow_env/lib/python3.8/site-packages/airflow/example_dags/tutorial_taskflow_api_etl.py
[2022-10-11 11:20:56,646] {logging_mixin.py:115} INFO - [2022-10-11 11:20:56,646] {dag.py:2379} INFO - Sync 1 DAGs
[2022-10-11 11:20:56,663] {logging_mixin.py:115} INFO - [2022-10-11 11:20:56,663] {dag.py:2927} INFO - Setting next_dagrun for tutorial_taskflow_api_etl to None, run_after=None
[2022-10-11 11:20:56,675] {processor.py:161} INFO - Processing /home/ubuntu/airflow/airflow_env/lib/python3.8/site-packages/airflow/example_dags/tutorial_taskflow_api_etl.py took 0.081 seconds
[2022-10-11 11:21:28,553] {processor.py:153} INFO - Started process (PID=213464) to work on /home/ubuntu/airflow/airflow_env/lib/python3.8/site-packages/airflow/example_dags/tutorial_taskflow_api_etl.py
[2022-10-11 11:21:28,555] {processor.py:641} INFO - Processing file /home/ubuntu/airflow/airflow_env/lib/python3.8/site-packages/airflow/example_dags/tutorial_taskflow_api_etl.py for tasks to queue
[2022-10-11 11:21:28,556] {logging_mixin.py:115} INFO - [2022-10-11 11:21:28,555] {dagbag.py:507} INFO - Filling up the DagBag from /home/ubuntu/airflow/airflow_env/lib/python3.8/site-packages/airflow/example_dags/tutorial_taskflow_api_etl.py
[2022-10-11 11:21:28,578] {processor.py:651} INFO - DAG(s) dict_keys(['tutorial_taskflow_api_etl']) retrieved from /home/ubuntu/airflow/airflow_env/lib/python3.8/site-packages/airflow/example_dags/tutorial_taskflow_api_etl.py
[2022-10-11 11:21:28,639] {logging_mixin.py:115} INFO - [2022-10-11 11:21:28,639] {dag.py:2379} INFO - Sync 1 DAGs
[2022-10-11 11:21:28,656] {logging_mixin.py:115} INFO - [2022-10-11 11:21:28,656] {dag.py:2927} INFO - Setting next_dagrun for tutorial_taskflow_api_etl to None, run_after=None
[2022-10-11 11:21:28,671] {processor.py:161} INFO - Processing /home/ubuntu/airflow/airflow_env/lib/python3.8/site-packages/airflow/example_dags/tutorial_taskflow_api_etl.py took 0.125 seconds
