[2022-10-16 22:39:25,777] {taskinstance.py:1159} INFO - Dependencies all met for <TaskInstance: dbt.dbt_seed scheduled__2022-10-13T00:04:00+00:00 [queued]>
[2022-10-16 22:39:25,783] {taskinstance.py:1159} INFO - Dependencies all met for <TaskInstance: dbt.dbt_seed scheduled__2022-10-13T00:04:00+00:00 [queued]>
[2022-10-16 22:39:25,783] {taskinstance.py:1356} INFO - 
--------------------------------------------------------------------------------
[2022-10-16 22:39:25,783] {taskinstance.py:1357} INFO - Starting attempt 1 of 1
[2022-10-16 22:39:25,783] {taskinstance.py:1358} INFO - 
--------------------------------------------------------------------------------
[2022-10-16 22:39:25,796] {taskinstance.py:1377} INFO - Executing <Task(DbtSeedOperator): dbt_seed> on 2022-10-13 00:04:00+00:00
[2022-10-16 22:39:25,799] {standard_task_runner.py:52} INFO - Started process 253571 to run task
[2022-10-16 22:39:25,804] {standard_task_runner.py:79} INFO - Running: ['airflow', 'tasks', 'run', 'dbt', 'dbt_seed', 'scheduled__2022-10-13T00:04:00+00:00', '--job-id', '100', '--raw', '--subdir', 'DAGS_FOLDER/dbt_airflow.py', '--cfg-path', '/tmp/tmpaf70xcf7', '--error-file', '/tmp/tmpcl16vfon']
[2022-10-16 22:39:25,805] {standard_task_runner.py:80} INFO - Job 100: Subtask dbt_seed
[2022-10-16 22:39:25,858] {task_command.py:370} INFO - Running <TaskInstance: dbt.dbt_seed scheduled__2022-10-13T00:04:00+00:00 [running]> on host ubuntu
[2022-10-16 22:39:25,918] {taskinstance.py:1569} INFO - Exporting the following env vars:
AIRFLOW_CTX_DAG_OWNER=airflow
AIRFLOW_CTX_DAG_ID=dbt
AIRFLOW_CTX_TASK_ID=dbt_seed
AIRFLOW_CTX_EXECUTION_DATE=2022-10-13T00:04:00+00:00
AIRFLOW_CTX_TRY_NUMBER=1
AIRFLOW_CTX_DAG_RUN_ID=scheduled__2022-10-13T00:04:00+00:00
[2022-10-16 22:39:25,919] {dbt_hook.py:117} INFO - dbt seed
[2022-10-16 22:39:25,924] {dbt_hook.py:126} INFO - Output:
[2022-10-16 22:39:29,082] {dbt_hook.py:130} INFO - 05:39:29  Running with dbt=1.1.0
[2022-10-16 22:39:29,222] {dbt_hook.py:130} INFO - 05:39:29  Found 6 models, 5 tests, 6 snapshots, 0 analyses, 400 macros, 0 operations, 7 seed files, 2 sources, 0 exposures, 0 metrics
[2022-10-16 22:39:29,228] {dbt_hook.py:130} INFO - 05:39:29
[2022-10-16 22:39:32,504] {dbt_hook.py:130} INFO - 05:39:32  Concurrency: 2 threads (target='dev')
[2022-10-16 22:39:32,505] {dbt_hook.py:130} INFO - 05:39:32
[2022-10-16 22:39:32,513] {dbt_hook.py:130} INFO - 05:39:32  1 of 7 START seed file DBT_HAMS71.STG_Accounts ................................. [RUN]
[2022-10-16 22:39:32,514] {dbt_hook.py:130} INFO - 05:39:32  2 of 7 START seed file DBT_HAMS71.STG_Address .................................. [RUN]
[2022-10-16 22:39:35,942] {dbt_hook.py:130} INFO - 05:39:35  2 of 7 OK loaded seed file DBT_HAMS71.STG_Address .............................. [[32mINSERT 300[0m in 3.43s]
[2022-10-16 22:39:35,944] {dbt_hook.py:130} INFO - 05:39:35  3 of 7 START seed file DBT_HAMS71.STG_Bank ..................................... [RUN]
[2022-10-16 22:39:36,404] {dbt_hook.py:130} INFO - 05:39:36  1 of 7 OK loaded seed file DBT_HAMS71.STG_Accounts ............................. [[32mINSERT 1000[0m in 3.88s]
[2022-10-16 22:39:36,435] {dbt_hook.py:130} INFO - 05:39:36  4 of 7 START seed file DBT_HAMS71.STG_Branch ................................... [RUN]
[2022-10-16 22:39:39,457] {dbt_hook.py:130} INFO - 05:39:39  3 of 7 OK loaded seed file DBT_HAMS71.STG_Bank ................................. [[32mINSERT 1000[0m in 3.51s]
[2022-10-16 22:39:39,458] {dbt_hook.py:130} INFO - 05:39:39  5 of 7 START seed file DBT_HAMS71.STG_City ..................................... [RUN]
[2022-10-16 22:39:39,874] {dbt_hook.py:130} INFO - 05:39:39  4 of 7 OK loaded seed file DBT_HAMS71.STG_Branch ............................... [[32mINSERT 1000[0m in 3.43s]
[2022-10-16 22:39:39,898] {dbt_hook.py:130} INFO - 05:39:39  6 of 7 START seed file DBT_HAMS71.STG_Contact .................................. [RUN]
[2022-10-16 22:39:42,672] {dbt_hook.py:130} INFO - 05:39:42  5 of 7 OK loaded seed file DBT_HAMS71.STG_City ................................. [[32mINSERT 300[0m in 3.21s]
[2022-10-16 22:39:42,673] {dbt_hook.py:130} INFO - 05:39:42  7 of 7 START seed file DBT_HAMS71.STG_Transactions ............................. [RUN]
[2022-10-16 22:39:43,699] {dbt_hook.py:130} INFO - 05:39:43  6 of 7 OK loaded seed file DBT_HAMS71.STG_Contact .............................. [[32mINSERT 1000[0m in 3.80s]
[2022-10-16 22:39:46,170] {dbt_hook.py:130} INFO - 05:39:46  7 of 7 OK loaded seed file DBT_HAMS71.STG_Transactions ......................... [[32mINSERT 1000[0m in 3.50s]
[2022-10-16 22:39:46,175] {dbt_hook.py:130} INFO - 05:39:46
[2022-10-16 22:39:46,175] {dbt_hook.py:130} INFO - 05:39:46  Finished running 7 seeds in 16.95s.
[2022-10-16 22:39:46,189] {dbt_hook.py:130} INFO - 05:39:46
[2022-10-16 22:39:46,189] {dbt_hook.py:130} INFO - 05:39:46  [32mCompleted successfully[0m
[2022-10-16 22:39:46,190] {dbt_hook.py:130} INFO - 05:39:46
[2022-10-16 22:39:46,190] {dbt_hook.py:130} INFO - 05:39:46  Done. PASS=7 WARN=0 ERROR=0 SKIP=0 TOTAL=7
[2022-10-16 22:39:47,616] {dbt_hook.py:132} INFO - Command exited with return code 0
[2022-10-16 22:39:47,627] {taskinstance.py:1395} INFO - Marking task as SUCCESS. dag_id=dbt, task_id=dbt_seed, execution_date=20221013T000400, start_date=20221017T053925, end_date=20221017T053947
[2022-10-16 22:39:47,660] {local_task_job.py:156} INFO - Task exited with return code 0
[2022-10-16 22:39:47,684] {local_task_job.py:273} INFO - 1 downstream tasks scheduled from follow-on schedule check
