[2022-10-17 10:58:44,812] {taskinstance.py:1159} INFO - Dependencies all met for <TaskInstance: dbt_dag_bash.dbt_project scheduled__2022-10-16T00:00:00+00:00 [queued]>
[2022-10-17 10:58:44,820] {taskinstance.py:1159} INFO - Dependencies all met for <TaskInstance: dbt_dag_bash.dbt_project scheduled__2022-10-16T00:00:00+00:00 [queued]>
[2022-10-17 10:58:44,821] {taskinstance.py:1356} INFO - 
--------------------------------------------------------------------------------
[2022-10-17 10:58:44,821] {taskinstance.py:1357} INFO - Starting attempt 1 of 1
[2022-10-17 10:58:44,821] {taskinstance.py:1358} INFO - 
--------------------------------------------------------------------------------
[2022-10-17 10:58:44,833] {taskinstance.py:1377} INFO - Executing <Task(BashOperator): dbt_project> on 2022-10-16 00:00:00+00:00
[2022-10-17 10:58:44,836] {standard_task_runner.py:52} INFO - Started process 258569 to run task
[2022-10-17 10:58:44,840] {standard_task_runner.py:79} INFO - Running: ['airflow', 'tasks', 'run', 'dbt_dag_bash', 'dbt_project', 'scheduled__2022-10-16T00:00:00+00:00', '--job-id', '108', '--raw', '--subdir', 'DAGS_FOLDER/dbt_bashOperator.py', '--cfg-path', '/tmp/tmpzp8ahhof', '--error-file', '/tmp/tmpu9wj733o']
[2022-10-17 10:58:44,841] {standard_task_runner.py:80} INFO - Job 108: Subtask dbt_project
[2022-10-17 10:58:44,889] {task_command.py:370} INFO - Running <TaskInstance: dbt_dag_bash.dbt_project scheduled__2022-10-16T00:00:00+00:00 [running]> on host ubuntu
[2022-10-17 10:58:44,948] {taskinstance.py:1569} INFO - Exporting the following env vars:
AIRFLOW_CTX_DAG_OWNER=airflow
AIRFLOW_CTX_DAG_ID=dbt_dag_bash
AIRFLOW_CTX_TASK_ID=dbt_project
AIRFLOW_CTX_EXECUTION_DATE=2022-10-16T00:00:00+00:00
AIRFLOW_CTX_TRY_NUMBER=1
AIRFLOW_CTX_DAG_RUN_ID=scheduled__2022-10-16T00:00:00+00:00
[2022-10-17 10:58:44,949] {subprocess.py:62} INFO - Tmp dir root location: 
 /tmp
[2022-10-17 10:58:44,950] {subprocess.py:74} INFO - Running command: ['bash', '-c', 'cd /home/ubuntu/airflow/dbt_project/']
[2022-10-17 10:58:44,960] {subprocess.py:85} INFO - Output:
[2022-10-17 10:58:44,962] {subprocess.py:96} INFO - Command exited with return code 0
[2022-10-17 10:58:44,985] {taskinstance.py:1395} INFO - Marking task as SUCCESS. dag_id=dbt_dag_bash, task_id=dbt_project, execution_date=20221016T000000, start_date=20221017T175844, end_date=20221017T175844
[2022-10-17 10:58:45,016] {local_task_job.py:156} INFO - Task exited with return code 0
[2022-10-17 10:58:45,057] {local_task_job.py:273} INFO - 1 downstream tasks scheduled from follow-on schedule check
