[2022-10-10 01:36:37,086] {taskinstance.py:1159} INFO - Dependencies all met for <TaskInstance: dbt.dbt_seed manual__2022-10-10T08:36:34.934093+00:00 [queued]>
[2022-10-10 01:36:37,091] {taskinstance.py:1159} INFO - Dependencies all met for <TaskInstance: dbt.dbt_seed manual__2022-10-10T08:36:34.934093+00:00 [queued]>
[2022-10-10 01:36:37,091] {taskinstance.py:1356} INFO - 
--------------------------------------------------------------------------------
[2022-10-10 01:36:37,091] {taskinstance.py:1357} INFO - Starting attempt 1 of 1
[2022-10-10 01:36:37,091] {taskinstance.py:1358} INFO - 
--------------------------------------------------------------------------------
[2022-10-10 01:36:37,108] {taskinstance.py:1377} INFO - Executing <Task(DbtSeedOperator): dbt_seed> on 2022-10-10 08:36:34.934093+00:00
[2022-10-10 01:36:37,113] {standard_task_runner.py:52} INFO - Started process 174264 to run task
[2022-10-10 01:36:37,119] {standard_task_runner.py:79} INFO - Running: ['airflow', 'tasks', 'run', 'dbt', 'dbt_seed', 'manual__2022-10-10T08:36:34.934093+00:00', '--job-id', '37', '--raw', '--subdir', 'DAGS_FOLDER/dbt_airflow.py', '--cfg-path', '/tmp/tmp7fs1pzrp', '--error-file', '/tmp/tmp9q_cfiak']
[2022-10-10 01:36:37,120] {standard_task_runner.py:80} INFO - Job 37: Subtask dbt_seed
[2022-10-10 01:36:37,196] {task_command.py:370} INFO - Running <TaskInstance: dbt.dbt_seed manual__2022-10-10T08:36:34.934093+00:00 [running]> on host ubuntu
[2022-10-10 01:36:37,264] {taskinstance.py:1569} INFO - Exporting the following env vars:
AIRFLOW_CTX_DAG_OWNER=airflow
AIRFLOW_CTX_DAG_ID=dbt
AIRFLOW_CTX_TASK_ID=dbt_seed
AIRFLOW_CTX_EXECUTION_DATE=2022-10-10T08:36:34.934093+00:00
AIRFLOW_CTX_TRY_NUMBER=1
AIRFLOW_CTX_DAG_RUN_ID=manual__2022-10-10T08:36:34.934093+00:00
[2022-10-10 01:36:37,265] {dbt_hook.py:117} INFO - dbt seed
[2022-10-10 01:36:37,273] {dbt_hook.py:126} INFO - Output:
[2022-10-10 01:36:40,438] {dbt_hook.py:130} INFO - 08:36:40  Running with dbt=1.1.0
[2022-10-10 01:36:40,606] {dbt_hook.py:130} INFO - 08:36:40  Found 6 models, 5 tests, 6 snapshots, 0 analyses, 400 macros, 0 operations, 7 seed files, 2 sources, 0 exposures, 0 metrics
[2022-10-10 01:36:40,608] {dbt_hook.py:130} INFO - 08:36:40
[2022-10-10 01:36:44,977] {dbt_hook.py:130} INFO - 08:36:44  Concurrency: 2 threads (target='dev')
[2022-10-10 01:36:44,978] {dbt_hook.py:130} INFO - 08:36:44
[2022-10-10 01:36:44,984] {dbt_hook.py:130} INFO - 08:36:44  1 of 7 START seed file DBT_HAMS71.STG_Accounts ................................. [RUN]
[2022-10-10 01:36:45,004] {dbt_hook.py:130} INFO - 08:36:45  2 of 7 START seed file DBT_HAMS71.STG_Address .................................. [RUN]
[2022-10-10 01:36:48,297] {dbt_hook.py:130} INFO - 08:36:48  2 of 7 OK loaded seed file DBT_HAMS71.STG_Address .............................. [[32mINSERT 300[0m in 3.29s]
[2022-10-10 01:36:48,298] {dbt_hook.py:130} INFO - 08:36:48  3 of 7 START seed file DBT_HAMS71.STG_Bank ..................................... [RUN]
[2022-10-10 01:36:48,700] {dbt_hook.py:130} INFO - 08:36:48  1 of 7 OK loaded seed file DBT_HAMS71.STG_Accounts ............................. [[32mINSERT 1000[0m in 3.70s]
[2022-10-10 01:36:48,719] {dbt_hook.py:130} INFO - 08:36:48  4 of 7 START seed file DBT_HAMS71.STG_Branch ................................... [RUN]
[2022-10-10 01:36:51,154] {dbt_hook.py:130} INFO - 08:36:51  3 of 7 OK loaded seed file DBT_HAMS71.STG_Bank ................................. [[32mINSERT 1000[0m in 2.86s]
[2022-10-10 01:36:51,155] {dbt_hook.py:130} INFO - 08:36:51  5 of 7 START seed file DBT_HAMS71.STG_City ..................................... [RUN]
[2022-10-10 01:36:51,656] {dbt_hook.py:130} INFO - 08:36:51  4 of 7 OK loaded seed file DBT_HAMS71.STG_Branch ............................... [[32mINSERT 1000[0m in 2.93s]
[2022-10-10 01:36:51,657] {dbt_hook.py:130} INFO - 08:36:51  6 of 7 START seed file DBT_HAMS71.STG_Contact .................................. [RUN]
[2022-10-10 01:36:53,837] {dbt_hook.py:130} INFO - 08:36:53  5 of 7 OK loaded seed file DBT_HAMS71.STG_City ................................. [[32mINSERT 300[0m in 2.68s]
[2022-10-10 01:36:53,839] {dbt_hook.py:130} INFO - 08:36:53  7 of 7 START seed file DBT_HAMS71.STG_Transactions ............................. [RUN]
[2022-10-10 01:36:54,945] {dbt_hook.py:130} INFO - 08:36:54  6 of 7 OK loaded seed file DBT_HAMS71.STG_Contact .............................. [[32mINSERT 1000[0m in 3.29s]
[2022-10-10 01:36:56,376] {dbt_hook.py:130} INFO - 08:36:56  7 of 7 OK loaded seed file DBT_HAMS71.STG_Transactions ......................... [[32mINSERT 1000[0m in 2.54s]
[2022-10-10 01:36:56,378] {dbt_hook.py:130} INFO - 08:36:56
[2022-10-10 01:36:56,379] {dbt_hook.py:130} INFO - 08:36:56  Finished running 7 seeds in 15.77s.
[2022-10-10 01:36:56,390] {dbt_hook.py:130} INFO - 08:36:56
[2022-10-10 01:36:56,391] {dbt_hook.py:130} INFO - 08:36:56  [32mCompleted successfully[0m
[2022-10-10 01:36:56,391] {dbt_hook.py:130} INFO - 08:36:56
[2022-10-10 01:36:56,392] {dbt_hook.py:130} INFO - 08:36:56  Done. PASS=7 WARN=0 ERROR=0 SKIP=0 TOTAL=7
[2022-10-10 01:36:57,946] {dbt_hook.py:132} INFO - Command exited with return code 0
[2022-10-10 01:36:57,955] {taskinstance.py:1395} INFO - Marking task as SUCCESS. dag_id=dbt, task_id=dbt_seed, execution_date=20221010T083634, start_date=20221010T083637, end_date=20221010T083657
[2022-10-10 01:36:57,976] {local_task_job.py:156} INFO - Task exited with return code 0
[2022-10-10 01:36:57,995] {local_task_job.py:273} INFO - 1 downstream tasks scheduled from follow-on schedule check
