[2022-10-13 12:15:56,105] {taskinstance.py:1159} INFO - Dependencies all met for <TaskInstance: dbt.dbt_seed scheduled__2022-10-13T00:00:00+00:00 [queued]>
[2022-10-13 12:15:56,113] {taskinstance.py:1159} INFO - Dependencies all met for <TaskInstance: dbt.dbt_seed scheduled__2022-10-13T00:00:00+00:00 [queued]>
[2022-10-13 12:15:56,114] {taskinstance.py:1356} INFO - 
--------------------------------------------------------------------------------
[2022-10-13 12:15:56,114] {taskinstance.py:1357} INFO - Starting attempt 1 of 1
[2022-10-13 12:15:56,114] {taskinstance.py:1358} INFO - 
--------------------------------------------------------------------------------
[2022-10-13 12:15:56,132] {taskinstance.py:1377} INFO - Executing <Task(DbtSeedOperator): dbt_seed> on 2022-10-13 00:00:00+00:00
[2022-10-13 12:15:56,136] {standard_task_runner.py:52} INFO - Started process 235377 to run task
[2022-10-13 12:15:56,139] {standard_task_runner.py:79} INFO - Running: ['airflow', 'tasks', 'run', 'dbt', 'dbt_seed', 'scheduled__2022-10-13T00:00:00+00:00', '--job-id', '63', '--raw', '--subdir', 'DAGS_FOLDER/dbt_airflow.py', '--cfg-path', '/tmp/tmpzz0ng_69', '--error-file', '/tmp/tmpetnfu_mo']
[2022-10-13 12:15:56,140] {standard_task_runner.py:80} INFO - Job 63: Subtask dbt_seed
[2022-10-13 12:15:56,180] {task_command.py:370} INFO - Running <TaskInstance: dbt.dbt_seed scheduled__2022-10-13T00:00:00+00:00 [running]> on host ubuntu
[2022-10-13 12:15:56,220] {taskinstance.py:1569} INFO - Exporting the following env vars:
AIRFLOW_CTX_DAG_OWNER=airflow
AIRFLOW_CTX_DAG_ID=dbt
AIRFLOW_CTX_TASK_ID=dbt_seed
AIRFLOW_CTX_EXECUTION_DATE=2022-10-13T00:00:00+00:00
AIRFLOW_CTX_TRY_NUMBER=1
AIRFLOW_CTX_DAG_RUN_ID=scheduled__2022-10-13T00:00:00+00:00
[2022-10-13 12:15:56,221] {dbt_hook.py:117} INFO - dbt seed
[2022-10-13 12:15:56,226] {dbt_hook.py:126} INFO - Output:
[2022-10-13 12:15:58,985] {dbt_hook.py:130} INFO - 19:15:58  Running with dbt=1.1.0
[2022-10-13 12:15:59,087] {dbt_hook.py:130} INFO - 19:15:59  Found 6 models, 5 tests, 6 snapshots, 0 analyses, 400 macros, 0 operations, 7 seed files, 2 sources, 0 exposures, 0 metrics
[2022-10-13 12:15:59,090] {dbt_hook.py:130} INFO - 19:15:59
[2022-10-13 12:16:04,585] {dbt_hook.py:130} INFO - 19:16:04  Concurrency: 2 threads (target='dev')
[2022-10-13 12:16:04,586] {dbt_hook.py:130} INFO - 19:16:04
[2022-10-13 12:16:04,608] {dbt_hook.py:130} INFO - 19:16:04  1 of 7 START seed file DBT_HAMS71.STG_Accounts ................................. [RUN]
[2022-10-13 12:16:04,610] {dbt_hook.py:130} INFO - 19:16:04  2 of 7 START seed file DBT_HAMS71.STG_Address .................................. [RUN]
[2022-10-13 12:16:08,835] {dbt_hook.py:130} INFO - 19:16:08  2 of 7 OK loaded seed file DBT_HAMS71.STG_Address .............................. [[32mINSERT 300[0m in 4.22s]
[2022-10-13 12:16:08,836] {dbt_hook.py:130} INFO - 19:16:08  3 of 7 START seed file DBT_HAMS71.STG_Bank ..................................... [RUN]
[2022-10-13 12:16:09,050] {dbt_hook.py:130} INFO - 19:16:09  1 of 7 OK loaded seed file DBT_HAMS71.STG_Accounts ............................. [[32mINSERT 1000[0m in 4.44s]
[2022-10-13 12:16:09,052] {dbt_hook.py:130} INFO - 19:16:09  4 of 7 START seed file DBT_HAMS71.STG_Branch ................................... [RUN]
[2022-10-13 12:16:11,927] {dbt_hook.py:130} INFO - 19:16:11  3 of 7 OK loaded seed file DBT_HAMS71.STG_Bank ................................. [[32mINSERT 1000[0m in 3.09s]
[2022-10-13 12:16:11,928] {dbt_hook.py:130} INFO - 19:16:11  5 of 7 START seed file DBT_HAMS71.STG_City ..................................... [RUN]
[2022-10-13 12:16:12,349] {dbt_hook.py:130} INFO - 19:16:12  4 of 7 OK loaded seed file DBT_HAMS71.STG_Branch ............................... [[32mINSERT 1000[0m in 3.28s]
[2022-10-13 12:16:12,369] {dbt_hook.py:130} INFO - 19:16:12  6 of 7 START seed file DBT_HAMS71.STG_Contact .................................. [RUN]
[2022-10-13 12:16:14,884] {dbt_hook.py:130} INFO - 19:16:14  5 of 7 OK loaded seed file DBT_HAMS71.STG_City ................................. [[32mINSERT 300[0m in 2.96s]
[2022-10-13 12:16:14,886] {dbt_hook.py:130} INFO - 19:16:14  7 of 7 START seed file DBT_HAMS71.STG_Transactions ............................. [RUN]
[2022-10-13 12:16:16,013] {dbt_hook.py:130} INFO - 19:16:16  6 of 7 OK loaded seed file DBT_HAMS71.STG_Contact .............................. [[32mINSERT 1000[0m in 3.64s]
[2022-10-13 12:16:18,516] {dbt_hook.py:130} INFO - 19:16:18  7 of 7 OK loaded seed file DBT_HAMS71.STG_Transactions ......................... [[32mINSERT 1000[0m in 3.63s]
[2022-10-13 12:16:18,520] {dbt_hook.py:130} INFO - 19:16:18
[2022-10-13 12:16:18,520] {dbt_hook.py:130} INFO - 19:16:18  Finished running 7 seeds in 19.43s.
[2022-10-13 12:16:18,542] {dbt_hook.py:130} INFO - 19:16:18
[2022-10-13 12:16:18,543] {dbt_hook.py:130} INFO - 19:16:18  [32mCompleted successfully[0m
[2022-10-13 12:16:18,544] {dbt_hook.py:130} INFO - 19:16:18
[2022-10-13 12:16:18,544] {dbt_hook.py:130} INFO - 19:16:18  Done. PASS=7 WARN=0 ERROR=0 SKIP=0 TOTAL=7
[2022-10-13 12:16:20,140] {dbt_hook.py:132} INFO - Command exited with return code 0
[2022-10-13 12:16:20,165] {taskinstance.py:1395} INFO - Marking task as SUCCESS. dag_id=dbt, task_id=dbt_seed, execution_date=20221013T000000, start_date=20221013T191556, end_date=20221013T191620
[2022-10-13 12:16:20,229] {local_task_job.py:156} INFO - Task exited with return code 0
[2022-10-13 12:16:20,274] {local_task_job.py:273} INFO - 1 downstream tasks scheduled from follow-on schedule check
