[2022-10-16 22:40:22,058] {taskinstance.py:1159} INFO - Dependencies all met for <TaskInstance: dbt_dag_bash.dbt_seed scheduled__2022-10-14T00:00:00+00:00 [queued]>
[2022-10-16 22:40:22,068] {taskinstance.py:1159} INFO - Dependencies all met for <TaskInstance: dbt_dag_bash.dbt_seed scheduled__2022-10-14T00:00:00+00:00 [queued]>
[2022-10-16 22:40:22,069] {taskinstance.py:1356} INFO - 
--------------------------------------------------------------------------------
[2022-10-16 22:40:22,069] {taskinstance.py:1357} INFO - Starting attempt 1 of 1
[2022-10-16 22:40:22,069] {taskinstance.py:1358} INFO - 
--------------------------------------------------------------------------------
[2022-10-16 22:40:22,094] {taskinstance.py:1377} INFO - Executing <Task(BashOperator): dbt_seed> on 2022-10-14 00:00:00+00:00
[2022-10-16 22:40:22,098] {standard_task_runner.py:52} INFO - Started process 254494 to run task
[2022-10-16 22:40:22,104] {standard_task_runner.py:79} INFO - Running: ['airflow', 'tasks', 'run', 'dbt_dag_bash', 'dbt_seed', 'scheduled__2022-10-14T00:00:00+00:00', '--job-id', '104', '--raw', '--subdir', 'DAGS_FOLDER/dbt_bashOperator.py', '--cfg-path', '/tmp/tmpmm34etbd', '--error-file', '/tmp/tmpxy77ukut']
[2022-10-16 22:40:22,105] {standard_task_runner.py:80} INFO - Job 104: Subtask dbt_seed
[2022-10-16 22:40:22,168] {task_command.py:370} INFO - Running <TaskInstance: dbt_dag_bash.dbt_seed scheduled__2022-10-14T00:00:00+00:00 [running]> on host ubuntu
[2022-10-16 22:40:23,085] {taskinstance.py:1569} INFO - Exporting the following env vars:
AIRFLOW_CTX_DAG_OWNER=airflow
AIRFLOW_CTX_DAG_ID=dbt_dag_bash
AIRFLOW_CTX_TASK_ID=dbt_seed
AIRFLOW_CTX_EXECUTION_DATE=2022-10-14T00:00:00+00:00
AIRFLOW_CTX_TRY_NUMBER=1
AIRFLOW_CTX_DAG_RUN_ID=scheduled__2022-10-14T00:00:00+00:00
[2022-10-16 22:40:23,087] {subprocess.py:62} INFO - Tmp dir root location: 
 /tmp
[2022-10-16 22:40:23,088] {subprocess.py:74} INFO - Running command: ['bash', '-c', 'cd /home/ubuntu/airflow/dbt_project/ && dbt seed --full-refresh']
[2022-10-16 22:40:23,290] {subprocess.py:85} INFO - Output:
[2022-10-16 22:40:27,459] {subprocess.py:92} INFO - 05:40:27  Running with dbt=1.1.0
[2022-10-16 22:40:27,553] {subprocess.py:92} INFO - 05:40:27  Found 6 models, 5 tests, 6 snapshots, 0 analyses, 400 macros, 0 operations, 7 seed files, 2 sources, 0 exposures, 0 metrics
[2022-10-16 22:40:27,556] {subprocess.py:92} INFO - 05:40:27
[2022-10-17 10:57:55,226] {subprocess.py:92} INFO - 17:57:55  Concurrency: 2 threads (target='dev')
[2022-10-17 10:57:55,227] {subprocess.py:92} INFO - 17:57:55
[2022-10-17 10:57:55,335] {subprocess.py:92} INFO - 17:57:55  2 of 7 START seed file DBT_HAMS71.STG_Address .................................. [RUN]
[2022-10-17 10:57:55,346] {subprocess.py:92} INFO - 17:57:55  1 of 7 START seed file DBT_HAMS71.STG_Accounts ................................. [RUN]
[2022-10-17 10:58:00,422] {subprocess.py:92} INFO - 17:58:00  2 of 7 OK loaded seed file DBT_HAMS71.STG_Address .............................. [[32mCREATE 300[0m in 5.09s]
[2022-10-17 10:58:00,429] {subprocess.py:92} INFO - 17:58:00  3 of 7 START seed file DBT_HAMS71.STG_Bank ..................................... [RUN]
[2022-10-17 10:58:00,699] {subprocess.py:92} INFO - 17:58:00  1 of 7 OK loaded seed file DBT_HAMS71.STG_Accounts ............................. [[32mCREATE 1000[0m in 5.35s]
[2022-10-17 10:58:00,700] {subprocess.py:92} INFO - 17:58:00  4 of 7 START seed file DBT_HAMS71.STG_Branch ................................... [RUN]
[2022-10-17 10:58:03,640] {subprocess.py:92} INFO - 17:58:03  3 of 7 OK loaded seed file DBT_HAMS71.STG_Bank ................................. [[32mCREATE 1000[0m in 3.21s]
[2022-10-17 10:58:03,642] {subprocess.py:92} INFO - 17:58:03  5 of 7 START seed file DBT_HAMS71.STG_City ..................................... [RUN]
[2022-10-17 10:58:05,059] {subprocess.py:92} INFO - 17:58:05  4 of 7 OK loaded seed file DBT_HAMS71.STG_Branch ............................... [[32mCREATE 1000[0m in 4.36s]
[2022-10-17 10:58:05,061] {subprocess.py:92} INFO - 17:58:05  6 of 7 START seed file DBT_HAMS71.STG_Contact .................................. [RUN]
[2022-10-17 10:58:06,487] {subprocess.py:92} INFO - 17:58:06  5 of 7 OK loaded seed file DBT_HAMS71.STG_City ................................. [[32mCREATE 300[0m in 2.84s]
[2022-10-17 10:58:06,489] {subprocess.py:92} INFO - 17:58:06  7 of 7 START seed file DBT_HAMS71.STG_Transactions ............................. [RUN]
[2022-10-17 10:58:08,931] {subprocess.py:92} INFO - 17:58:08  6 of 7 OK loaded seed file DBT_HAMS71.STG_Contact .............................. [[32mCREATE 1000[0m in 3.87s]
[2022-10-17 10:58:09,919] {subprocess.py:92} INFO - 17:58:09  7 of 7 OK loaded seed file DBT_HAMS71.STG_Transactions ......................... [[32mCREATE 1000[0m in 3.43s]
[2022-10-17 10:58:09,923] {subprocess.py:92} INFO - 17:58:09
[2022-10-17 10:58:09,923] {subprocess.py:92} INFO - 17:58:09  Finished running 7 seeds in 44262.37s.
[2022-10-17 10:58:09,940] {subprocess.py:92} INFO - 17:58:09
[2022-10-17 10:58:09,941] {subprocess.py:92} INFO - 17:58:09  [32mCompleted successfully[0m
[2022-10-17 10:58:09,941] {subprocess.py:92} INFO - 17:58:09
[2022-10-17 10:58:09,942] {subprocess.py:92} INFO - 17:58:09  Done. PASS=7 WARN=0 ERROR=0 SKIP=0 TOTAL=7
[2022-10-17 10:58:11,610] {subprocess.py:96} INFO - Command exited with return code 0
[2022-10-17 10:58:11,636] {taskinstance.py:1395} INFO - Marking task as SUCCESS. dag_id=dbt_dag_bash, task_id=dbt_seed, execution_date=20221014T000000, start_date=20221017T054022, end_date=20221017T175811
[2022-10-17 10:58:11,696] {local_task_job.py:156} INFO - Task exited with return code 0
[2022-10-17 10:58:11,727] {local_task_job.py:273} INFO - 1 downstream tasks scheduled from follow-on schedule check
