[2022-10-11 11:00:57,792] {processor.py:153} INFO - Started process (PID=201553) to work on /home/ubuntu/airflow/dags/dbt_airflow.py
[2022-10-11 11:00:57,793] {processor.py:641} INFO - Processing file /home/ubuntu/airflow/dags/dbt_airflow.py for tasks to queue
[2022-10-11 11:00:57,793] {logging_mixin.py:115} INFO - [2022-10-11 11:00:57,793] {dagbag.py:507} INFO - Filling up the DagBag from /home/ubuntu/airflow/dags/dbt_airflow.py
[2022-10-11 11:00:57,835] {logging_mixin.py:115} WARNING - /home/ubuntu/airflow/airflow_env/lib/python3.8/site-packages/airflow_dbt/hooks/dbt_hook.py:7 DeprecationWarning: This module is deprecated. Please use `airflow.hooks.base`.
[2022-10-11 11:00:57,843] {logging_mixin.py:115} WARNING - /home/ubuntu/airflow/airflow_env/lib/python3.8/site-packages/airflow_dbt/operators/dbt_operator.py:6 DeprecationWarning: This decorator is deprecated. 

In previous versions, all subclasses of BaseOperator must use apply_default decorator for the `default_args` feature to work properly.

In current version, it is optional. The decorator is applied automatically using the metaclass.
[2022-10-11 11:00:57,852] {logging_mixin.py:115} WARNING - /home/ubuntu/airflow/airflow_env/lib/python3.8/site-packages/airflow_dbt/operators/__init__.py:1 DeprecationWarning: This decorator is deprecated. 

In previous versions, all subclasses of BaseOperator must use apply_default decorator for the `default_args` feature to work properly.

In current version, it is optional. The decorator is applied automatically using the metaclass.
[2022-10-11 11:00:57,876] {processor.py:651} INFO - DAG(s) dict_keys(['dbt']) retrieved from /home/ubuntu/airflow/dags/dbt_airflow.py
[2022-10-11 11:00:58,040] {logging_mixin.py:115} INFO - [2022-10-11 11:00:58,040] {dag.py:2379} INFO - Sync 1 DAGs
[2022-10-11 11:00:58,087] {logging_mixin.py:115} INFO - [2022-10-11 11:00:58,086] {dag.py:2927} INFO - Setting next_dagrun for dbt to 2022-10-11T00:00:00+00:00, run_after=2022-10-12T00:00:00+00:00
[2022-10-11 11:00:58,131] {processor.py:161} INFO - Processing /home/ubuntu/airflow/dags/dbt_airflow.py took 0.351 seconds
[2022-10-11 11:02:11,465] {processor.py:153} INFO - Started process (PID=202511) to work on /home/ubuntu/airflow/dags/dbt_airflow.py
[2022-10-11 11:02:11,465] {processor.py:641} INFO - Processing file /home/ubuntu/airflow/dags/dbt_airflow.py for tasks to queue
[2022-10-11 11:02:11,466] {logging_mixin.py:115} INFO - [2022-10-11 11:02:11,466] {dagbag.py:507} INFO - Filling up the DagBag from /home/ubuntu/airflow/dags/dbt_airflow.py
[2022-10-11 11:02:11,482] {logging_mixin.py:115} WARNING - /home/ubuntu/airflow/airflow_env/lib/python3.8/site-packages/airflow_dbt/hooks/dbt_hook.py:7 DeprecationWarning: This module is deprecated. Please use `airflow.hooks.base`.
[2022-10-11 11:02:11,484] {logging_mixin.py:115} WARNING - /home/ubuntu/airflow/airflow_env/lib/python3.8/site-packages/airflow_dbt/operators/dbt_operator.py:6 DeprecationWarning: This decorator is deprecated. 

In previous versions, all subclasses of BaseOperator must use apply_default decorator for the `default_args` feature to work properly.

In current version, it is optional. The decorator is applied automatically using the metaclass.
[2022-10-11 11:02:11,486] {logging_mixin.py:115} WARNING - /home/ubuntu/airflow/airflow_env/lib/python3.8/site-packages/airflow_dbt/operators/__init__.py:1 DeprecationWarning: This decorator is deprecated. 

In previous versions, all subclasses of BaseOperator must use apply_default decorator for the `default_args` feature to work properly.

In current version, it is optional. The decorator is applied automatically using the metaclass.
[2022-10-11 11:02:11,492] {processor.py:651} INFO - DAG(s) dict_keys(['dbt']) retrieved from /home/ubuntu/airflow/dags/dbt_airflow.py
[2022-10-11 11:02:11,512] {logging_mixin.py:115} INFO - [2022-10-11 11:02:11,512] {dag.py:2379} INFO - Sync 1 DAGs
[2022-10-11 11:02:11,536] {logging_mixin.py:115} INFO - [2022-10-11 11:02:11,535] {dag.py:2927} INFO - Setting next_dagrun for dbt to 2022-10-11T00:00:00+00:00, run_after=2022-10-12T00:00:00+00:00
[2022-10-11 11:02:11,554] {processor.py:161} INFO - Processing /home/ubuntu/airflow/dags/dbt_airflow.py took 0.093 seconds
[2022-10-11 11:02:42,593] {processor.py:153} INFO - Started process (PID=202564) to work on /home/ubuntu/airflow/dags/dbt_airflow.py
[2022-10-11 11:02:42,594] {processor.py:641} INFO - Processing file /home/ubuntu/airflow/dags/dbt_airflow.py for tasks to queue
[2022-10-11 11:02:42,594] {logging_mixin.py:115} INFO - [2022-10-11 11:02:42,594] {dagbag.py:507} INFO - Filling up the DagBag from /home/ubuntu/airflow/dags/dbt_airflow.py
[2022-10-11 11:02:42,607] {logging_mixin.py:115} WARNING - /home/ubuntu/airflow/airflow_env/lib/python3.8/site-packages/airflow_dbt/hooks/dbt_hook.py:7 DeprecationWarning: This module is deprecated. Please use `airflow.hooks.base`.
[2022-10-11 11:02:42,609] {logging_mixin.py:115} WARNING - /home/ubuntu/airflow/airflow_env/lib/python3.8/site-packages/airflow_dbt/operators/dbt_operator.py:6 DeprecationWarning: This decorator is deprecated. 

In previous versions, all subclasses of BaseOperator must use apply_default decorator for the `default_args` feature to work properly.

In current version, it is optional. The decorator is applied automatically using the metaclass.
[2022-10-11 11:02:42,611] {logging_mixin.py:115} WARNING - /home/ubuntu/airflow/airflow_env/lib/python3.8/site-packages/airflow_dbt/operators/__init__.py:1 DeprecationWarning: This decorator is deprecated. 

In previous versions, all subclasses of BaseOperator must use apply_default decorator for the `default_args` feature to work properly.

In current version, it is optional. The decorator is applied automatically using the metaclass.
[2022-10-11 11:02:42,616] {processor.py:651} INFO - DAG(s) dict_keys(['dbt']) retrieved from /home/ubuntu/airflow/dags/dbt_airflow.py
[2022-10-11 11:02:42,632] {logging_mixin.py:115} INFO - [2022-10-11 11:02:42,632] {dag.py:2379} INFO - Sync 1 DAGs
[2022-10-11 11:02:42,648] {logging_mixin.py:115} INFO - [2022-10-11 11:02:42,648] {dag.py:2927} INFO - Setting next_dagrun for dbt to 2022-10-11T00:00:00+00:00, run_after=2022-10-12T00:00:00+00:00
[2022-10-11 11:02:42,661] {processor.py:161} INFO - Processing /home/ubuntu/airflow/dags/dbt_airflow.py took 0.073 seconds
[2022-10-11 11:03:17,347] {processor.py:153} INFO - Started process (PID=202621) to work on /home/ubuntu/airflow/dags/dbt_airflow.py
[2022-10-11 11:03:17,348] {processor.py:641} INFO - Processing file /home/ubuntu/airflow/dags/dbt_airflow.py for tasks to queue
[2022-10-11 11:03:17,349] {logging_mixin.py:115} INFO - [2022-10-11 11:03:17,348] {dagbag.py:507} INFO - Filling up the DagBag from /home/ubuntu/airflow/dags/dbt_airflow.py
[2022-10-11 11:03:17,365] {logging_mixin.py:115} WARNING - /home/ubuntu/airflow/airflow_env/lib/python3.8/site-packages/airflow_dbt/hooks/dbt_hook.py:7 DeprecationWarning: This module is deprecated. Please use `airflow.hooks.base`.
[2022-10-11 11:03:17,367] {logging_mixin.py:115} WARNING - /home/ubuntu/airflow/airflow_env/lib/python3.8/site-packages/airflow_dbt/operators/dbt_operator.py:6 DeprecationWarning: This decorator is deprecated. 

In previous versions, all subclasses of BaseOperator must use apply_default decorator for the `default_args` feature to work properly.

In current version, it is optional. The decorator is applied automatically using the metaclass.
[2022-10-11 11:03:17,369] {logging_mixin.py:115} WARNING - /home/ubuntu/airflow/airflow_env/lib/python3.8/site-packages/airflow_dbt/operators/__init__.py:1 DeprecationWarning: This decorator is deprecated. 

In previous versions, all subclasses of BaseOperator must use apply_default decorator for the `default_args` feature to work properly.

In current version, it is optional. The decorator is applied automatically using the metaclass.
[2022-10-11 11:03:17,381] {processor.py:651} INFO - DAG(s) dict_keys(['dbt']) retrieved from /home/ubuntu/airflow/dags/dbt_airflow.py
[2022-10-11 11:03:17,404] {logging_mixin.py:115} INFO - [2022-10-11 11:03:17,403] {dag.py:2379} INFO - Sync 1 DAGs
[2022-10-11 11:03:17,427] {logging_mixin.py:115} INFO - [2022-10-11 11:03:17,427] {dag.py:2927} INFO - Setting next_dagrun for dbt to 2022-10-11T00:00:00+00:00, run_after=2022-10-12T00:00:00+00:00
[2022-10-11 11:03:17,444] {processor.py:161} INFO - Processing /home/ubuntu/airflow/dags/dbt_airflow.py took 0.102 seconds
[2022-10-11 11:03:48,289] {processor.py:153} INFO - Started process (PID=202680) to work on /home/ubuntu/airflow/dags/dbt_airflow.py
[2022-10-11 11:03:48,290] {processor.py:641} INFO - Processing file /home/ubuntu/airflow/dags/dbt_airflow.py for tasks to queue
[2022-10-11 11:03:48,291] {logging_mixin.py:115} INFO - [2022-10-11 11:03:48,291] {dagbag.py:507} INFO - Filling up the DagBag from /home/ubuntu/airflow/dags/dbt_airflow.py
[2022-10-11 11:03:48,308] {logging_mixin.py:115} WARNING - /home/ubuntu/airflow/airflow_env/lib/python3.8/site-packages/airflow_dbt/hooks/dbt_hook.py:7 DeprecationWarning: This module is deprecated. Please use `airflow.hooks.base`.
[2022-10-11 11:03:48,310] {logging_mixin.py:115} WARNING - /home/ubuntu/airflow/airflow_env/lib/python3.8/site-packages/airflow_dbt/operators/dbt_operator.py:6 DeprecationWarning: This decorator is deprecated. 

In previous versions, all subclasses of BaseOperator must use apply_default decorator for the `default_args` feature to work properly.

In current version, it is optional. The decorator is applied automatically using the metaclass.
[2022-10-11 11:03:48,312] {logging_mixin.py:115} WARNING - /home/ubuntu/airflow/airflow_env/lib/python3.8/site-packages/airflow_dbt/operators/__init__.py:1 DeprecationWarning: This decorator is deprecated. 

In previous versions, all subclasses of BaseOperator must use apply_default decorator for the `default_args` feature to work properly.

In current version, it is optional. The decorator is applied automatically using the metaclass.
[2022-10-11 11:03:48,317] {processor.py:651} INFO - DAG(s) dict_keys(['dbt']) retrieved from /home/ubuntu/airflow/dags/dbt_airflow.py
[2022-10-11 11:03:48,335] {logging_mixin.py:115} INFO - [2022-10-11 11:03:48,335] {dag.py:2379} INFO - Sync 1 DAGs
[2022-10-11 11:03:48,357] {logging_mixin.py:115} INFO - [2022-10-11 11:03:48,357] {dag.py:2927} INFO - Setting next_dagrun for dbt to 2022-10-11T00:00:00+00:00, run_after=2022-10-12T00:00:00+00:00
[2022-10-11 11:03:48,370] {processor.py:161} INFO - Processing /home/ubuntu/airflow/dags/dbt_airflow.py took 0.085 seconds
[2022-10-11 11:04:19,117] {processor.py:153} INFO - Started process (PID=202800) to work on /home/ubuntu/airflow/dags/dbt_airflow.py
[2022-10-11 11:04:19,118] {processor.py:641} INFO - Processing file /home/ubuntu/airflow/dags/dbt_airflow.py for tasks to queue
[2022-10-11 11:04:19,119] {logging_mixin.py:115} INFO - [2022-10-11 11:04:19,119] {dagbag.py:507} INFO - Filling up the DagBag from /home/ubuntu/airflow/dags/dbt_airflow.py
[2022-10-11 11:04:19,140] {logging_mixin.py:115} WARNING - /home/ubuntu/airflow/airflow_env/lib/python3.8/site-packages/airflow_dbt/hooks/dbt_hook.py:7 DeprecationWarning: This module is deprecated. Please use `airflow.hooks.base`.
[2022-10-11 11:04:19,142] {logging_mixin.py:115} WARNING - /home/ubuntu/airflow/airflow_env/lib/python3.8/site-packages/airflow_dbt/operators/dbt_operator.py:6 DeprecationWarning: This decorator is deprecated. 

In previous versions, all subclasses of BaseOperator must use apply_default decorator for the `default_args` feature to work properly.

In current version, it is optional. The decorator is applied automatically using the metaclass.
[2022-10-11 11:04:19,144] {logging_mixin.py:115} WARNING - /home/ubuntu/airflow/airflow_env/lib/python3.8/site-packages/airflow_dbt/operators/__init__.py:1 DeprecationWarning: This decorator is deprecated. 

In previous versions, all subclasses of BaseOperator must use apply_default decorator for the `default_args` feature to work properly.

In current version, it is optional. The decorator is applied automatically using the metaclass.
[2022-10-11 11:04:19,149] {processor.py:651} INFO - DAG(s) dict_keys(['dbt']) retrieved from /home/ubuntu/airflow/dags/dbt_airflow.py
[2022-10-11 11:04:19,167] {logging_mixin.py:115} INFO - [2022-10-11 11:04:19,167] {dag.py:2379} INFO - Sync 1 DAGs
[2022-10-11 11:04:19,186] {logging_mixin.py:115} INFO - [2022-10-11 11:04:19,186] {dag.py:2927} INFO - Setting next_dagrun for dbt to 2022-10-11T00:00:00+00:00, run_after=2022-10-12T00:00:00+00:00
[2022-10-11 11:04:19,198] {processor.py:161} INFO - Processing /home/ubuntu/airflow/dags/dbt_airflow.py took 0.085 seconds
[2022-10-11 11:04:50,109] {processor.py:153} INFO - Started process (PID=202863) to work on /home/ubuntu/airflow/dags/dbt_airflow.py
[2022-10-11 11:04:50,110] {processor.py:641} INFO - Processing file /home/ubuntu/airflow/dags/dbt_airflow.py for tasks to queue
[2022-10-11 11:04:50,111] {logging_mixin.py:115} INFO - [2022-10-11 11:04:50,111] {dagbag.py:507} INFO - Filling up the DagBag from /home/ubuntu/airflow/dags/dbt_airflow.py
[2022-10-11 11:04:50,125] {logging_mixin.py:115} WARNING - /home/ubuntu/airflow/airflow_env/lib/python3.8/site-packages/airflow_dbt/hooks/dbt_hook.py:7 DeprecationWarning: This module is deprecated. Please use `airflow.hooks.base`.
[2022-10-11 11:04:50,127] {logging_mixin.py:115} WARNING - /home/ubuntu/airflow/airflow_env/lib/python3.8/site-packages/airflow_dbt/operators/dbt_operator.py:6 DeprecationWarning: This decorator is deprecated. 

In previous versions, all subclasses of BaseOperator must use apply_default decorator for the `default_args` feature to work properly.

In current version, it is optional. The decorator is applied automatically using the metaclass.
[2022-10-11 11:04:50,129] {logging_mixin.py:115} WARNING - /home/ubuntu/airflow/airflow_env/lib/python3.8/site-packages/airflow_dbt/operators/__init__.py:1 DeprecationWarning: This decorator is deprecated. 

In previous versions, all subclasses of BaseOperator must use apply_default decorator for the `default_args` feature to work properly.

In current version, it is optional. The decorator is applied automatically using the metaclass.
[2022-10-11 11:04:50,134] {processor.py:651} INFO - DAG(s) dict_keys(['dbt']) retrieved from /home/ubuntu/airflow/dags/dbt_airflow.py
[2022-10-11 11:04:50,152] {logging_mixin.py:115} INFO - [2022-10-11 11:04:50,152] {dag.py:2379} INFO - Sync 1 DAGs
[2022-10-11 11:04:50,169] {logging_mixin.py:115} INFO - [2022-10-11 11:04:50,169] {dag.py:2927} INFO - Setting next_dagrun for dbt to 2022-10-11T00:00:00+00:00, run_after=2022-10-12T00:00:00+00:00
[2022-10-11 11:04:50,190] {processor.py:161} INFO - Processing /home/ubuntu/airflow/dags/dbt_airflow.py took 0.086 seconds
[2022-10-11 11:05:20,696] {processor.py:153} INFO - Started process (PID=202910) to work on /home/ubuntu/airflow/dags/dbt_airflow.py
[2022-10-11 11:05:20,698] {processor.py:641} INFO - Processing file /home/ubuntu/airflow/dags/dbt_airflow.py for tasks to queue
[2022-10-11 11:05:20,698] {logging_mixin.py:115} INFO - [2022-10-11 11:05:20,698] {dagbag.py:507} INFO - Filling up the DagBag from /home/ubuntu/airflow/dags/dbt_airflow.py
[2022-10-11 11:05:20,713] {logging_mixin.py:115} WARNING - /home/ubuntu/airflow/airflow_env/lib/python3.8/site-packages/airflow_dbt/hooks/dbt_hook.py:7 DeprecationWarning: This module is deprecated. Please use `airflow.hooks.base`.
[2022-10-11 11:05:20,715] {logging_mixin.py:115} WARNING - /home/ubuntu/airflow/airflow_env/lib/python3.8/site-packages/airflow_dbt/operators/dbt_operator.py:6 DeprecationWarning: This decorator is deprecated. 

In previous versions, all subclasses of BaseOperator must use apply_default decorator for the `default_args` feature to work properly.

In current version, it is optional. The decorator is applied automatically using the metaclass.
[2022-10-11 11:05:20,717] {logging_mixin.py:115} WARNING - /home/ubuntu/airflow/airflow_env/lib/python3.8/site-packages/airflow_dbt/operators/__init__.py:1 DeprecationWarning: This decorator is deprecated. 

In previous versions, all subclasses of BaseOperator must use apply_default decorator for the `default_args` feature to work properly.

In current version, it is optional. The decorator is applied automatically using the metaclass.
[2022-10-11 11:05:20,722] {processor.py:651} INFO - DAG(s) dict_keys(['dbt']) retrieved from /home/ubuntu/airflow/dags/dbt_airflow.py
[2022-10-11 11:05:20,741] {logging_mixin.py:115} INFO - [2022-10-11 11:05:20,741] {dag.py:2379} INFO - Sync 1 DAGs
[2022-10-11 11:05:20,762] {logging_mixin.py:115} INFO - [2022-10-11 11:05:20,762] {dag.py:2927} INFO - Setting next_dagrun for dbt to 2022-10-11T00:00:00+00:00, run_after=2022-10-12T00:00:00+00:00
[2022-10-11 11:05:20,777] {processor.py:161} INFO - Processing /home/ubuntu/airflow/dags/dbt_airflow.py took 0.086 seconds
[2022-10-11 11:05:51,529] {processor.py:153} INFO - Started process (PID=202962) to work on /home/ubuntu/airflow/dags/dbt_airflow.py
[2022-10-11 11:05:51,530] {processor.py:641} INFO - Processing file /home/ubuntu/airflow/dags/dbt_airflow.py for tasks to queue
[2022-10-11 11:05:51,531] {logging_mixin.py:115} INFO - [2022-10-11 11:05:51,531] {dagbag.py:507} INFO - Filling up the DagBag from /home/ubuntu/airflow/dags/dbt_airflow.py
[2022-10-11 11:05:51,551] {logging_mixin.py:115} WARNING - /home/ubuntu/airflow/airflow_env/lib/python3.8/site-packages/airflow_dbt/hooks/dbt_hook.py:7 DeprecationWarning: This module is deprecated. Please use `airflow.hooks.base`.
[2022-10-11 11:05:51,555] {logging_mixin.py:115} WARNING - /home/ubuntu/airflow/airflow_env/lib/python3.8/site-packages/airflow_dbt/operators/dbt_operator.py:6 DeprecationWarning: This decorator is deprecated. 

In previous versions, all subclasses of BaseOperator must use apply_default decorator for the `default_args` feature to work properly.

In current version, it is optional. The decorator is applied automatically using the metaclass.
[2022-10-11 11:05:51,559] {logging_mixin.py:115} WARNING - /home/ubuntu/airflow/airflow_env/lib/python3.8/site-packages/airflow_dbt/operators/__init__.py:1 DeprecationWarning: This decorator is deprecated. 

In previous versions, all subclasses of BaseOperator must use apply_default decorator for the `default_args` feature to work properly.

In current version, it is optional. The decorator is applied automatically using the metaclass.
[2022-10-11 11:05:51,566] {processor.py:651} INFO - DAG(s) dict_keys(['dbt']) retrieved from /home/ubuntu/airflow/dags/dbt_airflow.py
[2022-10-11 11:05:51,590] {logging_mixin.py:115} INFO - [2022-10-11 11:05:51,590] {dag.py:2379} INFO - Sync 1 DAGs
[2022-10-11 11:05:51,612] {logging_mixin.py:115} INFO - [2022-10-11 11:05:51,612] {dag.py:2927} INFO - Setting next_dagrun for dbt to 2022-10-11T00:00:00+00:00, run_after=2022-10-12T00:00:00+00:00
[2022-10-11 11:05:51,632] {processor.py:161} INFO - Processing /home/ubuntu/airflow/dags/dbt_airflow.py took 0.110 seconds
[2022-10-11 11:06:26,038] {processor.py:153} INFO - Started process (PID=203017) to work on /home/ubuntu/airflow/dags/dbt_airflow.py
[2022-10-11 11:06:26,039] {processor.py:641} INFO - Processing file /home/ubuntu/airflow/dags/dbt_airflow.py for tasks to queue
[2022-10-11 11:06:26,040] {logging_mixin.py:115} INFO - [2022-10-11 11:06:26,040] {dagbag.py:507} INFO - Filling up the DagBag from /home/ubuntu/airflow/dags/dbt_airflow.py
[2022-10-11 11:06:26,059] {logging_mixin.py:115} WARNING - /home/ubuntu/airflow/airflow_env/lib/python3.8/site-packages/airflow_dbt/hooks/dbt_hook.py:7 DeprecationWarning: This module is deprecated. Please use `airflow.hooks.base`.
[2022-10-11 11:06:26,061] {logging_mixin.py:115} WARNING - /home/ubuntu/airflow/airflow_env/lib/python3.8/site-packages/airflow_dbt/operators/dbt_operator.py:6 DeprecationWarning: This decorator is deprecated. 

In previous versions, all subclasses of BaseOperator must use apply_default decorator for the `default_args` feature to work properly.

In current version, it is optional. The decorator is applied automatically using the metaclass.
[2022-10-11 11:06:26,063] {logging_mixin.py:115} WARNING - /home/ubuntu/airflow/airflow_env/lib/python3.8/site-packages/airflow_dbt/operators/__init__.py:1 DeprecationWarning: This decorator is deprecated. 

In previous versions, all subclasses of BaseOperator must use apply_default decorator for the `default_args` feature to work properly.

In current version, it is optional. The decorator is applied automatically using the metaclass.
[2022-10-11 11:06:26,069] {processor.py:651} INFO - DAG(s) dict_keys(['dbt']) retrieved from /home/ubuntu/airflow/dags/dbt_airflow.py
[2022-10-11 11:06:26,091] {logging_mixin.py:115} INFO - [2022-10-11 11:06:26,090] {dag.py:2379} INFO - Sync 1 DAGs
[2022-10-11 11:06:26,112] {logging_mixin.py:115} INFO - [2022-10-11 11:06:26,112] {dag.py:2927} INFO - Setting next_dagrun for dbt to 2022-10-11T00:00:00+00:00, run_after=2022-10-12T00:00:00+00:00
[2022-10-11 11:06:26,129] {processor.py:161} INFO - Processing /home/ubuntu/airflow/dags/dbt_airflow.py took 0.097 seconds
[2022-10-11 11:06:57,406] {processor.py:153} INFO - Started process (PID=203072) to work on /home/ubuntu/airflow/dags/dbt_airflow.py
[2022-10-11 11:06:57,407] {processor.py:641} INFO - Processing file /home/ubuntu/airflow/dags/dbt_airflow.py for tasks to queue
[2022-10-11 11:06:57,408] {logging_mixin.py:115} INFO - [2022-10-11 11:06:57,407] {dagbag.py:507} INFO - Filling up the DagBag from /home/ubuntu/airflow/dags/dbt_airflow.py
[2022-10-11 11:06:57,422] {logging_mixin.py:115} WARNING - /home/ubuntu/airflow/airflow_env/lib/python3.8/site-packages/airflow_dbt/hooks/dbt_hook.py:7 DeprecationWarning: This module is deprecated. Please use `airflow.hooks.base`.
[2022-10-11 11:06:57,424] {logging_mixin.py:115} WARNING - /home/ubuntu/airflow/airflow_env/lib/python3.8/site-packages/airflow_dbt/operators/dbt_operator.py:6 DeprecationWarning: This decorator is deprecated. 

In previous versions, all subclasses of BaseOperator must use apply_default decorator for the `default_args` feature to work properly.

In current version, it is optional. The decorator is applied automatically using the metaclass.
[2022-10-11 11:06:57,426] {logging_mixin.py:115} WARNING - /home/ubuntu/airflow/airflow_env/lib/python3.8/site-packages/airflow_dbt/operators/__init__.py:1 DeprecationWarning: This decorator is deprecated. 

In previous versions, all subclasses of BaseOperator must use apply_default decorator for the `default_args` feature to work properly.

In current version, it is optional. The decorator is applied automatically using the metaclass.
[2022-10-11 11:06:57,432] {processor.py:651} INFO - DAG(s) dict_keys(['dbt']) retrieved from /home/ubuntu/airflow/dags/dbt_airflow.py
[2022-10-11 11:06:57,448] {logging_mixin.py:115} INFO - [2022-10-11 11:06:57,448] {dag.py:2379} INFO - Sync 1 DAGs
[2022-10-11 11:06:57,464] {logging_mixin.py:115} INFO - [2022-10-11 11:06:57,464] {dag.py:2927} INFO - Setting next_dagrun for dbt to 2022-10-11T00:00:00+00:00, run_after=2022-10-12T00:00:00+00:00
[2022-10-11 11:06:57,475] {processor.py:161} INFO - Processing /home/ubuntu/airflow/dags/dbt_airflow.py took 0.073 seconds
[2022-10-11 11:07:30,073] {processor.py:153} INFO - Started process (PID=203129) to work on /home/ubuntu/airflow/dags/dbt_airflow.py
[2022-10-11 11:07:30,074] {processor.py:641} INFO - Processing file /home/ubuntu/airflow/dags/dbt_airflow.py for tasks to queue
[2022-10-11 11:07:30,075] {logging_mixin.py:115} INFO - [2022-10-11 11:07:30,075] {dagbag.py:507} INFO - Filling up the DagBag from /home/ubuntu/airflow/dags/dbt_airflow.py
[2022-10-11 11:07:30,091] {logging_mixin.py:115} WARNING - /home/ubuntu/airflow/airflow_env/lib/python3.8/site-packages/airflow_dbt/hooks/dbt_hook.py:7 DeprecationWarning: This module is deprecated. Please use `airflow.hooks.base`.
[2022-10-11 11:07:30,093] {logging_mixin.py:115} WARNING - /home/ubuntu/airflow/airflow_env/lib/python3.8/site-packages/airflow_dbt/operators/dbt_operator.py:6 DeprecationWarning: This decorator is deprecated. 

In previous versions, all subclasses of BaseOperator must use apply_default decorator for the `default_args` feature to work properly.

In current version, it is optional. The decorator is applied automatically using the metaclass.
[2022-10-11 11:07:30,094] {logging_mixin.py:115} WARNING - /home/ubuntu/airflow/airflow_env/lib/python3.8/site-packages/airflow_dbt/operators/__init__.py:1 DeprecationWarning: This decorator is deprecated. 

In previous versions, all subclasses of BaseOperator must use apply_default decorator for the `default_args` feature to work properly.

In current version, it is optional. The decorator is applied automatically using the metaclass.
[2022-10-11 11:07:30,100] {processor.py:651} INFO - DAG(s) dict_keys(['dbt']) retrieved from /home/ubuntu/airflow/dags/dbt_airflow.py
[2022-10-11 11:07:30,116] {logging_mixin.py:115} INFO - [2022-10-11 11:07:30,116] {dag.py:2379} INFO - Sync 1 DAGs
[2022-10-11 11:07:30,132] {logging_mixin.py:115} INFO - [2022-10-11 11:07:30,132] {dag.py:2927} INFO - Setting next_dagrun for dbt to 2022-10-11T00:00:00+00:00, run_after=2022-10-12T00:00:00+00:00
[2022-10-11 11:07:30,148] {processor.py:161} INFO - Processing /home/ubuntu/airflow/dags/dbt_airflow.py took 0.081 seconds
[2022-10-11 11:08:00,907] {processor.py:153} INFO - Started process (PID=203185) to work on /home/ubuntu/airflow/dags/dbt_airflow.py
[2022-10-11 11:08:00,908] {processor.py:641} INFO - Processing file /home/ubuntu/airflow/dags/dbt_airflow.py for tasks to queue
[2022-10-11 11:08:00,908] {logging_mixin.py:115} INFO - [2022-10-11 11:08:00,908] {dagbag.py:507} INFO - Filling up the DagBag from /home/ubuntu/airflow/dags/dbt_airflow.py
[2022-10-11 11:08:00,922] {logging_mixin.py:115} WARNING - /home/ubuntu/airflow/airflow_env/lib/python3.8/site-packages/airflow_dbt/hooks/dbt_hook.py:7 DeprecationWarning: This module is deprecated. Please use `airflow.hooks.base`.
[2022-10-11 11:08:00,924] {logging_mixin.py:115} WARNING - /home/ubuntu/airflow/airflow_env/lib/python3.8/site-packages/airflow_dbt/operators/dbt_operator.py:6 DeprecationWarning: This decorator is deprecated. 

In previous versions, all subclasses of BaseOperator must use apply_default decorator for the `default_args` feature to work properly.

In current version, it is optional. The decorator is applied automatically using the metaclass.
[2022-10-11 11:08:00,926] {logging_mixin.py:115} WARNING - /home/ubuntu/airflow/airflow_env/lib/python3.8/site-packages/airflow_dbt/operators/__init__.py:1 DeprecationWarning: This decorator is deprecated. 

In previous versions, all subclasses of BaseOperator must use apply_default decorator for the `default_args` feature to work properly.

In current version, it is optional. The decorator is applied automatically using the metaclass.
[2022-10-11 11:08:00,931] {processor.py:651} INFO - DAG(s) dict_keys(['dbt']) retrieved from /home/ubuntu/airflow/dags/dbt_airflow.py
[2022-10-11 11:08:00,954] {logging_mixin.py:115} INFO - [2022-10-11 11:08:00,954] {dag.py:2379} INFO - Sync 1 DAGs
[2022-10-11 11:08:00,981] {logging_mixin.py:115} INFO - [2022-10-11 11:08:00,981] {dag.py:2927} INFO - Setting next_dagrun for dbt to 2022-10-11T00:00:00+00:00, run_after=2022-10-12T00:00:00+00:00
[2022-10-11 11:08:00,999] {processor.py:161} INFO - Processing /home/ubuntu/airflow/dags/dbt_airflow.py took 0.096 seconds
[2022-10-11 11:08:32,837] {processor.py:153} INFO - Started process (PID=203242) to work on /home/ubuntu/airflow/dags/dbt_airflow.py
[2022-10-11 11:08:32,837] {processor.py:641} INFO - Processing file /home/ubuntu/airflow/dags/dbt_airflow.py for tasks to queue
[2022-10-11 11:08:32,838] {logging_mixin.py:115} INFO - [2022-10-11 11:08:32,838] {dagbag.py:507} INFO - Filling up the DagBag from /home/ubuntu/airflow/dags/dbt_airflow.py
[2022-10-11 11:08:32,852] {logging_mixin.py:115} WARNING - /home/ubuntu/airflow/airflow_env/lib/python3.8/site-packages/airflow_dbt/hooks/dbt_hook.py:7 DeprecationWarning: This module is deprecated. Please use `airflow.hooks.base`.
[2022-10-11 11:08:32,854] {logging_mixin.py:115} WARNING - /home/ubuntu/airflow/airflow_env/lib/python3.8/site-packages/airflow_dbt/operators/dbt_operator.py:6 DeprecationWarning: This decorator is deprecated. 

In previous versions, all subclasses of BaseOperator must use apply_default decorator for the `default_args` feature to work properly.

In current version, it is optional. The decorator is applied automatically using the metaclass.
[2022-10-11 11:08:32,855] {logging_mixin.py:115} WARNING - /home/ubuntu/airflow/airflow_env/lib/python3.8/site-packages/airflow_dbt/operators/__init__.py:1 DeprecationWarning: This decorator is deprecated. 

In previous versions, all subclasses of BaseOperator must use apply_default decorator for the `default_args` feature to work properly.

In current version, it is optional. The decorator is applied automatically using the metaclass.
[2022-10-11 11:08:32,861] {processor.py:651} INFO - DAG(s) dict_keys(['dbt']) retrieved from /home/ubuntu/airflow/dags/dbt_airflow.py
[2022-10-11 11:08:32,878] {logging_mixin.py:115} INFO - [2022-10-11 11:08:32,878] {dag.py:2379} INFO - Sync 1 DAGs
[2022-10-11 11:08:32,893] {logging_mixin.py:115} INFO - [2022-10-11 11:08:32,893] {dag.py:2927} INFO - Setting next_dagrun for dbt to 2022-10-11T00:00:00+00:00, run_after=2022-10-12T00:00:00+00:00
[2022-10-11 11:08:32,904] {processor.py:161} INFO - Processing /home/ubuntu/airflow/dags/dbt_airflow.py took 0.072 seconds
[2022-10-11 11:09:05,133] {processor.py:153} INFO - Started process (PID=203377) to work on /home/ubuntu/airflow/dags/dbt_airflow.py
[2022-10-11 11:09:05,134] {processor.py:641} INFO - Processing file /home/ubuntu/airflow/dags/dbt_airflow.py for tasks to queue
[2022-10-11 11:09:05,135] {logging_mixin.py:115} INFO - [2022-10-11 11:09:05,134] {dagbag.py:507} INFO - Filling up the DagBag from /home/ubuntu/airflow/dags/dbt_airflow.py
[2022-10-11 11:09:05,149] {logging_mixin.py:115} WARNING - /home/ubuntu/airflow/airflow_env/lib/python3.8/site-packages/airflow_dbt/hooks/dbt_hook.py:7 DeprecationWarning: This module is deprecated. Please use `airflow.hooks.base`.
[2022-10-11 11:09:05,151] {logging_mixin.py:115} WARNING - /home/ubuntu/airflow/airflow_env/lib/python3.8/site-packages/airflow_dbt/operators/dbt_operator.py:6 DeprecationWarning: This decorator is deprecated. 

In previous versions, all subclasses of BaseOperator must use apply_default decorator for the `default_args` feature to work properly.

In current version, it is optional. The decorator is applied automatically using the metaclass.
[2022-10-11 11:09:05,153] {logging_mixin.py:115} WARNING - /home/ubuntu/airflow/airflow_env/lib/python3.8/site-packages/airflow_dbt/operators/__init__.py:1 DeprecationWarning: This decorator is deprecated. 

In previous versions, all subclasses of BaseOperator must use apply_default decorator for the `default_args` feature to work properly.

In current version, it is optional. The decorator is applied automatically using the metaclass.
[2022-10-11 11:09:05,158] {processor.py:651} INFO - DAG(s) dict_keys(['dbt']) retrieved from /home/ubuntu/airflow/dags/dbt_airflow.py
[2022-10-11 11:09:05,176] {logging_mixin.py:115} INFO - [2022-10-11 11:09:05,176] {dag.py:2379} INFO - Sync 1 DAGs
[2022-10-11 11:09:05,192] {logging_mixin.py:115} INFO - [2022-10-11 11:09:05,192] {dag.py:2927} INFO - Setting next_dagrun for dbt to 2022-10-11T00:00:00+00:00, run_after=2022-10-12T00:00:00+00:00
[2022-10-11 11:09:05,203] {processor.py:161} INFO - Processing /home/ubuntu/airflow/dags/dbt_airflow.py took 0.074 seconds
[2022-10-11 11:09:36,349] {processor.py:153} INFO - Started process (PID=203490) to work on /home/ubuntu/airflow/dags/dbt_airflow.py
[2022-10-11 11:09:36,350] {processor.py:641} INFO - Processing file /home/ubuntu/airflow/dags/dbt_airflow.py for tasks to queue
[2022-10-11 11:09:36,351] {logging_mixin.py:115} INFO - [2022-10-11 11:09:36,351] {dagbag.py:507} INFO - Filling up the DagBag from /home/ubuntu/airflow/dags/dbt_airflow.py
[2022-10-11 11:09:36,371] {logging_mixin.py:115} WARNING - /home/ubuntu/airflow/airflow_env/lib/python3.8/site-packages/airflow_dbt/hooks/dbt_hook.py:7 DeprecationWarning: This module is deprecated. Please use `airflow.hooks.base`.
[2022-10-11 11:09:36,374] {logging_mixin.py:115} WARNING - /home/ubuntu/airflow/airflow_env/lib/python3.8/site-packages/airflow_dbt/operators/dbt_operator.py:6 DeprecationWarning: This decorator is deprecated. 

In previous versions, all subclasses of BaseOperator must use apply_default decorator for the `default_args` feature to work properly.

In current version, it is optional. The decorator is applied automatically using the metaclass.
[2022-10-11 11:09:36,377] {logging_mixin.py:115} WARNING - /home/ubuntu/airflow/airflow_env/lib/python3.8/site-packages/airflow_dbt/operators/__init__.py:1 DeprecationWarning: This decorator is deprecated. 

In previous versions, all subclasses of BaseOperator must use apply_default decorator for the `default_args` feature to work properly.

In current version, it is optional. The decorator is applied automatically using the metaclass.
[2022-10-11 11:09:36,384] {processor.py:651} INFO - DAG(s) dict_keys(['dbt']) retrieved from /home/ubuntu/airflow/dags/dbt_airflow.py
[2022-10-11 11:09:36,408] {logging_mixin.py:115} INFO - [2022-10-11 11:09:36,408] {dag.py:2379} INFO - Sync 1 DAGs
[2022-10-11 11:09:36,435] {logging_mixin.py:115} INFO - [2022-10-11 11:09:36,434] {dag.py:2927} INFO - Setting next_dagrun for dbt to 2022-10-11T00:00:00+00:00, run_after=2022-10-12T00:00:00+00:00
[2022-10-11 11:09:36,453] {processor.py:161} INFO - Processing /home/ubuntu/airflow/dags/dbt_airflow.py took 0.110 seconds
[2022-10-11 11:10:11,463] {processor.py:153} INFO - Started process (PID=203546) to work on /home/ubuntu/airflow/dags/dbt_airflow.py
[2022-10-11 11:10:11,464] {processor.py:641} INFO - Processing file /home/ubuntu/airflow/dags/dbt_airflow.py for tasks to queue
[2022-10-11 11:10:11,465] {logging_mixin.py:115} INFO - [2022-10-11 11:10:11,465] {dagbag.py:507} INFO - Filling up the DagBag from /home/ubuntu/airflow/dags/dbt_airflow.py
[2022-10-11 11:10:11,484] {logging_mixin.py:115} WARNING - /home/ubuntu/airflow/airflow_env/lib/python3.8/site-packages/airflow_dbt/hooks/dbt_hook.py:7 DeprecationWarning: This module is deprecated. Please use `airflow.hooks.base`.
[2022-10-11 11:10:11,488] {logging_mixin.py:115} WARNING - /home/ubuntu/airflow/airflow_env/lib/python3.8/site-packages/airflow_dbt/operators/dbt_operator.py:6 DeprecationWarning: This decorator is deprecated. 

In previous versions, all subclasses of BaseOperator must use apply_default decorator for the `default_args` feature to work properly.

In current version, it is optional. The decorator is applied automatically using the metaclass.
[2022-10-11 11:10:11,491] {logging_mixin.py:115} WARNING - /home/ubuntu/airflow/airflow_env/lib/python3.8/site-packages/airflow_dbt/operators/__init__.py:1 DeprecationWarning: This decorator is deprecated. 

In previous versions, all subclasses of BaseOperator must use apply_default decorator for the `default_args` feature to work properly.

In current version, it is optional. The decorator is applied automatically using the metaclass.
[2022-10-11 11:10:11,499] {processor.py:651} INFO - DAG(s) dict_keys(['dbt']) retrieved from /home/ubuntu/airflow/dags/dbt_airflow.py
[2022-10-11 11:10:11,521] {logging_mixin.py:115} INFO - [2022-10-11 11:10:11,521] {dag.py:2379} INFO - Sync 1 DAGs
[2022-10-11 11:10:11,548] {logging_mixin.py:115} INFO - [2022-10-11 11:10:11,547] {dag.py:2927} INFO - Setting next_dagrun for dbt to 2022-10-11T00:00:00+00:00, run_after=2022-10-12T00:00:00+00:00
[2022-10-11 11:10:11,564] {processor.py:161} INFO - Processing /home/ubuntu/airflow/dags/dbt_airflow.py took 0.108 seconds
[2022-10-11 11:10:46,340] {processor.py:153} INFO - Started process (PID=203602) to work on /home/ubuntu/airflow/dags/dbt_airflow.py
[2022-10-11 11:10:46,341] {processor.py:641} INFO - Processing file /home/ubuntu/airflow/dags/dbt_airflow.py for tasks to queue
[2022-10-11 11:10:46,342] {logging_mixin.py:115} INFO - [2022-10-11 11:10:46,342] {dagbag.py:507} INFO - Filling up the DagBag from /home/ubuntu/airflow/dags/dbt_airflow.py
[2022-10-11 11:10:46,359] {logging_mixin.py:115} WARNING - /home/ubuntu/airflow/airflow_env/lib/python3.8/site-packages/airflow_dbt/hooks/dbt_hook.py:7 DeprecationWarning: This module is deprecated. Please use `airflow.hooks.base`.
[2022-10-11 11:10:46,361] {logging_mixin.py:115} WARNING - /home/ubuntu/airflow/airflow_env/lib/python3.8/site-packages/airflow_dbt/operators/dbt_operator.py:6 DeprecationWarning: This decorator is deprecated. 

In previous versions, all subclasses of BaseOperator must use apply_default decorator for the `default_args` feature to work properly.

In current version, it is optional. The decorator is applied automatically using the metaclass.
[2022-10-11 11:10:46,363] {logging_mixin.py:115} WARNING - /home/ubuntu/airflow/airflow_env/lib/python3.8/site-packages/airflow_dbt/operators/__init__.py:1 DeprecationWarning: This decorator is deprecated. 

In previous versions, all subclasses of BaseOperator must use apply_default decorator for the `default_args` feature to work properly.

In current version, it is optional. The decorator is applied automatically using the metaclass.
[2022-10-11 11:10:46,368] {processor.py:651} INFO - DAG(s) dict_keys(['dbt']) retrieved from /home/ubuntu/airflow/dags/dbt_airflow.py
[2022-10-11 11:10:46,385] {logging_mixin.py:115} INFO - [2022-10-11 11:10:46,385] {dag.py:2379} INFO - Sync 1 DAGs
[2022-10-11 11:10:46,402] {logging_mixin.py:115} INFO - [2022-10-11 11:10:46,402] {dag.py:2927} INFO - Setting next_dagrun for dbt to 2022-10-11T00:00:00+00:00, run_after=2022-10-12T00:00:00+00:00
[2022-10-11 11:10:46,414] {processor.py:161} INFO - Processing /home/ubuntu/airflow/dags/dbt_airflow.py took 0.078 seconds
[2022-10-11 11:11:17,355] {processor.py:153} INFO - Started process (PID=203652) to work on /home/ubuntu/airflow/dags/dbt_airflow.py
[2022-10-11 11:11:17,356] {processor.py:641} INFO - Processing file /home/ubuntu/airflow/dags/dbt_airflow.py for tasks to queue
[2022-10-11 11:11:17,357] {logging_mixin.py:115} INFO - [2022-10-11 11:11:17,357] {dagbag.py:507} INFO - Filling up the DagBag from /home/ubuntu/airflow/dags/dbt_airflow.py
[2022-10-11 11:11:17,378] {logging_mixin.py:115} WARNING - /home/ubuntu/airflow/airflow_env/lib/python3.8/site-packages/airflow_dbt/hooks/dbt_hook.py:7 DeprecationWarning: This module is deprecated. Please use `airflow.hooks.base`.
[2022-10-11 11:11:17,382] {logging_mixin.py:115} WARNING - /home/ubuntu/airflow/airflow_env/lib/python3.8/site-packages/airflow_dbt/operators/dbt_operator.py:6 DeprecationWarning: This decorator is deprecated. 

In previous versions, all subclasses of BaseOperator must use apply_default decorator for the `default_args` feature to work properly.

In current version, it is optional. The decorator is applied automatically using the metaclass.
[2022-10-11 11:11:17,385] {logging_mixin.py:115} WARNING - /home/ubuntu/airflow/airflow_env/lib/python3.8/site-packages/airflow_dbt/operators/__init__.py:1 DeprecationWarning: This decorator is deprecated. 

In previous versions, all subclasses of BaseOperator must use apply_default decorator for the `default_args` feature to work properly.

In current version, it is optional. The decorator is applied automatically using the metaclass.
[2022-10-11 11:11:17,394] {processor.py:651} INFO - DAG(s) dict_keys(['dbt']) retrieved from /home/ubuntu/airflow/dags/dbt_airflow.py
[2022-10-11 11:11:17,422] {logging_mixin.py:115} INFO - [2022-10-11 11:11:17,422] {dag.py:2379} INFO - Sync 1 DAGs
[2022-10-11 11:11:17,447] {logging_mixin.py:115} INFO - [2022-10-11 11:11:17,447] {dag.py:2927} INFO - Setting next_dagrun for dbt to 2022-10-11T00:00:00+00:00, run_after=2022-10-12T00:00:00+00:00
[2022-10-11 11:11:17,462] {processor.py:161} INFO - Processing /home/ubuntu/airflow/dags/dbt_airflow.py took 0.113 seconds
[2022-10-11 11:11:48,443] {processor.py:153} INFO - Started process (PID=203699) to work on /home/ubuntu/airflow/dags/dbt_airflow.py
[2022-10-11 11:11:48,444] {processor.py:641} INFO - Processing file /home/ubuntu/airflow/dags/dbt_airflow.py for tasks to queue
[2022-10-11 11:11:48,444] {logging_mixin.py:115} INFO - [2022-10-11 11:11:48,444] {dagbag.py:507} INFO - Filling up the DagBag from /home/ubuntu/airflow/dags/dbt_airflow.py
[2022-10-11 11:11:48,455] {logging_mixin.py:115} WARNING - /home/ubuntu/airflow/airflow_env/lib/python3.8/site-packages/airflow_dbt/hooks/dbt_hook.py:7 DeprecationWarning: This module is deprecated. Please use `airflow.hooks.base`.
[2022-10-11 11:11:48,457] {logging_mixin.py:115} WARNING - /home/ubuntu/airflow/airflow_env/lib/python3.8/site-packages/airflow_dbt/operators/dbt_operator.py:6 DeprecationWarning: This decorator is deprecated. 

In previous versions, all subclasses of BaseOperator must use apply_default decorator for the `default_args` feature to work properly.

In current version, it is optional. The decorator is applied automatically using the metaclass.
[2022-10-11 11:11:48,459] {logging_mixin.py:115} WARNING - /home/ubuntu/airflow/airflow_env/lib/python3.8/site-packages/airflow_dbt/operators/__init__.py:1 DeprecationWarning: This decorator is deprecated. 

In previous versions, all subclasses of BaseOperator must use apply_default decorator for the `default_args` feature to work properly.

In current version, it is optional. The decorator is applied automatically using the metaclass.
[2022-10-11 11:11:48,464] {processor.py:651} INFO - DAG(s) dict_keys(['dbt']) retrieved from /home/ubuntu/airflow/dags/dbt_airflow.py
[2022-10-11 11:11:48,481] {logging_mixin.py:115} INFO - [2022-10-11 11:11:48,480] {dag.py:2379} INFO - Sync 1 DAGs
[2022-10-11 11:11:48,496] {logging_mixin.py:115} INFO - [2022-10-11 11:11:48,496] {dag.py:2927} INFO - Setting next_dagrun for dbt to 2022-10-11T00:00:00+00:00, run_after=2022-10-12T00:00:00+00:00
[2022-10-11 11:11:48,510] {processor.py:161} INFO - Processing /home/ubuntu/airflow/dags/dbt_airflow.py took 0.072 seconds
[2022-10-11 11:12:19,391] {processor.py:153} INFO - Started process (PID=203806) to work on /home/ubuntu/airflow/dags/dbt_airflow.py
[2022-10-11 11:12:19,392] {processor.py:641} INFO - Processing file /home/ubuntu/airflow/dags/dbt_airflow.py for tasks to queue
[2022-10-11 11:12:19,393] {logging_mixin.py:115} INFO - [2022-10-11 11:12:19,393] {dagbag.py:507} INFO - Filling up the DagBag from /home/ubuntu/airflow/dags/dbt_airflow.py
[2022-10-11 11:12:19,404] {logging_mixin.py:115} WARNING - /home/ubuntu/airflow/airflow_env/lib/python3.8/site-packages/airflow_dbt/hooks/dbt_hook.py:7 DeprecationWarning: This module is deprecated. Please use `airflow.hooks.base`.
[2022-10-11 11:12:19,406] {logging_mixin.py:115} WARNING - /home/ubuntu/airflow/airflow_env/lib/python3.8/site-packages/airflow_dbt/operators/dbt_operator.py:6 DeprecationWarning: This decorator is deprecated. 

In previous versions, all subclasses of BaseOperator must use apply_default decorator for the `default_args` feature to work properly.

In current version, it is optional. The decorator is applied automatically using the metaclass.
[2022-10-11 11:12:19,408] {logging_mixin.py:115} WARNING - /home/ubuntu/airflow/airflow_env/lib/python3.8/site-packages/airflow_dbt/operators/__init__.py:1 DeprecationWarning: This decorator is deprecated. 

In previous versions, all subclasses of BaseOperator must use apply_default decorator for the `default_args` feature to work properly.

In current version, it is optional. The decorator is applied automatically using the metaclass.
[2022-10-11 11:12:19,414] {processor.py:651} INFO - DAG(s) dict_keys(['dbt']) retrieved from /home/ubuntu/airflow/dags/dbt_airflow.py
[2022-10-11 11:12:19,433] {logging_mixin.py:115} INFO - [2022-10-11 11:12:19,433] {dag.py:2379} INFO - Sync 1 DAGs
[2022-10-11 11:12:19,454] {logging_mixin.py:115} INFO - [2022-10-11 11:12:19,453] {dag.py:2927} INFO - Setting next_dagrun for dbt to 2022-10-11T00:00:00+00:00, run_after=2022-10-12T00:00:00+00:00
[2022-10-11 11:12:19,465] {processor.py:161} INFO - Processing /home/ubuntu/airflow/dags/dbt_airflow.py took 0.078 seconds
[2022-10-11 11:12:57,610] {processor.py:153} INFO - Started process (PID=203999) to work on /home/ubuntu/airflow/dags/dbt_airflow.py
[2022-10-11 11:12:57,613] {processor.py:641} INFO - Processing file /home/ubuntu/airflow/dags/dbt_airflow.py for tasks to queue
[2022-10-11 11:12:57,615] {logging_mixin.py:115} INFO - [2022-10-11 11:12:57,614] {dagbag.py:507} INFO - Filling up the DagBag from /home/ubuntu/airflow/dags/dbt_airflow.py
[2022-10-11 11:12:57,661] {logging_mixin.py:115} WARNING - /home/ubuntu/airflow/airflow_env/lib/python3.8/site-packages/airflow_dbt/hooks/dbt_hook.py:7 DeprecationWarning: This module is deprecated. Please use `airflow.hooks.base`.
[2022-10-11 11:12:57,665] {logging_mixin.py:115} WARNING - /home/ubuntu/airflow/airflow_env/lib/python3.8/site-packages/airflow_dbt/operators/dbt_operator.py:6 DeprecationWarning: This decorator is deprecated. 

In previous versions, all subclasses of BaseOperator must use apply_default decorator for the `default_args` feature to work properly.

In current version, it is optional. The decorator is applied automatically using the metaclass.
[2022-10-11 11:12:57,671] {logging_mixin.py:115} WARNING - /home/ubuntu/airflow/airflow_env/lib/python3.8/site-packages/airflow_dbt/operators/__init__.py:1 DeprecationWarning: This decorator is deprecated. 

In previous versions, all subclasses of BaseOperator must use apply_default decorator for the `default_args` feature to work properly.

In current version, it is optional. The decorator is applied automatically using the metaclass.
[2022-10-11 11:12:57,777] {processor.py:651} INFO - DAG(s) dict_keys(['dbt']) retrieved from /home/ubuntu/airflow/dags/dbt_airflow.py
[2022-10-11 11:12:57,952] {logging_mixin.py:115} INFO - [2022-10-11 11:12:57,952] {dag.py:2379} INFO - Sync 1 DAGs
[2022-10-11 11:12:58,097] {logging_mixin.py:115} INFO - [2022-10-11 11:12:58,097] {dag.py:2927} INFO - Setting next_dagrun for dbt to 2022-10-11T00:00:00+00:00, run_after=2022-10-12T00:00:00+00:00
[2022-10-11 11:12:58,118] {processor.py:161} INFO - Processing /home/ubuntu/airflow/dags/dbt_airflow.py took 0.530 seconds
[2022-10-11 11:13:37,828] {processor.py:153} INFO - Started process (PID=210853) to work on /home/ubuntu/airflow/dags/dbt_airflow.py
[2022-10-11 11:13:37,830] {processor.py:641} INFO - Processing file /home/ubuntu/airflow/dags/dbt_airflow.py for tasks to queue
[2022-10-11 11:13:37,830] {logging_mixin.py:115} INFO - [2022-10-11 11:13:37,830] {dagbag.py:507} INFO - Filling up the DagBag from /home/ubuntu/airflow/dags/dbt_airflow.py
[2022-10-11 11:13:37,845] {logging_mixin.py:115} WARNING - /home/ubuntu/airflow/airflow_env/lib/python3.8/site-packages/airflow_dbt/hooks/dbt_hook.py:7 DeprecationWarning: This module is deprecated. Please use `airflow.hooks.base`.
[2022-10-11 11:13:37,848] {logging_mixin.py:115} WARNING - /home/ubuntu/airflow/airflow_env/lib/python3.8/site-packages/airflow_dbt/operators/dbt_operator.py:6 DeprecationWarning: This decorator is deprecated. 

In previous versions, all subclasses of BaseOperator must use apply_default decorator for the `default_args` feature to work properly.

In current version, it is optional. The decorator is applied automatically using the metaclass.
[2022-10-11 11:13:37,850] {logging_mixin.py:115} WARNING - /home/ubuntu/airflow/airflow_env/lib/python3.8/site-packages/airflow_dbt/operators/__init__.py:1 DeprecationWarning: This decorator is deprecated. 

In previous versions, all subclasses of BaseOperator must use apply_default decorator for the `default_args` feature to work properly.

In current version, it is optional. The decorator is applied automatically using the metaclass.
[2022-10-11 11:13:37,856] {processor.py:651} INFO - DAG(s) dict_keys(['dbt']) retrieved from /home/ubuntu/airflow/dags/dbt_airflow.py
[2022-10-11 11:13:37,876] {logging_mixin.py:115} INFO - [2022-10-11 11:13:37,876] {dag.py:2379} INFO - Sync 1 DAGs
[2022-10-11 11:13:37,902] {logging_mixin.py:115} INFO - [2022-10-11 11:13:37,902] {dag.py:2927} INFO - Setting next_dagrun for dbt to 2022-10-11T00:00:00+00:00, run_after=2022-10-12T00:00:00+00:00
[2022-10-11 11:13:37,921] {processor.py:161} INFO - Processing /home/ubuntu/airflow/dags/dbt_airflow.py took 0.097 seconds
[2022-10-11 11:14:09,897] {processor.py:153} INFO - Started process (PID=212019) to work on /home/ubuntu/airflow/dags/dbt_airflow.py
[2022-10-11 11:14:09,899] {processor.py:641} INFO - Processing file /home/ubuntu/airflow/dags/dbt_airflow.py for tasks to queue
[2022-10-11 11:14:09,900] {logging_mixin.py:115} INFO - [2022-10-11 11:14:09,899] {dagbag.py:507} INFO - Filling up the DagBag from /home/ubuntu/airflow/dags/dbt_airflow.py
[2022-10-11 11:14:09,919] {logging_mixin.py:115} WARNING - /home/ubuntu/airflow/airflow_env/lib/python3.8/site-packages/airflow_dbt/hooks/dbt_hook.py:7 DeprecationWarning: This module is deprecated. Please use `airflow.hooks.base`.
[2022-10-11 11:14:09,926] {logging_mixin.py:115} WARNING - /home/ubuntu/airflow/airflow_env/lib/python3.8/site-packages/airflow_dbt/operators/dbt_operator.py:6 DeprecationWarning: This decorator is deprecated. 

In previous versions, all subclasses of BaseOperator must use apply_default decorator for the `default_args` feature to work properly.

In current version, it is optional. The decorator is applied automatically using the metaclass.
[2022-10-11 11:14:09,932] {logging_mixin.py:115} WARNING - /home/ubuntu/airflow/airflow_env/lib/python3.8/site-packages/airflow_dbt/operators/__init__.py:1 DeprecationWarning: This decorator is deprecated. 

In previous versions, all subclasses of BaseOperator must use apply_default decorator for the `default_args` feature to work properly.

In current version, it is optional. The decorator is applied automatically using the metaclass.
[2022-10-11 11:14:09,940] {processor.py:651} INFO - DAG(s) dict_keys(['dbt']) retrieved from /home/ubuntu/airflow/dags/dbt_airflow.py
[2022-10-11 11:14:09,971] {logging_mixin.py:115} INFO - [2022-10-11 11:14:09,970] {dag.py:2379} INFO - Sync 1 DAGs
[2022-10-11 11:14:09,996] {logging_mixin.py:115} INFO - [2022-10-11 11:14:09,996] {dag.py:2927} INFO - Setting next_dagrun for dbt to 2022-10-11T00:00:00+00:00, run_after=2022-10-12T00:00:00+00:00
[2022-10-11 11:14:10,012] {processor.py:161} INFO - Processing /home/ubuntu/airflow/dags/dbt_airflow.py took 0.122 seconds
[2022-10-11 11:14:43,899] {processor.py:153} INFO - Started process (PID=212259) to work on /home/ubuntu/airflow/dags/dbt_airflow.py
[2022-10-11 11:14:43,900] {processor.py:641} INFO - Processing file /home/ubuntu/airflow/dags/dbt_airflow.py for tasks to queue
[2022-10-11 11:14:43,900] {logging_mixin.py:115} INFO - [2022-10-11 11:14:43,900] {dagbag.py:507} INFO - Filling up the DagBag from /home/ubuntu/airflow/dags/dbt_airflow.py
[2022-10-11 11:14:43,915] {logging_mixin.py:115} WARNING - /home/ubuntu/airflow/airflow_env/lib/python3.8/site-packages/airflow_dbt/hooks/dbt_hook.py:7 DeprecationWarning: This module is deprecated. Please use `airflow.hooks.base`.
[2022-10-11 11:14:43,918] {logging_mixin.py:115} WARNING - /home/ubuntu/airflow/airflow_env/lib/python3.8/site-packages/airflow_dbt/operators/dbt_operator.py:6 DeprecationWarning: This decorator is deprecated. 

In previous versions, all subclasses of BaseOperator must use apply_default decorator for the `default_args` feature to work properly.

In current version, it is optional. The decorator is applied automatically using the metaclass.
[2022-10-11 11:14:43,920] {logging_mixin.py:115} WARNING - /home/ubuntu/airflow/airflow_env/lib/python3.8/site-packages/airflow_dbt/operators/__init__.py:1 DeprecationWarning: This decorator is deprecated. 

In previous versions, all subclasses of BaseOperator must use apply_default decorator for the `default_args` feature to work properly.

In current version, it is optional. The decorator is applied automatically using the metaclass.
[2022-10-11 11:14:43,925] {processor.py:651} INFO - DAG(s) dict_keys(['dbt']) retrieved from /home/ubuntu/airflow/dags/dbt_airflow.py
[2022-10-11 11:14:43,946] {logging_mixin.py:115} INFO - [2022-10-11 11:14:43,946] {dag.py:2379} INFO - Sync 1 DAGs
[2022-10-11 11:14:43,964] {logging_mixin.py:115} INFO - [2022-10-11 11:14:43,964] {dag.py:2927} INFO - Setting next_dagrun for dbt to 2022-10-11T00:00:00+00:00, run_after=2022-10-12T00:00:00+00:00
[2022-10-11 11:14:43,975] {processor.py:161} INFO - Processing /home/ubuntu/airflow/dags/dbt_airflow.py took 0.083 seconds
[2022-10-11 11:15:18,032] {processor.py:153} INFO - Started process (PID=212320) to work on /home/ubuntu/airflow/dags/dbt_airflow.py
[2022-10-11 11:15:18,033] {processor.py:641} INFO - Processing file /home/ubuntu/airflow/dags/dbt_airflow.py for tasks to queue
[2022-10-11 11:15:18,034] {logging_mixin.py:115} INFO - [2022-10-11 11:15:18,034] {dagbag.py:507} INFO - Filling up the DagBag from /home/ubuntu/airflow/dags/dbt_airflow.py
[2022-10-11 11:15:18,045] {logging_mixin.py:115} WARNING - /home/ubuntu/airflow/airflow_env/lib/python3.8/site-packages/airflow_dbt/hooks/dbt_hook.py:7 DeprecationWarning: This module is deprecated. Please use `airflow.hooks.base`.
[2022-10-11 11:15:18,047] {logging_mixin.py:115} WARNING - /home/ubuntu/airflow/airflow_env/lib/python3.8/site-packages/airflow_dbt/operators/dbt_operator.py:6 DeprecationWarning: This decorator is deprecated. 

In previous versions, all subclasses of BaseOperator must use apply_default decorator for the `default_args` feature to work properly.

In current version, it is optional. The decorator is applied automatically using the metaclass.
[2022-10-11 11:15:18,049] {logging_mixin.py:115} WARNING - /home/ubuntu/airflow/airflow_env/lib/python3.8/site-packages/airflow_dbt/operators/__init__.py:1 DeprecationWarning: This decorator is deprecated. 

In previous versions, all subclasses of BaseOperator must use apply_default decorator for the `default_args` feature to work properly.

In current version, it is optional. The decorator is applied automatically using the metaclass.
[2022-10-11 11:15:18,054] {processor.py:651} INFO - DAG(s) dict_keys(['dbt']) retrieved from /home/ubuntu/airflow/dags/dbt_airflow.py
[2022-10-11 11:15:18,074] {logging_mixin.py:115} INFO - [2022-10-11 11:15:18,074] {dag.py:2379} INFO - Sync 1 DAGs
[2022-10-11 11:15:18,090] {logging_mixin.py:115} INFO - [2022-10-11 11:15:18,090] {dag.py:2927} INFO - Setting next_dagrun for dbt to 2022-10-11T00:00:00+00:00, run_after=2022-10-12T00:00:00+00:00
[2022-10-11 11:15:18,101] {processor.py:161} INFO - Processing /home/ubuntu/airflow/dags/dbt_airflow.py took 0.074 seconds
[2022-10-11 11:15:49,485] {processor.py:153} INFO - Started process (PID=212377) to work on /home/ubuntu/airflow/dags/dbt_airflow.py
[2022-10-11 11:15:49,486] {processor.py:641} INFO - Processing file /home/ubuntu/airflow/dags/dbt_airflow.py for tasks to queue
[2022-10-11 11:15:49,487] {logging_mixin.py:115} INFO - [2022-10-11 11:15:49,487] {dagbag.py:507} INFO - Filling up the DagBag from /home/ubuntu/airflow/dags/dbt_airflow.py
[2022-10-11 11:15:49,498] {logging_mixin.py:115} WARNING - /home/ubuntu/airflow/airflow_env/lib/python3.8/site-packages/airflow_dbt/hooks/dbt_hook.py:7 DeprecationWarning: This module is deprecated. Please use `airflow.hooks.base`.
[2022-10-11 11:15:49,500] {logging_mixin.py:115} WARNING - /home/ubuntu/airflow/airflow_env/lib/python3.8/site-packages/airflow_dbt/operators/dbt_operator.py:6 DeprecationWarning: This decorator is deprecated. 

In previous versions, all subclasses of BaseOperator must use apply_default decorator for the `default_args` feature to work properly.

In current version, it is optional. The decorator is applied automatically using the metaclass.
[2022-10-11 11:15:49,502] {logging_mixin.py:115} WARNING - /home/ubuntu/airflow/airflow_env/lib/python3.8/site-packages/airflow_dbt/operators/__init__.py:1 DeprecationWarning: This decorator is deprecated. 

In previous versions, all subclasses of BaseOperator must use apply_default decorator for the `default_args` feature to work properly.

In current version, it is optional. The decorator is applied automatically using the metaclass.
[2022-10-11 11:15:49,507] {processor.py:651} INFO - DAG(s) dict_keys(['dbt']) retrieved from /home/ubuntu/airflow/dags/dbt_airflow.py
[2022-10-11 11:15:49,525] {logging_mixin.py:115} INFO - [2022-10-11 11:15:49,525] {dag.py:2379} INFO - Sync 1 DAGs
[2022-10-11 11:15:49,544] {logging_mixin.py:115} INFO - [2022-10-11 11:15:49,544] {dag.py:2927} INFO - Setting next_dagrun for dbt to 2022-10-11T00:00:00+00:00, run_after=2022-10-12T00:00:00+00:00
[2022-10-11 11:15:49,559] {processor.py:161} INFO - Processing /home/ubuntu/airflow/dags/dbt_airflow.py took 0.077 seconds
[2022-10-11 11:16:23,740] {processor.py:153} INFO - Started process (PID=212432) to work on /home/ubuntu/airflow/dags/dbt_airflow.py
[2022-10-11 11:16:23,741] {processor.py:641} INFO - Processing file /home/ubuntu/airflow/dags/dbt_airflow.py for tasks to queue
[2022-10-11 11:16:23,742] {logging_mixin.py:115} INFO - [2022-10-11 11:16:23,742] {dagbag.py:507} INFO - Filling up the DagBag from /home/ubuntu/airflow/dags/dbt_airflow.py
[2022-10-11 11:16:23,756] {logging_mixin.py:115} WARNING - /home/ubuntu/airflow/airflow_env/lib/python3.8/site-packages/airflow_dbt/hooks/dbt_hook.py:7 DeprecationWarning: This module is deprecated. Please use `airflow.hooks.base`.
[2022-10-11 11:16:23,758] {logging_mixin.py:115} WARNING - /home/ubuntu/airflow/airflow_env/lib/python3.8/site-packages/airflow_dbt/operators/dbt_operator.py:6 DeprecationWarning: This decorator is deprecated. 

In previous versions, all subclasses of BaseOperator must use apply_default decorator for the `default_args` feature to work properly.

In current version, it is optional. The decorator is applied automatically using the metaclass.
[2022-10-11 11:16:23,760] {logging_mixin.py:115} WARNING - /home/ubuntu/airflow/airflow_env/lib/python3.8/site-packages/airflow_dbt/operators/__init__.py:1 DeprecationWarning: This decorator is deprecated. 

In previous versions, all subclasses of BaseOperator must use apply_default decorator for the `default_args` feature to work properly.

In current version, it is optional. The decorator is applied automatically using the metaclass.
[2022-10-11 11:16:23,767] {processor.py:651} INFO - DAG(s) dict_keys(['dbt']) retrieved from /home/ubuntu/airflow/dags/dbt_airflow.py
[2022-10-11 11:16:23,792] {logging_mixin.py:115} INFO - [2022-10-11 11:16:23,792] {dag.py:2379} INFO - Sync 1 DAGs
[2022-10-11 11:16:23,812] {logging_mixin.py:115} INFO - [2022-10-11 11:16:23,812] {dag.py:2927} INFO - Setting next_dagrun for dbt to 2022-10-11T00:00:00+00:00, run_after=2022-10-12T00:00:00+00:00
[2022-10-11 11:16:23,823] {processor.py:161} INFO - Processing /home/ubuntu/airflow/dags/dbt_airflow.py took 0.087 seconds
[2022-10-11 11:16:56,463] {processor.py:153} INFO - Started process (PID=212699) to work on /home/ubuntu/airflow/dags/dbt_airflow.py
[2022-10-11 11:16:56,464] {processor.py:641} INFO - Processing file /home/ubuntu/airflow/dags/dbt_airflow.py for tasks to queue
[2022-10-11 11:16:56,465] {logging_mixin.py:115} INFO - [2022-10-11 11:16:56,464] {dagbag.py:507} INFO - Filling up the DagBag from /home/ubuntu/airflow/dags/dbt_airflow.py
[2022-10-11 11:16:56,476] {logging_mixin.py:115} WARNING - /home/ubuntu/airflow/airflow_env/lib/python3.8/site-packages/airflow_dbt/hooks/dbt_hook.py:7 DeprecationWarning: This module is deprecated. Please use `airflow.hooks.base`.
[2022-10-11 11:16:56,478] {logging_mixin.py:115} WARNING - /home/ubuntu/airflow/airflow_env/lib/python3.8/site-packages/airflow_dbt/operators/dbt_operator.py:6 DeprecationWarning: This decorator is deprecated. 

In previous versions, all subclasses of BaseOperator must use apply_default decorator for the `default_args` feature to work properly.

In current version, it is optional. The decorator is applied automatically using the metaclass.
[2022-10-11 11:16:56,479] {logging_mixin.py:115} WARNING - /home/ubuntu/airflow/airflow_env/lib/python3.8/site-packages/airflow_dbt/operators/__init__.py:1 DeprecationWarning: This decorator is deprecated. 

In previous versions, all subclasses of BaseOperator must use apply_default decorator for the `default_args` feature to work properly.

In current version, it is optional. The decorator is applied automatically using the metaclass.
[2022-10-11 11:16:56,484] {processor.py:651} INFO - DAG(s) dict_keys(['dbt']) retrieved from /home/ubuntu/airflow/dags/dbt_airflow.py
[2022-10-11 11:16:56,504] {logging_mixin.py:115} INFO - [2022-10-11 11:16:56,504] {dag.py:2379} INFO - Sync 1 DAGs
[2022-10-11 11:16:56,522] {logging_mixin.py:115} INFO - [2022-10-11 11:16:56,522] {dag.py:2927} INFO - Setting next_dagrun for dbt to 2022-10-11T00:00:00+00:00, run_after=2022-10-12T00:00:00+00:00
[2022-10-11 11:16:56,534] {processor.py:161} INFO - Processing /home/ubuntu/airflow/dags/dbt_airflow.py took 0.075 seconds
[2022-10-11 11:17:27,023] {processor.py:153} INFO - Started process (PID=212840) to work on /home/ubuntu/airflow/dags/dbt_airflow.py
[2022-10-11 11:17:27,024] {processor.py:641} INFO - Processing file /home/ubuntu/airflow/dags/dbt_airflow.py for tasks to queue
[2022-10-11 11:17:27,024] {logging_mixin.py:115} INFO - [2022-10-11 11:17:27,024] {dagbag.py:507} INFO - Filling up the DagBag from /home/ubuntu/airflow/dags/dbt_airflow.py
[2022-10-11 11:17:27,036] {logging_mixin.py:115} WARNING - /home/ubuntu/airflow/airflow_env/lib/python3.8/site-packages/airflow_dbt/hooks/dbt_hook.py:7 DeprecationWarning: This module is deprecated. Please use `airflow.hooks.base`.
[2022-10-11 11:17:27,038] {logging_mixin.py:115} WARNING - /home/ubuntu/airflow/airflow_env/lib/python3.8/site-packages/airflow_dbt/operators/dbt_operator.py:6 DeprecationWarning: This decorator is deprecated. 

In previous versions, all subclasses of BaseOperator must use apply_default decorator for the `default_args` feature to work properly.

In current version, it is optional. The decorator is applied automatically using the metaclass.
[2022-10-11 11:17:27,039] {logging_mixin.py:115} WARNING - /home/ubuntu/airflow/airflow_env/lib/python3.8/site-packages/airflow_dbt/operators/__init__.py:1 DeprecationWarning: This decorator is deprecated. 

In previous versions, all subclasses of BaseOperator must use apply_default decorator for the `default_args` feature to work properly.

In current version, it is optional. The decorator is applied automatically using the metaclass.
[2022-10-11 11:17:27,045] {processor.py:651} INFO - DAG(s) dict_keys(['dbt']) retrieved from /home/ubuntu/airflow/dags/dbt_airflow.py
[2022-10-11 11:17:27,068] {logging_mixin.py:115} INFO - [2022-10-11 11:17:27,068] {dag.py:2379} INFO - Sync 1 DAGs
[2022-10-11 11:17:27,089] {logging_mixin.py:115} INFO - [2022-10-11 11:17:27,089] {dag.py:2927} INFO - Setting next_dagrun for dbt to 2022-10-11T00:00:00+00:00, run_after=2022-10-12T00:00:00+00:00
[2022-10-11 11:17:27,100] {processor.py:161} INFO - Processing /home/ubuntu/airflow/dags/dbt_airflow.py took 0.082 seconds
[2022-10-11 11:17:57,531] {processor.py:153} INFO - Started process (PID=212927) to work on /home/ubuntu/airflow/dags/dbt_airflow.py
[2022-10-11 11:17:57,531] {processor.py:641} INFO - Processing file /home/ubuntu/airflow/dags/dbt_airflow.py for tasks to queue
[2022-10-11 11:17:57,532] {logging_mixin.py:115} INFO - [2022-10-11 11:17:57,532] {dagbag.py:507} INFO - Filling up the DagBag from /home/ubuntu/airflow/dags/dbt_airflow.py
[2022-10-11 11:17:57,544] {logging_mixin.py:115} WARNING - /home/ubuntu/airflow/airflow_env/lib/python3.8/site-packages/airflow_dbt/hooks/dbt_hook.py:7 DeprecationWarning: This module is deprecated. Please use `airflow.hooks.base`.
[2022-10-11 11:17:57,546] {logging_mixin.py:115} WARNING - /home/ubuntu/airflow/airflow_env/lib/python3.8/site-packages/airflow_dbt/operators/dbt_operator.py:6 DeprecationWarning: This decorator is deprecated. 

In previous versions, all subclasses of BaseOperator must use apply_default decorator for the `default_args` feature to work properly.

In current version, it is optional. The decorator is applied automatically using the metaclass.
[2022-10-11 11:17:57,548] {logging_mixin.py:115} WARNING - /home/ubuntu/airflow/airflow_env/lib/python3.8/site-packages/airflow_dbt/operators/__init__.py:1 DeprecationWarning: This decorator is deprecated. 

In previous versions, all subclasses of BaseOperator must use apply_default decorator for the `default_args` feature to work properly.

In current version, it is optional. The decorator is applied automatically using the metaclass.
[2022-10-11 11:17:57,556] {processor.py:651} INFO - DAG(s) dict_keys(['dbt']) retrieved from /home/ubuntu/airflow/dags/dbt_airflow.py
[2022-10-11 11:17:57,578] {logging_mixin.py:115} INFO - [2022-10-11 11:17:57,578] {dag.py:2379} INFO - Sync 1 DAGs
[2022-10-11 11:17:57,607] {logging_mixin.py:115} INFO - [2022-10-11 11:17:57,607] {dag.py:2927} INFO - Setting next_dagrun for dbt to 2022-10-11T00:00:00+00:00, run_after=2022-10-12T00:00:00+00:00
[2022-10-11 11:17:57,621] {processor.py:161} INFO - Processing /home/ubuntu/airflow/dags/dbt_airflow.py took 0.094 seconds
[2022-10-11 11:18:29,242] {processor.py:153} INFO - Started process (PID=212980) to work on /home/ubuntu/airflow/dags/dbt_airflow.py
[2022-10-11 11:18:29,243] {processor.py:641} INFO - Processing file /home/ubuntu/airflow/dags/dbt_airflow.py for tasks to queue
[2022-10-11 11:18:29,244] {logging_mixin.py:115} INFO - [2022-10-11 11:18:29,244] {dagbag.py:507} INFO - Filling up the DagBag from /home/ubuntu/airflow/dags/dbt_airflow.py
[2022-10-11 11:18:29,255] {logging_mixin.py:115} WARNING - /home/ubuntu/airflow/airflow_env/lib/python3.8/site-packages/airflow_dbt/hooks/dbt_hook.py:7 DeprecationWarning: This module is deprecated. Please use `airflow.hooks.base`.
[2022-10-11 11:18:29,257] {logging_mixin.py:115} WARNING - /home/ubuntu/airflow/airflow_env/lib/python3.8/site-packages/airflow_dbt/operators/dbt_operator.py:6 DeprecationWarning: This decorator is deprecated. 

In previous versions, all subclasses of BaseOperator must use apply_default decorator for the `default_args` feature to work properly.

In current version, it is optional. The decorator is applied automatically using the metaclass.
[2022-10-11 11:18:29,258] {logging_mixin.py:115} WARNING - /home/ubuntu/airflow/airflow_env/lib/python3.8/site-packages/airflow_dbt/operators/__init__.py:1 DeprecationWarning: This decorator is deprecated. 

In previous versions, all subclasses of BaseOperator must use apply_default decorator for the `default_args` feature to work properly.

In current version, it is optional. The decorator is applied automatically using the metaclass.
[2022-10-11 11:18:29,266] {processor.py:651} INFO - DAG(s) dict_keys(['dbt']) retrieved from /home/ubuntu/airflow/dags/dbt_airflow.py
[2022-10-11 11:18:29,288] {logging_mixin.py:115} INFO - [2022-10-11 11:18:29,288] {dag.py:2379} INFO - Sync 1 DAGs
[2022-10-11 11:18:29,306] {logging_mixin.py:115} INFO - [2022-10-11 11:18:29,306] {dag.py:2927} INFO - Setting next_dagrun for dbt to 2022-10-11T00:00:00+00:00, run_after=2022-10-12T00:00:00+00:00
[2022-10-11 11:18:29,319] {processor.py:161} INFO - Processing /home/ubuntu/airflow/dags/dbt_airflow.py took 0.080 seconds
[2022-10-11 11:19:02,902] {processor.py:153} INFO - Started process (PID=213071) to work on /home/ubuntu/airflow/dags/dbt_airflow.py
[2022-10-11 11:19:02,904] {processor.py:641} INFO - Processing file /home/ubuntu/airflow/dags/dbt_airflow.py for tasks to queue
[2022-10-11 11:19:02,905] {logging_mixin.py:115} INFO - [2022-10-11 11:19:02,905] {dagbag.py:507} INFO - Filling up the DagBag from /home/ubuntu/airflow/dags/dbt_airflow.py
[2022-10-11 11:19:02,924] {logging_mixin.py:115} WARNING - /home/ubuntu/airflow/airflow_env/lib/python3.8/site-packages/airflow_dbt/hooks/dbt_hook.py:7 DeprecationWarning: This module is deprecated. Please use `airflow.hooks.base`.
[2022-10-11 11:19:02,928] {logging_mixin.py:115} WARNING - /home/ubuntu/airflow/airflow_env/lib/python3.8/site-packages/airflow_dbt/operators/dbt_operator.py:6 DeprecationWarning: This decorator is deprecated. 

In previous versions, all subclasses of BaseOperator must use apply_default decorator for the `default_args` feature to work properly.

In current version, it is optional. The decorator is applied automatically using the metaclass.
[2022-10-11 11:19:02,931] {logging_mixin.py:115} WARNING - /home/ubuntu/airflow/airflow_env/lib/python3.8/site-packages/airflow_dbt/operators/__init__.py:1 DeprecationWarning: This decorator is deprecated. 

In previous versions, all subclasses of BaseOperator must use apply_default decorator for the `default_args` feature to work properly.

In current version, it is optional. The decorator is applied automatically using the metaclass.
[2022-10-11 11:19:02,939] {processor.py:651} INFO - DAG(s) dict_keys(['dbt']) retrieved from /home/ubuntu/airflow/dags/dbt_airflow.py
[2022-10-11 11:19:02,976] {logging_mixin.py:115} INFO - [2022-10-11 11:19:02,976] {dag.py:2379} INFO - Sync 1 DAGs
[2022-10-11 11:19:03,006] {logging_mixin.py:115} INFO - [2022-10-11 11:19:03,006] {dag.py:2927} INFO - Setting next_dagrun for dbt to 2022-10-11T00:00:00+00:00, run_after=2022-10-12T00:00:00+00:00
[2022-10-11 11:19:03,025] {processor.py:161} INFO - Processing /home/ubuntu/airflow/dags/dbt_airflow.py took 0.128 seconds
[2022-10-11 11:19:35,544] {processor.py:153} INFO - Started process (PID=213217) to work on /home/ubuntu/airflow/dags/dbt_airflow.py
[2022-10-11 11:19:35,544] {processor.py:641} INFO - Processing file /home/ubuntu/airflow/dags/dbt_airflow.py for tasks to queue
[2022-10-11 11:19:35,545] {logging_mixin.py:115} INFO - [2022-10-11 11:19:35,545] {dagbag.py:507} INFO - Filling up the DagBag from /home/ubuntu/airflow/dags/dbt_airflow.py
[2022-10-11 11:19:35,560] {logging_mixin.py:115} WARNING - /home/ubuntu/airflow/airflow_env/lib/python3.8/site-packages/airflow_dbt/hooks/dbt_hook.py:7 DeprecationWarning: This module is deprecated. Please use `airflow.hooks.base`.
[2022-10-11 11:19:35,563] {logging_mixin.py:115} WARNING - /home/ubuntu/airflow/airflow_env/lib/python3.8/site-packages/airflow_dbt/operators/dbt_operator.py:6 DeprecationWarning: This decorator is deprecated. 

In previous versions, all subclasses of BaseOperator must use apply_default decorator for the `default_args` feature to work properly.

In current version, it is optional. The decorator is applied automatically using the metaclass.
[2022-10-11 11:19:35,566] {logging_mixin.py:115} WARNING - /home/ubuntu/airflow/airflow_env/lib/python3.8/site-packages/airflow_dbt/operators/__init__.py:1 DeprecationWarning: This decorator is deprecated. 

In previous versions, all subclasses of BaseOperator must use apply_default decorator for the `default_args` feature to work properly.

In current version, it is optional. The decorator is applied automatically using the metaclass.
[2022-10-11 11:19:35,575] {processor.py:651} INFO - DAG(s) dict_keys(['dbt']) retrieved from /home/ubuntu/airflow/dags/dbt_airflow.py
[2022-10-11 11:19:35,597] {logging_mixin.py:115} INFO - [2022-10-11 11:19:35,597] {dag.py:2379} INFO - Sync 1 DAGs
[2022-10-11 11:19:35,616] {logging_mixin.py:115} INFO - [2022-10-11 11:19:35,616] {dag.py:2927} INFO - Setting next_dagrun for dbt to 2022-10-11T00:00:00+00:00, run_after=2022-10-12T00:00:00+00:00
[2022-10-11 11:19:35,629] {processor.py:161} INFO - Processing /home/ubuntu/airflow/dags/dbt_airflow.py took 0.090 seconds
[2022-10-11 11:20:06,109] {processor.py:153} INFO - Started process (PID=213301) to work on /home/ubuntu/airflow/dags/dbt_airflow.py
[2022-10-11 11:20:06,110] {processor.py:641} INFO - Processing file /home/ubuntu/airflow/dags/dbt_airflow.py for tasks to queue
[2022-10-11 11:20:06,110] {logging_mixin.py:115} INFO - [2022-10-11 11:20:06,110] {dagbag.py:507} INFO - Filling up the DagBag from /home/ubuntu/airflow/dags/dbt_airflow.py
[2022-10-11 11:20:06,122] {logging_mixin.py:115} WARNING - /home/ubuntu/airflow/airflow_env/lib/python3.8/site-packages/airflow_dbt/hooks/dbt_hook.py:7 DeprecationWarning: This module is deprecated. Please use `airflow.hooks.base`.
[2022-10-11 11:20:06,124] {logging_mixin.py:115} WARNING - /home/ubuntu/airflow/airflow_env/lib/python3.8/site-packages/airflow_dbt/operators/dbt_operator.py:6 DeprecationWarning: This decorator is deprecated. 

In previous versions, all subclasses of BaseOperator must use apply_default decorator for the `default_args` feature to work properly.

In current version, it is optional. The decorator is applied automatically using the metaclass.
[2022-10-11 11:20:06,125] {logging_mixin.py:115} WARNING - /home/ubuntu/airflow/airflow_env/lib/python3.8/site-packages/airflow_dbt/operators/__init__.py:1 DeprecationWarning: This decorator is deprecated. 

In previous versions, all subclasses of BaseOperator must use apply_default decorator for the `default_args` feature to work properly.

In current version, it is optional. The decorator is applied automatically using the metaclass.
[2022-10-11 11:20:06,131] {processor.py:651} INFO - DAG(s) dict_keys(['dbt']) retrieved from /home/ubuntu/airflow/dags/dbt_airflow.py
[2022-10-11 11:20:06,152] {logging_mixin.py:115} INFO - [2022-10-11 11:20:06,152] {dag.py:2379} INFO - Sync 1 DAGs
[2022-10-11 11:20:06,171] {logging_mixin.py:115} INFO - [2022-10-11 11:20:06,171] {dag.py:2927} INFO - Setting next_dagrun for dbt to 2022-10-11T00:00:00+00:00, run_after=2022-10-12T00:00:00+00:00
[2022-10-11 11:20:06,185] {processor.py:161} INFO - Processing /home/ubuntu/airflow/dags/dbt_airflow.py took 0.080 seconds
[2022-10-11 11:20:38,861] {processor.py:153} INFO - Started process (PID=213359) to work on /home/ubuntu/airflow/dags/dbt_airflow.py
[2022-10-11 11:20:38,862] {processor.py:641} INFO - Processing file /home/ubuntu/airflow/dags/dbt_airflow.py for tasks to queue
[2022-10-11 11:20:38,863] {logging_mixin.py:115} INFO - [2022-10-11 11:20:38,862] {dagbag.py:507} INFO - Filling up the DagBag from /home/ubuntu/airflow/dags/dbt_airflow.py
[2022-10-11 11:20:38,874] {logging_mixin.py:115} WARNING - /home/ubuntu/airflow/airflow_env/lib/python3.8/site-packages/airflow_dbt/hooks/dbt_hook.py:7 DeprecationWarning: This module is deprecated. Please use `airflow.hooks.base`.
[2022-10-11 11:20:38,876] {logging_mixin.py:115} WARNING - /home/ubuntu/airflow/airflow_env/lib/python3.8/site-packages/airflow_dbt/operators/dbt_operator.py:6 DeprecationWarning: This decorator is deprecated. 

In previous versions, all subclasses of BaseOperator must use apply_default decorator for the `default_args` feature to work properly.

In current version, it is optional. The decorator is applied automatically using the metaclass.
[2022-10-11 11:20:38,878] {logging_mixin.py:115} WARNING - /home/ubuntu/airflow/airflow_env/lib/python3.8/site-packages/airflow_dbt/operators/__init__.py:1 DeprecationWarning: This decorator is deprecated. 

In previous versions, all subclasses of BaseOperator must use apply_default decorator for the `default_args` feature to work properly.

In current version, it is optional. The decorator is applied automatically using the metaclass.
[2022-10-11 11:20:38,883] {processor.py:651} INFO - DAG(s) dict_keys(['dbt']) retrieved from /home/ubuntu/airflow/dags/dbt_airflow.py
[2022-10-11 11:20:38,904] {logging_mixin.py:115} INFO - [2022-10-11 11:20:38,903] {dag.py:2379} INFO - Sync 1 DAGs
[2022-10-11 11:20:38,925] {logging_mixin.py:115} INFO - [2022-10-11 11:20:38,925] {dag.py:2927} INFO - Setting next_dagrun for dbt to 2022-10-11T00:00:00+00:00, run_after=2022-10-12T00:00:00+00:00
[2022-10-11 11:20:38,938] {processor.py:161} INFO - Processing /home/ubuntu/airflow/dags/dbt_airflow.py took 0.082 seconds
[2022-10-11 11:21:12,157] {processor.py:153} INFO - Started process (PID=213420) to work on /home/ubuntu/airflow/dags/dbt_airflow.py
[2022-10-11 11:21:12,158] {processor.py:641} INFO - Processing file /home/ubuntu/airflow/dags/dbt_airflow.py for tasks to queue
[2022-10-11 11:21:12,159] {logging_mixin.py:115} INFO - [2022-10-11 11:21:12,159] {dagbag.py:507} INFO - Filling up the DagBag from /home/ubuntu/airflow/dags/dbt_airflow.py
[2022-10-11 11:21:12,171] {logging_mixin.py:115} WARNING - /home/ubuntu/airflow/airflow_env/lib/python3.8/site-packages/airflow_dbt/hooks/dbt_hook.py:7 DeprecationWarning: This module is deprecated. Please use `airflow.hooks.base`.
[2022-10-11 11:21:12,174] {logging_mixin.py:115} WARNING - /home/ubuntu/airflow/airflow_env/lib/python3.8/site-packages/airflow_dbt/operators/dbt_operator.py:6 DeprecationWarning: This decorator is deprecated. 

In previous versions, all subclasses of BaseOperator must use apply_default decorator for the `default_args` feature to work properly.

In current version, it is optional. The decorator is applied automatically using the metaclass.
[2022-10-11 11:21:12,175] {logging_mixin.py:115} WARNING - /home/ubuntu/airflow/airflow_env/lib/python3.8/site-packages/airflow_dbt/operators/__init__.py:1 DeprecationWarning: This decorator is deprecated. 

In previous versions, all subclasses of BaseOperator must use apply_default decorator for the `default_args` feature to work properly.

In current version, it is optional. The decorator is applied automatically using the metaclass.
[2022-10-11 11:21:12,182] {processor.py:651} INFO - DAG(s) dict_keys(['dbt']) retrieved from /home/ubuntu/airflow/dags/dbt_airflow.py
[2022-10-11 11:21:12,213] {logging_mixin.py:115} INFO - [2022-10-11 11:21:12,213] {dag.py:2379} INFO - Sync 1 DAGs
[2022-10-11 11:21:12,239] {logging_mixin.py:115} INFO - [2022-10-11 11:21:12,239] {dag.py:2927} INFO - Setting next_dagrun for dbt to 2022-10-11T00:00:00+00:00, run_after=2022-10-12T00:00:00+00:00
[2022-10-11 11:21:12,250] {processor.py:161} INFO - Processing /home/ubuntu/airflow/dags/dbt_airflow.py took 0.098 seconds
