[2022-10-11 11:00:59,757] {taskinstance.py:1159} INFO - Dependencies all met for <TaskInstance: dbt.dbt_run scheduled__2022-10-10T00:00:00+00:00 [queued]>
[2022-10-11 11:00:59,771] {taskinstance.py:1159} INFO - Dependencies all met for <TaskInstance: dbt.dbt_run scheduled__2022-10-10T00:00:00+00:00 [queued]>
[2022-10-11 11:00:59,771] {taskinstance.py:1356} INFO - 
--------------------------------------------------------------------------------
[2022-10-11 11:00:59,771] {taskinstance.py:1357} INFO - Starting attempt 1 of 1
[2022-10-11 11:00:59,771] {taskinstance.py:1358} INFO - 
--------------------------------------------------------------------------------
[2022-10-11 11:00:59,784] {taskinstance.py:1377} INFO - Executing <Task(DbtRunOperator): dbt_run> on 2022-10-10 00:00:00+00:00
[2022-10-11 11:00:59,787] {standard_task_runner.py:52} INFO - Started process 201644 to run task
[2022-10-11 11:00:59,796] {standard_task_runner.py:79} INFO - Running: ['airflow', 'tasks', 'run', 'dbt', 'dbt_run', 'scheduled__2022-10-10T00:00:00+00:00', '--job-id', '52', '--raw', '--subdir', 'DAGS_FOLDER/dbt_airflow.py', '--cfg-path', '/tmp/tmp52wqw5p0', '--error-file', '/tmp/tmpdg52cgtp']
[2022-10-11 11:00:59,798] {standard_task_runner.py:80} INFO - Job 52: Subtask dbt_run
[2022-10-11 11:00:59,901] {task_command.py:370} INFO - Running <TaskInstance: dbt.dbt_run scheduled__2022-10-10T00:00:00+00:00 [running]> on host ubuntu
[2022-10-11 11:00:59,969] {taskinstance.py:1569} INFO - Exporting the following env vars:
AIRFLOW_CTX_DAG_OWNER=airflow
AIRFLOW_CTX_DAG_ID=dbt
AIRFLOW_CTX_TASK_ID=dbt_run
AIRFLOW_CTX_EXECUTION_DATE=2022-10-10T00:00:00+00:00
AIRFLOW_CTX_TRY_NUMBER=1
AIRFLOW_CTX_DAG_RUN_ID=scheduled__2022-10-10T00:00:00+00:00
[2022-10-11 11:00:59,970] {dbt_hook.py:117} INFO - dbt run --select Core --full-refresh
[2022-10-11 11:00:59,979] {dbt_hook.py:126} INFO - Output:
[2022-10-11 11:01:03,695] {dbt_hook.py:130} INFO - 18:01:03  Running with dbt=1.1.0
[2022-10-11 11:01:03,813] {dbt_hook.py:130} INFO - 18:01:03  Found 6 models, 5 tests, 6 snapshots, 0 analyses, 400 macros, 0 operations, 7 seed files, 2 sources, 0 exposures, 0 metrics
[2022-10-11 11:01:03,816] {dbt_hook.py:130} INFO - 18:01:03
[2022-10-11 11:01:07,370] {dbt_hook.py:130} INFO - 18:01:07  Concurrency: 2 threads (target='dev')
[2022-10-11 11:01:07,371] {dbt_hook.py:130} INFO - 18:01:07
[2022-10-11 11:01:07,377] {dbt_hook.py:130} INFO - 18:01:07  2 of 2 START incremental model DBT_HAMS71.Core_Transactions .................... [RUN]
[2022-10-11 11:01:07,385] {dbt_hook.py:130} INFO - 18:01:07  1 of 2 START incremental model DBT_HAMS71.Core_City ............................ [RUN]
[2022-10-11 11:01:10,109] {dbt_hook.py:130} INFO - 18:01:10  1 of 2 OK created incremental model DBT_HAMS71.Core_City ....................... [[32mSUCCESS 1[0m in 2.72s]
[2022-10-11 11:01:10,349] {dbt_hook.py:130} INFO - 18:01:10  2 of 2 OK created incremental model DBT_HAMS71.Core_Transactions ............... [[32mSUCCESS 1[0m in 2.97s]
[2022-10-11 11:01:10,351] {dbt_hook.py:130} INFO - 18:01:10
[2022-10-11 11:01:10,352] {dbt_hook.py:130} INFO - 18:01:10  Finished running 2 incremental models in 6.53s.
[2022-10-11 11:01:10,364] {dbt_hook.py:130} INFO - 18:01:10
[2022-10-11 11:01:10,364] {dbt_hook.py:130} INFO - 18:01:10  [32mCompleted successfully[0m
[2022-10-11 11:01:10,365] {dbt_hook.py:130} INFO - 18:01:10
[2022-10-11 11:01:10,365] {dbt_hook.py:130} INFO - 18:01:10  Done. PASS=2 WARN=0 ERROR=0 SKIP=0 TOTAL=2
[2022-10-11 11:01:11,920] {dbt_hook.py:132} INFO - Command exited with return code 0
[2022-10-11 11:01:11,933] {taskinstance.py:1395} INFO - Marking task as SUCCESS. dag_id=dbt, task_id=dbt_run, execution_date=20221010T000000, start_date=20221011T180059, end_date=20221011T180111
[2022-10-11 11:01:11,989] {local_task_job.py:156} INFO - Task exited with return code 0
[2022-10-11 11:01:12,012] {local_task_job.py:273} INFO - 1 downstream tasks scheduled from follow-on schedule check
