[2022-10-10 01:10:35,605] {taskinstance.py:1159} INFO - Dependencies all met for <TaskInstance: dbt.dbt_seed manual__2022-10-10T08:10:32.922589+00:00 [queued]>
[2022-10-10 01:10:35,613] {taskinstance.py:1159} INFO - Dependencies all met for <TaskInstance: dbt.dbt_seed manual__2022-10-10T08:10:32.922589+00:00 [queued]>
[2022-10-10 01:10:35,613] {taskinstance.py:1356} INFO - 
--------------------------------------------------------------------------------
[2022-10-10 01:10:35,613] {taskinstance.py:1357} INFO - Starting attempt 1 of 1
[2022-10-10 01:10:35,613] {taskinstance.py:1358} INFO - 
--------------------------------------------------------------------------------
[2022-10-10 01:10:35,634] {taskinstance.py:1377} INFO - Executing <Task(DbtSeedOperator): dbt_seed> on 2022-10-10 08:10:32.922589+00:00
[2022-10-10 01:10:35,639] {standard_task_runner.py:52} INFO - Started process 169705 to run task
[2022-10-10 01:10:35,651] {standard_task_runner.py:79} INFO - Running: ['airflow', 'tasks', 'run', 'dbt', 'dbt_seed', 'manual__2022-10-10T08:10:32.922589+00:00', '--job-id', '28', '--raw', '--subdir', 'DAGS_FOLDER/dbt_airflow.py', '--cfg-path', '/tmp/tmpmi2uawq7', '--error-file', '/tmp/tmpr750zqau']
[2022-10-10 01:10:35,653] {standard_task_runner.py:80} INFO - Job 28: Subtask dbt_seed
[2022-10-10 01:10:35,724] {task_command.py:370} INFO - Running <TaskInstance: dbt.dbt_seed manual__2022-10-10T08:10:32.922589+00:00 [running]> on host ubuntu
[2022-10-10 01:10:35,801] {taskinstance.py:1569} INFO - Exporting the following env vars:
AIRFLOW_CTX_DAG_OWNER=airflow
AIRFLOW_CTX_DAG_ID=dbt
AIRFLOW_CTX_TASK_ID=dbt_seed
AIRFLOW_CTX_EXECUTION_DATE=2022-10-10T08:10:32.922589+00:00
AIRFLOW_CTX_TRY_NUMBER=1
AIRFLOW_CTX_DAG_RUN_ID=manual__2022-10-10T08:10:32.922589+00:00
[2022-10-10 01:10:35,802] {dbt_hook.py:117} INFO - dbt seed
[2022-10-10 01:10:35,811] {dbt_hook.py:126} INFO - Output:
[2022-10-10 01:10:40,552] {dbt_hook.py:130} INFO - 08:10:40  Running with dbt=1.1.0
[2022-10-10 01:10:40,699] {dbt_hook.py:130} INFO - 08:10:40  Found 6 models, 5 tests, 7 snapshots, 0 analyses, 400 macros, 0 operations, 7 seed files, 2 sources, 0 exposures, 0 metrics
[2022-10-10 01:10:40,704] {dbt_hook.py:130} INFO - 08:10:40
[2022-10-10 01:10:44,483] {dbt_hook.py:130} INFO - 08:10:44  Concurrency: 2 threads (target='dev')
[2022-10-10 01:10:44,483] {dbt_hook.py:130} INFO - 08:10:44
[2022-10-10 01:10:44,487] {dbt_hook.py:130} INFO - 08:10:44  1 of 7 START seed file DBT_HAMS71.STG_Accounts ................................. [RUN]
[2022-10-10 01:10:44,511] {dbt_hook.py:130} INFO - 08:10:44  2 of 7 START seed file DBT_HAMS71.STG_Address .................................. [RUN]
[2022-10-10 01:10:48,626] {dbt_hook.py:130} INFO - 08:10:48  1 of 7 OK loaded seed file DBT_HAMS71.STG_Accounts ............................. [[32mINSERT 1000[0m in 4.14s]
[2022-10-10 01:10:48,629] {dbt_hook.py:130} INFO - 08:10:48  3 of 7 START seed file DBT_HAMS71.STG_Bank ..................................... [RUN]
[2022-10-10 01:10:48,664] {dbt_hook.py:130} INFO - 08:10:48  2 of 7 OK loaded seed file DBT_HAMS71.STG_Address .............................. [[32mINSERT 300[0m in 4.15s]
[2022-10-10 01:10:48,668] {dbt_hook.py:130} INFO - 08:10:48  4 of 7 START seed file DBT_HAMS71.STG_Branch ................................... [RUN]
[2022-10-10 01:10:52,472] {dbt_hook.py:130} INFO - 08:10:52  3 of 7 OK loaded seed file DBT_HAMS71.STG_Bank ................................. [[32mINSERT 1000[0m in 3.84s]
[2022-10-10 01:10:52,473] {dbt_hook.py:130} INFO - 08:10:52  5 of 7 START seed file DBT_HAMS71.STG_City ..................................... [RUN]
[2022-10-10 01:10:52,494] {dbt_hook.py:130} INFO - 08:10:52  4 of 7 OK loaded seed file DBT_HAMS71.STG_Branch ............................... [[32mINSERT 1000[0m in 3.82s]
[2022-10-10 01:10:52,496] {dbt_hook.py:130} INFO - 08:10:52  6 of 7 START seed file DBT_HAMS71.STG_Contact .................................. [RUN]
[2022-10-10 01:10:55,838] {dbt_hook.py:130} INFO - 08:10:55  5 of 7 OK loaded seed file DBT_HAMS71.STG_City ................................. [[32mINSERT 300[0m in 3.36s]
[2022-10-10 01:10:55,844] {dbt_hook.py:130} INFO - 08:10:55  7 of 7 START seed file DBT_HAMS71.STG_Transactions ............................. [RUN]
[2022-10-10 01:10:56,638] {dbt_hook.py:130} INFO - 08:10:56  6 of 7 OK loaded seed file DBT_HAMS71.STG_Contact .............................. [[32mINSERT 1000[0m in 4.14s]
[2022-10-10 01:10:59,614] {dbt_hook.py:130} INFO - 08:10:59  7 of 7 OK loaded seed file DBT_HAMS71.STG_Transactions ......................... [[32mINSERT 1000[0m in 3.77s]
[2022-10-10 01:10:59,616] {dbt_hook.py:130} INFO - 08:10:59
[2022-10-10 01:10:59,616] {dbt_hook.py:130} INFO - 08:10:59  Finished running 7 seeds in 18.91s.
[2022-10-10 01:10:59,630] {dbt_hook.py:130} INFO - 08:10:59
[2022-10-10 01:10:59,630] {dbt_hook.py:130} INFO - 08:10:59  [32mCompleted successfully[0m
[2022-10-10 01:10:59,631] {dbt_hook.py:130} INFO - 08:10:59
[2022-10-10 01:10:59,631] {dbt_hook.py:130} INFO - 08:10:59  Done. PASS=7 WARN=0 ERROR=0 SKIP=0 TOTAL=7
[2022-10-10 01:11:01,343] {dbt_hook.py:132} INFO - Command exited with return code 0
[2022-10-10 01:11:01,357] {taskinstance.py:1395} INFO - Marking task as SUCCESS. dag_id=dbt, task_id=dbt_seed, execution_date=20221010T081032, start_date=20221010T081035, end_date=20221010T081101
[2022-10-10 01:11:01,384] {local_task_job.py:156} INFO - Task exited with return code 0
[2022-10-10 01:11:01,415] {local_task_job.py:273} INFO - 1 downstream tasks scheduled from follow-on schedule check
