[2022-06-27 04:49:55,507] {processor.py:153} INFO - Started process (PID=150511) to work on /home/ubuntu/airflow/airflow_env/lib/python3.8/site-packages/airflow/example_dags/example_dag_decorator.py
[2022-06-27 04:49:55,509] {processor.py:641} INFO - Processing file /home/ubuntu/airflow/airflow_env/lib/python3.8/site-packages/airflow/example_dags/example_dag_decorator.py for tasks to queue
[2022-06-27 04:49:55,511] {logging_mixin.py:115} INFO - [2022-06-27 04:49:55,510] {dagbag.py:507} INFO - Filling up the DagBag from /home/ubuntu/airflow/airflow_env/lib/python3.8/site-packages/airflow/example_dags/example_dag_decorator.py
[2022-06-27 04:49:55,603] {processor.py:651} INFO - DAG(s) dict_keys(['example_dag_decorator']) retrieved from /home/ubuntu/airflow/airflow_env/lib/python3.8/site-packages/airflow/example_dags/example_dag_decorator.py
[2022-06-27 04:49:55,782] {logging_mixin.py:115} INFO - [2022-06-27 04:49:55,782] {manager.py:508} INFO - Created Permission View: can edit on DAG:example_dag_decorator
[2022-06-27 04:49:55,807] {logging_mixin.py:115} INFO - [2022-06-27 04:49:55,806] {manager.py:508} INFO - Created Permission View: can read on DAG:example_dag_decorator
[2022-06-27 04:49:55,821] {logging_mixin.py:115} INFO - [2022-06-27 04:49:55,821] {manager.py:508} INFO - Created Permission View: can delete on DAG:example_dag_decorator
[2022-06-27 04:49:55,822] {logging_mixin.py:115} INFO - [2022-06-27 04:49:55,821] {dag.py:2379} INFO - Sync 1 DAGs
[2022-06-27 04:49:55,833] {logging_mixin.py:115} INFO - [2022-06-27 04:49:55,833] {dag.py:2398} INFO - Creating ORM DAG for example_dag_decorator
[2022-06-27 04:49:55,852] {logging_mixin.py:115} INFO - [2022-06-27 04:49:55,852] {dag.py:2927} INFO - Setting next_dagrun for example_dag_decorator to None, run_after=None
[2022-06-27 04:49:55,884] {processor.py:161} INFO - Processing /home/ubuntu/airflow/airflow_env/lib/python3.8/site-packages/airflow/example_dags/example_dag_decorator.py took 0.392 seconds
[2022-06-27 04:50:43,004] {processor.py:153} INFO - Started process (PID=150572) to work on /home/ubuntu/airflow/airflow_env/lib/python3.8/site-packages/airflow/example_dags/example_dag_decorator.py
[2022-06-27 04:50:43,007] {processor.py:641} INFO - Processing file /home/ubuntu/airflow/airflow_env/lib/python3.8/site-packages/airflow/example_dags/example_dag_decorator.py for tasks to queue
[2022-06-27 04:50:43,012] {logging_mixin.py:115} INFO - [2022-06-27 04:50:43,011] {dagbag.py:507} INFO - Filling up the DagBag from /home/ubuntu/airflow/airflow_env/lib/python3.8/site-packages/airflow/example_dags/example_dag_decorator.py
[2022-06-27 04:50:43,365] {processor.py:651} INFO - DAG(s) dict_keys(['example_dag_decorator']) retrieved from /home/ubuntu/airflow/airflow_env/lib/python3.8/site-packages/airflow/example_dags/example_dag_decorator.py
[2022-06-27 04:50:43,635] {logging_mixin.py:115} INFO - [2022-06-27 04:50:43,635] {dag.py:2379} INFO - Sync 1 DAGs
[2022-06-27 04:50:43,741] {logging_mixin.py:115} INFO - [2022-06-27 04:50:43,741] {dag.py:2927} INFO - Setting next_dagrun for example_dag_decorator to None, run_after=None
[2022-06-27 04:50:43,805] {processor.py:161} INFO - Processing /home/ubuntu/airflow/airflow_env/lib/python3.8/site-packages/airflow/example_dags/example_dag_decorator.py took 0.832 seconds
[2022-06-27 04:51:32,259] {processor.py:153} INFO - Started process (PID=150680) to work on /home/ubuntu/airflow/airflow_env/lib/python3.8/site-packages/airflow/example_dags/example_dag_decorator.py
[2022-06-27 04:51:32,263] {processor.py:641} INFO - Processing file /home/ubuntu/airflow/airflow_env/lib/python3.8/site-packages/airflow/example_dags/example_dag_decorator.py for tasks to queue
[2022-06-27 04:51:32,271] {logging_mixin.py:115} INFO - [2022-06-27 04:51:32,270] {dagbag.py:507} INFO - Filling up the DagBag from /home/ubuntu/airflow/airflow_env/lib/python3.8/site-packages/airflow/example_dags/example_dag_decorator.py
[2022-06-27 04:51:32,336] {processor.py:651} INFO - DAG(s) dict_keys(['example_dag_decorator']) retrieved from /home/ubuntu/airflow/airflow_env/lib/python3.8/site-packages/airflow/example_dags/example_dag_decorator.py
[2022-06-27 04:51:32,457] {logging_mixin.py:115} INFO - [2022-06-27 04:51:32,457] {dag.py:2379} INFO - Sync 1 DAGs
[2022-06-27 04:51:32,490] {logging_mixin.py:115} INFO - [2022-06-27 04:51:32,490] {dag.py:2927} INFO - Setting next_dagrun for example_dag_decorator to None, run_after=None
[2022-06-27 04:51:32,510] {processor.py:161} INFO - Processing /home/ubuntu/airflow/airflow_env/lib/python3.8/site-packages/airflow/example_dags/example_dag_decorator.py took 0.279 seconds
[2022-06-27 04:52:20,178] {processor.py:153} INFO - Started process (PID=150808) to work on /home/ubuntu/airflow/airflow_env/lib/python3.8/site-packages/airflow/example_dags/example_dag_decorator.py
[2022-06-27 04:52:20,179] {processor.py:641} INFO - Processing file /home/ubuntu/airflow/airflow_env/lib/python3.8/site-packages/airflow/example_dags/example_dag_decorator.py for tasks to queue
[2022-06-27 04:52:20,180] {logging_mixin.py:115} INFO - [2022-06-27 04:52:20,180] {dagbag.py:507} INFO - Filling up the DagBag from /home/ubuntu/airflow/airflow_env/lib/python3.8/site-packages/airflow/example_dags/example_dag_decorator.py
[2022-06-27 04:52:20,225] {processor.py:651} INFO - DAG(s) dict_keys(['example_dag_decorator']) retrieved from /home/ubuntu/airflow/airflow_env/lib/python3.8/site-packages/airflow/example_dags/example_dag_decorator.py
[2022-06-27 04:52:20,246] {logging_mixin.py:115} INFO - [2022-06-27 04:52:20,245] {dag.py:2379} INFO - Sync 1 DAGs
[2022-06-27 04:52:20,279] {logging_mixin.py:115} INFO - [2022-06-27 04:52:20,279] {dag.py:2927} INFO - Setting next_dagrun for example_dag_decorator to None, run_after=None
[2022-06-27 04:52:20,298] {processor.py:161} INFO - Processing /home/ubuntu/airflow/airflow_env/lib/python3.8/site-packages/airflow/example_dags/example_dag_decorator.py took 0.126 seconds
[2022-06-27 04:53:03,165] {processor.py:153} INFO - Started process (PID=150846) to work on /home/ubuntu/airflow/airflow_env/lib/python3.8/site-packages/airflow/example_dags/example_dag_decorator.py
[2022-06-27 04:53:03,166] {processor.py:641} INFO - Processing file /home/ubuntu/airflow/airflow_env/lib/python3.8/site-packages/airflow/example_dags/example_dag_decorator.py for tasks to queue
[2022-06-27 04:53:03,167] {logging_mixin.py:115} INFO - [2022-06-27 04:53:03,167] {dagbag.py:507} INFO - Filling up the DagBag from /home/ubuntu/airflow/airflow_env/lib/python3.8/site-packages/airflow/example_dags/example_dag_decorator.py
[2022-06-27 04:53:03,251] {processor.py:651} INFO - DAG(s) dict_keys(['example_dag_decorator']) retrieved from /home/ubuntu/airflow/airflow_env/lib/python3.8/site-packages/airflow/example_dags/example_dag_decorator.py
[2022-06-27 04:53:03,380] {logging_mixin.py:115} INFO - [2022-06-27 04:53:03,380] {dag.py:2379} INFO - Sync 1 DAGs
[2022-06-27 04:53:03,400] {logging_mixin.py:115} INFO - [2022-06-27 04:53:03,400] {dag.py:2927} INFO - Setting next_dagrun for example_dag_decorator to None, run_after=None
[2022-06-27 04:53:03,419] {processor.py:161} INFO - Processing /home/ubuntu/airflow/airflow_env/lib/python3.8/site-packages/airflow/example_dags/example_dag_decorator.py took 0.261 seconds
[2022-06-27 04:53:51,198] {processor.py:153} INFO - Started process (PID=150911) to work on /home/ubuntu/airflow/airflow_env/lib/python3.8/site-packages/airflow/example_dags/example_dag_decorator.py
[2022-06-27 04:53:51,199] {processor.py:641} INFO - Processing file /home/ubuntu/airflow/airflow_env/lib/python3.8/site-packages/airflow/example_dags/example_dag_decorator.py for tasks to queue
[2022-06-27 04:53:51,200] {logging_mixin.py:115} INFO - [2022-06-27 04:53:51,200] {dagbag.py:507} INFO - Filling up the DagBag from /home/ubuntu/airflow/airflow_env/lib/python3.8/site-packages/airflow/example_dags/example_dag_decorator.py
[2022-06-27 04:53:51,292] {processor.py:651} INFO - DAG(s) dict_keys(['example_dag_decorator']) retrieved from /home/ubuntu/airflow/airflow_env/lib/python3.8/site-packages/airflow/example_dags/example_dag_decorator.py
[2022-06-27 04:53:51,376] {logging_mixin.py:115} INFO - [2022-06-27 04:53:51,376] {dag.py:2379} INFO - Sync 1 DAGs
[2022-06-27 04:53:51,446] {logging_mixin.py:115} INFO - [2022-06-27 04:53:51,442] {dag.py:2927} INFO - Setting next_dagrun for example_dag_decorator to None, run_after=None
[2022-06-27 04:53:51,495] {processor.py:161} INFO - Processing /home/ubuntu/airflow/airflow_env/lib/python3.8/site-packages/airflow/example_dags/example_dag_decorator.py took 0.310 seconds
[2022-06-27 04:54:58,382] {processor.py:153} INFO - Started process (PID=151000) to work on /home/ubuntu/airflow/airflow_env/lib/python3.8/site-packages/airflow/example_dags/example_dag_decorator.py
[2022-06-27 04:54:58,386] {processor.py:641} INFO - Processing file /home/ubuntu/airflow/airflow_env/lib/python3.8/site-packages/airflow/example_dags/example_dag_decorator.py for tasks to queue
[2022-06-27 04:54:58,387] {logging_mixin.py:115} INFO - [2022-06-27 04:54:58,386] {dagbag.py:507} INFO - Filling up the DagBag from /home/ubuntu/airflow/airflow_env/lib/python3.8/site-packages/airflow/example_dags/example_dag_decorator.py
[2022-06-27 04:54:58,492] {processor.py:651} INFO - DAG(s) dict_keys(['example_dag_decorator']) retrieved from /home/ubuntu/airflow/airflow_env/lib/python3.8/site-packages/airflow/example_dags/example_dag_decorator.py
[2022-06-27 04:55:00,696] {logging_mixin.py:115} INFO - [2022-06-27 04:55:00,695] {dag.py:2379} INFO - Sync 1 DAGs
[2022-06-27 04:55:00,923] {logging_mixin.py:115} INFO - [2022-06-27 04:55:00,923] {dag.py:2927} INFO - Setting next_dagrun for example_dag_decorator to None, run_after=None
[2022-06-27 04:55:01,041] {processor.py:161} INFO - Processing /home/ubuntu/airflow/airflow_env/lib/python3.8/site-packages/airflow/example_dags/example_dag_decorator.py took 2.689 seconds
[2022-06-27 04:55:55,182] {processor.py:153} INFO - Started process (PID=151078) to work on /home/ubuntu/airflow/airflow_env/lib/python3.8/site-packages/airflow/example_dags/example_dag_decorator.py
[2022-06-27 04:55:55,185] {processor.py:641} INFO - Processing file /home/ubuntu/airflow/airflow_env/lib/python3.8/site-packages/airflow/example_dags/example_dag_decorator.py for tasks to queue
[2022-06-27 04:55:55,192] {logging_mixin.py:115} INFO - [2022-06-27 04:55:55,192] {dagbag.py:507} INFO - Filling up the DagBag from /home/ubuntu/airflow/airflow_env/lib/python3.8/site-packages/airflow/example_dags/example_dag_decorator.py
[2022-06-27 04:55:55,401] {processor.py:651} INFO - DAG(s) dict_keys(['example_dag_decorator']) retrieved from /home/ubuntu/airflow/airflow_env/lib/python3.8/site-packages/airflow/example_dags/example_dag_decorator.py
[2022-06-27 04:55:55,467] {logging_mixin.py:115} INFO - [2022-06-27 04:55:55,466] {dag.py:2379} INFO - Sync 1 DAGs
[2022-06-27 04:55:55,606] {logging_mixin.py:115} INFO - [2022-06-27 04:55:55,606] {dag.py:2927} INFO - Setting next_dagrun for example_dag_decorator to None, run_after=None
[2022-06-27 04:55:55,734] {processor.py:161} INFO - Processing /home/ubuntu/airflow/airflow_env/lib/python3.8/site-packages/airflow/example_dags/example_dag_decorator.py took 0.578 seconds
[2022-06-27 04:56:41,479] {processor.py:153} INFO - Started process (PID=151165) to work on /home/ubuntu/airflow/airflow_env/lib/python3.8/site-packages/airflow/example_dags/example_dag_decorator.py
[2022-06-27 04:56:41,481] {processor.py:641} INFO - Processing file /home/ubuntu/airflow/airflow_env/lib/python3.8/site-packages/airflow/example_dags/example_dag_decorator.py for tasks to queue
[2022-06-27 04:56:41,483] {logging_mixin.py:115} INFO - [2022-06-27 04:56:41,482] {dagbag.py:507} INFO - Filling up the DagBag from /home/ubuntu/airflow/airflow_env/lib/python3.8/site-packages/airflow/example_dags/example_dag_decorator.py
[2022-06-27 04:56:41,571] {processor.py:651} INFO - DAG(s) dict_keys(['example_dag_decorator']) retrieved from /home/ubuntu/airflow/airflow_env/lib/python3.8/site-packages/airflow/example_dags/example_dag_decorator.py
[2022-06-27 04:56:41,634] {logging_mixin.py:115} INFO - [2022-06-27 04:56:41,633] {dag.py:2379} INFO - Sync 1 DAGs
[2022-06-27 04:56:41,691] {logging_mixin.py:115} INFO - [2022-06-27 04:56:41,691] {dag.py:2927} INFO - Setting next_dagrun for example_dag_decorator to None, run_after=None
[2022-06-27 04:56:41,718] {processor.py:161} INFO - Processing /home/ubuntu/airflow/airflow_env/lib/python3.8/site-packages/airflow/example_dags/example_dag_decorator.py took 0.252 seconds
[2022-06-27 04:57:37,979] {processor.py:153} INFO - Started process (PID=151237) to work on /home/ubuntu/airflow/airflow_env/lib/python3.8/site-packages/airflow/example_dags/example_dag_decorator.py
[2022-06-27 04:57:37,982] {processor.py:641} INFO - Processing file /home/ubuntu/airflow/airflow_env/lib/python3.8/site-packages/airflow/example_dags/example_dag_decorator.py for tasks to queue
[2022-06-27 04:57:37,984] {logging_mixin.py:115} INFO - [2022-06-27 04:57:37,983] {dagbag.py:507} INFO - Filling up the DagBag from /home/ubuntu/airflow/airflow_env/lib/python3.8/site-packages/airflow/example_dags/example_dag_decorator.py
[2022-06-27 04:57:38,122] {processor.py:651} INFO - DAG(s) dict_keys(['example_dag_decorator']) retrieved from /home/ubuntu/airflow/airflow_env/lib/python3.8/site-packages/airflow/example_dags/example_dag_decorator.py
[2022-06-27 04:57:38,206] {logging_mixin.py:115} INFO - [2022-06-27 04:57:38,206] {dag.py:2379} INFO - Sync 1 DAGs
[2022-06-27 04:57:38,233] {logging_mixin.py:115} INFO - [2022-06-27 04:57:38,233] {dag.py:2927} INFO - Setting next_dagrun for example_dag_decorator to None, run_after=None
[2022-06-27 04:57:38,252] {processor.py:161} INFO - Processing /home/ubuntu/airflow/airflow_env/lib/python3.8/site-packages/airflow/example_dags/example_dag_decorator.py took 0.287 seconds
[2022-06-27 04:58:20,993] {processor.py:153} INFO - Started process (PID=151308) to work on /home/ubuntu/airflow/airflow_env/lib/python3.8/site-packages/airflow/example_dags/example_dag_decorator.py
[2022-06-27 04:58:21,000] {processor.py:641} INFO - Processing file /home/ubuntu/airflow/airflow_env/lib/python3.8/site-packages/airflow/example_dags/example_dag_decorator.py for tasks to queue
[2022-06-27 04:58:21,002] {logging_mixin.py:115} INFO - [2022-06-27 04:58:21,002] {dagbag.py:507} INFO - Filling up the DagBag from /home/ubuntu/airflow/airflow_env/lib/python3.8/site-packages/airflow/example_dags/example_dag_decorator.py
[2022-06-27 04:58:21,196] {processor.py:651} INFO - DAG(s) dict_keys(['example_dag_decorator']) retrieved from /home/ubuntu/airflow/airflow_env/lib/python3.8/site-packages/airflow/example_dags/example_dag_decorator.py
[2022-06-27 04:58:21,280] {logging_mixin.py:115} INFO - [2022-06-27 04:58:21,279] {dag.py:2379} INFO - Sync 1 DAGs
[2022-06-27 04:58:21,343] {logging_mixin.py:115} INFO - [2022-06-27 04:58:21,342] {dag.py:2927} INFO - Setting next_dagrun for example_dag_decorator to None, run_after=None
[2022-06-27 04:58:21,369] {processor.py:161} INFO - Processing /home/ubuntu/airflow/airflow_env/lib/python3.8/site-packages/airflow/example_dags/example_dag_decorator.py took 0.400 seconds
[2022-06-27 04:59:06,527] {processor.py:153} INFO - Started process (PID=151356) to work on /home/ubuntu/airflow/airflow_env/lib/python3.8/site-packages/airflow/example_dags/example_dag_decorator.py
[2022-06-27 04:59:06,529] {processor.py:641} INFO - Processing file /home/ubuntu/airflow/airflow_env/lib/python3.8/site-packages/airflow/example_dags/example_dag_decorator.py for tasks to queue
[2022-06-27 04:59:06,531] {logging_mixin.py:115} INFO - [2022-06-27 04:59:06,531] {dagbag.py:507} INFO - Filling up the DagBag from /home/ubuntu/airflow/airflow_env/lib/python3.8/site-packages/airflow/example_dags/example_dag_decorator.py
[2022-06-27 04:59:06,605] {processor.py:651} INFO - DAG(s) dict_keys(['example_dag_decorator']) retrieved from /home/ubuntu/airflow/airflow_env/lib/python3.8/site-packages/airflow/example_dags/example_dag_decorator.py
[2022-06-27 04:59:06,659] {logging_mixin.py:115} INFO - [2022-06-27 04:59:06,659] {dag.py:2379} INFO - Sync 1 DAGs
[2022-06-27 04:59:06,710] {logging_mixin.py:115} INFO - [2022-06-27 04:59:06,710] {dag.py:2927} INFO - Setting next_dagrun for example_dag_decorator to None, run_after=None
[2022-06-27 04:59:06,729] {processor.py:161} INFO - Processing /home/ubuntu/airflow/airflow_env/lib/python3.8/site-packages/airflow/example_dags/example_dag_decorator.py took 0.217 seconds
[2022-06-27 04:59:54,314] {processor.py:153} INFO - Started process (PID=151398) to work on /home/ubuntu/airflow/airflow_env/lib/python3.8/site-packages/airflow/example_dags/example_dag_decorator.py
[2022-06-27 04:59:54,315] {processor.py:641} INFO - Processing file /home/ubuntu/airflow/airflow_env/lib/python3.8/site-packages/airflow/example_dags/example_dag_decorator.py for tasks to queue
[2022-06-27 04:59:54,316] {logging_mixin.py:115} INFO - [2022-06-27 04:59:54,316] {dagbag.py:507} INFO - Filling up the DagBag from /home/ubuntu/airflow/airflow_env/lib/python3.8/site-packages/airflow/example_dags/example_dag_decorator.py
[2022-06-27 04:59:54,410] {processor.py:651} INFO - DAG(s) dict_keys(['example_dag_decorator']) retrieved from /home/ubuntu/airflow/airflow_env/lib/python3.8/site-packages/airflow/example_dags/example_dag_decorator.py
[2022-06-27 04:59:55,169] {logging_mixin.py:115} INFO - [2022-06-27 04:59:55,168] {dag.py:2379} INFO - Sync 1 DAGs
[2022-06-27 04:59:55,416] {logging_mixin.py:115} INFO - [2022-06-27 04:59:55,416] {dag.py:2927} INFO - Setting next_dagrun for example_dag_decorator to None, run_after=None
[2022-06-27 04:59:55,536] {processor.py:161} INFO - Processing /home/ubuntu/airflow/airflow_env/lib/python3.8/site-packages/airflow/example_dags/example_dag_decorator.py took 1.245 seconds
[2022-06-27 05:02:50,843] {processor.py:153} INFO - Started process (PID=151505) to work on /home/ubuntu/airflow/airflow_env/lib/python3.8/site-packages/airflow/example_dags/example_dag_decorator.py
[2022-06-27 05:02:50,846] {processor.py:641} INFO - Processing file /home/ubuntu/airflow/airflow_env/lib/python3.8/site-packages/airflow/example_dags/example_dag_decorator.py for tasks to queue
[2022-06-27 05:02:50,846] {logging_mixin.py:115} INFO - [2022-06-27 05:02:50,846] {dagbag.py:507} INFO - Filling up the DagBag from /home/ubuntu/airflow/airflow_env/lib/python3.8/site-packages/airflow/example_dags/example_dag_decorator.py
[2022-06-27 05:02:50,935] {processor.py:651} INFO - DAG(s) dict_keys(['example_dag_decorator']) retrieved from /home/ubuntu/airflow/airflow_env/lib/python3.8/site-packages/airflow/example_dags/example_dag_decorator.py
[2022-06-27 05:02:51,112] {logging_mixin.py:115} INFO - [2022-06-27 05:02:51,112] {dag.py:2379} INFO - Sync 1 DAGs
[2022-06-27 05:02:51,164] {logging_mixin.py:115} INFO - [2022-06-27 05:02:51,164] {dag.py:2927} INFO - Setting next_dagrun for example_dag_decorator to None, run_after=None
[2022-06-27 05:02:51,264] {processor.py:161} INFO - Processing /home/ubuntu/airflow/airflow_env/lib/python3.8/site-packages/airflow/example_dags/example_dag_decorator.py took 0.433 seconds
[2022-06-27 05:03:40,564] {processor.py:153} INFO - Started process (PID=151544) to work on /home/ubuntu/airflow/airflow_env/lib/python3.8/site-packages/airflow/example_dags/example_dag_decorator.py
[2022-06-27 05:03:40,570] {processor.py:641} INFO - Processing file /home/ubuntu/airflow/airflow_env/lib/python3.8/site-packages/airflow/example_dags/example_dag_decorator.py for tasks to queue
[2022-06-27 05:03:40,572] {logging_mixin.py:115} INFO - [2022-06-27 05:03:40,572] {dagbag.py:507} INFO - Filling up the DagBag from /home/ubuntu/airflow/airflow_env/lib/python3.8/site-packages/airflow/example_dags/example_dag_decorator.py
[2022-06-27 05:03:40,676] {processor.py:651} INFO - DAG(s) dict_keys(['example_dag_decorator']) retrieved from /home/ubuntu/airflow/airflow_env/lib/python3.8/site-packages/airflow/example_dags/example_dag_decorator.py
[2022-06-27 05:03:41,045] {logging_mixin.py:115} INFO - [2022-06-27 05:03:41,045] {dag.py:2379} INFO - Sync 1 DAGs
[2022-06-27 05:03:41,105] {logging_mixin.py:115} INFO - [2022-06-27 05:03:41,105] {dag.py:2927} INFO - Setting next_dagrun for example_dag_decorator to None, run_after=None
[2022-06-27 05:03:41,179] {processor.py:161} INFO - Processing /home/ubuntu/airflow/airflow_env/lib/python3.8/site-packages/airflow/example_dags/example_dag_decorator.py took 0.635 seconds
[2022-06-27 05:04:32,386] {processor.py:153} INFO - Started process (PID=151586) to work on /home/ubuntu/airflow/airflow_env/lib/python3.8/site-packages/airflow/example_dags/example_dag_decorator.py
[2022-06-27 05:04:32,401] {processor.py:641} INFO - Processing file /home/ubuntu/airflow/airflow_env/lib/python3.8/site-packages/airflow/example_dags/example_dag_decorator.py for tasks to queue
[2022-06-27 05:04:32,409] {logging_mixin.py:115} INFO - [2022-06-27 05:04:32,408] {dagbag.py:507} INFO - Filling up the DagBag from /home/ubuntu/airflow/airflow_env/lib/python3.8/site-packages/airflow/example_dags/example_dag_decorator.py
[2022-06-27 05:04:32,551] {processor.py:651} INFO - DAG(s) dict_keys(['example_dag_decorator']) retrieved from /home/ubuntu/airflow/airflow_env/lib/python3.8/site-packages/airflow/example_dags/example_dag_decorator.py
[2022-06-27 05:04:32,793] {logging_mixin.py:115} INFO - [2022-06-27 05:04:32,793] {dag.py:2379} INFO - Sync 1 DAGs
[2022-06-27 05:04:32,858] {logging_mixin.py:115} INFO - [2022-06-27 05:04:32,858] {dag.py:2927} INFO - Setting next_dagrun for example_dag_decorator to None, run_after=None
[2022-06-27 05:04:32,915] {processor.py:161} INFO - Processing /home/ubuntu/airflow/airflow_env/lib/python3.8/site-packages/airflow/example_dags/example_dag_decorator.py took 0.554 seconds
[2022-06-27 05:05:22,124] {processor.py:153} INFO - Started process (PID=151622) to work on /home/ubuntu/airflow/airflow_env/lib/python3.8/site-packages/airflow/example_dags/example_dag_decorator.py
[2022-06-27 05:05:22,131] {processor.py:641} INFO - Processing file /home/ubuntu/airflow/airflow_env/lib/python3.8/site-packages/airflow/example_dags/example_dag_decorator.py for tasks to queue
[2022-06-27 05:05:22,136] {logging_mixin.py:115} INFO - [2022-06-27 05:05:22,132] {dagbag.py:507} INFO - Filling up the DagBag from /home/ubuntu/airflow/airflow_env/lib/python3.8/site-packages/airflow/example_dags/example_dag_decorator.py
[2022-06-27 05:05:22,219] {processor.py:651} INFO - DAG(s) dict_keys(['example_dag_decorator']) retrieved from /home/ubuntu/airflow/airflow_env/lib/python3.8/site-packages/airflow/example_dags/example_dag_decorator.py
[2022-06-27 05:05:22,394] {logging_mixin.py:115} INFO - [2022-06-27 05:05:22,393] {dag.py:2379} INFO - Sync 1 DAGs
[2022-06-27 05:05:22,433] {logging_mixin.py:115} INFO - [2022-06-27 05:05:22,433] {dag.py:2927} INFO - Setting next_dagrun for example_dag_decorator to None, run_after=None
[2022-06-27 05:05:22,491] {processor.py:161} INFO - Processing /home/ubuntu/airflow/airflow_env/lib/python3.8/site-packages/airflow/example_dags/example_dag_decorator.py took 0.384 seconds
[2022-06-27 05:06:16,147] {processor.py:153} INFO - Started process (PID=151668) to work on /home/ubuntu/airflow/airflow_env/lib/python3.8/site-packages/airflow/example_dags/example_dag_decorator.py
[2022-06-27 05:06:16,155] {processor.py:641} INFO - Processing file /home/ubuntu/airflow/airflow_env/lib/python3.8/site-packages/airflow/example_dags/example_dag_decorator.py for tasks to queue
[2022-06-27 05:06:16,156] {logging_mixin.py:115} INFO - [2022-06-27 05:06:16,156] {dagbag.py:507} INFO - Filling up the DagBag from /home/ubuntu/airflow/airflow_env/lib/python3.8/site-packages/airflow/example_dags/example_dag_decorator.py
[2022-06-27 05:06:16,281] {processor.py:651} INFO - DAG(s) dict_keys(['example_dag_decorator']) retrieved from /home/ubuntu/airflow/airflow_env/lib/python3.8/site-packages/airflow/example_dags/example_dag_decorator.py
[2022-06-27 05:06:16,350] {logging_mixin.py:115} INFO - [2022-06-27 05:06:16,350] {dag.py:2379} INFO - Sync 1 DAGs
[2022-06-27 05:06:16,505] {logging_mixin.py:115} INFO - [2022-06-27 05:06:16,504] {dag.py:2927} INFO - Setting next_dagrun for example_dag_decorator to None, run_after=None
[2022-06-27 05:06:16,589] {processor.py:161} INFO - Processing /home/ubuntu/airflow/airflow_env/lib/python3.8/site-packages/airflow/example_dags/example_dag_decorator.py took 0.476 seconds
[2022-06-27 05:07:14,575] {processor.py:153} INFO - Started process (PID=151710) to work on /home/ubuntu/airflow/airflow_env/lib/python3.8/site-packages/airflow/example_dags/example_dag_decorator.py
[2022-06-27 05:07:14,582] {processor.py:641} INFO - Processing file /home/ubuntu/airflow/airflow_env/lib/python3.8/site-packages/airflow/example_dags/example_dag_decorator.py for tasks to queue
[2022-06-27 05:07:14,584] {logging_mixin.py:115} INFO - [2022-06-27 05:07:14,584] {dagbag.py:507} INFO - Filling up the DagBag from /home/ubuntu/airflow/airflow_env/lib/python3.8/site-packages/airflow/example_dags/example_dag_decorator.py
[2022-06-27 05:07:14,752] {processor.py:651} INFO - DAG(s) dict_keys(['example_dag_decorator']) retrieved from /home/ubuntu/airflow/airflow_env/lib/python3.8/site-packages/airflow/example_dags/example_dag_decorator.py
[2022-06-27 05:07:15,025] {logging_mixin.py:115} INFO - [2022-06-27 05:07:15,025] {dag.py:2379} INFO - Sync 1 DAGs
[2022-06-27 05:07:15,161] {logging_mixin.py:115} INFO - [2022-06-27 05:07:15,161] {dag.py:2927} INFO - Setting next_dagrun for example_dag_decorator to None, run_after=None
[2022-06-27 05:07:15,279] {processor.py:161} INFO - Processing /home/ubuntu/airflow/airflow_env/lib/python3.8/site-packages/airflow/example_dags/example_dag_decorator.py took 0.726 seconds
[2022-06-27 05:08:08,906] {processor.py:153} INFO - Started process (PID=151752) to work on /home/ubuntu/airflow/airflow_env/lib/python3.8/site-packages/airflow/example_dags/example_dag_decorator.py
[2022-06-27 05:08:08,910] {processor.py:641} INFO - Processing file /home/ubuntu/airflow/airflow_env/lib/python3.8/site-packages/airflow/example_dags/example_dag_decorator.py for tasks to queue
[2022-06-27 05:08:08,912] {logging_mixin.py:115} INFO - [2022-06-27 05:08:08,911] {dagbag.py:507} INFO - Filling up the DagBag from /home/ubuntu/airflow/airflow_env/lib/python3.8/site-packages/airflow/example_dags/example_dag_decorator.py
[2022-06-27 05:08:09,071] {processor.py:651} INFO - DAG(s) dict_keys(['example_dag_decorator']) retrieved from /home/ubuntu/airflow/airflow_env/lib/python3.8/site-packages/airflow/example_dags/example_dag_decorator.py
[2022-06-27 05:08:09,131] {logging_mixin.py:115} INFO - [2022-06-27 05:08:09,131] {dag.py:2379} INFO - Sync 1 DAGs
[2022-06-27 05:08:09,191] {logging_mixin.py:115} INFO - [2022-06-27 05:08:09,182] {dag.py:2927} INFO - Setting next_dagrun for example_dag_decorator to None, run_after=None
[2022-06-27 05:08:09,237] {processor.py:161} INFO - Processing /home/ubuntu/airflow/airflow_env/lib/python3.8/site-packages/airflow/example_dags/example_dag_decorator.py took 0.370 seconds
[2022-06-27 05:09:03,350] {processor.py:153} INFO - Started process (PID=151795) to work on /home/ubuntu/airflow/airflow_env/lib/python3.8/site-packages/airflow/example_dags/example_dag_decorator.py
[2022-06-27 05:09:03,356] {processor.py:641} INFO - Processing file /home/ubuntu/airflow/airflow_env/lib/python3.8/site-packages/airflow/example_dags/example_dag_decorator.py for tasks to queue
[2022-06-27 05:09:03,357] {logging_mixin.py:115} INFO - [2022-06-27 05:09:03,357] {dagbag.py:507} INFO - Filling up the DagBag from /home/ubuntu/airflow/airflow_env/lib/python3.8/site-packages/airflow/example_dags/example_dag_decorator.py
[2022-06-27 05:09:03,456] {processor.py:651} INFO - DAG(s) dict_keys(['example_dag_decorator']) retrieved from /home/ubuntu/airflow/airflow_env/lib/python3.8/site-packages/airflow/example_dags/example_dag_decorator.py
[2022-06-27 05:09:03,766] {logging_mixin.py:115} INFO - [2022-06-27 05:09:03,766] {dag.py:2379} INFO - Sync 1 DAGs
[2022-06-27 05:09:03,847] {logging_mixin.py:115} INFO - [2022-06-27 05:09:03,847] {dag.py:2927} INFO - Setting next_dagrun for example_dag_decorator to None, run_after=None
[2022-06-27 05:09:03,924] {processor.py:161} INFO - Processing /home/ubuntu/airflow/airflow_env/lib/python3.8/site-packages/airflow/example_dags/example_dag_decorator.py took 0.576 seconds
[2022-06-27 05:09:56,107] {processor.py:153} INFO - Started process (PID=151860) to work on /home/ubuntu/airflow/airflow_env/lib/python3.8/site-packages/airflow/example_dags/example_dag_decorator.py
[2022-06-27 05:09:56,111] {processor.py:641} INFO - Processing file /home/ubuntu/airflow/airflow_env/lib/python3.8/site-packages/airflow/example_dags/example_dag_decorator.py for tasks to queue
[2022-06-27 05:09:56,114] {logging_mixin.py:115} INFO - [2022-06-27 05:09:56,113] {dagbag.py:507} INFO - Filling up the DagBag from /home/ubuntu/airflow/airflow_env/lib/python3.8/site-packages/airflow/example_dags/example_dag_decorator.py
[2022-06-27 05:09:56,321] {processor.py:651} INFO - DAG(s) dict_keys(['example_dag_decorator']) retrieved from /home/ubuntu/airflow/airflow_env/lib/python3.8/site-packages/airflow/example_dags/example_dag_decorator.py
[2022-06-27 05:09:56,493] {logging_mixin.py:115} INFO - [2022-06-27 05:09:56,489] {dag.py:2379} INFO - Sync 1 DAGs
[2022-06-27 05:09:56,581] {logging_mixin.py:115} INFO - [2022-06-27 05:09:56,581] {dag.py:2927} INFO - Setting next_dagrun for example_dag_decorator to None, run_after=None
[2022-06-27 05:09:56,636] {processor.py:161} INFO - Processing /home/ubuntu/airflow/airflow_env/lib/python3.8/site-packages/airflow/example_dags/example_dag_decorator.py took 0.569 seconds
[2022-06-27 05:10:46,042] {processor.py:153} INFO - Started process (PID=151909) to work on /home/ubuntu/airflow/airflow_env/lib/python3.8/site-packages/airflow/example_dags/example_dag_decorator.py
[2022-06-27 05:10:46,044] {processor.py:641} INFO - Processing file /home/ubuntu/airflow/airflow_env/lib/python3.8/site-packages/airflow/example_dags/example_dag_decorator.py for tasks to queue
[2022-06-27 05:10:46,045] {logging_mixin.py:115} INFO - [2022-06-27 05:10:46,045] {dagbag.py:507} INFO - Filling up the DagBag from /home/ubuntu/airflow/airflow_env/lib/python3.8/site-packages/airflow/example_dags/example_dag_decorator.py
[2022-06-27 05:10:46,116] {processor.py:651} INFO - DAG(s) dict_keys(['example_dag_decorator']) retrieved from /home/ubuntu/airflow/airflow_env/lib/python3.8/site-packages/airflow/example_dags/example_dag_decorator.py
[2022-06-27 05:10:46,150] {logging_mixin.py:115} INFO - [2022-06-27 05:10:46,150] {dag.py:2379} INFO - Sync 1 DAGs
[2022-06-27 05:10:46,180] {logging_mixin.py:115} INFO - [2022-06-27 05:10:46,180] {dag.py:2927} INFO - Setting next_dagrun for example_dag_decorator to None, run_after=None
[2022-06-27 05:10:46,198] {processor.py:161} INFO - Processing /home/ubuntu/airflow/airflow_env/lib/python3.8/site-packages/airflow/example_dags/example_dag_decorator.py took 0.167 seconds
[2022-06-27 05:11:32,976] {processor.py:153} INFO - Started process (PID=151945) to work on /home/ubuntu/airflow/airflow_env/lib/python3.8/site-packages/airflow/example_dags/example_dag_decorator.py
[2022-06-27 05:11:32,984] {processor.py:641} INFO - Processing file /home/ubuntu/airflow/airflow_env/lib/python3.8/site-packages/airflow/example_dags/example_dag_decorator.py for tasks to queue
[2022-06-27 05:11:32,985] {logging_mixin.py:115} INFO - [2022-06-27 05:11:32,985] {dagbag.py:507} INFO - Filling up the DagBag from /home/ubuntu/airflow/airflow_env/lib/python3.8/site-packages/airflow/example_dags/example_dag_decorator.py
[2022-06-27 05:11:33,118] {processor.py:651} INFO - DAG(s) dict_keys(['example_dag_decorator']) retrieved from /home/ubuntu/airflow/airflow_env/lib/python3.8/site-packages/airflow/example_dags/example_dag_decorator.py
[2022-06-27 05:11:33,353] {logging_mixin.py:115} INFO - [2022-06-27 05:11:33,353] {dag.py:2379} INFO - Sync 1 DAGs
[2022-06-27 05:11:33,402] {logging_mixin.py:115} INFO - [2022-06-27 05:11:33,402] {dag.py:2927} INFO - Setting next_dagrun for example_dag_decorator to None, run_after=None
[2022-06-27 05:11:33,466] {processor.py:161} INFO - Processing /home/ubuntu/airflow/airflow_env/lib/python3.8/site-packages/airflow/example_dags/example_dag_decorator.py took 0.498 seconds
[2022-06-27 05:12:30,414] {processor.py:153} INFO - Started process (PID=151992) to work on /home/ubuntu/airflow/airflow_env/lib/python3.8/site-packages/airflow/example_dags/example_dag_decorator.py
[2022-06-27 05:12:30,416] {processor.py:641} INFO - Processing file /home/ubuntu/airflow/airflow_env/lib/python3.8/site-packages/airflow/example_dags/example_dag_decorator.py for tasks to queue
[2022-06-27 05:12:30,417] {logging_mixin.py:115} INFO - [2022-06-27 05:12:30,417] {dagbag.py:507} INFO - Filling up the DagBag from /home/ubuntu/airflow/airflow_env/lib/python3.8/site-packages/airflow/example_dags/example_dag_decorator.py
[2022-06-27 05:12:30,545] {processor.py:651} INFO - DAG(s) dict_keys(['example_dag_decorator']) retrieved from /home/ubuntu/airflow/airflow_env/lib/python3.8/site-packages/airflow/example_dags/example_dag_decorator.py
[2022-06-27 05:12:30,821] {logging_mixin.py:115} INFO - [2022-06-27 05:12:30,821] {dag.py:2379} INFO - Sync 1 DAGs
[2022-06-27 05:12:30,875] {logging_mixin.py:115} INFO - [2022-06-27 05:12:30,875] {dag.py:2927} INFO - Setting next_dagrun for example_dag_decorator to None, run_after=None
[2022-06-27 05:12:30,926] {processor.py:161} INFO - Processing /home/ubuntu/airflow/airflow_env/lib/python3.8/site-packages/airflow/example_dags/example_dag_decorator.py took 0.527 seconds
[2022-06-27 05:13:23,800] {processor.py:153} INFO - Started process (PID=152030) to work on /home/ubuntu/airflow/airflow_env/lib/python3.8/site-packages/airflow/example_dags/example_dag_decorator.py
[2022-06-27 05:13:23,806] {processor.py:641} INFO - Processing file /home/ubuntu/airflow/airflow_env/lib/python3.8/site-packages/airflow/example_dags/example_dag_decorator.py for tasks to queue
[2022-06-27 05:13:23,807] {logging_mixin.py:115} INFO - [2022-06-27 05:13:23,807] {dagbag.py:507} INFO - Filling up the DagBag from /home/ubuntu/airflow/airflow_env/lib/python3.8/site-packages/airflow/example_dags/example_dag_decorator.py
[2022-06-27 05:13:23,987] {processor.py:651} INFO - DAG(s) dict_keys(['example_dag_decorator']) retrieved from /home/ubuntu/airflow/airflow_env/lib/python3.8/site-packages/airflow/example_dags/example_dag_decorator.py
[2022-06-27 05:13:24,070] {logging_mixin.py:115} INFO - [2022-06-27 05:13:24,069] {dag.py:2379} INFO - Sync 1 DAGs
[2022-06-27 05:13:24,121] {logging_mixin.py:115} INFO - [2022-06-27 05:13:24,121] {dag.py:2927} INFO - Setting next_dagrun for example_dag_decorator to None, run_after=None
[2022-06-27 05:13:24,167] {processor.py:161} INFO - Processing /home/ubuntu/airflow/airflow_env/lib/python3.8/site-packages/airflow/example_dags/example_dag_decorator.py took 0.382 seconds
[2022-06-27 05:14:16,401] {processor.py:153} INFO - Started process (PID=152075) to work on /home/ubuntu/airflow/airflow_env/lib/python3.8/site-packages/airflow/example_dags/example_dag_decorator.py
[2022-06-27 05:14:16,406] {processor.py:641} INFO - Processing file /home/ubuntu/airflow/airflow_env/lib/python3.8/site-packages/airflow/example_dags/example_dag_decorator.py for tasks to queue
[2022-06-27 05:14:16,407] {logging_mixin.py:115} INFO - [2022-06-27 05:14:16,407] {dagbag.py:507} INFO - Filling up the DagBag from /home/ubuntu/airflow/airflow_env/lib/python3.8/site-packages/airflow/example_dags/example_dag_decorator.py
[2022-06-27 05:14:16,523] {processor.py:651} INFO - DAG(s) dict_keys(['example_dag_decorator']) retrieved from /home/ubuntu/airflow/airflow_env/lib/python3.8/site-packages/airflow/example_dags/example_dag_decorator.py
[2022-06-27 05:14:16,793] {logging_mixin.py:115} INFO - [2022-06-27 05:14:16,792] {dag.py:2379} INFO - Sync 1 DAGs
[2022-06-27 05:14:16,852] {logging_mixin.py:115} INFO - [2022-06-27 05:14:16,852] {dag.py:2927} INFO - Setting next_dagrun for example_dag_decorator to None, run_after=None
[2022-06-27 05:14:16,900] {processor.py:161} INFO - Processing /home/ubuntu/airflow/airflow_env/lib/python3.8/site-packages/airflow/example_dags/example_dag_decorator.py took 0.513 seconds
[2022-06-27 05:15:08,513] {processor.py:153} INFO - Started process (PID=152114) to work on /home/ubuntu/airflow/airflow_env/lib/python3.8/site-packages/airflow/example_dags/example_dag_decorator.py
[2022-06-27 05:15:08,515] {processor.py:641} INFO - Processing file /home/ubuntu/airflow/airflow_env/lib/python3.8/site-packages/airflow/example_dags/example_dag_decorator.py for tasks to queue
[2022-06-27 05:15:08,517] {logging_mixin.py:115} INFO - [2022-06-27 05:15:08,516] {dagbag.py:507} INFO - Filling up the DagBag from /home/ubuntu/airflow/airflow_env/lib/python3.8/site-packages/airflow/example_dags/example_dag_decorator.py
[2022-06-27 05:15:08,700] {processor.py:651} INFO - DAG(s) dict_keys(['example_dag_decorator']) retrieved from /home/ubuntu/airflow/airflow_env/lib/python3.8/site-packages/airflow/example_dags/example_dag_decorator.py
[2022-06-27 05:15:08,767] {logging_mixin.py:115} INFO - [2022-06-27 05:15:08,766] {dag.py:2379} INFO - Sync 1 DAGs
[2022-06-27 05:15:08,818] {logging_mixin.py:115} INFO - [2022-06-27 05:15:08,818] {dag.py:2927} INFO - Setting next_dagrun for example_dag_decorator to None, run_after=None
[2022-06-27 05:15:08,889] {processor.py:161} INFO - Processing /home/ubuntu/airflow/airflow_env/lib/python3.8/site-packages/airflow/example_dags/example_dag_decorator.py took 0.403 seconds
[2022-06-27 05:15:58,946] {processor.py:153} INFO - Started process (PID=152151) to work on /home/ubuntu/airflow/airflow_env/lib/python3.8/site-packages/airflow/example_dags/example_dag_decorator.py
[2022-06-27 05:15:58,948] {processor.py:641} INFO - Processing file /home/ubuntu/airflow/airflow_env/lib/python3.8/site-packages/airflow/example_dags/example_dag_decorator.py for tasks to queue
[2022-06-27 05:15:58,949] {logging_mixin.py:115} INFO - [2022-06-27 05:15:58,948] {dagbag.py:507} INFO - Filling up the DagBag from /home/ubuntu/airflow/airflow_env/lib/python3.8/site-packages/airflow/example_dags/example_dag_decorator.py
[2022-06-27 05:15:59,054] {processor.py:651} INFO - DAG(s) dict_keys(['example_dag_decorator']) retrieved from /home/ubuntu/airflow/airflow_env/lib/python3.8/site-packages/airflow/example_dags/example_dag_decorator.py
[2022-06-27 05:15:59,139] {logging_mixin.py:115} INFO - [2022-06-27 05:15:59,138] {dag.py:2379} INFO - Sync 1 DAGs
[2022-06-27 05:15:59,194] {logging_mixin.py:115} INFO - [2022-06-27 05:15:59,194] {dag.py:2927} INFO - Setting next_dagrun for example_dag_decorator to None, run_after=None
[2022-06-27 05:15:59,229] {processor.py:161} INFO - Processing /home/ubuntu/airflow/airflow_env/lib/python3.8/site-packages/airflow/example_dags/example_dag_decorator.py took 0.304 seconds
[2022-06-27 05:16:51,030] {processor.py:153} INFO - Started process (PID=152204) to work on /home/ubuntu/airflow/airflow_env/lib/python3.8/site-packages/airflow/example_dags/example_dag_decorator.py
[2022-06-27 05:16:51,033] {processor.py:641} INFO - Processing file /home/ubuntu/airflow/airflow_env/lib/python3.8/site-packages/airflow/example_dags/example_dag_decorator.py for tasks to queue
[2022-06-27 05:16:51,034] {logging_mixin.py:115} INFO - [2022-06-27 05:16:51,034] {dagbag.py:507} INFO - Filling up the DagBag from /home/ubuntu/airflow/airflow_env/lib/python3.8/site-packages/airflow/example_dags/example_dag_decorator.py
[2022-06-27 05:16:51,167] {processor.py:651} INFO - DAG(s) dict_keys(['example_dag_decorator']) retrieved from /home/ubuntu/airflow/airflow_env/lib/python3.8/site-packages/airflow/example_dags/example_dag_decorator.py
[2022-06-27 05:16:51,393] {logging_mixin.py:115} INFO - [2022-06-27 05:16:51,392] {dag.py:2379} INFO - Sync 1 DAGs
[2022-06-27 05:16:51,534] {logging_mixin.py:115} INFO - [2022-06-27 05:16:51,533] {dag.py:2927} INFO - Setting next_dagrun for example_dag_decorator to None, run_after=None
[2022-06-27 05:16:51,592] {processor.py:161} INFO - Processing /home/ubuntu/airflow/airflow_env/lib/python3.8/site-packages/airflow/example_dags/example_dag_decorator.py took 0.587 seconds
[2022-06-27 05:17:41,988] {processor.py:153} INFO - Started process (PID=152245) to work on /home/ubuntu/airflow/airflow_env/lib/python3.8/site-packages/airflow/example_dags/example_dag_decorator.py
[2022-06-27 05:17:41,999] {processor.py:641} INFO - Processing file /home/ubuntu/airflow/airflow_env/lib/python3.8/site-packages/airflow/example_dags/example_dag_decorator.py for tasks to queue
[2022-06-27 05:17:42,001] {logging_mixin.py:115} INFO - [2022-06-27 05:17:42,001] {dagbag.py:507} INFO - Filling up the DagBag from /home/ubuntu/airflow/airflow_env/lib/python3.8/site-packages/airflow/example_dags/example_dag_decorator.py
[2022-06-27 05:17:42,201] {processor.py:651} INFO - DAG(s) dict_keys(['example_dag_decorator']) retrieved from /home/ubuntu/airflow/airflow_env/lib/python3.8/site-packages/airflow/example_dags/example_dag_decorator.py
[2022-06-27 05:17:42,587] {logging_mixin.py:115} INFO - [2022-06-27 05:17:42,585] {dag.py:2379} INFO - Sync 1 DAGs
[2022-06-27 05:17:42,675] {logging_mixin.py:115} INFO - [2022-06-27 05:17:42,675] {dag.py:2927} INFO - Setting next_dagrun for example_dag_decorator to None, run_after=None
[2022-06-27 05:17:42,720] {processor.py:161} INFO - Processing /home/ubuntu/airflow/airflow_env/lib/python3.8/site-packages/airflow/example_dags/example_dag_decorator.py took 0.768 seconds
[2022-06-27 05:18:32,767] {processor.py:153} INFO - Started process (PID=152285) to work on /home/ubuntu/airflow/airflow_env/lib/python3.8/site-packages/airflow/example_dags/example_dag_decorator.py
[2022-06-27 05:18:32,775] {processor.py:641} INFO - Processing file /home/ubuntu/airflow/airflow_env/lib/python3.8/site-packages/airflow/example_dags/example_dag_decorator.py for tasks to queue
[2022-06-27 05:18:32,778] {logging_mixin.py:115} INFO - [2022-06-27 05:18:32,777] {dagbag.py:507} INFO - Filling up the DagBag from /home/ubuntu/airflow/airflow_env/lib/python3.8/site-packages/airflow/example_dags/example_dag_decorator.py
[2022-06-27 05:18:32,864] {processor.py:651} INFO - DAG(s) dict_keys(['example_dag_decorator']) retrieved from /home/ubuntu/airflow/airflow_env/lib/python3.8/site-packages/airflow/example_dags/example_dag_decorator.py
[2022-06-27 05:18:33,037] {logging_mixin.py:115} INFO - [2022-06-27 05:18:33,036] {dag.py:2379} INFO - Sync 1 DAGs
[2022-06-27 05:18:33,123] {logging_mixin.py:115} INFO - [2022-06-27 05:18:33,123] {dag.py:2927} INFO - Setting next_dagrun for example_dag_decorator to None, run_after=None
[2022-06-27 05:18:33,184] {processor.py:161} INFO - Processing /home/ubuntu/airflow/airflow_env/lib/python3.8/site-packages/airflow/example_dags/example_dag_decorator.py took 0.441 seconds
[2022-06-27 05:19:20,000] {processor.py:153} INFO - Started process (PID=152324) to work on /home/ubuntu/airflow/airflow_env/lib/python3.8/site-packages/airflow/example_dags/example_dag_decorator.py
[2022-06-27 05:19:20,002] {processor.py:641} INFO - Processing file /home/ubuntu/airflow/airflow_env/lib/python3.8/site-packages/airflow/example_dags/example_dag_decorator.py for tasks to queue
[2022-06-27 05:19:20,004] {logging_mixin.py:115} INFO - [2022-06-27 05:19:20,003] {dagbag.py:507} INFO - Filling up the DagBag from /home/ubuntu/airflow/airflow_env/lib/python3.8/site-packages/airflow/example_dags/example_dag_decorator.py
[2022-06-27 05:19:20,127] {processor.py:651} INFO - DAG(s) dict_keys(['example_dag_decorator']) retrieved from /home/ubuntu/airflow/airflow_env/lib/python3.8/site-packages/airflow/example_dags/example_dag_decorator.py
[2022-06-27 05:19:20,212] {logging_mixin.py:115} INFO - [2022-06-27 05:19:20,212] {dag.py:2379} INFO - Sync 1 DAGs
[2022-06-27 05:19:20,287] {logging_mixin.py:115} INFO - [2022-06-27 05:19:20,287] {dag.py:2927} INFO - Setting next_dagrun for example_dag_decorator to None, run_after=None
[2022-06-27 05:19:20,312] {processor.py:161} INFO - Processing /home/ubuntu/airflow/airflow_env/lib/python3.8/site-packages/airflow/example_dags/example_dag_decorator.py took 0.334 seconds
[2022-06-27 05:20:12,275] {processor.py:153} INFO - Started process (PID=152363) to work on /home/ubuntu/airflow/airflow_env/lib/python3.8/site-packages/airflow/example_dags/example_dag_decorator.py
[2022-06-27 05:20:12,277] {processor.py:641} INFO - Processing file /home/ubuntu/airflow/airflow_env/lib/python3.8/site-packages/airflow/example_dags/example_dag_decorator.py for tasks to queue
[2022-06-27 05:20:12,278] {logging_mixin.py:115} INFO - [2022-06-27 05:20:12,278] {dagbag.py:507} INFO - Filling up the DagBag from /home/ubuntu/airflow/airflow_env/lib/python3.8/site-packages/airflow/example_dags/example_dag_decorator.py
[2022-06-27 05:20:12,316] {processor.py:651} INFO - DAG(s) dict_keys(['example_dag_decorator']) retrieved from /home/ubuntu/airflow/airflow_env/lib/python3.8/site-packages/airflow/example_dags/example_dag_decorator.py
[2022-06-27 05:20:12,363] {logging_mixin.py:115} INFO - [2022-06-27 05:20:12,363] {dag.py:2379} INFO - Sync 1 DAGs
[2022-06-27 05:20:12,463] {logging_mixin.py:115} INFO - [2022-06-27 05:20:12,462] {dag.py:2927} INFO - Setting next_dagrun for example_dag_decorator to None, run_after=None
[2022-06-27 05:20:12,528] {processor.py:161} INFO - Processing /home/ubuntu/airflow/airflow_env/lib/python3.8/site-packages/airflow/example_dags/example_dag_decorator.py took 0.264 seconds
[2022-06-27 05:21:03,680] {processor.py:153} INFO - Started process (PID=152409) to work on /home/ubuntu/airflow/airflow_env/lib/python3.8/site-packages/airflow/example_dags/example_dag_decorator.py
[2022-06-27 05:21:03,682] {processor.py:641} INFO - Processing file /home/ubuntu/airflow/airflow_env/lib/python3.8/site-packages/airflow/example_dags/example_dag_decorator.py for tasks to queue
[2022-06-27 05:21:03,685] {logging_mixin.py:115} INFO - [2022-06-27 05:21:03,682] {dagbag.py:507} INFO - Filling up the DagBag from /home/ubuntu/airflow/airflow_env/lib/python3.8/site-packages/airflow/example_dags/example_dag_decorator.py
[2022-06-27 05:21:03,830] {processor.py:651} INFO - DAG(s) dict_keys(['example_dag_decorator']) retrieved from /home/ubuntu/airflow/airflow_env/lib/python3.8/site-packages/airflow/example_dags/example_dag_decorator.py
[2022-06-27 05:21:03,983] {logging_mixin.py:115} INFO - [2022-06-27 05:21:03,983] {dag.py:2379} INFO - Sync 1 DAGs
[2022-06-27 05:21:04,049] {logging_mixin.py:115} INFO - [2022-06-27 05:21:04,046] {dag.py:2927} INFO - Setting next_dagrun for example_dag_decorator to None, run_after=None
[2022-06-27 05:21:04,087] {processor.py:161} INFO - Processing /home/ubuntu/airflow/airflow_env/lib/python3.8/site-packages/airflow/example_dags/example_dag_decorator.py took 0.419 seconds
[2022-06-27 05:21:57,024] {processor.py:153} INFO - Started process (PID=152453) to work on /home/ubuntu/airflow/airflow_env/lib/python3.8/site-packages/airflow/example_dags/example_dag_decorator.py
[2022-06-27 05:21:57,030] {processor.py:641} INFO - Processing file /home/ubuntu/airflow/airflow_env/lib/python3.8/site-packages/airflow/example_dags/example_dag_decorator.py for tasks to queue
[2022-06-27 05:21:57,032] {logging_mixin.py:115} INFO - [2022-06-27 05:21:57,031] {dagbag.py:507} INFO - Filling up the DagBag from /home/ubuntu/airflow/airflow_env/lib/python3.8/site-packages/airflow/example_dags/example_dag_decorator.py
[2022-06-27 05:21:57,079] {processor.py:651} INFO - DAG(s) dict_keys(['example_dag_decorator']) retrieved from /home/ubuntu/airflow/airflow_env/lib/python3.8/site-packages/airflow/example_dags/example_dag_decorator.py
[2022-06-27 05:21:57,149] {logging_mixin.py:115} INFO - [2022-06-27 05:21:57,149] {dag.py:2379} INFO - Sync 1 DAGs
[2022-06-27 05:21:57,269] {logging_mixin.py:115} INFO - [2022-06-27 05:21:57,269] {dag.py:2927} INFO - Setting next_dagrun for example_dag_decorator to None, run_after=None
[2022-06-27 05:21:57,295] {processor.py:161} INFO - Processing /home/ubuntu/airflow/airflow_env/lib/python3.8/site-packages/airflow/example_dags/example_dag_decorator.py took 0.279 seconds
[2022-06-27 05:22:49,325] {processor.py:153} INFO - Started process (PID=152494) to work on /home/ubuntu/airflow/airflow_env/lib/python3.8/site-packages/airflow/example_dags/example_dag_decorator.py
[2022-06-27 05:22:49,329] {processor.py:641} INFO - Processing file /home/ubuntu/airflow/airflow_env/lib/python3.8/site-packages/airflow/example_dags/example_dag_decorator.py for tasks to queue
[2022-06-27 05:22:49,331] {logging_mixin.py:115} INFO - [2022-06-27 05:22:49,331] {dagbag.py:507} INFO - Filling up the DagBag from /home/ubuntu/airflow/airflow_env/lib/python3.8/site-packages/airflow/example_dags/example_dag_decorator.py
[2022-06-27 05:22:49,417] {processor.py:651} INFO - DAG(s) dict_keys(['example_dag_decorator']) retrieved from /home/ubuntu/airflow/airflow_env/lib/python3.8/site-packages/airflow/example_dags/example_dag_decorator.py
[2022-06-27 05:22:49,595] {logging_mixin.py:115} INFO - [2022-06-27 05:22:49,595] {dag.py:2379} INFO - Sync 1 DAGs
[2022-06-27 05:22:49,623] {logging_mixin.py:115} INFO - [2022-06-27 05:22:49,623] {dag.py:2927} INFO - Setting next_dagrun for example_dag_decorator to None, run_after=None
[2022-06-27 05:22:49,649] {processor.py:161} INFO - Processing /home/ubuntu/airflow/airflow_env/lib/python3.8/site-packages/airflow/example_dags/example_dag_decorator.py took 0.353 seconds
[2022-06-27 05:23:39,362] {processor.py:153} INFO - Started process (PID=152543) to work on /home/ubuntu/airflow/airflow_env/lib/python3.8/site-packages/airflow/example_dags/example_dag_decorator.py
[2022-06-27 05:23:39,364] {processor.py:641} INFO - Processing file /home/ubuntu/airflow/airflow_env/lib/python3.8/site-packages/airflow/example_dags/example_dag_decorator.py for tasks to queue
[2022-06-27 05:23:39,365] {logging_mixin.py:115} INFO - [2022-06-27 05:23:39,365] {dagbag.py:507} INFO - Filling up the DagBag from /home/ubuntu/airflow/airflow_env/lib/python3.8/site-packages/airflow/example_dags/example_dag_decorator.py
[2022-06-27 05:23:39,420] {processor.py:651} INFO - DAG(s) dict_keys(['example_dag_decorator']) retrieved from /home/ubuntu/airflow/airflow_env/lib/python3.8/site-packages/airflow/example_dags/example_dag_decorator.py
[2022-06-27 05:23:39,448] {logging_mixin.py:115} INFO - [2022-06-27 05:23:39,448] {dag.py:2379} INFO - Sync 1 DAGs
[2022-06-27 05:23:39,478] {logging_mixin.py:115} INFO - [2022-06-27 05:23:39,477] {dag.py:2927} INFO - Setting next_dagrun for example_dag_decorator to None, run_after=None
[2022-06-27 05:23:39,517] {processor.py:161} INFO - Processing /home/ubuntu/airflow/airflow_env/lib/python3.8/site-packages/airflow/example_dags/example_dag_decorator.py took 0.166 seconds
[2022-06-27 05:24:27,773] {processor.py:153} INFO - Started process (PID=152580) to work on /home/ubuntu/airflow/airflow_env/lib/python3.8/site-packages/airflow/example_dags/example_dag_decorator.py
[2022-06-27 05:24:27,778] {processor.py:641} INFO - Processing file /home/ubuntu/airflow/airflow_env/lib/python3.8/site-packages/airflow/example_dags/example_dag_decorator.py for tasks to queue
[2022-06-27 05:24:27,780] {logging_mixin.py:115} INFO - [2022-06-27 05:24:27,780] {dagbag.py:507} INFO - Filling up the DagBag from /home/ubuntu/airflow/airflow_env/lib/python3.8/site-packages/airflow/example_dags/example_dag_decorator.py
[2022-06-27 05:24:28,045] {processor.py:651} INFO - DAG(s) dict_keys(['example_dag_decorator']) retrieved from /home/ubuntu/airflow/airflow_env/lib/python3.8/site-packages/airflow/example_dags/example_dag_decorator.py
[2022-06-27 05:24:28,113] {logging_mixin.py:115} INFO - [2022-06-27 05:24:28,113] {dag.py:2379} INFO - Sync 1 DAGs
[2022-06-27 05:24:28,164] {logging_mixin.py:115} INFO - [2022-06-27 05:24:28,163] {dag.py:2927} INFO - Setting next_dagrun for example_dag_decorator to None, run_after=None
[2022-06-27 05:24:28,191] {processor.py:161} INFO - Processing /home/ubuntu/airflow/airflow_env/lib/python3.8/site-packages/airflow/example_dags/example_dag_decorator.py took 0.458 seconds
[2022-06-27 05:25:16,268] {processor.py:153} INFO - Started process (PID=152617) to work on /home/ubuntu/airflow/airflow_env/lib/python3.8/site-packages/airflow/example_dags/example_dag_decorator.py
[2022-06-27 05:25:16,274] {processor.py:641} INFO - Processing file /home/ubuntu/airflow/airflow_env/lib/python3.8/site-packages/airflow/example_dags/example_dag_decorator.py for tasks to queue
[2022-06-27 05:25:16,275] {logging_mixin.py:115} INFO - [2022-06-27 05:25:16,275] {dagbag.py:507} INFO - Filling up the DagBag from /home/ubuntu/airflow/airflow_env/lib/python3.8/site-packages/airflow/example_dags/example_dag_decorator.py
[2022-06-27 05:25:16,399] {processor.py:651} INFO - DAG(s) dict_keys(['example_dag_decorator']) retrieved from /home/ubuntu/airflow/airflow_env/lib/python3.8/site-packages/airflow/example_dags/example_dag_decorator.py
[2022-06-27 05:25:16,466] {logging_mixin.py:115} INFO - [2022-06-27 05:25:16,466] {dag.py:2379} INFO - Sync 1 DAGs
[2022-06-27 05:25:16,628] {logging_mixin.py:115} INFO - [2022-06-27 05:25:16,625] {dag.py:2927} INFO - Setting next_dagrun for example_dag_decorator to None, run_after=None
[2022-06-27 05:25:16,663] {processor.py:161} INFO - Processing /home/ubuntu/airflow/airflow_env/lib/python3.8/site-packages/airflow/example_dags/example_dag_decorator.py took 0.412 seconds
[2022-06-27 05:26:08,293] {processor.py:153} INFO - Started process (PID=152655) to work on /home/ubuntu/airflow/airflow_env/lib/python3.8/site-packages/airflow/example_dags/example_dag_decorator.py
[2022-06-27 05:26:08,294] {processor.py:641} INFO - Processing file /home/ubuntu/airflow/airflow_env/lib/python3.8/site-packages/airflow/example_dags/example_dag_decorator.py for tasks to queue
[2022-06-27 05:26:08,295] {logging_mixin.py:115} INFO - [2022-06-27 05:26:08,294] {dagbag.py:507} INFO - Filling up the DagBag from /home/ubuntu/airflow/airflow_env/lib/python3.8/site-packages/airflow/example_dags/example_dag_decorator.py
[2022-06-27 05:26:08,363] {processor.py:651} INFO - DAG(s) dict_keys(['example_dag_decorator']) retrieved from /home/ubuntu/airflow/airflow_env/lib/python3.8/site-packages/airflow/example_dags/example_dag_decorator.py
[2022-06-27 05:26:08,464] {logging_mixin.py:115} INFO - [2022-06-27 05:26:08,464] {dag.py:2379} INFO - Sync 1 DAGs
[2022-06-27 05:26:08,498] {logging_mixin.py:115} INFO - [2022-06-27 05:26:08,498] {dag.py:2927} INFO - Setting next_dagrun for example_dag_decorator to None, run_after=None
[2022-06-27 05:26:08,616] {processor.py:161} INFO - Processing /home/ubuntu/airflow/airflow_env/lib/python3.8/site-packages/airflow/example_dags/example_dag_decorator.py took 0.329 seconds
[2022-06-27 05:26:53,459] {processor.py:153} INFO - Started process (PID=152693) to work on /home/ubuntu/airflow/airflow_env/lib/python3.8/site-packages/airflow/example_dags/example_dag_decorator.py
[2022-06-27 05:26:53,463] {processor.py:641} INFO - Processing file /home/ubuntu/airflow/airflow_env/lib/python3.8/site-packages/airflow/example_dags/example_dag_decorator.py for tasks to queue
[2022-06-27 05:26:53,464] {logging_mixin.py:115} INFO - [2022-06-27 05:26:53,463] {dagbag.py:507} INFO - Filling up the DagBag from /home/ubuntu/airflow/airflow_env/lib/python3.8/site-packages/airflow/example_dags/example_dag_decorator.py
[2022-06-27 05:26:53,544] {processor.py:651} INFO - DAG(s) dict_keys(['example_dag_decorator']) retrieved from /home/ubuntu/airflow/airflow_env/lib/python3.8/site-packages/airflow/example_dags/example_dag_decorator.py
[2022-06-27 05:26:53,580] {logging_mixin.py:115} INFO - [2022-06-27 05:26:53,580] {dag.py:2379} INFO - Sync 1 DAGs
[2022-06-27 05:26:53,613] {logging_mixin.py:115} INFO - [2022-06-27 05:26:53,613] {dag.py:2927} INFO - Setting next_dagrun for example_dag_decorator to None, run_after=None
[2022-06-27 05:26:53,643] {processor.py:161} INFO - Processing /home/ubuntu/airflow/airflow_env/lib/python3.8/site-packages/airflow/example_dags/example_dag_decorator.py took 0.200 seconds
[2022-06-27 05:27:41,555] {processor.py:153} INFO - Started process (PID=152751) to work on /home/ubuntu/airflow/airflow_env/lib/python3.8/site-packages/airflow/example_dags/example_dag_decorator.py
[2022-06-27 05:27:41,557] {processor.py:641} INFO - Processing file /home/ubuntu/airflow/airflow_env/lib/python3.8/site-packages/airflow/example_dags/example_dag_decorator.py for tasks to queue
[2022-06-27 05:27:41,559] {logging_mixin.py:115} INFO - [2022-06-27 05:27:41,558] {dagbag.py:507} INFO - Filling up the DagBag from /home/ubuntu/airflow/airflow_env/lib/python3.8/site-packages/airflow/example_dags/example_dag_decorator.py
[2022-06-27 05:27:41,748] {processor.py:651} INFO - DAG(s) dict_keys(['example_dag_decorator']) retrieved from /home/ubuntu/airflow/airflow_env/lib/python3.8/site-packages/airflow/example_dags/example_dag_decorator.py
[2022-06-27 05:27:42,013] {logging_mixin.py:115} INFO - [2022-06-27 05:27:42,013] {dag.py:2379} INFO - Sync 1 DAGs
[2022-06-27 05:27:42,106] {logging_mixin.py:115} INFO - [2022-06-27 05:27:42,106] {dag.py:2927} INFO - Setting next_dagrun for example_dag_decorator to None, run_after=None
[2022-06-27 05:27:42,194] {processor.py:161} INFO - Processing /home/ubuntu/airflow/airflow_env/lib/python3.8/site-packages/airflow/example_dags/example_dag_decorator.py took 0.660 seconds
[2022-06-27 05:28:34,239] {processor.py:153} INFO - Started process (PID=152796) to work on /home/ubuntu/airflow/airflow_env/lib/python3.8/site-packages/airflow/example_dags/example_dag_decorator.py
[2022-06-27 05:28:34,242] {processor.py:641} INFO - Processing file /home/ubuntu/airflow/airflow_env/lib/python3.8/site-packages/airflow/example_dags/example_dag_decorator.py for tasks to queue
[2022-06-27 05:28:34,243] {logging_mixin.py:115} INFO - [2022-06-27 05:28:34,243] {dagbag.py:507} INFO - Filling up the DagBag from /home/ubuntu/airflow/airflow_env/lib/python3.8/site-packages/airflow/example_dags/example_dag_decorator.py
[2022-06-27 05:28:34,359] {processor.py:651} INFO - DAG(s) dict_keys(['example_dag_decorator']) retrieved from /home/ubuntu/airflow/airflow_env/lib/python3.8/site-packages/airflow/example_dags/example_dag_decorator.py
[2022-06-27 05:28:34,466] {logging_mixin.py:115} INFO - [2022-06-27 05:28:34,462] {dag.py:2379} INFO - Sync 1 DAGs
[2022-06-27 05:28:34,574] {logging_mixin.py:115} INFO - [2022-06-27 05:28:34,574] {dag.py:2927} INFO - Setting next_dagrun for example_dag_decorator to None, run_after=None
[2022-06-27 05:28:34,608] {processor.py:161} INFO - Processing /home/ubuntu/airflow/airflow_env/lib/python3.8/site-packages/airflow/example_dags/example_dag_decorator.py took 0.386 seconds
[2022-06-27 05:29:31,630] {processor.py:153} INFO - Started process (PID=152841) to work on /home/ubuntu/airflow/airflow_env/lib/python3.8/site-packages/airflow/example_dags/example_dag_decorator.py
[2022-06-27 05:29:31,631] {processor.py:641} INFO - Processing file /home/ubuntu/airflow/airflow_env/lib/python3.8/site-packages/airflow/example_dags/example_dag_decorator.py for tasks to queue
[2022-06-27 05:29:31,632] {logging_mixin.py:115} INFO - [2022-06-27 05:29:31,631] {dagbag.py:507} INFO - Filling up the DagBag from /home/ubuntu/airflow/airflow_env/lib/python3.8/site-packages/airflow/example_dags/example_dag_decorator.py
[2022-06-27 05:29:31,682] {processor.py:651} INFO - DAG(s) dict_keys(['example_dag_decorator']) retrieved from /home/ubuntu/airflow/airflow_env/lib/python3.8/site-packages/airflow/example_dags/example_dag_decorator.py
[2022-06-27 05:29:31,713] {logging_mixin.py:115} INFO - [2022-06-27 05:29:31,713] {dag.py:2379} INFO - Sync 1 DAGs
[2022-06-27 05:29:31,742] {logging_mixin.py:115} INFO - [2022-06-27 05:29:31,742] {dag.py:2927} INFO - Setting next_dagrun for example_dag_decorator to None, run_after=None
[2022-06-27 05:29:31,763] {processor.py:161} INFO - Processing /home/ubuntu/airflow/airflow_env/lib/python3.8/site-packages/airflow/example_dags/example_dag_decorator.py took 0.147 seconds
[2022-06-27 05:30:28,521] {processor.py:153} INFO - Started process (PID=152917) to work on /home/ubuntu/airflow/airflow_env/lib/python3.8/site-packages/airflow/example_dags/example_dag_decorator.py
[2022-06-27 05:30:28,524] {processor.py:641} INFO - Processing file /home/ubuntu/airflow/airflow_env/lib/python3.8/site-packages/airflow/example_dags/example_dag_decorator.py for tasks to queue
[2022-06-27 05:30:28,525] {logging_mixin.py:115} INFO - [2022-06-27 05:30:28,525] {dagbag.py:507} INFO - Filling up the DagBag from /home/ubuntu/airflow/airflow_env/lib/python3.8/site-packages/airflow/example_dags/example_dag_decorator.py
[2022-06-27 05:30:28,642] {processor.py:651} INFO - DAG(s) dict_keys(['example_dag_decorator']) retrieved from /home/ubuntu/airflow/airflow_env/lib/python3.8/site-packages/airflow/example_dags/example_dag_decorator.py
[2022-06-27 05:30:28,743] {logging_mixin.py:115} INFO - [2022-06-27 05:30:28,742] {dag.py:2379} INFO - Sync 1 DAGs
[2022-06-27 05:30:28,805] {logging_mixin.py:115} INFO - [2022-06-27 05:30:28,802] {dag.py:2927} INFO - Setting next_dagrun for example_dag_decorator to None, run_after=None
[2022-06-27 05:30:28,842] {processor.py:161} INFO - Processing /home/ubuntu/airflow/airflow_env/lib/python3.8/site-packages/airflow/example_dags/example_dag_decorator.py took 0.347 seconds
[2022-06-27 05:31:20,919] {processor.py:153} INFO - Started process (PID=152955) to work on /home/ubuntu/airflow/airflow_env/lib/python3.8/site-packages/airflow/example_dags/example_dag_decorator.py
[2022-06-27 05:31:20,920] {processor.py:641} INFO - Processing file /home/ubuntu/airflow/airflow_env/lib/python3.8/site-packages/airflow/example_dags/example_dag_decorator.py for tasks to queue
[2022-06-27 05:31:20,927] {logging_mixin.py:115} INFO - [2022-06-27 05:31:20,927] {dagbag.py:507} INFO - Filling up the DagBag from /home/ubuntu/airflow/airflow_env/lib/python3.8/site-packages/airflow/example_dags/example_dag_decorator.py
[2022-06-27 05:31:21,011] {processor.py:651} INFO - DAG(s) dict_keys(['example_dag_decorator']) retrieved from /home/ubuntu/airflow/airflow_env/lib/python3.8/site-packages/airflow/example_dags/example_dag_decorator.py
[2022-06-27 05:31:21,043] {logging_mixin.py:115} INFO - [2022-06-27 05:31:21,043] {dag.py:2379} INFO - Sync 1 DAGs
[2022-06-27 05:31:21,135] {logging_mixin.py:115} INFO - [2022-06-27 05:31:21,134] {dag.py:2927} INFO - Setting next_dagrun for example_dag_decorator to None, run_after=None
[2022-06-27 05:31:21,177] {processor.py:161} INFO - Processing /home/ubuntu/airflow/airflow_env/lib/python3.8/site-packages/airflow/example_dags/example_dag_decorator.py took 0.283 seconds
[2022-06-27 05:32:01,692] {processor.py:153} INFO - Started process (PID=153002) to work on /home/ubuntu/airflow/airflow_env/lib/python3.8/site-packages/airflow/example_dags/example_dag_decorator.py
[2022-06-27 05:32:01,694] {processor.py:641} INFO - Processing file /home/ubuntu/airflow/airflow_env/lib/python3.8/site-packages/airflow/example_dags/example_dag_decorator.py for tasks to queue
[2022-06-27 05:32:01,695] {logging_mixin.py:115} INFO - [2022-06-27 05:32:01,695] {dagbag.py:507} INFO - Filling up the DagBag from /home/ubuntu/airflow/airflow_env/lib/python3.8/site-packages/airflow/example_dags/example_dag_decorator.py
[2022-06-27 05:32:01,750] {processor.py:651} INFO - DAG(s) dict_keys(['example_dag_decorator']) retrieved from /home/ubuntu/airflow/airflow_env/lib/python3.8/site-packages/airflow/example_dags/example_dag_decorator.py
[2022-06-27 05:32:01,783] {logging_mixin.py:115} INFO - [2022-06-27 05:32:01,783] {dag.py:2379} INFO - Sync 1 DAGs
[2022-06-27 05:32:01,816] {logging_mixin.py:115} INFO - [2022-06-27 05:32:01,816] {dag.py:2927} INFO - Setting next_dagrun for example_dag_decorator to None, run_after=None
[2022-06-27 05:32:01,837] {processor.py:161} INFO - Processing /home/ubuntu/airflow/airflow_env/lib/python3.8/site-packages/airflow/example_dags/example_dag_decorator.py took 0.156 seconds
[2022-06-27 05:32:45,170] {processor.py:153} INFO - Started process (PID=153040) to work on /home/ubuntu/airflow/airflow_env/lib/python3.8/site-packages/airflow/example_dags/example_dag_decorator.py
[2022-06-27 05:32:45,172] {processor.py:641} INFO - Processing file /home/ubuntu/airflow/airflow_env/lib/python3.8/site-packages/airflow/example_dags/example_dag_decorator.py for tasks to queue
[2022-06-27 05:32:45,174] {logging_mixin.py:115} INFO - [2022-06-27 05:32:45,173] {dagbag.py:507} INFO - Filling up the DagBag from /home/ubuntu/airflow/airflow_env/lib/python3.8/site-packages/airflow/example_dags/example_dag_decorator.py
[2022-06-27 05:32:45,265] {processor.py:651} INFO - DAG(s) dict_keys(['example_dag_decorator']) retrieved from /home/ubuntu/airflow/airflow_env/lib/python3.8/site-packages/airflow/example_dags/example_dag_decorator.py
[2022-06-27 05:32:45,510] {logging_mixin.py:115} INFO - [2022-06-27 05:32:45,510] {dag.py:2379} INFO - Sync 1 DAGs
[2022-06-27 05:32:45,565] {logging_mixin.py:115} INFO - [2022-06-27 05:32:45,565] {dag.py:2927} INFO - Setting next_dagrun for example_dag_decorator to None, run_after=None
[2022-06-27 05:32:45,619] {processor.py:161} INFO - Processing /home/ubuntu/airflow/airflow_env/lib/python3.8/site-packages/airflow/example_dags/example_dag_decorator.py took 0.478 seconds
[2022-06-27 05:33:32,147] {processor.py:153} INFO - Started process (PID=153077) to work on /home/ubuntu/airflow/airflow_env/lib/python3.8/site-packages/airflow/example_dags/example_dag_decorator.py
[2022-06-27 05:33:32,150] {processor.py:641} INFO - Processing file /home/ubuntu/airflow/airflow_env/lib/python3.8/site-packages/airflow/example_dags/example_dag_decorator.py for tasks to queue
[2022-06-27 05:33:32,162] {logging_mixin.py:115} INFO - [2022-06-27 05:33:32,162] {dagbag.py:507} INFO - Filling up the DagBag from /home/ubuntu/airflow/airflow_env/lib/python3.8/site-packages/airflow/example_dags/example_dag_decorator.py
[2022-06-27 05:33:32,278] {processor.py:651} INFO - DAG(s) dict_keys(['example_dag_decorator']) retrieved from /home/ubuntu/airflow/airflow_env/lib/python3.8/site-packages/airflow/example_dags/example_dag_decorator.py
[2022-06-27 05:33:32,395] {logging_mixin.py:115} INFO - [2022-06-27 05:33:32,395] {dag.py:2379} INFO - Sync 1 DAGs
[2022-06-27 05:33:32,425] {logging_mixin.py:115} INFO - [2022-06-27 05:33:32,425] {dag.py:2927} INFO - Setting next_dagrun for example_dag_decorator to None, run_after=None
[2022-06-27 05:33:32,461] {processor.py:161} INFO - Processing /home/ubuntu/airflow/airflow_env/lib/python3.8/site-packages/airflow/example_dags/example_dag_decorator.py took 0.350 seconds
[2022-06-27 05:34:21,946] {processor.py:153} INFO - Started process (PID=153118) to work on /home/ubuntu/airflow/airflow_env/lib/python3.8/site-packages/airflow/example_dags/example_dag_decorator.py
[2022-06-27 05:34:21,950] {processor.py:641} INFO - Processing file /home/ubuntu/airflow/airflow_env/lib/python3.8/site-packages/airflow/example_dags/example_dag_decorator.py for tasks to queue
[2022-06-27 05:34:21,951] {logging_mixin.py:115} INFO - [2022-06-27 05:34:21,951] {dagbag.py:507} INFO - Filling up the DagBag from /home/ubuntu/airflow/airflow_env/lib/python3.8/site-packages/airflow/example_dags/example_dag_decorator.py
[2022-06-27 05:34:22,023] {processor.py:651} INFO - DAG(s) dict_keys(['example_dag_decorator']) retrieved from /home/ubuntu/airflow/airflow_env/lib/python3.8/site-packages/airflow/example_dags/example_dag_decorator.py
[2022-06-27 05:34:22,081] {logging_mixin.py:115} INFO - [2022-06-27 05:34:22,080] {dag.py:2379} INFO - Sync 1 DAGs
[2022-06-27 05:34:22,202] {logging_mixin.py:115} INFO - [2022-06-27 05:34:22,202] {dag.py:2927} INFO - Setting next_dagrun for example_dag_decorator to None, run_after=None
[2022-06-27 05:34:22,222] {processor.py:161} INFO - Processing /home/ubuntu/airflow/airflow_env/lib/python3.8/site-packages/airflow/example_dags/example_dag_decorator.py took 0.295 seconds
[2022-06-27 05:35:10,812] {processor.py:153} INFO - Started process (PID=153158) to work on /home/ubuntu/airflow/airflow_env/lib/python3.8/site-packages/airflow/example_dags/example_dag_decorator.py
[2022-06-27 05:35:10,818] {processor.py:641} INFO - Processing file /home/ubuntu/airflow/airflow_env/lib/python3.8/site-packages/airflow/example_dags/example_dag_decorator.py for tasks to queue
[2022-06-27 05:35:10,820] {logging_mixin.py:115} INFO - [2022-06-27 05:35:10,819] {dagbag.py:507} INFO - Filling up the DagBag from /home/ubuntu/airflow/airflow_env/lib/python3.8/site-packages/airflow/example_dags/example_dag_decorator.py
[2022-06-27 05:35:10,887] {processor.py:651} INFO - DAG(s) dict_keys(['example_dag_decorator']) retrieved from /home/ubuntu/airflow/airflow_env/lib/python3.8/site-packages/airflow/example_dags/example_dag_decorator.py
[2022-06-27 05:35:10,918] {logging_mixin.py:115} INFO - [2022-06-27 05:35:10,918] {dag.py:2379} INFO - Sync 1 DAGs
[2022-06-27 05:35:11,045] {logging_mixin.py:115} INFO - [2022-06-27 05:35:11,044] {dag.py:2927} INFO - Setting next_dagrun for example_dag_decorator to None, run_after=None
[2022-06-27 05:35:11,087] {processor.py:161} INFO - Processing /home/ubuntu/airflow/airflow_env/lib/python3.8/site-packages/airflow/example_dags/example_dag_decorator.py took 0.289 seconds
[2022-06-27 05:36:02,643] {processor.py:153} INFO - Started process (PID=153204) to work on /home/ubuntu/airflow/airflow_env/lib/python3.8/site-packages/airflow/example_dags/example_dag_decorator.py
[2022-06-27 05:36:02,645] {processor.py:641} INFO - Processing file /home/ubuntu/airflow/airflow_env/lib/python3.8/site-packages/airflow/example_dags/example_dag_decorator.py for tasks to queue
[2022-06-27 05:36:02,647] {logging_mixin.py:115} INFO - [2022-06-27 05:36:02,647] {dagbag.py:507} INFO - Filling up the DagBag from /home/ubuntu/airflow/airflow_env/lib/python3.8/site-packages/airflow/example_dags/example_dag_decorator.py
[2022-06-27 05:36:02,714] {processor.py:651} INFO - DAG(s) dict_keys(['example_dag_decorator']) retrieved from /home/ubuntu/airflow/airflow_env/lib/python3.8/site-packages/airflow/example_dags/example_dag_decorator.py
[2022-06-27 05:36:02,748] {logging_mixin.py:115} INFO - [2022-06-27 05:36:02,748] {dag.py:2379} INFO - Sync 1 DAGs
[2022-06-27 05:36:02,785] {logging_mixin.py:115} INFO - [2022-06-27 05:36:02,784] {dag.py:2927} INFO - Setting next_dagrun for example_dag_decorator to None, run_after=None
[2022-06-27 05:36:02,856] {processor.py:161} INFO - Processing /home/ubuntu/airflow/airflow_env/lib/python3.8/site-packages/airflow/example_dags/example_dag_decorator.py took 0.228 seconds
[2022-06-27 05:36:54,910] {processor.py:153} INFO - Started process (PID=153253) to work on /home/ubuntu/airflow/airflow_env/lib/python3.8/site-packages/airflow/example_dags/example_dag_decorator.py
[2022-06-27 05:36:54,915] {processor.py:641} INFO - Processing file /home/ubuntu/airflow/airflow_env/lib/python3.8/site-packages/airflow/example_dags/example_dag_decorator.py for tasks to queue
[2022-06-27 05:36:54,919] {logging_mixin.py:115} INFO - [2022-06-27 05:36:54,919] {dagbag.py:507} INFO - Filling up the DagBag from /home/ubuntu/airflow/airflow_env/lib/python3.8/site-packages/airflow/example_dags/example_dag_decorator.py
[2022-06-27 05:36:55,078] {processor.py:651} INFO - DAG(s) dict_keys(['example_dag_decorator']) retrieved from /home/ubuntu/airflow/airflow_env/lib/python3.8/site-packages/airflow/example_dags/example_dag_decorator.py
[2022-06-27 05:36:55,201] {logging_mixin.py:115} INFO - [2022-06-27 05:36:55,200] {dag.py:2379} INFO - Sync 1 DAGs
[2022-06-27 05:36:55,235] {logging_mixin.py:115} INFO - [2022-06-27 05:36:55,235] {dag.py:2927} INFO - Setting next_dagrun for example_dag_decorator to None, run_after=None
[2022-06-27 05:36:55,262] {processor.py:161} INFO - Processing /home/ubuntu/airflow/airflow_env/lib/python3.8/site-packages/airflow/example_dags/example_dag_decorator.py took 0.392 seconds
[2022-06-27 05:37:46,987] {processor.py:153} INFO - Started process (PID=153292) to work on /home/ubuntu/airflow/airflow_env/lib/python3.8/site-packages/airflow/example_dags/example_dag_decorator.py
[2022-06-27 05:37:46,997] {processor.py:641} INFO - Processing file /home/ubuntu/airflow/airflow_env/lib/python3.8/site-packages/airflow/example_dags/example_dag_decorator.py for tasks to queue
[2022-06-27 05:37:46,998] {logging_mixin.py:115} INFO - [2022-06-27 05:37:46,998] {dagbag.py:507} INFO - Filling up the DagBag from /home/ubuntu/airflow/airflow_env/lib/python3.8/site-packages/airflow/example_dags/example_dag_decorator.py
[2022-06-27 05:37:47,081] {processor.py:651} INFO - DAG(s) dict_keys(['example_dag_decorator']) retrieved from /home/ubuntu/airflow/airflow_env/lib/python3.8/site-packages/airflow/example_dags/example_dag_decorator.py
[2022-06-27 05:37:47,156] {logging_mixin.py:115} INFO - [2022-06-27 05:37:47,156] {dag.py:2379} INFO - Sync 1 DAGs
[2022-06-27 05:37:47,176] {logging_mixin.py:115} INFO - [2022-06-27 05:37:47,176] {dag.py:2927} INFO - Setting next_dagrun for example_dag_decorator to None, run_after=None
[2022-06-27 05:37:47,205] {processor.py:161} INFO - Processing /home/ubuntu/airflow/airflow_env/lib/python3.8/site-packages/airflow/example_dags/example_dag_decorator.py took 0.229 seconds
[2022-06-27 05:38:38,580] {processor.py:153} INFO - Started process (PID=153337) to work on /home/ubuntu/airflow/airflow_env/lib/python3.8/site-packages/airflow/example_dags/example_dag_decorator.py
[2022-06-27 05:38:38,596] {processor.py:641} INFO - Processing file /home/ubuntu/airflow/airflow_env/lib/python3.8/site-packages/airflow/example_dags/example_dag_decorator.py for tasks to queue
[2022-06-27 05:38:38,611] {logging_mixin.py:115} INFO - [2022-06-27 05:38:38,610] {dagbag.py:507} INFO - Filling up the DagBag from /home/ubuntu/airflow/airflow_env/lib/python3.8/site-packages/airflow/example_dags/example_dag_decorator.py
[2022-06-27 05:38:38,893] {processor.py:651} INFO - DAG(s) dict_keys(['example_dag_decorator']) retrieved from /home/ubuntu/airflow/airflow_env/lib/python3.8/site-packages/airflow/example_dags/example_dag_decorator.py
[2022-06-27 05:38:39,041] {logging_mixin.py:115} INFO - [2022-06-27 05:38:39,035] {dag.py:2379} INFO - Sync 1 DAGs
[2022-06-27 05:38:39,093] {logging_mixin.py:115} INFO - [2022-06-27 05:38:39,093] {dag.py:2927} INFO - Setting next_dagrun for example_dag_decorator to None, run_after=None
[2022-06-27 05:38:39,131] {processor.py:161} INFO - Processing /home/ubuntu/airflow/airflow_env/lib/python3.8/site-packages/airflow/example_dags/example_dag_decorator.py took 0.610 seconds
[2022-06-27 05:39:32,625] {processor.py:153} INFO - Started process (PID=153378) to work on /home/ubuntu/airflow/airflow_env/lib/python3.8/site-packages/airflow/example_dags/example_dag_decorator.py
[2022-06-27 05:39:32,635] {processor.py:641} INFO - Processing file /home/ubuntu/airflow/airflow_env/lib/python3.8/site-packages/airflow/example_dags/example_dag_decorator.py for tasks to queue
[2022-06-27 05:39:32,643] {logging_mixin.py:115} INFO - [2022-06-27 05:39:32,643] {dagbag.py:507} INFO - Filling up the DagBag from /home/ubuntu/airflow/airflow_env/lib/python3.8/site-packages/airflow/example_dags/example_dag_decorator.py
[2022-06-27 05:39:32,811] {processor.py:651} INFO - DAG(s) dict_keys(['example_dag_decorator']) retrieved from /home/ubuntu/airflow/airflow_env/lib/python3.8/site-packages/airflow/example_dags/example_dag_decorator.py
[2022-06-27 05:39:32,891] {logging_mixin.py:115} INFO - [2022-06-27 05:39:32,890] {dag.py:2379} INFO - Sync 1 DAGs
[2022-06-27 05:39:32,935] {logging_mixin.py:115} INFO - [2022-06-27 05:39:32,935] {dag.py:2927} INFO - Setting next_dagrun for example_dag_decorator to None, run_after=None
[2022-06-27 05:39:32,958] {processor.py:161} INFO - Processing /home/ubuntu/airflow/airflow_env/lib/python3.8/site-packages/airflow/example_dags/example_dag_decorator.py took 0.373 seconds
