[2022-06-27 04:50:08,683] {processor.py:153} INFO - Started process (PID=150533) to work on /home/ubuntu/airflow/airflow_env/lib/python3.8/site-packages/airflow/example_dags/example_external_task_marker_dag.py
[2022-06-27 04:50:08,683] {processor.py:641} INFO - Processing file /home/ubuntu/airflow/airflow_env/lib/python3.8/site-packages/airflow/example_dags/example_external_task_marker_dag.py for tasks to queue
[2022-06-27 04:50:08,684] {logging_mixin.py:115} INFO - [2022-06-27 04:50:08,684] {dagbag.py:507} INFO - Filling up the DagBag from /home/ubuntu/airflow/airflow_env/lib/python3.8/site-packages/airflow/example_dags/example_external_task_marker_dag.py
[2022-06-27 04:50:08,698] {processor.py:651} INFO - DAG(s) dict_keys(['example_external_task_marker_parent', 'example_external_task_marker_child']) retrieved from /home/ubuntu/airflow/airflow_env/lib/python3.8/site-packages/airflow/example_dags/example_external_task_marker_dag.py
[2022-06-27 04:50:08,875] {logging_mixin.py:115} INFO - [2022-06-27 04:50:08,874] {manager.py:508} INFO - Created Permission View: can edit on DAG:example_external_task_marker_parent
[2022-06-27 04:50:08,925] {logging_mixin.py:115} INFO - [2022-06-27 04:50:08,925] {manager.py:508} INFO - Created Permission View: can read on DAG:example_external_task_marker_parent
[2022-06-27 04:50:09,003] {logging_mixin.py:115} INFO - [2022-06-27 04:50:09,002] {manager.py:508} INFO - Created Permission View: can delete on DAG:example_external_task_marker_parent
[2022-06-27 04:50:09,098] {logging_mixin.py:115} INFO - [2022-06-27 04:50:09,098] {manager.py:508} INFO - Created Permission View: can edit on DAG:example_external_task_marker_child
[2022-06-27 04:50:09,132] {logging_mixin.py:115} INFO - [2022-06-27 04:50:09,131] {manager.py:508} INFO - Created Permission View: can read on DAG:example_external_task_marker_child
[2022-06-27 04:50:09,181] {logging_mixin.py:115} INFO - [2022-06-27 04:50:09,181] {manager.py:508} INFO - Created Permission View: can delete on DAG:example_external_task_marker_child
[2022-06-27 04:50:09,191] {logging_mixin.py:115} INFO - [2022-06-27 04:50:09,191] {dag.py:2379} INFO - Sync 2 DAGs
[2022-06-27 04:50:09,251] {logging_mixin.py:115} INFO - [2022-06-27 04:50:09,251] {dag.py:2398} INFO - Creating ORM DAG for example_external_task_marker_child
[2022-06-27 04:50:09,252] {logging_mixin.py:115} INFO - [2022-06-27 04:50:09,252] {dag.py:2398} INFO - Creating ORM DAG for example_external_task_marker_parent
[2022-06-27 04:50:09,329] {logging_mixin.py:115} INFO - [2022-06-27 04:50:09,328] {dag.py:2927} INFO - Setting next_dagrun for example_external_task_marker_child to None, run_after=None
[2022-06-27 04:50:09,334] {logging_mixin.py:115} INFO - [2022-06-27 04:50:09,329] {dag.py:2927} INFO - Setting next_dagrun for example_external_task_marker_parent to None, run_after=None
[2022-06-27 04:50:09,380] {processor.py:161} INFO - Processing /home/ubuntu/airflow/airflow_env/lib/python3.8/site-packages/airflow/example_dags/example_external_task_marker_dag.py took 0.702 seconds
[2022-06-27 04:51:05,181] {processor.py:153} INFO - Started process (PID=150655) to work on /home/ubuntu/airflow/airflow_env/lib/python3.8/site-packages/airflow/example_dags/example_external_task_marker_dag.py
[2022-06-27 04:51:05,185] {processor.py:641} INFO - Processing file /home/ubuntu/airflow/airflow_env/lib/python3.8/site-packages/airflow/example_dags/example_external_task_marker_dag.py for tasks to queue
[2022-06-27 04:51:05,194] {logging_mixin.py:115} INFO - [2022-06-27 04:51:05,194] {dagbag.py:507} INFO - Filling up the DagBag from /home/ubuntu/airflow/airflow_env/lib/python3.8/site-packages/airflow/example_dags/example_external_task_marker_dag.py
[2022-06-27 04:51:05,207] {processor.py:651} INFO - DAG(s) dict_keys(['example_external_task_marker_parent', 'example_external_task_marker_child']) retrieved from /home/ubuntu/airflow/airflow_env/lib/python3.8/site-packages/airflow/example_dags/example_external_task_marker_dag.py
[2022-06-27 04:51:05,262] {logging_mixin.py:115} INFO - [2022-06-27 04:51:05,261] {dag.py:2379} INFO - Sync 2 DAGs
[2022-06-27 04:51:05,298] {logging_mixin.py:115} INFO - [2022-06-27 04:51:05,298] {dag.py:2927} INFO - Setting next_dagrun for example_external_task_marker_child to None, run_after=None
[2022-06-27 04:51:05,298] {logging_mixin.py:115} INFO - [2022-06-27 04:51:05,298] {dag.py:2927} INFO - Setting next_dagrun for example_external_task_marker_parent to None, run_after=None
[2022-06-27 04:51:05,312] {processor.py:161} INFO - Processing /home/ubuntu/airflow/airflow_env/lib/python3.8/site-packages/airflow/example_dags/example_external_task_marker_dag.py took 0.147 seconds
[2022-06-27 04:51:45,014] {processor.py:153} INFO - Started process (PID=150734) to work on /home/ubuntu/airflow/airflow_env/lib/python3.8/site-packages/airflow/example_dags/example_external_task_marker_dag.py
[2022-06-27 04:51:45,016] {processor.py:641} INFO - Processing file /home/ubuntu/airflow/airflow_env/lib/python3.8/site-packages/airflow/example_dags/example_external_task_marker_dag.py for tasks to queue
[2022-06-27 04:51:45,024] {logging_mixin.py:115} INFO - [2022-06-27 04:51:45,017] {dagbag.py:507} INFO - Filling up the DagBag from /home/ubuntu/airflow/airflow_env/lib/python3.8/site-packages/airflow/example_dags/example_external_task_marker_dag.py
[2022-06-27 04:51:45,072] {processor.py:651} INFO - DAG(s) dict_keys(['example_external_task_marker_parent', 'example_external_task_marker_child']) retrieved from /home/ubuntu/airflow/airflow_env/lib/python3.8/site-packages/airflow/example_dags/example_external_task_marker_dag.py
[2022-06-27 04:51:45,241] {logging_mixin.py:115} INFO - [2022-06-27 04:51:45,241] {dag.py:2379} INFO - Sync 2 DAGs
[2022-06-27 04:51:45,310] {logging_mixin.py:115} INFO - [2022-06-27 04:51:45,310] {dag.py:2927} INFO - Setting next_dagrun for example_external_task_marker_child to None, run_after=None
[2022-06-27 04:51:45,310] {logging_mixin.py:115} INFO - [2022-06-27 04:51:45,310] {dag.py:2927} INFO - Setting next_dagrun for example_external_task_marker_parent to None, run_after=None
[2022-06-27 04:51:45,344] {processor.py:161} INFO - Processing /home/ubuntu/airflow/airflow_env/lib/python3.8/site-packages/airflow/example_dags/example_external_task_marker_dag.py took 0.346 seconds
[2022-06-27 04:52:31,816] {processor.py:153} INFO - Started process (PID=150819) to work on /home/ubuntu/airflow/airflow_env/lib/python3.8/site-packages/airflow/example_dags/example_external_task_marker_dag.py
[2022-06-27 04:52:31,818] {processor.py:641} INFO - Processing file /home/ubuntu/airflow/airflow_env/lib/python3.8/site-packages/airflow/example_dags/example_external_task_marker_dag.py for tasks to queue
[2022-06-27 04:52:31,820] {logging_mixin.py:115} INFO - [2022-06-27 04:52:31,820] {dagbag.py:507} INFO - Filling up the DagBag from /home/ubuntu/airflow/airflow_env/lib/python3.8/site-packages/airflow/example_dags/example_external_task_marker_dag.py
[2022-06-27 04:52:31,837] {processor.py:651} INFO - DAG(s) dict_keys(['example_external_task_marker_parent', 'example_external_task_marker_child']) retrieved from /home/ubuntu/airflow/airflow_env/lib/python3.8/site-packages/airflow/example_dags/example_external_task_marker_dag.py
[2022-06-27 04:52:31,891] {logging_mixin.py:115} INFO - [2022-06-27 04:52:31,891] {dag.py:2379} INFO - Sync 2 DAGs
[2022-06-27 04:52:31,918] {logging_mixin.py:115} INFO - [2022-06-27 04:52:31,918] {dag.py:2927} INFO - Setting next_dagrun for example_external_task_marker_child to None, run_after=None
[2022-06-27 04:52:31,918] {logging_mixin.py:115} INFO - [2022-06-27 04:52:31,918] {dag.py:2927} INFO - Setting next_dagrun for example_external_task_marker_parent to None, run_after=None
[2022-06-27 04:52:31,953] {processor.py:161} INFO - Processing /home/ubuntu/airflow/airflow_env/lib/python3.8/site-packages/airflow/example_dags/example_external_task_marker_dag.py took 0.146 seconds
[2022-06-27 04:53:26,422] {processor.py:153} INFO - Started process (PID=150871) to work on /home/ubuntu/airflow/airflow_env/lib/python3.8/site-packages/airflow/example_dags/example_external_task_marker_dag.py
[2022-06-27 04:53:26,438] {processor.py:641} INFO - Processing file /home/ubuntu/airflow/airflow_env/lib/python3.8/site-packages/airflow/example_dags/example_external_task_marker_dag.py for tasks to queue
[2022-06-27 04:53:26,447] {logging_mixin.py:115} INFO - [2022-06-27 04:53:26,441] {dagbag.py:507} INFO - Filling up the DagBag from /home/ubuntu/airflow/airflow_env/lib/python3.8/site-packages/airflow/example_dags/example_external_task_marker_dag.py
[2022-06-27 04:53:26,563] {processor.py:651} INFO - DAG(s) dict_keys(['example_external_task_marker_parent', 'example_external_task_marker_child']) retrieved from /home/ubuntu/airflow/airflow_env/lib/python3.8/site-packages/airflow/example_dags/example_external_task_marker_dag.py
[2022-06-27 04:53:26,918] {logging_mixin.py:115} INFO - [2022-06-27 04:53:26,918] {dag.py:2379} INFO - Sync 2 DAGs
[2022-06-27 04:53:27,097] {logging_mixin.py:115} INFO - [2022-06-27 04:53:27,096] {dag.py:2927} INFO - Setting next_dagrun for example_external_task_marker_child to None, run_after=None
[2022-06-27 04:53:27,106] {logging_mixin.py:115} INFO - [2022-06-27 04:53:27,097] {dag.py:2927} INFO - Setting next_dagrun for example_external_task_marker_parent to None, run_after=None
[2022-06-27 04:53:27,184] {processor.py:161} INFO - Processing /home/ubuntu/airflow/airflow_env/lib/python3.8/site-packages/airflow/example_dags/example_external_task_marker_dag.py took 0.810 seconds
[2022-06-27 04:54:19,030] {processor.py:153} INFO - Started process (PID=150943) to work on /home/ubuntu/airflow/airflow_env/lib/python3.8/site-packages/airflow/example_dags/example_external_task_marker_dag.py
[2022-06-27 04:54:19,031] {processor.py:641} INFO - Processing file /home/ubuntu/airflow/airflow_env/lib/python3.8/site-packages/airflow/example_dags/example_external_task_marker_dag.py for tasks to queue
[2022-06-27 04:54:19,033] {logging_mixin.py:115} INFO - [2022-06-27 04:54:19,032] {dagbag.py:507} INFO - Filling up the DagBag from /home/ubuntu/airflow/airflow_env/lib/python3.8/site-packages/airflow/example_dags/example_external_task_marker_dag.py
[2022-06-27 04:54:19,045] {processor.py:651} INFO - DAG(s) dict_keys(['example_external_task_marker_parent', 'example_external_task_marker_child']) retrieved from /home/ubuntu/airflow/airflow_env/lib/python3.8/site-packages/airflow/example_dags/example_external_task_marker_dag.py
[2022-06-27 04:54:19,114] {logging_mixin.py:115} INFO - [2022-06-27 04:54:19,113] {dag.py:2379} INFO - Sync 2 DAGs
[2022-06-27 04:54:19,169] {logging_mixin.py:115} INFO - [2022-06-27 04:54:19,169] {dag.py:2927} INFO - Setting next_dagrun for example_external_task_marker_child to None, run_after=None
[2022-06-27 04:54:19,169] {logging_mixin.py:115} INFO - [2022-06-27 04:54:19,169] {dag.py:2927} INFO - Setting next_dagrun for example_external_task_marker_parent to None, run_after=None
[2022-06-27 04:54:19,192] {processor.py:161} INFO - Processing /home/ubuntu/airflow/airflow_env/lib/python3.8/site-packages/airflow/example_dags/example_external_task_marker_dag.py took 0.173 seconds
[2022-06-27 04:55:45,300] {processor.py:153} INFO - Started process (PID=151066) to work on /home/ubuntu/airflow/airflow_env/lib/python3.8/site-packages/airflow/example_dags/example_external_task_marker_dag.py
[2022-06-27 04:55:45,305] {processor.py:641} INFO - Processing file /home/ubuntu/airflow/airflow_env/lib/python3.8/site-packages/airflow/example_dags/example_external_task_marker_dag.py for tasks to queue
[2022-06-27 04:55:45,307] {logging_mixin.py:115} INFO - [2022-06-27 04:55:45,307] {dagbag.py:507} INFO - Filling up the DagBag from /home/ubuntu/airflow/airflow_env/lib/python3.8/site-packages/airflow/example_dags/example_external_task_marker_dag.py
[2022-06-27 04:55:45,322] {processor.py:651} INFO - DAG(s) dict_keys(['example_external_task_marker_parent', 'example_external_task_marker_child']) retrieved from /home/ubuntu/airflow/airflow_env/lib/python3.8/site-packages/airflow/example_dags/example_external_task_marker_dag.py
[2022-06-27 04:55:45,435] {logging_mixin.py:115} INFO - [2022-06-27 04:55:45,435] {dag.py:2379} INFO - Sync 2 DAGs
[2022-06-27 04:55:45,469] {logging_mixin.py:115} INFO - [2022-06-27 04:55:45,469] {dag.py:2927} INFO - Setting next_dagrun for example_external_task_marker_child to None, run_after=None
[2022-06-27 04:55:45,470] {logging_mixin.py:115} INFO - [2022-06-27 04:55:45,470] {dag.py:2927} INFO - Setting next_dagrun for example_external_task_marker_parent to None, run_after=None
[2022-06-27 04:55:45,496] {processor.py:161} INFO - Processing /home/ubuntu/airflow/airflow_env/lib/python3.8/site-packages/airflow/example_dags/example_external_task_marker_dag.py took 0.208 seconds
[2022-06-27 04:56:45,896] {processor.py:153} INFO - Started process (PID=151168) to work on /home/ubuntu/airflow/airflow_env/lib/python3.8/site-packages/airflow/example_dags/example_external_task_marker_dag.py
[2022-06-27 04:56:45,899] {processor.py:641} INFO - Processing file /home/ubuntu/airflow/airflow_env/lib/python3.8/site-packages/airflow/example_dags/example_external_task_marker_dag.py for tasks to queue
[2022-06-27 04:56:45,901] {logging_mixin.py:115} INFO - [2022-06-27 04:56:45,900] {dagbag.py:507} INFO - Filling up the DagBag from /home/ubuntu/airflow/airflow_env/lib/python3.8/site-packages/airflow/example_dags/example_external_task_marker_dag.py
[2022-06-27 04:56:45,920] {processor.py:651} INFO - DAG(s) dict_keys(['example_external_task_marker_parent', 'example_external_task_marker_child']) retrieved from /home/ubuntu/airflow/airflow_env/lib/python3.8/site-packages/airflow/example_dags/example_external_task_marker_dag.py
[2022-06-27 04:56:45,986] {logging_mixin.py:115} INFO - [2022-06-27 04:56:45,985] {dag.py:2379} INFO - Sync 2 DAGs
[2022-06-27 04:56:46,040] {logging_mixin.py:115} INFO - [2022-06-27 04:56:46,040] {dag.py:2927} INFO - Setting next_dagrun for example_external_task_marker_child to None, run_after=None
[2022-06-27 04:56:46,041] {logging_mixin.py:115} INFO - [2022-06-27 04:56:46,041] {dag.py:2927} INFO - Setting next_dagrun for example_external_task_marker_parent to None, run_after=None
[2022-06-27 04:56:46,064] {processor.py:161} INFO - Processing /home/ubuntu/airflow/airflow_env/lib/python3.8/site-packages/airflow/example_dags/example_external_task_marker_dag.py took 0.181 seconds
[2022-06-27 04:57:41,560] {processor.py:153} INFO - Started process (PID=151240) to work on /home/ubuntu/airflow/airflow_env/lib/python3.8/site-packages/airflow/example_dags/example_external_task_marker_dag.py
[2022-06-27 04:57:41,562] {processor.py:641} INFO - Processing file /home/ubuntu/airflow/airflow_env/lib/python3.8/site-packages/airflow/example_dags/example_external_task_marker_dag.py for tasks to queue
[2022-06-27 04:57:41,563] {logging_mixin.py:115} INFO - [2022-06-27 04:57:41,563] {dagbag.py:507} INFO - Filling up the DagBag from /home/ubuntu/airflow/airflow_env/lib/python3.8/site-packages/airflow/example_dags/example_external_task_marker_dag.py
[2022-06-27 04:57:41,582] {processor.py:651} INFO - DAG(s) dict_keys(['example_external_task_marker_parent', 'example_external_task_marker_child']) retrieved from /home/ubuntu/airflow/airflow_env/lib/python3.8/site-packages/airflow/example_dags/example_external_task_marker_dag.py
[2022-06-27 04:57:41,659] {logging_mixin.py:115} INFO - [2022-06-27 04:57:41,659] {dag.py:2379} INFO - Sync 2 DAGs
[2022-06-27 04:57:41,699] {logging_mixin.py:115} INFO - [2022-06-27 04:57:41,699] {dag.py:2927} INFO - Setting next_dagrun for example_external_task_marker_child to None, run_after=None
[2022-06-27 04:57:41,700] {logging_mixin.py:115} INFO - [2022-06-27 04:57:41,699] {dag.py:2927} INFO - Setting next_dagrun for example_external_task_marker_parent to None, run_after=None
[2022-06-27 04:57:41,722] {processor.py:161} INFO - Processing /home/ubuntu/airflow/airflow_env/lib/python3.8/site-packages/airflow/example_dags/example_external_task_marker_dag.py took 0.174 seconds
[2022-06-27 04:58:36,111] {processor.py:153} INFO - Started process (PID=151328) to work on /home/ubuntu/airflow/airflow_env/lib/python3.8/site-packages/airflow/example_dags/example_external_task_marker_dag.py
[2022-06-27 04:58:36,112] {processor.py:641} INFO - Processing file /home/ubuntu/airflow/airflow_env/lib/python3.8/site-packages/airflow/example_dags/example_external_task_marker_dag.py for tasks to queue
[2022-06-27 04:58:36,112] {logging_mixin.py:115} INFO - [2022-06-27 04:58:36,112] {dagbag.py:507} INFO - Filling up the DagBag from /home/ubuntu/airflow/airflow_env/lib/python3.8/site-packages/airflow/example_dags/example_external_task_marker_dag.py
[2022-06-27 04:58:36,137] {processor.py:651} INFO - DAG(s) dict_keys(['example_external_task_marker_parent', 'example_external_task_marker_child']) retrieved from /home/ubuntu/airflow/airflow_env/lib/python3.8/site-packages/airflow/example_dags/example_external_task_marker_dag.py
[2022-06-27 04:58:36,191] {logging_mixin.py:115} INFO - [2022-06-27 04:58:36,190] {dag.py:2379} INFO - Sync 2 DAGs
[2022-06-27 04:58:36,239] {logging_mixin.py:115} INFO - [2022-06-27 04:58:36,239] {dag.py:2927} INFO - Setting next_dagrun for example_external_task_marker_child to None, run_after=None
[2022-06-27 04:58:36,240] {logging_mixin.py:115} INFO - [2022-06-27 04:58:36,240] {dag.py:2927} INFO - Setting next_dagrun for example_external_task_marker_parent to None, run_after=None
[2022-06-27 04:58:36,266] {processor.py:161} INFO - Processing /home/ubuntu/airflow/airflow_env/lib/python3.8/site-packages/airflow/example_dags/example_external_task_marker_dag.py took 0.177 seconds
[2022-06-27 04:59:17,376] {processor.py:153} INFO - Started process (PID=151367) to work on /home/ubuntu/airflow/airflow_env/lib/python3.8/site-packages/airflow/example_dags/example_external_task_marker_dag.py
[2022-06-27 04:59:17,378] {processor.py:641} INFO - Processing file /home/ubuntu/airflow/airflow_env/lib/python3.8/site-packages/airflow/example_dags/example_external_task_marker_dag.py for tasks to queue
[2022-06-27 04:59:17,381] {logging_mixin.py:115} INFO - [2022-06-27 04:59:17,380] {dagbag.py:507} INFO - Filling up the DagBag from /home/ubuntu/airflow/airflow_env/lib/python3.8/site-packages/airflow/example_dags/example_external_task_marker_dag.py
[2022-06-27 04:59:17,400] {processor.py:651} INFO - DAG(s) dict_keys(['example_external_task_marker_parent', 'example_external_task_marker_child']) retrieved from /home/ubuntu/airflow/airflow_env/lib/python3.8/site-packages/airflow/example_dags/example_external_task_marker_dag.py
[2022-06-27 04:59:17,478] {logging_mixin.py:115} INFO - [2022-06-27 04:59:17,478] {dag.py:2379} INFO - Sync 2 DAGs
[2022-06-27 04:59:17,516] {logging_mixin.py:115} INFO - [2022-06-27 04:59:17,516] {dag.py:2927} INFO - Setting next_dagrun for example_external_task_marker_child to None, run_after=None
[2022-06-27 04:59:17,517] {logging_mixin.py:115} INFO - [2022-06-27 04:59:17,517] {dag.py:2927} INFO - Setting next_dagrun for example_external_task_marker_parent to None, run_after=None
[2022-06-27 04:59:17,540] {processor.py:161} INFO - Processing /home/ubuntu/airflow/airflow_env/lib/python3.8/site-packages/airflow/example_dags/example_external_task_marker_dag.py took 0.181 seconds
[2022-06-27 05:00:17,195] {processor.py:153} INFO - Started process (PID=151413) to work on /home/ubuntu/airflow/airflow_env/lib/python3.8/site-packages/airflow/example_dags/example_external_task_marker_dag.py
[2022-06-27 05:00:17,200] {processor.py:641} INFO - Processing file /home/ubuntu/airflow/airflow_env/lib/python3.8/site-packages/airflow/example_dags/example_external_task_marker_dag.py for tasks to queue
[2022-06-27 05:00:17,205] {logging_mixin.py:115} INFO - [2022-06-27 05:00:17,204] {dagbag.py:507} INFO - Filling up the DagBag from /home/ubuntu/airflow/airflow_env/lib/python3.8/site-packages/airflow/example_dags/example_external_task_marker_dag.py
[2022-06-27 05:00:17,233] {processor.py:651} INFO - DAG(s) dict_keys(['example_external_task_marker_parent', 'example_external_task_marker_child']) retrieved from /home/ubuntu/airflow/airflow_env/lib/python3.8/site-packages/airflow/example_dags/example_external_task_marker_dag.py
[2022-06-27 05:00:17,488] {logging_mixin.py:115} INFO - [2022-06-27 05:00:17,487] {dag.py:2379} INFO - Sync 2 DAGs
[2022-06-27 05:00:17,652] {logging_mixin.py:115} INFO - [2022-06-27 05:00:17,652] {dag.py:2927} INFO - Setting next_dagrun for example_external_task_marker_child to None, run_after=None
[2022-06-27 05:00:17,654] {logging_mixin.py:115} INFO - [2022-06-27 05:00:17,653] {dag.py:2927} INFO - Setting next_dagrun for example_external_task_marker_parent to None, run_after=None
[2022-06-27 05:00:17,812] {processor.py:161} INFO - Processing /home/ubuntu/airflow/airflow_env/lib/python3.8/site-packages/airflow/example_dags/example_external_task_marker_dag.py took 0.641 seconds
[2022-06-27 05:03:03,691] {processor.py:153} INFO - Started process (PID=151515) to work on /home/ubuntu/airflow/airflow_env/lib/python3.8/site-packages/airflow/example_dags/example_external_task_marker_dag.py
[2022-06-27 05:03:03,696] {processor.py:641} INFO - Processing file /home/ubuntu/airflow/airflow_env/lib/python3.8/site-packages/airflow/example_dags/example_external_task_marker_dag.py for tasks to queue
[2022-06-27 05:03:03,699] {logging_mixin.py:115} INFO - [2022-06-27 05:03:03,699] {dagbag.py:507} INFO - Filling up the DagBag from /home/ubuntu/airflow/airflow_env/lib/python3.8/site-packages/airflow/example_dags/example_external_task_marker_dag.py
[2022-06-27 05:03:03,721] {processor.py:651} INFO - DAG(s) dict_keys(['example_external_task_marker_parent', 'example_external_task_marker_child']) retrieved from /home/ubuntu/airflow/airflow_env/lib/python3.8/site-packages/airflow/example_dags/example_external_task_marker_dag.py
[2022-06-27 05:03:03,833] {logging_mixin.py:115} INFO - [2022-06-27 05:03:03,825] {dag.py:2379} INFO - Sync 2 DAGs
[2022-06-27 05:03:03,915] {logging_mixin.py:115} INFO - [2022-06-27 05:03:03,909] {dag.py:2927} INFO - Setting next_dagrun for example_external_task_marker_child to None, run_after=None
[2022-06-27 05:03:03,916] {logging_mixin.py:115} INFO - [2022-06-27 05:03:03,915] {dag.py:2927} INFO - Setting next_dagrun for example_external_task_marker_parent to None, run_after=None
[2022-06-27 05:03:03,986] {processor.py:161} INFO - Processing /home/ubuntu/airflow/airflow_env/lib/python3.8/site-packages/airflow/example_dags/example_external_task_marker_dag.py took 0.307 seconds
[2022-06-27 05:04:02,528] {processor.py:153} INFO - Started process (PID=151562) to work on /home/ubuntu/airflow/airflow_env/lib/python3.8/site-packages/airflow/example_dags/example_external_task_marker_dag.py
[2022-06-27 05:04:02,533] {processor.py:641} INFO - Processing file /home/ubuntu/airflow/airflow_env/lib/python3.8/site-packages/airflow/example_dags/example_external_task_marker_dag.py for tasks to queue
[2022-06-27 05:04:02,533] {logging_mixin.py:115} INFO - [2022-06-27 05:04:02,533] {dagbag.py:507} INFO - Filling up the DagBag from /home/ubuntu/airflow/airflow_env/lib/python3.8/site-packages/airflow/example_dags/example_external_task_marker_dag.py
[2022-06-27 05:04:02,550] {processor.py:651} INFO - DAG(s) dict_keys(['example_external_task_marker_parent', 'example_external_task_marker_child']) retrieved from /home/ubuntu/airflow/airflow_env/lib/python3.8/site-packages/airflow/example_dags/example_external_task_marker_dag.py
[2022-06-27 05:04:02,672] {logging_mixin.py:115} INFO - [2022-06-27 05:04:02,672] {dag.py:2379} INFO - Sync 2 DAGs
[2022-06-27 05:04:02,739] {logging_mixin.py:115} INFO - [2022-06-27 05:04:02,739] {dag.py:2927} INFO - Setting next_dagrun for example_external_task_marker_child to None, run_after=None
[2022-06-27 05:04:02,739] {logging_mixin.py:115} INFO - [2022-06-27 05:04:02,739] {dag.py:2927} INFO - Setting next_dagrun for example_external_task_marker_parent to None, run_after=None
[2022-06-27 05:04:02,825] {processor.py:161} INFO - Processing /home/ubuntu/airflow/airflow_env/lib/python3.8/site-packages/airflow/example_dags/example_external_task_marker_dag.py took 0.312 seconds
[2022-06-27 05:04:53,856] {processor.py:153} INFO - Started process (PID=151601) to work on /home/ubuntu/airflow/airflow_env/lib/python3.8/site-packages/airflow/example_dags/example_external_task_marker_dag.py
[2022-06-27 05:04:53,862] {processor.py:641} INFO - Processing file /home/ubuntu/airflow/airflow_env/lib/python3.8/site-packages/airflow/example_dags/example_external_task_marker_dag.py for tasks to queue
[2022-06-27 05:04:53,863] {logging_mixin.py:115} INFO - [2022-06-27 05:04:53,863] {dagbag.py:507} INFO - Filling up the DagBag from /home/ubuntu/airflow/airflow_env/lib/python3.8/site-packages/airflow/example_dags/example_external_task_marker_dag.py
[2022-06-27 05:04:53,881] {processor.py:651} INFO - DAG(s) dict_keys(['example_external_task_marker_parent', 'example_external_task_marker_child']) retrieved from /home/ubuntu/airflow/airflow_env/lib/python3.8/site-packages/airflow/example_dags/example_external_task_marker_dag.py
[2022-06-27 05:04:53,964] {logging_mixin.py:115} INFO - [2022-06-27 05:04:53,963] {dag.py:2379} INFO - Sync 2 DAGs
[2022-06-27 05:04:54,116] {logging_mixin.py:115} INFO - [2022-06-27 05:04:54,115] {dag.py:2927} INFO - Setting next_dagrun for example_external_task_marker_child to None, run_after=None
[2022-06-27 05:04:54,116] {logging_mixin.py:115} INFO - [2022-06-27 05:04:54,116] {dag.py:2927} INFO - Setting next_dagrun for example_external_task_marker_parent to None, run_after=None
[2022-06-27 05:04:54,187] {processor.py:161} INFO - Processing /home/ubuntu/airflow/airflow_env/lib/python3.8/site-packages/airflow/example_dags/example_external_task_marker_dag.py took 0.335 seconds
[2022-06-27 05:05:44,299] {processor.py:153} INFO - Started process (PID=151645) to work on /home/ubuntu/airflow/airflow_env/lib/python3.8/site-packages/airflow/example_dags/example_external_task_marker_dag.py
[2022-06-27 05:05:44,306] {processor.py:641} INFO - Processing file /home/ubuntu/airflow/airflow_env/lib/python3.8/site-packages/airflow/example_dags/example_external_task_marker_dag.py for tasks to queue
[2022-06-27 05:05:44,307] {logging_mixin.py:115} INFO - [2022-06-27 05:05:44,307] {dagbag.py:507} INFO - Filling up the DagBag from /home/ubuntu/airflow/airflow_env/lib/python3.8/site-packages/airflow/example_dags/example_external_task_marker_dag.py
[2022-06-27 05:05:44,331] {processor.py:651} INFO - DAG(s) dict_keys(['example_external_task_marker_parent', 'example_external_task_marker_child']) retrieved from /home/ubuntu/airflow/airflow_env/lib/python3.8/site-packages/airflow/example_dags/example_external_task_marker_dag.py
[2022-06-27 05:05:44,455] {logging_mixin.py:115} INFO - [2022-06-27 05:05:44,455] {dag.py:2379} INFO - Sync 2 DAGs
[2022-06-27 05:05:44,568] {logging_mixin.py:115} INFO - [2022-06-27 05:05:44,568] {dag.py:2927} INFO - Setting next_dagrun for example_external_task_marker_child to None, run_after=None
[2022-06-27 05:05:44,569] {logging_mixin.py:115} INFO - [2022-06-27 05:05:44,569] {dag.py:2927} INFO - Setting next_dagrun for example_external_task_marker_parent to None, run_after=None
[2022-06-27 05:05:44,698] {processor.py:161} INFO - Processing /home/ubuntu/airflow/airflow_env/lib/python3.8/site-packages/airflow/example_dags/example_external_task_marker_dag.py took 0.427 seconds
[2022-06-27 05:06:41,210] {processor.py:153} INFO - Started process (PID=151685) to work on /home/ubuntu/airflow/airflow_env/lib/python3.8/site-packages/airflow/example_dags/example_external_task_marker_dag.py
[2022-06-27 05:06:41,211] {processor.py:641} INFO - Processing file /home/ubuntu/airflow/airflow_env/lib/python3.8/site-packages/airflow/example_dags/example_external_task_marker_dag.py for tasks to queue
[2022-06-27 05:06:41,212] {logging_mixin.py:115} INFO - [2022-06-27 05:06:41,212] {dagbag.py:507} INFO - Filling up the DagBag from /home/ubuntu/airflow/airflow_env/lib/python3.8/site-packages/airflow/example_dags/example_external_task_marker_dag.py
[2022-06-27 05:06:41,234] {processor.py:651} INFO - DAG(s) dict_keys(['example_external_task_marker_parent', 'example_external_task_marker_child']) retrieved from /home/ubuntu/airflow/airflow_env/lib/python3.8/site-packages/airflow/example_dags/example_external_task_marker_dag.py
[2022-06-27 05:06:41,341] {logging_mixin.py:115} INFO - [2022-06-27 05:06:41,341] {dag.py:2379} INFO - Sync 2 DAGs
[2022-06-27 05:06:41,415] {logging_mixin.py:115} INFO - [2022-06-27 05:06:41,415] {dag.py:2927} INFO - Setting next_dagrun for example_external_task_marker_child to None, run_after=None
[2022-06-27 05:06:41,416] {logging_mixin.py:115} INFO - [2022-06-27 05:06:41,416] {dag.py:2927} INFO - Setting next_dagrun for example_external_task_marker_parent to None, run_after=None
[2022-06-27 05:06:41,466] {processor.py:161} INFO - Processing /home/ubuntu/airflow/airflow_env/lib/python3.8/site-packages/airflow/example_dags/example_external_task_marker_dag.py took 0.271 seconds
[2022-06-27 05:07:37,989] {processor.py:153} INFO - Started process (PID=151728) to work on /home/ubuntu/airflow/airflow_env/lib/python3.8/site-packages/airflow/example_dags/example_external_task_marker_dag.py
[2022-06-27 05:07:37,991] {processor.py:641} INFO - Processing file /home/ubuntu/airflow/airflow_env/lib/python3.8/site-packages/airflow/example_dags/example_external_task_marker_dag.py for tasks to queue
[2022-06-27 05:07:37,992] {logging_mixin.py:115} INFO - [2022-06-27 05:07:37,992] {dagbag.py:507} INFO - Filling up the DagBag from /home/ubuntu/airflow/airflow_env/lib/python3.8/site-packages/airflow/example_dags/example_external_task_marker_dag.py
[2022-06-27 05:07:38,030] {processor.py:651} INFO - DAG(s) dict_keys(['example_external_task_marker_parent', 'example_external_task_marker_child']) retrieved from /home/ubuntu/airflow/airflow_env/lib/python3.8/site-packages/airflow/example_dags/example_external_task_marker_dag.py
[2022-06-27 05:07:38,133] {logging_mixin.py:115} INFO - [2022-06-27 05:07:38,130] {dag.py:2379} INFO - Sync 2 DAGs
[2022-06-27 05:07:38,193] {logging_mixin.py:115} INFO - [2022-06-27 05:07:38,193] {dag.py:2927} INFO - Setting next_dagrun for example_external_task_marker_child to None, run_after=None
[2022-06-27 05:07:38,194] {logging_mixin.py:115} INFO - [2022-06-27 05:07:38,194] {dag.py:2927} INFO - Setting next_dagrun for example_external_task_marker_parent to None, run_after=None
[2022-06-27 05:07:38,266] {processor.py:161} INFO - Processing /home/ubuntu/airflow/airflow_env/lib/python3.8/site-packages/airflow/example_dags/example_external_task_marker_dag.py took 0.308 seconds
[2022-06-27 05:08:29,912] {processor.py:153} INFO - Started process (PID=151768) to work on /home/ubuntu/airflow/airflow_env/lib/python3.8/site-packages/airflow/example_dags/example_external_task_marker_dag.py
[2022-06-27 05:08:29,916] {processor.py:641} INFO - Processing file /home/ubuntu/airflow/airflow_env/lib/python3.8/site-packages/airflow/example_dags/example_external_task_marker_dag.py for tasks to queue
[2022-06-27 05:08:29,917] {logging_mixin.py:115} INFO - [2022-06-27 05:08:29,917] {dagbag.py:507} INFO - Filling up the DagBag from /home/ubuntu/airflow/airflow_env/lib/python3.8/site-packages/airflow/example_dags/example_external_task_marker_dag.py
[2022-06-27 05:08:29,944] {processor.py:651} INFO - DAG(s) dict_keys(['example_external_task_marker_parent', 'example_external_task_marker_child']) retrieved from /home/ubuntu/airflow/airflow_env/lib/python3.8/site-packages/airflow/example_dags/example_external_task_marker_dag.py
[2022-06-27 05:08:30,077] {logging_mixin.py:115} INFO - [2022-06-27 05:08:30,077] {dag.py:2379} INFO - Sync 2 DAGs
[2022-06-27 05:08:30,185] {logging_mixin.py:115} INFO - [2022-06-27 05:08:30,184] {dag.py:2927} INFO - Setting next_dagrun for example_external_task_marker_child to None, run_after=None
[2022-06-27 05:08:30,185] {logging_mixin.py:115} INFO - [2022-06-27 05:08:30,185] {dag.py:2927} INFO - Setting next_dagrun for example_external_task_marker_parent to None, run_after=None
[2022-06-27 05:08:30,246] {processor.py:161} INFO - Processing /home/ubuntu/airflow/airflow_env/lib/python3.8/site-packages/airflow/example_dags/example_external_task_marker_dag.py took 0.353 seconds
[2022-06-27 05:09:26,399] {processor.py:153} INFO - Started process (PID=151820) to work on /home/ubuntu/airflow/airflow_env/lib/python3.8/site-packages/airflow/example_dags/example_external_task_marker_dag.py
[2022-06-27 05:09:26,405] {processor.py:641} INFO - Processing file /home/ubuntu/airflow/airflow_env/lib/python3.8/site-packages/airflow/example_dags/example_external_task_marker_dag.py for tasks to queue
[2022-06-27 05:09:26,406] {logging_mixin.py:115} INFO - [2022-06-27 05:09:26,406] {dagbag.py:507} INFO - Filling up the DagBag from /home/ubuntu/airflow/airflow_env/lib/python3.8/site-packages/airflow/example_dags/example_external_task_marker_dag.py
[2022-06-27 05:09:26,427] {processor.py:651} INFO - DAG(s) dict_keys(['example_external_task_marker_parent', 'example_external_task_marker_child']) retrieved from /home/ubuntu/airflow/airflow_env/lib/python3.8/site-packages/airflow/example_dags/example_external_task_marker_dag.py
[2022-06-27 05:09:26,495] {logging_mixin.py:115} INFO - [2022-06-27 05:09:26,495] {dag.py:2379} INFO - Sync 2 DAGs
[2022-06-27 05:09:26,525] {logging_mixin.py:115} INFO - [2022-06-27 05:09:26,525] {dag.py:2927} INFO - Setting next_dagrun for example_external_task_marker_child to None, run_after=None
[2022-06-27 05:09:26,525] {logging_mixin.py:115} INFO - [2022-06-27 05:09:26,525] {dag.py:2927} INFO - Setting next_dagrun for example_external_task_marker_parent to None, run_after=None
[2022-06-27 05:09:26,556] {processor.py:161} INFO - Processing /home/ubuntu/airflow/airflow_env/lib/python3.8/site-packages/airflow/example_dags/example_external_task_marker_dag.py took 0.174 seconds
[2022-06-27 05:10:19,304] {processor.py:153} INFO - Started process (PID=151881) to work on /home/ubuntu/airflow/airflow_env/lib/python3.8/site-packages/airflow/example_dags/example_external_task_marker_dag.py
[2022-06-27 05:10:19,305] {processor.py:641} INFO - Processing file /home/ubuntu/airflow/airflow_env/lib/python3.8/site-packages/airflow/example_dags/example_external_task_marker_dag.py for tasks to queue
[2022-06-27 05:10:19,307] {logging_mixin.py:115} INFO - [2022-06-27 05:10:19,306] {dagbag.py:507} INFO - Filling up the DagBag from /home/ubuntu/airflow/airflow_env/lib/python3.8/site-packages/airflow/example_dags/example_external_task_marker_dag.py
[2022-06-27 05:10:19,349] {processor.py:651} INFO - DAG(s) dict_keys(['example_external_task_marker_parent', 'example_external_task_marker_child']) retrieved from /home/ubuntu/airflow/airflow_env/lib/python3.8/site-packages/airflow/example_dags/example_external_task_marker_dag.py
[2022-06-27 05:10:19,495] {logging_mixin.py:115} INFO - [2022-06-27 05:10:19,495] {dag.py:2379} INFO - Sync 2 DAGs
[2022-06-27 05:10:19,553] {logging_mixin.py:115} INFO - [2022-06-27 05:10:19,553] {dag.py:2927} INFO - Setting next_dagrun for example_external_task_marker_child to None, run_after=None
[2022-06-27 05:10:19,554] {logging_mixin.py:115} INFO - [2022-06-27 05:10:19,553] {dag.py:2927} INFO - Setting next_dagrun for example_external_task_marker_parent to None, run_after=None
[2022-06-27 05:10:19,608] {processor.py:161} INFO - Processing /home/ubuntu/airflow/airflow_env/lib/python3.8/site-packages/airflow/example_dags/example_external_task_marker_dag.py took 0.340 seconds
[2022-06-27 05:11:02,067] {processor.py:153} INFO - Started process (PID=151922) to work on /home/ubuntu/airflow/airflow_env/lib/python3.8/site-packages/airflow/example_dags/example_external_task_marker_dag.py
[2022-06-27 05:11:02,074] {processor.py:641} INFO - Processing file /home/ubuntu/airflow/airflow_env/lib/python3.8/site-packages/airflow/example_dags/example_external_task_marker_dag.py for tasks to queue
[2022-06-27 05:11:02,076] {logging_mixin.py:115} INFO - [2022-06-27 05:11:02,075] {dagbag.py:507} INFO - Filling up the DagBag from /home/ubuntu/airflow/airflow_env/lib/python3.8/site-packages/airflow/example_dags/example_external_task_marker_dag.py
[2022-06-27 05:11:02,107] {processor.py:651} INFO - DAG(s) dict_keys(['example_external_task_marker_parent', 'example_external_task_marker_child']) retrieved from /home/ubuntu/airflow/airflow_env/lib/python3.8/site-packages/airflow/example_dags/example_external_task_marker_dag.py
[2022-06-27 05:11:02,405] {logging_mixin.py:115} INFO - [2022-06-27 05:11:02,405] {dag.py:2379} INFO - Sync 2 DAGs
[2022-06-27 05:11:02,465] {logging_mixin.py:115} INFO - [2022-06-27 05:11:02,465] {dag.py:2927} INFO - Setting next_dagrun for example_external_task_marker_child to None, run_after=None
[2022-06-27 05:11:02,469] {logging_mixin.py:115} INFO - [2022-06-27 05:11:02,465] {dag.py:2927} INFO - Setting next_dagrun for example_external_task_marker_parent to None, run_after=None
[2022-06-27 05:11:02,532] {processor.py:161} INFO - Processing /home/ubuntu/airflow/airflow_env/lib/python3.8/site-packages/airflow/example_dags/example_external_task_marker_dag.py took 0.492 seconds
[2022-06-27 05:11:55,545] {processor.py:153} INFO - Started process (PID=151964) to work on /home/ubuntu/airflow/airflow_env/lib/python3.8/site-packages/airflow/example_dags/example_external_task_marker_dag.py
[2022-06-27 05:11:55,545] {processor.py:641} INFO - Processing file /home/ubuntu/airflow/airflow_env/lib/python3.8/site-packages/airflow/example_dags/example_external_task_marker_dag.py for tasks to queue
[2022-06-27 05:11:55,546] {logging_mixin.py:115} INFO - [2022-06-27 05:11:55,546] {dagbag.py:507} INFO - Filling up the DagBag from /home/ubuntu/airflow/airflow_env/lib/python3.8/site-packages/airflow/example_dags/example_external_task_marker_dag.py
[2022-06-27 05:11:55,569] {processor.py:651} INFO - DAG(s) dict_keys(['example_external_task_marker_parent', 'example_external_task_marker_child']) retrieved from /home/ubuntu/airflow/airflow_env/lib/python3.8/site-packages/airflow/example_dags/example_external_task_marker_dag.py
[2022-06-27 05:11:55,753] {logging_mixin.py:115} INFO - [2022-06-27 05:11:55,753] {dag.py:2379} INFO - Sync 2 DAGs
[2022-06-27 05:11:55,814] {logging_mixin.py:115} INFO - [2022-06-27 05:11:55,814] {dag.py:2927} INFO - Setting next_dagrun for example_external_task_marker_child to None, run_after=None
[2022-06-27 05:11:55,815] {logging_mixin.py:115} INFO - [2022-06-27 05:11:55,815] {dag.py:2927} INFO - Setting next_dagrun for example_external_task_marker_parent to None, run_after=None
[2022-06-27 05:11:55,857] {processor.py:161} INFO - Processing /home/ubuntu/airflow/airflow_env/lib/python3.8/site-packages/airflow/example_dags/example_external_task_marker_dag.py took 0.322 seconds
[2022-06-27 05:12:53,562] {processor.py:153} INFO - Started process (PID=152008) to work on /home/ubuntu/airflow/airflow_env/lib/python3.8/site-packages/airflow/example_dags/example_external_task_marker_dag.py
[2022-06-27 05:12:53,563] {processor.py:641} INFO - Processing file /home/ubuntu/airflow/airflow_env/lib/python3.8/site-packages/airflow/example_dags/example_external_task_marker_dag.py for tasks to queue
[2022-06-27 05:12:53,564] {logging_mixin.py:115} INFO - [2022-06-27 05:12:53,563] {dagbag.py:507} INFO - Filling up the DagBag from /home/ubuntu/airflow/airflow_env/lib/python3.8/site-packages/airflow/example_dags/example_external_task_marker_dag.py
[2022-06-27 05:12:53,588] {processor.py:651} INFO - DAG(s) dict_keys(['example_external_task_marker_parent', 'example_external_task_marker_child']) retrieved from /home/ubuntu/airflow/airflow_env/lib/python3.8/site-packages/airflow/example_dags/example_external_task_marker_dag.py
[2022-06-27 05:12:53,732] {logging_mixin.py:115} INFO - [2022-06-27 05:12:53,731] {dag.py:2379} INFO - Sync 2 DAGs
[2022-06-27 05:12:53,804] {logging_mixin.py:115} INFO - [2022-06-27 05:12:53,804] {dag.py:2927} INFO - Setting next_dagrun for example_external_task_marker_child to None, run_after=None
[2022-06-27 05:12:53,804] {logging_mixin.py:115} INFO - [2022-06-27 05:12:53,804] {dag.py:2927} INFO - Setting next_dagrun for example_external_task_marker_parent to None, run_after=None
[2022-06-27 05:12:53,847] {processor.py:161} INFO - Processing /home/ubuntu/airflow/airflow_env/lib/python3.8/site-packages/airflow/example_dags/example_external_task_marker_dag.py took 0.303 seconds
[2022-06-27 05:13:46,224] {processor.py:153} INFO - Started process (PID=152050) to work on /home/ubuntu/airflow/airflow_env/lib/python3.8/site-packages/airflow/example_dags/example_external_task_marker_dag.py
[2022-06-27 05:13:46,226] {processor.py:641} INFO - Processing file /home/ubuntu/airflow/airflow_env/lib/python3.8/site-packages/airflow/example_dags/example_external_task_marker_dag.py for tasks to queue
[2022-06-27 05:13:46,227] {logging_mixin.py:115} INFO - [2022-06-27 05:13:46,227] {dagbag.py:507} INFO - Filling up the DagBag from /home/ubuntu/airflow/airflow_env/lib/python3.8/site-packages/airflow/example_dags/example_external_task_marker_dag.py
[2022-06-27 05:13:46,256] {processor.py:651} INFO - DAG(s) dict_keys(['example_external_task_marker_parent', 'example_external_task_marker_child']) retrieved from /home/ubuntu/airflow/airflow_env/lib/python3.8/site-packages/airflow/example_dags/example_external_task_marker_dag.py
[2022-06-27 05:13:46,361] {logging_mixin.py:115} INFO - [2022-06-27 05:13:46,361] {dag.py:2379} INFO - Sync 2 DAGs
[2022-06-27 05:13:46,455] {logging_mixin.py:115} INFO - [2022-06-27 05:13:46,455] {dag.py:2927} INFO - Setting next_dagrun for example_external_task_marker_child to None, run_after=None
[2022-06-27 05:13:46,456] {logging_mixin.py:115} INFO - [2022-06-27 05:13:46,456] {dag.py:2927} INFO - Setting next_dagrun for example_external_task_marker_parent to None, run_after=None
[2022-06-27 05:13:46,523] {processor.py:161} INFO - Processing /home/ubuntu/airflow/airflow_env/lib/python3.8/site-packages/airflow/example_dags/example_external_task_marker_dag.py took 0.320 seconds
[2022-06-27 05:14:37,427] {processor.py:153} INFO - Started process (PID=152091) to work on /home/ubuntu/airflow/airflow_env/lib/python3.8/site-packages/airflow/example_dags/example_external_task_marker_dag.py
[2022-06-27 05:14:37,430] {processor.py:641} INFO - Processing file /home/ubuntu/airflow/airflow_env/lib/python3.8/site-packages/airflow/example_dags/example_external_task_marker_dag.py for tasks to queue
[2022-06-27 05:14:37,432] {logging_mixin.py:115} INFO - [2022-06-27 05:14:37,432] {dagbag.py:507} INFO - Filling up the DagBag from /home/ubuntu/airflow/airflow_env/lib/python3.8/site-packages/airflow/example_dags/example_external_task_marker_dag.py
[2022-06-27 05:14:37,455] {processor.py:651} INFO - DAG(s) dict_keys(['example_external_task_marker_parent', 'example_external_task_marker_child']) retrieved from /home/ubuntu/airflow/airflow_env/lib/python3.8/site-packages/airflow/example_dags/example_external_task_marker_dag.py
[2022-06-27 05:14:37,614] {logging_mixin.py:115} INFO - [2022-06-27 05:14:37,614] {dag.py:2379} INFO - Sync 2 DAGs
[2022-06-27 05:14:37,716] {logging_mixin.py:115} INFO - [2022-06-27 05:14:37,715] {dag.py:2927} INFO - Setting next_dagrun for example_external_task_marker_child to None, run_after=None
[2022-06-27 05:14:37,716] {logging_mixin.py:115} INFO - [2022-06-27 05:14:37,716] {dag.py:2927} INFO - Setting next_dagrun for example_external_task_marker_parent to None, run_after=None
[2022-06-27 05:14:37,757] {processor.py:161} INFO - Processing /home/ubuntu/airflow/airflow_env/lib/python3.8/site-packages/airflow/example_dags/example_external_task_marker_dag.py took 0.350 seconds
[2022-06-27 05:15:28,995] {processor.py:153} INFO - Started process (PID=152130) to work on /home/ubuntu/airflow/airflow_env/lib/python3.8/site-packages/airflow/example_dags/example_external_task_marker_dag.py
[2022-06-27 05:15:28,997] {processor.py:641} INFO - Processing file /home/ubuntu/airflow/airflow_env/lib/python3.8/site-packages/airflow/example_dags/example_external_task_marker_dag.py for tasks to queue
[2022-06-27 05:15:29,000] {logging_mixin.py:115} INFO - [2022-06-27 05:15:29,000] {dagbag.py:507} INFO - Filling up the DagBag from /home/ubuntu/airflow/airflow_env/lib/python3.8/site-packages/airflow/example_dags/example_external_task_marker_dag.py
[2022-06-27 05:15:29,032] {processor.py:651} INFO - DAG(s) dict_keys(['example_external_task_marker_parent', 'example_external_task_marker_child']) retrieved from /home/ubuntu/airflow/airflow_env/lib/python3.8/site-packages/airflow/example_dags/example_external_task_marker_dag.py
[2022-06-27 05:15:29,191] {logging_mixin.py:115} INFO - [2022-06-27 05:15:29,191] {dag.py:2379} INFO - Sync 2 DAGs
[2022-06-27 05:15:29,303] {logging_mixin.py:115} INFO - [2022-06-27 05:15:29,303] {dag.py:2927} INFO - Setting next_dagrun for example_external_task_marker_child to None, run_after=None
[2022-06-27 05:15:29,304] {logging_mixin.py:115} INFO - [2022-06-27 05:15:29,304] {dag.py:2927} INFO - Setting next_dagrun for example_external_task_marker_parent to None, run_after=None
[2022-06-27 05:15:29,383] {processor.py:161} INFO - Processing /home/ubuntu/airflow/airflow_env/lib/python3.8/site-packages/airflow/example_dags/example_external_task_marker_dag.py took 0.407 seconds
[2022-06-27 05:16:21,770] {processor.py:153} INFO - Started process (PID=152179) to work on /home/ubuntu/airflow/airflow_env/lib/python3.8/site-packages/airflow/example_dags/example_external_task_marker_dag.py
[2022-06-27 05:16:21,775] {processor.py:641} INFO - Processing file /home/ubuntu/airflow/airflow_env/lib/python3.8/site-packages/airflow/example_dags/example_external_task_marker_dag.py for tasks to queue
[2022-06-27 05:16:21,777] {logging_mixin.py:115} INFO - [2022-06-27 05:16:21,776] {dagbag.py:507} INFO - Filling up the DagBag from /home/ubuntu/airflow/airflow_env/lib/python3.8/site-packages/airflow/example_dags/example_external_task_marker_dag.py
[2022-06-27 05:16:21,792] {processor.py:651} INFO - DAG(s) dict_keys(['example_external_task_marker_parent', 'example_external_task_marker_child']) retrieved from /home/ubuntu/airflow/airflow_env/lib/python3.8/site-packages/airflow/example_dags/example_external_task_marker_dag.py
[2022-06-27 05:16:21,889] {logging_mixin.py:115} INFO - [2022-06-27 05:16:21,889] {dag.py:2379} INFO - Sync 2 DAGs
[2022-06-27 05:16:21,968] {logging_mixin.py:115} INFO - [2022-06-27 05:16:21,968] {dag.py:2927} INFO - Setting next_dagrun for example_external_task_marker_child to None, run_after=None
[2022-06-27 05:16:21,969] {logging_mixin.py:115} INFO - [2022-06-27 05:16:21,969] {dag.py:2927} INFO - Setting next_dagrun for example_external_task_marker_parent to None, run_after=None
[2022-06-27 05:16:22,012] {processor.py:161} INFO - Processing /home/ubuntu/airflow/airflow_env/lib/python3.8/site-packages/airflow/example_dags/example_external_task_marker_dag.py took 0.255 seconds
[2022-06-27 05:17:11,724] {processor.py:153} INFO - Started process (PID=152222) to work on /home/ubuntu/airflow/airflow_env/lib/python3.8/site-packages/airflow/example_dags/example_external_task_marker_dag.py
[2022-06-27 05:17:11,726] {processor.py:641} INFO - Processing file /home/ubuntu/airflow/airflow_env/lib/python3.8/site-packages/airflow/example_dags/example_external_task_marker_dag.py for tasks to queue
[2022-06-27 05:17:11,728] {logging_mixin.py:115} INFO - [2022-06-27 05:17:11,727] {dagbag.py:507} INFO - Filling up the DagBag from /home/ubuntu/airflow/airflow_env/lib/python3.8/site-packages/airflow/example_dags/example_external_task_marker_dag.py
[2022-06-27 05:17:11,743] {processor.py:651} INFO - DAG(s) dict_keys(['example_external_task_marker_parent', 'example_external_task_marker_child']) retrieved from /home/ubuntu/airflow/airflow_env/lib/python3.8/site-packages/airflow/example_dags/example_external_task_marker_dag.py
[2022-06-27 05:17:11,825] {logging_mixin.py:115} INFO - [2022-06-27 05:17:11,825] {dag.py:2379} INFO - Sync 2 DAGs
[2022-06-27 05:17:11,861] {logging_mixin.py:115} INFO - [2022-06-27 05:17:11,861] {dag.py:2927} INFO - Setting next_dagrun for example_external_task_marker_child to None, run_after=None
[2022-06-27 05:17:11,862] {logging_mixin.py:115} INFO - [2022-06-27 05:17:11,862] {dag.py:2927} INFO - Setting next_dagrun for example_external_task_marker_parent to None, run_after=None
[2022-06-27 05:17:11,887] {processor.py:161} INFO - Processing /home/ubuntu/airflow/airflow_env/lib/python3.8/site-packages/airflow/example_dags/example_external_task_marker_dag.py took 0.183 seconds
[2022-06-27 05:18:04,102] {processor.py:153} INFO - Started process (PID=152263) to work on /home/ubuntu/airflow/airflow_env/lib/python3.8/site-packages/airflow/example_dags/example_external_task_marker_dag.py
[2022-06-27 05:18:04,103] {processor.py:641} INFO - Processing file /home/ubuntu/airflow/airflow_env/lib/python3.8/site-packages/airflow/example_dags/example_external_task_marker_dag.py for tasks to queue
[2022-06-27 05:18:04,104] {logging_mixin.py:115} INFO - [2022-06-27 05:18:04,104] {dagbag.py:507} INFO - Filling up the DagBag from /home/ubuntu/airflow/airflow_env/lib/python3.8/site-packages/airflow/example_dags/example_external_task_marker_dag.py
[2022-06-27 05:18:04,135] {processor.py:651} INFO - DAG(s) dict_keys(['example_external_task_marker_parent', 'example_external_task_marker_child']) retrieved from /home/ubuntu/airflow/airflow_env/lib/python3.8/site-packages/airflow/example_dags/example_external_task_marker_dag.py
[2022-06-27 05:18:04,272] {logging_mixin.py:115} INFO - [2022-06-27 05:18:04,272] {dag.py:2379} INFO - Sync 2 DAGs
[2022-06-27 05:18:04,322] {logging_mixin.py:115} INFO - [2022-06-27 05:18:04,322] {dag.py:2927} INFO - Setting next_dagrun for example_external_task_marker_child to None, run_after=None
[2022-06-27 05:18:04,323] {logging_mixin.py:115} INFO - [2022-06-27 05:18:04,322] {dag.py:2927} INFO - Setting next_dagrun for example_external_task_marker_parent to None, run_after=None
[2022-06-27 05:18:04,356] {processor.py:161} INFO - Processing /home/ubuntu/airflow/airflow_env/lib/python3.8/site-packages/airflow/example_dags/example_external_task_marker_dag.py took 0.274 seconds
[2022-06-27 05:18:53,586] {processor.py:153} INFO - Started process (PID=152303) to work on /home/ubuntu/airflow/airflow_env/lib/python3.8/site-packages/airflow/example_dags/example_external_task_marker_dag.py
[2022-06-27 05:18:53,596] {processor.py:641} INFO - Processing file /home/ubuntu/airflow/airflow_env/lib/python3.8/site-packages/airflow/example_dags/example_external_task_marker_dag.py for tasks to queue
[2022-06-27 05:18:53,601] {logging_mixin.py:115} INFO - [2022-06-27 05:18:53,600] {dagbag.py:507} INFO - Filling up the DagBag from /home/ubuntu/airflow/airflow_env/lib/python3.8/site-packages/airflow/example_dags/example_external_task_marker_dag.py
[2022-06-27 05:18:53,651] {processor.py:651} INFO - DAG(s) dict_keys(['example_external_task_marker_parent', 'example_external_task_marker_child']) retrieved from /home/ubuntu/airflow/airflow_env/lib/python3.8/site-packages/airflow/example_dags/example_external_task_marker_dag.py
[2022-06-27 05:18:53,735] {logging_mixin.py:115} INFO - [2022-06-27 05:18:53,735] {dag.py:2379} INFO - Sync 2 DAGs
[2022-06-27 05:18:53,777] {logging_mixin.py:115} INFO - [2022-06-27 05:18:53,777] {dag.py:2927} INFO - Setting next_dagrun for example_external_task_marker_child to None, run_after=None
[2022-06-27 05:18:53,778] {logging_mixin.py:115} INFO - [2022-06-27 05:18:53,778] {dag.py:2927} INFO - Setting next_dagrun for example_external_task_marker_parent to None, run_after=None
[2022-06-27 05:18:53,799] {processor.py:161} INFO - Processing /home/ubuntu/airflow/airflow_env/lib/python3.8/site-packages/airflow/example_dags/example_external_task_marker_dag.py took 0.228 seconds
[2022-06-27 05:19:41,908] {processor.py:153} INFO - Started process (PID=152341) to work on /home/ubuntu/airflow/airflow_env/lib/python3.8/site-packages/airflow/example_dags/example_external_task_marker_dag.py
[2022-06-27 05:19:41,910] {processor.py:641} INFO - Processing file /home/ubuntu/airflow/airflow_env/lib/python3.8/site-packages/airflow/example_dags/example_external_task_marker_dag.py for tasks to queue
[2022-06-27 05:19:41,912] {logging_mixin.py:115} INFO - [2022-06-27 05:19:41,912] {dagbag.py:507} INFO - Filling up the DagBag from /home/ubuntu/airflow/airflow_env/lib/python3.8/site-packages/airflow/example_dags/example_external_task_marker_dag.py
[2022-06-27 05:19:41,961] {processor.py:651} INFO - DAG(s) dict_keys(['example_external_task_marker_parent', 'example_external_task_marker_child']) retrieved from /home/ubuntu/airflow/airflow_env/lib/python3.8/site-packages/airflow/example_dags/example_external_task_marker_dag.py
[2022-06-27 05:19:42,107] {logging_mixin.py:115} INFO - [2022-06-27 05:19:42,106] {dag.py:2379} INFO - Sync 2 DAGs
[2022-06-27 05:19:42,192] {logging_mixin.py:115} INFO - [2022-06-27 05:19:42,192] {dag.py:2927} INFO - Setting next_dagrun for example_external_task_marker_child to None, run_after=None
[2022-06-27 05:19:42,199] {logging_mixin.py:115} INFO - [2022-06-27 05:19:42,193] {dag.py:2927} INFO - Setting next_dagrun for example_external_task_marker_parent to None, run_after=None
[2022-06-27 05:19:42,296] {processor.py:161} INFO - Processing /home/ubuntu/airflow/airflow_env/lib/python3.8/site-packages/airflow/example_dags/example_external_task_marker_dag.py took 0.415 seconds
[2022-06-27 05:20:34,146] {processor.py:153} INFO - Started process (PID=152379) to work on /home/ubuntu/airflow/airflow_env/lib/python3.8/site-packages/airflow/example_dags/example_external_task_marker_dag.py
[2022-06-27 05:20:34,148] {processor.py:641} INFO - Processing file /home/ubuntu/airflow/airflow_env/lib/python3.8/site-packages/airflow/example_dags/example_external_task_marker_dag.py for tasks to queue
[2022-06-27 05:20:34,149] {logging_mixin.py:115} INFO - [2022-06-27 05:20:34,149] {dagbag.py:507} INFO - Filling up the DagBag from /home/ubuntu/airflow/airflow_env/lib/python3.8/site-packages/airflow/example_dags/example_external_task_marker_dag.py
[2022-06-27 05:20:34,165] {processor.py:651} INFO - DAG(s) dict_keys(['example_external_task_marker_parent', 'example_external_task_marker_child']) retrieved from /home/ubuntu/airflow/airflow_env/lib/python3.8/site-packages/airflow/example_dags/example_external_task_marker_dag.py
[2022-06-27 05:20:34,243] {logging_mixin.py:115} INFO - [2022-06-27 05:20:34,243] {dag.py:2379} INFO - Sync 2 DAGs
[2022-06-27 05:20:34,319] {logging_mixin.py:115} INFO - [2022-06-27 05:20:34,319] {dag.py:2927} INFO - Setting next_dagrun for example_external_task_marker_child to None, run_after=None
[2022-06-27 05:20:34,320] {logging_mixin.py:115} INFO - [2022-06-27 05:20:34,320] {dag.py:2927} INFO - Setting next_dagrun for example_external_task_marker_parent to None, run_after=None
[2022-06-27 05:20:34,398] {processor.py:161} INFO - Processing /home/ubuntu/airflow/airflow_env/lib/python3.8/site-packages/airflow/example_dags/example_external_task_marker_dag.py took 0.264 seconds
[2022-06-27 05:21:24,846] {processor.py:153} INFO - Started process (PID=152427) to work on /home/ubuntu/airflow/airflow_env/lib/python3.8/site-packages/airflow/example_dags/example_external_task_marker_dag.py
[2022-06-27 05:21:24,849] {processor.py:641} INFO - Processing file /home/ubuntu/airflow/airflow_env/lib/python3.8/site-packages/airflow/example_dags/example_external_task_marker_dag.py for tasks to queue
[2022-06-27 05:21:24,851] {logging_mixin.py:115} INFO - [2022-06-27 05:21:24,851] {dagbag.py:507} INFO - Filling up the DagBag from /home/ubuntu/airflow/airflow_env/lib/python3.8/site-packages/airflow/example_dags/example_external_task_marker_dag.py
[2022-06-27 05:21:24,898] {processor.py:651} INFO - DAG(s) dict_keys(['example_external_task_marker_parent', 'example_external_task_marker_child']) retrieved from /home/ubuntu/airflow/airflow_env/lib/python3.8/site-packages/airflow/example_dags/example_external_task_marker_dag.py
[2022-06-27 05:21:25,237] {logging_mixin.py:115} INFO - [2022-06-27 05:21:25,237] {dag.py:2379} INFO - Sync 2 DAGs
[2022-06-27 05:21:25,290] {logging_mixin.py:115} INFO - [2022-06-27 05:21:25,290] {dag.py:2927} INFO - Setting next_dagrun for example_external_task_marker_child to None, run_after=None
[2022-06-27 05:21:25,290] {logging_mixin.py:115} INFO - [2022-06-27 05:21:25,290] {dag.py:2927} INFO - Setting next_dagrun for example_external_task_marker_parent to None, run_after=None
[2022-06-27 05:21:25,340] {processor.py:161} INFO - Processing /home/ubuntu/airflow/airflow_env/lib/python3.8/site-packages/airflow/example_dags/example_external_task_marker_dag.py took 0.531 seconds
[2022-06-27 05:22:19,223] {processor.py:153} INFO - Started process (PID=152472) to work on /home/ubuntu/airflow/airflow_env/lib/python3.8/site-packages/airflow/example_dags/example_external_task_marker_dag.py
[2022-06-27 05:22:19,225] {processor.py:641} INFO - Processing file /home/ubuntu/airflow/airflow_env/lib/python3.8/site-packages/airflow/example_dags/example_external_task_marker_dag.py for tasks to queue
[2022-06-27 05:22:19,226] {logging_mixin.py:115} INFO - [2022-06-27 05:22:19,226] {dagbag.py:507} INFO - Filling up the DagBag from /home/ubuntu/airflow/airflow_env/lib/python3.8/site-packages/airflow/example_dags/example_external_task_marker_dag.py
[2022-06-27 05:22:19,236] {processor.py:651} INFO - DAG(s) dict_keys(['example_external_task_marker_parent', 'example_external_task_marker_child']) retrieved from /home/ubuntu/airflow/airflow_env/lib/python3.8/site-packages/airflow/example_dags/example_external_task_marker_dag.py
[2022-06-27 05:22:19,305] {logging_mixin.py:115} INFO - [2022-06-27 05:22:19,304] {dag.py:2379} INFO - Sync 2 DAGs
[2022-06-27 05:22:19,459] {logging_mixin.py:115} INFO - [2022-06-27 05:22:19,459] {dag.py:2927} INFO - Setting next_dagrun for example_external_task_marker_child to None, run_after=None
[2022-06-27 05:22:19,459] {logging_mixin.py:115} INFO - [2022-06-27 05:22:19,459] {dag.py:2927} INFO - Setting next_dagrun for example_external_task_marker_parent to None, run_after=None
[2022-06-27 05:22:19,507] {processor.py:161} INFO - Processing /home/ubuntu/airflow/airflow_env/lib/python3.8/site-packages/airflow/example_dags/example_external_task_marker_dag.py took 0.297 seconds
[2022-06-27 05:23:10,844] {processor.py:153} INFO - Started process (PID=152513) to work on /home/ubuntu/airflow/airflow_env/lib/python3.8/site-packages/airflow/example_dags/example_external_task_marker_dag.py
[2022-06-27 05:23:10,849] {processor.py:641} INFO - Processing file /home/ubuntu/airflow/airflow_env/lib/python3.8/site-packages/airflow/example_dags/example_external_task_marker_dag.py for tasks to queue
[2022-06-27 05:23:10,851] {logging_mixin.py:115} INFO - [2022-06-27 05:23:10,851] {dagbag.py:507} INFO - Filling up the DagBag from /home/ubuntu/airflow/airflow_env/lib/python3.8/site-packages/airflow/example_dags/example_external_task_marker_dag.py
[2022-06-27 05:23:10,871] {processor.py:651} INFO - DAG(s) dict_keys(['example_external_task_marker_parent', 'example_external_task_marker_child']) retrieved from /home/ubuntu/airflow/airflow_env/lib/python3.8/site-packages/airflow/example_dags/example_external_task_marker_dag.py
[2022-06-27 05:23:11,207] {logging_mixin.py:115} INFO - [2022-06-27 05:23:11,207] {dag.py:2379} INFO - Sync 2 DAGs
[2022-06-27 05:23:11,323] {logging_mixin.py:115} INFO - [2022-06-27 05:23:11,322] {dag.py:2927} INFO - Setting next_dagrun for example_external_task_marker_child to None, run_after=None
[2022-06-27 05:23:11,323] {logging_mixin.py:115} INFO - [2022-06-27 05:23:11,323] {dag.py:2927} INFO - Setting next_dagrun for example_external_task_marker_parent to None, run_after=None
[2022-06-27 05:23:11,366] {processor.py:161} INFO - Processing /home/ubuntu/airflow/airflow_env/lib/python3.8/site-packages/airflow/example_dags/example_external_task_marker_dag.py took 0.547 seconds
[2022-06-27 05:23:58,907] {processor.py:153} INFO - Started process (PID=152558) to work on /home/ubuntu/airflow/airflow_env/lib/python3.8/site-packages/airflow/example_dags/example_external_task_marker_dag.py
[2022-06-27 05:23:58,919] {processor.py:641} INFO - Processing file /home/ubuntu/airflow/airflow_env/lib/python3.8/site-packages/airflow/example_dags/example_external_task_marker_dag.py for tasks to queue
[2022-06-27 05:23:58,921] {logging_mixin.py:115} INFO - [2022-06-27 05:23:58,921] {dagbag.py:507} INFO - Filling up the DagBag from /home/ubuntu/airflow/airflow_env/lib/python3.8/site-packages/airflow/example_dags/example_external_task_marker_dag.py
[2022-06-27 05:23:59,022] {processor.py:651} INFO - DAG(s) dict_keys(['example_external_task_marker_parent', 'example_external_task_marker_child']) retrieved from /home/ubuntu/airflow/airflow_env/lib/python3.8/site-packages/airflow/example_dags/example_external_task_marker_dag.py
[2022-06-27 05:23:59,251] {logging_mixin.py:115} INFO - [2022-06-27 05:23:59,251] {dag.py:2379} INFO - Sync 2 DAGs
[2022-06-27 05:23:59,442] {logging_mixin.py:115} INFO - [2022-06-27 05:23:59,442] {dag.py:2927} INFO - Setting next_dagrun for example_external_task_marker_child to None, run_after=None
[2022-06-27 05:23:59,444] {logging_mixin.py:115} INFO - [2022-06-27 05:23:59,443] {dag.py:2927} INFO - Setting next_dagrun for example_external_task_marker_parent to None, run_after=None
[2022-06-27 05:23:59,527] {processor.py:161} INFO - Processing /home/ubuntu/airflow/airflow_env/lib/python3.8/site-packages/airflow/example_dags/example_external_task_marker_dag.py took 0.650 seconds
[2022-06-27 05:24:46,119] {processor.py:153} INFO - Started process (PID=152596) to work on /home/ubuntu/airflow/airflow_env/lib/python3.8/site-packages/airflow/example_dags/example_external_task_marker_dag.py
[2022-06-27 05:24:46,123] {processor.py:641} INFO - Processing file /home/ubuntu/airflow/airflow_env/lib/python3.8/site-packages/airflow/example_dags/example_external_task_marker_dag.py for tasks to queue
[2022-06-27 05:24:46,124] {logging_mixin.py:115} INFO - [2022-06-27 05:24:46,124] {dagbag.py:507} INFO - Filling up the DagBag from /home/ubuntu/airflow/airflow_env/lib/python3.8/site-packages/airflow/example_dags/example_external_task_marker_dag.py
[2022-06-27 05:24:46,156] {processor.py:651} INFO - DAG(s) dict_keys(['example_external_task_marker_parent', 'example_external_task_marker_child']) retrieved from /home/ubuntu/airflow/airflow_env/lib/python3.8/site-packages/airflow/example_dags/example_external_task_marker_dag.py
[2022-06-27 05:24:46,404] {logging_mixin.py:115} INFO - [2022-06-27 05:24:46,402] {dag.py:2379} INFO - Sync 2 DAGs
[2022-06-27 05:24:46,478] {logging_mixin.py:115} INFO - [2022-06-27 05:24:46,477] {dag.py:2927} INFO - Setting next_dagrun for example_external_task_marker_child to None, run_after=None
[2022-06-27 05:24:46,479] {logging_mixin.py:115} INFO - [2022-06-27 05:24:46,478] {dag.py:2927} INFO - Setting next_dagrun for example_external_task_marker_parent to None, run_after=None
[2022-06-27 05:24:46,511] {processor.py:161} INFO - Processing /home/ubuntu/airflow/airflow_env/lib/python3.8/site-packages/airflow/example_dags/example_external_task_marker_dag.py took 0.419 seconds
[2022-06-27 05:25:38,656] {processor.py:153} INFO - Started process (PID=152633) to work on /home/ubuntu/airflow/airflow_env/lib/python3.8/site-packages/airflow/example_dags/example_external_task_marker_dag.py
[2022-06-27 05:25:38,664] {processor.py:641} INFO - Processing file /home/ubuntu/airflow/airflow_env/lib/python3.8/site-packages/airflow/example_dags/example_external_task_marker_dag.py for tasks to queue
[2022-06-27 05:25:38,667] {logging_mixin.py:115} INFO - [2022-06-27 05:25:38,665] {dagbag.py:507} INFO - Filling up the DagBag from /home/ubuntu/airflow/airflow_env/lib/python3.8/site-packages/airflow/example_dags/example_external_task_marker_dag.py
[2022-06-27 05:25:38,705] {processor.py:651} INFO - DAG(s) dict_keys(['example_external_task_marker_parent', 'example_external_task_marker_child']) retrieved from /home/ubuntu/airflow/airflow_env/lib/python3.8/site-packages/airflow/example_dags/example_external_task_marker_dag.py
[2022-06-27 05:25:38,867] {logging_mixin.py:115} INFO - [2022-06-27 05:25:38,867] {dag.py:2379} INFO - Sync 2 DAGs
[2022-06-27 05:25:38,918] {logging_mixin.py:115} INFO - [2022-06-27 05:25:38,918] {dag.py:2927} INFO - Setting next_dagrun for example_external_task_marker_child to None, run_after=None
[2022-06-27 05:25:38,919] {logging_mixin.py:115} INFO - [2022-06-27 05:25:38,919] {dag.py:2927} INFO - Setting next_dagrun for example_external_task_marker_parent to None, run_after=None
[2022-06-27 05:25:38,993] {processor.py:161} INFO - Processing /home/ubuntu/airflow/airflow_env/lib/python3.8/site-packages/airflow/example_dags/example_external_task_marker_dag.py took 0.371 seconds
[2022-06-27 05:26:27,679] {processor.py:153} INFO - Started process (PID=152671) to work on /home/ubuntu/airflow/airflow_env/lib/python3.8/site-packages/airflow/example_dags/example_external_task_marker_dag.py
[2022-06-27 05:26:27,686] {processor.py:641} INFO - Processing file /home/ubuntu/airflow/airflow_env/lib/python3.8/site-packages/airflow/example_dags/example_external_task_marker_dag.py for tasks to queue
[2022-06-27 05:26:27,687] {logging_mixin.py:115} INFO - [2022-06-27 05:26:27,687] {dagbag.py:507} INFO - Filling up the DagBag from /home/ubuntu/airflow/airflow_env/lib/python3.8/site-packages/airflow/example_dags/example_external_task_marker_dag.py
[2022-06-27 05:26:27,712] {processor.py:651} INFO - DAG(s) dict_keys(['example_external_task_marker_parent', 'example_external_task_marker_child']) retrieved from /home/ubuntu/airflow/airflow_env/lib/python3.8/site-packages/airflow/example_dags/example_external_task_marker_dag.py
[2022-06-27 05:26:27,832] {logging_mixin.py:115} INFO - [2022-06-27 05:26:27,832] {dag.py:2379} INFO - Sync 2 DAGs
[2022-06-27 05:26:27,981] {logging_mixin.py:115} INFO - [2022-06-27 05:26:27,980] {dag.py:2927} INFO - Setting next_dagrun for example_external_task_marker_child to None, run_after=None
[2022-06-27 05:26:27,984] {logging_mixin.py:115} INFO - [2022-06-27 05:26:27,983] {dag.py:2927} INFO - Setting next_dagrun for example_external_task_marker_parent to None, run_after=None
[2022-06-27 05:26:28,037] {processor.py:161} INFO - Processing /home/ubuntu/airflow/airflow_env/lib/python3.8/site-packages/airflow/example_dags/example_external_task_marker_dag.py took 0.389 seconds
[2022-06-27 05:27:12,259] {processor.py:153} INFO - Started process (PID=152708) to work on /home/ubuntu/airflow/airflow_env/lib/python3.8/site-packages/airflow/example_dags/example_external_task_marker_dag.py
[2022-06-27 05:27:12,261] {processor.py:641} INFO - Processing file /home/ubuntu/airflow/airflow_env/lib/python3.8/site-packages/airflow/example_dags/example_external_task_marker_dag.py for tasks to queue
[2022-06-27 05:27:12,262] {logging_mixin.py:115} INFO - [2022-06-27 05:27:12,262] {dagbag.py:507} INFO - Filling up the DagBag from /home/ubuntu/airflow/airflow_env/lib/python3.8/site-packages/airflow/example_dags/example_external_task_marker_dag.py
[2022-06-27 05:27:12,300] {processor.py:651} INFO - DAG(s) dict_keys(['example_external_task_marker_parent', 'example_external_task_marker_child']) retrieved from /home/ubuntu/airflow/airflow_env/lib/python3.8/site-packages/airflow/example_dags/example_external_task_marker_dag.py
[2022-06-27 05:27:12,459] {logging_mixin.py:115} INFO - [2022-06-27 05:27:12,459] {dag.py:2379} INFO - Sync 2 DAGs
[2022-06-27 05:27:12,555] {logging_mixin.py:115} INFO - [2022-06-27 05:27:12,555] {dag.py:2927} INFO - Setting next_dagrun for example_external_task_marker_child to None, run_after=None
[2022-06-27 05:27:12,556] {logging_mixin.py:115} INFO - [2022-06-27 05:27:12,556] {dag.py:2927} INFO - Setting next_dagrun for example_external_task_marker_parent to None, run_after=None
[2022-06-27 05:27:12,590] {processor.py:161} INFO - Processing /home/ubuntu/airflow/airflow_env/lib/python3.8/site-packages/airflow/example_dags/example_external_task_marker_dag.py took 0.368 seconds
[2022-06-27 05:28:03,528] {processor.py:153} INFO - Started process (PID=152773) to work on /home/ubuntu/airflow/airflow_env/lib/python3.8/site-packages/airflow/example_dags/example_external_task_marker_dag.py
[2022-06-27 05:28:03,536] {processor.py:641} INFO - Processing file /home/ubuntu/airflow/airflow_env/lib/python3.8/site-packages/airflow/example_dags/example_external_task_marker_dag.py for tasks to queue
[2022-06-27 05:28:03,538] {logging_mixin.py:115} INFO - [2022-06-27 05:28:03,538] {dagbag.py:507} INFO - Filling up the DagBag from /home/ubuntu/airflow/airflow_env/lib/python3.8/site-packages/airflow/example_dags/example_external_task_marker_dag.py
[2022-06-27 05:28:03,553] {processor.py:651} INFO - DAG(s) dict_keys(['example_external_task_marker_parent', 'example_external_task_marker_child']) retrieved from /home/ubuntu/airflow/airflow_env/lib/python3.8/site-packages/airflow/example_dags/example_external_task_marker_dag.py
[2022-06-27 05:28:03,723] {logging_mixin.py:115} INFO - [2022-06-27 05:28:03,723] {dag.py:2379} INFO - Sync 2 DAGs
[2022-06-27 05:28:03,794] {logging_mixin.py:115} INFO - [2022-06-27 05:28:03,794] {dag.py:2927} INFO - Setting next_dagrun for example_external_task_marker_child to None, run_after=None
[2022-06-27 05:28:03,795] {logging_mixin.py:115} INFO - [2022-06-27 05:28:03,795] {dag.py:2927} INFO - Setting next_dagrun for example_external_task_marker_parent to None, run_after=None
[2022-06-27 05:28:03,836] {processor.py:161} INFO - Processing /home/ubuntu/airflow/airflow_env/lib/python3.8/site-packages/airflow/example_dags/example_external_task_marker_dag.py took 0.315 seconds
[2022-06-27 05:28:59,678] {processor.py:153} INFO - Started process (PID=152817) to work on /home/ubuntu/airflow/airflow_env/lib/python3.8/site-packages/airflow/example_dags/example_external_task_marker_dag.py
[2022-06-27 05:28:59,682] {processor.py:641} INFO - Processing file /home/ubuntu/airflow/airflow_env/lib/python3.8/site-packages/airflow/example_dags/example_external_task_marker_dag.py for tasks to queue
[2022-06-27 05:28:59,683] {logging_mixin.py:115} INFO - [2022-06-27 05:28:59,683] {dagbag.py:507} INFO - Filling up the DagBag from /home/ubuntu/airflow/airflow_env/lib/python3.8/site-packages/airflow/example_dags/example_external_task_marker_dag.py
[2022-06-27 05:28:59,708] {processor.py:651} INFO - DAG(s) dict_keys(['example_external_task_marker_parent', 'example_external_task_marker_child']) retrieved from /home/ubuntu/airflow/airflow_env/lib/python3.8/site-packages/airflow/example_dags/example_external_task_marker_dag.py
[2022-06-27 05:28:59,836] {logging_mixin.py:115} INFO - [2022-06-27 05:28:59,836] {dag.py:2379} INFO - Sync 2 DAGs
[2022-06-27 05:28:59,913] {logging_mixin.py:115} INFO - [2022-06-27 05:28:59,913] {dag.py:2927} INFO - Setting next_dagrun for example_external_task_marker_child to None, run_after=None
[2022-06-27 05:28:59,914] {logging_mixin.py:115} INFO - [2022-06-27 05:28:59,914] {dag.py:2927} INFO - Setting next_dagrun for example_external_task_marker_parent to None, run_after=None
[2022-06-27 05:28:59,955] {processor.py:161} INFO - Processing /home/ubuntu/airflow/airflow_env/lib/python3.8/site-packages/airflow/example_dags/example_external_task_marker_dag.py took 0.307 seconds
[2022-06-27 05:29:56,955] {processor.py:153} INFO - Started process (PID=152892) to work on /home/ubuntu/airflow/airflow_env/lib/python3.8/site-packages/airflow/example_dags/example_external_task_marker_dag.py
[2022-06-27 05:29:56,957] {processor.py:641} INFO - Processing file /home/ubuntu/airflow/airflow_env/lib/python3.8/site-packages/airflow/example_dags/example_external_task_marker_dag.py for tasks to queue
[2022-06-27 05:29:56,959] {logging_mixin.py:115} INFO - [2022-06-27 05:29:56,958] {dagbag.py:507} INFO - Filling up the DagBag from /home/ubuntu/airflow/airflow_env/lib/python3.8/site-packages/airflow/example_dags/example_external_task_marker_dag.py
[2022-06-27 05:29:56,976] {processor.py:651} INFO - DAG(s) dict_keys(['example_external_task_marker_parent', 'example_external_task_marker_child']) retrieved from /home/ubuntu/airflow/airflow_env/lib/python3.8/site-packages/airflow/example_dags/example_external_task_marker_dag.py
[2022-06-27 05:29:57,070] {logging_mixin.py:115} INFO - [2022-06-27 05:29:57,070] {dag.py:2379} INFO - Sync 2 DAGs
[2022-06-27 05:29:57,111] {logging_mixin.py:115} INFO - [2022-06-27 05:29:57,111] {dag.py:2927} INFO - Setting next_dagrun for example_external_task_marker_child to None, run_after=None
[2022-06-27 05:29:57,111] {logging_mixin.py:115} INFO - [2022-06-27 05:29:57,111] {dag.py:2927} INFO - Setting next_dagrun for example_external_task_marker_parent to None, run_after=None
[2022-06-27 05:29:57,177] {processor.py:161} INFO - Processing /home/ubuntu/airflow/airflow_env/lib/python3.8/site-packages/airflow/example_dags/example_external_task_marker_dag.py took 0.238 seconds
[2022-06-27 05:30:51,441] {processor.py:153} INFO - Started process (PID=152934) to work on /home/ubuntu/airflow/airflow_env/lib/python3.8/site-packages/airflow/example_dags/example_external_task_marker_dag.py
[2022-06-27 05:30:51,448] {processor.py:641} INFO - Processing file /home/ubuntu/airflow/airflow_env/lib/python3.8/site-packages/airflow/example_dags/example_external_task_marker_dag.py for tasks to queue
[2022-06-27 05:30:51,449] {logging_mixin.py:115} INFO - [2022-06-27 05:30:51,448] {dagbag.py:507} INFO - Filling up the DagBag from /home/ubuntu/airflow/airflow_env/lib/python3.8/site-packages/airflow/example_dags/example_external_task_marker_dag.py
[2022-06-27 05:30:51,485] {processor.py:651} INFO - DAG(s) dict_keys(['example_external_task_marker_parent', 'example_external_task_marker_child']) retrieved from /home/ubuntu/airflow/airflow_env/lib/python3.8/site-packages/airflow/example_dags/example_external_task_marker_dag.py
[2022-06-27 05:30:51,620] {logging_mixin.py:115} INFO - [2022-06-27 05:30:51,620] {dag.py:2379} INFO - Sync 2 DAGs
[2022-06-27 05:30:51,676] {logging_mixin.py:115} INFO - [2022-06-27 05:30:51,676] {dag.py:2927} INFO - Setting next_dagrun for example_external_task_marker_child to None, run_after=None
[2022-06-27 05:30:51,677] {logging_mixin.py:115} INFO - [2022-06-27 05:30:51,677] {dag.py:2927} INFO - Setting next_dagrun for example_external_task_marker_parent to None, run_after=None
[2022-06-27 05:30:51,720] {processor.py:161} INFO - Processing /home/ubuntu/airflow/airflow_env/lib/python3.8/site-packages/airflow/example_dags/example_external_task_marker_dag.py took 0.299 seconds
[2022-06-27 05:31:41,885] {processor.py:153} INFO - Started process (PID=152984) to work on /home/ubuntu/airflow/airflow_env/lib/python3.8/site-packages/airflow/example_dags/example_external_task_marker_dag.py
[2022-06-27 05:31:41,886] {processor.py:641} INFO - Processing file /home/ubuntu/airflow/airflow_env/lib/python3.8/site-packages/airflow/example_dags/example_external_task_marker_dag.py for tasks to queue
[2022-06-27 05:31:41,893] {logging_mixin.py:115} INFO - [2022-06-27 05:31:41,893] {dagbag.py:507} INFO - Filling up the DagBag from /home/ubuntu/airflow/airflow_env/lib/python3.8/site-packages/airflow/example_dags/example_external_task_marker_dag.py
[2022-06-27 05:31:41,911] {processor.py:651} INFO - DAG(s) dict_keys(['example_external_task_marker_parent', 'example_external_task_marker_child']) retrieved from /home/ubuntu/airflow/airflow_env/lib/python3.8/site-packages/airflow/example_dags/example_external_task_marker_dag.py
[2022-06-27 05:31:42,034] {logging_mixin.py:115} INFO - [2022-06-27 05:31:42,034] {dag.py:2379} INFO - Sync 2 DAGs
[2022-06-27 05:31:42,110] {logging_mixin.py:115} INFO - [2022-06-27 05:31:42,110] {dag.py:2927} INFO - Setting next_dagrun for example_external_task_marker_child to None, run_after=None
[2022-06-27 05:31:42,111] {logging_mixin.py:115} INFO - [2022-06-27 05:31:42,111] {dag.py:2927} INFO - Setting next_dagrun for example_external_task_marker_parent to None, run_after=None
[2022-06-27 05:31:42,193] {processor.py:161} INFO - Processing /home/ubuntu/airflow/airflow_env/lib/python3.8/site-packages/airflow/example_dags/example_external_task_marker_dag.py took 0.315 seconds
[2022-06-27 05:32:29,313] {processor.py:153} INFO - Started process (PID=153026) to work on /home/ubuntu/airflow/airflow_env/lib/python3.8/site-packages/airflow/example_dags/example_external_task_marker_dag.py
[2022-06-27 05:32:29,314] {processor.py:641} INFO - Processing file /home/ubuntu/airflow/airflow_env/lib/python3.8/site-packages/airflow/example_dags/example_external_task_marker_dag.py for tasks to queue
[2022-06-27 05:32:29,315] {logging_mixin.py:115} INFO - [2022-06-27 05:32:29,315] {dagbag.py:507} INFO - Filling up the DagBag from /home/ubuntu/airflow/airflow_env/lib/python3.8/site-packages/airflow/example_dags/example_external_task_marker_dag.py
[2022-06-27 05:32:29,340] {processor.py:651} INFO - DAG(s) dict_keys(['example_external_task_marker_parent', 'example_external_task_marker_child']) retrieved from /home/ubuntu/airflow/airflow_env/lib/python3.8/site-packages/airflow/example_dags/example_external_task_marker_dag.py
[2022-06-27 05:32:29,513] {logging_mixin.py:115} INFO - [2022-06-27 05:32:29,513] {dag.py:2379} INFO - Sync 2 DAGs
[2022-06-27 05:32:29,569] {logging_mixin.py:115} INFO - [2022-06-27 05:32:29,569] {dag.py:2927} INFO - Setting next_dagrun for example_external_task_marker_child to None, run_after=None
[2022-06-27 05:32:29,574] {logging_mixin.py:115} INFO - [2022-06-27 05:32:29,574] {dag.py:2927} INFO - Setting next_dagrun for example_external_task_marker_parent to None, run_after=None
[2022-06-27 05:32:29,620] {processor.py:161} INFO - Processing /home/ubuntu/airflow/airflow_env/lib/python3.8/site-packages/airflow/example_dags/example_external_task_marker_dag.py took 0.313 seconds
[2022-06-27 05:33:17,150] {processor.py:153} INFO - Started process (PID=153065) to work on /home/ubuntu/airflow/airflow_env/lib/python3.8/site-packages/airflow/example_dags/example_external_task_marker_dag.py
[2022-06-27 05:33:17,155] {processor.py:641} INFO - Processing file /home/ubuntu/airflow/airflow_env/lib/python3.8/site-packages/airflow/example_dags/example_external_task_marker_dag.py for tasks to queue
[2022-06-27 05:33:17,156] {logging_mixin.py:115} INFO - [2022-06-27 05:33:17,156] {dagbag.py:507} INFO - Filling up the DagBag from /home/ubuntu/airflow/airflow_env/lib/python3.8/site-packages/airflow/example_dags/example_external_task_marker_dag.py
[2022-06-27 05:33:17,165] {processor.py:651} INFO - DAG(s) dict_keys(['example_external_task_marker_parent', 'example_external_task_marker_child']) retrieved from /home/ubuntu/airflow/airflow_env/lib/python3.8/site-packages/airflow/example_dags/example_external_task_marker_dag.py
[2022-06-27 05:33:17,297] {logging_mixin.py:115} INFO - [2022-06-27 05:33:17,296] {dag.py:2379} INFO - Sync 2 DAGs
[2022-06-27 05:33:17,349] {logging_mixin.py:115} INFO - [2022-06-27 05:33:17,349] {dag.py:2927} INFO - Setting next_dagrun for example_external_task_marker_child to None, run_after=None
[2022-06-27 05:33:17,349] {logging_mixin.py:115} INFO - [2022-06-27 05:33:17,349] {dag.py:2927} INFO - Setting next_dagrun for example_external_task_marker_parent to None, run_after=None
[2022-06-27 05:33:17,377] {processor.py:161} INFO - Processing /home/ubuntu/airflow/airflow_env/lib/python3.8/site-packages/airflow/example_dags/example_external_task_marker_dag.py took 0.244 seconds
[2022-06-27 05:34:04,133] {processor.py:153} INFO - Started process (PID=153103) to work on /home/ubuntu/airflow/airflow_env/lib/python3.8/site-packages/airflow/example_dags/example_external_task_marker_dag.py
[2022-06-27 05:34:04,134] {processor.py:641} INFO - Processing file /home/ubuntu/airflow/airflow_env/lib/python3.8/site-packages/airflow/example_dags/example_external_task_marker_dag.py for tasks to queue
[2022-06-27 05:34:04,135] {logging_mixin.py:115} INFO - [2022-06-27 05:34:04,135] {dagbag.py:507} INFO - Filling up the DagBag from /home/ubuntu/airflow/airflow_env/lib/python3.8/site-packages/airflow/example_dags/example_external_task_marker_dag.py
[2022-06-27 05:34:04,148] {processor.py:651} INFO - DAG(s) dict_keys(['example_external_task_marker_parent', 'example_external_task_marker_child']) retrieved from /home/ubuntu/airflow/airflow_env/lib/python3.8/site-packages/airflow/example_dags/example_external_task_marker_dag.py
[2022-06-27 05:34:04,260] {logging_mixin.py:115} INFO - [2022-06-27 05:34:04,260] {dag.py:2379} INFO - Sync 2 DAGs
[2022-06-27 05:34:04,325] {logging_mixin.py:115} INFO - [2022-06-27 05:34:04,324] {dag.py:2927} INFO - Setting next_dagrun for example_external_task_marker_child to None, run_after=None
[2022-06-27 05:34:04,327] {logging_mixin.py:115} INFO - [2022-06-27 05:34:04,327] {dag.py:2927} INFO - Setting next_dagrun for example_external_task_marker_parent to None, run_after=None
[2022-06-27 05:34:04,359] {processor.py:161} INFO - Processing /home/ubuntu/airflow/airflow_env/lib/python3.8/site-packages/airflow/example_dags/example_external_task_marker_dag.py took 0.231 seconds
[2022-06-27 05:34:55,794] {processor.py:153} INFO - Started process (PID=153145) to work on /home/ubuntu/airflow/airflow_env/lib/python3.8/site-packages/airflow/example_dags/example_external_task_marker_dag.py
[2022-06-27 05:34:55,797] {processor.py:641} INFO - Processing file /home/ubuntu/airflow/airflow_env/lib/python3.8/site-packages/airflow/example_dags/example_external_task_marker_dag.py for tasks to queue
[2022-06-27 05:34:55,798] {logging_mixin.py:115} INFO - [2022-06-27 05:34:55,798] {dagbag.py:507} INFO - Filling up the DagBag from /home/ubuntu/airflow/airflow_env/lib/python3.8/site-packages/airflow/example_dags/example_external_task_marker_dag.py
[2022-06-27 05:34:55,818] {processor.py:651} INFO - DAG(s) dict_keys(['example_external_task_marker_parent', 'example_external_task_marker_child']) retrieved from /home/ubuntu/airflow/airflow_env/lib/python3.8/site-packages/airflow/example_dags/example_external_task_marker_dag.py
[2022-06-27 05:34:55,922] {logging_mixin.py:115} INFO - [2022-06-27 05:34:55,922] {dag.py:2379} INFO - Sync 2 DAGs
[2022-06-27 05:34:56,077] {logging_mixin.py:115} INFO - [2022-06-27 05:34:56,077] {dag.py:2927} INFO - Setting next_dagrun for example_external_task_marker_child to None, run_after=None
[2022-06-27 05:34:56,078] {logging_mixin.py:115} INFO - [2022-06-27 05:34:56,078] {dag.py:2927} INFO - Setting next_dagrun for example_external_task_marker_parent to None, run_after=None
[2022-06-27 05:34:56,175] {processor.py:161} INFO - Processing /home/ubuntu/airflow/airflow_env/lib/python3.8/site-packages/airflow/example_dags/example_external_task_marker_dag.py took 0.396 seconds
[2022-06-27 05:35:45,898] {processor.py:153} INFO - Started process (PID=153190) to work on /home/ubuntu/airflow/airflow_env/lib/python3.8/site-packages/airflow/example_dags/example_external_task_marker_dag.py
[2022-06-27 05:35:45,905] {processor.py:641} INFO - Processing file /home/ubuntu/airflow/airflow_env/lib/python3.8/site-packages/airflow/example_dags/example_external_task_marker_dag.py for tasks to queue
[2022-06-27 05:35:45,914] {logging_mixin.py:115} INFO - [2022-06-27 05:35:45,909] {dagbag.py:507} INFO - Filling up the DagBag from /home/ubuntu/airflow/airflow_env/lib/python3.8/site-packages/airflow/example_dags/example_external_task_marker_dag.py
[2022-06-27 05:35:45,943] {processor.py:651} INFO - DAG(s) dict_keys(['example_external_task_marker_parent', 'example_external_task_marker_child']) retrieved from /home/ubuntu/airflow/airflow_env/lib/python3.8/site-packages/airflow/example_dags/example_external_task_marker_dag.py
[2022-06-27 05:35:46,138] {logging_mixin.py:115} INFO - [2022-06-27 05:35:46,138] {dag.py:2379} INFO - Sync 2 DAGs
[2022-06-27 05:35:46,186] {logging_mixin.py:115} INFO - [2022-06-27 05:35:46,186] {dag.py:2927} INFO - Setting next_dagrun for example_external_task_marker_child to None, run_after=None
[2022-06-27 05:35:46,186] {logging_mixin.py:115} INFO - [2022-06-27 05:35:46,186] {dag.py:2927} INFO - Setting next_dagrun for example_external_task_marker_parent to None, run_after=None
[2022-06-27 05:35:46,221] {processor.py:161} INFO - Processing /home/ubuntu/airflow/airflow_env/lib/python3.8/site-packages/airflow/example_dags/example_external_task_marker_dag.py took 0.350 seconds
[2022-06-27 05:36:36,941] {processor.py:153} INFO - Started process (PID=153229) to work on /home/ubuntu/airflow/airflow_env/lib/python3.8/site-packages/airflow/example_dags/example_external_task_marker_dag.py
[2022-06-27 05:36:36,944] {processor.py:641} INFO - Processing file /home/ubuntu/airflow/airflow_env/lib/python3.8/site-packages/airflow/example_dags/example_external_task_marker_dag.py for tasks to queue
[2022-06-27 05:36:36,950] {logging_mixin.py:115} INFO - [2022-06-27 05:36:36,950] {dagbag.py:507} INFO - Filling up the DagBag from /home/ubuntu/airflow/airflow_env/lib/python3.8/site-packages/airflow/example_dags/example_external_task_marker_dag.py
[2022-06-27 05:36:36,977] {processor.py:651} INFO - DAG(s) dict_keys(['example_external_task_marker_parent', 'example_external_task_marker_child']) retrieved from /home/ubuntu/airflow/airflow_env/lib/python3.8/site-packages/airflow/example_dags/example_external_task_marker_dag.py
[2022-06-27 05:36:37,049] {logging_mixin.py:115} INFO - [2022-06-27 05:36:37,049] {dag.py:2379} INFO - Sync 2 DAGs
[2022-06-27 05:36:37,086] {logging_mixin.py:115} INFO - [2022-06-27 05:36:37,086] {dag.py:2927} INFO - Setting next_dagrun for example_external_task_marker_child to None, run_after=None
[2022-06-27 05:36:37,092] {logging_mixin.py:115} INFO - [2022-06-27 05:36:37,092] {dag.py:2927} INFO - Setting next_dagrun for example_external_task_marker_parent to None, run_after=None
[2022-06-27 05:36:37,115] {processor.py:161} INFO - Processing /home/ubuntu/airflow/airflow_env/lib/python3.8/site-packages/airflow/example_dags/example_external_task_marker_dag.py took 0.191 seconds
[2022-06-27 05:37:30,849] {processor.py:153} INFO - Started process (PID=153280) to work on /home/ubuntu/airflow/airflow_env/lib/python3.8/site-packages/airflow/example_dags/example_external_task_marker_dag.py
[2022-06-27 05:37:30,851] {processor.py:641} INFO - Processing file /home/ubuntu/airflow/airflow_env/lib/python3.8/site-packages/airflow/example_dags/example_external_task_marker_dag.py for tasks to queue
[2022-06-27 05:37:30,853] {logging_mixin.py:115} INFO - [2022-06-27 05:37:30,853] {dagbag.py:507} INFO - Filling up the DagBag from /home/ubuntu/airflow/airflow_env/lib/python3.8/site-packages/airflow/example_dags/example_external_task_marker_dag.py
[2022-06-27 05:37:30,892] {processor.py:651} INFO - DAG(s) dict_keys(['example_external_task_marker_parent', 'example_external_task_marker_child']) retrieved from /home/ubuntu/airflow/airflow_env/lib/python3.8/site-packages/airflow/example_dags/example_external_task_marker_dag.py
[2022-06-27 05:37:31,038] {logging_mixin.py:115} INFO - [2022-06-27 05:37:31,038] {dag.py:2379} INFO - Sync 2 DAGs
[2022-06-27 05:37:31,174] {logging_mixin.py:115} INFO - [2022-06-27 05:37:31,174] {dag.py:2927} INFO - Setting next_dagrun for example_external_task_marker_child to None, run_after=None
[2022-06-27 05:37:31,175] {logging_mixin.py:115} INFO - [2022-06-27 05:37:31,175] {dag.py:2927} INFO - Setting next_dagrun for example_external_task_marker_parent to None, run_after=None
[2022-06-27 05:37:31,242] {processor.py:161} INFO - Processing /home/ubuntu/airflow/airflow_env/lib/python3.8/site-packages/airflow/example_dags/example_external_task_marker_dag.py took 0.424 seconds
[2022-06-27 05:38:19,629] {processor.py:153} INFO - Started process (PID=153318) to work on /home/ubuntu/airflow/airflow_env/lib/python3.8/site-packages/airflow/example_dags/example_external_task_marker_dag.py
[2022-06-27 05:38:19,631] {processor.py:641} INFO - Processing file /home/ubuntu/airflow/airflow_env/lib/python3.8/site-packages/airflow/example_dags/example_external_task_marker_dag.py for tasks to queue
[2022-06-27 05:38:19,632] {logging_mixin.py:115} INFO - [2022-06-27 05:38:19,632] {dagbag.py:507} INFO - Filling up the DagBag from /home/ubuntu/airflow/airflow_env/lib/python3.8/site-packages/airflow/example_dags/example_external_task_marker_dag.py
[2022-06-27 05:38:19,659] {processor.py:651} INFO - DAG(s) dict_keys(['example_external_task_marker_parent', 'example_external_task_marker_child']) retrieved from /home/ubuntu/airflow/airflow_env/lib/python3.8/site-packages/airflow/example_dags/example_external_task_marker_dag.py
[2022-06-27 05:38:19,767] {logging_mixin.py:115} INFO - [2022-06-27 05:38:19,767] {dag.py:2379} INFO - Sync 2 DAGs
[2022-06-27 05:38:19,841] {logging_mixin.py:115} INFO - [2022-06-27 05:38:19,841] {dag.py:2927} INFO - Setting next_dagrun for example_external_task_marker_child to None, run_after=None
[2022-06-27 05:38:19,841] {logging_mixin.py:115} INFO - [2022-06-27 05:38:19,841] {dag.py:2927} INFO - Setting next_dagrun for example_external_task_marker_parent to None, run_after=None
[2022-06-27 05:38:19,863] {processor.py:161} INFO - Processing /home/ubuntu/airflow/airflow_env/lib/python3.8/site-packages/airflow/example_dags/example_external_task_marker_dag.py took 0.272 seconds
[2022-06-27 05:39:17,455] {processor.py:153} INFO - Started process (PID=153366) to work on /home/ubuntu/airflow/airflow_env/lib/python3.8/site-packages/airflow/example_dags/example_external_task_marker_dag.py
[2022-06-27 05:39:17,457] {processor.py:641} INFO - Processing file /home/ubuntu/airflow/airflow_env/lib/python3.8/site-packages/airflow/example_dags/example_external_task_marker_dag.py for tasks to queue
[2022-06-27 05:39:17,458] {logging_mixin.py:115} INFO - [2022-06-27 05:39:17,458] {dagbag.py:507} INFO - Filling up the DagBag from /home/ubuntu/airflow/airflow_env/lib/python3.8/site-packages/airflow/example_dags/example_external_task_marker_dag.py
[2022-06-27 05:39:17,483] {processor.py:651} INFO - DAG(s) dict_keys(['example_external_task_marker_parent', 'example_external_task_marker_child']) retrieved from /home/ubuntu/airflow/airflow_env/lib/python3.8/site-packages/airflow/example_dags/example_external_task_marker_dag.py
[2022-06-27 05:39:17,557] {logging_mixin.py:115} INFO - [2022-06-27 05:39:17,557] {dag.py:2379} INFO - Sync 2 DAGs
[2022-06-27 05:39:17,589] {logging_mixin.py:115} INFO - [2022-06-27 05:39:17,589] {dag.py:2927} INFO - Setting next_dagrun for example_external_task_marker_child to None, run_after=None
[2022-06-27 05:39:17,589] {logging_mixin.py:115} INFO - [2022-06-27 05:39:17,589] {dag.py:2927} INFO - Setting next_dagrun for example_external_task_marker_parent to None, run_after=None
[2022-06-27 05:39:17,607] {processor.py:161} INFO - Processing /home/ubuntu/airflow/airflow_env/lib/python3.8/site-packages/airflow/example_dags/example_external_task_marker_dag.py took 0.167 seconds
