[2022-06-27 04:49:59,473] {processor.py:153} INFO - Started process (PID=150523) to work on /home/ubuntu/airflow/airflow_env/lib/python3.8/site-packages/airflow/example_dags/example_branch_python_dop_operator_3.py
[2022-06-27 04:49:59,475] {processor.py:641} INFO - Processing file /home/ubuntu/airflow/airflow_env/lib/python3.8/site-packages/airflow/example_dags/example_branch_python_dop_operator_3.py for tasks to queue
[2022-06-27 04:49:59,479] {logging_mixin.py:115} INFO - [2022-06-27 04:49:59,478] {dagbag.py:507} INFO - Filling up the DagBag from /home/ubuntu/airflow/airflow_env/lib/python3.8/site-packages/airflow/example_dags/example_branch_python_dop_operator_3.py
[2022-06-27 04:49:59,518] {processor.py:651} INFO - DAG(s) dict_keys(['example_branch_dop_operator_v3']) retrieved from /home/ubuntu/airflow/airflow_env/lib/python3.8/site-packages/airflow/example_dags/example_branch_python_dop_operator_3.py
[2022-06-27 04:49:59,680] {logging_mixin.py:115} INFO - [2022-06-27 04:49:59,680] {manager.py:508} INFO - Created Permission View: can edit on DAG:example_branch_dop_operator_v3
[2022-06-27 04:49:59,712] {logging_mixin.py:115} INFO - [2022-06-27 04:49:59,711] {manager.py:508} INFO - Created Permission View: can read on DAG:example_branch_dop_operator_v3
[2022-06-27 04:49:59,730] {logging_mixin.py:115} INFO - [2022-06-27 04:49:59,730] {manager.py:508} INFO - Created Permission View: can delete on DAG:example_branch_dop_operator_v3
[2022-06-27 04:49:59,730] {logging_mixin.py:115} INFO - [2022-06-27 04:49:59,730] {dag.py:2379} INFO - Sync 1 DAGs
[2022-06-27 04:49:59,752] {logging_mixin.py:115} INFO - [2022-06-27 04:49:59,751] {dag.py:2398} INFO - Creating ORM DAG for example_branch_dop_operator_v3
[2022-06-27 04:49:59,908] {logging_mixin.py:115} INFO - [2022-06-27 04:49:59,907] {dag.py:2927} INFO - Setting next_dagrun for example_branch_dop_operator_v3 to 2022-06-27T11:48:00+00:00, run_after=2022-06-27T11:49:00+00:00
[2022-06-27 04:50:00,092] {processor.py:161} INFO - Processing /home/ubuntu/airflow/airflow_env/lib/python3.8/site-packages/airflow/example_dags/example_branch_python_dop_operator_3.py took 0.631 seconds
[2022-06-27 04:50:46,847] {processor.py:153} INFO - Started process (PID=150579) to work on /home/ubuntu/airflow/airflow_env/lib/python3.8/site-packages/airflow/example_dags/example_branch_python_dop_operator_3.py
[2022-06-27 04:50:46,851] {processor.py:641} INFO - Processing file /home/ubuntu/airflow/airflow_env/lib/python3.8/site-packages/airflow/example_dags/example_branch_python_dop_operator_3.py for tasks to queue
[2022-06-27 04:50:46,860] {logging_mixin.py:115} INFO - [2022-06-27 04:50:46,857] {dagbag.py:507} INFO - Filling up the DagBag from /home/ubuntu/airflow/airflow_env/lib/python3.8/site-packages/airflow/example_dags/example_branch_python_dop_operator_3.py
[2022-06-27 04:50:46,968] {processor.py:651} INFO - DAG(s) dict_keys(['example_branch_dop_operator_v3']) retrieved from /home/ubuntu/airflow/airflow_env/lib/python3.8/site-packages/airflow/example_dags/example_branch_python_dop_operator_3.py
[2022-06-27 04:50:47,251] {logging_mixin.py:115} INFO - [2022-06-27 04:50:47,251] {dag.py:2379} INFO - Sync 1 DAGs
[2022-06-27 04:50:47,552] {logging_mixin.py:115} INFO - [2022-06-27 04:50:47,545] {dag.py:2927} INFO - Setting next_dagrun for example_branch_dop_operator_v3 to 2022-06-27T11:49:00+00:00, run_after=2022-06-27T11:50:00+00:00
[2022-06-27 04:50:47,670] {processor.py:161} INFO - Processing /home/ubuntu/airflow/airflow_env/lib/python3.8/site-packages/airflow/example_dags/example_branch_python_dop_operator_3.py took 0.848 seconds
[2022-06-27 04:51:34,950] {processor.py:153} INFO - Started process (PID=150682) to work on /home/ubuntu/airflow/airflow_env/lib/python3.8/site-packages/airflow/example_dags/example_branch_python_dop_operator_3.py
[2022-06-27 04:51:34,951] {processor.py:641} INFO - Processing file /home/ubuntu/airflow/airflow_env/lib/python3.8/site-packages/airflow/example_dags/example_branch_python_dop_operator_3.py for tasks to queue
[2022-06-27 04:51:34,953] {logging_mixin.py:115} INFO - [2022-06-27 04:51:34,953] {dagbag.py:507} INFO - Filling up the DagBag from /home/ubuntu/airflow/airflow_env/lib/python3.8/site-packages/airflow/example_dags/example_branch_python_dop_operator_3.py
[2022-06-27 04:51:34,988] {processor.py:651} INFO - DAG(s) dict_keys(['example_branch_dop_operator_v3']) retrieved from /home/ubuntu/airflow/airflow_env/lib/python3.8/site-packages/airflow/example_dags/example_branch_python_dop_operator_3.py
[2022-06-27 04:51:35,022] {logging_mixin.py:115} INFO - [2022-06-27 04:51:35,022] {dag.py:2379} INFO - Sync 1 DAGs
[2022-06-27 04:51:35,056] {logging_mixin.py:115} INFO - [2022-06-27 04:51:35,056] {dag.py:2927} INFO - Setting next_dagrun for example_branch_dop_operator_v3 to 2022-06-27T11:50:00+00:00, run_after=2022-06-27T11:51:00+00:00
[2022-06-27 04:51:35,078] {processor.py:161} INFO - Processing /home/ubuntu/airflow/airflow_env/lib/python3.8/site-packages/airflow/example_dags/example_branch_python_dop_operator_3.py took 0.137 seconds
[2022-06-27 04:52:22,466] {processor.py:153} INFO - Started process (PID=150812) to work on /home/ubuntu/airflow/airflow_env/lib/python3.8/site-packages/airflow/example_dags/example_branch_python_dop_operator_3.py
[2022-06-27 04:52:22,467] {processor.py:641} INFO - Processing file /home/ubuntu/airflow/airflow_env/lib/python3.8/site-packages/airflow/example_dags/example_branch_python_dop_operator_3.py for tasks to queue
[2022-06-27 04:52:22,468] {logging_mixin.py:115} INFO - [2022-06-27 04:52:22,467] {dagbag.py:507} INFO - Filling up the DagBag from /home/ubuntu/airflow/airflow_env/lib/python3.8/site-packages/airflow/example_dags/example_branch_python_dop_operator_3.py
[2022-06-27 04:52:22,516] {processor.py:651} INFO - DAG(s) dict_keys(['example_branch_dop_operator_v3']) retrieved from /home/ubuntu/airflow/airflow_env/lib/python3.8/site-packages/airflow/example_dags/example_branch_python_dop_operator_3.py
[2022-06-27 04:52:22,563] {logging_mixin.py:115} INFO - [2022-06-27 04:52:22,563] {dag.py:2379} INFO - Sync 1 DAGs
[2022-06-27 04:52:22,587] {logging_mixin.py:115} INFO - [2022-06-27 04:52:22,586] {dag.py:2927} INFO - Setting next_dagrun for example_branch_dop_operator_v3 to 2022-06-27T11:51:00+00:00, run_after=2022-06-27T11:52:00+00:00
[2022-06-27 04:52:22,599] {processor.py:161} INFO - Processing /home/ubuntu/airflow/airflow_env/lib/python3.8/site-packages/airflow/example_dags/example_branch_python_dop_operator_3.py took 0.137 seconds
[2022-06-27 04:53:05,561] {processor.py:153} INFO - Started process (PID=150848) to work on /home/ubuntu/airflow/airflow_env/lib/python3.8/site-packages/airflow/example_dags/example_branch_python_dop_operator_3.py
[2022-06-27 04:53:05,562] {processor.py:641} INFO - Processing file /home/ubuntu/airflow/airflow_env/lib/python3.8/site-packages/airflow/example_dags/example_branch_python_dop_operator_3.py for tasks to queue
[2022-06-27 04:53:05,563] {logging_mixin.py:115} INFO - [2022-06-27 04:53:05,563] {dagbag.py:507} INFO - Filling up the DagBag from /home/ubuntu/airflow/airflow_env/lib/python3.8/site-packages/airflow/example_dags/example_branch_python_dop_operator_3.py
[2022-06-27 04:53:05,585] {processor.py:651} INFO - DAG(s) dict_keys(['example_branch_dop_operator_v3']) retrieved from /home/ubuntu/airflow/airflow_env/lib/python3.8/site-packages/airflow/example_dags/example_branch_python_dop_operator_3.py
[2022-06-27 04:53:05,624] {logging_mixin.py:115} INFO - [2022-06-27 04:53:05,624] {dag.py:2379} INFO - Sync 1 DAGs
[2022-06-27 04:53:05,666] {logging_mixin.py:115} INFO - [2022-06-27 04:53:05,666] {dag.py:2927} INFO - Setting next_dagrun for example_branch_dop_operator_v3 to 2022-06-27T11:52:00+00:00, run_after=2022-06-27T11:53:00+00:00
[2022-06-27 04:53:05,686] {processor.py:161} INFO - Processing /home/ubuntu/airflow/airflow_env/lib/python3.8/site-packages/airflow/example_dags/example_branch_python_dop_operator_3.py took 0.133 seconds
[2022-06-27 04:53:54,173] {processor.py:153} INFO - Started process (PID=150914) to work on /home/ubuntu/airflow/airflow_env/lib/python3.8/site-packages/airflow/example_dags/example_branch_python_dop_operator_3.py
[2022-06-27 04:53:54,179] {processor.py:641} INFO - Processing file /home/ubuntu/airflow/airflow_env/lib/python3.8/site-packages/airflow/example_dags/example_branch_python_dop_operator_3.py for tasks to queue
[2022-06-27 04:53:54,180] {logging_mixin.py:115} INFO - [2022-06-27 04:53:54,180] {dagbag.py:507} INFO - Filling up the DagBag from /home/ubuntu/airflow/airflow_env/lib/python3.8/site-packages/airflow/example_dags/example_branch_python_dop_operator_3.py
[2022-06-27 04:53:54,247] {processor.py:651} INFO - DAG(s) dict_keys(['example_branch_dop_operator_v3']) retrieved from /home/ubuntu/airflow/airflow_env/lib/python3.8/site-packages/airflow/example_dags/example_branch_python_dop_operator_3.py
[2022-06-27 04:53:54,355] {logging_mixin.py:115} INFO - [2022-06-27 04:53:54,354] {dag.py:2379} INFO - Sync 1 DAGs
[2022-06-27 04:53:54,567] {logging_mixin.py:115} INFO - [2022-06-27 04:53:54,567] {dag.py:2927} INFO - Setting next_dagrun for example_branch_dop_operator_v3 to 2022-06-27T11:52:00+00:00, run_after=2022-06-27T11:53:00+00:00
[2022-06-27 04:53:54,610] {processor.py:161} INFO - Processing /home/ubuntu/airflow/airflow_env/lib/python3.8/site-packages/airflow/example_dags/example_branch_python_dop_operator_3.py took 0.448 seconds
[2022-06-27 04:55:03,318] {processor.py:153} INFO - Started process (PID=151002) to work on /home/ubuntu/airflow/airflow_env/lib/python3.8/site-packages/airflow/example_dags/example_branch_python_dop_operator_3.py
[2022-06-27 04:55:03,323] {processor.py:641} INFO - Processing file /home/ubuntu/airflow/airflow_env/lib/python3.8/site-packages/airflow/example_dags/example_branch_python_dop_operator_3.py for tasks to queue
[2022-06-27 04:55:03,324] {logging_mixin.py:115} INFO - [2022-06-27 04:55:03,324] {dagbag.py:507} INFO - Filling up the DagBag from /home/ubuntu/airflow/airflow_env/lib/python3.8/site-packages/airflow/example_dags/example_branch_python_dop_operator_3.py
[2022-06-27 04:55:03,367] {processor.py:651} INFO - DAG(s) dict_keys(['example_branch_dop_operator_v3']) retrieved from /home/ubuntu/airflow/airflow_env/lib/python3.8/site-packages/airflow/example_dags/example_branch_python_dop_operator_3.py
[2022-06-27 04:55:03,424] {logging_mixin.py:115} INFO - [2022-06-27 04:55:03,424] {dag.py:2379} INFO - Sync 1 DAGs
[2022-06-27 04:55:03,558] {logging_mixin.py:115} INFO - [2022-06-27 04:55:03,553] {dag.py:2927} INFO - Setting next_dagrun for example_branch_dop_operator_v3 to 2022-06-27T11:54:00+00:00, run_after=2022-06-27T11:55:00+00:00
[2022-06-27 04:55:03,650] {processor.py:161} INFO - Processing /home/ubuntu/airflow/airflow_env/lib/python3.8/site-packages/airflow/example_dags/example_branch_python_dop_operator_3.py took 0.346 seconds
[2022-06-27 04:55:57,683] {processor.py:153} INFO - Started process (PID=151083) to work on /home/ubuntu/airflow/airflow_env/lib/python3.8/site-packages/airflow/example_dags/example_branch_python_dop_operator_3.py
[2022-06-27 04:55:57,695] {processor.py:641} INFO - Processing file /home/ubuntu/airflow/airflow_env/lib/python3.8/site-packages/airflow/example_dags/example_branch_python_dop_operator_3.py for tasks to queue
[2022-06-27 04:55:57,697] {logging_mixin.py:115} INFO - [2022-06-27 04:55:57,697] {dagbag.py:507} INFO - Filling up the DagBag from /home/ubuntu/airflow/airflow_env/lib/python3.8/site-packages/airflow/example_dags/example_branch_python_dop_operator_3.py
[2022-06-27 04:55:57,826] {processor.py:651} INFO - DAG(s) dict_keys(['example_branch_dop_operator_v3']) retrieved from /home/ubuntu/airflow/airflow_env/lib/python3.8/site-packages/airflow/example_dags/example_branch_python_dop_operator_3.py
[2022-06-27 04:55:57,991] {logging_mixin.py:115} INFO - [2022-06-27 04:55:57,991] {dag.py:2379} INFO - Sync 1 DAGs
[2022-06-27 04:55:58,217] {logging_mixin.py:115} INFO - [2022-06-27 04:55:58,217] {dag.py:2927} INFO - Setting next_dagrun for example_branch_dop_operator_v3 to 2022-06-27T11:54:00+00:00, run_after=2022-06-27T11:55:00+00:00
[2022-06-27 04:55:58,398] {processor.py:161} INFO - Processing /home/ubuntu/airflow/airflow_env/lib/python3.8/site-packages/airflow/example_dags/example_branch_python_dop_operator_3.py took 0.744 seconds
[2022-06-27 04:56:44,630] {processor.py:153} INFO - Started process (PID=151167) to work on /home/ubuntu/airflow/airflow_env/lib/python3.8/site-packages/airflow/example_dags/example_branch_python_dop_operator_3.py
[2022-06-27 04:56:44,631] {processor.py:641} INFO - Processing file /home/ubuntu/airflow/airflow_env/lib/python3.8/site-packages/airflow/example_dags/example_branch_python_dop_operator_3.py for tasks to queue
[2022-06-27 04:56:44,632] {logging_mixin.py:115} INFO - [2022-06-27 04:56:44,632] {dagbag.py:507} INFO - Filling up the DagBag from /home/ubuntu/airflow/airflow_env/lib/python3.8/site-packages/airflow/example_dags/example_branch_python_dop_operator_3.py
[2022-06-27 04:56:44,656] {processor.py:651} INFO - DAG(s) dict_keys(['example_branch_dop_operator_v3']) retrieved from /home/ubuntu/airflow/airflow_env/lib/python3.8/site-packages/airflow/example_dags/example_branch_python_dop_operator_3.py
[2022-06-27 04:56:44,694] {logging_mixin.py:115} INFO - [2022-06-27 04:56:44,694] {dag.py:2379} INFO - Sync 1 DAGs
[2022-06-27 04:56:44,745] {logging_mixin.py:115} INFO - [2022-06-27 04:56:44,745] {dag.py:2927} INFO - Setting next_dagrun for example_branch_dop_operator_v3 to 2022-06-27T11:55:00+00:00, run_after=2022-06-27T11:56:00+00:00
[2022-06-27 04:56:44,759] {processor.py:161} INFO - Processing /home/ubuntu/airflow/airflow_env/lib/python3.8/site-packages/airflow/example_dags/example_branch_python_dop_operator_3.py took 0.140 seconds
[2022-06-27 04:57:40,075] {processor.py:153} INFO - Started process (PID=151239) to work on /home/ubuntu/airflow/airflow_env/lib/python3.8/site-packages/airflow/example_dags/example_branch_python_dop_operator_3.py
[2022-06-27 04:57:40,088] {processor.py:641} INFO - Processing file /home/ubuntu/airflow/airflow_env/lib/python3.8/site-packages/airflow/example_dags/example_branch_python_dop_operator_3.py for tasks to queue
[2022-06-27 04:57:40,093] {logging_mixin.py:115} INFO - [2022-06-27 04:57:40,089] {dagbag.py:507} INFO - Filling up the DagBag from /home/ubuntu/airflow/airflow_env/lib/python3.8/site-packages/airflow/example_dags/example_branch_python_dop_operator_3.py
[2022-06-27 04:57:40,148] {processor.py:651} INFO - DAG(s) dict_keys(['example_branch_dop_operator_v3']) retrieved from /home/ubuntu/airflow/airflow_env/lib/python3.8/site-packages/airflow/example_dags/example_branch_python_dop_operator_3.py
[2022-06-27 04:57:40,225] {logging_mixin.py:115} INFO - [2022-06-27 04:57:40,224] {dag.py:2379} INFO - Sync 1 DAGs
[2022-06-27 04:57:40,342] {logging_mixin.py:115} INFO - [2022-06-27 04:57:40,342] {dag.py:2927} INFO - Setting next_dagrun for example_branch_dop_operator_v3 to 2022-06-27T11:56:00+00:00, run_after=2022-06-27T11:57:00+00:00
[2022-06-27 04:57:40,372] {processor.py:161} INFO - Processing /home/ubuntu/airflow/airflow_env/lib/python3.8/site-packages/airflow/example_dags/example_branch_python_dop_operator_3.py took 0.321 seconds
[2022-06-27 04:58:23,307] {processor.py:153} INFO - Started process (PID=151310) to work on /home/ubuntu/airflow/airflow_env/lib/python3.8/site-packages/airflow/example_dags/example_branch_python_dop_operator_3.py
[2022-06-27 04:58:23,310] {processor.py:641} INFO - Processing file /home/ubuntu/airflow/airflow_env/lib/python3.8/site-packages/airflow/example_dags/example_branch_python_dop_operator_3.py for tasks to queue
[2022-06-27 04:58:23,311] {logging_mixin.py:115} INFO - [2022-06-27 04:58:23,311] {dagbag.py:507} INFO - Filling up the DagBag from /home/ubuntu/airflow/airflow_env/lib/python3.8/site-packages/airflow/example_dags/example_branch_python_dop_operator_3.py
[2022-06-27 04:58:23,339] {processor.py:651} INFO - DAG(s) dict_keys(['example_branch_dop_operator_v3']) retrieved from /home/ubuntu/airflow/airflow_env/lib/python3.8/site-packages/airflow/example_dags/example_branch_python_dop_operator_3.py
[2022-06-27 04:58:23,398] {logging_mixin.py:115} INFO - [2022-06-27 04:58:23,398] {dag.py:2379} INFO - Sync 1 DAGs
[2022-06-27 04:58:23,459] {logging_mixin.py:115} INFO - [2022-06-27 04:58:23,459] {dag.py:2927} INFO - Setting next_dagrun for example_branch_dop_operator_v3 to 2022-06-27T11:57:00+00:00, run_after=2022-06-27T11:58:00+00:00
[2022-06-27 04:58:23,478] {processor.py:161} INFO - Processing /home/ubuntu/airflow/airflow_env/lib/python3.8/site-packages/airflow/example_dags/example_branch_python_dop_operator_3.py took 0.182 seconds
[2022-06-27 04:59:08,987] {processor.py:153} INFO - Started process (PID=151358) to work on /home/ubuntu/airflow/airflow_env/lib/python3.8/site-packages/airflow/example_dags/example_branch_python_dop_operator_3.py
[2022-06-27 04:59:08,988] {processor.py:641} INFO - Processing file /home/ubuntu/airflow/airflow_env/lib/python3.8/site-packages/airflow/example_dags/example_branch_python_dop_operator_3.py for tasks to queue
[2022-06-27 04:59:08,989] {logging_mixin.py:115} INFO - [2022-06-27 04:59:08,988] {dagbag.py:507} INFO - Filling up the DagBag from /home/ubuntu/airflow/airflow_env/lib/python3.8/site-packages/airflow/example_dags/example_branch_python_dop_operator_3.py
[2022-06-27 04:59:09,006] {processor.py:651} INFO - DAG(s) dict_keys(['example_branch_dop_operator_v3']) retrieved from /home/ubuntu/airflow/airflow_env/lib/python3.8/site-packages/airflow/example_dags/example_branch_python_dop_operator_3.py
[2022-06-27 04:59:09,047] {logging_mixin.py:115} INFO - [2022-06-27 04:59:09,047] {dag.py:2379} INFO - Sync 1 DAGs
[2022-06-27 04:59:09,077] {logging_mixin.py:115} INFO - [2022-06-27 04:59:09,077] {dag.py:2927} INFO - Setting next_dagrun for example_branch_dop_operator_v3 to 2022-06-27T11:58:00+00:00, run_after=2022-06-27T11:59:00+00:00
[2022-06-27 04:59:09,091] {processor.py:161} INFO - Processing /home/ubuntu/airflow/airflow_env/lib/python3.8/site-packages/airflow/example_dags/example_branch_python_dop_operator_3.py took 0.110 seconds
[2022-06-27 04:59:58,277] {processor.py:153} INFO - Started process (PID=151400) to work on /home/ubuntu/airflow/airflow_env/lib/python3.8/site-packages/airflow/example_dags/example_branch_python_dop_operator_3.py
[2022-06-27 04:59:58,279] {processor.py:641} INFO - Processing file /home/ubuntu/airflow/airflow_env/lib/python3.8/site-packages/airflow/example_dags/example_branch_python_dop_operator_3.py for tasks to queue
[2022-06-27 04:59:58,281] {logging_mixin.py:115} INFO - [2022-06-27 04:59:58,280] {dagbag.py:507} INFO - Filling up the DagBag from /home/ubuntu/airflow/airflow_env/lib/python3.8/site-packages/airflow/example_dags/example_branch_python_dop_operator_3.py
[2022-06-27 04:59:58,318] {processor.py:651} INFO - DAG(s) dict_keys(['example_branch_dop_operator_v3']) retrieved from /home/ubuntu/airflow/airflow_env/lib/python3.8/site-packages/airflow/example_dags/example_branch_python_dop_operator_3.py
[2022-06-27 04:59:58,408] {logging_mixin.py:115} INFO - [2022-06-27 04:59:58,408] {dag.py:2379} INFO - Sync 1 DAGs
[2022-06-27 04:59:58,509] {logging_mixin.py:115} INFO - [2022-06-27 04:59:58,509] {dag.py:2927} INFO - Setting next_dagrun for example_branch_dop_operator_v3 to 2022-06-27T11:58:00+00:00, run_after=2022-06-27T11:59:00+00:00
[2022-06-27 04:59:58,607] {processor.py:161} INFO - Processing /home/ubuntu/airflow/airflow_env/lib/python3.8/site-packages/airflow/example_dags/example_branch_python_dop_operator_3.py took 0.342 seconds
[2022-06-27 05:02:54,086] {processor.py:153} INFO - Started process (PID=151507) to work on /home/ubuntu/airflow/airflow_env/lib/python3.8/site-packages/airflow/example_dags/example_branch_python_dop_operator_3.py
[2022-06-27 05:02:54,093] {processor.py:641} INFO - Processing file /home/ubuntu/airflow/airflow_env/lib/python3.8/site-packages/airflow/example_dags/example_branch_python_dop_operator_3.py for tasks to queue
[2022-06-27 05:02:54,095] {logging_mixin.py:115} INFO - [2022-06-27 05:02:54,095] {dagbag.py:507} INFO - Filling up the DagBag from /home/ubuntu/airflow/airflow_env/lib/python3.8/site-packages/airflow/example_dags/example_branch_python_dop_operator_3.py
[2022-06-27 05:02:54,190] {processor.py:651} INFO - DAG(s) dict_keys(['example_branch_dop_operator_v3']) retrieved from /home/ubuntu/airflow/airflow_env/lib/python3.8/site-packages/airflow/example_dags/example_branch_python_dop_operator_3.py
[2022-06-27 05:02:54,316] {logging_mixin.py:115} INFO - [2022-06-27 05:02:54,316] {dag.py:2379} INFO - Sync 1 DAGs
[2022-06-27 05:02:54,518] {logging_mixin.py:115} INFO - [2022-06-27 05:02:54,517] {dag.py:2927} INFO - Setting next_dagrun for example_branch_dop_operator_v3 to 2022-06-27T12:01:00+00:00, run_after=2022-06-27T12:02:00+00:00
[2022-06-27 05:02:54,628] {processor.py:161} INFO - Processing /home/ubuntu/airflow/airflow_env/lib/python3.8/site-packages/airflow/example_dags/example_branch_python_dop_operator_3.py took 0.570 seconds
[2022-06-27 05:03:43,016] {processor.py:153} INFO - Started process (PID=151547) to work on /home/ubuntu/airflow/airflow_env/lib/python3.8/site-packages/airflow/example_dags/example_branch_python_dop_operator_3.py
[2022-06-27 05:03:43,017] {processor.py:641} INFO - Processing file /home/ubuntu/airflow/airflow_env/lib/python3.8/site-packages/airflow/example_dags/example_branch_python_dop_operator_3.py for tasks to queue
[2022-06-27 05:03:43,019] {logging_mixin.py:115} INFO - [2022-06-27 05:03:43,019] {dagbag.py:507} INFO - Filling up the DagBag from /home/ubuntu/airflow/airflow_env/lib/python3.8/site-packages/airflow/example_dags/example_branch_python_dop_operator_3.py
[2022-06-27 05:03:43,066] {processor.py:651} INFO - DAG(s) dict_keys(['example_branch_dop_operator_v3']) retrieved from /home/ubuntu/airflow/airflow_env/lib/python3.8/site-packages/airflow/example_dags/example_branch_python_dop_operator_3.py
[2022-06-27 05:03:43,137] {logging_mixin.py:115} INFO - [2022-06-27 05:03:43,137] {dag.py:2379} INFO - Sync 1 DAGs
[2022-06-27 05:03:43,246] {logging_mixin.py:115} INFO - [2022-06-27 05:03:43,246] {dag.py:2927} INFO - Setting next_dagrun for example_branch_dop_operator_v3 to 2022-06-27T12:02:00+00:00, run_after=2022-06-27T12:03:00+00:00
[2022-06-27 05:03:43,292] {processor.py:161} INFO - Processing /home/ubuntu/airflow/airflow_env/lib/python3.8/site-packages/airflow/example_dags/example_branch_python_dop_operator_3.py took 0.295 seconds
[2022-06-27 05:04:35,555] {processor.py:153} INFO - Started process (PID=151588) to work on /home/ubuntu/airflow/airflow_env/lib/python3.8/site-packages/airflow/example_dags/example_branch_python_dop_operator_3.py
[2022-06-27 05:04:35,558] {processor.py:641} INFO - Processing file /home/ubuntu/airflow/airflow_env/lib/python3.8/site-packages/airflow/example_dags/example_branch_python_dop_operator_3.py for tasks to queue
[2022-06-27 05:04:35,559] {logging_mixin.py:115} INFO - [2022-06-27 05:04:35,559] {dagbag.py:507} INFO - Filling up the DagBag from /home/ubuntu/airflow/airflow_env/lib/python3.8/site-packages/airflow/example_dags/example_branch_python_dop_operator_3.py
[2022-06-27 05:04:35,612] {processor.py:651} INFO - DAG(s) dict_keys(['example_branch_dop_operator_v3']) retrieved from /home/ubuntu/airflow/airflow_env/lib/python3.8/site-packages/airflow/example_dags/example_branch_python_dop_operator_3.py
[2022-06-27 05:04:35,714] {logging_mixin.py:115} INFO - [2022-06-27 05:04:35,714] {dag.py:2379} INFO - Sync 1 DAGs
[2022-06-27 05:04:35,856] {logging_mixin.py:115} INFO - [2022-06-27 05:04:35,856] {dag.py:2927} INFO - Setting next_dagrun for example_branch_dop_operator_v3 to 2022-06-27T12:03:00+00:00, run_after=2022-06-27T12:04:00+00:00
[2022-06-27 05:04:35,942] {processor.py:161} INFO - Processing /home/ubuntu/airflow/airflow_env/lib/python3.8/site-packages/airflow/example_dags/example_branch_python_dop_operator_3.py took 0.406 seconds
[2022-06-27 05:05:25,351] {processor.py:153} INFO - Started process (PID=151624) to work on /home/ubuntu/airflow/airflow_env/lib/python3.8/site-packages/airflow/example_dags/example_branch_python_dop_operator_3.py
[2022-06-27 05:05:25,358] {processor.py:641} INFO - Processing file /home/ubuntu/airflow/airflow_env/lib/python3.8/site-packages/airflow/example_dags/example_branch_python_dop_operator_3.py for tasks to queue
[2022-06-27 05:05:25,359] {logging_mixin.py:115} INFO - [2022-06-27 05:05:25,359] {dagbag.py:507} INFO - Filling up the DagBag from /home/ubuntu/airflow/airflow_env/lib/python3.8/site-packages/airflow/example_dags/example_branch_python_dop_operator_3.py
[2022-06-27 05:05:25,400] {processor.py:651} INFO - DAG(s) dict_keys(['example_branch_dop_operator_v3']) retrieved from /home/ubuntu/airflow/airflow_env/lib/python3.8/site-packages/airflow/example_dags/example_branch_python_dop_operator_3.py
[2022-06-27 05:05:25,502] {logging_mixin.py:115} INFO - [2022-06-27 05:05:25,502] {dag.py:2379} INFO - Sync 1 DAGs
[2022-06-27 05:05:25,621] {logging_mixin.py:115} INFO - [2022-06-27 05:05:25,620] {dag.py:2927} INFO - Setting next_dagrun for example_branch_dop_operator_v3 to 2022-06-27T12:04:00+00:00, run_after=2022-06-27T12:05:00+00:00
[2022-06-27 05:05:25,666] {processor.py:161} INFO - Processing /home/ubuntu/airflow/airflow_env/lib/python3.8/site-packages/airflow/example_dags/example_branch_python_dop_operator_3.py took 0.333 seconds
[2022-06-27 05:06:19,364] {processor.py:153} INFO - Started process (PID=151670) to work on /home/ubuntu/airflow/airflow_env/lib/python3.8/site-packages/airflow/example_dags/example_branch_python_dop_operator_3.py
[2022-06-27 05:06:19,367] {processor.py:641} INFO - Processing file /home/ubuntu/airflow/airflow_env/lib/python3.8/site-packages/airflow/example_dags/example_branch_python_dop_operator_3.py for tasks to queue
[2022-06-27 05:06:19,368] {logging_mixin.py:115} INFO - [2022-06-27 05:06:19,368] {dagbag.py:507} INFO - Filling up the DagBag from /home/ubuntu/airflow/airflow_env/lib/python3.8/site-packages/airflow/example_dags/example_branch_python_dop_operator_3.py
[2022-06-27 05:06:19,499] {processor.py:651} INFO - DAG(s) dict_keys(['example_branch_dop_operator_v3']) retrieved from /home/ubuntu/airflow/airflow_env/lib/python3.8/site-packages/airflow/example_dags/example_branch_python_dop_operator_3.py
[2022-06-27 05:06:19,658] {logging_mixin.py:115} INFO - [2022-06-27 05:06:19,658] {dag.py:2379} INFO - Sync 1 DAGs
[2022-06-27 05:06:19,754] {logging_mixin.py:115} INFO - [2022-06-27 05:06:19,754] {dag.py:2927} INFO - Setting next_dagrun for example_branch_dop_operator_v3 to 2022-06-27T12:05:00+00:00, run_after=2022-06-27T12:06:00+00:00
[2022-06-27 05:06:19,820] {processor.py:161} INFO - Processing /home/ubuntu/airflow/airflow_env/lib/python3.8/site-packages/airflow/example_dags/example_branch_python_dop_operator_3.py took 0.517 seconds
[2022-06-27 05:07:17,975] {processor.py:153} INFO - Started process (PID=151713) to work on /home/ubuntu/airflow/airflow_env/lib/python3.8/site-packages/airflow/example_dags/example_branch_python_dop_operator_3.py
[2022-06-27 05:07:17,983] {processor.py:641} INFO - Processing file /home/ubuntu/airflow/airflow_env/lib/python3.8/site-packages/airflow/example_dags/example_branch_python_dop_operator_3.py for tasks to queue
[2022-06-27 05:07:17,987] {logging_mixin.py:115} INFO - [2022-06-27 05:07:17,987] {dagbag.py:507} INFO - Filling up the DagBag from /home/ubuntu/airflow/airflow_env/lib/python3.8/site-packages/airflow/example_dags/example_branch_python_dop_operator_3.py
[2022-06-27 05:07:18,041] {processor.py:651} INFO - DAG(s) dict_keys(['example_branch_dop_operator_v3']) retrieved from /home/ubuntu/airflow/airflow_env/lib/python3.8/site-packages/airflow/example_dags/example_branch_python_dop_operator_3.py
[2022-06-27 05:07:18,113] {logging_mixin.py:115} INFO - [2022-06-27 05:07:18,112] {dag.py:2379} INFO - Sync 1 DAGs
[2022-06-27 05:07:18,242] {logging_mixin.py:115} INFO - [2022-06-27 05:07:18,234] {dag.py:2927} INFO - Setting next_dagrun for example_branch_dop_operator_v3 to 2022-06-27T12:06:00+00:00, run_after=2022-06-27T12:07:00+00:00
[2022-06-27 05:07:18,335] {processor.py:161} INFO - Processing /home/ubuntu/airflow/airflow_env/lib/python3.8/site-packages/airflow/example_dags/example_branch_python_dop_operator_3.py took 0.373 seconds
[2022-06-27 05:08:12,072] {processor.py:153} INFO - Started process (PID=151754) to work on /home/ubuntu/airflow/airflow_env/lib/python3.8/site-packages/airflow/example_dags/example_branch_python_dop_operator_3.py
[2022-06-27 05:08:12,074] {processor.py:641} INFO - Processing file /home/ubuntu/airflow/airflow_env/lib/python3.8/site-packages/airflow/example_dags/example_branch_python_dop_operator_3.py for tasks to queue
[2022-06-27 05:08:12,075] {logging_mixin.py:115} INFO - [2022-06-27 05:08:12,075] {dagbag.py:507} INFO - Filling up the DagBag from /home/ubuntu/airflow/airflow_env/lib/python3.8/site-packages/airflow/example_dags/example_branch_python_dop_operator_3.py
[2022-06-27 05:08:12,117] {processor.py:651} INFO - DAG(s) dict_keys(['example_branch_dop_operator_v3']) retrieved from /home/ubuntu/airflow/airflow_env/lib/python3.8/site-packages/airflow/example_dags/example_branch_python_dop_operator_3.py
[2022-06-27 05:08:12,169] {logging_mixin.py:115} INFO - [2022-06-27 05:08:12,165] {dag.py:2379} INFO - Sync 1 DAGs
[2022-06-27 05:08:12,273] {logging_mixin.py:115} INFO - [2022-06-27 05:08:12,273] {dag.py:2927} INFO - Setting next_dagrun for example_branch_dop_operator_v3 to 2022-06-27T12:07:00+00:00, run_after=2022-06-27T12:08:00+00:00
[2022-06-27 05:08:12,417] {processor.py:161} INFO - Processing /home/ubuntu/airflow/airflow_env/lib/python3.8/site-packages/airflow/example_dags/example_branch_python_dop_operator_3.py took 0.365 seconds
[2022-06-27 05:09:05,807] {processor.py:153} INFO - Started process (PID=151797) to work on /home/ubuntu/airflow/airflow_env/lib/python3.8/site-packages/airflow/example_dags/example_branch_python_dop_operator_3.py
[2022-06-27 05:09:05,811] {processor.py:641} INFO - Processing file /home/ubuntu/airflow/airflow_env/lib/python3.8/site-packages/airflow/example_dags/example_branch_python_dop_operator_3.py for tasks to queue
[2022-06-27 05:09:05,812] {logging_mixin.py:115} INFO - [2022-06-27 05:09:05,812] {dagbag.py:507} INFO - Filling up the DagBag from /home/ubuntu/airflow/airflow_env/lib/python3.8/site-packages/airflow/example_dags/example_branch_python_dop_operator_3.py
[2022-06-27 05:09:05,885] {processor.py:651} INFO - DAG(s) dict_keys(['example_branch_dop_operator_v3']) retrieved from /home/ubuntu/airflow/airflow_env/lib/python3.8/site-packages/airflow/example_dags/example_branch_python_dop_operator_3.py
[2022-06-27 05:09:05,974] {logging_mixin.py:115} INFO - [2022-06-27 05:09:05,974] {dag.py:2379} INFO - Sync 1 DAGs
[2022-06-27 05:09:06,047] {logging_mixin.py:115} INFO - [2022-06-27 05:09:06,047] {dag.py:2927} INFO - Setting next_dagrun for example_branch_dop_operator_v3 to 2022-06-27T12:08:00+00:00, run_after=2022-06-27T12:09:00+00:00
[2022-06-27 05:09:06,123] {processor.py:161} INFO - Processing /home/ubuntu/airflow/airflow_env/lib/python3.8/site-packages/airflow/example_dags/example_branch_python_dop_operator_3.py took 0.344 seconds
[2022-06-27 05:09:59,625] {processor.py:153} INFO - Started process (PID=151866) to work on /home/ubuntu/airflow/airflow_env/lib/python3.8/site-packages/airflow/example_dags/example_branch_python_dop_operator_3.py
[2022-06-27 05:09:59,633] {processor.py:641} INFO - Processing file /home/ubuntu/airflow/airflow_env/lib/python3.8/site-packages/airflow/example_dags/example_branch_python_dop_operator_3.py for tasks to queue
[2022-06-27 05:09:59,638] {logging_mixin.py:115} INFO - [2022-06-27 05:09:59,638] {dagbag.py:507} INFO - Filling up the DagBag from /home/ubuntu/airflow/airflow_env/lib/python3.8/site-packages/airflow/example_dags/example_branch_python_dop_operator_3.py
[2022-06-27 05:09:59,678] {processor.py:651} INFO - DAG(s) dict_keys(['example_branch_dop_operator_v3']) retrieved from /home/ubuntu/airflow/airflow_env/lib/python3.8/site-packages/airflow/example_dags/example_branch_python_dop_operator_3.py
[2022-06-27 05:09:59,730] {logging_mixin.py:115} INFO - [2022-06-27 05:09:59,729] {dag.py:2379} INFO - Sync 1 DAGs
[2022-06-27 05:09:59,809] {logging_mixin.py:115} INFO - [2022-06-27 05:09:59,809] {dag.py:2927} INFO - Setting next_dagrun for example_branch_dop_operator_v3 to 2022-06-27T12:08:00+00:00, run_after=2022-06-27T12:09:00+00:00
[2022-06-27 05:09:59,849] {processor.py:161} INFO - Processing /home/ubuntu/airflow/airflow_env/lib/python3.8/site-packages/airflow/example_dags/example_branch_python_dop_operator_3.py took 0.249 seconds
[2022-06-27 05:10:48,586] {processor.py:153} INFO - Started process (PID=151911) to work on /home/ubuntu/airflow/airflow_env/lib/python3.8/site-packages/airflow/example_dags/example_branch_python_dop_operator_3.py
[2022-06-27 05:10:48,588] {processor.py:641} INFO - Processing file /home/ubuntu/airflow/airflow_env/lib/python3.8/site-packages/airflow/example_dags/example_branch_python_dop_operator_3.py for tasks to queue
[2022-06-27 05:10:48,589] {logging_mixin.py:115} INFO - [2022-06-27 05:10:48,589] {dagbag.py:507} INFO - Filling up the DagBag from /home/ubuntu/airflow/airflow_env/lib/python3.8/site-packages/airflow/example_dags/example_branch_python_dop_operator_3.py
[2022-06-27 05:10:48,620] {processor.py:651} INFO - DAG(s) dict_keys(['example_branch_dop_operator_v3']) retrieved from /home/ubuntu/airflow/airflow_env/lib/python3.8/site-packages/airflow/example_dags/example_branch_python_dop_operator_3.py
[2022-06-27 05:10:48,656] {logging_mixin.py:115} INFO - [2022-06-27 05:10:48,656] {dag.py:2379} INFO - Sync 1 DAGs
[2022-06-27 05:10:48,695] {logging_mixin.py:115} INFO - [2022-06-27 05:10:48,695] {dag.py:2927} INFO - Setting next_dagrun for example_branch_dop_operator_v3 to 2022-06-27T12:09:00+00:00, run_after=2022-06-27T12:10:00+00:00
[2022-06-27 05:10:48,718] {processor.py:161} INFO - Processing /home/ubuntu/airflow/airflow_env/lib/python3.8/site-packages/airflow/example_dags/example_branch_python_dop_operator_3.py took 0.144 seconds
[2022-06-27 05:11:36,228] {processor.py:153} INFO - Started process (PID=151947) to work on /home/ubuntu/airflow/airflow_env/lib/python3.8/site-packages/airflow/example_dags/example_branch_python_dop_operator_3.py
[2022-06-27 05:11:36,233] {processor.py:641} INFO - Processing file /home/ubuntu/airflow/airflow_env/lib/python3.8/site-packages/airflow/example_dags/example_branch_python_dop_operator_3.py for tasks to queue
[2022-06-27 05:11:36,234] {logging_mixin.py:115} INFO - [2022-06-27 05:11:36,234] {dagbag.py:507} INFO - Filling up the DagBag from /home/ubuntu/airflow/airflow_env/lib/python3.8/site-packages/airflow/example_dags/example_branch_python_dop_operator_3.py
[2022-06-27 05:11:36,260] {processor.py:651} INFO - DAG(s) dict_keys(['example_branch_dop_operator_v3']) retrieved from /home/ubuntu/airflow/airflow_env/lib/python3.8/site-packages/airflow/example_dags/example_branch_python_dop_operator_3.py
[2022-06-27 05:11:36,324] {logging_mixin.py:115} INFO - [2022-06-27 05:11:36,324] {dag.py:2379} INFO - Sync 1 DAGs
[2022-06-27 05:11:36,420] {logging_mixin.py:115} INFO - [2022-06-27 05:11:36,419] {dag.py:2927} INFO - Setting next_dagrun for example_branch_dop_operator_v3 to 2022-06-27T12:10:00+00:00, run_after=2022-06-27T12:11:00+00:00
[2022-06-27 05:11:36,505] {processor.py:161} INFO - Processing /home/ubuntu/airflow/airflow_env/lib/python3.8/site-packages/airflow/example_dags/example_branch_python_dop_operator_3.py took 0.298 seconds
[2022-06-27 05:12:33,767] {processor.py:153} INFO - Started process (PID=151994) to work on /home/ubuntu/airflow/airflow_env/lib/python3.8/site-packages/airflow/example_dags/example_branch_python_dop_operator_3.py
[2022-06-27 05:12:33,769] {processor.py:641} INFO - Processing file /home/ubuntu/airflow/airflow_env/lib/python3.8/site-packages/airflow/example_dags/example_branch_python_dop_operator_3.py for tasks to queue
[2022-06-27 05:12:33,770] {logging_mixin.py:115} INFO - [2022-06-27 05:12:33,770] {dagbag.py:507} INFO - Filling up the DagBag from /home/ubuntu/airflow/airflow_env/lib/python3.8/site-packages/airflow/example_dags/example_branch_python_dop_operator_3.py
[2022-06-27 05:12:33,813] {processor.py:651} INFO - DAG(s) dict_keys(['example_branch_dop_operator_v3']) retrieved from /home/ubuntu/airflow/airflow_env/lib/python3.8/site-packages/airflow/example_dags/example_branch_python_dop_operator_3.py
[2022-06-27 05:12:33,897] {logging_mixin.py:115} INFO - [2022-06-27 05:12:33,897] {dag.py:2379} INFO - Sync 1 DAGs
[2022-06-27 05:12:33,980] {logging_mixin.py:115} INFO - [2022-06-27 05:12:33,980] {dag.py:2927} INFO - Setting next_dagrun for example_branch_dop_operator_v3 to 2022-06-27T12:11:00+00:00, run_after=2022-06-27T12:12:00+00:00
[2022-06-27 05:12:34,048] {processor.py:161} INFO - Processing /home/ubuntu/airflow/airflow_env/lib/python3.8/site-packages/airflow/example_dags/example_branch_python_dop_operator_3.py took 0.295 seconds
[2022-06-27 05:13:26,285] {processor.py:153} INFO - Started process (PID=152032) to work on /home/ubuntu/airflow/airflow_env/lib/python3.8/site-packages/airflow/example_dags/example_branch_python_dop_operator_3.py
[2022-06-27 05:13:26,286] {processor.py:641} INFO - Processing file /home/ubuntu/airflow/airflow_env/lib/python3.8/site-packages/airflow/example_dags/example_branch_python_dop_operator_3.py for tasks to queue
[2022-06-27 05:13:26,290] {logging_mixin.py:115} INFO - [2022-06-27 05:13:26,289] {dagbag.py:507} INFO - Filling up the DagBag from /home/ubuntu/airflow/airflow_env/lib/python3.8/site-packages/airflow/example_dags/example_branch_python_dop_operator_3.py
[2022-06-27 05:13:26,340] {processor.py:651} INFO - DAG(s) dict_keys(['example_branch_dop_operator_v3']) retrieved from /home/ubuntu/airflow/airflow_env/lib/python3.8/site-packages/airflow/example_dags/example_branch_python_dop_operator_3.py
[2022-06-27 05:13:26,449] {logging_mixin.py:115} INFO - [2022-06-27 05:13:26,448] {dag.py:2379} INFO - Sync 1 DAGs
[2022-06-27 05:13:26,554] {logging_mixin.py:115} INFO - [2022-06-27 05:13:26,554] {dag.py:2927} INFO - Setting next_dagrun for example_branch_dop_operator_v3 to 2022-06-27T12:12:00+00:00, run_after=2022-06-27T12:13:00+00:00
[2022-06-27 05:13:26,596] {processor.py:161} INFO - Processing /home/ubuntu/airflow/airflow_env/lib/python3.8/site-packages/airflow/example_dags/example_branch_python_dop_operator_3.py took 0.324 seconds
[2022-06-27 05:14:19,813] {processor.py:153} INFO - Started process (PID=152077) to work on /home/ubuntu/airflow/airflow_env/lib/python3.8/site-packages/airflow/example_dags/example_branch_python_dop_operator_3.py
[2022-06-27 05:14:19,822] {processor.py:641} INFO - Processing file /home/ubuntu/airflow/airflow_env/lib/python3.8/site-packages/airflow/example_dags/example_branch_python_dop_operator_3.py for tasks to queue
[2022-06-27 05:14:19,824] {logging_mixin.py:115} INFO - [2022-06-27 05:14:19,823] {dagbag.py:507} INFO - Filling up the DagBag from /home/ubuntu/airflow/airflow_env/lib/python3.8/site-packages/airflow/example_dags/example_branch_python_dop_operator_3.py
[2022-06-27 05:14:19,877] {processor.py:651} INFO - DAG(s) dict_keys(['example_branch_dop_operator_v3']) retrieved from /home/ubuntu/airflow/airflow_env/lib/python3.8/site-packages/airflow/example_dags/example_branch_python_dop_operator_3.py
[2022-06-27 05:14:19,979] {logging_mixin.py:115} INFO - [2022-06-27 05:14:19,979] {dag.py:2379} INFO - Sync 1 DAGs
[2022-06-27 05:14:20,083] {logging_mixin.py:115} INFO - [2022-06-27 05:14:20,082] {dag.py:2927} INFO - Setting next_dagrun for example_branch_dop_operator_v3 to 2022-06-27T12:13:00+00:00, run_after=2022-06-27T12:14:00+00:00
[2022-06-27 05:14:20,146] {processor.py:161} INFO - Processing /home/ubuntu/airflow/airflow_env/lib/python3.8/site-packages/airflow/example_dags/example_branch_python_dop_operator_3.py took 0.354 seconds
[2022-06-27 05:15:10,897] {processor.py:153} INFO - Started process (PID=152116) to work on /home/ubuntu/airflow/airflow_env/lib/python3.8/site-packages/airflow/example_dags/example_branch_python_dop_operator_3.py
[2022-06-27 05:15:10,906] {processor.py:641} INFO - Processing file /home/ubuntu/airflow/airflow_env/lib/python3.8/site-packages/airflow/example_dags/example_branch_python_dop_operator_3.py for tasks to queue
[2022-06-27 05:15:10,907] {logging_mixin.py:115} INFO - [2022-06-27 05:15:10,907] {dagbag.py:507} INFO - Filling up the DagBag from /home/ubuntu/airflow/airflow_env/lib/python3.8/site-packages/airflow/example_dags/example_branch_python_dop_operator_3.py
[2022-06-27 05:15:10,964] {processor.py:651} INFO - DAG(s) dict_keys(['example_branch_dop_operator_v3']) retrieved from /home/ubuntu/airflow/airflow_env/lib/python3.8/site-packages/airflow/example_dags/example_branch_python_dop_operator_3.py
[2022-06-27 05:15:11,034] {logging_mixin.py:115} INFO - [2022-06-27 05:15:11,034] {dag.py:2379} INFO - Sync 1 DAGs
[2022-06-27 05:15:11,141] {logging_mixin.py:115} INFO - [2022-06-27 05:15:11,141] {dag.py:2927} INFO - Setting next_dagrun for example_branch_dop_operator_v3 to 2022-06-27T12:14:00+00:00, run_after=2022-06-27T12:15:00+00:00
[2022-06-27 05:15:11,182] {processor.py:161} INFO - Processing /home/ubuntu/airflow/airflow_env/lib/python3.8/site-packages/airflow/example_dags/example_branch_python_dop_operator_3.py took 0.303 seconds
[2022-06-27 05:16:01,255] {processor.py:153} INFO - Started process (PID=152153) to work on /home/ubuntu/airflow/airflow_env/lib/python3.8/site-packages/airflow/example_dags/example_branch_python_dop_operator_3.py
[2022-06-27 05:16:01,263] {processor.py:641} INFO - Processing file /home/ubuntu/airflow/airflow_env/lib/python3.8/site-packages/airflow/example_dags/example_branch_python_dop_operator_3.py for tasks to queue
[2022-06-27 05:16:01,275] {logging_mixin.py:115} INFO - [2022-06-27 05:16:01,271] {dagbag.py:507} INFO - Filling up the DagBag from /home/ubuntu/airflow/airflow_env/lib/python3.8/site-packages/airflow/example_dags/example_branch_python_dop_operator_3.py
[2022-06-27 05:16:01,366] {processor.py:651} INFO - DAG(s) dict_keys(['example_branch_dop_operator_v3']) retrieved from /home/ubuntu/airflow/airflow_env/lib/python3.8/site-packages/airflow/example_dags/example_branch_python_dop_operator_3.py
[2022-06-27 05:16:01,443] {logging_mixin.py:115} INFO - [2022-06-27 05:16:01,443] {dag.py:2379} INFO - Sync 1 DAGs
[2022-06-27 05:16:01,531] {logging_mixin.py:115} INFO - [2022-06-27 05:16:01,530] {dag.py:2927} INFO - Setting next_dagrun for example_branch_dop_operator_v3 to 2022-06-27T12:15:00+00:00, run_after=2022-06-27T12:16:00+00:00
[2022-06-27 05:16:01,573] {processor.py:161} INFO - Processing /home/ubuntu/airflow/airflow_env/lib/python3.8/site-packages/airflow/example_dags/example_branch_python_dop_operator_3.py took 0.353 seconds
[2022-06-27 05:16:54,233] {processor.py:153} INFO - Started process (PID=152206) to work on /home/ubuntu/airflow/airflow_env/lib/python3.8/site-packages/airflow/example_dags/example_branch_python_dop_operator_3.py
[2022-06-27 05:16:54,237] {processor.py:641} INFO - Processing file /home/ubuntu/airflow/airflow_env/lib/python3.8/site-packages/airflow/example_dags/example_branch_python_dop_operator_3.py for tasks to queue
[2022-06-27 05:16:54,242] {logging_mixin.py:115} INFO - [2022-06-27 05:16:54,242] {dagbag.py:507} INFO - Filling up the DagBag from /home/ubuntu/airflow/airflow_env/lib/python3.8/site-packages/airflow/example_dags/example_branch_python_dop_operator_3.py
[2022-06-27 05:16:54,263] {processor.py:651} INFO - DAG(s) dict_keys(['example_branch_dop_operator_v3']) retrieved from /home/ubuntu/airflow/airflow_env/lib/python3.8/site-packages/airflow/example_dags/example_branch_python_dop_operator_3.py
[2022-06-27 05:16:54,369] {logging_mixin.py:115} INFO - [2022-06-27 05:16:54,369] {dag.py:2379} INFO - Sync 1 DAGs
[2022-06-27 05:16:54,457] {logging_mixin.py:115} INFO - [2022-06-27 05:16:54,457] {dag.py:2927} INFO - Setting next_dagrun for example_branch_dop_operator_v3 to 2022-06-27T12:15:00+00:00, run_after=2022-06-27T12:16:00+00:00
[2022-06-27 05:16:54,476] {processor.py:161} INFO - Processing /home/ubuntu/airflow/airflow_env/lib/python3.8/site-packages/airflow/example_dags/example_branch_python_dop_operator_3.py took 0.257 seconds
[2022-06-27 05:17:44,857] {processor.py:153} INFO - Started process (PID=152247) to work on /home/ubuntu/airflow/airflow_env/lib/python3.8/site-packages/airflow/example_dags/example_branch_python_dop_operator_3.py
[2022-06-27 05:17:44,859] {processor.py:641} INFO - Processing file /home/ubuntu/airflow/airflow_env/lib/python3.8/site-packages/airflow/example_dags/example_branch_python_dop_operator_3.py for tasks to queue
[2022-06-27 05:17:44,861] {logging_mixin.py:115} INFO - [2022-06-27 05:17:44,861] {dagbag.py:507} INFO - Filling up the DagBag from /home/ubuntu/airflow/airflow_env/lib/python3.8/site-packages/airflow/example_dags/example_branch_python_dop_operator_3.py
[2022-06-27 05:17:44,974] {processor.py:651} INFO - DAG(s) dict_keys(['example_branch_dop_operator_v3']) retrieved from /home/ubuntu/airflow/airflow_env/lib/python3.8/site-packages/airflow/example_dags/example_branch_python_dop_operator_3.py
[2022-06-27 05:17:45,051] {logging_mixin.py:115} INFO - [2022-06-27 05:17:45,051] {dag.py:2379} INFO - Sync 1 DAGs
[2022-06-27 05:17:45,204] {logging_mixin.py:115} INFO - [2022-06-27 05:17:45,204] {dag.py:2927} INFO - Setting next_dagrun for example_branch_dop_operator_v3 to 2022-06-27T12:16:00+00:00, run_after=2022-06-27T12:17:00+00:00
[2022-06-27 05:17:45,239] {processor.py:161} INFO - Processing /home/ubuntu/airflow/airflow_env/lib/python3.8/site-packages/airflow/example_dags/example_branch_python_dop_operator_3.py took 0.387 seconds
[2022-06-27 05:18:35,050] {processor.py:153} INFO - Started process (PID=152290) to work on /home/ubuntu/airflow/airflow_env/lib/python3.8/site-packages/airflow/example_dags/example_branch_python_dop_operator_3.py
[2022-06-27 05:18:35,059] {processor.py:641} INFO - Processing file /home/ubuntu/airflow/airflow_env/lib/python3.8/site-packages/airflow/example_dags/example_branch_python_dop_operator_3.py for tasks to queue
[2022-06-27 05:18:35,060] {logging_mixin.py:115} INFO - [2022-06-27 05:18:35,059] {dagbag.py:507} INFO - Filling up the DagBag from /home/ubuntu/airflow/airflow_env/lib/python3.8/site-packages/airflow/example_dags/example_branch_python_dop_operator_3.py
[2022-06-27 05:18:35,103] {processor.py:651} INFO - DAG(s) dict_keys(['example_branch_dop_operator_v3']) retrieved from /home/ubuntu/airflow/airflow_env/lib/python3.8/site-packages/airflow/example_dags/example_branch_python_dop_operator_3.py
[2022-06-27 05:18:35,287] {logging_mixin.py:115} INFO - [2022-06-27 05:18:35,287] {dag.py:2379} INFO - Sync 1 DAGs
[2022-06-27 05:18:35,397] {logging_mixin.py:115} INFO - [2022-06-27 05:18:35,397] {dag.py:2927} INFO - Setting next_dagrun for example_branch_dop_operator_v3 to 2022-06-27T12:17:00+00:00, run_after=2022-06-27T12:18:00+00:00
[2022-06-27 05:18:35,464] {processor.py:161} INFO - Processing /home/ubuntu/airflow/airflow_env/lib/python3.8/site-packages/airflow/example_dags/example_branch_python_dop_operator_3.py took 0.435 seconds
[2022-06-27 05:19:23,235] {processor.py:153} INFO - Started process (PID=152326) to work on /home/ubuntu/airflow/airflow_env/lib/python3.8/site-packages/airflow/example_dags/example_branch_python_dop_operator_3.py
[2022-06-27 05:19:23,238] {processor.py:641} INFO - Processing file /home/ubuntu/airflow/airflow_env/lib/python3.8/site-packages/airflow/example_dags/example_branch_python_dop_operator_3.py for tasks to queue
[2022-06-27 05:19:23,239] {logging_mixin.py:115} INFO - [2022-06-27 05:19:23,239] {dagbag.py:507} INFO - Filling up the DagBag from /home/ubuntu/airflow/airflow_env/lib/python3.8/site-packages/airflow/example_dags/example_branch_python_dop_operator_3.py
[2022-06-27 05:19:23,308] {processor.py:651} INFO - DAG(s) dict_keys(['example_branch_dop_operator_v3']) retrieved from /home/ubuntu/airflow/airflow_env/lib/python3.8/site-packages/airflow/example_dags/example_branch_python_dop_operator_3.py
[2022-06-27 05:19:23,368] {logging_mixin.py:115} INFO - [2022-06-27 05:19:23,367] {dag.py:2379} INFO - Sync 1 DAGs
[2022-06-27 05:19:23,437] {logging_mixin.py:115} INFO - [2022-06-27 05:19:23,437] {dag.py:2927} INFO - Setting next_dagrun for example_branch_dop_operator_v3 to 2022-06-27T12:18:00+00:00, run_after=2022-06-27T12:19:00+00:00
[2022-06-27 05:19:23,491] {processor.py:161} INFO - Processing /home/ubuntu/airflow/airflow_env/lib/python3.8/site-packages/airflow/example_dags/example_branch_python_dop_operator_3.py took 0.277 seconds
[2022-06-27 05:20:14,840] {processor.py:153} INFO - Started process (PID=152365) to work on /home/ubuntu/airflow/airflow_env/lib/python3.8/site-packages/airflow/example_dags/example_branch_python_dop_operator_3.py
[2022-06-27 05:20:14,849] {processor.py:641} INFO - Processing file /home/ubuntu/airflow/airflow_env/lib/python3.8/site-packages/airflow/example_dags/example_branch_python_dop_operator_3.py for tasks to queue
[2022-06-27 05:20:14,851] {logging_mixin.py:115} INFO - [2022-06-27 05:20:14,850] {dagbag.py:507} INFO - Filling up the DagBag from /home/ubuntu/airflow/airflow_env/lib/python3.8/site-packages/airflow/example_dags/example_branch_python_dop_operator_3.py
[2022-06-27 05:20:14,955] {processor.py:651} INFO - DAG(s) dict_keys(['example_branch_dop_operator_v3']) retrieved from /home/ubuntu/airflow/airflow_env/lib/python3.8/site-packages/airflow/example_dags/example_branch_python_dop_operator_3.py
[2022-06-27 05:20:15,027] {logging_mixin.py:115} INFO - [2022-06-27 05:20:15,027] {dag.py:2379} INFO - Sync 1 DAGs
[2022-06-27 05:20:15,077] {logging_mixin.py:115} INFO - [2022-06-27 05:20:15,077] {dag.py:2927} INFO - Setting next_dagrun for example_branch_dop_operator_v3 to 2022-06-27T12:19:00+00:00, run_after=2022-06-27T12:20:00+00:00
[2022-06-27 05:20:15,099] {processor.py:161} INFO - Processing /home/ubuntu/airflow/airflow_env/lib/python3.8/site-packages/airflow/example_dags/example_branch_python_dop_operator_3.py took 0.283 seconds
[2022-06-27 05:21:06,857] {processor.py:153} INFO - Started process (PID=152412) to work on /home/ubuntu/airflow/airflow_env/lib/python3.8/site-packages/airflow/example_dags/example_branch_python_dop_operator_3.py
[2022-06-27 05:21:06,861] {processor.py:641} INFO - Processing file /home/ubuntu/airflow/airflow_env/lib/python3.8/site-packages/airflow/example_dags/example_branch_python_dop_operator_3.py for tasks to queue
[2022-06-27 05:21:06,864] {logging_mixin.py:115} INFO - [2022-06-27 05:21:06,864] {dagbag.py:507} INFO - Filling up the DagBag from /home/ubuntu/airflow/airflow_env/lib/python3.8/site-packages/airflow/example_dags/example_branch_python_dop_operator_3.py
[2022-06-27 05:21:06,952] {processor.py:651} INFO - DAG(s) dict_keys(['example_branch_dop_operator_v3']) retrieved from /home/ubuntu/airflow/airflow_env/lib/python3.8/site-packages/airflow/example_dags/example_branch_python_dop_operator_3.py
[2022-06-27 05:21:07,056] {logging_mixin.py:115} INFO - [2022-06-27 05:21:07,056] {dag.py:2379} INFO - Sync 1 DAGs
[2022-06-27 05:21:07,108] {logging_mixin.py:115} INFO - [2022-06-27 05:21:07,108] {dag.py:2927} INFO - Setting next_dagrun for example_branch_dop_operator_v3 to 2022-06-27T12:20:00+00:00, run_after=2022-06-27T12:21:00+00:00
[2022-06-27 05:21:07,132] {processor.py:161} INFO - Processing /home/ubuntu/airflow/airflow_env/lib/python3.8/site-packages/airflow/example_dags/example_branch_python_dop_operator_3.py took 0.315 seconds
[2022-06-27 05:22:00,083] {processor.py:153} INFO - Started process (PID=152455) to work on /home/ubuntu/airflow/airflow_env/lib/python3.8/site-packages/airflow/example_dags/example_branch_python_dop_operator_3.py
[2022-06-27 05:22:00,084] {processor.py:641} INFO - Processing file /home/ubuntu/airflow/airflow_env/lib/python3.8/site-packages/airflow/example_dags/example_branch_python_dop_operator_3.py for tasks to queue
[2022-06-27 05:22:00,085] {logging_mixin.py:115} INFO - [2022-06-27 05:22:00,085] {dagbag.py:507} INFO - Filling up the DagBag from /home/ubuntu/airflow/airflow_env/lib/python3.8/site-packages/airflow/example_dags/example_branch_python_dop_operator_3.py
[2022-06-27 05:22:00,109] {processor.py:651} INFO - DAG(s) dict_keys(['example_branch_dop_operator_v3']) retrieved from /home/ubuntu/airflow/airflow_env/lib/python3.8/site-packages/airflow/example_dags/example_branch_python_dop_operator_3.py
[2022-06-27 05:22:00,148] {logging_mixin.py:115} INFO - [2022-06-27 05:22:00,148] {dag.py:2379} INFO - Sync 1 DAGs
[2022-06-27 05:22:00,319] {logging_mixin.py:115} INFO - [2022-06-27 05:22:00,319] {dag.py:2927} INFO - Setting next_dagrun for example_branch_dop_operator_v3 to 2022-06-27T12:21:00+00:00, run_after=2022-06-27T12:22:00+00:00
[2022-06-27 05:22:00,403] {processor.py:161} INFO - Processing /home/ubuntu/airflow/airflow_env/lib/python3.8/site-packages/airflow/example_dags/example_branch_python_dop_operator_3.py took 0.332 seconds
[2022-06-27 05:22:52,350] {processor.py:153} INFO - Started process (PID=152496) to work on /home/ubuntu/airflow/airflow_env/lib/python3.8/site-packages/airflow/example_dags/example_branch_python_dop_operator_3.py
[2022-06-27 05:22:52,351] {processor.py:641} INFO - Processing file /home/ubuntu/airflow/airflow_env/lib/python3.8/site-packages/airflow/example_dags/example_branch_python_dop_operator_3.py for tasks to queue
[2022-06-27 05:22:52,358] {logging_mixin.py:115} INFO - [2022-06-27 05:22:52,358] {dagbag.py:507} INFO - Filling up the DagBag from /home/ubuntu/airflow/airflow_env/lib/python3.8/site-packages/airflow/example_dags/example_branch_python_dop_operator_3.py
[2022-06-27 05:22:52,392] {processor.py:651} INFO - DAG(s) dict_keys(['example_branch_dop_operator_v3']) retrieved from /home/ubuntu/airflow/airflow_env/lib/python3.8/site-packages/airflow/example_dags/example_branch_python_dop_operator_3.py
[2022-06-27 05:22:52,438] {logging_mixin.py:115} INFO - [2022-06-27 05:22:52,438] {dag.py:2379} INFO - Sync 1 DAGs
[2022-06-27 05:22:52,533] {logging_mixin.py:115} INFO - [2022-06-27 05:22:52,533] {dag.py:2927} INFO - Setting next_dagrun for example_branch_dop_operator_v3 to 2022-06-27T12:21:00+00:00, run_after=2022-06-27T12:22:00+00:00
[2022-06-27 05:22:52,559] {processor.py:161} INFO - Processing /home/ubuntu/airflow/airflow_env/lib/python3.8/site-packages/airflow/example_dags/example_branch_python_dop_operator_3.py took 0.218 seconds
[2022-06-27 05:23:42,156] {processor.py:153} INFO - Started process (PID=152545) to work on /home/ubuntu/airflow/airflow_env/lib/python3.8/site-packages/airflow/example_dags/example_branch_python_dop_operator_3.py
[2022-06-27 05:23:42,157] {processor.py:641} INFO - Processing file /home/ubuntu/airflow/airflow_env/lib/python3.8/site-packages/airflow/example_dags/example_branch_python_dop_operator_3.py for tasks to queue
[2022-06-27 05:23:42,164] {logging_mixin.py:115} INFO - [2022-06-27 05:23:42,164] {dagbag.py:507} INFO - Filling up the DagBag from /home/ubuntu/airflow/airflow_env/lib/python3.8/site-packages/airflow/example_dags/example_branch_python_dop_operator_3.py
[2022-06-27 05:23:42,186] {processor.py:651} INFO - DAG(s) dict_keys(['example_branch_dop_operator_v3']) retrieved from /home/ubuntu/airflow/airflow_env/lib/python3.8/site-packages/airflow/example_dags/example_branch_python_dop_operator_3.py
[2022-06-27 05:23:42,265] {logging_mixin.py:115} INFO - [2022-06-27 05:23:42,265] {dag.py:2379} INFO - Sync 1 DAGs
[2022-06-27 05:23:42,317] {logging_mixin.py:115} INFO - [2022-06-27 05:23:42,316] {dag.py:2927} INFO - Setting next_dagrun for example_branch_dop_operator_v3 to 2022-06-27T12:22:00+00:00, run_after=2022-06-27T12:23:00+00:00
[2022-06-27 05:23:42,364] {processor.py:161} INFO - Processing /home/ubuntu/airflow/airflow_env/lib/python3.8/site-packages/airflow/example_dags/example_branch_python_dop_operator_3.py took 0.214 seconds
[2022-06-27 05:24:30,662] {processor.py:153} INFO - Started process (PID=152583) to work on /home/ubuntu/airflow/airflow_env/lib/python3.8/site-packages/airflow/example_dags/example_branch_python_dop_operator_3.py
[2022-06-27 05:24:30,663] {processor.py:641} INFO - Processing file /home/ubuntu/airflow/airflow_env/lib/python3.8/site-packages/airflow/example_dags/example_branch_python_dop_operator_3.py for tasks to queue
[2022-06-27 05:24:30,665] {logging_mixin.py:115} INFO - [2022-06-27 05:24:30,664] {dagbag.py:507} INFO - Filling up the DagBag from /home/ubuntu/airflow/airflow_env/lib/python3.8/site-packages/airflow/example_dags/example_branch_python_dop_operator_3.py
[2022-06-27 05:24:30,708] {processor.py:651} INFO - DAG(s) dict_keys(['example_branch_dop_operator_v3']) retrieved from /home/ubuntu/airflow/airflow_env/lib/python3.8/site-packages/airflow/example_dags/example_branch_python_dop_operator_3.py
[2022-06-27 05:24:30,775] {logging_mixin.py:115} INFO - [2022-06-27 05:24:30,775] {dag.py:2379} INFO - Sync 1 DAGs
[2022-06-27 05:24:30,813] {logging_mixin.py:115} INFO - [2022-06-27 05:24:30,813] {dag.py:2927} INFO - Setting next_dagrun for example_branch_dop_operator_v3 to 2022-06-27T12:23:00+00:00, run_after=2022-06-27T12:24:00+00:00
[2022-06-27 05:24:30,831] {processor.py:161} INFO - Processing /home/ubuntu/airflow/airflow_env/lib/python3.8/site-packages/airflow/example_dags/example_branch_python_dop_operator_3.py took 0.192 seconds
[2022-06-27 05:25:18,965] {processor.py:153} INFO - Started process (PID=152619) to work on /home/ubuntu/airflow/airflow_env/lib/python3.8/site-packages/airflow/example_dags/example_branch_python_dop_operator_3.py
[2022-06-27 05:25:18,967] {processor.py:641} INFO - Processing file /home/ubuntu/airflow/airflow_env/lib/python3.8/site-packages/airflow/example_dags/example_branch_python_dop_operator_3.py for tasks to queue
[2022-06-27 05:25:18,968] {logging_mixin.py:115} INFO - [2022-06-27 05:25:18,968] {dagbag.py:507} INFO - Filling up the DagBag from /home/ubuntu/airflow/airflow_env/lib/python3.8/site-packages/airflow/example_dags/example_branch_python_dop_operator_3.py
[2022-06-27 05:25:18,999] {processor.py:651} INFO - DAG(s) dict_keys(['example_branch_dop_operator_v3']) retrieved from /home/ubuntu/airflow/airflow_env/lib/python3.8/site-packages/airflow/example_dags/example_branch_python_dop_operator_3.py
[2022-06-27 05:25:19,105] {logging_mixin.py:115} INFO - [2022-06-27 05:25:19,105] {dag.py:2379} INFO - Sync 1 DAGs
[2022-06-27 05:25:19,294] {logging_mixin.py:115} INFO - [2022-06-27 05:25:19,293] {dag.py:2927} INFO - Setting next_dagrun for example_branch_dop_operator_v3 to 2022-06-27T12:24:00+00:00, run_after=2022-06-27T12:25:00+00:00
[2022-06-27 05:25:19,384] {processor.py:161} INFO - Processing /home/ubuntu/airflow/airflow_env/lib/python3.8/site-packages/airflow/example_dags/example_branch_python_dop_operator_3.py took 0.433 seconds
[2022-06-27 05:26:11,528] {processor.py:153} INFO - Started process (PID=152657) to work on /home/ubuntu/airflow/airflow_env/lib/python3.8/site-packages/airflow/example_dags/example_branch_python_dop_operator_3.py
[2022-06-27 05:26:11,529] {processor.py:641} INFO - Processing file /home/ubuntu/airflow/airflow_env/lib/python3.8/site-packages/airflow/example_dags/example_branch_python_dop_operator_3.py for tasks to queue
[2022-06-27 05:26:11,529] {logging_mixin.py:115} INFO - [2022-06-27 05:26:11,529] {dagbag.py:507} INFO - Filling up the DagBag from /home/ubuntu/airflow/airflow_env/lib/python3.8/site-packages/airflow/example_dags/example_branch_python_dop_operator_3.py
[2022-06-27 05:26:11,545] {processor.py:651} INFO - DAG(s) dict_keys(['example_branch_dop_operator_v3']) retrieved from /home/ubuntu/airflow/airflow_env/lib/python3.8/site-packages/airflow/example_dags/example_branch_python_dop_operator_3.py
[2022-06-27 05:26:11,571] {logging_mixin.py:115} INFO - [2022-06-27 05:26:11,571] {dag.py:2379} INFO - Sync 1 DAGs
[2022-06-27 05:26:11,609] {logging_mixin.py:115} INFO - [2022-06-27 05:26:11,609] {dag.py:2927} INFO - Setting next_dagrun for example_branch_dop_operator_v3 to 2022-06-27T12:25:00+00:00, run_after=2022-06-27T12:26:00+00:00
[2022-06-27 05:26:11,628] {processor.py:161} INFO - Processing /home/ubuntu/airflow/airflow_env/lib/python3.8/site-packages/airflow/example_dags/example_branch_python_dop_operator_3.py took 0.104 seconds
[2022-06-27 05:26:55,473] {processor.py:153} INFO - Started process (PID=152695) to work on /home/ubuntu/airflow/airflow_env/lib/python3.8/site-packages/airflow/example_dags/example_branch_python_dop_operator_3.py
[2022-06-27 05:26:55,476] {processor.py:641} INFO - Processing file /home/ubuntu/airflow/airflow_env/lib/python3.8/site-packages/airflow/example_dags/example_branch_python_dop_operator_3.py for tasks to queue
[2022-06-27 05:26:55,478] {logging_mixin.py:115} INFO - [2022-06-27 05:26:55,477] {dagbag.py:507} INFO - Filling up the DagBag from /home/ubuntu/airflow/airflow_env/lib/python3.8/site-packages/airflow/example_dags/example_branch_python_dop_operator_3.py
[2022-06-27 05:26:55,522] {processor.py:651} INFO - DAG(s) dict_keys(['example_branch_dop_operator_v3']) retrieved from /home/ubuntu/airflow/airflow_env/lib/python3.8/site-packages/airflow/example_dags/example_branch_python_dop_operator_3.py
[2022-06-27 05:26:55,666] {logging_mixin.py:115} INFO - [2022-06-27 05:26:55,665] {dag.py:2379} INFO - Sync 1 DAGs
[2022-06-27 05:26:55,875] {logging_mixin.py:115} INFO - [2022-06-27 05:26:55,875] {dag.py:2927} INFO - Setting next_dagrun for example_branch_dop_operator_v3 to 2022-06-27T12:25:00+00:00, run_after=2022-06-27T12:26:00+00:00
[2022-06-27 05:26:55,920] {processor.py:161} INFO - Processing /home/ubuntu/airflow/airflow_env/lib/python3.8/site-packages/airflow/example_dags/example_branch_python_dop_operator_3.py took 0.463 seconds
[2022-06-27 05:27:43,843] {processor.py:153} INFO - Started process (PID=152753) to work on /home/ubuntu/airflow/airflow_env/lib/python3.8/site-packages/airflow/example_dags/example_branch_python_dop_operator_3.py
[2022-06-27 05:27:43,845] {processor.py:641} INFO - Processing file /home/ubuntu/airflow/airflow_env/lib/python3.8/site-packages/airflow/example_dags/example_branch_python_dop_operator_3.py for tasks to queue
[2022-06-27 05:27:43,846] {logging_mixin.py:115} INFO - [2022-06-27 05:27:43,846] {dagbag.py:507} INFO - Filling up the DagBag from /home/ubuntu/airflow/airflow_env/lib/python3.8/site-packages/airflow/example_dags/example_branch_python_dop_operator_3.py
[2022-06-27 05:27:43,898] {processor.py:651} INFO - DAG(s) dict_keys(['example_branch_dop_operator_v3']) retrieved from /home/ubuntu/airflow/airflow_env/lib/python3.8/site-packages/airflow/example_dags/example_branch_python_dop_operator_3.py
[2022-06-27 05:27:43,997] {logging_mixin.py:115} INFO - [2022-06-27 05:27:43,997] {dag.py:2379} INFO - Sync 1 DAGs
[2022-06-27 05:27:44,094] {logging_mixin.py:115} INFO - [2022-06-27 05:27:44,094] {dag.py:2927} INFO - Setting next_dagrun for example_branch_dop_operator_v3 to 2022-06-27T12:26:00+00:00, run_after=2022-06-27T12:27:00+00:00
[2022-06-27 05:27:44,164] {processor.py:161} INFO - Processing /home/ubuntu/airflow/airflow_env/lib/python3.8/site-packages/airflow/example_dags/example_branch_python_dop_operator_3.py took 0.341 seconds
[2022-06-27 05:28:37,292] {processor.py:153} INFO - Started process (PID=152801) to work on /home/ubuntu/airflow/airflow_env/lib/python3.8/site-packages/airflow/example_dags/example_branch_python_dop_operator_3.py
[2022-06-27 05:28:37,295] {processor.py:641} INFO - Processing file /home/ubuntu/airflow/airflow_env/lib/python3.8/site-packages/airflow/example_dags/example_branch_python_dop_operator_3.py for tasks to queue
[2022-06-27 05:28:37,296] {logging_mixin.py:115} INFO - [2022-06-27 05:28:37,296] {dagbag.py:507} INFO - Filling up the DagBag from /home/ubuntu/airflow/airflow_env/lib/python3.8/site-packages/airflow/example_dags/example_branch_python_dop_operator_3.py
[2022-06-27 05:28:37,336] {processor.py:651} INFO - DAG(s) dict_keys(['example_branch_dop_operator_v3']) retrieved from /home/ubuntu/airflow/airflow_env/lib/python3.8/site-packages/airflow/example_dags/example_branch_python_dop_operator_3.py
[2022-06-27 05:28:37,409] {logging_mixin.py:115} INFO - [2022-06-27 05:28:37,404] {dag.py:2379} INFO - Sync 1 DAGs
[2022-06-27 05:28:37,544] {logging_mixin.py:115} INFO - [2022-06-27 05:28:37,544] {dag.py:2927} INFO - Setting next_dagrun for example_branch_dop_operator_v3 to 2022-06-27T12:27:00+00:00, run_after=2022-06-27T12:28:00+00:00
[2022-06-27 05:28:37,584] {processor.py:161} INFO - Processing /home/ubuntu/airflow/airflow_env/lib/python3.8/site-packages/airflow/example_dags/example_branch_python_dop_operator_3.py took 0.305 seconds
[2022-06-27 05:29:34,411] {processor.py:153} INFO - Started process (PID=152843) to work on /home/ubuntu/airflow/airflow_env/lib/python3.8/site-packages/airflow/example_dags/example_branch_python_dop_operator_3.py
[2022-06-27 05:29:34,412] {processor.py:641} INFO - Processing file /home/ubuntu/airflow/airflow_env/lib/python3.8/site-packages/airflow/example_dags/example_branch_python_dop_operator_3.py for tasks to queue
[2022-06-27 05:29:34,413] {logging_mixin.py:115} INFO - [2022-06-27 05:29:34,413] {dagbag.py:507} INFO - Filling up the DagBag from /home/ubuntu/airflow/airflow_env/lib/python3.8/site-packages/airflow/example_dags/example_branch_python_dop_operator_3.py
[2022-06-27 05:29:34,437] {processor.py:651} INFO - DAG(s) dict_keys(['example_branch_dop_operator_v3']) retrieved from /home/ubuntu/airflow/airflow_env/lib/python3.8/site-packages/airflow/example_dags/example_branch_python_dop_operator_3.py
[2022-06-27 05:29:34,494] {logging_mixin.py:115} INFO - [2022-06-27 05:29:34,494] {dag.py:2379} INFO - Sync 1 DAGs
[2022-06-27 05:29:34,541] {logging_mixin.py:115} INFO - [2022-06-27 05:29:34,541] {dag.py:2927} INFO - Setting next_dagrun for example_branch_dop_operator_v3 to 2022-06-27T12:28:00+00:00, run_after=2022-06-27T12:29:00+00:00
[2022-06-27 05:29:34,563] {processor.py:161} INFO - Processing /home/ubuntu/airflow/airflow_env/lib/python3.8/site-packages/airflow/example_dags/example_branch_python_dop_operator_3.py took 0.165 seconds
[2022-06-27 05:30:31,762] {processor.py:153} INFO - Started process (PID=152919) to work on /home/ubuntu/airflow/airflow_env/lib/python3.8/site-packages/airflow/example_dags/example_branch_python_dop_operator_3.py
[2022-06-27 05:30:31,769] {processor.py:641} INFO - Processing file /home/ubuntu/airflow/airflow_env/lib/python3.8/site-packages/airflow/example_dags/example_branch_python_dop_operator_3.py for tasks to queue
[2022-06-27 05:30:31,771] {logging_mixin.py:115} INFO - [2022-06-27 05:30:31,770] {dagbag.py:507} INFO - Filling up the DagBag from /home/ubuntu/airflow/airflow_env/lib/python3.8/site-packages/airflow/example_dags/example_branch_python_dop_operator_3.py
[2022-06-27 05:30:31,821] {processor.py:651} INFO - DAG(s) dict_keys(['example_branch_dop_operator_v3']) retrieved from /home/ubuntu/airflow/airflow_env/lib/python3.8/site-packages/airflow/example_dags/example_branch_python_dop_operator_3.py
[2022-06-27 05:30:31,916] {logging_mixin.py:115} INFO - [2022-06-27 05:30:31,912] {dag.py:2379} INFO - Sync 1 DAGs
[2022-06-27 05:30:32,076] {logging_mixin.py:115} INFO - [2022-06-27 05:30:32,076] {dag.py:2927} INFO - Setting next_dagrun for example_branch_dop_operator_v3 to 2022-06-27T12:29:00+00:00, run_after=2022-06-27T12:30:00+00:00
[2022-06-27 05:30:32,103] {processor.py:161} INFO - Processing /home/ubuntu/airflow/airflow_env/lib/python3.8/site-packages/airflow/example_dags/example_branch_python_dop_operator_3.py took 0.351 seconds
[2022-06-27 05:31:23,737] {processor.py:153} INFO - Started process (PID=152957) to work on /home/ubuntu/airflow/airflow_env/lib/python3.8/site-packages/airflow/example_dags/example_branch_python_dop_operator_3.py
[2022-06-27 05:31:23,742] {processor.py:641} INFO - Processing file /home/ubuntu/airflow/airflow_env/lib/python3.8/site-packages/airflow/example_dags/example_branch_python_dop_operator_3.py for tasks to queue
[2022-06-27 05:31:23,743] {logging_mixin.py:115} INFO - [2022-06-27 05:31:23,743] {dagbag.py:507} INFO - Filling up the DagBag from /home/ubuntu/airflow/airflow_env/lib/python3.8/site-packages/airflow/example_dags/example_branch_python_dop_operator_3.py
[2022-06-27 05:31:23,762] {processor.py:651} INFO - DAG(s) dict_keys(['example_branch_dop_operator_v3']) retrieved from /home/ubuntu/airflow/airflow_env/lib/python3.8/site-packages/airflow/example_dags/example_branch_python_dop_operator_3.py
[2022-06-27 05:31:23,794] {logging_mixin.py:115} INFO - [2022-06-27 05:31:23,793] {dag.py:2379} INFO - Sync 1 DAGs
[2022-06-27 05:31:23,980] {logging_mixin.py:115} INFO - [2022-06-27 05:31:23,980] {dag.py:2927} INFO - Setting next_dagrun for example_branch_dop_operator_v3 to 2022-06-27T12:30:00+00:00, run_after=2022-06-27T12:31:00+00:00
[2022-06-27 05:31:24,020] {processor.py:161} INFO - Processing /home/ubuntu/airflow/airflow_env/lib/python3.8/site-packages/airflow/example_dags/example_branch_python_dop_operator_3.py took 0.287 seconds
[2022-06-27 05:32:04,262] {processor.py:153} INFO - Started process (PID=153004) to work on /home/ubuntu/airflow/airflow_env/lib/python3.8/site-packages/airflow/example_dags/example_branch_python_dop_operator_3.py
[2022-06-27 05:32:04,263] {processor.py:641} INFO - Processing file /home/ubuntu/airflow/airflow_env/lib/python3.8/site-packages/airflow/example_dags/example_branch_python_dop_operator_3.py for tasks to queue
[2022-06-27 05:32:04,264] {logging_mixin.py:115} INFO - [2022-06-27 05:32:04,263] {dagbag.py:507} INFO - Filling up the DagBag from /home/ubuntu/airflow/airflow_env/lib/python3.8/site-packages/airflow/example_dags/example_branch_python_dop_operator_3.py
[2022-06-27 05:32:04,278] {processor.py:651} INFO - DAG(s) dict_keys(['example_branch_dop_operator_v3']) retrieved from /home/ubuntu/airflow/airflow_env/lib/python3.8/site-packages/airflow/example_dags/example_branch_python_dop_operator_3.py
[2022-06-27 05:32:04,320] {logging_mixin.py:115} INFO - [2022-06-27 05:32:04,320] {dag.py:2379} INFO - Sync 1 DAGs
[2022-06-27 05:32:04,351] {logging_mixin.py:115} INFO - [2022-06-27 05:32:04,351] {dag.py:2927} INFO - Setting next_dagrun for example_branch_dop_operator_v3 to 2022-06-27T12:31:00+00:00, run_after=2022-06-27T12:32:00+00:00
[2022-06-27 05:32:04,367] {processor.py:161} INFO - Processing /home/ubuntu/airflow/airflow_env/lib/python3.8/site-packages/airflow/example_dags/example_branch_python_dop_operator_3.py took 0.113 seconds
[2022-06-27 05:32:59,290] {processor.py:153} INFO - Started process (PID=153050) to work on /home/ubuntu/airflow/airflow_env/lib/python3.8/site-packages/airflow/example_dags/example_branch_python_dop_operator_3.py
[2022-06-27 05:32:59,294] {processor.py:641} INFO - Processing file /home/ubuntu/airflow/airflow_env/lib/python3.8/site-packages/airflow/example_dags/example_branch_python_dop_operator_3.py for tasks to queue
[2022-06-27 05:32:59,295] {logging_mixin.py:115} INFO - [2022-06-27 05:32:59,295] {dagbag.py:507} INFO - Filling up the DagBag from /home/ubuntu/airflow/airflow_env/lib/python3.8/site-packages/airflow/example_dags/example_branch_python_dop_operator_3.py
[2022-06-27 05:32:59,326] {processor.py:651} INFO - DAG(s) dict_keys(['example_branch_dop_operator_v3']) retrieved from /home/ubuntu/airflow/airflow_env/lib/python3.8/site-packages/airflow/example_dags/example_branch_python_dop_operator_3.py
[2022-06-27 05:32:59,365] {logging_mixin.py:115} INFO - [2022-06-27 05:32:59,365] {dag.py:2379} INFO - Sync 1 DAGs
[2022-06-27 05:32:59,413] {logging_mixin.py:115} INFO - [2022-06-27 05:32:59,413] {dag.py:2927} INFO - Setting next_dagrun for example_branch_dop_operator_v3 to 2022-06-27T12:31:00+00:00, run_after=2022-06-27T12:32:00+00:00
[2022-06-27 05:32:59,457] {processor.py:161} INFO - Processing /home/ubuntu/airflow/airflow_env/lib/python3.8/site-packages/airflow/example_dags/example_branch_python_dop_operator_3.py took 0.181 seconds
[2022-06-27 05:33:44,324] {processor.py:153} INFO - Started process (PID=153089) to work on /home/ubuntu/airflow/airflow_env/lib/python3.8/site-packages/airflow/example_dags/example_branch_python_dop_operator_3.py
[2022-06-27 05:33:44,326] {processor.py:641} INFO - Processing file /home/ubuntu/airflow/airflow_env/lib/python3.8/site-packages/airflow/example_dags/example_branch_python_dop_operator_3.py for tasks to queue
[2022-06-27 05:33:44,327] {logging_mixin.py:115} INFO - [2022-06-27 05:33:44,327] {dagbag.py:507} INFO - Filling up the DagBag from /home/ubuntu/airflow/airflow_env/lib/python3.8/site-packages/airflow/example_dags/example_branch_python_dop_operator_3.py
[2022-06-27 05:33:44,362] {processor.py:651} INFO - DAG(s) dict_keys(['example_branch_dop_operator_v3']) retrieved from /home/ubuntu/airflow/airflow_env/lib/python3.8/site-packages/airflow/example_dags/example_branch_python_dop_operator_3.py
[2022-06-27 05:33:44,447] {logging_mixin.py:115} INFO - [2022-06-27 05:33:44,447] {dag.py:2379} INFO - Sync 1 DAGs
[2022-06-27 05:33:44,507] {logging_mixin.py:115} INFO - [2022-06-27 05:33:44,507] {dag.py:2927} INFO - Setting next_dagrun for example_branch_dop_operator_v3 to 2022-06-27T12:32:00+00:00, run_after=2022-06-27T12:33:00+00:00
[2022-06-27 05:33:44,591] {processor.py:161} INFO - Processing /home/ubuntu/airflow/airflow_env/lib/python3.8/site-packages/airflow/example_dags/example_branch_python_dop_operator_3.py took 0.280 seconds
[2022-06-27 05:34:36,417] {processor.py:153} INFO - Started process (PID=153131) to work on /home/ubuntu/airflow/airflow_env/lib/python3.8/site-packages/airflow/example_dags/example_branch_python_dop_operator_3.py
[2022-06-27 05:34:36,419] {processor.py:641} INFO - Processing file /home/ubuntu/airflow/airflow_env/lib/python3.8/site-packages/airflow/example_dags/example_branch_python_dop_operator_3.py for tasks to queue
[2022-06-27 05:34:36,420] {logging_mixin.py:115} INFO - [2022-06-27 05:34:36,419] {dagbag.py:507} INFO - Filling up the DagBag from /home/ubuntu/airflow/airflow_env/lib/python3.8/site-packages/airflow/example_dags/example_branch_python_dop_operator_3.py
[2022-06-27 05:34:36,453] {processor.py:651} INFO - DAG(s) dict_keys(['example_branch_dop_operator_v3']) retrieved from /home/ubuntu/airflow/airflow_env/lib/python3.8/site-packages/airflow/example_dags/example_branch_python_dop_operator_3.py
[2022-06-27 05:34:36,500] {logging_mixin.py:115} INFO - [2022-06-27 05:34:36,499] {dag.py:2379} INFO - Sync 1 DAGs
[2022-06-27 05:34:36,536] {logging_mixin.py:115} INFO - [2022-06-27 05:34:36,536] {dag.py:2927} INFO - Setting next_dagrun for example_branch_dop_operator_v3 to 2022-06-27T12:33:00+00:00, run_after=2022-06-27T12:34:00+00:00
[2022-06-27 05:34:36,595] {processor.py:161} INFO - Processing /home/ubuntu/airflow/airflow_env/lib/python3.8/site-packages/airflow/example_dags/example_branch_python_dop_operator_3.py took 0.191 seconds
[2022-06-27 05:35:25,521] {processor.py:153} INFO - Started process (PID=153168) to work on /home/ubuntu/airflow/airflow_env/lib/python3.8/site-packages/airflow/example_dags/example_branch_python_dop_operator_3.py
[2022-06-27 05:35:25,533] {processor.py:641} INFO - Processing file /home/ubuntu/airflow/airflow_env/lib/python3.8/site-packages/airflow/example_dags/example_branch_python_dop_operator_3.py for tasks to queue
[2022-06-27 05:35:25,536] {logging_mixin.py:115} INFO - [2022-06-27 05:35:25,536] {dagbag.py:507} INFO - Filling up the DagBag from /home/ubuntu/airflow/airflow_env/lib/python3.8/site-packages/airflow/example_dags/example_branch_python_dop_operator_3.py
[2022-06-27 05:35:25,647] {processor.py:651} INFO - DAG(s) dict_keys(['example_branch_dop_operator_v3']) retrieved from /home/ubuntu/airflow/airflow_env/lib/python3.8/site-packages/airflow/example_dags/example_branch_python_dop_operator_3.py
[2022-06-27 05:35:25,768] {logging_mixin.py:115} INFO - [2022-06-27 05:35:25,768] {dag.py:2379} INFO - Sync 1 DAGs
[2022-06-27 05:35:25,942] {logging_mixin.py:115} INFO - [2022-06-27 05:35:25,941] {dag.py:2927} INFO - Setting next_dagrun for example_branch_dop_operator_v3 to 2022-06-27T12:34:00+00:00, run_after=2022-06-27T12:35:00+00:00
[2022-06-27 05:35:25,990] {processor.py:161} INFO - Processing /home/ubuntu/airflow/airflow_env/lib/python3.8/site-packages/airflow/example_dags/example_branch_python_dop_operator_3.py took 0.526 seconds
[2022-06-27 05:36:17,616] {processor.py:153} INFO - Started process (PID=153215) to work on /home/ubuntu/airflow/airflow_env/lib/python3.8/site-packages/airflow/example_dags/example_branch_python_dop_operator_3.py
[2022-06-27 05:36:17,630] {processor.py:641} INFO - Processing file /home/ubuntu/airflow/airflow_env/lib/python3.8/site-packages/airflow/example_dags/example_branch_python_dop_operator_3.py for tasks to queue
[2022-06-27 05:36:17,632] {logging_mixin.py:115} INFO - [2022-06-27 05:36:17,631] {dagbag.py:507} INFO - Filling up the DagBag from /home/ubuntu/airflow/airflow_env/lib/python3.8/site-packages/airflow/example_dags/example_branch_python_dop_operator_3.py
[2022-06-27 05:36:17,693] {processor.py:651} INFO - DAG(s) dict_keys(['example_branch_dop_operator_v3']) retrieved from /home/ubuntu/airflow/airflow_env/lib/python3.8/site-packages/airflow/example_dags/example_branch_python_dop_operator_3.py
[2022-06-27 05:36:17,895] {logging_mixin.py:115} INFO - [2022-06-27 05:36:17,894] {dag.py:2379} INFO - Sync 1 DAGs
[2022-06-27 05:36:18,076] {logging_mixin.py:115} INFO - [2022-06-27 05:36:18,075] {dag.py:2927} INFO - Setting next_dagrun for example_branch_dop_operator_v3 to 2022-06-27T12:35:00+00:00, run_after=2022-06-27T12:36:00+00:00
[2022-06-27 05:36:18,160] {processor.py:161} INFO - Processing /home/ubuntu/airflow/airflow_env/lib/python3.8/site-packages/airflow/example_dags/example_branch_python_dop_operator_3.py took 0.574 seconds
[2022-06-27 05:37:10,408] {processor.py:153} INFO - Started process (PID=153264) to work on /home/ubuntu/airflow/airflow_env/lib/python3.8/site-packages/airflow/example_dags/example_branch_python_dop_operator_3.py
[2022-06-27 05:37:10,416] {processor.py:641} INFO - Processing file /home/ubuntu/airflow/airflow_env/lib/python3.8/site-packages/airflow/example_dags/example_branch_python_dop_operator_3.py for tasks to queue
[2022-06-27 05:37:10,418] {logging_mixin.py:115} INFO - [2022-06-27 05:37:10,418] {dagbag.py:507} INFO - Filling up the DagBag from /home/ubuntu/airflow/airflow_env/lib/python3.8/site-packages/airflow/example_dags/example_branch_python_dop_operator_3.py
[2022-06-27 05:37:10,460] {processor.py:651} INFO - DAG(s) dict_keys(['example_branch_dop_operator_v3']) retrieved from /home/ubuntu/airflow/airflow_env/lib/python3.8/site-packages/airflow/example_dags/example_branch_python_dop_operator_3.py
[2022-06-27 05:37:10,568] {logging_mixin.py:115} INFO - [2022-06-27 05:37:10,568] {dag.py:2379} INFO - Sync 1 DAGs
[2022-06-27 05:37:10,662] {logging_mixin.py:115} INFO - [2022-06-27 05:37:10,662] {dag.py:2927} INFO - Setting next_dagrun for example_branch_dop_operator_v3 to 2022-06-27T12:36:00+00:00, run_after=2022-06-27T12:37:00+00:00
[2022-06-27 05:37:10,685] {processor.py:161} INFO - Processing /home/ubuntu/airflow/airflow_env/lib/python3.8/site-packages/airflow/example_dags/example_branch_python_dop_operator_3.py took 0.315 seconds
[2022-06-27 05:38:00,275] {processor.py:153} INFO - Started process (PID=153304) to work on /home/ubuntu/airflow/airflow_env/lib/python3.8/site-packages/airflow/example_dags/example_branch_python_dop_operator_3.py
[2022-06-27 05:38:00,277] {processor.py:641} INFO - Processing file /home/ubuntu/airflow/airflow_env/lib/python3.8/site-packages/airflow/example_dags/example_branch_python_dop_operator_3.py for tasks to queue
[2022-06-27 05:38:00,278] {logging_mixin.py:115} INFO - [2022-06-27 05:38:00,278] {dagbag.py:507} INFO - Filling up the DagBag from /home/ubuntu/airflow/airflow_env/lib/python3.8/site-packages/airflow/example_dags/example_branch_python_dop_operator_3.py
[2022-06-27 05:38:00,322] {processor.py:651} INFO - DAG(s) dict_keys(['example_branch_dop_operator_v3']) retrieved from /home/ubuntu/airflow/airflow_env/lib/python3.8/site-packages/airflow/example_dags/example_branch_python_dop_operator_3.py
[2022-06-27 05:38:00,383] {logging_mixin.py:115} INFO - [2022-06-27 05:38:00,383] {dag.py:2379} INFO - Sync 1 DAGs
[2022-06-27 05:38:00,427] {logging_mixin.py:115} INFO - [2022-06-27 05:38:00,426] {dag.py:2927} INFO - Setting next_dagrun for example_branch_dop_operator_v3 to 2022-06-27T12:37:00+00:00, run_after=2022-06-27T12:38:00+00:00
[2022-06-27 05:38:00,460] {processor.py:161} INFO - Processing /home/ubuntu/airflow/airflow_env/lib/python3.8/site-packages/airflow/example_dags/example_branch_python_dop_operator_3.py took 0.193 seconds
[2022-06-27 05:38:56,915] {processor.py:153} INFO - Started process (PID=153349) to work on /home/ubuntu/airflow/airflow_env/lib/python3.8/site-packages/airflow/example_dags/example_branch_python_dop_operator_3.py
[2022-06-27 05:38:56,918] {processor.py:641} INFO - Processing file /home/ubuntu/airflow/airflow_env/lib/python3.8/site-packages/airflow/example_dags/example_branch_python_dop_operator_3.py for tasks to queue
[2022-06-27 05:38:56,919] {logging_mixin.py:115} INFO - [2022-06-27 05:38:56,919] {dagbag.py:507} INFO - Filling up the DagBag from /home/ubuntu/airflow/airflow_env/lib/python3.8/site-packages/airflow/example_dags/example_branch_python_dop_operator_3.py
[2022-06-27 05:38:56,955] {processor.py:651} INFO - DAG(s) dict_keys(['example_branch_dop_operator_v3']) retrieved from /home/ubuntu/airflow/airflow_env/lib/python3.8/site-packages/airflow/example_dags/example_branch_python_dop_operator_3.py
[2022-06-27 05:38:56,994] {logging_mixin.py:115} INFO - [2022-06-27 05:38:56,993] {dag.py:2379} INFO - Sync 1 DAGs
[2022-06-27 05:38:57,038] {logging_mixin.py:115} INFO - [2022-06-27 05:38:57,037] {dag.py:2927} INFO - Setting next_dagrun for example_branch_dop_operator_v3 to 2022-06-27T12:37:00+00:00, run_after=2022-06-27T12:38:00+00:00
[2022-06-27 05:38:57,092] {processor.py:161} INFO - Processing /home/ubuntu/airflow/airflow_env/lib/python3.8/site-packages/airflow/example_dags/example_branch_python_dop_operator_3.py took 0.212 seconds
[2022-06-27 05:39:44,292] {processor.py:153} INFO - Started process (PID=153388) to work on /home/ubuntu/airflow/airflow_env/lib/python3.8/site-packages/airflow/example_dags/example_branch_python_dop_operator_3.py
[2022-06-27 05:39:44,294] {processor.py:641} INFO - Processing file /home/ubuntu/airflow/airflow_env/lib/python3.8/site-packages/airflow/example_dags/example_branch_python_dop_operator_3.py for tasks to queue
[2022-06-27 05:39:44,295] {logging_mixin.py:115} INFO - [2022-06-27 05:39:44,295] {dagbag.py:507} INFO - Filling up the DagBag from /home/ubuntu/airflow/airflow_env/lib/python3.8/site-packages/airflow/example_dags/example_branch_python_dop_operator_3.py
[2022-06-27 05:39:44,318] {processor.py:651} INFO - DAG(s) dict_keys(['example_branch_dop_operator_v3']) retrieved from /home/ubuntu/airflow/airflow_env/lib/python3.8/site-packages/airflow/example_dags/example_branch_python_dop_operator_3.py
[2022-06-27 05:39:44,372] {logging_mixin.py:115} INFO - [2022-06-27 05:39:44,372] {dag.py:2379} INFO - Sync 1 DAGs
[2022-06-27 05:39:44,404] {logging_mixin.py:115} INFO - [2022-06-27 05:39:44,404] {dag.py:2927} INFO - Setting next_dagrun for example_branch_dop_operator_v3 to 2022-06-27T12:38:00+00:00, run_after=2022-06-27T12:39:00+00:00
[2022-06-27 05:39:44,422] {processor.py:161} INFO - Processing /home/ubuntu/airflow/airflow_env/lib/python3.8/site-packages/airflow/example_dags/example_branch_python_dop_operator_3.py took 0.136 seconds
