[2022-06-27 04:49:42,139] {processor.py:153} INFO - Started process (PID=150489) to work on /home/ubuntu/airflow/airflow_env/lib/python3.8/site-packages/airflow/example_dags/example_task_group.py
[2022-06-27 04:49:42,141] {processor.py:641} INFO - Processing file /home/ubuntu/airflow/airflow_env/lib/python3.8/site-packages/airflow/example_dags/example_task_group.py for tasks to queue
[2022-06-27 04:49:42,143] {logging_mixin.py:115} INFO - [2022-06-27 04:49:42,142] {dagbag.py:507} INFO - Filling up the DagBag from /home/ubuntu/airflow/airflow_env/lib/python3.8/site-packages/airflow/example_dags/example_task_group.py
[2022-06-27 04:49:42,164] {processor.py:651} INFO - DAG(s) dict_keys(['example_task_group']) retrieved from /home/ubuntu/airflow/airflow_env/lib/python3.8/site-packages/airflow/example_dags/example_task_group.py
[2022-06-27 04:49:42,355] {logging_mixin.py:115} INFO - [2022-06-27 04:49:42,355] {manager.py:508} INFO - Created Permission View: can edit on DAG:example_task_group
[2022-06-27 04:49:42,456] {logging_mixin.py:115} INFO - [2022-06-27 04:49:42,456] {manager.py:508} INFO - Created Permission View: can read on DAG:example_task_group
[2022-06-27 04:49:42,576] {logging_mixin.py:115} INFO - [2022-06-27 04:49:42,576] {manager.py:508} INFO - Created Permission View: can delete on DAG:example_task_group
[2022-06-27 04:49:42,576] {logging_mixin.py:115} INFO - [2022-06-27 04:49:42,576] {dag.py:2379} INFO - Sync 1 DAGs
[2022-06-27 04:49:42,659] {logging_mixin.py:115} INFO - [2022-06-27 04:49:42,659] {dag.py:2398} INFO - Creating ORM DAG for example_task_group
[2022-06-27 04:49:42,729] {logging_mixin.py:115} INFO - [2022-06-27 04:49:42,718] {dag.py:2927} INFO - Setting next_dagrun for example_task_group to 2022-06-26T11:49:42.717673+00:00, run_after=2022-06-27T11:49:42.717673+00:00
[2022-06-27 04:49:42,883] {processor.py:161} INFO - Processing /home/ubuntu/airflow/airflow_env/lib/python3.8/site-packages/airflow/example_dags/example_task_group.py took 0.760 seconds
[2022-06-27 04:50:29,221] {processor.py:153} INFO - Started process (PID=150552) to work on /home/ubuntu/airflow/airflow_env/lib/python3.8/site-packages/airflow/example_dags/example_task_group.py
[2022-06-27 04:50:29,226] {processor.py:641} INFO - Processing file /home/ubuntu/airflow/airflow_env/lib/python3.8/site-packages/airflow/example_dags/example_task_group.py for tasks to queue
[2022-06-27 04:50:29,227] {logging_mixin.py:115} INFO - [2022-06-27 04:50:29,226] {dagbag.py:507} INFO - Filling up the DagBag from /home/ubuntu/airflow/airflow_env/lib/python3.8/site-packages/airflow/example_dags/example_task_group.py
[2022-06-27 04:50:29,243] {processor.py:651} INFO - DAG(s) dict_keys(['example_task_group']) retrieved from /home/ubuntu/airflow/airflow_env/lib/python3.8/site-packages/airflow/example_dags/example_task_group.py
[2022-06-27 04:50:29,576] {logging_mixin.py:115} INFO - [2022-06-27 04:50:29,576] {dag.py:2379} INFO - Sync 1 DAGs
[2022-06-27 04:50:29,894] {logging_mixin.py:115} INFO - [2022-06-27 04:50:29,894] {dag.py:2927} INFO - Setting next_dagrun for example_task_group to 2022-06-26T11:50:29.886272+00:00, run_after=2022-06-27T11:50:29.886272+00:00
[2022-06-27 04:50:30,014] {processor.py:161} INFO - Processing /home/ubuntu/airflow/airflow_env/lib/python3.8/site-packages/airflow/example_dags/example_task_group.py took 0.802 seconds
[2022-06-27 04:51:19,164] {processor.py:153} INFO - Started process (PID=150667) to work on /home/ubuntu/airflow/airflow_env/lib/python3.8/site-packages/airflow/example_dags/example_task_group.py
[2022-06-27 04:51:19,166] {processor.py:641} INFO - Processing file /home/ubuntu/airflow/airflow_env/lib/python3.8/site-packages/airflow/example_dags/example_task_group.py for tasks to queue
[2022-06-27 04:51:19,167] {logging_mixin.py:115} INFO - [2022-06-27 04:51:19,167] {dagbag.py:507} INFO - Filling up the DagBag from /home/ubuntu/airflow/airflow_env/lib/python3.8/site-packages/airflow/example_dags/example_task_group.py
[2022-06-27 04:51:19,178] {processor.py:651} INFO - DAG(s) dict_keys(['example_task_group']) retrieved from /home/ubuntu/airflow/airflow_env/lib/python3.8/site-packages/airflow/example_dags/example_task_group.py
[2022-06-27 04:51:19,219] {logging_mixin.py:115} INFO - [2022-06-27 04:51:19,219] {dag.py:2379} INFO - Sync 1 DAGs
[2022-06-27 04:51:19,272] {logging_mixin.py:115} INFO - [2022-06-27 04:51:19,272] {dag.py:2927} INFO - Setting next_dagrun for example_task_group to 2022-06-26T11:51:19.271003+00:00, run_after=2022-06-27T11:51:19.271003+00:00
[2022-06-27 04:51:19,321] {processor.py:161} INFO - Processing /home/ubuntu/airflow/airflow_env/lib/python3.8/site-packages/airflow/example_dags/example_task_group.py took 0.163 seconds
[2022-06-27 04:52:06,775] {processor.py:153} INFO - Started process (PID=150794) to work on /home/ubuntu/airflow/airflow_env/lib/python3.8/site-packages/airflow/example_dags/example_task_group.py
[2022-06-27 04:52:06,779] {processor.py:641} INFO - Processing file /home/ubuntu/airflow/airflow_env/lib/python3.8/site-packages/airflow/example_dags/example_task_group.py for tasks to queue
[2022-06-27 04:52:06,786] {logging_mixin.py:115} INFO - [2022-06-27 04:52:06,781] {dagbag.py:507} INFO - Filling up the DagBag from /home/ubuntu/airflow/airflow_env/lib/python3.8/site-packages/airflow/example_dags/example_task_group.py
[2022-06-27 04:52:06,820] {processor.py:651} INFO - DAG(s) dict_keys(['example_task_group']) retrieved from /home/ubuntu/airflow/airflow_env/lib/python3.8/site-packages/airflow/example_dags/example_task_group.py
[2022-06-27 04:52:06,910] {logging_mixin.py:115} INFO - [2022-06-27 04:52:06,910] {dag.py:2379} INFO - Sync 1 DAGs
[2022-06-27 04:52:06,962] {logging_mixin.py:115} INFO - [2022-06-27 04:52:06,962] {dag.py:2927} INFO - Setting next_dagrun for example_task_group to 2022-06-26T11:52:06.961535+00:00, run_after=2022-06-27T11:52:06.961535+00:00
[2022-06-27 04:52:06,997] {processor.py:161} INFO - Processing /home/ubuntu/airflow/airflow_env/lib/python3.8/site-packages/airflow/example_dags/example_task_group.py took 0.253 seconds
[2022-06-27 04:52:51,946] {processor.py:153} INFO - Started process (PID=150836) to work on /home/ubuntu/airflow/airflow_env/lib/python3.8/site-packages/airflow/example_dags/example_task_group.py
[2022-06-27 04:52:51,951] {processor.py:641} INFO - Processing file /home/ubuntu/airflow/airflow_env/lib/python3.8/site-packages/airflow/example_dags/example_task_group.py for tasks to queue
[2022-06-27 04:52:51,953] {logging_mixin.py:115} INFO - [2022-06-27 04:52:51,952] {dagbag.py:507} INFO - Filling up the DagBag from /home/ubuntu/airflow/airflow_env/lib/python3.8/site-packages/airflow/example_dags/example_task_group.py
[2022-06-27 04:52:52,008] {processor.py:651} INFO - DAG(s) dict_keys(['example_task_group']) retrieved from /home/ubuntu/airflow/airflow_env/lib/python3.8/site-packages/airflow/example_dags/example_task_group.py
[2022-06-27 04:52:52,120] {logging_mixin.py:115} INFO - [2022-06-27 04:52:52,120] {dag.py:2379} INFO - Sync 1 DAGs
[2022-06-27 04:52:52,265] {logging_mixin.py:115} INFO - [2022-06-27 04:52:52,265] {dag.py:2927} INFO - Setting next_dagrun for example_task_group to 2022-06-26T11:52:52.265294+00:00, run_after=2022-06-27T11:52:52.265294+00:00
[2022-06-27 04:52:52,340] {processor.py:161} INFO - Processing /home/ubuntu/airflow/airflow_env/lib/python3.8/site-packages/airflow/example_dags/example_task_group.py took 0.409 seconds
[2022-06-27 04:53:32,450] {processor.py:153} INFO - Started process (PID=150881) to work on /home/ubuntu/airflow/airflow_env/lib/python3.8/site-packages/airflow/example_dags/example_task_group.py
[2022-06-27 04:53:32,453] {processor.py:641} INFO - Processing file /home/ubuntu/airflow/airflow_env/lib/python3.8/site-packages/airflow/example_dags/example_task_group.py for tasks to queue
[2022-06-27 04:53:32,459] {logging_mixin.py:115} INFO - [2022-06-27 04:53:32,458] {dagbag.py:507} INFO - Filling up the DagBag from /home/ubuntu/airflow/airflow_env/lib/python3.8/site-packages/airflow/example_dags/example_task_group.py
[2022-06-27 04:53:32,528] {processor.py:651} INFO - DAG(s) dict_keys(['example_task_group']) retrieved from /home/ubuntu/airflow/airflow_env/lib/python3.8/site-packages/airflow/example_dags/example_task_group.py
[2022-06-27 04:53:32,739] {logging_mixin.py:115} INFO - [2022-06-27 04:53:32,739] {dag.py:2379} INFO - Sync 1 DAGs
[2022-06-27 04:53:32,888] {logging_mixin.py:115} INFO - [2022-06-27 04:53:32,888] {dag.py:2927} INFO - Setting next_dagrun for example_task_group to 2022-06-26T11:53:32.887006+00:00, run_after=2022-06-27T11:53:32.887006+00:00
[2022-06-27 04:53:32,995] {processor.py:161} INFO - Processing /home/ubuntu/airflow/airflow_env/lib/python3.8/site-packages/airflow/example_dags/example_task_group.py took 0.574 seconds
[2022-06-27 04:54:18,128] {processor.py:153} INFO - Started process (PID=150942) to work on /home/ubuntu/airflow/airflow_env/lib/python3.8/site-packages/airflow/example_dags/example_task_group.py
[2022-06-27 04:54:18,136] {processor.py:641} INFO - Processing file /home/ubuntu/airflow/airflow_env/lib/python3.8/site-packages/airflow/example_dags/example_task_group.py for tasks to queue
[2022-06-27 04:54:18,137] {logging_mixin.py:115} INFO - [2022-06-27 04:54:18,137] {dagbag.py:507} INFO - Filling up the DagBag from /home/ubuntu/airflow/airflow_env/lib/python3.8/site-packages/airflow/example_dags/example_task_group.py
[2022-06-27 04:54:18,166] {processor.py:651} INFO - DAG(s) dict_keys(['example_task_group']) retrieved from /home/ubuntu/airflow/airflow_env/lib/python3.8/site-packages/airflow/example_dags/example_task_group.py
[2022-06-27 04:54:18,258] {logging_mixin.py:115} INFO - [2022-06-27 04:54:18,258] {dag.py:2379} INFO - Sync 1 DAGs
[2022-06-27 04:54:18,302] {logging_mixin.py:115} INFO - [2022-06-27 04:54:18,301] {dag.py:2927} INFO - Setting next_dagrun for example_task_group to 2022-06-26T11:54:18.301336+00:00, run_after=2022-06-27T11:54:18.301336+00:00
[2022-06-27 04:54:18,331] {processor.py:161} INFO - Processing /home/ubuntu/airflow/airflow_env/lib/python3.8/site-packages/airflow/example_dags/example_task_group.py took 0.224 seconds
[2022-06-27 04:55:32,264] {processor.py:153} INFO - Started process (PID=151056) to work on /home/ubuntu/airflow/airflow_env/lib/python3.8/site-packages/airflow/example_dags/example_task_group.py
[2022-06-27 04:55:32,266] {processor.py:641} INFO - Processing file /home/ubuntu/airflow/airflow_env/lib/python3.8/site-packages/airflow/example_dags/example_task_group.py for tasks to queue
[2022-06-27 04:55:32,269] {logging_mixin.py:115} INFO - [2022-06-27 04:55:32,269] {dagbag.py:507} INFO - Filling up the DagBag from /home/ubuntu/airflow/airflow_env/lib/python3.8/site-packages/airflow/example_dags/example_task_group.py
[2022-06-27 04:55:32,288] {processor.py:651} INFO - DAG(s) dict_keys(['example_task_group']) retrieved from /home/ubuntu/airflow/airflow_env/lib/python3.8/site-packages/airflow/example_dags/example_task_group.py
[2022-06-27 04:55:32,340] {logging_mixin.py:115} INFO - [2022-06-27 04:55:32,340] {dag.py:2379} INFO - Sync 1 DAGs
[2022-06-27 04:55:32,391] {logging_mixin.py:115} INFO - [2022-06-27 04:55:32,391] {dag.py:2927} INFO - Setting next_dagrun for example_task_group to 2022-06-26T11:55:32.389256+00:00, run_after=2022-06-27T11:55:32.389256+00:00
[2022-06-27 04:55:32,432] {processor.py:161} INFO - Processing /home/ubuntu/airflow/airflow_env/lib/python3.8/site-packages/airflow/example_dags/example_task_group.py took 0.175 seconds
[2022-06-27 04:56:22,746] {processor.py:153} INFO - Started process (PID=151144) to work on /home/ubuntu/airflow/airflow_env/lib/python3.8/site-packages/airflow/example_dags/example_task_group.py
[2022-06-27 04:56:22,750] {processor.py:641} INFO - Processing file /home/ubuntu/airflow/airflow_env/lib/python3.8/site-packages/airflow/example_dags/example_task_group.py for tasks to queue
[2022-06-27 04:56:22,752] {logging_mixin.py:115} INFO - [2022-06-27 04:56:22,751] {dagbag.py:507} INFO - Filling up the DagBag from /home/ubuntu/airflow/airflow_env/lib/python3.8/site-packages/airflow/example_dags/example_task_group.py
[2022-06-27 04:56:22,809] {processor.py:651} INFO - DAG(s) dict_keys(['example_task_group']) retrieved from /home/ubuntu/airflow/airflow_env/lib/python3.8/site-packages/airflow/example_dags/example_task_group.py
[2022-06-27 04:56:22,917] {logging_mixin.py:115} INFO - [2022-06-27 04:56:22,917] {dag.py:2379} INFO - Sync 1 DAGs
[2022-06-27 04:56:22,986] {logging_mixin.py:115} INFO - [2022-06-27 04:56:22,982] {dag.py:2927} INFO - Setting next_dagrun for example_task_group to 2022-06-26T11:56:22.981373+00:00, run_after=2022-06-27T11:56:22.981373+00:00
[2022-06-27 04:56:23,024] {processor.py:161} INFO - Processing /home/ubuntu/airflow/airflow_env/lib/python3.8/site-packages/airflow/example_dags/example_task_group.py took 0.313 seconds
[2022-06-27 04:57:26,035] {processor.py:153} INFO - Started process (PID=151228) to work on /home/ubuntu/airflow/airflow_env/lib/python3.8/site-packages/airflow/example_dags/example_task_group.py
[2022-06-27 04:57:26,037] {processor.py:641} INFO - Processing file /home/ubuntu/airflow/airflow_env/lib/python3.8/site-packages/airflow/example_dags/example_task_group.py for tasks to queue
[2022-06-27 04:57:26,039] {logging_mixin.py:115} INFO - [2022-06-27 04:57:26,038] {dagbag.py:507} INFO - Filling up the DagBag from /home/ubuntu/airflow/airflow_env/lib/python3.8/site-packages/airflow/example_dags/example_task_group.py
[2022-06-27 04:57:26,091] {processor.py:651} INFO - DAG(s) dict_keys(['example_task_group']) retrieved from /home/ubuntu/airflow/airflow_env/lib/python3.8/site-packages/airflow/example_dags/example_task_group.py
[2022-06-27 04:57:26,196] {logging_mixin.py:115} INFO - [2022-06-27 04:57:26,196] {dag.py:2379} INFO - Sync 1 DAGs
[2022-06-27 04:57:26,246] {logging_mixin.py:115} INFO - [2022-06-27 04:57:26,245] {dag.py:2927} INFO - Setting next_dagrun for example_task_group to 2022-06-26T11:57:26.241122+00:00, run_after=2022-06-27T11:57:26.241122+00:00
[2022-06-27 04:57:26,330] {processor.py:161} INFO - Processing /home/ubuntu/airflow/airflow_env/lib/python3.8/site-packages/airflow/example_dags/example_task_group.py took 0.309 seconds
[2022-06-27 04:58:05,331] {processor.py:153} INFO - Started process (PID=151292) to work on /home/ubuntu/airflow/airflow_env/lib/python3.8/site-packages/airflow/example_dags/example_task_group.py
[2022-06-27 04:58:05,333] {processor.py:641} INFO - Processing file /home/ubuntu/airflow/airflow_env/lib/python3.8/site-packages/airflow/example_dags/example_task_group.py for tasks to queue
[2022-06-27 04:58:05,334] {logging_mixin.py:115} INFO - [2022-06-27 04:58:05,334] {dagbag.py:507} INFO - Filling up the DagBag from /home/ubuntu/airflow/airflow_env/lib/python3.8/site-packages/airflow/example_dags/example_task_group.py
[2022-06-27 04:58:05,368] {processor.py:651} INFO - DAG(s) dict_keys(['example_task_group']) retrieved from /home/ubuntu/airflow/airflow_env/lib/python3.8/site-packages/airflow/example_dags/example_task_group.py
[2022-06-27 04:58:05,427] {logging_mixin.py:115} INFO - [2022-06-27 04:58:05,427] {dag.py:2379} INFO - Sync 1 DAGs
[2022-06-27 04:58:05,468] {logging_mixin.py:115} INFO - [2022-06-27 04:58:05,467] {dag.py:2927} INFO - Setting next_dagrun for example_task_group to 2022-06-26T11:58:05.466811+00:00, run_after=2022-06-27T11:58:05.466811+00:00
[2022-06-27 04:58:05,484] {processor.py:161} INFO - Processing /home/ubuntu/airflow/airflow_env/lib/python3.8/site-packages/airflow/example_dags/example_task_group.py took 0.166 seconds
[2022-06-27 04:58:45,126] {processor.py:153} INFO - Started process (PID=151335) to work on /home/ubuntu/airflow/airflow_env/lib/python3.8/site-packages/airflow/example_dags/example_task_group.py
[2022-06-27 04:58:45,128] {processor.py:641} INFO - Processing file /home/ubuntu/airflow/airflow_env/lib/python3.8/site-packages/airflow/example_dags/example_task_group.py for tasks to queue
[2022-06-27 04:58:45,130] {logging_mixin.py:115} INFO - [2022-06-27 04:58:45,130] {dagbag.py:507} INFO - Filling up the DagBag from /home/ubuntu/airflow/airflow_env/lib/python3.8/site-packages/airflow/example_dags/example_task_group.py
[2022-06-27 04:58:45,175] {processor.py:651} INFO - DAG(s) dict_keys(['example_task_group']) retrieved from /home/ubuntu/airflow/airflow_env/lib/python3.8/site-packages/airflow/example_dags/example_task_group.py
[2022-06-27 04:58:45,253] {logging_mixin.py:115} INFO - [2022-06-27 04:58:45,253] {dag.py:2379} INFO - Sync 1 DAGs
[2022-06-27 04:58:45,314] {logging_mixin.py:115} INFO - [2022-06-27 04:58:45,314] {dag.py:2927} INFO - Setting next_dagrun for example_task_group to 2022-06-26T11:58:45.313572+00:00, run_after=2022-06-27T11:58:45.313572+00:00
[2022-06-27 04:58:45,350] {processor.py:161} INFO - Processing /home/ubuntu/airflow/airflow_env/lib/python3.8/site-packages/airflow/example_dags/example_task_group.py took 0.238 seconds
[2022-06-27 04:59:23,402] {processor.py:153} INFO - Started process (PID=151372) to work on /home/ubuntu/airflow/airflow_env/lib/python3.8/site-packages/airflow/example_dags/example_task_group.py
[2022-06-27 04:59:23,405] {processor.py:641} INFO - Processing file /home/ubuntu/airflow/airflow_env/lib/python3.8/site-packages/airflow/example_dags/example_task_group.py for tasks to queue
[2022-06-27 04:59:23,407] {logging_mixin.py:115} INFO - [2022-06-27 04:59:23,407] {dagbag.py:507} INFO - Filling up the DagBag from /home/ubuntu/airflow/airflow_env/lib/python3.8/site-packages/airflow/example_dags/example_task_group.py
[2022-06-27 04:59:23,447] {processor.py:651} INFO - DAG(s) dict_keys(['example_task_group']) retrieved from /home/ubuntu/airflow/airflow_env/lib/python3.8/site-packages/airflow/example_dags/example_task_group.py
[2022-06-27 04:59:23,516] {logging_mixin.py:115} INFO - [2022-06-27 04:59:23,516] {dag.py:2379} INFO - Sync 1 DAGs
[2022-06-27 04:59:23,564] {logging_mixin.py:115} INFO - [2022-06-27 04:59:23,563] {dag.py:2927} INFO - Setting next_dagrun for example_task_group to 2022-06-26T11:59:23.563130+00:00, run_after=2022-06-27T11:59:23.563130+00:00
[2022-06-27 04:59:23,580] {processor.py:161} INFO - Processing /home/ubuntu/airflow/airflow_env/lib/python3.8/site-packages/airflow/example_dags/example_task_group.py took 0.190 seconds
[2022-06-27 05:00:08,410] {processor.py:153} INFO - Started process (PID=151407) to work on /home/ubuntu/airflow/airflow_env/lib/python3.8/site-packages/airflow/example_dags/example_task_group.py
[2022-06-27 05:00:08,413] {processor.py:641} INFO - Processing file /home/ubuntu/airflow/airflow_env/lib/python3.8/site-packages/airflow/example_dags/example_task_group.py for tasks to queue
[2022-06-27 05:00:08,419] {logging_mixin.py:115} INFO - [2022-06-27 05:00:08,419] {dagbag.py:507} INFO - Filling up the DagBag from /home/ubuntu/airflow/airflow_env/lib/python3.8/site-packages/airflow/example_dags/example_task_group.py
[2022-06-27 05:00:08,460] {processor.py:651} INFO - DAG(s) dict_keys(['example_task_group']) retrieved from /home/ubuntu/airflow/airflow_env/lib/python3.8/site-packages/airflow/example_dags/example_task_group.py
[2022-06-27 05:00:08,555] {logging_mixin.py:115} INFO - [2022-06-27 05:00:08,555] {dag.py:2379} INFO - Sync 1 DAGs
[2022-06-27 05:00:08,642] {logging_mixin.py:115} INFO - [2022-06-27 05:00:08,642] {dag.py:2927} INFO - Setting next_dagrun for example_task_group to 2022-06-26T12:00:08.640034+00:00, run_after=2022-06-27T12:00:08.640034+00:00
[2022-06-27 05:00:08,709] {processor.py:161} INFO - Processing /home/ubuntu/airflow/airflow_env/lib/python3.8/site-packages/airflow/example_dags/example_task_group.py took 0.310 seconds
[2022-06-27 05:02:37,691] {processor.py:153} INFO - Started process (PID=151495) to work on /home/ubuntu/airflow/airflow_env/lib/python3.8/site-packages/airflow/example_dags/example_task_group.py
[2022-06-27 05:02:37,694] {processor.py:641} INFO - Processing file /home/ubuntu/airflow/airflow_env/lib/python3.8/site-packages/airflow/example_dags/example_task_group.py for tasks to queue
[2022-06-27 05:02:37,695] {logging_mixin.py:115} INFO - [2022-06-27 05:02:37,695] {dagbag.py:507} INFO - Filling up the DagBag from /home/ubuntu/airflow/airflow_env/lib/python3.8/site-packages/airflow/example_dags/example_task_group.py
[2022-06-27 05:02:37,716] {processor.py:651} INFO - DAG(s) dict_keys(['example_task_group']) retrieved from /home/ubuntu/airflow/airflow_env/lib/python3.8/site-packages/airflow/example_dags/example_task_group.py
[2022-06-27 05:02:37,793] {logging_mixin.py:115} INFO - [2022-06-27 05:02:37,792] {dag.py:2379} INFO - Sync 1 DAGs
[2022-06-27 05:02:37,882] {logging_mixin.py:115} INFO - [2022-06-27 05:02:37,881] {dag.py:2927} INFO - Setting next_dagrun for example_task_group to 2022-06-26T12:02:37.881025+00:00, run_after=2022-06-27T12:02:37.881025+00:00
[2022-06-27 05:02:37,931] {processor.py:161} INFO - Processing /home/ubuntu/airflow/airflow_env/lib/python3.8/site-packages/airflow/example_dags/example_task_group.py took 0.250 seconds
[2022-06-27 05:03:27,605] {processor.py:153} INFO - Started process (PID=151531) to work on /home/ubuntu/airflow/airflow_env/lib/python3.8/site-packages/airflow/example_dags/example_task_group.py
[2022-06-27 05:03:27,607] {processor.py:641} INFO - Processing file /home/ubuntu/airflow/airflow_env/lib/python3.8/site-packages/airflow/example_dags/example_task_group.py for tasks to queue
[2022-06-27 05:03:27,608] {logging_mixin.py:115} INFO - [2022-06-27 05:03:27,608] {dagbag.py:507} INFO - Filling up the DagBag from /home/ubuntu/airflow/airflow_env/lib/python3.8/site-packages/airflow/example_dags/example_task_group.py
[2022-06-27 05:03:27,648] {processor.py:651} INFO - DAG(s) dict_keys(['example_task_group']) retrieved from /home/ubuntu/airflow/airflow_env/lib/python3.8/site-packages/airflow/example_dags/example_task_group.py
[2022-06-27 05:03:27,724] {logging_mixin.py:115} INFO - [2022-06-27 05:03:27,724] {dag.py:2379} INFO - Sync 1 DAGs
[2022-06-27 05:03:27,783] {logging_mixin.py:115} INFO - [2022-06-27 05:03:27,783] {dag.py:2927} INFO - Setting next_dagrun for example_task_group to 2022-06-26T12:03:27.782958+00:00, run_after=2022-06-27T12:03:27.782958+00:00
[2022-06-27 05:03:27,866] {processor.py:161} INFO - Processing /home/ubuntu/airflow/airflow_env/lib/python3.8/site-packages/airflow/example_dags/example_task_group.py took 0.286 seconds
[2022-06-27 05:04:15,090] {processor.py:153} INFO - Started process (PID=151572) to work on /home/ubuntu/airflow/airflow_env/lib/python3.8/site-packages/airflow/example_dags/example_task_group.py
[2022-06-27 05:04:15,098] {processor.py:641} INFO - Processing file /home/ubuntu/airflow/airflow_env/lib/python3.8/site-packages/airflow/example_dags/example_task_group.py for tasks to queue
[2022-06-27 05:04:15,099] {logging_mixin.py:115} INFO - [2022-06-27 05:04:15,099] {dagbag.py:507} INFO - Filling up the DagBag from /home/ubuntu/airflow/airflow_env/lib/python3.8/site-packages/airflow/example_dags/example_task_group.py
[2022-06-27 05:04:15,146] {processor.py:651} INFO - DAG(s) dict_keys(['example_task_group']) retrieved from /home/ubuntu/airflow/airflow_env/lib/python3.8/site-packages/airflow/example_dags/example_task_group.py
[2022-06-27 05:04:15,295] {logging_mixin.py:115} INFO - [2022-06-27 05:04:15,295] {dag.py:2379} INFO - Sync 1 DAGs
[2022-06-27 05:04:15,376] {logging_mixin.py:115} INFO - [2022-06-27 05:04:15,375] {dag.py:2927} INFO - Setting next_dagrun for example_task_group to 2022-06-26T12:04:15.374655+00:00, run_after=2022-06-27T12:04:15.374655+00:00
[2022-06-27 05:04:15,483] {processor.py:161} INFO - Processing /home/ubuntu/airflow/airflow_env/lib/python3.8/site-packages/airflow/example_dags/example_task_group.py took 0.403 seconds
[2022-06-27 05:05:04,779] {processor.py:153} INFO - Started process (PID=151610) to work on /home/ubuntu/airflow/airflow_env/lib/python3.8/site-packages/airflow/example_dags/example_task_group.py
[2022-06-27 05:05:04,790] {processor.py:641} INFO - Processing file /home/ubuntu/airflow/airflow_env/lib/python3.8/site-packages/airflow/example_dags/example_task_group.py for tasks to queue
[2022-06-27 05:05:04,793] {logging_mixin.py:115} INFO - [2022-06-27 05:05:04,792] {dagbag.py:507} INFO - Filling up the DagBag from /home/ubuntu/airflow/airflow_env/lib/python3.8/site-packages/airflow/example_dags/example_task_group.py
[2022-06-27 05:05:04,835] {processor.py:651} INFO - DAG(s) dict_keys(['example_task_group']) retrieved from /home/ubuntu/airflow/airflow_env/lib/python3.8/site-packages/airflow/example_dags/example_task_group.py
[2022-06-27 05:05:04,896] {logging_mixin.py:115} INFO - [2022-06-27 05:05:04,896] {dag.py:2379} INFO - Sync 1 DAGs
[2022-06-27 05:05:05,018] {logging_mixin.py:115} INFO - [2022-06-27 05:05:05,018] {dag.py:2927} INFO - Setting next_dagrun for example_task_group to 2022-06-26T12:05:05.012740+00:00, run_after=2022-06-27T12:05:05.012740+00:00
[2022-06-27 05:05:05,130] {processor.py:161} INFO - Processing /home/ubuntu/airflow/airflow_env/lib/python3.8/site-packages/airflow/example_dags/example_task_group.py took 0.367 seconds
[2022-06-27 05:05:57,133] {processor.py:153} INFO - Started process (PID=151654) to work on /home/ubuntu/airflow/airflow_env/lib/python3.8/site-packages/airflow/example_dags/example_task_group.py
[2022-06-27 05:05:57,142] {processor.py:641} INFO - Processing file /home/ubuntu/airflow/airflow_env/lib/python3.8/site-packages/airflow/example_dags/example_task_group.py for tasks to queue
[2022-06-27 05:05:57,144] {logging_mixin.py:115} INFO - [2022-06-27 05:05:57,144] {dagbag.py:507} INFO - Filling up the DagBag from /home/ubuntu/airflow/airflow_env/lib/python3.8/site-packages/airflow/example_dags/example_task_group.py
[2022-06-27 05:05:57,199] {processor.py:651} INFO - DAG(s) dict_keys(['example_task_group']) retrieved from /home/ubuntu/airflow/airflow_env/lib/python3.8/site-packages/airflow/example_dags/example_task_group.py
[2022-06-27 05:05:57,304] {logging_mixin.py:115} INFO - [2022-06-27 05:05:57,304] {dag.py:2379} INFO - Sync 1 DAGs
[2022-06-27 05:05:57,372] {logging_mixin.py:115} INFO - [2022-06-27 05:05:57,372] {dag.py:2927} INFO - Setting next_dagrun for example_task_group to 2022-06-26T12:05:57.368671+00:00, run_after=2022-06-27T12:05:57.368671+00:00
[2022-06-27 05:05:57,417] {processor.py:161} INFO - Processing /home/ubuntu/airflow/airflow_env/lib/python3.8/site-packages/airflow/example_dags/example_task_group.py took 0.317 seconds
[2022-06-27 05:06:52,157] {processor.py:153} INFO - Started process (PID=151695) to work on /home/ubuntu/airflow/airflow_env/lib/python3.8/site-packages/airflow/example_dags/example_task_group.py
[2022-06-27 05:06:52,161] {processor.py:641} INFO - Processing file /home/ubuntu/airflow/airflow_env/lib/python3.8/site-packages/airflow/example_dags/example_task_group.py for tasks to queue
[2022-06-27 05:06:52,163] {logging_mixin.py:115} INFO - [2022-06-27 05:06:52,162] {dagbag.py:507} INFO - Filling up the DagBag from /home/ubuntu/airflow/airflow_env/lib/python3.8/site-packages/airflow/example_dags/example_task_group.py
[2022-06-27 05:06:52,240] {processor.py:651} INFO - DAG(s) dict_keys(['example_task_group']) retrieved from /home/ubuntu/airflow/airflow_env/lib/python3.8/site-packages/airflow/example_dags/example_task_group.py
[2022-06-27 05:06:52,385] {logging_mixin.py:115} INFO - [2022-06-27 05:06:52,385] {dag.py:2379} INFO - Sync 1 DAGs
[2022-06-27 05:06:52,485] {logging_mixin.py:115} INFO - [2022-06-27 05:06:52,484] {dag.py:2927} INFO - Setting next_dagrun for example_task_group to 2022-06-26T12:06:52.484307+00:00, run_after=2022-06-27T12:06:52.484307+00:00
[2022-06-27 05:06:52,540] {processor.py:161} INFO - Processing /home/ubuntu/airflow/airflow_env/lib/python3.8/site-packages/airflow/example_dags/example_task_group.py took 0.407 seconds
[2022-06-27 05:07:33,410] {processor.py:153} INFO - Started process (PID=151724) to work on /home/ubuntu/airflow/airflow_env/lib/python3.8/site-packages/airflow/example_dags/example_task_group.py
[2022-06-27 05:07:33,413] {processor.py:641} INFO - Processing file /home/ubuntu/airflow/airflow_env/lib/python3.8/site-packages/airflow/example_dags/example_task_group.py for tasks to queue
[2022-06-27 05:07:33,415] {logging_mixin.py:115} INFO - [2022-06-27 05:07:33,415] {dagbag.py:507} INFO - Filling up the DagBag from /home/ubuntu/airflow/airflow_env/lib/python3.8/site-packages/airflow/example_dags/example_task_group.py
[2022-06-27 05:07:33,465] {processor.py:651} INFO - DAG(s) dict_keys(['example_task_group']) retrieved from /home/ubuntu/airflow/airflow_env/lib/python3.8/site-packages/airflow/example_dags/example_task_group.py
[2022-06-27 05:07:33,538] {logging_mixin.py:115} INFO - [2022-06-27 05:07:33,537] {dag.py:2379} INFO - Sync 1 DAGs
[2022-06-27 05:07:33,619] {logging_mixin.py:115} INFO - [2022-06-27 05:07:33,619] {dag.py:2927} INFO - Setting next_dagrun for example_task_group to 2022-06-26T12:07:33.619129+00:00, run_after=2022-06-27T12:07:33.619129+00:00
[2022-06-27 05:07:33,713] {processor.py:161} INFO - Processing /home/ubuntu/airflow/airflow_env/lib/python3.8/site-packages/airflow/example_dags/example_task_group.py took 0.328 seconds
[2022-06-27 05:08:24,842] {processor.py:153} INFO - Started process (PID=151763) to work on /home/ubuntu/airflow/airflow_env/lib/python3.8/site-packages/airflow/example_dags/example_task_group.py
[2022-06-27 05:08:24,844] {processor.py:641} INFO - Processing file /home/ubuntu/airflow/airflow_env/lib/python3.8/site-packages/airflow/example_dags/example_task_group.py for tasks to queue
[2022-06-27 05:08:24,846] {logging_mixin.py:115} INFO - [2022-06-27 05:08:24,845] {dagbag.py:507} INFO - Filling up the DagBag from /home/ubuntu/airflow/airflow_env/lib/python3.8/site-packages/airflow/example_dags/example_task_group.py
[2022-06-27 05:08:24,873] {processor.py:651} INFO - DAG(s) dict_keys(['example_task_group']) retrieved from /home/ubuntu/airflow/airflow_env/lib/python3.8/site-packages/airflow/example_dags/example_task_group.py
[2022-06-27 05:08:24,942] {logging_mixin.py:115} INFO - [2022-06-27 05:08:24,942] {dag.py:2379} INFO - Sync 1 DAGs
[2022-06-27 05:08:24,989] {logging_mixin.py:115} INFO - [2022-06-27 05:08:24,989] {dag.py:2927} INFO - Setting next_dagrun for example_task_group to 2022-06-26T12:08:24.989176+00:00, run_after=2022-06-27T12:08:24.989176+00:00
[2022-06-27 05:08:25,040] {processor.py:161} INFO - Processing /home/ubuntu/airflow/airflow_env/lib/python3.8/site-packages/airflow/example_dags/example_task_group.py took 0.216 seconds
[2022-06-27 05:09:19,569] {processor.py:153} INFO - Started process (PID=151815) to work on /home/ubuntu/airflow/airflow_env/lib/python3.8/site-packages/airflow/example_dags/example_task_group.py
[2022-06-27 05:09:19,574] {processor.py:641} INFO - Processing file /home/ubuntu/airflow/airflow_env/lib/python3.8/site-packages/airflow/example_dags/example_task_group.py for tasks to queue
[2022-06-27 05:09:19,575] {logging_mixin.py:115} INFO - [2022-06-27 05:09:19,575] {dagbag.py:507} INFO - Filling up the DagBag from /home/ubuntu/airflow/airflow_env/lib/python3.8/site-packages/airflow/example_dags/example_task_group.py
[2022-06-27 05:09:19,603] {processor.py:651} INFO - DAG(s) dict_keys(['example_task_group']) retrieved from /home/ubuntu/airflow/airflow_env/lib/python3.8/site-packages/airflow/example_dags/example_task_group.py
[2022-06-27 05:09:19,661] {logging_mixin.py:115} INFO - [2022-06-27 05:09:19,661] {dag.py:2379} INFO - Sync 1 DAGs
[2022-06-27 05:09:19,711] {logging_mixin.py:115} INFO - [2022-06-27 05:09:19,711] {dag.py:2927} INFO - Setting next_dagrun for example_task_group to 2022-06-26T12:09:19.711125+00:00, run_after=2022-06-27T12:09:19.711125+00:00
[2022-06-27 05:09:19,741] {processor.py:161} INFO - Processing /home/ubuntu/airflow/airflow_env/lib/python3.8/site-packages/airflow/example_dags/example_task_group.py took 0.189 seconds
[2022-06-27 05:10:11,317] {processor.py:153} INFO - Started process (PID=151875) to work on /home/ubuntu/airflow/airflow_env/lib/python3.8/site-packages/airflow/example_dags/example_task_group.py
[2022-06-27 05:10:11,319] {processor.py:641} INFO - Processing file /home/ubuntu/airflow/airflow_env/lib/python3.8/site-packages/airflow/example_dags/example_task_group.py for tasks to queue
[2022-06-27 05:10:11,320] {logging_mixin.py:115} INFO - [2022-06-27 05:10:11,320] {dagbag.py:507} INFO - Filling up the DagBag from /home/ubuntu/airflow/airflow_env/lib/python3.8/site-packages/airflow/example_dags/example_task_group.py
[2022-06-27 05:10:11,354] {processor.py:651} INFO - DAG(s) dict_keys(['example_task_group']) retrieved from /home/ubuntu/airflow/airflow_env/lib/python3.8/site-packages/airflow/example_dags/example_task_group.py
[2022-06-27 05:10:11,585] {logging_mixin.py:115} INFO - [2022-06-27 05:10:11,585] {dag.py:2379} INFO - Sync 1 DAGs
[2022-06-27 05:10:11,712] {logging_mixin.py:115} INFO - [2022-06-27 05:10:11,712] {dag.py:2927} INFO - Setting next_dagrun for example_task_group to 2022-06-26T12:10:11.710950+00:00, run_after=2022-06-27T12:10:11.710950+00:00
[2022-06-27 05:10:11,839] {processor.py:161} INFO - Processing /home/ubuntu/airflow/airflow_env/lib/python3.8/site-packages/airflow/example_dags/example_task_group.py took 0.548 seconds
[2022-06-27 05:10:55,271] {processor.py:153} INFO - Started process (PID=151917) to work on /home/ubuntu/airflow/airflow_env/lib/python3.8/site-packages/airflow/example_dags/example_task_group.py
[2022-06-27 05:10:55,273] {processor.py:641} INFO - Processing file /home/ubuntu/airflow/airflow_env/lib/python3.8/site-packages/airflow/example_dags/example_task_group.py for tasks to queue
[2022-06-27 05:10:55,278] {logging_mixin.py:115} INFO - [2022-06-27 05:10:55,275] {dagbag.py:507} INFO - Filling up the DagBag from /home/ubuntu/airflow/airflow_env/lib/python3.8/site-packages/airflow/example_dags/example_task_group.py
[2022-06-27 05:10:55,296] {processor.py:651} INFO - DAG(s) dict_keys(['example_task_group']) retrieved from /home/ubuntu/airflow/airflow_env/lib/python3.8/site-packages/airflow/example_dags/example_task_group.py
[2022-06-27 05:10:55,338] {logging_mixin.py:115} INFO - [2022-06-27 05:10:55,338] {dag.py:2379} INFO - Sync 1 DAGs
[2022-06-27 05:10:55,362] {logging_mixin.py:115} INFO - [2022-06-27 05:10:55,362] {dag.py:2927} INFO - Setting next_dagrun for example_task_group to 2022-06-26T12:10:55.361751+00:00, run_after=2022-06-27T12:10:55.361751+00:00
[2022-06-27 05:10:55,395] {processor.py:161} INFO - Processing /home/ubuntu/airflow/airflow_env/lib/python3.8/site-packages/airflow/example_dags/example_task_group.py took 0.141 seconds
[2022-06-27 05:11:45,189] {processor.py:153} INFO - Started process (PID=151955) to work on /home/ubuntu/airflow/airflow_env/lib/python3.8/site-packages/airflow/example_dags/example_task_group.py
[2022-06-27 05:11:45,191] {processor.py:641} INFO - Processing file /home/ubuntu/airflow/airflow_env/lib/python3.8/site-packages/airflow/example_dags/example_task_group.py for tasks to queue
[2022-06-27 05:11:45,192] {logging_mixin.py:115} INFO - [2022-06-27 05:11:45,192] {dagbag.py:507} INFO - Filling up the DagBag from /home/ubuntu/airflow/airflow_env/lib/python3.8/site-packages/airflow/example_dags/example_task_group.py
[2022-06-27 05:11:45,243] {processor.py:651} INFO - DAG(s) dict_keys(['example_task_group']) retrieved from /home/ubuntu/airflow/airflow_env/lib/python3.8/site-packages/airflow/example_dags/example_task_group.py
[2022-06-27 05:11:45,355] {logging_mixin.py:115} INFO - [2022-06-27 05:11:45,355] {dag.py:2379} INFO - Sync 1 DAGs
[2022-06-27 05:11:45,455] {logging_mixin.py:115} INFO - [2022-06-27 05:11:45,454] {dag.py:2927} INFO - Setting next_dagrun for example_task_group to 2022-06-26T12:11:45.454145+00:00, run_after=2022-06-27T12:11:45.454145+00:00
[2022-06-27 05:11:45,516] {processor.py:161} INFO - Processing /home/ubuntu/airflow/airflow_env/lib/python3.8/site-packages/airflow/example_dags/example_task_group.py took 0.342 seconds
[2022-06-27 05:12:26,885] {processor.py:153} INFO - Started process (PID=151989) to work on /home/ubuntu/airflow/airflow_env/lib/python3.8/site-packages/airflow/example_dags/example_task_group.py
[2022-06-27 05:12:26,893] {processor.py:641} INFO - Processing file /home/ubuntu/airflow/airflow_env/lib/python3.8/site-packages/airflow/example_dags/example_task_group.py for tasks to queue
[2022-06-27 05:12:26,894] {logging_mixin.py:115} INFO - [2022-06-27 05:12:26,893] {dagbag.py:507} INFO - Filling up the DagBag from /home/ubuntu/airflow/airflow_env/lib/python3.8/site-packages/airflow/example_dags/example_task_group.py
[2022-06-27 05:12:26,925] {processor.py:651} INFO - DAG(s) dict_keys(['example_task_group']) retrieved from /home/ubuntu/airflow/airflow_env/lib/python3.8/site-packages/airflow/example_dags/example_task_group.py
[2022-06-27 05:12:26,989] {logging_mixin.py:115} INFO - [2022-06-27 05:12:26,989] {dag.py:2379} INFO - Sync 1 DAGs
[2022-06-27 05:12:27,075] {logging_mixin.py:115} INFO - [2022-06-27 05:12:27,075] {dag.py:2927} INFO - Setting next_dagrun for example_task_group to 2022-06-26T12:12:27.074098+00:00, run_after=2022-06-27T12:12:27.074098+00:00
[2022-06-27 05:12:27,137] {processor.py:161} INFO - Processing /home/ubuntu/airflow/airflow_env/lib/python3.8/site-packages/airflow/example_dags/example_task_group.py took 0.265 seconds
[2022-06-27 05:13:04,748] {processor.py:153} INFO - Started process (PID=152017) to work on /home/ubuntu/airflow/airflow_env/lib/python3.8/site-packages/airflow/example_dags/example_task_group.py
[2022-06-27 05:13:04,758] {processor.py:641} INFO - Processing file /home/ubuntu/airflow/airflow_env/lib/python3.8/site-packages/airflow/example_dags/example_task_group.py for tasks to queue
[2022-06-27 05:13:04,758] {logging_mixin.py:115} INFO - [2022-06-27 05:13:04,758] {dagbag.py:507} INFO - Filling up the DagBag from /home/ubuntu/airflow/airflow_env/lib/python3.8/site-packages/airflow/example_dags/example_task_group.py
[2022-06-27 05:13:04,801] {processor.py:651} INFO - DAG(s) dict_keys(['example_task_group']) retrieved from /home/ubuntu/airflow/airflow_env/lib/python3.8/site-packages/airflow/example_dags/example_task_group.py
[2022-06-27 05:13:04,881] {logging_mixin.py:115} INFO - [2022-06-27 05:13:04,880] {dag.py:2379} INFO - Sync 1 DAGs
[2022-06-27 05:13:04,950] {logging_mixin.py:115} INFO - [2022-06-27 05:13:04,950] {dag.py:2927} INFO - Setting next_dagrun for example_task_group to 2022-06-26T12:13:04.949247+00:00, run_after=2022-06-27T12:13:04.949247+00:00
[2022-06-27 05:13:04,986] {processor.py:161} INFO - Processing /home/ubuntu/airflow/airflow_env/lib/python3.8/site-packages/airflow/example_dags/example_task_group.py took 0.262 seconds
[2022-06-27 05:13:58,317] {processor.py:153} INFO - Started process (PID=152060) to work on /home/ubuntu/airflow/airflow_env/lib/python3.8/site-packages/airflow/example_dags/example_task_group.py
[2022-06-27 05:13:58,319] {processor.py:641} INFO - Processing file /home/ubuntu/airflow/airflow_env/lib/python3.8/site-packages/airflow/example_dags/example_task_group.py for tasks to queue
[2022-06-27 05:13:58,320] {logging_mixin.py:115} INFO - [2022-06-27 05:13:58,320] {dagbag.py:507} INFO - Filling up the DagBag from /home/ubuntu/airflow/airflow_env/lib/python3.8/site-packages/airflow/example_dags/example_task_group.py
[2022-06-27 05:13:58,355] {processor.py:651} INFO - DAG(s) dict_keys(['example_task_group']) retrieved from /home/ubuntu/airflow/airflow_env/lib/python3.8/site-packages/airflow/example_dags/example_task_group.py
[2022-06-27 05:13:58,417] {logging_mixin.py:115} INFO - [2022-06-27 05:13:58,417] {dag.py:2379} INFO - Sync 1 DAGs
[2022-06-27 05:13:58,472] {logging_mixin.py:115} INFO - [2022-06-27 05:13:58,472] {dag.py:2927} INFO - Setting next_dagrun for example_task_group to 2022-06-26T12:13:58.469275+00:00, run_after=2022-06-27T12:13:58.469275+00:00
[2022-06-27 05:13:58,530] {processor.py:161} INFO - Processing /home/ubuntu/airflow/airflow_env/lib/python3.8/site-packages/airflow/example_dags/example_task_group.py took 0.229 seconds
[2022-06-27 05:14:49,695] {processor.py:153} INFO - Started process (PID=152100) to work on /home/ubuntu/airflow/airflow_env/lib/python3.8/site-packages/airflow/example_dags/example_task_group.py
[2022-06-27 05:14:49,699] {processor.py:641} INFO - Processing file /home/ubuntu/airflow/airflow_env/lib/python3.8/site-packages/airflow/example_dags/example_task_group.py for tasks to queue
[2022-06-27 05:14:49,701] {logging_mixin.py:115} INFO - [2022-06-27 05:14:49,701] {dagbag.py:507} INFO - Filling up the DagBag from /home/ubuntu/airflow/airflow_env/lib/python3.8/site-packages/airflow/example_dags/example_task_group.py
[2022-06-27 05:14:49,736] {processor.py:651} INFO - DAG(s) dict_keys(['example_task_group']) retrieved from /home/ubuntu/airflow/airflow_env/lib/python3.8/site-packages/airflow/example_dags/example_task_group.py
[2022-06-27 05:14:49,792] {logging_mixin.py:115} INFO - [2022-06-27 05:14:49,792] {dag.py:2379} INFO - Sync 1 DAGs
[2022-06-27 05:14:49,855] {logging_mixin.py:115} INFO - [2022-06-27 05:14:49,855] {dag.py:2927} INFO - Setting next_dagrun for example_task_group to 2022-06-26T12:14:49.855455+00:00, run_after=2022-06-27T12:14:49.855455+00:00
[2022-06-27 05:14:49,895] {processor.py:161} INFO - Processing /home/ubuntu/airflow/airflow_env/lib/python3.8/site-packages/airflow/example_dags/example_task_group.py took 0.226 seconds
[2022-06-27 05:15:38,465] {processor.py:153} INFO - Started process (PID=152137) to work on /home/ubuntu/airflow/airflow_env/lib/python3.8/site-packages/airflow/example_dags/example_task_group.py
[2022-06-27 05:15:38,466] {processor.py:641} INFO - Processing file /home/ubuntu/airflow/airflow_env/lib/python3.8/site-packages/airflow/example_dags/example_task_group.py for tasks to queue
[2022-06-27 05:15:38,467] {logging_mixin.py:115} INFO - [2022-06-27 05:15:38,467] {dagbag.py:507} INFO - Filling up the DagBag from /home/ubuntu/airflow/airflow_env/lib/python3.8/site-packages/airflow/example_dags/example_task_group.py
[2022-06-27 05:15:38,507] {processor.py:651} INFO - DAG(s) dict_keys(['example_task_group']) retrieved from /home/ubuntu/airflow/airflow_env/lib/python3.8/site-packages/airflow/example_dags/example_task_group.py
[2022-06-27 05:15:38,597] {logging_mixin.py:115} INFO - [2022-06-27 05:15:38,597] {dag.py:2379} INFO - Sync 1 DAGs
[2022-06-27 05:15:38,722] {logging_mixin.py:115} INFO - [2022-06-27 05:15:38,722] {dag.py:2927} INFO - Setting next_dagrun for example_task_group to 2022-06-26T12:15:38.716813+00:00, run_after=2022-06-27T12:15:38.716813+00:00
[2022-06-27 05:15:38,784] {processor.py:161} INFO - Processing /home/ubuntu/airflow/airflow_env/lib/python3.8/site-packages/airflow/example_dags/example_task_group.py took 0.340 seconds
[2022-06-27 05:16:33,593] {processor.py:153} INFO - Started process (PID=152189) to work on /home/ubuntu/airflow/airflow_env/lib/python3.8/site-packages/airflow/example_dags/example_task_group.py
[2022-06-27 05:16:33,599] {processor.py:641} INFO - Processing file /home/ubuntu/airflow/airflow_env/lib/python3.8/site-packages/airflow/example_dags/example_task_group.py for tasks to queue
[2022-06-27 05:16:33,600] {logging_mixin.py:115} INFO - [2022-06-27 05:16:33,600] {dagbag.py:507} INFO - Filling up the DagBag from /home/ubuntu/airflow/airflow_env/lib/python3.8/site-packages/airflow/example_dags/example_task_group.py
[2022-06-27 05:16:33,620] {processor.py:651} INFO - DAG(s) dict_keys(['example_task_group']) retrieved from /home/ubuntu/airflow/airflow_env/lib/python3.8/site-packages/airflow/example_dags/example_task_group.py
[2022-06-27 05:16:33,659] {logging_mixin.py:115} INFO - [2022-06-27 05:16:33,659] {dag.py:2379} INFO - Sync 1 DAGs
[2022-06-27 05:16:33,701] {logging_mixin.py:115} INFO - [2022-06-27 05:16:33,701] {dag.py:2927} INFO - Setting next_dagrun for example_task_group to 2022-06-26T12:16:33.700614+00:00, run_after=2022-06-27T12:16:33.700614+00:00
[2022-06-27 05:16:33,724] {processor.py:161} INFO - Processing /home/ubuntu/airflow/airflow_env/lib/python3.8/site-packages/airflow/example_dags/example_task_group.py took 0.138 seconds
[2022-06-27 05:17:22,432] {processor.py:153} INFO - Started process (PID=152231) to work on /home/ubuntu/airflow/airflow_env/lib/python3.8/site-packages/airflow/example_dags/example_task_group.py
[2022-06-27 05:17:22,443] {processor.py:641} INFO - Processing file /home/ubuntu/airflow/airflow_env/lib/python3.8/site-packages/airflow/example_dags/example_task_group.py for tasks to queue
[2022-06-27 05:17:22,445] {logging_mixin.py:115} INFO - [2022-06-27 05:17:22,445] {dagbag.py:507} INFO - Filling up the DagBag from /home/ubuntu/airflow/airflow_env/lib/python3.8/site-packages/airflow/example_dags/example_task_group.py
[2022-06-27 05:17:22,498] {processor.py:651} INFO - DAG(s) dict_keys(['example_task_group']) retrieved from /home/ubuntu/airflow/airflow_env/lib/python3.8/site-packages/airflow/example_dags/example_task_group.py
[2022-06-27 05:17:22,571] {logging_mixin.py:115} INFO - [2022-06-27 05:17:22,571] {dag.py:2379} INFO - Sync 1 DAGs
[2022-06-27 05:17:22,662] {logging_mixin.py:115} INFO - [2022-06-27 05:17:22,662] {dag.py:2927} INFO - Setting next_dagrun for example_task_group to 2022-06-26T12:17:22.660480+00:00, run_after=2022-06-27T12:17:22.660480+00:00
[2022-06-27 05:17:22,694] {processor.py:161} INFO - Processing /home/ubuntu/airflow/airflow_env/lib/python3.8/site-packages/airflow/example_dags/example_task_group.py took 0.301 seconds
[2022-06-27 05:18:13,912] {processor.py:153} INFO - Started process (PID=152271) to work on /home/ubuntu/airflow/airflow_env/lib/python3.8/site-packages/airflow/example_dags/example_task_group.py
[2022-06-27 05:18:13,914] {processor.py:641} INFO - Processing file /home/ubuntu/airflow/airflow_env/lib/python3.8/site-packages/airflow/example_dags/example_task_group.py for tasks to queue
[2022-06-27 05:18:13,915] {logging_mixin.py:115} INFO - [2022-06-27 05:18:13,915] {dagbag.py:507} INFO - Filling up the DagBag from /home/ubuntu/airflow/airflow_env/lib/python3.8/site-packages/airflow/example_dags/example_task_group.py
[2022-06-27 05:18:13,940] {processor.py:651} INFO - DAG(s) dict_keys(['example_task_group']) retrieved from /home/ubuntu/airflow/airflow_env/lib/python3.8/site-packages/airflow/example_dags/example_task_group.py
[2022-06-27 05:18:13,967] {logging_mixin.py:115} INFO - [2022-06-27 05:18:13,967] {dag.py:2379} INFO - Sync 1 DAGs
[2022-06-27 05:18:14,040] {logging_mixin.py:115} INFO - [2022-06-27 05:18:14,040] {dag.py:2927} INFO - Setting next_dagrun for example_task_group to 2022-06-26T12:18:14.039052+00:00, run_after=2022-06-27T12:18:14.039052+00:00
[2022-06-27 05:18:14,116] {processor.py:161} INFO - Processing /home/ubuntu/airflow/airflow_env/lib/python3.8/site-packages/airflow/example_dags/example_task_group.py took 0.218 seconds
[2022-06-27 05:19:03,011] {processor.py:153} INFO - Started process (PID=152311) to work on /home/ubuntu/airflow/airflow_env/lib/python3.8/site-packages/airflow/example_dags/example_task_group.py
[2022-06-27 05:19:03,013] {processor.py:641} INFO - Processing file /home/ubuntu/airflow/airflow_env/lib/python3.8/site-packages/airflow/example_dags/example_task_group.py for tasks to queue
[2022-06-27 05:19:03,017] {logging_mixin.py:115} INFO - [2022-06-27 05:19:03,017] {dagbag.py:507} INFO - Filling up the DagBag from /home/ubuntu/airflow/airflow_env/lib/python3.8/site-packages/airflow/example_dags/example_task_group.py
[2022-06-27 05:19:03,042] {processor.py:651} INFO - DAG(s) dict_keys(['example_task_group']) retrieved from /home/ubuntu/airflow/airflow_env/lib/python3.8/site-packages/airflow/example_dags/example_task_group.py
[2022-06-27 05:19:03,086] {logging_mixin.py:115} INFO - [2022-06-27 05:19:03,086] {dag.py:2379} INFO - Sync 1 DAGs
[2022-06-27 05:19:03,235] {logging_mixin.py:115} INFO - [2022-06-27 05:19:03,229] {dag.py:2927} INFO - Setting next_dagrun for example_task_group to 2022-06-26T12:19:03.228130+00:00, run_after=2022-06-27T12:19:03.228130+00:00
[2022-06-27 05:19:03,299] {processor.py:161} INFO - Processing /home/ubuntu/airflow/airflow_env/lib/python3.8/site-packages/airflow/example_dags/example_task_group.py took 0.310 seconds
[2022-06-27 05:19:54,092] {processor.py:153} INFO - Started process (PID=152350) to work on /home/ubuntu/airflow/airflow_env/lib/python3.8/site-packages/airflow/example_dags/example_task_group.py
[2022-06-27 05:19:54,093] {processor.py:641} INFO - Processing file /home/ubuntu/airflow/airflow_env/lib/python3.8/site-packages/airflow/example_dags/example_task_group.py for tasks to queue
[2022-06-27 05:19:54,094] {logging_mixin.py:115} INFO - [2022-06-27 05:19:54,093] {dagbag.py:507} INFO - Filling up the DagBag from /home/ubuntu/airflow/airflow_env/lib/python3.8/site-packages/airflow/example_dags/example_task_group.py
[2022-06-27 05:19:54,118] {processor.py:651} INFO - DAG(s) dict_keys(['example_task_group']) retrieved from /home/ubuntu/airflow/airflow_env/lib/python3.8/site-packages/airflow/example_dags/example_task_group.py
[2022-06-27 05:19:54,161] {logging_mixin.py:115} INFO - [2022-06-27 05:19:54,161] {dag.py:2379} INFO - Sync 1 DAGs
[2022-06-27 05:19:54,202] {logging_mixin.py:115} INFO - [2022-06-27 05:19:54,202] {dag.py:2927} INFO - Setting next_dagrun for example_task_group to 2022-06-26T12:19:54.202270+00:00, run_after=2022-06-27T12:19:54.202270+00:00
[2022-06-27 05:19:54,252] {processor.py:161} INFO - Processing /home/ubuntu/airflow/airflow_env/lib/python3.8/site-packages/airflow/example_dags/example_task_group.py took 0.167 seconds
[2022-06-27 05:20:45,559] {processor.py:153} INFO - Started process (PID=152395) to work on /home/ubuntu/airflow/airflow_env/lib/python3.8/site-packages/airflow/example_dags/example_task_group.py
[2022-06-27 05:20:45,561] {processor.py:641} INFO - Processing file /home/ubuntu/airflow/airflow_env/lib/python3.8/site-packages/airflow/example_dags/example_task_group.py for tasks to queue
[2022-06-27 05:20:45,565] {logging_mixin.py:115} INFO - [2022-06-27 05:20:45,565] {dagbag.py:507} INFO - Filling up the DagBag from /home/ubuntu/airflow/airflow_env/lib/python3.8/site-packages/airflow/example_dags/example_task_group.py
[2022-06-27 05:20:45,597] {processor.py:651} INFO - DAG(s) dict_keys(['example_task_group']) retrieved from /home/ubuntu/airflow/airflow_env/lib/python3.8/site-packages/airflow/example_dags/example_task_group.py
[2022-06-27 05:20:45,700] {logging_mixin.py:115} INFO - [2022-06-27 05:20:45,700] {dag.py:2379} INFO - Sync 1 DAGs
[2022-06-27 05:20:45,829] {logging_mixin.py:115} INFO - [2022-06-27 05:20:45,829] {dag.py:2927} INFO - Setting next_dagrun for example_task_group to 2022-06-26T12:20:45.824760+00:00, run_after=2022-06-27T12:20:45.824760+00:00
[2022-06-27 05:20:45,989] {processor.py:161} INFO - Processing /home/ubuntu/airflow/airflow_env/lib/python3.8/site-packages/airflow/example_dags/example_task_group.py took 0.461 seconds
[2022-06-27 05:21:36,814] {processor.py:153} INFO - Started process (PID=152435) to work on /home/ubuntu/airflow/airflow_env/lib/python3.8/site-packages/airflow/example_dags/example_task_group.py
[2022-06-27 05:21:36,818] {processor.py:641} INFO - Processing file /home/ubuntu/airflow/airflow_env/lib/python3.8/site-packages/airflow/example_dags/example_task_group.py for tasks to queue
[2022-06-27 05:21:36,819] {logging_mixin.py:115} INFO - [2022-06-27 05:21:36,818] {dagbag.py:507} INFO - Filling up the DagBag from /home/ubuntu/airflow/airflow_env/lib/python3.8/site-packages/airflow/example_dags/example_task_group.py
[2022-06-27 05:21:36,849] {processor.py:651} INFO - DAG(s) dict_keys(['example_task_group']) retrieved from /home/ubuntu/airflow/airflow_env/lib/python3.8/site-packages/airflow/example_dags/example_task_group.py
[2022-06-27 05:21:36,904] {logging_mixin.py:115} INFO - [2022-06-27 05:21:36,904] {dag.py:2379} INFO - Sync 1 DAGs
[2022-06-27 05:21:36,966] {logging_mixin.py:115} INFO - [2022-06-27 05:21:36,966] {dag.py:2927} INFO - Setting next_dagrun for example_task_group to 2022-06-26T12:21:36.965449+00:00, run_after=2022-06-27T12:21:36.965449+00:00
[2022-06-27 05:21:37,033] {processor.py:161} INFO - Processing /home/ubuntu/airflow/airflow_env/lib/python3.8/site-packages/airflow/example_dags/example_task_group.py took 0.249 seconds
[2022-06-27 05:22:30,468] {processor.py:153} INFO - Started process (PID=152481) to work on /home/ubuntu/airflow/airflow_env/lib/python3.8/site-packages/airflow/example_dags/example_task_group.py
[2022-06-27 05:22:30,470] {processor.py:641} INFO - Processing file /home/ubuntu/airflow/airflow_env/lib/python3.8/site-packages/airflow/example_dags/example_task_group.py for tasks to queue
[2022-06-27 05:22:30,471] {logging_mixin.py:115} INFO - [2022-06-27 05:22:30,471] {dagbag.py:507} INFO - Filling up the DagBag from /home/ubuntu/airflow/airflow_env/lib/python3.8/site-packages/airflow/example_dags/example_task_group.py
[2022-06-27 05:22:30,505] {processor.py:651} INFO - DAG(s) dict_keys(['example_task_group']) retrieved from /home/ubuntu/airflow/airflow_env/lib/python3.8/site-packages/airflow/example_dags/example_task_group.py
[2022-06-27 05:22:30,656] {logging_mixin.py:115} INFO - [2022-06-27 05:22:30,656] {dag.py:2379} INFO - Sync 1 DAGs
[2022-06-27 05:22:30,796] {logging_mixin.py:115} INFO - [2022-06-27 05:22:30,796] {dag.py:2927} INFO - Setting next_dagrun for example_task_group to 2022-06-26T12:22:30.795784+00:00, run_after=2022-06-27T12:22:30.795784+00:00
[2022-06-27 05:22:30,845] {processor.py:161} INFO - Processing /home/ubuntu/airflow/airflow_env/lib/python3.8/site-packages/airflow/example_dags/example_task_group.py took 0.388 seconds
[2022-06-27 05:23:21,771] {processor.py:153} INFO - Started process (PID=152521) to work on /home/ubuntu/airflow/airflow_env/lib/python3.8/site-packages/airflow/example_dags/example_task_group.py
[2022-06-27 05:23:21,779] {processor.py:641} INFO - Processing file /home/ubuntu/airflow/airflow_env/lib/python3.8/site-packages/airflow/example_dags/example_task_group.py for tasks to queue
[2022-06-27 05:23:21,781] {logging_mixin.py:115} INFO - [2022-06-27 05:23:21,781] {dagbag.py:507} INFO - Filling up the DagBag from /home/ubuntu/airflow/airflow_env/lib/python3.8/site-packages/airflow/example_dags/example_task_group.py
[2022-06-27 05:23:21,822] {processor.py:651} INFO - DAG(s) dict_keys(['example_task_group']) retrieved from /home/ubuntu/airflow/airflow_env/lib/python3.8/site-packages/airflow/example_dags/example_task_group.py
[2022-06-27 05:23:21,919] {logging_mixin.py:115} INFO - [2022-06-27 05:23:21,919] {dag.py:2379} INFO - Sync 1 DAGs
[2022-06-27 05:23:22,019] {logging_mixin.py:115} INFO - [2022-06-27 05:23:22,019] {dag.py:2927} INFO - Setting next_dagrun for example_task_group to 2022-06-26T12:23:22.018936+00:00, run_after=2022-06-27T12:23:22.018936+00:00
[2022-06-27 05:23:22,052] {processor.py:161} INFO - Processing /home/ubuntu/airflow/airflow_env/lib/python3.8/site-packages/airflow/example_dags/example_task_group.py took 0.314 seconds
[2022-06-27 05:24:09,043] {processor.py:153} INFO - Started process (PID=152566) to work on /home/ubuntu/airflow/airflow_env/lib/python3.8/site-packages/airflow/example_dags/example_task_group.py
[2022-06-27 05:24:09,050] {processor.py:641} INFO - Processing file /home/ubuntu/airflow/airflow_env/lib/python3.8/site-packages/airflow/example_dags/example_task_group.py for tasks to queue
[2022-06-27 05:24:09,050] {logging_mixin.py:115} INFO - [2022-06-27 05:24:09,050] {dagbag.py:507} INFO - Filling up the DagBag from /home/ubuntu/airflow/airflow_env/lib/python3.8/site-packages/airflow/example_dags/example_task_group.py
[2022-06-27 05:24:09,082] {processor.py:651} INFO - DAG(s) dict_keys(['example_task_group']) retrieved from /home/ubuntu/airflow/airflow_env/lib/python3.8/site-packages/airflow/example_dags/example_task_group.py
[2022-06-27 05:24:09,213] {logging_mixin.py:115} INFO - [2022-06-27 05:24:09,213] {dag.py:2379} INFO - Sync 1 DAGs
[2022-06-27 05:24:09,294] {logging_mixin.py:115} INFO - [2022-06-27 05:24:09,294] {dag.py:2927} INFO - Setting next_dagrun for example_task_group to 2022-06-26T12:24:09.294137+00:00, run_after=2022-06-27T12:24:09.294137+00:00
[2022-06-27 05:24:09,324] {processor.py:161} INFO - Processing /home/ubuntu/airflow/airflow_env/lib/python3.8/site-packages/airflow/example_dags/example_task_group.py took 0.308 seconds
[2022-06-27 05:24:57,197] {processor.py:153} INFO - Started process (PID=152603) to work on /home/ubuntu/airflow/airflow_env/lib/python3.8/site-packages/airflow/example_dags/example_task_group.py
[2022-06-27 05:24:57,198] {processor.py:641} INFO - Processing file /home/ubuntu/airflow/airflow_env/lib/python3.8/site-packages/airflow/example_dags/example_task_group.py for tasks to queue
[2022-06-27 05:24:57,199] {logging_mixin.py:115} INFO - [2022-06-27 05:24:57,199] {dagbag.py:507} INFO - Filling up the DagBag from /home/ubuntu/airflow/airflow_env/lib/python3.8/site-packages/airflow/example_dags/example_task_group.py
[2022-06-27 05:24:57,224] {processor.py:651} INFO - DAG(s) dict_keys(['example_task_group']) retrieved from /home/ubuntu/airflow/airflow_env/lib/python3.8/site-packages/airflow/example_dags/example_task_group.py
[2022-06-27 05:24:57,264] {logging_mixin.py:115} INFO - [2022-06-27 05:24:57,264] {dag.py:2379} INFO - Sync 1 DAGs
[2022-06-27 05:24:57,313] {logging_mixin.py:115} INFO - [2022-06-27 05:24:57,312] {dag.py:2927} INFO - Setting next_dagrun for example_task_group to 2022-06-26T12:24:57.311556+00:00, run_after=2022-06-27T12:24:57.311556+00:00
[2022-06-27 05:24:57,344] {processor.py:161} INFO - Processing /home/ubuntu/airflow/airflow_env/lib/python3.8/site-packages/airflow/example_dags/example_task_group.py took 0.153 seconds
[2022-06-27 05:25:51,082] {processor.py:153} INFO - Started process (PID=152642) to work on /home/ubuntu/airflow/airflow_env/lib/python3.8/site-packages/airflow/example_dags/example_task_group.py
[2022-06-27 05:25:51,085] {processor.py:641} INFO - Processing file /home/ubuntu/airflow/airflow_env/lib/python3.8/site-packages/airflow/example_dags/example_task_group.py for tasks to queue
[2022-06-27 05:25:51,087] {logging_mixin.py:115} INFO - [2022-06-27 05:25:51,087] {dagbag.py:507} INFO - Filling up the DagBag from /home/ubuntu/airflow/airflow_env/lib/python3.8/site-packages/airflow/example_dags/example_task_group.py
[2022-06-27 05:25:51,158] {processor.py:651} INFO - DAG(s) dict_keys(['example_task_group']) retrieved from /home/ubuntu/airflow/airflow_env/lib/python3.8/site-packages/airflow/example_dags/example_task_group.py
[2022-06-27 05:25:51,249] {logging_mixin.py:115} INFO - [2022-06-27 05:25:51,249] {dag.py:2379} INFO - Sync 1 DAGs
[2022-06-27 05:25:51,339] {logging_mixin.py:115} INFO - [2022-06-27 05:25:51,339] {dag.py:2927} INFO - Setting next_dagrun for example_task_group to 2022-06-26T12:25:51.338877+00:00, run_after=2022-06-27T12:25:51.338877+00:00
[2022-06-27 05:25:51,416] {processor.py:161} INFO - Processing /home/ubuntu/airflow/airflow_env/lib/python3.8/site-packages/airflow/example_dags/example_task_group.py took 0.358 seconds
[2022-06-27 05:26:36,672] {processor.py:153} INFO - Started process (PID=152678) to work on /home/ubuntu/airflow/airflow_env/lib/python3.8/site-packages/airflow/example_dags/example_task_group.py
[2022-06-27 05:26:36,674] {processor.py:641} INFO - Processing file /home/ubuntu/airflow/airflow_env/lib/python3.8/site-packages/airflow/example_dags/example_task_group.py for tasks to queue
[2022-06-27 05:26:36,675] {logging_mixin.py:115} INFO - [2022-06-27 05:26:36,675] {dagbag.py:507} INFO - Filling up the DagBag from /home/ubuntu/airflow/airflow_env/lib/python3.8/site-packages/airflow/example_dags/example_task_group.py
[2022-06-27 05:26:36,696] {processor.py:651} INFO - DAG(s) dict_keys(['example_task_group']) retrieved from /home/ubuntu/airflow/airflow_env/lib/python3.8/site-packages/airflow/example_dags/example_task_group.py
[2022-06-27 05:26:36,748] {logging_mixin.py:115} INFO - [2022-06-27 05:26:36,747] {dag.py:2379} INFO - Sync 1 DAGs
[2022-06-27 05:26:36,821] {logging_mixin.py:115} INFO - [2022-06-27 05:26:36,821] {dag.py:2927} INFO - Setting next_dagrun for example_task_group to 2022-06-26T12:26:36.821080+00:00, run_after=2022-06-27T12:26:36.821080+00:00
[2022-06-27 05:26:36,862] {processor.py:161} INFO - Processing /home/ubuntu/airflow/airflow_env/lib/python3.8/site-packages/airflow/example_dags/example_task_group.py took 0.200 seconds
[2022-06-27 05:27:21,039] {processor.py:153} INFO - Started process (PID=152717) to work on /home/ubuntu/airflow/airflow_env/lib/python3.8/site-packages/airflow/example_dags/example_task_group.py
[2022-06-27 05:27:21,043] {processor.py:641} INFO - Processing file /home/ubuntu/airflow/airflow_env/lib/python3.8/site-packages/airflow/example_dags/example_task_group.py for tasks to queue
[2022-06-27 05:27:21,044] {logging_mixin.py:115} INFO - [2022-06-27 05:27:21,044] {dagbag.py:507} INFO - Filling up the DagBag from /home/ubuntu/airflow/airflow_env/lib/python3.8/site-packages/airflow/example_dags/example_task_group.py
[2022-06-27 05:27:21,097] {processor.py:651} INFO - DAG(s) dict_keys(['example_task_group']) retrieved from /home/ubuntu/airflow/airflow_env/lib/python3.8/site-packages/airflow/example_dags/example_task_group.py
[2022-06-27 05:27:21,222] {logging_mixin.py:115} INFO - [2022-06-27 05:27:21,222] {dag.py:2379} INFO - Sync 1 DAGs
[2022-06-27 05:27:21,298] {logging_mixin.py:115} INFO - [2022-06-27 05:27:21,298] {dag.py:2927} INFO - Setting next_dagrun for example_task_group to 2022-06-26T12:27:21.297312+00:00, run_after=2022-06-27T12:27:21.297312+00:00
[2022-06-27 05:27:21,357] {processor.py:161} INFO - Processing /home/ubuntu/airflow/airflow_env/lib/python3.8/site-packages/airflow/example_dags/example_task_group.py took 0.358 seconds
[2022-06-27 05:28:10,884] {processor.py:153} INFO - Started process (PID=152780) to work on /home/ubuntu/airflow/airflow_env/lib/python3.8/site-packages/airflow/example_dags/example_task_group.py
[2022-06-27 05:28:10,896] {processor.py:641} INFO - Processing file /home/ubuntu/airflow/airflow_env/lib/python3.8/site-packages/airflow/example_dags/example_task_group.py for tasks to queue
[2022-06-27 05:28:10,899] {logging_mixin.py:115} INFO - [2022-06-27 05:28:10,899] {dagbag.py:507} INFO - Filling up the DagBag from /home/ubuntu/airflow/airflow_env/lib/python3.8/site-packages/airflow/example_dags/example_task_group.py
[2022-06-27 05:28:10,976] {processor.py:651} INFO - DAG(s) dict_keys(['example_task_group']) retrieved from /home/ubuntu/airflow/airflow_env/lib/python3.8/site-packages/airflow/example_dags/example_task_group.py
[2022-06-27 05:28:11,117] {logging_mixin.py:115} INFO - [2022-06-27 05:28:11,117] {dag.py:2379} INFO - Sync 1 DAGs
[2022-06-27 05:28:11,237] {logging_mixin.py:115} INFO - [2022-06-27 05:28:11,237] {dag.py:2927} INFO - Setting next_dagrun for example_task_group to 2022-06-26T12:28:11.236892+00:00, run_after=2022-06-27T12:28:11.236892+00:00
[2022-06-27 05:28:11,298] {processor.py:161} INFO - Processing /home/ubuntu/airflow/airflow_env/lib/python3.8/site-packages/airflow/example_dags/example_task_group.py took 0.442 seconds
[2022-06-27 05:28:54,150] {processor.py:153} INFO - Started process (PID=152813) to work on /home/ubuntu/airflow/airflow_env/lib/python3.8/site-packages/airflow/example_dags/example_task_group.py
[2022-06-27 05:28:54,156] {processor.py:641} INFO - Processing file /home/ubuntu/airflow/airflow_env/lib/python3.8/site-packages/airflow/example_dags/example_task_group.py for tasks to queue
[2022-06-27 05:28:54,158] {logging_mixin.py:115} INFO - [2022-06-27 05:28:54,158] {dagbag.py:507} INFO - Filling up the DagBag from /home/ubuntu/airflow/airflow_env/lib/python3.8/site-packages/airflow/example_dags/example_task_group.py
[2022-06-27 05:28:54,232] {processor.py:651} INFO - DAG(s) dict_keys(['example_task_group']) retrieved from /home/ubuntu/airflow/airflow_env/lib/python3.8/site-packages/airflow/example_dags/example_task_group.py
[2022-06-27 05:28:54,327] {logging_mixin.py:115} INFO - [2022-06-27 05:28:54,327] {dag.py:2379} INFO - Sync 1 DAGs
[2022-06-27 05:28:54,475] {logging_mixin.py:115} INFO - [2022-06-27 05:28:54,475] {dag.py:2927} INFO - Setting next_dagrun for example_task_group to 2022-06-26T12:28:54.474495+00:00, run_after=2022-06-27T12:28:54.474495+00:00
[2022-06-27 05:28:54,571] {processor.py:161} INFO - Processing /home/ubuntu/airflow/airflow_env/lib/python3.8/site-packages/airflow/example_dags/example_task_group.py took 0.447 seconds
[2022-06-27 05:29:50,691] {processor.py:153} INFO - Started process (PID=152882) to work on /home/ubuntu/airflow/airflow_env/lib/python3.8/site-packages/airflow/example_dags/example_task_group.py
[2022-06-27 05:29:50,694] {processor.py:641} INFO - Processing file /home/ubuntu/airflow/airflow_env/lib/python3.8/site-packages/airflow/example_dags/example_task_group.py for tasks to queue
[2022-06-27 05:29:50,696] {logging_mixin.py:115} INFO - [2022-06-27 05:29:50,696] {dagbag.py:507} INFO - Filling up the DagBag from /home/ubuntu/airflow/airflow_env/lib/python3.8/site-packages/airflow/example_dags/example_task_group.py
[2022-06-27 05:29:50,732] {processor.py:651} INFO - DAG(s) dict_keys(['example_task_group']) retrieved from /home/ubuntu/airflow/airflow_env/lib/python3.8/site-packages/airflow/example_dags/example_task_group.py
[2022-06-27 05:29:50,776] {logging_mixin.py:115} INFO - [2022-06-27 05:29:50,776] {dag.py:2379} INFO - Sync 1 DAGs
[2022-06-27 05:29:50,803] {logging_mixin.py:115} INFO - [2022-06-27 05:29:50,803] {dag.py:2927} INFO - Setting next_dagrun for example_task_group to 2022-06-26T12:29:50.802808+00:00, run_after=2022-06-27T12:29:50.802808+00:00
[2022-06-27 05:29:50,827] {processor.py:161} INFO - Processing /home/ubuntu/airflow/airflow_env/lib/python3.8/site-packages/airflow/example_dags/example_task_group.py took 0.175 seconds
[2022-06-27 05:30:44,288] {processor.py:153} INFO - Started process (PID=152929) to work on /home/ubuntu/airflow/airflow_env/lib/python3.8/site-packages/airflow/example_dags/example_task_group.py
[2022-06-27 05:30:44,299] {processor.py:641} INFO - Processing file /home/ubuntu/airflow/airflow_env/lib/python3.8/site-packages/airflow/example_dags/example_task_group.py for tasks to queue
[2022-06-27 05:30:44,305] {logging_mixin.py:115} INFO - [2022-06-27 05:30:44,301] {dagbag.py:507} INFO - Filling up the DagBag from /home/ubuntu/airflow/airflow_env/lib/python3.8/site-packages/airflow/example_dags/example_task_group.py
[2022-06-27 05:30:44,342] {processor.py:651} INFO - DAG(s) dict_keys(['example_task_group']) retrieved from /home/ubuntu/airflow/airflow_env/lib/python3.8/site-packages/airflow/example_dags/example_task_group.py
[2022-06-27 05:30:44,421] {logging_mixin.py:115} INFO - [2022-06-27 05:30:44,421] {dag.py:2379} INFO - Sync 1 DAGs
[2022-06-27 05:30:44,543] {logging_mixin.py:115} INFO - [2022-06-27 05:30:44,543] {dag.py:2927} INFO - Setting next_dagrun for example_task_group to 2022-06-26T12:30:44.542121+00:00, run_after=2022-06-27T12:30:44.542121+00:00
[2022-06-27 05:30:44,593] {processor.py:161} INFO - Processing /home/ubuntu/airflow/airflow_env/lib/python3.8/site-packages/airflow/example_dags/example_task_group.py took 0.345 seconds
[2022-06-27 05:31:35,603] {processor.py:153} INFO - Started process (PID=152978) to work on /home/ubuntu/airflow/airflow_env/lib/python3.8/site-packages/airflow/example_dags/example_task_group.py
[2022-06-27 05:31:35,618] {processor.py:641} INFO - Processing file /home/ubuntu/airflow/airflow_env/lib/python3.8/site-packages/airflow/example_dags/example_task_group.py for tasks to queue
[2022-06-27 05:31:35,621] {logging_mixin.py:115} INFO - [2022-06-27 05:31:35,621] {dagbag.py:507} INFO - Filling up the DagBag from /home/ubuntu/airflow/airflow_env/lib/python3.8/site-packages/airflow/example_dags/example_task_group.py
[2022-06-27 05:31:35,682] {processor.py:651} INFO - DAG(s) dict_keys(['example_task_group']) retrieved from /home/ubuntu/airflow/airflow_env/lib/python3.8/site-packages/airflow/example_dags/example_task_group.py
[2022-06-27 05:31:35,739] {logging_mixin.py:115} INFO - [2022-06-27 05:31:35,739] {dag.py:2379} INFO - Sync 1 DAGs
[2022-06-27 05:31:35,779] {logging_mixin.py:115} INFO - [2022-06-27 05:31:35,779] {dag.py:2927} INFO - Setting next_dagrun for example_task_group to 2022-06-26T12:31:35.778468+00:00, run_after=2022-06-27T12:31:35.778468+00:00
[2022-06-27 05:31:35,798] {processor.py:161} INFO - Processing /home/ubuntu/airflow/airflow_env/lib/python3.8/site-packages/airflow/example_dags/example_task_group.py took 0.238 seconds
[2022-06-27 05:32:15,436] {processor.py:153} INFO - Started process (PID=153013) to work on /home/ubuntu/airflow/airflow_env/lib/python3.8/site-packages/airflow/example_dags/example_task_group.py
[2022-06-27 05:32:15,437] {processor.py:641} INFO - Processing file /home/ubuntu/airflow/airflow_env/lib/python3.8/site-packages/airflow/example_dags/example_task_group.py for tasks to queue
[2022-06-27 05:32:15,438] {logging_mixin.py:115} INFO - [2022-06-27 05:32:15,438] {dagbag.py:507} INFO - Filling up the DagBag from /home/ubuntu/airflow/airflow_env/lib/python3.8/site-packages/airflow/example_dags/example_task_group.py
[2022-06-27 05:32:15,455] {processor.py:651} INFO - DAG(s) dict_keys(['example_task_group']) retrieved from /home/ubuntu/airflow/airflow_env/lib/python3.8/site-packages/airflow/example_dags/example_task_group.py
[2022-06-27 05:32:15,551] {logging_mixin.py:115} INFO - [2022-06-27 05:32:15,551] {dag.py:2379} INFO - Sync 1 DAGs
[2022-06-27 05:32:15,593] {logging_mixin.py:115} INFO - [2022-06-27 05:32:15,593] {dag.py:2927} INFO - Setting next_dagrun for example_task_group to 2022-06-26T12:32:15.593345+00:00, run_after=2022-06-27T12:32:15.593345+00:00
[2022-06-27 05:32:15,626] {processor.py:161} INFO - Processing /home/ubuntu/airflow/airflow_env/lib/python3.8/site-packages/airflow/example_dags/example_task_group.py took 0.201 seconds
[2022-06-27 05:32:55,277] {processor.py:153} INFO - Started process (PID=153047) to work on /home/ubuntu/airflow/airflow_env/lib/python3.8/site-packages/airflow/example_dags/example_task_group.py
[2022-06-27 05:32:55,278] {processor.py:641} INFO - Processing file /home/ubuntu/airflow/airflow_env/lib/python3.8/site-packages/airflow/example_dags/example_task_group.py for tasks to queue
[2022-06-27 05:32:55,280] {logging_mixin.py:115} INFO - [2022-06-27 05:32:55,280] {dagbag.py:507} INFO - Filling up the DagBag from /home/ubuntu/airflow/airflow_env/lib/python3.8/site-packages/airflow/example_dags/example_task_group.py
[2022-06-27 05:32:55,310] {processor.py:651} INFO - DAG(s) dict_keys(['example_task_group']) retrieved from /home/ubuntu/airflow/airflow_env/lib/python3.8/site-packages/airflow/example_dags/example_task_group.py
[2022-06-27 05:32:55,373] {logging_mixin.py:115} INFO - [2022-06-27 05:32:55,373] {dag.py:2379} INFO - Sync 1 DAGs
[2022-06-27 05:32:55,399] {logging_mixin.py:115} INFO - [2022-06-27 05:32:55,399] {dag.py:2927} INFO - Setting next_dagrun for example_task_group to 2022-06-26T12:32:55.399511+00:00, run_after=2022-06-27T12:32:55.399511+00:00
[2022-06-27 05:32:55,445] {processor.py:161} INFO - Processing /home/ubuntu/airflow/airflow_env/lib/python3.8/site-packages/airflow/example_dags/example_task_group.py took 0.183 seconds
[2022-06-27 05:33:40,396] {processor.py:153} INFO - Started process (PID=153086) to work on /home/ubuntu/airflow/airflow_env/lib/python3.8/site-packages/airflow/example_dags/example_task_group.py
[2022-06-27 05:33:40,398] {processor.py:641} INFO - Processing file /home/ubuntu/airflow/airflow_env/lib/python3.8/site-packages/airflow/example_dags/example_task_group.py for tasks to queue
[2022-06-27 05:33:40,400] {logging_mixin.py:115} INFO - [2022-06-27 05:33:40,400] {dagbag.py:507} INFO - Filling up the DagBag from /home/ubuntu/airflow/airflow_env/lib/python3.8/site-packages/airflow/example_dags/example_task_group.py
[2022-06-27 05:33:40,476] {processor.py:651} INFO - DAG(s) dict_keys(['example_task_group']) retrieved from /home/ubuntu/airflow/airflow_env/lib/python3.8/site-packages/airflow/example_dags/example_task_group.py
[2022-06-27 05:33:40,582] {logging_mixin.py:115} INFO - [2022-06-27 05:33:40,582] {dag.py:2379} INFO - Sync 1 DAGs
[2022-06-27 05:33:40,670] {logging_mixin.py:115} INFO - [2022-06-27 05:33:40,670] {dag.py:2927} INFO - Setting next_dagrun for example_task_group to 2022-06-26T12:33:40.670294+00:00, run_after=2022-06-27T12:33:40.670294+00:00
[2022-06-27 05:33:40,746] {processor.py:161} INFO - Processing /home/ubuntu/airflow/airflow_env/lib/python3.8/site-packages/airflow/example_dags/example_task_group.py took 0.392 seconds
[2022-06-27 05:34:32,106] {processor.py:153} INFO - Started process (PID=153128) to work on /home/ubuntu/airflow/airflow_env/lib/python3.8/site-packages/airflow/example_dags/example_task_group.py
[2022-06-27 05:34:32,115] {processor.py:641} INFO - Processing file /home/ubuntu/airflow/airflow_env/lib/python3.8/site-packages/airflow/example_dags/example_task_group.py for tasks to queue
[2022-06-27 05:34:32,128] {logging_mixin.py:115} INFO - [2022-06-27 05:34:32,127] {dagbag.py:507} INFO - Filling up the DagBag from /home/ubuntu/airflow/airflow_env/lib/python3.8/site-packages/airflow/example_dags/example_task_group.py
[2022-06-27 05:34:32,231] {processor.py:651} INFO - DAG(s) dict_keys(['example_task_group']) retrieved from /home/ubuntu/airflow/airflow_env/lib/python3.8/site-packages/airflow/example_dags/example_task_group.py
[2022-06-27 05:34:32,369] {logging_mixin.py:115} INFO - [2022-06-27 05:34:32,369] {dag.py:2379} INFO - Sync 1 DAGs
[2022-06-27 05:34:32,445] {logging_mixin.py:115} INFO - [2022-06-27 05:34:32,445] {dag.py:2927} INFO - Setting next_dagrun for example_task_group to 2022-06-26T12:34:32.445393+00:00, run_after=2022-06-27T12:34:32.445393+00:00
[2022-06-27 05:34:32,481] {processor.py:161} INFO - Processing /home/ubuntu/airflow/airflow_env/lib/python3.8/site-packages/airflow/example_dags/example_task_group.py took 0.410 seconds
[2022-06-27 05:35:20,843] {processor.py:153} INFO - Started process (PID=153165) to work on /home/ubuntu/airflow/airflow_env/lib/python3.8/site-packages/airflow/example_dags/example_task_group.py
[2022-06-27 05:35:20,852] {processor.py:641} INFO - Processing file /home/ubuntu/airflow/airflow_env/lib/python3.8/site-packages/airflow/example_dags/example_task_group.py for tasks to queue
[2022-06-27 05:35:20,864] {logging_mixin.py:115} INFO - [2022-06-27 05:35:20,863] {dagbag.py:507} INFO - Filling up the DagBag from /home/ubuntu/airflow/airflow_env/lib/python3.8/site-packages/airflow/example_dags/example_task_group.py
[2022-06-27 05:35:20,921] {processor.py:651} INFO - DAG(s) dict_keys(['example_task_group']) retrieved from /home/ubuntu/airflow/airflow_env/lib/python3.8/site-packages/airflow/example_dags/example_task_group.py
[2022-06-27 05:35:21,024] {logging_mixin.py:115} INFO - [2022-06-27 05:35:21,024] {dag.py:2379} INFO - Sync 1 DAGs
[2022-06-27 05:35:21,073] {logging_mixin.py:115} INFO - [2022-06-27 05:35:21,072] {dag.py:2927} INFO - Setting next_dagrun for example_task_group to 2022-06-26T12:35:21.071825+00:00, run_after=2022-06-27T12:35:21.071825+00:00
[2022-06-27 05:35:21,114] {processor.py:161} INFO - Processing /home/ubuntu/airflow/airflow_env/lib/python3.8/site-packages/airflow/example_dags/example_task_group.py took 0.298 seconds
[2022-06-27 05:36:13,152] {processor.py:153} INFO - Started process (PID=153212) to work on /home/ubuntu/airflow/airflow_env/lib/python3.8/site-packages/airflow/example_dags/example_task_group.py
[2022-06-27 05:36:13,157] {processor.py:641} INFO - Processing file /home/ubuntu/airflow/airflow_env/lib/python3.8/site-packages/airflow/example_dags/example_task_group.py for tasks to queue
[2022-06-27 05:36:13,158] {logging_mixin.py:115} INFO - [2022-06-27 05:36:13,158] {dagbag.py:507} INFO - Filling up the DagBag from /home/ubuntu/airflow/airflow_env/lib/python3.8/site-packages/airflow/example_dags/example_task_group.py
[2022-06-27 05:36:13,184] {processor.py:651} INFO - DAG(s) dict_keys(['example_task_group']) retrieved from /home/ubuntu/airflow/airflow_env/lib/python3.8/site-packages/airflow/example_dags/example_task_group.py
[2022-06-27 05:36:13,229] {logging_mixin.py:115} INFO - [2022-06-27 05:36:13,229] {dag.py:2379} INFO - Sync 1 DAGs
[2022-06-27 05:36:13,268] {logging_mixin.py:115} INFO - [2022-06-27 05:36:13,268] {dag.py:2927} INFO - Setting next_dagrun for example_task_group to 2022-06-26T12:36:13.268138+00:00, run_after=2022-06-27T12:36:13.268138+00:00
[2022-06-27 05:36:13,377] {processor.py:161} INFO - Processing /home/ubuntu/airflow/airflow_env/lib/python3.8/site-packages/airflow/example_dags/example_task_group.py took 0.262 seconds
[2022-06-27 05:37:05,803] {processor.py:153} INFO - Started process (PID=153261) to work on /home/ubuntu/airflow/airflow_env/lib/python3.8/site-packages/airflow/example_dags/example_task_group.py
[2022-06-27 05:37:05,805] {processor.py:641} INFO - Processing file /home/ubuntu/airflow/airflow_env/lib/python3.8/site-packages/airflow/example_dags/example_task_group.py for tasks to queue
[2022-06-27 05:37:05,812] {logging_mixin.py:115} INFO - [2022-06-27 05:37:05,812] {dagbag.py:507} INFO - Filling up the DagBag from /home/ubuntu/airflow/airflow_env/lib/python3.8/site-packages/airflow/example_dags/example_task_group.py
[2022-06-27 05:37:05,844] {processor.py:651} INFO - DAG(s) dict_keys(['example_task_group']) retrieved from /home/ubuntu/airflow/airflow_env/lib/python3.8/site-packages/airflow/example_dags/example_task_group.py
[2022-06-27 05:37:05,943] {logging_mixin.py:115} INFO - [2022-06-27 05:37:05,943] {dag.py:2379} INFO - Sync 1 DAGs
[2022-06-27 05:37:05,971] {logging_mixin.py:115} INFO - [2022-06-27 05:37:05,971] {dag.py:2927} INFO - Setting next_dagrun for example_task_group to 2022-06-26T12:37:05.970789+00:00, run_after=2022-06-27T12:37:05.970789+00:00
[2022-06-27 05:37:06,016] {processor.py:161} INFO - Processing /home/ubuntu/airflow/airflow_env/lib/python3.8/site-packages/airflow/example_dags/example_task_group.py took 0.230 seconds
[2022-06-27 05:37:56,740] {processor.py:153} INFO - Started process (PID=153301) to work on /home/ubuntu/airflow/airflow_env/lib/python3.8/site-packages/airflow/example_dags/example_task_group.py
[2022-06-27 05:37:56,742] {processor.py:641} INFO - Processing file /home/ubuntu/airflow/airflow_env/lib/python3.8/site-packages/airflow/example_dags/example_task_group.py for tasks to queue
[2022-06-27 05:37:56,750] {logging_mixin.py:115} INFO - [2022-06-27 05:37:56,750] {dagbag.py:507} INFO - Filling up the DagBag from /home/ubuntu/airflow/airflow_env/lib/python3.8/site-packages/airflow/example_dags/example_task_group.py
[2022-06-27 05:37:56,776] {processor.py:651} INFO - DAG(s) dict_keys(['example_task_group']) retrieved from /home/ubuntu/airflow/airflow_env/lib/python3.8/site-packages/airflow/example_dags/example_task_group.py
[2022-06-27 05:37:56,825] {logging_mixin.py:115} INFO - [2022-06-27 05:37:56,824] {dag.py:2379} INFO - Sync 1 DAGs
[2022-06-27 05:37:56,858] {logging_mixin.py:115} INFO - [2022-06-27 05:37:56,857] {dag.py:2927} INFO - Setting next_dagrun for example_task_group to 2022-06-26T12:37:56.857416+00:00, run_after=2022-06-27T12:37:56.857416+00:00
[2022-06-27 05:37:56,898] {processor.py:161} INFO - Processing /home/ubuntu/airflow/airflow_env/lib/python3.8/site-packages/airflow/example_dags/example_task_group.py took 0.189 seconds
[2022-06-27 05:38:52,742] {processor.py:153} INFO - Started process (PID=153346) to work on /home/ubuntu/airflow/airflow_env/lib/python3.8/site-packages/airflow/example_dags/example_task_group.py
[2022-06-27 05:38:52,750] {processor.py:641} INFO - Processing file /home/ubuntu/airflow/airflow_env/lib/python3.8/site-packages/airflow/example_dags/example_task_group.py for tasks to queue
[2022-06-27 05:38:52,752] {logging_mixin.py:115} INFO - [2022-06-27 05:38:52,752] {dagbag.py:507} INFO - Filling up the DagBag from /home/ubuntu/airflow/airflow_env/lib/python3.8/site-packages/airflow/example_dags/example_task_group.py
[2022-06-27 05:38:52,793] {processor.py:651} INFO - DAG(s) dict_keys(['example_task_group']) retrieved from /home/ubuntu/airflow/airflow_env/lib/python3.8/site-packages/airflow/example_dags/example_task_group.py
[2022-06-27 05:38:52,853] {logging_mixin.py:115} INFO - [2022-06-27 05:38:52,853] {dag.py:2379} INFO - Sync 1 DAGs
[2022-06-27 05:38:52,889] {logging_mixin.py:115} INFO - [2022-06-27 05:38:52,889] {dag.py:2927} INFO - Setting next_dagrun for example_task_group to 2022-06-26T12:38:52.888847+00:00, run_after=2022-06-27T12:38:52.888847+00:00
[2022-06-27 05:38:52,907] {processor.py:161} INFO - Processing /home/ubuntu/airflow/airflow_env/lib/python3.8/site-packages/airflow/example_dags/example_task_group.py took 0.200 seconds
[2022-06-27 05:39:40,569] {processor.py:153} INFO - Started process (PID=153385) to work on /home/ubuntu/airflow/airflow_env/lib/python3.8/site-packages/airflow/example_dags/example_task_group.py
[2022-06-27 05:39:40,571] {processor.py:641} INFO - Processing file /home/ubuntu/airflow/airflow_env/lib/python3.8/site-packages/airflow/example_dags/example_task_group.py for tasks to queue
[2022-06-27 05:39:40,572] {logging_mixin.py:115} INFO - [2022-06-27 05:39:40,571] {dagbag.py:507} INFO - Filling up the DagBag from /home/ubuntu/airflow/airflow_env/lib/python3.8/site-packages/airflow/example_dags/example_task_group.py
[2022-06-27 05:39:40,588] {processor.py:651} INFO - DAG(s) dict_keys(['example_task_group']) retrieved from /home/ubuntu/airflow/airflow_env/lib/python3.8/site-packages/airflow/example_dags/example_task_group.py
[2022-06-27 05:39:40,639] {logging_mixin.py:115} INFO - [2022-06-27 05:39:40,639] {dag.py:2379} INFO - Sync 1 DAGs
[2022-06-27 05:39:40,666] {logging_mixin.py:115} INFO - [2022-06-27 05:39:40,666] {dag.py:2927} INFO - Setting next_dagrun for example_task_group to 2022-06-26T12:39:40.662343+00:00, run_after=2022-06-27T12:39:40.662343+00:00
[2022-06-27 05:39:40,688] {processor.py:161} INFO - Processing /home/ubuntu/airflow/airflow_env/lib/python3.8/site-packages/airflow/example_dags/example_task_group.py took 0.128 seconds
