[2022-06-27 04:50:01,293] {processor.py:153} INFO - Started process (PID=150524) to work on /home/ubuntu/airflow/airflow_env/lib/python3.8/site-packages/airflow/example_dags/example_branch_operator.py
[2022-06-27 04:50:01,294] {processor.py:641} INFO - Processing file /home/ubuntu/airflow/airflow_env/lib/python3.8/site-packages/airflow/example_dags/example_branch_operator.py for tasks to queue
[2022-06-27 04:50:01,296] {logging_mixin.py:115} INFO - [2022-06-27 04:50:01,295] {dagbag.py:507} INFO - Filling up the DagBag from /home/ubuntu/airflow/airflow_env/lib/python3.8/site-packages/airflow/example_dags/example_branch_operator.py
[2022-06-27 04:50:01,321] {processor.py:651} INFO - DAG(s) dict_keys(['example_branch_operator']) retrieved from /home/ubuntu/airflow/airflow_env/lib/python3.8/site-packages/airflow/example_dags/example_branch_operator.py
[2022-06-27 04:50:01,409] {logging_mixin.py:115} INFO - [2022-06-27 04:50:01,409] {manager.py:508} INFO - Created Permission View: can edit on DAG:example_branch_operator
[2022-06-27 04:50:01,428] {logging_mixin.py:115} INFO - [2022-06-27 04:50:01,428] {manager.py:508} INFO - Created Permission View: can read on DAG:example_branch_operator
[2022-06-27 04:50:01,441] {logging_mixin.py:115} INFO - [2022-06-27 04:50:01,441] {manager.py:508} INFO - Created Permission View: can delete on DAG:example_branch_operator
[2022-06-27 04:50:01,441] {logging_mixin.py:115} INFO - [2022-06-27 04:50:01,441] {dag.py:2379} INFO - Sync 1 DAGs
[2022-06-27 04:50:01,454] {logging_mixin.py:115} INFO - [2022-06-27 04:50:01,454] {dag.py:2398} INFO - Creating ORM DAG for example_branch_operator
[2022-06-27 04:50:01,471] {logging_mixin.py:115} INFO - [2022-06-27 04:50:01,471] {dag.py:2927} INFO - Setting next_dagrun for example_branch_operator to 2022-06-26T00:00:00+00:00, run_after=2022-06-27T00:00:00+00:00
[2022-06-27 04:50:01,494] {processor.py:161} INFO - Processing /home/ubuntu/airflow/airflow_env/lib/python3.8/site-packages/airflow/example_dags/example_branch_operator.py took 0.209 seconds
[2022-06-27 04:50:54,973] {processor.py:153} INFO - Started process (PID=150612) to work on /home/ubuntu/airflow/airflow_env/lib/python3.8/site-packages/airflow/example_dags/example_branch_operator.py
[2022-06-27 04:50:54,984] {processor.py:641} INFO - Processing file /home/ubuntu/airflow/airflow_env/lib/python3.8/site-packages/airflow/example_dags/example_branch_operator.py for tasks to queue
[2022-06-27 04:50:54,989] {logging_mixin.py:115} INFO - [2022-06-27 04:50:54,988] {dagbag.py:507} INFO - Filling up the DagBag from /home/ubuntu/airflow/airflow_env/lib/python3.8/site-packages/airflow/example_dags/example_branch_operator.py
[2022-06-27 04:50:55,056] {processor.py:651} INFO - DAG(s) dict_keys(['example_branch_operator']) retrieved from /home/ubuntu/airflow/airflow_env/lib/python3.8/site-packages/airflow/example_dags/example_branch_operator.py
[2022-06-27 04:50:55,167] {logging_mixin.py:115} INFO - [2022-06-27 04:50:55,166] {dag.py:2379} INFO - Sync 1 DAGs
[2022-06-27 04:50:55,383] {logging_mixin.py:115} INFO - [2022-06-27 04:50:55,383] {dag.py:2927} INFO - Setting next_dagrun for example_branch_operator to 2022-06-26T00:00:00+00:00, run_after=2022-06-27T00:00:00+00:00
[2022-06-27 04:50:55,421] {processor.py:161} INFO - Processing /home/ubuntu/airflow/airflow_env/lib/python3.8/site-packages/airflow/example_dags/example_branch_operator.py took 0.493 seconds
[2022-06-27 04:51:36,293] {processor.py:153} INFO - Started process (PID=150683) to work on /home/ubuntu/airflow/airflow_env/lib/python3.8/site-packages/airflow/example_dags/example_branch_operator.py
[2022-06-27 04:51:36,302] {processor.py:641} INFO - Processing file /home/ubuntu/airflow/airflow_env/lib/python3.8/site-packages/airflow/example_dags/example_branch_operator.py for tasks to queue
[2022-06-27 04:51:36,304] {logging_mixin.py:115} INFO - [2022-06-27 04:51:36,303] {dagbag.py:507} INFO - Filling up the DagBag from /home/ubuntu/airflow/airflow_env/lib/python3.8/site-packages/airflow/example_dags/example_branch_operator.py
[2022-06-27 04:51:36,402] {processor.py:651} INFO - DAG(s) dict_keys(['example_branch_operator']) retrieved from /home/ubuntu/airflow/airflow_env/lib/python3.8/site-packages/airflow/example_dags/example_branch_operator.py
[2022-06-27 04:51:36,517] {logging_mixin.py:115} INFO - [2022-06-27 04:51:36,517] {dag.py:2379} INFO - Sync 1 DAGs
[2022-06-27 04:51:36,610] {logging_mixin.py:115} INFO - [2022-06-27 04:51:36,610] {dag.py:2927} INFO - Setting next_dagrun for example_branch_operator to 2022-06-26T00:00:00+00:00, run_after=2022-06-27T00:00:00+00:00
[2022-06-27 04:51:36,677] {processor.py:161} INFO - Processing /home/ubuntu/airflow/airflow_env/lib/python3.8/site-packages/airflow/example_dags/example_branch_operator.py took 0.413 seconds
[2022-06-27 04:52:23,742] {processor.py:153} INFO - Started process (PID=150813) to work on /home/ubuntu/airflow/airflow_env/lib/python3.8/site-packages/airflow/example_dags/example_branch_operator.py
[2022-06-27 04:52:23,743] {processor.py:641} INFO - Processing file /home/ubuntu/airflow/airflow_env/lib/python3.8/site-packages/airflow/example_dags/example_branch_operator.py for tasks to queue
[2022-06-27 04:52:23,743] {logging_mixin.py:115} INFO - [2022-06-27 04:52:23,743] {dagbag.py:507} INFO - Filling up the DagBag from /home/ubuntu/airflow/airflow_env/lib/python3.8/site-packages/airflow/example_dags/example_branch_operator.py
[2022-06-27 04:52:23,757] {processor.py:651} INFO - DAG(s) dict_keys(['example_branch_operator']) retrieved from /home/ubuntu/airflow/airflow_env/lib/python3.8/site-packages/airflow/example_dags/example_branch_operator.py
[2022-06-27 04:52:23,846] {logging_mixin.py:115} INFO - [2022-06-27 04:52:23,846] {dag.py:2379} INFO - Sync 1 DAGs
[2022-06-27 04:52:23,887] {logging_mixin.py:115} INFO - [2022-06-27 04:52:23,887] {dag.py:2927} INFO - Setting next_dagrun for example_branch_operator to 2022-06-26T00:00:00+00:00, run_after=2022-06-27T00:00:00+00:00
[2022-06-27 04:52:23,908] {processor.py:161} INFO - Processing /home/ubuntu/airflow/airflow_env/lib/python3.8/site-packages/airflow/example_dags/example_branch_operator.py took 0.170 seconds
[2022-06-27 04:53:06,931] {processor.py:153} INFO - Started process (PID=150849) to work on /home/ubuntu/airflow/airflow_env/lib/python3.8/site-packages/airflow/example_dags/example_branch_operator.py
[2022-06-27 04:53:06,934] {processor.py:641} INFO - Processing file /home/ubuntu/airflow/airflow_env/lib/python3.8/site-packages/airflow/example_dags/example_branch_operator.py for tasks to queue
[2022-06-27 04:53:06,936] {logging_mixin.py:115} INFO - [2022-06-27 04:53:06,935] {dagbag.py:507} INFO - Filling up the DagBag from /home/ubuntu/airflow/airflow_env/lib/python3.8/site-packages/airflow/example_dags/example_branch_operator.py
[2022-06-27 04:53:06,982] {processor.py:651} INFO - DAG(s) dict_keys(['example_branch_operator']) retrieved from /home/ubuntu/airflow/airflow_env/lib/python3.8/site-packages/airflow/example_dags/example_branch_operator.py
[2022-06-27 04:53:07,068] {logging_mixin.py:115} INFO - [2022-06-27 04:53:07,067] {dag.py:2379} INFO - Sync 1 DAGs
[2022-06-27 04:53:07,136] {logging_mixin.py:115} INFO - [2022-06-27 04:53:07,136] {dag.py:2927} INFO - Setting next_dagrun for example_branch_operator to 2022-06-26T00:00:00+00:00, run_after=2022-06-27T00:00:00+00:00
[2022-06-27 04:53:07,179] {processor.py:161} INFO - Processing /home/ubuntu/airflow/airflow_env/lib/python3.8/site-packages/airflow/example_dags/example_branch_operator.py took 0.259 seconds
[2022-06-27 04:53:55,235] {processor.py:153} INFO - Started process (PID=150917) to work on /home/ubuntu/airflow/airflow_env/lib/python3.8/site-packages/airflow/example_dags/example_branch_operator.py
[2022-06-27 04:53:55,238] {processor.py:641} INFO - Processing file /home/ubuntu/airflow/airflow_env/lib/python3.8/site-packages/airflow/example_dags/example_branch_operator.py for tasks to queue
[2022-06-27 04:53:55,239] {logging_mixin.py:115} INFO - [2022-06-27 04:53:55,239] {dagbag.py:507} INFO - Filling up the DagBag from /home/ubuntu/airflow/airflow_env/lib/python3.8/site-packages/airflow/example_dags/example_branch_operator.py
[2022-06-27 04:53:55,284] {processor.py:651} INFO - DAG(s) dict_keys(['example_branch_operator']) retrieved from /home/ubuntu/airflow/airflow_env/lib/python3.8/site-packages/airflow/example_dags/example_branch_operator.py
[2022-06-27 04:53:55,398] {logging_mixin.py:115} INFO - [2022-06-27 04:53:55,398] {dag.py:2379} INFO - Sync 1 DAGs
[2022-06-27 04:53:55,463] {logging_mixin.py:115} INFO - [2022-06-27 04:53:55,463] {dag.py:2927} INFO - Setting next_dagrun for example_branch_operator to 2022-06-26T00:00:00+00:00, run_after=2022-06-27T00:00:00+00:00
[2022-06-27 04:53:55,489] {processor.py:161} INFO - Processing /home/ubuntu/airflow/airflow_env/lib/python3.8/site-packages/airflow/example_dags/example_branch_operator.py took 0.274 seconds
[2022-06-27 04:55:04,923] {processor.py:153} INFO - Started process (PID=151006) to work on /home/ubuntu/airflow/airflow_env/lib/python3.8/site-packages/airflow/example_dags/example_branch_operator.py
[2022-06-27 04:55:04,924] {processor.py:641} INFO - Processing file /home/ubuntu/airflow/airflow_env/lib/python3.8/site-packages/airflow/example_dags/example_branch_operator.py for tasks to queue
[2022-06-27 04:55:04,925] {logging_mixin.py:115} INFO - [2022-06-27 04:55:04,925] {dagbag.py:507} INFO - Filling up the DagBag from /home/ubuntu/airflow/airflow_env/lib/python3.8/site-packages/airflow/example_dags/example_branch_operator.py
[2022-06-27 04:55:04,982] {processor.py:651} INFO - DAG(s) dict_keys(['example_branch_operator']) retrieved from /home/ubuntu/airflow/airflow_env/lib/python3.8/site-packages/airflow/example_dags/example_branch_operator.py
[2022-06-27 04:55:05,056] {logging_mixin.py:115} INFO - [2022-06-27 04:55:05,055] {dag.py:2379} INFO - Sync 1 DAGs
[2022-06-27 04:55:05,118] {logging_mixin.py:115} INFO - [2022-06-27 04:55:05,114] {dag.py:2927} INFO - Setting next_dagrun for example_branch_operator to 2022-06-26T00:00:00+00:00, run_after=2022-06-27T00:00:00+00:00
[2022-06-27 04:55:05,154] {processor.py:161} INFO - Processing /home/ubuntu/airflow/airflow_env/lib/python3.8/site-packages/airflow/example_dags/example_branch_operator.py took 0.246 seconds
[2022-06-27 04:55:59,854] {processor.py:153} INFO - Started process (PID=151102) to work on /home/ubuntu/airflow/airflow_env/lib/python3.8/site-packages/airflow/example_dags/example_branch_operator.py
[2022-06-27 04:55:59,861] {processor.py:641} INFO - Processing file /home/ubuntu/airflow/airflow_env/lib/python3.8/site-packages/airflow/example_dags/example_branch_operator.py for tasks to queue
[2022-06-27 04:55:59,866] {logging_mixin.py:115} INFO - [2022-06-27 04:55:59,866] {dagbag.py:507} INFO - Filling up the DagBag from /home/ubuntu/airflow/airflow_env/lib/python3.8/site-packages/airflow/example_dags/example_branch_operator.py
[2022-06-27 04:55:59,988] {processor.py:651} INFO - DAG(s) dict_keys(['example_branch_operator']) retrieved from /home/ubuntu/airflow/airflow_env/lib/python3.8/site-packages/airflow/example_dags/example_branch_operator.py
[2022-06-27 04:56:00,758] {logging_mixin.py:115} INFO - [2022-06-27 04:56:00,758] {dag.py:2379} INFO - Sync 1 DAGs
[2022-06-27 04:56:00,879] {logging_mixin.py:115} INFO - [2022-06-27 04:56:00,878] {dag.py:2927} INFO - Setting next_dagrun for example_branch_operator to 2022-06-26T00:00:00+00:00, run_after=2022-06-27T00:00:00+00:00
[2022-06-27 04:56:00,933] {processor.py:161} INFO - Processing /home/ubuntu/airflow/airflow_env/lib/python3.8/site-packages/airflow/example_dags/example_branch_operator.py took 1.101 seconds
[2022-06-27 04:57:05,959] {processor.py:153} INFO - Started process (PID=151182) to work on /home/ubuntu/airflow/airflow_env/lib/python3.8/site-packages/airflow/example_dags/example_branch_operator.py
[2022-06-27 04:57:05,964] {processor.py:641} INFO - Processing file /home/ubuntu/airflow/airflow_env/lib/python3.8/site-packages/airflow/example_dags/example_branch_operator.py for tasks to queue
[2022-06-27 04:57:05,977] {logging_mixin.py:115} INFO - [2022-06-27 04:57:05,973] {dagbag.py:507} INFO - Filling up the DagBag from /home/ubuntu/airflow/airflow_env/lib/python3.8/site-packages/airflow/example_dags/example_branch_operator.py
[2022-06-27 04:57:06,858] {processor.py:651} INFO - DAG(s) dict_keys(['example_branch_operator']) retrieved from /home/ubuntu/airflow/airflow_env/lib/python3.8/site-packages/airflow/example_dags/example_branch_operator.py
[2022-06-27 04:57:08,190] {logging_mixin.py:115} INFO - [2022-06-27 04:57:08,189] {dag.py:2379} INFO - Sync 1 DAGs
[2022-06-27 04:57:09,014] {logging_mixin.py:115} INFO - [2022-06-27 04:57:08,993] {dag.py:2927} INFO - Setting next_dagrun for example_branch_operator to 2022-06-26T00:00:00+00:00, run_after=2022-06-27T00:00:00+00:00
[2022-06-27 04:57:09,163] {processor.py:161} INFO - Processing /home/ubuntu/airflow/airflow_env/lib/python3.8/site-packages/airflow/example_dags/example_branch_operator.py took 3.282 seconds
[2022-06-27 04:57:51,983] {processor.py:153} INFO - Started process (PID=151260) to work on /home/ubuntu/airflow/airflow_env/lib/python3.8/site-packages/airflow/example_dags/example_branch_operator.py
[2022-06-27 04:57:51,986] {processor.py:641} INFO - Processing file /home/ubuntu/airflow/airflow_env/lib/python3.8/site-packages/airflow/example_dags/example_branch_operator.py for tasks to queue
[2022-06-27 04:57:51,988] {logging_mixin.py:115} INFO - [2022-06-27 04:57:51,988] {dagbag.py:507} INFO - Filling up the DagBag from /home/ubuntu/airflow/airflow_env/lib/python3.8/site-packages/airflow/example_dags/example_branch_operator.py
[2022-06-27 04:57:52,052] {processor.py:651} INFO - DAG(s) dict_keys(['example_branch_operator']) retrieved from /home/ubuntu/airflow/airflow_env/lib/python3.8/site-packages/airflow/example_dags/example_branch_operator.py
[2022-06-27 04:57:52,203] {logging_mixin.py:115} INFO - [2022-06-27 04:57:52,202] {dag.py:2379} INFO - Sync 1 DAGs
[2022-06-27 04:57:52,382] {logging_mixin.py:115} INFO - [2022-06-27 04:57:52,382] {dag.py:2927} INFO - Setting next_dagrun for example_branch_operator to 2022-06-26T00:00:00+00:00, run_after=2022-06-27T00:00:00+00:00
[2022-06-27 04:57:52,445] {processor.py:161} INFO - Processing /home/ubuntu/airflow/airflow_env/lib/python3.8/site-packages/airflow/example_dags/example_branch_operator.py took 0.515 seconds
[2022-06-27 04:58:33,534] {processor.py:153} INFO - Started process (PID=151323) to work on /home/ubuntu/airflow/airflow_env/lib/python3.8/site-packages/airflow/example_dags/example_branch_operator.py
[2022-06-27 04:58:33,537] {processor.py:641} INFO - Processing file /home/ubuntu/airflow/airflow_env/lib/python3.8/site-packages/airflow/example_dags/example_branch_operator.py for tasks to queue
[2022-06-27 04:58:33,539] {logging_mixin.py:115} INFO - [2022-06-27 04:58:33,539] {dagbag.py:507} INFO - Filling up the DagBag from /home/ubuntu/airflow/airflow_env/lib/python3.8/site-packages/airflow/example_dags/example_branch_operator.py
[2022-06-27 04:58:33,580] {processor.py:651} INFO - DAG(s) dict_keys(['example_branch_operator']) retrieved from /home/ubuntu/airflow/airflow_env/lib/python3.8/site-packages/airflow/example_dags/example_branch_operator.py
[2022-06-27 04:58:33,633] {logging_mixin.py:115} INFO - [2022-06-27 04:58:33,633] {dag.py:2379} INFO - Sync 1 DAGs
[2022-06-27 04:58:33,682] {logging_mixin.py:115} INFO - [2022-06-27 04:58:33,681] {dag.py:2927} INFO - Setting next_dagrun for example_branch_operator to 2022-06-26T00:00:00+00:00, run_after=2022-06-27T00:00:00+00:00
[2022-06-27 04:58:33,710] {processor.py:161} INFO - Processing /home/ubuntu/airflow/airflow_env/lib/python3.8/site-packages/airflow/example_dags/example_branch_operator.py took 0.189 seconds
[2022-06-27 04:59:15,844] {processor.py:153} INFO - Started process (PID=151365) to work on /home/ubuntu/airflow/airflow_env/lib/python3.8/site-packages/airflow/example_dags/example_branch_operator.py
[2022-06-27 04:59:15,845] {processor.py:641} INFO - Processing file /home/ubuntu/airflow/airflow_env/lib/python3.8/site-packages/airflow/example_dags/example_branch_operator.py for tasks to queue
[2022-06-27 04:59:15,847] {logging_mixin.py:115} INFO - [2022-06-27 04:59:15,846] {dagbag.py:507} INFO - Filling up the DagBag from /home/ubuntu/airflow/airflow_env/lib/python3.8/site-packages/airflow/example_dags/example_branch_operator.py
[2022-06-27 04:59:15,870] {processor.py:651} INFO - DAG(s) dict_keys(['example_branch_operator']) retrieved from /home/ubuntu/airflow/airflow_env/lib/python3.8/site-packages/airflow/example_dags/example_branch_operator.py
[2022-06-27 04:59:15,892] {logging_mixin.py:115} INFO - [2022-06-27 04:59:15,892] {dag.py:2379} INFO - Sync 1 DAGs
[2022-06-27 04:59:15,913] {logging_mixin.py:115} INFO - [2022-06-27 04:59:15,913] {dag.py:2927} INFO - Setting next_dagrun for example_branch_operator to 2022-06-26T00:00:00+00:00, run_after=2022-06-27T00:00:00+00:00
[2022-06-27 04:59:15,927] {processor.py:161} INFO - Processing /home/ubuntu/airflow/airflow_env/lib/python3.8/site-packages/airflow/example_dags/example_branch_operator.py took 0.091 seconds
[2022-06-27 05:00:11,333] {processor.py:153} INFO - Started process (PID=151409) to work on /home/ubuntu/airflow/airflow_env/lib/python3.8/site-packages/airflow/example_dags/example_branch_operator.py
[2022-06-27 05:00:11,343] {processor.py:641} INFO - Processing file /home/ubuntu/airflow/airflow_env/lib/python3.8/site-packages/airflow/example_dags/example_branch_operator.py for tasks to queue
[2022-06-27 05:00:11,344] {logging_mixin.py:115} INFO - [2022-06-27 05:00:11,344] {dagbag.py:507} INFO - Filling up the DagBag from /home/ubuntu/airflow/airflow_env/lib/python3.8/site-packages/airflow/example_dags/example_branch_operator.py
[2022-06-27 05:00:11,410] {processor.py:651} INFO - DAG(s) dict_keys(['example_branch_operator']) retrieved from /home/ubuntu/airflow/airflow_env/lib/python3.8/site-packages/airflow/example_dags/example_branch_operator.py
[2022-06-27 05:00:11,568] {logging_mixin.py:115} INFO - [2022-06-27 05:00:11,568] {dag.py:2379} INFO - Sync 1 DAGs
[2022-06-27 05:00:11,687] {logging_mixin.py:115} INFO - [2022-06-27 05:00:11,687] {dag.py:2927} INFO - Setting next_dagrun for example_branch_operator to 2022-06-26T00:00:00+00:00, run_after=2022-06-27T00:00:00+00:00
[2022-06-27 05:00:11,731] {processor.py:161} INFO - Processing /home/ubuntu/airflow/airflow_env/lib/python3.8/site-packages/airflow/example_dags/example_branch_operator.py took 0.421 seconds
[2022-06-27 05:02:55,819] {processor.py:153} INFO - Started process (PID=151508) to work on /home/ubuntu/airflow/airflow_env/lib/python3.8/site-packages/airflow/example_dags/example_branch_operator.py
[2022-06-27 05:02:55,821] {processor.py:641} INFO - Processing file /home/ubuntu/airflow/airflow_env/lib/python3.8/site-packages/airflow/example_dags/example_branch_operator.py for tasks to queue
[2022-06-27 05:02:55,823] {logging_mixin.py:115} INFO - [2022-06-27 05:02:55,823] {dagbag.py:507} INFO - Filling up the DagBag from /home/ubuntu/airflow/airflow_env/lib/python3.8/site-packages/airflow/example_dags/example_branch_operator.py
[2022-06-27 05:02:55,913] {processor.py:651} INFO - DAG(s) dict_keys(['example_branch_operator']) retrieved from /home/ubuntu/airflow/airflow_env/lib/python3.8/site-packages/airflow/example_dags/example_branch_operator.py
[2022-06-27 05:02:56,007] {logging_mixin.py:115} INFO - [2022-06-27 05:02:56,007] {dag.py:2379} INFO - Sync 1 DAGs
[2022-06-27 05:02:56,086] {logging_mixin.py:115} INFO - [2022-06-27 05:02:56,086] {dag.py:2927} INFO - Setting next_dagrun for example_branch_operator to 2022-06-26T00:00:00+00:00, run_after=2022-06-27T00:00:00+00:00
[2022-06-27 05:02:56,124] {processor.py:161} INFO - Processing /home/ubuntu/airflow/airflow_env/lib/python3.8/site-packages/airflow/example_dags/example_branch_operator.py took 0.328 seconds
[2022-06-27 05:03:44,073] {processor.py:153} INFO - Started process (PID=151548) to work on /home/ubuntu/airflow/airflow_env/lib/python3.8/site-packages/airflow/example_dags/example_branch_operator.py
[2022-06-27 05:03:44,078] {processor.py:641} INFO - Processing file /home/ubuntu/airflow/airflow_env/lib/python3.8/site-packages/airflow/example_dags/example_branch_operator.py for tasks to queue
[2022-06-27 05:03:44,079] {logging_mixin.py:115} INFO - [2022-06-27 05:03:44,079] {dagbag.py:507} INFO - Filling up the DagBag from /home/ubuntu/airflow/airflow_env/lib/python3.8/site-packages/airflow/example_dags/example_branch_operator.py
[2022-06-27 05:03:44,128] {processor.py:651} INFO - DAG(s) dict_keys(['example_branch_operator']) retrieved from /home/ubuntu/airflow/airflow_env/lib/python3.8/site-packages/airflow/example_dags/example_branch_operator.py
[2022-06-27 05:03:44,287] {logging_mixin.py:115} INFO - [2022-06-27 05:03:44,287] {dag.py:2379} INFO - Sync 1 DAGs
[2022-06-27 05:03:44,371] {logging_mixin.py:115} INFO - [2022-06-27 05:03:44,371] {dag.py:2927} INFO - Setting next_dagrun for example_branch_operator to 2022-06-26T00:00:00+00:00, run_after=2022-06-27T00:00:00+00:00
[2022-06-27 05:03:44,412] {processor.py:161} INFO - Processing /home/ubuntu/airflow/airflow_env/lib/python3.8/site-packages/airflow/example_dags/example_branch_operator.py took 0.352 seconds
[2022-06-27 05:04:37,238] {processor.py:153} INFO - Started process (PID=151589) to work on /home/ubuntu/airflow/airflow_env/lib/python3.8/site-packages/airflow/example_dags/example_branch_operator.py
[2022-06-27 05:04:37,243] {processor.py:641} INFO - Processing file /home/ubuntu/airflow/airflow_env/lib/python3.8/site-packages/airflow/example_dags/example_branch_operator.py for tasks to queue
[2022-06-27 05:04:37,250] {logging_mixin.py:115} INFO - [2022-06-27 05:04:37,245] {dagbag.py:507} INFO - Filling up the DagBag from /home/ubuntu/airflow/airflow_env/lib/python3.8/site-packages/airflow/example_dags/example_branch_operator.py
[2022-06-27 05:04:37,302] {processor.py:651} INFO - DAG(s) dict_keys(['example_branch_operator']) retrieved from /home/ubuntu/airflow/airflow_env/lib/python3.8/site-packages/airflow/example_dags/example_branch_operator.py
[2022-06-27 05:04:37,443] {logging_mixin.py:115} INFO - [2022-06-27 05:04:37,442] {dag.py:2379} INFO - Sync 1 DAGs
[2022-06-27 05:04:37,596] {logging_mixin.py:115} INFO - [2022-06-27 05:04:37,596] {dag.py:2927} INFO - Setting next_dagrun for example_branch_operator to 2022-06-26T00:00:00+00:00, run_after=2022-06-27T00:00:00+00:00
[2022-06-27 05:04:37,665] {processor.py:161} INFO - Processing /home/ubuntu/airflow/airflow_env/lib/python3.8/site-packages/airflow/example_dags/example_branch_operator.py took 0.457 seconds
[2022-06-27 05:05:26,142] {processor.py:153} INFO - Started process (PID=151625) to work on /home/ubuntu/airflow/airflow_env/lib/python3.8/site-packages/airflow/example_dags/example_branch_operator.py
[2022-06-27 05:05:26,143] {processor.py:641} INFO - Processing file /home/ubuntu/airflow/airflow_env/lib/python3.8/site-packages/airflow/example_dags/example_branch_operator.py for tasks to queue
[2022-06-27 05:05:26,144] {logging_mixin.py:115} INFO - [2022-06-27 05:05:26,144] {dagbag.py:507} INFO - Filling up the DagBag from /home/ubuntu/airflow/airflow_env/lib/python3.8/site-packages/airflow/example_dags/example_branch_operator.py
[2022-06-27 05:05:26,171] {processor.py:651} INFO - DAG(s) dict_keys(['example_branch_operator']) retrieved from /home/ubuntu/airflow/airflow_env/lib/python3.8/site-packages/airflow/example_dags/example_branch_operator.py
[2022-06-27 05:05:26,230] {logging_mixin.py:115} INFO - [2022-06-27 05:05:26,229] {dag.py:2379} INFO - Sync 1 DAGs
[2022-06-27 05:05:26,273] {logging_mixin.py:115} INFO - [2022-06-27 05:05:26,273] {dag.py:2927} INFO - Setting next_dagrun for example_branch_operator to 2022-06-26T00:00:00+00:00, run_after=2022-06-27T00:00:00+00:00
[2022-06-27 05:05:26,354] {processor.py:161} INFO - Processing /home/ubuntu/airflow/airflow_env/lib/python3.8/site-packages/airflow/example_dags/example_branch_operator.py took 0.217 seconds
[2022-06-27 05:06:21,105] {processor.py:153} INFO - Started process (PID=151671) to work on /home/ubuntu/airflow/airflow_env/lib/python3.8/site-packages/airflow/example_dags/example_branch_operator.py
[2022-06-27 05:06:21,116] {processor.py:641} INFO - Processing file /home/ubuntu/airflow/airflow_env/lib/python3.8/site-packages/airflow/example_dags/example_branch_operator.py for tasks to queue
[2022-06-27 05:06:21,126] {logging_mixin.py:115} INFO - [2022-06-27 05:06:21,117] {dagbag.py:507} INFO - Filling up the DagBag from /home/ubuntu/airflow/airflow_env/lib/python3.8/site-packages/airflow/example_dags/example_branch_operator.py
[2022-06-27 05:06:21,196] {processor.py:651} INFO - DAG(s) dict_keys(['example_branch_operator']) retrieved from /home/ubuntu/airflow/airflow_env/lib/python3.8/site-packages/airflow/example_dags/example_branch_operator.py
[2022-06-27 05:06:21,309] {logging_mixin.py:115} INFO - [2022-06-27 05:06:21,309] {dag.py:2379} INFO - Sync 1 DAGs
[2022-06-27 05:06:21,408] {logging_mixin.py:115} INFO - [2022-06-27 05:06:21,408] {dag.py:2927} INFO - Setting next_dagrun for example_branch_operator to 2022-06-26T00:00:00+00:00, run_after=2022-06-27T00:00:00+00:00
[2022-06-27 05:06:21,501] {processor.py:161} INFO - Processing /home/ubuntu/airflow/airflow_env/lib/python3.8/site-packages/airflow/example_dags/example_branch_operator.py took 0.428 seconds
[2022-06-27 05:07:19,627] {processor.py:153} INFO - Started process (PID=151714) to work on /home/ubuntu/airflow/airflow_env/lib/python3.8/site-packages/airflow/example_dags/example_branch_operator.py
[2022-06-27 05:07:19,635] {processor.py:641} INFO - Processing file /home/ubuntu/airflow/airflow_env/lib/python3.8/site-packages/airflow/example_dags/example_branch_operator.py for tasks to queue
[2022-06-27 05:07:19,636] {logging_mixin.py:115} INFO - [2022-06-27 05:07:19,636] {dagbag.py:507} INFO - Filling up the DagBag from /home/ubuntu/airflow/airflow_env/lib/python3.8/site-packages/airflow/example_dags/example_branch_operator.py
[2022-06-27 05:07:19,693] {processor.py:651} INFO - DAG(s) dict_keys(['example_branch_operator']) retrieved from /home/ubuntu/airflow/airflow_env/lib/python3.8/site-packages/airflow/example_dags/example_branch_operator.py
[2022-06-27 05:07:19,785] {logging_mixin.py:115} INFO - [2022-06-27 05:07:19,784] {dag.py:2379} INFO - Sync 1 DAGs
[2022-06-27 05:07:19,951] {logging_mixin.py:115} INFO - [2022-06-27 05:07:19,950] {dag.py:2927} INFO - Setting next_dagrun for example_branch_operator to 2022-06-26T00:00:00+00:00, run_after=2022-06-27T00:00:00+00:00
[2022-06-27 05:07:20,053] {processor.py:161} INFO - Processing /home/ubuntu/airflow/airflow_env/lib/python3.8/site-packages/airflow/example_dags/example_branch_operator.py took 0.441 seconds
[2022-06-27 05:08:13,709] {processor.py:153} INFO - Started process (PID=151755) to work on /home/ubuntu/airflow/airflow_env/lib/python3.8/site-packages/airflow/example_dags/example_branch_operator.py
[2022-06-27 05:08:13,721] {processor.py:641} INFO - Processing file /home/ubuntu/airflow/airflow_env/lib/python3.8/site-packages/airflow/example_dags/example_branch_operator.py for tasks to queue
[2022-06-27 05:08:13,722] {logging_mixin.py:115} INFO - [2022-06-27 05:08:13,722] {dagbag.py:507} INFO - Filling up the DagBag from /home/ubuntu/airflow/airflow_env/lib/python3.8/site-packages/airflow/example_dags/example_branch_operator.py
[2022-06-27 05:08:13,787] {processor.py:651} INFO - DAG(s) dict_keys(['example_branch_operator']) retrieved from /home/ubuntu/airflow/airflow_env/lib/python3.8/site-packages/airflow/example_dags/example_branch_operator.py
[2022-06-27 05:08:13,896] {logging_mixin.py:115} INFO - [2022-06-27 05:08:13,894] {dag.py:2379} INFO - Sync 1 DAGs
[2022-06-27 05:08:13,973] {logging_mixin.py:115} INFO - [2022-06-27 05:08:13,973] {dag.py:2927} INFO - Setting next_dagrun for example_branch_operator to 2022-06-26T00:00:00+00:00, run_after=2022-06-27T00:00:00+00:00
[2022-06-27 05:08:14,022] {processor.py:161} INFO - Processing /home/ubuntu/airflow/airflow_env/lib/python3.8/site-packages/airflow/example_dags/example_branch_operator.py took 0.335 seconds
[2022-06-27 05:09:07,401] {processor.py:153} INFO - Started process (PID=151798) to work on /home/ubuntu/airflow/airflow_env/lib/python3.8/site-packages/airflow/example_dags/example_branch_operator.py
[2022-06-27 05:09:07,407] {processor.py:641} INFO - Processing file /home/ubuntu/airflow/airflow_env/lib/python3.8/site-packages/airflow/example_dags/example_branch_operator.py for tasks to queue
[2022-06-27 05:09:07,415] {logging_mixin.py:115} INFO - [2022-06-27 05:09:07,414] {dagbag.py:507} INFO - Filling up the DagBag from /home/ubuntu/airflow/airflow_env/lib/python3.8/site-packages/airflow/example_dags/example_branch_operator.py
[2022-06-27 05:09:07,516] {processor.py:651} INFO - DAG(s) dict_keys(['example_branch_operator']) retrieved from /home/ubuntu/airflow/airflow_env/lib/python3.8/site-packages/airflow/example_dags/example_branch_operator.py
[2022-06-27 05:09:07,613] {logging_mixin.py:115} INFO - [2022-06-27 05:09:07,613] {dag.py:2379} INFO - Sync 1 DAGs
[2022-06-27 05:09:07,684] {logging_mixin.py:115} INFO - [2022-06-27 05:09:07,684] {dag.py:2927} INFO - Setting next_dagrun for example_branch_operator to 2022-06-26T00:00:00+00:00, run_after=2022-06-27T00:00:00+00:00
[2022-06-27 05:09:07,758] {processor.py:161} INFO - Processing /home/ubuntu/airflow/airflow_env/lib/python3.8/site-packages/airflow/example_dags/example_branch_operator.py took 0.384 seconds
[2022-06-27 05:10:00,787] {processor.py:153} INFO - Started process (PID=151867) to work on /home/ubuntu/airflow/airflow_env/lib/python3.8/site-packages/airflow/example_dags/example_branch_operator.py
[2022-06-27 05:10:00,790] {processor.py:641} INFO - Processing file /home/ubuntu/airflow/airflow_env/lib/python3.8/site-packages/airflow/example_dags/example_branch_operator.py for tasks to queue
[2022-06-27 05:10:00,791] {logging_mixin.py:115} INFO - [2022-06-27 05:10:00,791] {dagbag.py:507} INFO - Filling up the DagBag from /home/ubuntu/airflow/airflow_env/lib/python3.8/site-packages/airflow/example_dags/example_branch_operator.py
[2022-06-27 05:10:00,838] {processor.py:651} INFO - DAG(s) dict_keys(['example_branch_operator']) retrieved from /home/ubuntu/airflow/airflow_env/lib/python3.8/site-packages/airflow/example_dags/example_branch_operator.py
[2022-06-27 05:10:00,949] {logging_mixin.py:115} INFO - [2022-06-27 05:10:00,949] {dag.py:2379} INFO - Sync 1 DAGs
[2022-06-27 05:10:01,040] {logging_mixin.py:115} INFO - [2022-06-27 05:10:01,039] {dag.py:2927} INFO - Setting next_dagrun for example_branch_operator to 2022-06-26T00:00:00+00:00, run_after=2022-06-27T00:00:00+00:00
[2022-06-27 05:10:01,133] {processor.py:161} INFO - Processing /home/ubuntu/airflow/airflow_env/lib/python3.8/site-packages/airflow/example_dags/example_branch_operator.py took 0.376 seconds
[2022-06-27 05:10:49,912] {processor.py:153} INFO - Started process (PID=151912) to work on /home/ubuntu/airflow/airflow_env/lib/python3.8/site-packages/airflow/example_dags/example_branch_operator.py
[2022-06-27 05:10:49,914] {processor.py:641} INFO - Processing file /home/ubuntu/airflow/airflow_env/lib/python3.8/site-packages/airflow/example_dags/example_branch_operator.py for tasks to queue
[2022-06-27 05:10:49,915] {logging_mixin.py:115} INFO - [2022-06-27 05:10:49,915] {dagbag.py:507} INFO - Filling up the DagBag from /home/ubuntu/airflow/airflow_env/lib/python3.8/site-packages/airflow/example_dags/example_branch_operator.py
[2022-06-27 05:10:49,949] {processor.py:651} INFO - DAG(s) dict_keys(['example_branch_operator']) retrieved from /home/ubuntu/airflow/airflow_env/lib/python3.8/site-packages/airflow/example_dags/example_branch_operator.py
[2022-06-27 05:10:49,985] {logging_mixin.py:115} INFO - [2022-06-27 05:10:49,985] {dag.py:2379} INFO - Sync 1 DAGs
[2022-06-27 05:10:50,016] {logging_mixin.py:115} INFO - [2022-06-27 05:10:50,016] {dag.py:2927} INFO - Setting next_dagrun for example_branch_operator to 2022-06-26T00:00:00+00:00, run_after=2022-06-27T00:00:00+00:00
[2022-06-27 05:10:50,033] {processor.py:161} INFO - Processing /home/ubuntu/airflow/airflow_env/lib/python3.8/site-packages/airflow/example_dags/example_branch_operator.py took 0.133 seconds
[2022-06-27 05:11:37,758] {processor.py:153} INFO - Started process (PID=151949) to work on /home/ubuntu/airflow/airflow_env/lib/python3.8/site-packages/airflow/example_dags/example_branch_operator.py
[2022-06-27 05:11:37,761] {processor.py:641} INFO - Processing file /home/ubuntu/airflow/airflow_env/lib/python3.8/site-packages/airflow/example_dags/example_branch_operator.py for tasks to queue
[2022-06-27 05:11:37,762] {logging_mixin.py:115} INFO - [2022-06-27 05:11:37,762] {dagbag.py:507} INFO - Filling up the DagBag from /home/ubuntu/airflow/airflow_env/lib/python3.8/site-packages/airflow/example_dags/example_branch_operator.py
[2022-06-27 05:11:37,829] {processor.py:651} INFO - DAG(s) dict_keys(['example_branch_operator']) retrieved from /home/ubuntu/airflow/airflow_env/lib/python3.8/site-packages/airflow/example_dags/example_branch_operator.py
[2022-06-27 05:11:37,920] {logging_mixin.py:115} INFO - [2022-06-27 05:11:37,920] {dag.py:2379} INFO - Sync 1 DAGs
[2022-06-27 05:11:38,014] {logging_mixin.py:115} INFO - [2022-06-27 05:11:38,014] {dag.py:2927} INFO - Setting next_dagrun for example_branch_operator to 2022-06-26T00:00:00+00:00, run_after=2022-06-27T00:00:00+00:00
[2022-06-27 05:11:38,063] {processor.py:161} INFO - Processing /home/ubuntu/airflow/airflow_env/lib/python3.8/site-packages/airflow/example_dags/example_branch_operator.py took 0.320 seconds
[2022-06-27 05:12:34,400] {processor.py:153} INFO - Started process (PID=151995) to work on /home/ubuntu/airflow/airflow_env/lib/python3.8/site-packages/airflow/example_dags/example_branch_operator.py
[2022-06-27 05:12:34,406] {processor.py:641} INFO - Processing file /home/ubuntu/airflow/airflow_env/lib/python3.8/site-packages/airflow/example_dags/example_branch_operator.py for tasks to queue
[2022-06-27 05:12:34,407] {logging_mixin.py:115} INFO - [2022-06-27 05:12:34,406] {dagbag.py:507} INFO - Filling up the DagBag from /home/ubuntu/airflow/airflow_env/lib/python3.8/site-packages/airflow/example_dags/example_branch_operator.py
[2022-06-27 05:12:34,447] {processor.py:651} INFO - DAG(s) dict_keys(['example_branch_operator']) retrieved from /home/ubuntu/airflow/airflow_env/lib/python3.8/site-packages/airflow/example_dags/example_branch_operator.py
[2022-06-27 05:12:34,532] {logging_mixin.py:115} INFO - [2022-06-27 05:12:34,532] {dag.py:2379} INFO - Sync 1 DAGs
[2022-06-27 05:12:34,700] {logging_mixin.py:115} INFO - [2022-06-27 05:12:34,700] {dag.py:2927} INFO - Setting next_dagrun for example_branch_operator to 2022-06-26T00:00:00+00:00, run_after=2022-06-27T00:00:00+00:00
[2022-06-27 05:12:34,769] {processor.py:161} INFO - Processing /home/ubuntu/airflow/airflow_env/lib/python3.8/site-packages/airflow/example_dags/example_branch_operator.py took 0.378 seconds
[2022-06-27 05:13:27,864] {processor.py:153} INFO - Started process (PID=152033) to work on /home/ubuntu/airflow/airflow_env/lib/python3.8/site-packages/airflow/example_dags/example_branch_operator.py
[2022-06-27 05:13:27,870] {processor.py:641} INFO - Processing file /home/ubuntu/airflow/airflow_env/lib/python3.8/site-packages/airflow/example_dags/example_branch_operator.py for tasks to queue
[2022-06-27 05:13:27,871] {logging_mixin.py:115} INFO - [2022-06-27 05:13:27,871] {dagbag.py:507} INFO - Filling up the DagBag from /home/ubuntu/airflow/airflow_env/lib/python3.8/site-packages/airflow/example_dags/example_branch_operator.py
[2022-06-27 05:13:27,913] {processor.py:651} INFO - DAG(s) dict_keys(['example_branch_operator']) retrieved from /home/ubuntu/airflow/airflow_env/lib/python3.8/site-packages/airflow/example_dags/example_branch_operator.py
[2022-06-27 05:13:27,985] {logging_mixin.py:115} INFO - [2022-06-27 05:13:27,985] {dag.py:2379} INFO - Sync 1 DAGs
[2022-06-27 05:13:28,148] {logging_mixin.py:115} INFO - [2022-06-27 05:13:28,148] {dag.py:2927} INFO - Setting next_dagrun for example_branch_operator to 2022-06-26T00:00:00+00:00, run_after=2022-06-27T00:00:00+00:00
[2022-06-27 05:13:28,222] {processor.py:161} INFO - Processing /home/ubuntu/airflow/airflow_env/lib/python3.8/site-packages/airflow/example_dags/example_branch_operator.py took 0.373 seconds
[2022-06-27 05:14:20,415] {processor.py:153} INFO - Started process (PID=152078) to work on /home/ubuntu/airflow/airflow_env/lib/python3.8/site-packages/airflow/example_dags/example_branch_operator.py
[2022-06-27 05:14:20,418] {processor.py:641} INFO - Processing file /home/ubuntu/airflow/airflow_env/lib/python3.8/site-packages/airflow/example_dags/example_branch_operator.py for tasks to queue
[2022-06-27 05:14:20,419] {logging_mixin.py:115} INFO - [2022-06-27 05:14:20,419] {dagbag.py:507} INFO - Filling up the DagBag from /home/ubuntu/airflow/airflow_env/lib/python3.8/site-packages/airflow/example_dags/example_branch_operator.py
[2022-06-27 05:14:20,463] {processor.py:651} INFO - DAG(s) dict_keys(['example_branch_operator']) retrieved from /home/ubuntu/airflow/airflow_env/lib/python3.8/site-packages/airflow/example_dags/example_branch_operator.py
[2022-06-27 05:14:20,541] {logging_mixin.py:115} INFO - [2022-06-27 05:14:20,541] {dag.py:2379} INFO - Sync 1 DAGs
[2022-06-27 05:14:20,636] {logging_mixin.py:115} INFO - [2022-06-27 05:14:20,636] {dag.py:2927} INFO - Setting next_dagrun for example_branch_operator to 2022-06-26T00:00:00+00:00, run_after=2022-06-27T00:00:00+00:00
[2022-06-27 05:14:20,688] {processor.py:161} INFO - Processing /home/ubuntu/airflow/airflow_env/lib/python3.8/site-packages/airflow/example_dags/example_branch_operator.py took 0.295 seconds
[2022-06-27 05:15:12,698] {processor.py:153} INFO - Started process (PID=152117) to work on /home/ubuntu/airflow/airflow_env/lib/python3.8/site-packages/airflow/example_dags/example_branch_operator.py
[2022-06-27 05:15:12,700] {processor.py:641} INFO - Processing file /home/ubuntu/airflow/airflow_env/lib/python3.8/site-packages/airflow/example_dags/example_branch_operator.py for tasks to queue
[2022-06-27 05:15:12,705] {logging_mixin.py:115} INFO - [2022-06-27 05:15:12,701] {dagbag.py:507} INFO - Filling up the DagBag from /home/ubuntu/airflow/airflow_env/lib/python3.8/site-packages/airflow/example_dags/example_branch_operator.py
[2022-06-27 05:15:12,737] {processor.py:651} INFO - DAG(s) dict_keys(['example_branch_operator']) retrieved from /home/ubuntu/airflow/airflow_env/lib/python3.8/site-packages/airflow/example_dags/example_branch_operator.py
[2022-06-27 05:15:12,853] {logging_mixin.py:115} INFO - [2022-06-27 05:15:12,853] {dag.py:2379} INFO - Sync 1 DAGs
[2022-06-27 05:15:12,957] {logging_mixin.py:115} INFO - [2022-06-27 05:15:12,957] {dag.py:2927} INFO - Setting next_dagrun for example_branch_operator to 2022-06-26T00:00:00+00:00, run_after=2022-06-27T00:00:00+00:00
[2022-06-27 05:15:13,042] {processor.py:161} INFO - Processing /home/ubuntu/airflow/airflow_env/lib/python3.8/site-packages/airflow/example_dags/example_branch_operator.py took 0.363 seconds
[2022-06-27 05:16:02,846] {processor.py:153} INFO - Started process (PID=152154) to work on /home/ubuntu/airflow/airflow_env/lib/python3.8/site-packages/airflow/example_dags/example_branch_operator.py
[2022-06-27 05:16:02,852] {processor.py:641} INFO - Processing file /home/ubuntu/airflow/airflow_env/lib/python3.8/site-packages/airflow/example_dags/example_branch_operator.py for tasks to queue
[2022-06-27 05:16:02,858] {logging_mixin.py:115} INFO - [2022-06-27 05:16:02,858] {dagbag.py:507} INFO - Filling up the DagBag from /home/ubuntu/airflow/airflow_env/lib/python3.8/site-packages/airflow/example_dags/example_branch_operator.py
[2022-06-27 05:16:02,909] {processor.py:651} INFO - DAG(s) dict_keys(['example_branch_operator']) retrieved from /home/ubuntu/airflow/airflow_env/lib/python3.8/site-packages/airflow/example_dags/example_branch_operator.py
[2022-06-27 05:16:02,967] {logging_mixin.py:115} INFO - [2022-06-27 05:16:02,967] {dag.py:2379} INFO - Sync 1 DAGs
[2022-06-27 05:16:03,078] {logging_mixin.py:115} INFO - [2022-06-27 05:16:03,078] {dag.py:2927} INFO - Setting next_dagrun for example_branch_operator to 2022-06-26T00:00:00+00:00, run_after=2022-06-27T00:00:00+00:00
[2022-06-27 05:16:03,166] {processor.py:161} INFO - Processing /home/ubuntu/airflow/airflow_env/lib/python3.8/site-packages/airflow/example_dags/example_branch_operator.py took 0.346 seconds
[2022-06-27 05:16:55,067] {processor.py:153} INFO - Started process (PID=152207) to work on /home/ubuntu/airflow/airflow_env/lib/python3.8/site-packages/airflow/example_dags/example_branch_operator.py
[2022-06-27 05:16:55,071] {processor.py:641} INFO - Processing file /home/ubuntu/airflow/airflow_env/lib/python3.8/site-packages/airflow/example_dags/example_branch_operator.py for tasks to queue
[2022-06-27 05:16:55,073] {logging_mixin.py:115} INFO - [2022-06-27 05:16:55,073] {dagbag.py:507} INFO - Filling up the DagBag from /home/ubuntu/airflow/airflow_env/lib/python3.8/site-packages/airflow/example_dags/example_branch_operator.py
[2022-06-27 05:16:55,180] {processor.py:651} INFO - DAG(s) dict_keys(['example_branch_operator']) retrieved from /home/ubuntu/airflow/airflow_env/lib/python3.8/site-packages/airflow/example_dags/example_branch_operator.py
[2022-06-27 05:16:55,336] {logging_mixin.py:115} INFO - [2022-06-27 05:16:55,336] {dag.py:2379} INFO - Sync 1 DAGs
[2022-06-27 05:16:55,406] {logging_mixin.py:115} INFO - [2022-06-27 05:16:55,405] {dag.py:2927} INFO - Setting next_dagrun for example_branch_operator to 2022-06-26T00:00:00+00:00, run_after=2022-06-27T00:00:00+00:00
[2022-06-27 05:16:55,490] {processor.py:161} INFO - Processing /home/ubuntu/airflow/airflow_env/lib/python3.8/site-packages/airflow/example_dags/example_branch_operator.py took 0.470 seconds
[2022-06-27 05:17:46,522] {processor.py:153} INFO - Started process (PID=152248) to work on /home/ubuntu/airflow/airflow_env/lib/python3.8/site-packages/airflow/example_dags/example_branch_operator.py
[2022-06-27 05:17:46,526] {processor.py:641} INFO - Processing file /home/ubuntu/airflow/airflow_env/lib/python3.8/site-packages/airflow/example_dags/example_branch_operator.py for tasks to queue
[2022-06-27 05:17:46,528] {logging_mixin.py:115} INFO - [2022-06-27 05:17:46,528] {dagbag.py:507} INFO - Filling up the DagBag from /home/ubuntu/airflow/airflow_env/lib/python3.8/site-packages/airflow/example_dags/example_branch_operator.py
[2022-06-27 05:17:46,577] {processor.py:651} INFO - DAG(s) dict_keys(['example_branch_operator']) retrieved from /home/ubuntu/airflow/airflow_env/lib/python3.8/site-packages/airflow/example_dags/example_branch_operator.py
[2022-06-27 05:17:46,635] {logging_mixin.py:115} INFO - [2022-06-27 05:17:46,635] {dag.py:2379} INFO - Sync 1 DAGs
[2022-06-27 05:17:46,688] {logging_mixin.py:115} INFO - [2022-06-27 05:17:46,688] {dag.py:2927} INFO - Setting next_dagrun for example_branch_operator to 2022-06-26T00:00:00+00:00, run_after=2022-06-27T00:00:00+00:00
[2022-06-27 05:17:46,710] {processor.py:161} INFO - Processing /home/ubuntu/airflow/airflow_env/lib/python3.8/site-packages/airflow/example_dags/example_branch_operator.py took 0.214 seconds
[2022-06-27 05:18:36,818] {processor.py:153} INFO - Started process (PID=152291) to work on /home/ubuntu/airflow/airflow_env/lib/python3.8/site-packages/airflow/example_dags/example_branch_operator.py
[2022-06-27 05:18:36,824] {processor.py:641} INFO - Processing file /home/ubuntu/airflow/airflow_env/lib/python3.8/site-packages/airflow/example_dags/example_branch_operator.py for tasks to queue
[2022-06-27 05:18:36,830] {logging_mixin.py:115} INFO - [2022-06-27 05:18:36,830] {dagbag.py:507} INFO - Filling up the DagBag from /home/ubuntu/airflow/airflow_env/lib/python3.8/site-packages/airflow/example_dags/example_branch_operator.py
[2022-06-27 05:18:36,881] {processor.py:651} INFO - DAG(s) dict_keys(['example_branch_operator']) retrieved from /home/ubuntu/airflow/airflow_env/lib/python3.8/site-packages/airflow/example_dags/example_branch_operator.py
[2022-06-27 05:18:36,929] {logging_mixin.py:115} INFO - [2022-06-27 05:18:36,928] {dag.py:2379} INFO - Sync 1 DAGs
[2022-06-27 05:18:37,014] {logging_mixin.py:115} INFO - [2022-06-27 05:18:37,014] {dag.py:2927} INFO - Setting next_dagrun for example_branch_operator to 2022-06-26T00:00:00+00:00, run_after=2022-06-27T00:00:00+00:00
[2022-06-27 05:18:37,052] {processor.py:161} INFO - Processing /home/ubuntu/airflow/airflow_env/lib/python3.8/site-packages/airflow/example_dags/example_branch_operator.py took 0.260 seconds
[2022-06-27 05:19:23,928] {processor.py:153} INFO - Started process (PID=152327) to work on /home/ubuntu/airflow/airflow_env/lib/python3.8/site-packages/airflow/example_dags/example_branch_operator.py
[2022-06-27 05:19:23,934] {processor.py:641} INFO - Processing file /home/ubuntu/airflow/airflow_env/lib/python3.8/site-packages/airflow/example_dags/example_branch_operator.py for tasks to queue
[2022-06-27 05:19:23,935] {logging_mixin.py:115} INFO - [2022-06-27 05:19:23,935] {dagbag.py:507} INFO - Filling up the DagBag from /home/ubuntu/airflow/airflow_env/lib/python3.8/site-packages/airflow/example_dags/example_branch_operator.py
[2022-06-27 05:19:23,959] {processor.py:651} INFO - DAG(s) dict_keys(['example_branch_operator']) retrieved from /home/ubuntu/airflow/airflow_env/lib/python3.8/site-packages/airflow/example_dags/example_branch_operator.py
[2022-06-27 05:19:24,069] {logging_mixin.py:115} INFO - [2022-06-27 05:19:24,069] {dag.py:2379} INFO - Sync 1 DAGs
[2022-06-27 05:19:24,153] {logging_mixin.py:115} INFO - [2022-06-27 05:19:24,149] {dag.py:2927} INFO - Setting next_dagrun for example_branch_operator to 2022-06-26T00:00:00+00:00, run_after=2022-06-27T00:00:00+00:00
[2022-06-27 05:19:24,183] {processor.py:161} INFO - Processing /home/ubuntu/airflow/airflow_env/lib/python3.8/site-packages/airflow/example_dags/example_branch_operator.py took 0.260 seconds
[2022-06-27 05:20:16,392] {processor.py:153} INFO - Started process (PID=152366) to work on /home/ubuntu/airflow/airflow_env/lib/python3.8/site-packages/airflow/example_dags/example_branch_operator.py
[2022-06-27 05:20:16,398] {processor.py:641} INFO - Processing file /home/ubuntu/airflow/airflow_env/lib/python3.8/site-packages/airflow/example_dags/example_branch_operator.py for tasks to queue
[2022-06-27 05:20:16,400] {logging_mixin.py:115} INFO - [2022-06-27 05:20:16,400] {dagbag.py:507} INFO - Filling up the DagBag from /home/ubuntu/airflow/airflow_env/lib/python3.8/site-packages/airflow/example_dags/example_branch_operator.py
[2022-06-27 05:20:16,518] {processor.py:651} INFO - DAG(s) dict_keys(['example_branch_operator']) retrieved from /home/ubuntu/airflow/airflow_env/lib/python3.8/site-packages/airflow/example_dags/example_branch_operator.py
[2022-06-27 05:20:16,577] {logging_mixin.py:115} INFO - [2022-06-27 05:20:16,577] {dag.py:2379} INFO - Sync 1 DAGs
[2022-06-27 05:20:16,635] {logging_mixin.py:115} INFO - [2022-06-27 05:20:16,635] {dag.py:2927} INFO - Setting next_dagrun for example_branch_operator to 2022-06-26T00:00:00+00:00, run_after=2022-06-27T00:00:00+00:00
[2022-06-27 05:20:16,672] {processor.py:161} INFO - Processing /home/ubuntu/airflow/airflow_env/lib/python3.8/site-packages/airflow/example_dags/example_branch_operator.py took 0.308 seconds
[2022-06-27 05:21:07,721] {processor.py:153} INFO - Started process (PID=152413) to work on /home/ubuntu/airflow/airflow_env/lib/python3.8/site-packages/airflow/example_dags/example_branch_operator.py
[2022-06-27 05:21:07,723] {processor.py:641} INFO - Processing file /home/ubuntu/airflow/airflow_env/lib/python3.8/site-packages/airflow/example_dags/example_branch_operator.py for tasks to queue
[2022-06-27 05:21:07,728] {logging_mixin.py:115} INFO - [2022-06-27 05:21:07,728] {dagbag.py:507} INFO - Filling up the DagBag from /home/ubuntu/airflow/airflow_env/lib/python3.8/site-packages/airflow/example_dags/example_branch_operator.py
[2022-06-27 05:21:07,788] {processor.py:651} INFO - DAG(s) dict_keys(['example_branch_operator']) retrieved from /home/ubuntu/airflow/airflow_env/lib/python3.8/site-packages/airflow/example_dags/example_branch_operator.py
[2022-06-27 05:21:07,890] {logging_mixin.py:115} INFO - [2022-06-27 05:21:07,890] {dag.py:2379} INFO - Sync 1 DAGs
[2022-06-27 05:21:08,009] {logging_mixin.py:115} INFO - [2022-06-27 05:21:08,009] {dag.py:2927} INFO - Setting next_dagrun for example_branch_operator to 2022-06-26T00:00:00+00:00, run_after=2022-06-27T00:00:00+00:00
[2022-06-27 05:21:08,031] {processor.py:161} INFO - Processing /home/ubuntu/airflow/airflow_env/lib/python3.8/site-packages/airflow/example_dags/example_branch_operator.py took 0.332 seconds
[2022-06-27 05:22:01,708] {processor.py:153} INFO - Started process (PID=152456) to work on /home/ubuntu/airflow/airflow_env/lib/python3.8/site-packages/airflow/example_dags/example_branch_operator.py
[2022-06-27 05:22:01,715] {processor.py:641} INFO - Processing file /home/ubuntu/airflow/airflow_env/lib/python3.8/site-packages/airflow/example_dags/example_branch_operator.py for tasks to queue
[2022-06-27 05:22:01,730] {logging_mixin.py:115} INFO - [2022-06-27 05:22:01,730] {dagbag.py:507} INFO - Filling up the DagBag from /home/ubuntu/airflow/airflow_env/lib/python3.8/site-packages/airflow/example_dags/example_branch_operator.py
[2022-06-27 05:22:01,814] {processor.py:651} INFO - DAG(s) dict_keys(['example_branch_operator']) retrieved from /home/ubuntu/airflow/airflow_env/lib/python3.8/site-packages/airflow/example_dags/example_branch_operator.py
[2022-06-27 05:22:01,881] {logging_mixin.py:115} INFO - [2022-06-27 05:22:01,881] {dag.py:2379} INFO - Sync 1 DAGs
[2022-06-27 05:22:01,925] {logging_mixin.py:115} INFO - [2022-06-27 05:22:01,924] {dag.py:2927} INFO - Setting next_dagrun for example_branch_operator to 2022-06-26T00:00:00+00:00, run_after=2022-06-27T00:00:00+00:00
[2022-06-27 05:22:01,956] {processor.py:161} INFO - Processing /home/ubuntu/airflow/airflow_env/lib/python3.8/site-packages/airflow/example_dags/example_branch_operator.py took 0.293 seconds
[2022-06-27 05:22:53,274] {processor.py:153} INFO - Started process (PID=152497) to work on /home/ubuntu/airflow/airflow_env/lib/python3.8/site-packages/airflow/example_dags/example_branch_operator.py
[2022-06-27 05:22:53,276] {processor.py:641} INFO - Processing file /home/ubuntu/airflow/airflow_env/lib/python3.8/site-packages/airflow/example_dags/example_branch_operator.py for tasks to queue
[2022-06-27 05:22:53,278] {logging_mixin.py:115} INFO - [2022-06-27 05:22:53,278] {dagbag.py:507} INFO - Filling up the DagBag from /home/ubuntu/airflow/airflow_env/lib/python3.8/site-packages/airflow/example_dags/example_branch_operator.py
[2022-06-27 05:22:53,322] {processor.py:651} INFO - DAG(s) dict_keys(['example_branch_operator']) retrieved from /home/ubuntu/airflow/airflow_env/lib/python3.8/site-packages/airflow/example_dags/example_branch_operator.py
[2022-06-27 05:22:53,367] {logging_mixin.py:115} INFO - [2022-06-27 05:22:53,367] {dag.py:2379} INFO - Sync 1 DAGs
[2022-06-27 05:22:53,465] {logging_mixin.py:115} INFO - [2022-06-27 05:22:53,465] {dag.py:2927} INFO - Setting next_dagrun for example_branch_operator to 2022-06-26T00:00:00+00:00, run_after=2022-06-27T00:00:00+00:00
[2022-06-27 05:22:53,509] {processor.py:161} INFO - Processing /home/ubuntu/airflow/airflow_env/lib/python3.8/site-packages/airflow/example_dags/example_branch_operator.py took 0.247 seconds
[2022-06-27 05:23:43,739] {processor.py:153} INFO - Started process (PID=152546) to work on /home/ubuntu/airflow/airflow_env/lib/python3.8/site-packages/airflow/example_dags/example_branch_operator.py
[2022-06-27 05:23:43,740] {processor.py:641} INFO - Processing file /home/ubuntu/airflow/airflow_env/lib/python3.8/site-packages/airflow/example_dags/example_branch_operator.py for tasks to queue
[2022-06-27 05:23:43,742] {logging_mixin.py:115} INFO - [2022-06-27 05:23:43,741] {dagbag.py:507} INFO - Filling up the DagBag from /home/ubuntu/airflow/airflow_env/lib/python3.8/site-packages/airflow/example_dags/example_branch_operator.py
[2022-06-27 05:23:43,778] {processor.py:651} INFO - DAG(s) dict_keys(['example_branch_operator']) retrieved from /home/ubuntu/airflow/airflow_env/lib/python3.8/site-packages/airflow/example_dags/example_branch_operator.py
[2022-06-27 05:23:43,828] {logging_mixin.py:115} INFO - [2022-06-27 05:23:43,828] {dag.py:2379} INFO - Sync 1 DAGs
[2022-06-27 05:23:43,863] {logging_mixin.py:115} INFO - [2022-06-27 05:23:43,862] {dag.py:2927} INFO - Setting next_dagrun for example_branch_operator to 2022-06-26T00:00:00+00:00, run_after=2022-06-27T00:00:00+00:00
[2022-06-27 05:23:43,889] {processor.py:161} INFO - Processing /home/ubuntu/airflow/airflow_env/lib/python3.8/site-packages/airflow/example_dags/example_branch_operator.py took 0.165 seconds
[2022-06-27 05:24:31,256] {processor.py:153} INFO - Started process (PID=152584) to work on /home/ubuntu/airflow/airflow_env/lib/python3.8/site-packages/airflow/example_dags/example_branch_operator.py
[2022-06-27 05:24:31,260] {processor.py:641} INFO - Processing file /home/ubuntu/airflow/airflow_env/lib/python3.8/site-packages/airflow/example_dags/example_branch_operator.py for tasks to queue
[2022-06-27 05:24:31,260] {logging_mixin.py:115} INFO - [2022-06-27 05:24:31,260] {dagbag.py:507} INFO - Filling up the DagBag from /home/ubuntu/airflow/airflow_env/lib/python3.8/site-packages/airflow/example_dags/example_branch_operator.py
[2022-06-27 05:24:31,342] {processor.py:651} INFO - DAG(s) dict_keys(['example_branch_operator']) retrieved from /home/ubuntu/airflow/airflow_env/lib/python3.8/site-packages/airflow/example_dags/example_branch_operator.py
[2022-06-27 05:24:31,403] {logging_mixin.py:115} INFO - [2022-06-27 05:24:31,403] {dag.py:2379} INFO - Sync 1 DAGs
[2022-06-27 05:24:31,448] {logging_mixin.py:115} INFO - [2022-06-27 05:24:31,448] {dag.py:2927} INFO - Setting next_dagrun for example_branch_operator to 2022-06-26T00:00:00+00:00, run_after=2022-06-27T00:00:00+00:00
[2022-06-27 05:24:31,479] {processor.py:161} INFO - Processing /home/ubuntu/airflow/airflow_env/lib/python3.8/site-packages/airflow/example_dags/example_branch_operator.py took 0.255 seconds
[2022-06-27 05:25:20,255] {processor.py:153} INFO - Started process (PID=152620) to work on /home/ubuntu/airflow/airflow_env/lib/python3.8/site-packages/airflow/example_dags/example_branch_operator.py
[2022-06-27 05:25:20,262] {processor.py:641} INFO - Processing file /home/ubuntu/airflow/airflow_env/lib/python3.8/site-packages/airflow/example_dags/example_branch_operator.py for tasks to queue
[2022-06-27 05:25:20,263] {logging_mixin.py:115} INFO - [2022-06-27 05:25:20,263] {dagbag.py:507} INFO - Filling up the DagBag from /home/ubuntu/airflow/airflow_env/lib/python3.8/site-packages/airflow/example_dags/example_branch_operator.py
[2022-06-27 05:25:20,378] {processor.py:651} INFO - DAG(s) dict_keys(['example_branch_operator']) retrieved from /home/ubuntu/airflow/airflow_env/lib/python3.8/site-packages/airflow/example_dags/example_branch_operator.py
[2022-06-27 05:25:20,543] {logging_mixin.py:115} INFO - [2022-06-27 05:25:20,542] {dag.py:2379} INFO - Sync 1 DAGs
[2022-06-27 05:25:20,629] {logging_mixin.py:115} INFO - [2022-06-27 05:25:20,629] {dag.py:2927} INFO - Setting next_dagrun for example_branch_operator to 2022-06-26T00:00:00+00:00, run_after=2022-06-27T00:00:00+00:00
[2022-06-27 05:25:20,668] {processor.py:161} INFO - Processing /home/ubuntu/airflow/airflow_env/lib/python3.8/site-packages/airflow/example_dags/example_branch_operator.py took 0.434 seconds
[2022-06-27 05:26:12,835] {processor.py:153} INFO - Started process (PID=152658) to work on /home/ubuntu/airflow/airflow_env/lib/python3.8/site-packages/airflow/example_dags/example_branch_operator.py
[2022-06-27 05:26:12,842] {processor.py:641} INFO - Processing file /home/ubuntu/airflow/airflow_env/lib/python3.8/site-packages/airflow/example_dags/example_branch_operator.py for tasks to queue
[2022-06-27 05:26:12,843] {logging_mixin.py:115} INFO - [2022-06-27 05:26:12,842] {dagbag.py:507} INFO - Filling up the DagBag from /home/ubuntu/airflow/airflow_env/lib/python3.8/site-packages/airflow/example_dags/example_branch_operator.py
[2022-06-27 05:26:12,872] {processor.py:651} INFO - DAG(s) dict_keys(['example_branch_operator']) retrieved from /home/ubuntu/airflow/airflow_env/lib/python3.8/site-packages/airflow/example_dags/example_branch_operator.py
[2022-06-27 05:26:12,907] {logging_mixin.py:115} INFO - [2022-06-27 05:26:12,907] {dag.py:2379} INFO - Sync 1 DAGs
[2022-06-27 05:26:12,938] {logging_mixin.py:115} INFO - [2022-06-27 05:26:12,937] {dag.py:2927} INFO - Setting next_dagrun for example_branch_operator to 2022-06-26T00:00:00+00:00, run_after=2022-06-27T00:00:00+00:00
[2022-06-27 05:26:12,958] {processor.py:161} INFO - Processing /home/ubuntu/airflow/airflow_env/lib/python3.8/site-packages/airflow/example_dags/example_branch_operator.py took 0.133 seconds
[2022-06-27 05:26:57,059] {processor.py:153} INFO - Started process (PID=152696) to work on /home/ubuntu/airflow/airflow_env/lib/python3.8/site-packages/airflow/example_dags/example_branch_operator.py
[2022-06-27 05:26:57,061] {processor.py:641} INFO - Processing file /home/ubuntu/airflow/airflow_env/lib/python3.8/site-packages/airflow/example_dags/example_branch_operator.py for tasks to queue
[2022-06-27 05:26:57,061] {logging_mixin.py:115} INFO - [2022-06-27 05:26:57,061] {dagbag.py:507} INFO - Filling up the DagBag from /home/ubuntu/airflow/airflow_env/lib/python3.8/site-packages/airflow/example_dags/example_branch_operator.py
[2022-06-27 05:26:57,082] {processor.py:651} INFO - DAG(s) dict_keys(['example_branch_operator']) retrieved from /home/ubuntu/airflow/airflow_env/lib/python3.8/site-packages/airflow/example_dags/example_branch_operator.py
[2022-06-27 05:26:57,127] {logging_mixin.py:115} INFO - [2022-06-27 05:26:57,127] {dag.py:2379} INFO - Sync 1 DAGs
[2022-06-27 05:26:57,262] {logging_mixin.py:115} INFO - [2022-06-27 05:26:57,262] {dag.py:2927} INFO - Setting next_dagrun for example_branch_operator to 2022-06-26T00:00:00+00:00, run_after=2022-06-27T00:00:00+00:00
[2022-06-27 05:26:57,306] {processor.py:161} INFO - Processing /home/ubuntu/airflow/airflow_env/lib/python3.8/site-packages/airflow/example_dags/example_branch_operator.py took 0.261 seconds
[2022-06-27 05:27:45,551] {processor.py:153} INFO - Started process (PID=152754) to work on /home/ubuntu/airflow/airflow_env/lib/python3.8/site-packages/airflow/example_dags/example_branch_operator.py
[2022-06-27 05:27:45,554] {processor.py:641} INFO - Processing file /home/ubuntu/airflow/airflow_env/lib/python3.8/site-packages/airflow/example_dags/example_branch_operator.py for tasks to queue
[2022-06-27 05:27:45,556] {logging_mixin.py:115} INFO - [2022-06-27 05:27:45,555] {dagbag.py:507} INFO - Filling up the DagBag from /home/ubuntu/airflow/airflow_env/lib/python3.8/site-packages/airflow/example_dags/example_branch_operator.py
[2022-06-27 05:27:45,626] {processor.py:651} INFO - DAG(s) dict_keys(['example_branch_operator']) retrieved from /home/ubuntu/airflow/airflow_env/lib/python3.8/site-packages/airflow/example_dags/example_branch_operator.py
[2022-06-27 05:27:45,755] {logging_mixin.py:115} INFO - [2022-06-27 05:27:45,755] {dag.py:2379} INFO - Sync 1 DAGs
[2022-06-27 05:27:45,800] {logging_mixin.py:115} INFO - [2022-06-27 05:27:45,793] {dag.py:2927} INFO - Setting next_dagrun for example_branch_operator to 2022-06-26T00:00:00+00:00, run_after=2022-06-27T00:00:00+00:00
[2022-06-27 05:27:45,828] {processor.py:161} INFO - Processing /home/ubuntu/airflow/airflow_env/lib/python3.8/site-packages/airflow/example_dags/example_branch_operator.py took 0.303 seconds
[2022-06-27 05:28:38,218] {processor.py:153} INFO - Started process (PID=152802) to work on /home/ubuntu/airflow/airflow_env/lib/python3.8/site-packages/airflow/example_dags/example_branch_operator.py
[2022-06-27 05:28:38,219] {processor.py:641} INFO - Processing file /home/ubuntu/airflow/airflow_env/lib/python3.8/site-packages/airflow/example_dags/example_branch_operator.py for tasks to queue
[2022-06-27 05:28:38,220] {logging_mixin.py:115} INFO - [2022-06-27 05:28:38,220] {dagbag.py:507} INFO - Filling up the DagBag from /home/ubuntu/airflow/airflow_env/lib/python3.8/site-packages/airflow/example_dags/example_branch_operator.py
[2022-06-27 05:28:38,260] {processor.py:651} INFO - DAG(s) dict_keys(['example_branch_operator']) retrieved from /home/ubuntu/airflow/airflow_env/lib/python3.8/site-packages/airflow/example_dags/example_branch_operator.py
[2022-06-27 05:28:38,346] {logging_mixin.py:115} INFO - [2022-06-27 05:28:38,342] {dag.py:2379} INFO - Sync 1 DAGs
[2022-06-27 05:28:38,492] {logging_mixin.py:115} INFO - [2022-06-27 05:28:38,492] {dag.py:2927} INFO - Setting next_dagrun for example_branch_operator to 2022-06-26T00:00:00+00:00, run_after=2022-06-27T00:00:00+00:00
[2022-06-27 05:28:38,576] {processor.py:161} INFO - Processing /home/ubuntu/airflow/airflow_env/lib/python3.8/site-packages/airflow/example_dags/example_branch_operator.py took 0.364 seconds
[2022-06-27 05:29:35,663] {processor.py:153} INFO - Started process (PID=152844) to work on /home/ubuntu/airflow/airflow_env/lib/python3.8/site-packages/airflow/example_dags/example_branch_operator.py
[2022-06-27 05:29:35,664] {processor.py:641} INFO - Processing file /home/ubuntu/airflow/airflow_env/lib/python3.8/site-packages/airflow/example_dags/example_branch_operator.py for tasks to queue
[2022-06-27 05:29:35,666] {logging_mixin.py:115} INFO - [2022-06-27 05:29:35,665] {dagbag.py:507} INFO - Filling up the DagBag from /home/ubuntu/airflow/airflow_env/lib/python3.8/site-packages/airflow/example_dags/example_branch_operator.py
[2022-06-27 05:29:35,697] {processor.py:651} INFO - DAG(s) dict_keys(['example_branch_operator']) retrieved from /home/ubuntu/airflow/airflow_env/lib/python3.8/site-packages/airflow/example_dags/example_branch_operator.py
[2022-06-27 05:29:35,748] {logging_mixin.py:115} INFO - [2022-06-27 05:29:35,748] {dag.py:2379} INFO - Sync 1 DAGs
[2022-06-27 05:29:35,810] {logging_mixin.py:115} INFO - [2022-06-27 05:29:35,810] {dag.py:2927} INFO - Setting next_dagrun for example_branch_operator to 2022-06-26T00:00:00+00:00, run_after=2022-06-27T00:00:00+00:00
[2022-06-27 05:29:35,828] {processor.py:161} INFO - Processing /home/ubuntu/airflow/airflow_env/lib/python3.8/site-packages/airflow/example_dags/example_branch_operator.py took 0.172 seconds
[2022-06-27 05:30:33,012] {processor.py:153} INFO - Started process (PID=152920) to work on /home/ubuntu/airflow/airflow_env/lib/python3.8/site-packages/airflow/example_dags/example_branch_operator.py
[2022-06-27 05:30:33,020] {processor.py:641} INFO - Processing file /home/ubuntu/airflow/airflow_env/lib/python3.8/site-packages/airflow/example_dags/example_branch_operator.py for tasks to queue
[2022-06-27 05:30:33,023] {logging_mixin.py:115} INFO - [2022-06-27 05:30:33,022] {dagbag.py:507} INFO - Filling up the DagBag from /home/ubuntu/airflow/airflow_env/lib/python3.8/site-packages/airflow/example_dags/example_branch_operator.py
[2022-06-27 05:30:33,051] {processor.py:651} INFO - DAG(s) dict_keys(['example_branch_operator']) retrieved from /home/ubuntu/airflow/airflow_env/lib/python3.8/site-packages/airflow/example_dags/example_branch_operator.py
[2022-06-27 05:30:33,095] {logging_mixin.py:115} INFO - [2022-06-27 05:30:33,094] {dag.py:2379} INFO - Sync 1 DAGs
[2022-06-27 05:30:33,224] {logging_mixin.py:115} INFO - [2022-06-27 05:30:33,223] {dag.py:2927} INFO - Setting next_dagrun for example_branch_operator to 2022-06-26T00:00:00+00:00, run_after=2022-06-27T00:00:00+00:00
[2022-06-27 05:30:33,311] {processor.py:161} INFO - Processing /home/ubuntu/airflow/airflow_env/lib/python3.8/site-packages/airflow/example_dags/example_branch_operator.py took 0.315 seconds
[2022-06-27 05:31:25,192] {processor.py:153} INFO - Started process (PID=152958) to work on /home/ubuntu/airflow/airflow_env/lib/python3.8/site-packages/airflow/example_dags/example_branch_operator.py
[2022-06-27 05:31:25,193] {processor.py:641} INFO - Processing file /home/ubuntu/airflow/airflow_env/lib/python3.8/site-packages/airflow/example_dags/example_branch_operator.py for tasks to queue
[2022-06-27 05:31:25,194] {logging_mixin.py:115} INFO - [2022-06-27 05:31:25,194] {dagbag.py:507} INFO - Filling up the DagBag from /home/ubuntu/airflow/airflow_env/lib/python3.8/site-packages/airflow/example_dags/example_branch_operator.py
[2022-06-27 05:31:25,214] {processor.py:651} INFO - DAG(s) dict_keys(['example_branch_operator']) retrieved from /home/ubuntu/airflow/airflow_env/lib/python3.8/site-packages/airflow/example_dags/example_branch_operator.py
[2022-06-27 05:31:25,311] {logging_mixin.py:115} INFO - [2022-06-27 05:31:25,311] {dag.py:2379} INFO - Sync 1 DAGs
[2022-06-27 05:31:25,352] {logging_mixin.py:115} INFO - [2022-06-27 05:31:25,352] {dag.py:2927} INFO - Setting next_dagrun for example_branch_operator to 2022-06-26T00:00:00+00:00, run_after=2022-06-27T00:00:00+00:00
[2022-06-27 05:31:25,381] {processor.py:161} INFO - Processing /home/ubuntu/airflow/airflow_env/lib/python3.8/site-packages/airflow/example_dags/example_branch_operator.py took 0.199 seconds
[2022-06-27 05:32:04,713] {processor.py:153} INFO - Started process (PID=153005) to work on /home/ubuntu/airflow/airflow_env/lib/python3.8/site-packages/airflow/example_dags/example_branch_operator.py
[2022-06-27 05:32:04,714] {processor.py:641} INFO - Processing file /home/ubuntu/airflow/airflow_env/lib/python3.8/site-packages/airflow/example_dags/example_branch_operator.py for tasks to queue
[2022-06-27 05:32:04,715] {logging_mixin.py:115} INFO - [2022-06-27 05:32:04,715] {dagbag.py:507} INFO - Filling up the DagBag from /home/ubuntu/airflow/airflow_env/lib/python3.8/site-packages/airflow/example_dags/example_branch_operator.py
[2022-06-27 05:32:04,732] {processor.py:651} INFO - DAG(s) dict_keys(['example_branch_operator']) retrieved from /home/ubuntu/airflow/airflow_env/lib/python3.8/site-packages/airflow/example_dags/example_branch_operator.py
[2022-06-27 05:32:04,761] {logging_mixin.py:115} INFO - [2022-06-27 05:32:04,761] {dag.py:2379} INFO - Sync 1 DAGs
[2022-06-27 05:32:04,781] {logging_mixin.py:115} INFO - [2022-06-27 05:32:04,781] {dag.py:2927} INFO - Setting next_dagrun for example_branch_operator to 2022-06-26T00:00:00+00:00, run_after=2022-06-27T00:00:00+00:00
[2022-06-27 05:32:04,798] {processor.py:161} INFO - Processing /home/ubuntu/airflow/airflow_env/lib/python3.8/site-packages/airflow/example_dags/example_branch_operator.py took 0.088 seconds
[2022-06-27 05:33:00,678] {processor.py:153} INFO - Started process (PID=153051) to work on /home/ubuntu/airflow/airflow_env/lib/python3.8/site-packages/airflow/example_dags/example_branch_operator.py
[2022-06-27 05:33:00,679] {processor.py:641} INFO - Processing file /home/ubuntu/airflow/airflow_env/lib/python3.8/site-packages/airflow/example_dags/example_branch_operator.py for tasks to queue
[2022-06-27 05:33:00,679] {logging_mixin.py:115} INFO - [2022-06-27 05:33:00,679] {dagbag.py:507} INFO - Filling up the DagBag from /home/ubuntu/airflow/airflow_env/lib/python3.8/site-packages/airflow/example_dags/example_branch_operator.py
[2022-06-27 05:33:00,708] {processor.py:651} INFO - DAG(s) dict_keys(['example_branch_operator']) retrieved from /home/ubuntu/airflow/airflow_env/lib/python3.8/site-packages/airflow/example_dags/example_branch_operator.py
[2022-06-27 05:33:00,749] {logging_mixin.py:115} INFO - [2022-06-27 05:33:00,748] {dag.py:2379} INFO - Sync 1 DAGs
[2022-06-27 05:33:00,799] {logging_mixin.py:115} INFO - [2022-06-27 05:33:00,798] {dag.py:2927} INFO - Setting next_dagrun for example_branch_operator to 2022-06-26T00:00:00+00:00, run_after=2022-06-27T00:00:00+00:00
[2022-06-27 05:33:00,826] {processor.py:161} INFO - Processing /home/ubuntu/airflow/airflow_env/lib/python3.8/site-packages/airflow/example_dags/example_branch_operator.py took 0.153 seconds
[2022-06-27 05:33:45,739] {processor.py:153} INFO - Started process (PID=153090) to work on /home/ubuntu/airflow/airflow_env/lib/python3.8/site-packages/airflow/example_dags/example_branch_operator.py
[2022-06-27 05:33:45,740] {processor.py:641} INFO - Processing file /home/ubuntu/airflow/airflow_env/lib/python3.8/site-packages/airflow/example_dags/example_branch_operator.py for tasks to queue
[2022-06-27 05:33:45,741] {logging_mixin.py:115} INFO - [2022-06-27 05:33:45,741] {dagbag.py:507} INFO - Filling up the DagBag from /home/ubuntu/airflow/airflow_env/lib/python3.8/site-packages/airflow/example_dags/example_branch_operator.py
[2022-06-27 05:33:45,782] {processor.py:651} INFO - DAG(s) dict_keys(['example_branch_operator']) retrieved from /home/ubuntu/airflow/airflow_env/lib/python3.8/site-packages/airflow/example_dags/example_branch_operator.py
[2022-06-27 05:33:45,860] {logging_mixin.py:115} INFO - [2022-06-27 05:33:45,860] {dag.py:2379} INFO - Sync 1 DAGs
[2022-06-27 05:33:45,991] {logging_mixin.py:115} INFO - [2022-06-27 05:33:45,991] {dag.py:2927} INFO - Setting next_dagrun for example_branch_operator to 2022-06-26T00:00:00+00:00, run_after=2022-06-27T00:00:00+00:00
[2022-06-27 05:33:46,039] {processor.py:161} INFO - Processing /home/ubuntu/airflow/airflow_env/lib/python3.8/site-packages/airflow/example_dags/example_branch_operator.py took 0.310 seconds
[2022-06-27 05:34:37,846] {processor.py:153} INFO - Started process (PID=153132) to work on /home/ubuntu/airflow/airflow_env/lib/python3.8/site-packages/airflow/example_dags/example_branch_operator.py
[2022-06-27 05:34:37,852] {processor.py:641} INFO - Processing file /home/ubuntu/airflow/airflow_env/lib/python3.8/site-packages/airflow/example_dags/example_branch_operator.py for tasks to queue
[2022-06-27 05:34:37,855] {logging_mixin.py:115} INFO - [2022-06-27 05:34:37,854] {dagbag.py:507} INFO - Filling up the DagBag from /home/ubuntu/airflow/airflow_env/lib/python3.8/site-packages/airflow/example_dags/example_branch_operator.py
[2022-06-27 05:34:37,918] {processor.py:651} INFO - DAG(s) dict_keys(['example_branch_operator']) retrieved from /home/ubuntu/airflow/airflow_env/lib/python3.8/site-packages/airflow/example_dags/example_branch_operator.py
[2022-06-27 05:34:38,003] {logging_mixin.py:115} INFO - [2022-06-27 05:34:38,003] {dag.py:2379} INFO - Sync 1 DAGs
[2022-06-27 05:34:38,037] {logging_mixin.py:115} INFO - [2022-06-27 05:34:38,037] {dag.py:2927} INFO - Setting next_dagrun for example_branch_operator to 2022-06-26T00:00:00+00:00, run_after=2022-06-27T00:00:00+00:00
[2022-06-27 05:34:38,104] {processor.py:161} INFO - Processing /home/ubuntu/airflow/airflow_env/lib/python3.8/site-packages/airflow/example_dags/example_branch_operator.py took 0.307 seconds
[2022-06-27 05:35:26,440] {processor.py:153} INFO - Started process (PID=153169) to work on /home/ubuntu/airflow/airflow_env/lib/python3.8/site-packages/airflow/example_dags/example_branch_operator.py
[2022-06-27 05:35:26,442] {processor.py:641} INFO - Processing file /home/ubuntu/airflow/airflow_env/lib/python3.8/site-packages/airflow/example_dags/example_branch_operator.py for tasks to queue
[2022-06-27 05:35:26,447] {logging_mixin.py:115} INFO - [2022-06-27 05:35:26,446] {dagbag.py:507} INFO - Filling up the DagBag from /home/ubuntu/airflow/airflow_env/lib/python3.8/site-packages/airflow/example_dags/example_branch_operator.py
[2022-06-27 05:35:26,491] {processor.py:651} INFO - DAG(s) dict_keys(['example_branch_operator']) retrieved from /home/ubuntu/airflow/airflow_env/lib/python3.8/site-packages/airflow/example_dags/example_branch_operator.py
[2022-06-27 05:35:26,738] {logging_mixin.py:115} INFO - [2022-06-27 05:35:26,737] {dag.py:2379} INFO - Sync 1 DAGs
[2022-06-27 05:35:26,770] {logging_mixin.py:115} INFO - [2022-06-27 05:35:26,770] {dag.py:2927} INFO - Setting next_dagrun for example_branch_operator to 2022-06-26T00:00:00+00:00, run_after=2022-06-27T00:00:00+00:00
[2022-06-27 05:35:26,791] {processor.py:161} INFO - Processing /home/ubuntu/airflow/airflow_env/lib/python3.8/site-packages/airflow/example_dags/example_branch_operator.py took 0.382 seconds
[2022-06-27 05:36:19,301] {processor.py:153} INFO - Started process (PID=153216) to work on /home/ubuntu/airflow/airflow_env/lib/python3.8/site-packages/airflow/example_dags/example_branch_operator.py
[2022-06-27 05:36:19,303] {processor.py:641} INFO - Processing file /home/ubuntu/airflow/airflow_env/lib/python3.8/site-packages/airflow/example_dags/example_branch_operator.py for tasks to queue
[2022-06-27 05:36:19,308] {logging_mixin.py:115} INFO - [2022-06-27 05:36:19,308] {dagbag.py:507} INFO - Filling up the DagBag from /home/ubuntu/airflow/airflow_env/lib/python3.8/site-packages/airflow/example_dags/example_branch_operator.py
[2022-06-27 05:36:19,352] {processor.py:651} INFO - DAG(s) dict_keys(['example_branch_operator']) retrieved from /home/ubuntu/airflow/airflow_env/lib/python3.8/site-packages/airflow/example_dags/example_branch_operator.py
[2022-06-27 05:36:19,416] {logging_mixin.py:115} INFO - [2022-06-27 05:36:19,416] {dag.py:2379} INFO - Sync 1 DAGs
[2022-06-27 05:36:19,467] {logging_mixin.py:115} INFO - [2022-06-27 05:36:19,467] {dag.py:2927} INFO - Setting next_dagrun for example_branch_operator to 2022-06-26T00:00:00+00:00, run_after=2022-06-27T00:00:00+00:00
[2022-06-27 05:36:19,542] {processor.py:161} INFO - Processing /home/ubuntu/airflow/airflow_env/lib/python3.8/site-packages/airflow/example_dags/example_branch_operator.py took 0.257 seconds
[2022-06-27 05:37:11,253] {processor.py:153} INFO - Started process (PID=153265) to work on /home/ubuntu/airflow/airflow_env/lib/python3.8/site-packages/airflow/example_dags/example_branch_operator.py
[2022-06-27 05:37:11,263] {processor.py:641} INFO - Processing file /home/ubuntu/airflow/airflow_env/lib/python3.8/site-packages/airflow/example_dags/example_branch_operator.py for tasks to queue
[2022-06-27 05:37:11,265] {logging_mixin.py:115} INFO - [2022-06-27 05:37:11,264] {dagbag.py:507} INFO - Filling up the DagBag from /home/ubuntu/airflow/airflow_env/lib/python3.8/site-packages/airflow/example_dags/example_branch_operator.py
[2022-06-27 05:37:11,335] {processor.py:651} INFO - DAG(s) dict_keys(['example_branch_operator']) retrieved from /home/ubuntu/airflow/airflow_env/lib/python3.8/site-packages/airflow/example_dags/example_branch_operator.py
[2022-06-27 05:37:11,404] {logging_mixin.py:115} INFO - [2022-06-27 05:37:11,404] {dag.py:2379} INFO - Sync 1 DAGs
[2022-06-27 05:37:11,447] {logging_mixin.py:115} INFO - [2022-06-27 05:37:11,447] {dag.py:2927} INFO - Setting next_dagrun for example_branch_operator to 2022-06-26T00:00:00+00:00, run_after=2022-06-27T00:00:00+00:00
[2022-06-27 05:37:11,481] {processor.py:161} INFO - Processing /home/ubuntu/airflow/airflow_env/lib/python3.8/site-packages/airflow/example_dags/example_branch_operator.py took 0.250 seconds
[2022-06-27 05:38:01,966] {processor.py:153} INFO - Started process (PID=153305) to work on /home/ubuntu/airflow/airflow_env/lib/python3.8/site-packages/airflow/example_dags/example_branch_operator.py
[2022-06-27 05:38:01,977] {processor.py:641} INFO - Processing file /home/ubuntu/airflow/airflow_env/lib/python3.8/site-packages/airflow/example_dags/example_branch_operator.py for tasks to queue
[2022-06-27 05:38:01,983] {logging_mixin.py:115} INFO - [2022-06-27 05:38:01,983] {dagbag.py:507} INFO - Filling up the DagBag from /home/ubuntu/airflow/airflow_env/lib/python3.8/site-packages/airflow/example_dags/example_branch_operator.py
[2022-06-27 05:38:02,126] {processor.py:651} INFO - DAG(s) dict_keys(['example_branch_operator']) retrieved from /home/ubuntu/airflow/airflow_env/lib/python3.8/site-packages/airflow/example_dags/example_branch_operator.py
[2022-06-27 05:38:02,356] {logging_mixin.py:115} INFO - [2022-06-27 05:38:02,356] {dag.py:2379} INFO - Sync 1 DAGs
[2022-06-27 05:38:02,535] {logging_mixin.py:115} INFO - [2022-06-27 05:38:02,535] {dag.py:2927} INFO - Setting next_dagrun for example_branch_operator to 2022-06-26T00:00:00+00:00, run_after=2022-06-27T00:00:00+00:00
[2022-06-27 05:38:02,584] {processor.py:161} INFO - Processing /home/ubuntu/airflow/airflow_env/lib/python3.8/site-packages/airflow/example_dags/example_branch_operator.py took 0.660 seconds
[2022-06-27 05:38:58,320] {processor.py:153} INFO - Started process (PID=153350) to work on /home/ubuntu/airflow/airflow_env/lib/python3.8/site-packages/airflow/example_dags/example_branch_operator.py
[2022-06-27 05:38:58,322] {processor.py:641} INFO - Processing file /home/ubuntu/airflow/airflow_env/lib/python3.8/site-packages/airflow/example_dags/example_branch_operator.py for tasks to queue
[2022-06-27 05:38:58,324] {logging_mixin.py:115} INFO - [2022-06-27 05:38:58,324] {dagbag.py:507} INFO - Filling up the DagBag from /home/ubuntu/airflow/airflow_env/lib/python3.8/site-packages/airflow/example_dags/example_branch_operator.py
[2022-06-27 05:38:58,384] {processor.py:651} INFO - DAG(s) dict_keys(['example_branch_operator']) retrieved from /home/ubuntu/airflow/airflow_env/lib/python3.8/site-packages/airflow/example_dags/example_branch_operator.py
[2022-06-27 05:38:58,426] {logging_mixin.py:115} INFO - [2022-06-27 05:38:58,425] {dag.py:2379} INFO - Sync 1 DAGs
[2022-06-27 05:38:58,455] {logging_mixin.py:115} INFO - [2022-06-27 05:38:58,455] {dag.py:2927} INFO - Setting next_dagrun for example_branch_operator to 2022-06-26T00:00:00+00:00, run_after=2022-06-27T00:00:00+00:00
[2022-06-27 05:38:58,490] {processor.py:161} INFO - Processing /home/ubuntu/airflow/airflow_env/lib/python3.8/site-packages/airflow/example_dags/example_branch_operator.py took 0.184 seconds
[2022-06-27 05:39:45,609] {processor.py:153} INFO - Started process (PID=153389) to work on /home/ubuntu/airflow/airflow_env/lib/python3.8/site-packages/airflow/example_dags/example_branch_operator.py
[2022-06-27 05:39:45,622] {processor.py:641} INFO - Processing file /home/ubuntu/airflow/airflow_env/lib/python3.8/site-packages/airflow/example_dags/example_branch_operator.py for tasks to queue
[2022-06-27 05:39:45,624] {logging_mixin.py:115} INFO - [2022-06-27 05:39:45,624] {dagbag.py:507} INFO - Filling up the DagBag from /home/ubuntu/airflow/airflow_env/lib/python3.8/site-packages/airflow/example_dags/example_branch_operator.py
[2022-06-27 05:39:45,826] {processor.py:651} INFO - DAG(s) dict_keys(['example_branch_operator']) retrieved from /home/ubuntu/airflow/airflow_env/lib/python3.8/site-packages/airflow/example_dags/example_branch_operator.py
[2022-06-27 05:39:45,922] {logging_mixin.py:115} INFO - [2022-06-27 05:39:45,921] {dag.py:2379} INFO - Sync 1 DAGs
[2022-06-27 05:39:46,012] {logging_mixin.py:115} INFO - [2022-06-27 05:39:46,011] {dag.py:2927} INFO - Setting next_dagrun for example_branch_operator to 2022-06-26T00:00:00+00:00, run_after=2022-06-27T00:00:00+00:00
[2022-06-27 05:39:46,068] {processor.py:161} INFO - Processing /home/ubuntu/airflow/airflow_env/lib/python3.8/site-packages/airflow/example_dags/example_branch_operator.py took 0.497 seconds
