[2022-06-27 04:49:48,265] {processor.py:153} INFO - Started process (PID=150504) to work on /home/ubuntu/airflow/airflow_env/lib/python3.8/site-packages/airflow/example_dags/example_task_group_decorator.py
[2022-06-27 04:49:48,267] {processor.py:641} INFO - Processing file /home/ubuntu/airflow/airflow_env/lib/python3.8/site-packages/airflow/example_dags/example_task_group_decorator.py for tasks to queue
[2022-06-27 04:49:48,268] {logging_mixin.py:115} INFO - [2022-06-27 04:49:48,268] {dagbag.py:507} INFO - Filling up the DagBag from /home/ubuntu/airflow/airflow_env/lib/python3.8/site-packages/airflow/example_dags/example_task_group_decorator.py
[2022-06-27 04:49:48,348] {processor.py:651} INFO - DAG(s) dict_keys(['example_task_group_decorator']) retrieved from /home/ubuntu/airflow/airflow_env/lib/python3.8/site-packages/airflow/example_dags/example_task_group_decorator.py
[2022-06-27 04:49:48,455] {logging_mixin.py:115} INFO - [2022-06-27 04:49:48,455] {manager.py:508} INFO - Created Permission View: can edit on DAG:example_task_group_decorator
[2022-06-27 04:49:48,465] {logging_mixin.py:115} INFO - [2022-06-27 04:49:48,465] {manager.py:508} INFO - Created Permission View: can read on DAG:example_task_group_decorator
[2022-06-27 04:49:48,472] {logging_mixin.py:115} INFO - [2022-06-27 04:49:48,471] {manager.py:508} INFO - Created Permission View: can delete on DAG:example_task_group_decorator
[2022-06-27 04:49:48,472] {logging_mixin.py:115} INFO - [2022-06-27 04:49:48,472] {dag.py:2379} INFO - Sync 1 DAGs
[2022-06-27 04:49:48,482] {logging_mixin.py:115} INFO - [2022-06-27 04:49:48,482] {dag.py:2398} INFO - Creating ORM DAG for example_task_group_decorator
[2022-06-27 04:49:48,508] {logging_mixin.py:115} INFO - [2022-06-27 04:49:48,508] {dag.py:2927} INFO - Setting next_dagrun for example_task_group_decorator to 2022-06-26T11:49:48.508231+00:00, run_after=2022-06-27T11:49:48.508231+00:00
[2022-06-27 04:49:48,558] {processor.py:161} INFO - Processing /home/ubuntu/airflow/airflow_env/lib/python3.8/site-packages/airflow/example_dags/example_task_group_decorator.py took 0.303 seconds
[2022-06-27 04:50:36,896] {processor.py:153} INFO - Started process (PID=150558) to work on /home/ubuntu/airflow/airflow_env/lib/python3.8/site-packages/airflow/example_dags/example_task_group_decorator.py
[2022-06-27 04:50:36,899] {processor.py:641} INFO - Processing file /home/ubuntu/airflow/airflow_env/lib/python3.8/site-packages/airflow/example_dags/example_task_group_decorator.py for tasks to queue
[2022-06-27 04:50:36,901] {logging_mixin.py:115} INFO - [2022-06-27 04:50:36,901] {dagbag.py:507} INFO - Filling up the DagBag from /home/ubuntu/airflow/airflow_env/lib/python3.8/site-packages/airflow/example_dags/example_task_group_decorator.py
[2022-06-27 04:50:37,018] {processor.py:651} INFO - DAG(s) dict_keys(['example_task_group_decorator']) retrieved from /home/ubuntu/airflow/airflow_env/lib/python3.8/site-packages/airflow/example_dags/example_task_group_decorator.py
[2022-06-27 04:50:37,038] {logging_mixin.py:115} INFO - [2022-06-27 04:50:37,038] {dag.py:2379} INFO - Sync 1 DAGs
[2022-06-27 04:50:37,057] {logging_mixin.py:115} INFO - [2022-06-27 04:50:37,057] {dag.py:2927} INFO - Setting next_dagrun for example_task_group_decorator to 2022-06-26T11:50:37.056741+00:00, run_after=2022-06-27T11:50:37.056741+00:00
[2022-06-27 04:50:37,070] {processor.py:161} INFO - Processing /home/ubuntu/airflow/airflow_env/lib/python3.8/site-packages/airflow/example_dags/example_task_group_decorator.py took 0.191 seconds
[2022-06-27 04:51:23,173] {processor.py:153} INFO - Started process (PID=150671) to work on /home/ubuntu/airflow/airflow_env/lib/python3.8/site-packages/airflow/example_dags/example_task_group_decorator.py
[2022-06-27 04:51:23,174] {processor.py:641} INFO - Processing file /home/ubuntu/airflow/airflow_env/lib/python3.8/site-packages/airflow/example_dags/example_task_group_decorator.py for tasks to queue
[2022-06-27 04:51:23,175] {logging_mixin.py:115} INFO - [2022-06-27 04:51:23,174] {dagbag.py:507} INFO - Filling up the DagBag from /home/ubuntu/airflow/airflow_env/lib/python3.8/site-packages/airflow/example_dags/example_task_group_decorator.py
[2022-06-27 04:51:23,254] {processor.py:651} INFO - DAG(s) dict_keys(['example_task_group_decorator']) retrieved from /home/ubuntu/airflow/airflow_env/lib/python3.8/site-packages/airflow/example_dags/example_task_group_decorator.py
[2022-06-27 04:51:23,291] {logging_mixin.py:115} INFO - [2022-06-27 04:51:23,290] {dag.py:2379} INFO - Sync 1 DAGs
[2022-06-27 04:51:23,320] {logging_mixin.py:115} INFO - [2022-06-27 04:51:23,320] {dag.py:2927} INFO - Setting next_dagrun for example_task_group_decorator to 2022-06-26T11:51:23.319754+00:00, run_after=2022-06-27T11:51:23.319754+00:00
[2022-06-27 04:51:23,360] {processor.py:161} INFO - Processing /home/ubuntu/airflow/airflow_env/lib/python3.8/site-packages/airflow/example_dags/example_task_group_decorator.py took 0.194 seconds
[2022-06-27 04:52:12,135] {processor.py:153} INFO - Started process (PID=150798) to work on /home/ubuntu/airflow/airflow_env/lib/python3.8/site-packages/airflow/example_dags/example_task_group_decorator.py
[2022-06-27 04:52:12,136] {processor.py:641} INFO - Processing file /home/ubuntu/airflow/airflow_env/lib/python3.8/site-packages/airflow/example_dags/example_task_group_decorator.py for tasks to queue
[2022-06-27 04:52:12,137] {logging_mixin.py:115} INFO - [2022-06-27 04:52:12,137] {dagbag.py:507} INFO - Filling up the DagBag from /home/ubuntu/airflow/airflow_env/lib/python3.8/site-packages/airflow/example_dags/example_task_group_decorator.py
[2022-06-27 04:52:12,195] {processor.py:651} INFO - DAG(s) dict_keys(['example_task_group_decorator']) retrieved from /home/ubuntu/airflow/airflow_env/lib/python3.8/site-packages/airflow/example_dags/example_task_group_decorator.py
[2022-06-27 04:52:12,267] {logging_mixin.py:115} INFO - [2022-06-27 04:52:12,267] {dag.py:2379} INFO - Sync 1 DAGs
[2022-06-27 04:52:12,328] {logging_mixin.py:115} INFO - [2022-06-27 04:52:12,328] {dag.py:2927} INFO - Setting next_dagrun for example_task_group_decorator to 2022-06-26T11:52:12.326982+00:00, run_after=2022-06-27T11:52:12.326982+00:00
[2022-06-27 04:52:12,392] {processor.py:161} INFO - Processing /home/ubuntu/airflow/airflow_env/lib/python3.8/site-packages/airflow/example_dags/example_task_group_decorator.py took 0.263 seconds
[2022-06-27 04:52:56,561] {processor.py:153} INFO - Started process (PID=150840) to work on /home/ubuntu/airflow/airflow_env/lib/python3.8/site-packages/airflow/example_dags/example_task_group_decorator.py
[2022-06-27 04:52:56,562] {processor.py:641} INFO - Processing file /home/ubuntu/airflow/airflow_env/lib/python3.8/site-packages/airflow/example_dags/example_task_group_decorator.py for tasks to queue
[2022-06-27 04:52:56,563] {logging_mixin.py:115} INFO - [2022-06-27 04:52:56,563] {dagbag.py:507} INFO - Filling up the DagBag from /home/ubuntu/airflow/airflow_env/lib/python3.8/site-packages/airflow/example_dags/example_task_group_decorator.py
[2022-06-27 04:52:56,632] {processor.py:651} INFO - DAG(s) dict_keys(['example_task_group_decorator']) retrieved from /home/ubuntu/airflow/airflow_env/lib/python3.8/site-packages/airflow/example_dags/example_task_group_decorator.py
[2022-06-27 04:52:56,669] {logging_mixin.py:115} INFO - [2022-06-27 04:52:56,669] {dag.py:2379} INFO - Sync 1 DAGs
[2022-06-27 04:52:56,734] {logging_mixin.py:115} INFO - [2022-06-27 04:52:56,733] {dag.py:2927} INFO - Setting next_dagrun for example_task_group_decorator to 2022-06-26T11:52:56.732793+00:00, run_after=2022-06-27T11:52:56.732793+00:00
[2022-06-27 04:52:56,825] {processor.py:161} INFO - Processing /home/ubuntu/airflow/airflow_env/lib/python3.8/site-packages/airflow/example_dags/example_task_group_decorator.py took 0.263 seconds
[2022-06-27 04:53:38,479] {processor.py:153} INFO - Started process (PID=150889) to work on /home/ubuntu/airflow/airflow_env/lib/python3.8/site-packages/airflow/example_dags/example_task_group_decorator.py
[2022-06-27 04:53:38,487] {processor.py:641} INFO - Processing file /home/ubuntu/airflow/airflow_env/lib/python3.8/site-packages/airflow/example_dags/example_task_group_decorator.py for tasks to queue
[2022-06-27 04:53:38,489] {logging_mixin.py:115} INFO - [2022-06-27 04:53:38,489] {dagbag.py:507} INFO - Filling up the DagBag from /home/ubuntu/airflow/airflow_env/lib/python3.8/site-packages/airflow/example_dags/example_task_group_decorator.py
[2022-06-27 04:53:38,743] {processor.py:651} INFO - DAG(s) dict_keys(['example_task_group_decorator']) retrieved from /home/ubuntu/airflow/airflow_env/lib/python3.8/site-packages/airflow/example_dags/example_task_group_decorator.py
[2022-06-27 04:53:38,918] {logging_mixin.py:115} INFO - [2022-06-27 04:53:38,917] {dag.py:2379} INFO - Sync 1 DAGs
[2022-06-27 04:53:39,082] {logging_mixin.py:115} INFO - [2022-06-27 04:53:39,082] {dag.py:2927} INFO - Setting next_dagrun for example_task_group_decorator to 2022-06-26T11:53:39.077473+00:00, run_after=2022-06-27T11:53:39.077473+00:00
[2022-06-27 04:53:39,160] {processor.py:161} INFO - Processing /home/ubuntu/airflow/airflow_env/lib/python3.8/site-packages/airflow/example_dags/example_task_group_decorator.py took 0.704 seconds
[2022-06-27 04:54:26,093] {processor.py:153} INFO - Started process (PID=150950) to work on /home/ubuntu/airflow/airflow_env/lib/python3.8/site-packages/airflow/example_dags/example_task_group_decorator.py
[2022-06-27 04:54:26,107] {processor.py:641} INFO - Processing file /home/ubuntu/airflow/airflow_env/lib/python3.8/site-packages/airflow/example_dags/example_task_group_decorator.py for tasks to queue
[2022-06-27 04:54:26,109] {logging_mixin.py:115} INFO - [2022-06-27 04:54:26,109] {dagbag.py:507} INFO - Filling up the DagBag from /home/ubuntu/airflow/airflow_env/lib/python3.8/site-packages/airflow/example_dags/example_task_group_decorator.py
[2022-06-27 04:54:26,335] {processor.py:651} INFO - DAG(s) dict_keys(['example_task_group_decorator']) retrieved from /home/ubuntu/airflow/airflow_env/lib/python3.8/site-packages/airflow/example_dags/example_task_group_decorator.py
[2022-06-27 04:54:26,434] {logging_mixin.py:115} INFO - [2022-06-27 04:54:26,434] {dag.py:2379} INFO - Sync 1 DAGs
[2022-06-27 04:54:26,507] {logging_mixin.py:115} INFO - [2022-06-27 04:54:26,507] {dag.py:2927} INFO - Setting next_dagrun for example_task_group_decorator to 2022-06-26T11:54:26.506642+00:00, run_after=2022-06-27T11:54:26.506642+00:00
[2022-06-27 04:54:26,554] {processor.py:161} INFO - Processing /home/ubuntu/airflow/airflow_env/lib/python3.8/site-packages/airflow/example_dags/example_task_group_decorator.py took 0.511 seconds
[2022-06-27 04:55:37,719] {processor.py:153} INFO - Started process (PID=151060) to work on /home/ubuntu/airflow/airflow_env/lib/python3.8/site-packages/airflow/example_dags/example_task_group_decorator.py
[2022-06-27 04:55:37,731] {processor.py:641} INFO - Processing file /home/ubuntu/airflow/airflow_env/lib/python3.8/site-packages/airflow/example_dags/example_task_group_decorator.py for tasks to queue
[2022-06-27 04:55:37,733] {logging_mixin.py:115} INFO - [2022-06-27 04:55:37,733] {dagbag.py:507} INFO - Filling up the DagBag from /home/ubuntu/airflow/airflow_env/lib/python3.8/site-packages/airflow/example_dags/example_task_group_decorator.py
[2022-06-27 04:55:37,817] {processor.py:651} INFO - DAG(s) dict_keys(['example_task_group_decorator']) retrieved from /home/ubuntu/airflow/airflow_env/lib/python3.8/site-packages/airflow/example_dags/example_task_group_decorator.py
[2022-06-27 04:55:38,367] {logging_mixin.py:115} INFO - [2022-06-27 04:55:38,366] {dag.py:2379} INFO - Sync 1 DAGs
[2022-06-27 04:55:38,483] {logging_mixin.py:115} INFO - [2022-06-27 04:55:38,482] {dag.py:2927} INFO - Setting next_dagrun for example_task_group_decorator to 2022-06-26T11:55:38.477541+00:00, run_after=2022-06-27T11:55:38.477541+00:00
[2022-06-27 04:55:38,546] {processor.py:161} INFO - Processing /home/ubuntu/airflow/airflow_env/lib/python3.8/site-packages/airflow/example_dags/example_task_group_decorator.py took 0.863 seconds
[2022-06-27 04:56:27,661] {processor.py:153} INFO - Started process (PID=151152) to work on /home/ubuntu/airflow/airflow_env/lib/python3.8/site-packages/airflow/example_dags/example_task_group_decorator.py
[2022-06-27 04:56:27,663] {processor.py:641} INFO - Processing file /home/ubuntu/airflow/airflow_env/lib/python3.8/site-packages/airflow/example_dags/example_task_group_decorator.py for tasks to queue
[2022-06-27 04:56:27,665] {logging_mixin.py:115} INFO - [2022-06-27 04:56:27,665] {dagbag.py:507} INFO - Filling up the DagBag from /home/ubuntu/airflow/airflow_env/lib/python3.8/site-packages/airflow/example_dags/example_task_group_decorator.py
[2022-06-27 04:56:28,025] {processor.py:651} INFO - DAG(s) dict_keys(['example_task_group_decorator']) retrieved from /home/ubuntu/airflow/airflow_env/lib/python3.8/site-packages/airflow/example_dags/example_task_group_decorator.py
[2022-06-27 04:56:28,097] {logging_mixin.py:115} INFO - [2022-06-27 04:56:28,097] {dag.py:2379} INFO - Sync 1 DAGs
[2022-06-27 04:56:28,150] {logging_mixin.py:115} INFO - [2022-06-27 04:56:28,150] {dag.py:2927} INFO - Setting next_dagrun for example_task_group_decorator to 2022-06-26T11:56:28.149777+00:00, run_after=2022-06-27T11:56:28.149777+00:00
[2022-06-27 04:56:28,189] {processor.py:161} INFO - Processing /home/ubuntu/airflow/airflow_env/lib/python3.8/site-packages/airflow/example_dags/example_task_group_decorator.py took 0.541 seconds
[2022-06-27 04:57:31,070] {processor.py:153} INFO - Started process (PID=151232) to work on /home/ubuntu/airflow/airflow_env/lib/python3.8/site-packages/airflow/example_dags/example_task_group_decorator.py
[2022-06-27 04:57:31,072] {processor.py:641} INFO - Processing file /home/ubuntu/airflow/airflow_env/lib/python3.8/site-packages/airflow/example_dags/example_task_group_decorator.py for tasks to queue
[2022-06-27 04:57:31,073] {logging_mixin.py:115} INFO - [2022-06-27 04:57:31,073] {dagbag.py:507} INFO - Filling up the DagBag from /home/ubuntu/airflow/airflow_env/lib/python3.8/site-packages/airflow/example_dags/example_task_group_decorator.py
[2022-06-27 04:57:31,158] {processor.py:651} INFO - DAG(s) dict_keys(['example_task_group_decorator']) retrieved from /home/ubuntu/airflow/airflow_env/lib/python3.8/site-packages/airflow/example_dags/example_task_group_decorator.py
[2022-06-27 04:57:31,198] {logging_mixin.py:115} INFO - [2022-06-27 04:57:31,198] {dag.py:2379} INFO - Sync 1 DAGs
[2022-06-27 04:57:31,247] {logging_mixin.py:115} INFO - [2022-06-27 04:57:31,247] {dag.py:2927} INFO - Setting next_dagrun for example_task_group_decorator to 2022-06-26T11:57:31.246704+00:00, run_after=2022-06-27T11:57:31.246704+00:00
[2022-06-27 04:57:31,269] {processor.py:161} INFO - Processing /home/ubuntu/airflow/airflow_env/lib/python3.8/site-packages/airflow/example_dags/example_task_group_decorator.py took 0.219 seconds
[2022-06-27 04:58:15,391] {processor.py:153} INFO - Started process (PID=151303) to work on /home/ubuntu/airflow/airflow_env/lib/python3.8/site-packages/airflow/example_dags/example_task_group_decorator.py
[2022-06-27 04:58:15,392] {processor.py:641} INFO - Processing file /home/ubuntu/airflow/airflow_env/lib/python3.8/site-packages/airflow/example_dags/example_task_group_decorator.py for tasks to queue
[2022-06-27 04:58:15,392] {logging_mixin.py:115} INFO - [2022-06-27 04:58:15,392] {dagbag.py:507} INFO - Filling up the DagBag from /home/ubuntu/airflow/airflow_env/lib/python3.8/site-packages/airflow/example_dags/example_task_group_decorator.py
[2022-06-27 04:58:15,422] {processor.py:651} INFO - DAG(s) dict_keys(['example_task_group_decorator']) retrieved from /home/ubuntu/airflow/airflow_env/lib/python3.8/site-packages/airflow/example_dags/example_task_group_decorator.py
[2022-06-27 04:58:15,440] {logging_mixin.py:115} INFO - [2022-06-27 04:58:15,440] {dag.py:2379} INFO - Sync 1 DAGs
[2022-06-27 04:58:15,459] {logging_mixin.py:115} INFO - [2022-06-27 04:58:15,459] {dag.py:2927} INFO - Setting next_dagrun for example_task_group_decorator to 2022-06-26T11:58:15.459285+00:00, run_after=2022-06-27T11:58:15.459285+00:00
[2022-06-27 04:58:15,478] {processor.py:161} INFO - Processing /home/ubuntu/airflow/airflow_env/lib/python3.8/site-packages/airflow/example_dags/example_task_group_decorator.py took 0.090 seconds
[2022-06-27 04:58:52,801] {processor.py:153} INFO - Started process (PID=151342) to work on /home/ubuntu/airflow/airflow_env/lib/python3.8/site-packages/airflow/example_dags/example_task_group_decorator.py
[2022-06-27 04:58:52,804] {processor.py:641} INFO - Processing file /home/ubuntu/airflow/airflow_env/lib/python3.8/site-packages/airflow/example_dags/example_task_group_decorator.py for tasks to queue
[2022-06-27 04:58:52,805] {logging_mixin.py:115} INFO - [2022-06-27 04:58:52,805] {dagbag.py:507} INFO - Filling up the DagBag from /home/ubuntu/airflow/airflow_env/lib/python3.8/site-packages/airflow/example_dags/example_task_group_decorator.py
[2022-06-27 04:58:52,888] {processor.py:651} INFO - DAG(s) dict_keys(['example_task_group_decorator']) retrieved from /home/ubuntu/airflow/airflow_env/lib/python3.8/site-packages/airflow/example_dags/example_task_group_decorator.py
[2022-06-27 04:58:52,910] {logging_mixin.py:115} INFO - [2022-06-27 04:58:52,910] {dag.py:2379} INFO - Sync 1 DAGs
[2022-06-27 04:58:52,936] {logging_mixin.py:115} INFO - [2022-06-27 04:58:52,935] {dag.py:2927} INFO - Setting next_dagrun for example_task_group_decorator to 2022-06-26T11:58:52.935605+00:00, run_after=2022-06-27T11:58:52.935605+00:00
[2022-06-27 04:58:52,953] {processor.py:161} INFO - Processing /home/ubuntu/airflow/airflow_env/lib/python3.8/site-packages/airflow/example_dags/example_task_group_decorator.py took 0.166 seconds
[2022-06-27 04:59:34,009] {processor.py:153} INFO - Started process (PID=151381) to work on /home/ubuntu/airflow/airflow_env/lib/python3.8/site-packages/airflow/example_dags/example_task_group_decorator.py
[2022-06-27 04:59:34,015] {processor.py:641} INFO - Processing file /home/ubuntu/airflow/airflow_env/lib/python3.8/site-packages/airflow/example_dags/example_task_group_decorator.py for tasks to queue
[2022-06-27 04:59:34,022] {logging_mixin.py:115} INFO - [2022-06-27 04:59:34,022] {dagbag.py:507} INFO - Filling up the DagBag from /home/ubuntu/airflow/airflow_env/lib/python3.8/site-packages/airflow/example_dags/example_task_group_decorator.py
[2022-06-27 04:59:34,183] {processor.py:651} INFO - DAG(s) dict_keys(['example_task_group_decorator']) retrieved from /home/ubuntu/airflow/airflow_env/lib/python3.8/site-packages/airflow/example_dags/example_task_group_decorator.py
[2022-06-27 04:59:34,329] {logging_mixin.py:115} INFO - [2022-06-27 04:59:34,329] {dag.py:2379} INFO - Sync 1 DAGs
[2022-06-27 04:59:34,447] {logging_mixin.py:115} INFO - [2022-06-27 04:59:34,446] {dag.py:2927} INFO - Setting next_dagrun for example_task_group_decorator to 2022-06-26T11:59:34.445552+00:00, run_after=2022-06-27T11:59:34.445552+00:00
[2022-06-27 04:59:34,561] {processor.py:161} INFO - Processing /home/ubuntu/airflow/airflow_env/lib/python3.8/site-packages/airflow/example_dags/example_task_group_decorator.py took 0.568 seconds
[2022-06-27 05:02:43,444] {processor.py:153} INFO - Started process (PID=151499) to work on /home/ubuntu/airflow/airflow_env/lib/python3.8/site-packages/airflow/example_dags/example_task_group_decorator.py
[2022-06-27 05:02:43,455] {processor.py:641} INFO - Processing file /home/ubuntu/airflow/airflow_env/lib/python3.8/site-packages/airflow/example_dags/example_task_group_decorator.py for tasks to queue
[2022-06-27 05:02:43,460] {logging_mixin.py:115} INFO - [2022-06-27 05:02:43,459] {dagbag.py:507} INFO - Filling up the DagBag from /home/ubuntu/airflow/airflow_env/lib/python3.8/site-packages/airflow/example_dags/example_task_group_decorator.py
[2022-06-27 05:02:43,692] {processor.py:651} INFO - DAG(s) dict_keys(['example_task_group_decorator']) retrieved from /home/ubuntu/airflow/airflow_env/lib/python3.8/site-packages/airflow/example_dags/example_task_group_decorator.py
[2022-06-27 05:02:44,053] {logging_mixin.py:115} INFO - [2022-06-27 05:02:44,053] {dag.py:2379} INFO - Sync 1 DAGs
[2022-06-27 05:02:44,103] {logging_mixin.py:115} INFO - [2022-06-27 05:02:44,103] {dag.py:2927} INFO - Setting next_dagrun for example_task_group_decorator to 2022-06-26T12:02:44.093737+00:00, run_after=2022-06-27T12:02:44.093737+00:00
[2022-06-27 05:02:44,149] {processor.py:161} INFO - Processing /home/ubuntu/airflow/airflow_env/lib/python3.8/site-packages/airflow/example_dags/example_task_group_decorator.py took 0.721 seconds
[2022-06-27 05:03:33,167] {processor.py:153} INFO - Started process (PID=151536) to work on /home/ubuntu/airflow/airflow_env/lib/python3.8/site-packages/airflow/example_dags/example_task_group_decorator.py
[2022-06-27 05:03:33,171] {processor.py:641} INFO - Processing file /home/ubuntu/airflow/airflow_env/lib/python3.8/site-packages/airflow/example_dags/example_task_group_decorator.py for tasks to queue
[2022-06-27 05:03:33,172] {logging_mixin.py:115} INFO - [2022-06-27 05:03:33,172] {dagbag.py:507} INFO - Filling up the DagBag from /home/ubuntu/airflow/airflow_env/lib/python3.8/site-packages/airflow/example_dags/example_task_group_decorator.py
[2022-06-27 05:03:33,380] {processor.py:651} INFO - DAG(s) dict_keys(['example_task_group_decorator']) retrieved from /home/ubuntu/airflow/airflow_env/lib/python3.8/site-packages/airflow/example_dags/example_task_group_decorator.py
[2022-06-27 05:03:33,639] {logging_mixin.py:115} INFO - [2022-06-27 05:03:33,637] {dag.py:2379} INFO - Sync 1 DAGs
[2022-06-27 05:03:33,707] {logging_mixin.py:115} INFO - [2022-06-27 05:03:33,707] {dag.py:2927} INFO - Setting next_dagrun for example_task_group_decorator to 2022-06-26T12:03:33.706346+00:00, run_after=2022-06-27T12:03:33.706346+00:00
[2022-06-27 05:03:33,757] {processor.py:161} INFO - Processing /home/ubuntu/airflow/airflow_env/lib/python3.8/site-packages/airflow/example_dags/example_task_group_decorator.py took 0.613 seconds
[2022-06-27 05:04:20,828] {processor.py:153} INFO - Started process (PID=151576) to work on /home/ubuntu/airflow/airflow_env/lib/python3.8/site-packages/airflow/example_dags/example_task_group_decorator.py
[2022-06-27 05:04:20,835] {processor.py:641} INFO - Processing file /home/ubuntu/airflow/airflow_env/lib/python3.8/site-packages/airflow/example_dags/example_task_group_decorator.py for tasks to queue
[2022-06-27 05:04:20,836] {logging_mixin.py:115} INFO - [2022-06-27 05:04:20,836] {dagbag.py:507} INFO - Filling up the DagBag from /home/ubuntu/airflow/airflow_env/lib/python3.8/site-packages/airflow/example_dags/example_task_group_decorator.py
[2022-06-27 05:04:20,935] {processor.py:651} INFO - DAG(s) dict_keys(['example_task_group_decorator']) retrieved from /home/ubuntu/airflow/airflow_env/lib/python3.8/site-packages/airflow/example_dags/example_task_group_decorator.py
[2022-06-27 05:04:21,113] {logging_mixin.py:115} INFO - [2022-06-27 05:04:21,113] {dag.py:2379} INFO - Sync 1 DAGs
[2022-06-27 05:04:21,167] {logging_mixin.py:115} INFO - [2022-06-27 05:04:21,167] {dag.py:2927} INFO - Setting next_dagrun for example_task_group_decorator to 2022-06-26T12:04:21.166640+00:00, run_after=2022-06-27T12:04:21.166640+00:00
[2022-06-27 05:04:21,210] {processor.py:161} INFO - Processing /home/ubuntu/airflow/airflow_env/lib/python3.8/site-packages/airflow/example_dags/example_task_group_decorator.py took 0.392 seconds
[2022-06-27 05:05:10,354] {processor.py:153} INFO - Started process (PID=151614) to work on /home/ubuntu/airflow/airflow_env/lib/python3.8/site-packages/airflow/example_dags/example_task_group_decorator.py
[2022-06-27 05:05:10,356] {processor.py:641} INFO - Processing file /home/ubuntu/airflow/airflow_env/lib/python3.8/site-packages/airflow/example_dags/example_task_group_decorator.py for tasks to queue
[2022-06-27 05:05:10,357] {logging_mixin.py:115} INFO - [2022-06-27 05:05:10,356] {dagbag.py:507} INFO - Filling up the DagBag from /home/ubuntu/airflow/airflow_env/lib/python3.8/site-packages/airflow/example_dags/example_task_group_decorator.py
[2022-06-27 05:05:10,520] {processor.py:651} INFO - DAG(s) dict_keys(['example_task_group_decorator']) retrieved from /home/ubuntu/airflow/airflow_env/lib/python3.8/site-packages/airflow/example_dags/example_task_group_decorator.py
[2022-06-27 05:05:10,843] {logging_mixin.py:115} INFO - [2022-06-27 05:05:10,842] {dag.py:2379} INFO - Sync 1 DAGs
[2022-06-27 05:05:10,940] {logging_mixin.py:115} INFO - [2022-06-27 05:05:10,939] {dag.py:2927} INFO - Setting next_dagrun for example_task_group_decorator to 2022-06-26T12:05:10.939356+00:00, run_after=2022-06-27T12:05:10.939356+00:00
[2022-06-27 05:05:10,978] {processor.py:161} INFO - Processing /home/ubuntu/airflow/airflow_env/lib/python3.8/site-packages/airflow/example_dags/example_task_group_decorator.py took 0.659 seconds
[2022-06-27 05:06:02,791] {processor.py:153} INFO - Started process (PID=151658) to work on /home/ubuntu/airflow/airflow_env/lib/python3.8/site-packages/airflow/example_dags/example_task_group_decorator.py
[2022-06-27 05:06:02,806] {processor.py:641} INFO - Processing file /home/ubuntu/airflow/airflow_env/lib/python3.8/site-packages/airflow/example_dags/example_task_group_decorator.py for tasks to queue
[2022-06-27 05:06:02,807] {logging_mixin.py:115} INFO - [2022-06-27 05:06:02,807] {dagbag.py:507} INFO - Filling up the DagBag from /home/ubuntu/airflow/airflow_env/lib/python3.8/site-packages/airflow/example_dags/example_task_group_decorator.py
[2022-06-27 05:06:02,941] {processor.py:651} INFO - DAG(s) dict_keys(['example_task_group_decorator']) retrieved from /home/ubuntu/airflow/airflow_env/lib/python3.8/site-packages/airflow/example_dags/example_task_group_decorator.py
[2022-06-27 05:06:03,042] {logging_mixin.py:115} INFO - [2022-06-27 05:06:03,042] {dag.py:2379} INFO - Sync 1 DAGs
[2022-06-27 05:06:03,087] {logging_mixin.py:115} INFO - [2022-06-27 05:06:03,087] {dag.py:2927} INFO - Setting next_dagrun for example_task_group_decorator to 2022-06-26T12:06:03.086701+00:00, run_after=2022-06-27T12:06:03.086701+00:00
[2022-06-27 05:06:03,127] {processor.py:161} INFO - Processing /home/ubuntu/airflow/airflow_env/lib/python3.8/site-packages/airflow/example_dags/example_task_group_decorator.py took 0.342 seconds
[2022-06-27 05:06:57,964] {processor.py:153} INFO - Started process (PID=151699) to work on /home/ubuntu/airflow/airflow_env/lib/python3.8/site-packages/airflow/example_dags/example_task_group_decorator.py
[2022-06-27 05:06:57,968] {processor.py:641} INFO - Processing file /home/ubuntu/airflow/airflow_env/lib/python3.8/site-packages/airflow/example_dags/example_task_group_decorator.py for tasks to queue
[2022-06-27 05:06:57,980] {logging_mixin.py:115} INFO - [2022-06-27 05:06:57,979] {dagbag.py:507} INFO - Filling up the DagBag from /home/ubuntu/airflow/airflow_env/lib/python3.8/site-packages/airflow/example_dags/example_task_group_decorator.py
[2022-06-27 05:06:58,159] {processor.py:651} INFO - DAG(s) dict_keys(['example_task_group_decorator']) retrieved from /home/ubuntu/airflow/airflow_env/lib/python3.8/site-packages/airflow/example_dags/example_task_group_decorator.py
[2022-06-27 05:06:58,229] {logging_mixin.py:115} INFO - [2022-06-27 05:06:58,229] {dag.py:2379} INFO - Sync 1 DAGs
[2022-06-27 05:06:58,300] {logging_mixin.py:115} INFO - [2022-06-27 05:06:58,300] {dag.py:2927} INFO - Setting next_dagrun for example_task_group_decorator to 2022-06-26T12:06:58.299413+00:00, run_after=2022-06-27T12:06:58.299413+00:00
[2022-06-27 05:06:58,332] {processor.py:161} INFO - Processing /home/ubuntu/airflow/airflow_env/lib/python3.8/site-packages/airflow/example_dags/example_task_group_decorator.py took 0.392 seconds
[2022-06-27 05:07:53,534] {processor.py:153} INFO - Started process (PID=151740) to work on /home/ubuntu/airflow/airflow_env/lib/python3.8/site-packages/airflow/example_dags/example_task_group_decorator.py
[2022-06-27 05:07:53,535] {processor.py:641} INFO - Processing file /home/ubuntu/airflow/airflow_env/lib/python3.8/site-packages/airflow/example_dags/example_task_group_decorator.py for tasks to queue
[2022-06-27 05:07:53,536] {logging_mixin.py:115} INFO - [2022-06-27 05:07:53,536] {dagbag.py:507} INFO - Filling up the DagBag from /home/ubuntu/airflow/airflow_env/lib/python3.8/site-packages/airflow/example_dags/example_task_group_decorator.py
[2022-06-27 05:07:53,654] {processor.py:651} INFO - DAG(s) dict_keys(['example_task_group_decorator']) retrieved from /home/ubuntu/airflow/airflow_env/lib/python3.8/site-packages/airflow/example_dags/example_task_group_decorator.py
[2022-06-27 05:07:53,872] {logging_mixin.py:115} INFO - [2022-06-27 05:07:53,872] {dag.py:2379} INFO - Sync 1 DAGs
[2022-06-27 05:07:53,984] {logging_mixin.py:115} INFO - [2022-06-27 05:07:53,983] {dag.py:2927} INFO - Setting next_dagrun for example_task_group_decorator to 2022-06-26T12:07:53.982254+00:00, run_after=2022-06-27T12:07:53.982254+00:00
[2022-06-27 05:07:54,079] {processor.py:161} INFO - Processing /home/ubuntu/airflow/airflow_env/lib/python3.8/site-packages/airflow/example_dags/example_task_group_decorator.py took 0.564 seconds
[2022-06-27 05:08:45,486] {processor.py:153} INFO - Started process (PID=151783) to work on /home/ubuntu/airflow/airflow_env/lib/python3.8/site-packages/airflow/example_dags/example_task_group_decorator.py
[2022-06-27 05:08:45,489] {processor.py:641} INFO - Processing file /home/ubuntu/airflow/airflow_env/lib/python3.8/site-packages/airflow/example_dags/example_task_group_decorator.py for tasks to queue
[2022-06-27 05:08:45,500] {logging_mixin.py:115} INFO - [2022-06-27 05:08:45,497] {dagbag.py:507} INFO - Filling up the DagBag from /home/ubuntu/airflow/airflow_env/lib/python3.8/site-packages/airflow/example_dags/example_task_group_decorator.py
[2022-06-27 05:08:45,671] {processor.py:651} INFO - DAG(s) dict_keys(['example_task_group_decorator']) retrieved from /home/ubuntu/airflow/airflow_env/lib/python3.8/site-packages/airflow/example_dags/example_task_group_decorator.py
[2022-06-27 05:08:45,745] {logging_mixin.py:115} INFO - [2022-06-27 05:08:45,745] {dag.py:2379} INFO - Sync 1 DAGs
[2022-06-27 05:08:45,900] {logging_mixin.py:115} INFO - [2022-06-27 05:08:45,899] {dag.py:2927} INFO - Setting next_dagrun for example_task_group_decorator to 2022-06-26T12:08:45.898975+00:00, run_after=2022-06-27T12:08:45.898975+00:00
[2022-06-27 05:08:46,004] {processor.py:161} INFO - Processing /home/ubuntu/airflow/airflow_env/lib/python3.8/site-packages/airflow/example_dags/example_task_group_decorator.py took 0.554 seconds
[2022-06-27 05:09:41,560] {processor.py:153} INFO - Started process (PID=151831) to work on /home/ubuntu/airflow/airflow_env/lib/python3.8/site-packages/airflow/example_dags/example_task_group_decorator.py
[2022-06-27 05:09:41,561] {processor.py:641} INFO - Processing file /home/ubuntu/airflow/airflow_env/lib/python3.8/site-packages/airflow/example_dags/example_task_group_decorator.py for tasks to queue
[2022-06-27 05:09:41,563] {logging_mixin.py:115} INFO - [2022-06-27 05:09:41,563] {dagbag.py:507} INFO - Filling up the DagBag from /home/ubuntu/airflow/airflow_env/lib/python3.8/site-packages/airflow/example_dags/example_task_group_decorator.py
[2022-06-27 05:09:41,691] {processor.py:651} INFO - DAG(s) dict_keys(['example_task_group_decorator']) retrieved from /home/ubuntu/airflow/airflow_env/lib/python3.8/site-packages/airflow/example_dags/example_task_group_decorator.py
[2022-06-27 05:09:41,966] {logging_mixin.py:115} INFO - [2022-06-27 05:09:41,965] {dag.py:2379} INFO - Sync 1 DAGs
[2022-06-27 05:09:42,129] {logging_mixin.py:115} INFO - [2022-06-27 05:09:42,129] {dag.py:2927} INFO - Setting next_dagrun for example_task_group_decorator to 2022-06-26T12:09:42.127760+00:00, run_after=2022-06-27T12:09:42.127760+00:00
[2022-06-27 05:09:42,220] {processor.py:161} INFO - Processing /home/ubuntu/airflow/airflow_env/lib/python3.8/site-packages/airflow/example_dags/example_task_group_decorator.py took 0.678 seconds
[2022-06-27 05:10:33,237] {processor.py:153} INFO - Started process (PID=151897) to work on /home/ubuntu/airflow/airflow_env/lib/python3.8/site-packages/airflow/example_dags/example_task_group_decorator.py
[2022-06-27 05:10:33,247] {processor.py:641} INFO - Processing file /home/ubuntu/airflow/airflow_env/lib/python3.8/site-packages/airflow/example_dags/example_task_group_decorator.py for tasks to queue
[2022-06-27 05:10:33,256] {logging_mixin.py:115} INFO - [2022-06-27 05:10:33,255] {dagbag.py:507} INFO - Filling up the DagBag from /home/ubuntu/airflow/airflow_env/lib/python3.8/site-packages/airflow/example_dags/example_task_group_decorator.py
[2022-06-27 05:10:33,458] {processor.py:651} INFO - DAG(s) dict_keys(['example_task_group_decorator']) retrieved from /home/ubuntu/airflow/airflow_env/lib/python3.8/site-packages/airflow/example_dags/example_task_group_decorator.py
[2022-06-27 05:10:33,567] {logging_mixin.py:115} INFO - [2022-06-27 05:10:33,566] {dag.py:2379} INFO - Sync 1 DAGs
[2022-06-27 05:10:33,755] {logging_mixin.py:115} INFO - [2022-06-27 05:10:33,755] {dag.py:2927} INFO - Setting next_dagrun for example_task_group_decorator to 2022-06-26T12:10:33.753954+00:00, run_after=2022-06-27T12:10:33.753954+00:00
[2022-06-27 05:10:33,833] {processor.py:161} INFO - Processing /home/ubuntu/airflow/airflow_env/lib/python3.8/site-packages/airflow/example_dags/example_task_group_decorator.py took 0.638 seconds
[2022-06-27 05:11:17,027] {processor.py:153} INFO - Started process (PID=151935) to work on /home/ubuntu/airflow/airflow_env/lib/python3.8/site-packages/airflow/example_dags/example_task_group_decorator.py
[2022-06-27 05:11:17,035] {processor.py:641} INFO - Processing file /home/ubuntu/airflow/airflow_env/lib/python3.8/site-packages/airflow/example_dags/example_task_group_decorator.py for tasks to queue
[2022-06-27 05:11:17,037] {logging_mixin.py:115} INFO - [2022-06-27 05:11:17,036] {dagbag.py:507} INFO - Filling up the DagBag from /home/ubuntu/airflow/airflow_env/lib/python3.8/site-packages/airflow/example_dags/example_task_group_decorator.py
[2022-06-27 05:11:17,209] {processor.py:651} INFO - DAG(s) dict_keys(['example_task_group_decorator']) retrieved from /home/ubuntu/airflow/airflow_env/lib/python3.8/site-packages/airflow/example_dags/example_task_group_decorator.py
[2022-06-27 05:11:17,303] {logging_mixin.py:115} INFO - [2022-06-27 05:11:17,303] {dag.py:2379} INFO - Sync 1 DAGs
[2022-06-27 05:11:17,335] {logging_mixin.py:115} INFO - [2022-06-27 05:11:17,335] {dag.py:2927} INFO - Setting next_dagrun for example_task_group_decorator to 2022-06-26T12:11:17.335483+00:00, run_after=2022-06-27T12:11:17.335483+00:00
[2022-06-27 05:11:17,357] {processor.py:161} INFO - Processing /home/ubuntu/airflow/airflow_env/lib/python3.8/site-packages/airflow/example_dags/example_task_group_decorator.py took 0.351 seconds
[2022-06-27 05:12:14,463] {processor.py:153} INFO - Started process (PID=151977) to work on /home/ubuntu/airflow/airflow_env/lib/python3.8/site-packages/airflow/example_dags/example_task_group_decorator.py
[2022-06-27 05:12:14,471] {processor.py:641} INFO - Processing file /home/ubuntu/airflow/airflow_env/lib/python3.8/site-packages/airflow/example_dags/example_task_group_decorator.py for tasks to queue
[2022-06-27 05:12:14,474] {logging_mixin.py:115} INFO - [2022-06-27 05:12:14,473] {dagbag.py:507} INFO - Filling up the DagBag from /home/ubuntu/airflow/airflow_env/lib/python3.8/site-packages/airflow/example_dags/example_task_group_decorator.py
[2022-06-27 05:12:14,621] {processor.py:651} INFO - DAG(s) dict_keys(['example_task_group_decorator']) retrieved from /home/ubuntu/airflow/airflow_env/lib/python3.8/site-packages/airflow/example_dags/example_task_group_decorator.py
[2022-06-27 05:12:14,797] {logging_mixin.py:115} INFO - [2022-06-27 05:12:14,797] {dag.py:2379} INFO - Sync 1 DAGs
[2022-06-27 05:12:14,874] {logging_mixin.py:115} INFO - [2022-06-27 05:12:14,873] {dag.py:2927} INFO - Setting next_dagrun for example_task_group_decorator to 2022-06-26T12:12:14.873379+00:00, run_after=2022-06-27T12:12:14.873379+00:00
[2022-06-27 05:12:14,932] {processor.py:161} INFO - Processing /home/ubuntu/airflow/airflow_env/lib/python3.8/site-packages/airflow/example_dags/example_task_group_decorator.py took 0.489 seconds
[2022-06-27 05:13:08,703] {processor.py:153} INFO - Started process (PID=152020) to work on /home/ubuntu/airflow/airflow_env/lib/python3.8/site-packages/airflow/example_dags/example_task_group_decorator.py
[2022-06-27 05:13:08,714] {processor.py:641} INFO - Processing file /home/ubuntu/airflow/airflow_env/lib/python3.8/site-packages/airflow/example_dags/example_task_group_decorator.py for tasks to queue
[2022-06-27 05:13:08,715] {logging_mixin.py:115} INFO - [2022-06-27 05:13:08,715] {dagbag.py:507} INFO - Filling up the DagBag from /home/ubuntu/airflow/airflow_env/lib/python3.8/site-packages/airflow/example_dags/example_task_group_decorator.py
[2022-06-27 05:13:08,949] {processor.py:651} INFO - DAG(s) dict_keys(['example_task_group_decorator']) retrieved from /home/ubuntu/airflow/airflow_env/lib/python3.8/site-packages/airflow/example_dags/example_task_group_decorator.py
[2022-06-27 05:13:09,041] {logging_mixin.py:115} INFO - [2022-06-27 05:13:09,041] {dag.py:2379} INFO - Sync 1 DAGs
[2022-06-27 05:13:09,144] {logging_mixin.py:115} INFO - [2022-06-27 05:13:09,144] {dag.py:2927} INFO - Setting next_dagrun for example_task_group_decorator to 2022-06-26T12:13:09.143618+00:00, run_after=2022-06-27T12:13:09.143618+00:00
[2022-06-27 05:13:09,201] {processor.py:161} INFO - Processing /home/ubuntu/airflow/airflow_env/lib/python3.8/site-packages/airflow/example_dags/example_task_group_decorator.py took 0.509 seconds
[2022-06-27 05:14:02,299] {processor.py:153} INFO - Started process (PID=152063) to work on /home/ubuntu/airflow/airflow_env/lib/python3.8/site-packages/airflow/example_dags/example_task_group_decorator.py
[2022-06-27 05:14:02,301] {processor.py:641} INFO - Processing file /home/ubuntu/airflow/airflow_env/lib/python3.8/site-packages/airflow/example_dags/example_task_group_decorator.py for tasks to queue
[2022-06-27 05:14:02,302] {logging_mixin.py:115} INFO - [2022-06-27 05:14:02,301] {dagbag.py:507} INFO - Filling up the DagBag from /home/ubuntu/airflow/airflow_env/lib/python3.8/site-packages/airflow/example_dags/example_task_group_decorator.py
[2022-06-27 05:14:02,388] {processor.py:651} INFO - DAG(s) dict_keys(['example_task_group_decorator']) retrieved from /home/ubuntu/airflow/airflow_env/lib/python3.8/site-packages/airflow/example_dags/example_task_group_decorator.py
[2022-06-27 05:14:02,476] {logging_mixin.py:115} INFO - [2022-06-27 05:14:02,476] {dag.py:2379} INFO - Sync 1 DAGs
[2022-06-27 05:14:02,553] {logging_mixin.py:115} INFO - [2022-06-27 05:14:02,552] {dag.py:2927} INFO - Setting next_dagrun for example_task_group_decorator to 2022-06-26T12:14:02.552647+00:00, run_after=2022-06-27T12:14:02.552647+00:00
[2022-06-27 05:14:02,600] {processor.py:161} INFO - Processing /home/ubuntu/airflow/airflow_env/lib/python3.8/site-packages/airflow/example_dags/example_task_group_decorator.py took 0.315 seconds
[2022-06-27 05:14:53,711] {processor.py:153} INFO - Started process (PID=152104) to work on /home/ubuntu/airflow/airflow_env/lib/python3.8/site-packages/airflow/example_dags/example_task_group_decorator.py
[2022-06-27 05:14:53,719] {processor.py:641} INFO - Processing file /home/ubuntu/airflow/airflow_env/lib/python3.8/site-packages/airflow/example_dags/example_task_group_decorator.py for tasks to queue
[2022-06-27 05:14:53,720] {logging_mixin.py:115} INFO - [2022-06-27 05:14:53,720] {dagbag.py:507} INFO - Filling up the DagBag from /home/ubuntu/airflow/airflow_env/lib/python3.8/site-packages/airflow/example_dags/example_task_group_decorator.py
[2022-06-27 05:14:53,844] {processor.py:651} INFO - DAG(s) dict_keys(['example_task_group_decorator']) retrieved from /home/ubuntu/airflow/airflow_env/lib/python3.8/site-packages/airflow/example_dags/example_task_group_decorator.py
[2022-06-27 05:14:54,287] {logging_mixin.py:115} INFO - [2022-06-27 05:14:54,286] {dag.py:2379} INFO - Sync 1 DAGs
[2022-06-27 05:14:54,401] {logging_mixin.py:115} INFO - [2022-06-27 05:14:54,400] {dag.py:2927} INFO - Setting next_dagrun for example_task_group_decorator to 2022-06-26T12:14:54.400267+00:00, run_after=2022-06-27T12:14:54.400267+00:00
[2022-06-27 05:14:54,487] {processor.py:161} INFO - Processing /home/ubuntu/airflow/airflow_env/lib/python3.8/site-packages/airflow/example_dags/example_task_group_decorator.py took 0.801 seconds
[2022-06-27 05:15:43,031] {processor.py:153} INFO - Started process (PID=152140) to work on /home/ubuntu/airflow/airflow_env/lib/python3.8/site-packages/airflow/example_dags/example_task_group_decorator.py
[2022-06-27 05:15:43,033] {processor.py:641} INFO - Processing file /home/ubuntu/airflow/airflow_env/lib/python3.8/site-packages/airflow/example_dags/example_task_group_decorator.py for tasks to queue
[2022-06-27 05:15:43,037] {logging_mixin.py:115} INFO - [2022-06-27 05:15:43,037] {dagbag.py:507} INFO - Filling up the DagBag from /home/ubuntu/airflow/airflow_env/lib/python3.8/site-packages/airflow/example_dags/example_task_group_decorator.py
[2022-06-27 05:15:43,229] {processor.py:651} INFO - DAG(s) dict_keys(['example_task_group_decorator']) retrieved from /home/ubuntu/airflow/airflow_env/lib/python3.8/site-packages/airflow/example_dags/example_task_group_decorator.py
[2022-06-27 05:15:43,620] {logging_mixin.py:115} INFO - [2022-06-27 05:15:43,620] {dag.py:2379} INFO - Sync 1 DAGs
[2022-06-27 05:15:43,674] {logging_mixin.py:115} INFO - [2022-06-27 05:15:43,674] {dag.py:2927} INFO - Setting next_dagrun for example_task_group_decorator to 2022-06-26T12:15:43.673667+00:00, run_after=2022-06-27T12:15:43.673667+00:00
[2022-06-27 05:15:43,723] {processor.py:161} INFO - Processing /home/ubuntu/airflow/airflow_env/lib/python3.8/site-packages/airflow/example_dags/example_task_group_decorator.py took 0.723 seconds
[2022-06-27 05:16:37,218] {processor.py:153} INFO - Started process (PID=152192) to work on /home/ubuntu/airflow/airflow_env/lib/python3.8/site-packages/airflow/example_dags/example_task_group_decorator.py
[2022-06-27 05:16:37,222] {processor.py:641} INFO - Processing file /home/ubuntu/airflow/airflow_env/lib/python3.8/site-packages/airflow/example_dags/example_task_group_decorator.py for tasks to queue
[2022-06-27 05:16:37,224] {logging_mixin.py:115} INFO - [2022-06-27 05:16:37,224] {dagbag.py:507} INFO - Filling up the DagBag from /home/ubuntu/airflow/airflow_env/lib/python3.8/site-packages/airflow/example_dags/example_task_group_decorator.py
[2022-06-27 05:16:37,380] {processor.py:651} INFO - DAG(s) dict_keys(['example_task_group_decorator']) retrieved from /home/ubuntu/airflow/airflow_env/lib/python3.8/site-packages/airflow/example_dags/example_task_group_decorator.py
[2022-06-27 05:16:37,467] {logging_mixin.py:115} INFO - [2022-06-27 05:16:37,467] {dag.py:2379} INFO - Sync 1 DAGs
[2022-06-27 05:16:37,505] {logging_mixin.py:115} INFO - [2022-06-27 05:16:37,505] {dag.py:2927} INFO - Setting next_dagrun for example_task_group_decorator to 2022-06-26T12:16:37.504885+00:00, run_after=2022-06-27T12:16:37.504885+00:00
[2022-06-27 05:16:37,544] {processor.py:161} INFO - Processing /home/ubuntu/airflow/airflow_env/lib/python3.8/site-packages/airflow/example_dags/example_task_group_decorator.py took 0.349 seconds
[2022-06-27 05:17:27,096] {processor.py:153} INFO - Started process (PID=152234) to work on /home/ubuntu/airflow/airflow_env/lib/python3.8/site-packages/airflow/example_dags/example_task_group_decorator.py
[2022-06-27 05:17:27,103] {processor.py:641} INFO - Processing file /home/ubuntu/airflow/airflow_env/lib/python3.8/site-packages/airflow/example_dags/example_task_group_decorator.py for tasks to queue
[2022-06-27 05:17:27,104] {logging_mixin.py:115} INFO - [2022-06-27 05:17:27,104] {dagbag.py:507} INFO - Filling up the DagBag from /home/ubuntu/airflow/airflow_env/lib/python3.8/site-packages/airflow/example_dags/example_task_group_decorator.py
[2022-06-27 05:17:27,188] {processor.py:651} INFO - DAG(s) dict_keys(['example_task_group_decorator']) retrieved from /home/ubuntu/airflow/airflow_env/lib/python3.8/site-packages/airflow/example_dags/example_task_group_decorator.py
[2022-06-27 05:17:27,383] {logging_mixin.py:115} INFO - [2022-06-27 05:17:27,383] {dag.py:2379} INFO - Sync 1 DAGs
[2022-06-27 05:17:27,467] {logging_mixin.py:115} INFO - [2022-06-27 05:17:27,467] {dag.py:2927} INFO - Setting next_dagrun for example_task_group_decorator to 2022-06-26T12:17:27.467008+00:00, run_after=2022-06-27T12:17:27.467008+00:00
[2022-06-27 05:17:27,517] {processor.py:161} INFO - Processing /home/ubuntu/airflow/airflow_env/lib/python3.8/site-packages/airflow/example_dags/example_task_group_decorator.py took 0.440 seconds
[2022-06-27 05:18:17,840] {processor.py:153} INFO - Started process (PID=152274) to work on /home/ubuntu/airflow/airflow_env/lib/python3.8/site-packages/airflow/example_dags/example_task_group_decorator.py
[2022-06-27 05:18:17,843] {processor.py:641} INFO - Processing file /home/ubuntu/airflow/airflow_env/lib/python3.8/site-packages/airflow/example_dags/example_task_group_decorator.py for tasks to queue
[2022-06-27 05:18:17,845] {logging_mixin.py:115} INFO - [2022-06-27 05:18:17,845] {dagbag.py:507} INFO - Filling up the DagBag from /home/ubuntu/airflow/airflow_env/lib/python3.8/site-packages/airflow/example_dags/example_task_group_decorator.py
[2022-06-27 05:18:17,995] {processor.py:651} INFO - DAG(s) dict_keys(['example_task_group_decorator']) retrieved from /home/ubuntu/airflow/airflow_env/lib/python3.8/site-packages/airflow/example_dags/example_task_group_decorator.py
[2022-06-27 05:18:18,048] {logging_mixin.py:115} INFO - [2022-06-27 05:18:18,047] {dag.py:2379} INFO - Sync 1 DAGs
[2022-06-27 05:18:18,103] {logging_mixin.py:115} INFO - [2022-06-27 05:18:18,103] {dag.py:2927} INFO - Setting next_dagrun for example_task_group_decorator to 2022-06-26T12:18:18.102764+00:00, run_after=2022-06-27T12:18:18.102764+00:00
[2022-06-27 05:18:18,157] {processor.py:161} INFO - Processing /home/ubuntu/airflow/airflow_env/lib/python3.8/site-packages/airflow/example_dags/example_task_group_decorator.py took 0.328 seconds
[2022-06-27 05:19:07,013] {processor.py:153} INFO - Started process (PID=152314) to work on /home/ubuntu/airflow/airflow_env/lib/python3.8/site-packages/airflow/example_dags/example_task_group_decorator.py
[2022-06-27 05:19:07,018] {processor.py:641} INFO - Processing file /home/ubuntu/airflow/airflow_env/lib/python3.8/site-packages/airflow/example_dags/example_task_group_decorator.py for tasks to queue
[2022-06-27 05:19:07,020] {logging_mixin.py:115} INFO - [2022-06-27 05:19:07,020] {dagbag.py:507} INFO - Filling up the DagBag from /home/ubuntu/airflow/airflow_env/lib/python3.8/site-packages/airflow/example_dags/example_task_group_decorator.py
[2022-06-27 05:19:07,097] {processor.py:651} INFO - DAG(s) dict_keys(['example_task_group_decorator']) retrieved from /home/ubuntu/airflow/airflow_env/lib/python3.8/site-packages/airflow/example_dags/example_task_group_decorator.py
[2022-06-27 05:19:07,218] {logging_mixin.py:115} INFO - [2022-06-27 05:19:07,218] {dag.py:2379} INFO - Sync 1 DAGs
[2022-06-27 05:19:07,317] {logging_mixin.py:115} INFO - [2022-06-27 05:19:07,316] {dag.py:2927} INFO - Setting next_dagrun for example_task_group_decorator to 2022-06-26T12:19:07.313607+00:00, run_after=2022-06-27T12:19:07.313607+00:00
[2022-06-27 05:19:07,380] {processor.py:161} INFO - Processing /home/ubuntu/airflow/airflow_env/lib/python3.8/site-packages/airflow/example_dags/example_task_group_decorator.py took 0.383 seconds
[2022-06-27 05:19:57,657] {processor.py:153} INFO - Started process (PID=152353) to work on /home/ubuntu/airflow/airflow_env/lib/python3.8/site-packages/airflow/example_dags/example_task_group_decorator.py
[2022-06-27 05:19:57,659] {processor.py:641} INFO - Processing file /home/ubuntu/airflow/airflow_env/lib/python3.8/site-packages/airflow/example_dags/example_task_group_decorator.py for tasks to queue
[2022-06-27 05:19:57,660] {logging_mixin.py:115} INFO - [2022-06-27 05:19:57,660] {dagbag.py:507} INFO - Filling up the DagBag from /home/ubuntu/airflow/airflow_env/lib/python3.8/site-packages/airflow/example_dags/example_task_group_decorator.py
[2022-06-27 05:19:57,764] {processor.py:651} INFO - DAG(s) dict_keys(['example_task_group_decorator']) retrieved from /home/ubuntu/airflow/airflow_env/lib/python3.8/site-packages/airflow/example_dags/example_task_group_decorator.py
[2022-06-27 05:19:57,813] {logging_mixin.py:115} INFO - [2022-06-27 05:19:57,812] {dag.py:2379} INFO - Sync 1 DAGs
[2022-06-27 05:19:57,880] {logging_mixin.py:115} INFO - [2022-06-27 05:19:57,880] {dag.py:2927} INFO - Setting next_dagrun for example_task_group_decorator to 2022-06-26T12:19:57.879821+00:00, run_after=2022-06-27T12:19:57.879821+00:00
[2022-06-27 05:19:57,912] {processor.py:161} INFO - Processing /home/ubuntu/airflow/airflow_env/lib/python3.8/site-packages/airflow/example_dags/example_task_group_decorator.py took 0.271 seconds
[2022-06-27 05:20:49,723] {processor.py:153} INFO - Started process (PID=152398) to work on /home/ubuntu/airflow/airflow_env/lib/python3.8/site-packages/airflow/example_dags/example_task_group_decorator.py
[2022-06-27 05:20:49,730] {processor.py:641} INFO - Processing file /home/ubuntu/airflow/airflow_env/lib/python3.8/site-packages/airflow/example_dags/example_task_group_decorator.py for tasks to queue
[2022-06-27 05:20:49,732] {logging_mixin.py:115} INFO - [2022-06-27 05:20:49,732] {dagbag.py:507} INFO - Filling up the DagBag from /home/ubuntu/airflow/airflow_env/lib/python3.8/site-packages/airflow/example_dags/example_task_group_decorator.py
[2022-06-27 05:20:49,992] {processor.py:651} INFO - DAG(s) dict_keys(['example_task_group_decorator']) retrieved from /home/ubuntu/airflow/airflow_env/lib/python3.8/site-packages/airflow/example_dags/example_task_group_decorator.py
[2022-06-27 05:20:50,067] {logging_mixin.py:115} INFO - [2022-06-27 05:20:50,067] {dag.py:2379} INFO - Sync 1 DAGs
[2022-06-27 05:20:50,103] {logging_mixin.py:115} INFO - [2022-06-27 05:20:50,103] {dag.py:2927} INFO - Setting next_dagrun for example_task_group_decorator to 2022-06-26T12:20:50.102864+00:00, run_after=2022-06-27T12:20:50.102864+00:00
[2022-06-27 05:20:50,144] {processor.py:161} INFO - Processing /home/ubuntu/airflow/airflow_env/lib/python3.8/site-packages/airflow/example_dags/example_task_group_decorator.py took 0.456 seconds
[2022-06-27 05:21:40,891] {processor.py:153} INFO - Started process (PID=152440) to work on /home/ubuntu/airflow/airflow_env/lib/python3.8/site-packages/airflow/example_dags/example_task_group_decorator.py
[2022-06-27 05:21:40,896] {processor.py:641} INFO - Processing file /home/ubuntu/airflow/airflow_env/lib/python3.8/site-packages/airflow/example_dags/example_task_group_decorator.py for tasks to queue
[2022-06-27 05:21:40,904] {logging_mixin.py:115} INFO - [2022-06-27 05:21:40,904] {dagbag.py:507} INFO - Filling up the DagBag from /home/ubuntu/airflow/airflow_env/lib/python3.8/site-packages/airflow/example_dags/example_task_group_decorator.py
[2022-06-27 05:21:41,080] {processor.py:651} INFO - DAG(s) dict_keys(['example_task_group_decorator']) retrieved from /home/ubuntu/airflow/airflow_env/lib/python3.8/site-packages/airflow/example_dags/example_task_group_decorator.py
[2022-06-27 05:21:41,136] {logging_mixin.py:115} INFO - [2022-06-27 05:21:41,136] {dag.py:2379} INFO - Sync 1 DAGs
[2022-06-27 05:21:41,163] {logging_mixin.py:115} INFO - [2022-06-27 05:21:41,163] {dag.py:2927} INFO - Setting next_dagrun for example_task_group_decorator to 2022-06-26T12:21:41.162574+00:00, run_after=2022-06-27T12:21:41.162574+00:00
[2022-06-27 05:21:41,188] {processor.py:161} INFO - Processing /home/ubuntu/airflow/airflow_env/lib/python3.8/site-packages/airflow/example_dags/example_task_group_decorator.py took 0.352 seconds
[2022-06-27 05:22:34,528] {processor.py:153} INFO - Started process (PID=152484) to work on /home/ubuntu/airflow/airflow_env/lib/python3.8/site-packages/airflow/example_dags/example_task_group_decorator.py
[2022-06-27 05:22:34,536] {processor.py:641} INFO - Processing file /home/ubuntu/airflow/airflow_env/lib/python3.8/site-packages/airflow/example_dags/example_task_group_decorator.py for tasks to queue
[2022-06-27 05:22:34,537] {logging_mixin.py:115} INFO - [2022-06-27 05:22:34,537] {dagbag.py:507} INFO - Filling up the DagBag from /home/ubuntu/airflow/airflow_env/lib/python3.8/site-packages/airflow/example_dags/example_task_group_decorator.py
[2022-06-27 05:22:34,676] {processor.py:651} INFO - DAG(s) dict_keys(['example_task_group_decorator']) retrieved from /home/ubuntu/airflow/airflow_env/lib/python3.8/site-packages/airflow/example_dags/example_task_group_decorator.py
[2022-06-27 05:22:34,780] {logging_mixin.py:115} INFO - [2022-06-27 05:22:34,780] {dag.py:2379} INFO - Sync 1 DAGs
[2022-06-27 05:22:34,854] {logging_mixin.py:115} INFO - [2022-06-27 05:22:34,854] {dag.py:2927} INFO - Setting next_dagrun for example_task_group_decorator to 2022-06-26T12:22:34.849459+00:00, run_after=2022-06-27T12:22:34.849459+00:00
[2022-06-27 05:22:34,956] {processor.py:161} INFO - Processing /home/ubuntu/airflow/airflow_env/lib/python3.8/site-packages/airflow/example_dags/example_task_group_decorator.py took 0.448 seconds
[2022-06-27 05:23:25,685] {processor.py:153} INFO - Started process (PID=152524) to work on /home/ubuntu/airflow/airflow_env/lib/python3.8/site-packages/airflow/example_dags/example_task_group_decorator.py
[2022-06-27 05:23:25,686] {processor.py:641} INFO - Processing file /home/ubuntu/airflow/airflow_env/lib/python3.8/site-packages/airflow/example_dags/example_task_group_decorator.py for tasks to queue
[2022-06-27 05:23:25,687] {logging_mixin.py:115} INFO - [2022-06-27 05:23:25,687] {dagbag.py:507} INFO - Filling up the DagBag from /home/ubuntu/airflow/airflow_env/lib/python3.8/site-packages/airflow/example_dags/example_task_group_decorator.py
[2022-06-27 05:23:25,788] {processor.py:651} INFO - DAG(s) dict_keys(['example_task_group_decorator']) retrieved from /home/ubuntu/airflow/airflow_env/lib/python3.8/site-packages/airflow/example_dags/example_task_group_decorator.py
[2022-06-27 05:23:25,839] {logging_mixin.py:115} INFO - [2022-06-27 05:23:25,839] {dag.py:2379} INFO - Sync 1 DAGs
[2022-06-27 05:23:25,883] {logging_mixin.py:115} INFO - [2022-06-27 05:23:25,883] {dag.py:2927} INFO - Setting next_dagrun for example_task_group_decorator to 2022-06-26T12:23:25.882711+00:00, run_after=2022-06-27T12:23:25.882711+00:00
[2022-06-27 05:23:25,911] {processor.py:161} INFO - Processing /home/ubuntu/airflow/airflow_env/lib/python3.8/site-packages/airflow/example_dags/example_task_group_decorator.py took 0.232 seconds
[2022-06-27 05:24:13,107] {processor.py:153} INFO - Started process (PID=152570) to work on /home/ubuntu/airflow/airflow_env/lib/python3.8/site-packages/airflow/example_dags/example_task_group_decorator.py
[2022-06-27 05:24:13,114] {processor.py:641} INFO - Processing file /home/ubuntu/airflow/airflow_env/lib/python3.8/site-packages/airflow/example_dags/example_task_group_decorator.py for tasks to queue
[2022-06-27 05:24:13,116] {logging_mixin.py:115} INFO - [2022-06-27 05:24:13,116] {dagbag.py:507} INFO - Filling up the DagBag from /home/ubuntu/airflow/airflow_env/lib/python3.8/site-packages/airflow/example_dags/example_task_group_decorator.py
[2022-06-27 05:24:13,276] {processor.py:651} INFO - DAG(s) dict_keys(['example_task_group_decorator']) retrieved from /home/ubuntu/airflow/airflow_env/lib/python3.8/site-packages/airflow/example_dags/example_task_group_decorator.py
[2022-06-27 05:24:13,330] {logging_mixin.py:115} INFO - [2022-06-27 05:24:13,330] {dag.py:2379} INFO - Sync 1 DAGs
[2022-06-27 05:24:13,370] {logging_mixin.py:115} INFO - [2022-06-27 05:24:13,370] {dag.py:2927} INFO - Setting next_dagrun for example_task_group_decorator to 2022-06-26T12:24:13.369996+00:00, run_after=2022-06-27T12:24:13.369996+00:00
[2022-06-27 05:24:13,429] {processor.py:161} INFO - Processing /home/ubuntu/airflow/airflow_env/lib/python3.8/site-packages/airflow/example_dags/example_task_group_decorator.py took 0.353 seconds
[2022-06-27 05:25:01,248] {processor.py:153} INFO - Started process (PID=152606) to work on /home/ubuntu/airflow/airflow_env/lib/python3.8/site-packages/airflow/example_dags/example_task_group_decorator.py
[2022-06-27 05:25:01,251] {processor.py:641} INFO - Processing file /home/ubuntu/airflow/airflow_env/lib/python3.8/site-packages/airflow/example_dags/example_task_group_decorator.py for tasks to queue
[2022-06-27 05:25:01,252] {logging_mixin.py:115} INFO - [2022-06-27 05:25:01,252] {dagbag.py:507} INFO - Filling up the DagBag from /home/ubuntu/airflow/airflow_env/lib/python3.8/site-packages/airflow/example_dags/example_task_group_decorator.py
[2022-06-27 05:25:01,440] {processor.py:651} INFO - DAG(s) dict_keys(['example_task_group_decorator']) retrieved from /home/ubuntu/airflow/airflow_env/lib/python3.8/site-packages/airflow/example_dags/example_task_group_decorator.py
[2022-06-27 05:25:01,477] {logging_mixin.py:115} INFO - [2022-06-27 05:25:01,477] {dag.py:2379} INFO - Sync 1 DAGs
[2022-06-27 05:25:01,510] {logging_mixin.py:115} INFO - [2022-06-27 05:25:01,510] {dag.py:2927} INFO - Setting next_dagrun for example_task_group_decorator to 2022-06-26T12:25:01.509597+00:00, run_after=2022-06-27T12:25:01.509597+00:00
[2022-06-27 05:25:01,543] {processor.py:161} INFO - Processing /home/ubuntu/airflow/airflow_env/lib/python3.8/site-packages/airflow/example_dags/example_task_group_decorator.py took 0.314 seconds
[2022-06-27 05:25:55,364] {processor.py:153} INFO - Started process (PID=152645) to work on /home/ubuntu/airflow/airflow_env/lib/python3.8/site-packages/airflow/example_dags/example_task_group_decorator.py
[2022-06-27 05:25:55,367] {processor.py:641} INFO - Processing file /home/ubuntu/airflow/airflow_env/lib/python3.8/site-packages/airflow/example_dags/example_task_group_decorator.py for tasks to queue
[2022-06-27 05:25:55,368] {logging_mixin.py:115} INFO - [2022-06-27 05:25:55,368] {dagbag.py:507} INFO - Filling up the DagBag from /home/ubuntu/airflow/airflow_env/lib/python3.8/site-packages/airflow/example_dags/example_task_group_decorator.py
[2022-06-27 05:25:55,451] {processor.py:651} INFO - DAG(s) dict_keys(['example_task_group_decorator']) retrieved from /home/ubuntu/airflow/airflow_env/lib/python3.8/site-packages/airflow/example_dags/example_task_group_decorator.py
[2022-06-27 05:25:55,681] {logging_mixin.py:115} INFO - [2022-06-27 05:25:55,681] {dag.py:2379} INFO - Sync 1 DAGs
[2022-06-27 05:25:55,813] {logging_mixin.py:115} INFO - [2022-06-27 05:25:55,813] {dag.py:2927} INFO - Setting next_dagrun for example_task_group_decorator to 2022-06-26T12:25:55.812743+00:00, run_after=2022-06-27T12:25:55.812743+00:00
[2022-06-27 05:25:55,924] {processor.py:161} INFO - Processing /home/ubuntu/airflow/airflow_env/lib/python3.8/site-packages/airflow/example_dags/example_task_group_decorator.py took 0.579 seconds
[2022-06-27 05:26:39,987] {processor.py:153} INFO - Started process (PID=152681) to work on /home/ubuntu/airflow/airflow_env/lib/python3.8/site-packages/airflow/example_dags/example_task_group_decorator.py
[2022-06-27 05:26:39,991] {processor.py:641} INFO - Processing file /home/ubuntu/airflow/airflow_env/lib/python3.8/site-packages/airflow/example_dags/example_task_group_decorator.py for tasks to queue
[2022-06-27 05:26:39,993] {logging_mixin.py:115} INFO - [2022-06-27 05:26:39,993] {dagbag.py:507} INFO - Filling up the DagBag from /home/ubuntu/airflow/airflow_env/lib/python3.8/site-packages/airflow/example_dags/example_task_group_decorator.py
[2022-06-27 05:26:40,172] {processor.py:651} INFO - DAG(s) dict_keys(['example_task_group_decorator']) retrieved from /home/ubuntu/airflow/airflow_env/lib/python3.8/site-packages/airflow/example_dags/example_task_group_decorator.py
[2022-06-27 05:26:40,254] {logging_mixin.py:115} INFO - [2022-06-27 05:26:40,254] {dag.py:2379} INFO - Sync 1 DAGs
[2022-06-27 05:26:40,305] {logging_mixin.py:115} INFO - [2022-06-27 05:26:40,305] {dag.py:2927} INFO - Setting next_dagrun for example_task_group_decorator to 2022-06-26T12:26:40.305200+00:00, run_after=2022-06-27T12:26:40.305200+00:00
[2022-06-27 05:26:40,361] {processor.py:161} INFO - Processing /home/ubuntu/airflow/airflow_env/lib/python3.8/site-packages/airflow/example_dags/example_task_group_decorator.py took 0.386 seconds
[2022-06-27 05:27:25,146] {processor.py:153} INFO - Started process (PID=152720) to work on /home/ubuntu/airflow/airflow_env/lib/python3.8/site-packages/airflow/example_dags/example_task_group_decorator.py
[2022-06-27 05:27:25,148] {processor.py:641} INFO - Processing file /home/ubuntu/airflow/airflow_env/lib/python3.8/site-packages/airflow/example_dags/example_task_group_decorator.py for tasks to queue
[2022-06-27 05:27:25,150] {logging_mixin.py:115} INFO - [2022-06-27 05:27:25,150] {dagbag.py:507} INFO - Filling up the DagBag from /home/ubuntu/airflow/airflow_env/lib/python3.8/site-packages/airflow/example_dags/example_task_group_decorator.py
[2022-06-27 05:27:25,234] {processor.py:651} INFO - DAG(s) dict_keys(['example_task_group_decorator']) retrieved from /home/ubuntu/airflow/airflow_env/lib/python3.8/site-packages/airflow/example_dags/example_task_group_decorator.py
[2022-06-27 05:27:25,334] {logging_mixin.py:115} INFO - [2022-06-27 05:27:25,333] {dag.py:2379} INFO - Sync 1 DAGs
[2022-06-27 05:27:25,376] {logging_mixin.py:115} INFO - [2022-06-27 05:27:25,376] {dag.py:2927} INFO - Setting next_dagrun for example_task_group_decorator to 2022-06-26T12:27:25.375956+00:00, run_after=2022-06-27T12:27:25.375956+00:00
[2022-06-27 05:27:25,423] {processor.py:161} INFO - Processing /home/ubuntu/airflow/airflow_env/lib/python3.8/site-packages/airflow/example_dags/example_task_group_decorator.py took 0.301 seconds
[2022-06-27 05:28:16,010] {processor.py:153} INFO - Started process (PID=152783) to work on /home/ubuntu/airflow/airflow_env/lib/python3.8/site-packages/airflow/example_dags/example_task_group_decorator.py
[2022-06-27 05:28:16,014] {processor.py:641} INFO - Processing file /home/ubuntu/airflow/airflow_env/lib/python3.8/site-packages/airflow/example_dags/example_task_group_decorator.py for tasks to queue
[2022-06-27 05:28:16,016] {logging_mixin.py:115} INFO - [2022-06-27 05:28:16,016] {dagbag.py:507} INFO - Filling up the DagBag from /home/ubuntu/airflow/airflow_env/lib/python3.8/site-packages/airflow/example_dags/example_task_group_decorator.py
[2022-06-27 05:28:16,249] {processor.py:651} INFO - DAG(s) dict_keys(['example_task_group_decorator']) retrieved from /home/ubuntu/airflow/airflow_env/lib/python3.8/site-packages/airflow/example_dags/example_task_group_decorator.py
[2022-06-27 05:28:16,324] {logging_mixin.py:115} INFO - [2022-06-27 05:28:16,324] {dag.py:2379} INFO - Sync 1 DAGs
[2022-06-27 05:28:16,408] {logging_mixin.py:115} INFO - [2022-06-27 05:28:16,407] {dag.py:2927} INFO - Setting next_dagrun for example_task_group_decorator to 2022-06-26T12:28:16.403937+00:00, run_after=2022-06-27T12:28:16.403937+00:00
[2022-06-27 05:28:16,492] {processor.py:161} INFO - Processing /home/ubuntu/airflow/airflow_env/lib/python3.8/site-packages/airflow/example_dags/example_task_group_decorator.py took 0.514 seconds
[2022-06-27 05:29:11,680] {processor.py:153} INFO - Started process (PID=152826) to work on /home/ubuntu/airflow/airflow_env/lib/python3.8/site-packages/airflow/example_dags/example_task_group_decorator.py
[2022-06-27 05:29:11,687] {processor.py:641} INFO - Processing file /home/ubuntu/airflow/airflow_env/lib/python3.8/site-packages/airflow/example_dags/example_task_group_decorator.py for tasks to queue
[2022-06-27 05:29:11,693] {logging_mixin.py:115} INFO - [2022-06-27 05:29:11,692] {dagbag.py:507} INFO - Filling up the DagBag from /home/ubuntu/airflow/airflow_env/lib/python3.8/site-packages/airflow/example_dags/example_task_group_decorator.py
[2022-06-27 05:29:11,849] {processor.py:651} INFO - DAG(s) dict_keys(['example_task_group_decorator']) retrieved from /home/ubuntu/airflow/airflow_env/lib/python3.8/site-packages/airflow/example_dags/example_task_group_decorator.py
[2022-06-27 05:29:11,921] {logging_mixin.py:115} INFO - [2022-06-27 05:29:11,921] {dag.py:2379} INFO - Sync 1 DAGs
[2022-06-27 05:29:11,977] {logging_mixin.py:115} INFO - [2022-06-27 05:29:11,977] {dag.py:2927} INFO - Setting next_dagrun for example_task_group_decorator to 2022-06-26T12:29:11.976788+00:00, run_after=2022-06-27T12:29:11.976788+00:00
[2022-06-27 05:29:12,008] {processor.py:161} INFO - Processing /home/ubuntu/airflow/airflow_env/lib/python3.8/site-packages/airflow/example_dags/example_task_group_decorator.py took 0.359 seconds
[2022-06-27 05:30:10,745] {processor.py:153} INFO - Started process (PID=152902) to work on /home/ubuntu/airflow/airflow_env/lib/python3.8/site-packages/airflow/example_dags/example_task_group_decorator.py
[2022-06-27 05:30:10,747] {processor.py:641} INFO - Processing file /home/ubuntu/airflow/airflow_env/lib/python3.8/site-packages/airflow/example_dags/example_task_group_decorator.py for tasks to queue
[2022-06-27 05:30:10,749] {logging_mixin.py:115} INFO - [2022-06-27 05:30:10,749] {dagbag.py:507} INFO - Filling up the DagBag from /home/ubuntu/airflow/airflow_env/lib/python3.8/site-packages/airflow/example_dags/example_task_group_decorator.py
[2022-06-27 05:30:10,810] {processor.py:651} INFO - DAG(s) dict_keys(['example_task_group_decorator']) retrieved from /home/ubuntu/airflow/airflow_env/lib/python3.8/site-packages/airflow/example_dags/example_task_group_decorator.py
[2022-06-27 05:30:10,944] {logging_mixin.py:115} INFO - [2022-06-27 05:30:10,944] {dag.py:2379} INFO - Sync 1 DAGs
[2022-06-27 05:30:11,042] {logging_mixin.py:115} INFO - [2022-06-27 05:30:11,042] {dag.py:2927} INFO - Setting next_dagrun for example_task_group_decorator to 2022-06-26T12:30:11.037425+00:00, run_after=2022-06-27T12:30:11.037425+00:00
[2022-06-27 05:30:11,099] {processor.py:161} INFO - Processing /home/ubuntu/airflow/airflow_env/lib/python3.8/site-packages/airflow/example_dags/example_task_group_decorator.py took 0.367 seconds
[2022-06-27 05:31:04,939] {processor.py:153} INFO - Started process (PID=152943) to work on /home/ubuntu/airflow/airflow_env/lib/python3.8/site-packages/airflow/example_dags/example_task_group_decorator.py
[2022-06-27 05:31:04,944] {processor.py:641} INFO - Processing file /home/ubuntu/airflow/airflow_env/lib/python3.8/site-packages/airflow/example_dags/example_task_group_decorator.py for tasks to queue
[2022-06-27 05:31:04,946] {logging_mixin.py:115} INFO - [2022-06-27 05:31:04,946] {dagbag.py:507} INFO - Filling up the DagBag from /home/ubuntu/airflow/airflow_env/lib/python3.8/site-packages/airflow/example_dags/example_task_group_decorator.py
[2022-06-27 05:31:05,046] {processor.py:651} INFO - DAG(s) dict_keys(['example_task_group_decorator']) retrieved from /home/ubuntu/airflow/airflow_env/lib/python3.8/site-packages/airflow/example_dags/example_task_group_decorator.py
[2022-06-27 05:31:05,102] {logging_mixin.py:115} INFO - [2022-06-27 05:31:05,102] {dag.py:2379} INFO - Sync 1 DAGs
[2022-06-27 05:31:05,154] {logging_mixin.py:115} INFO - [2022-06-27 05:31:05,154] {dag.py:2927} INFO - Setting next_dagrun for example_task_group_decorator to 2022-06-26T12:31:05.153976+00:00, run_after=2022-06-27T12:31:05.153976+00:00
[2022-06-27 05:31:05,173] {processor.py:161} INFO - Processing /home/ubuntu/airflow/airflow_env/lib/python3.8/site-packages/airflow/example_dags/example_task_group_decorator.py took 0.251 seconds
[2022-06-27 05:31:52,142] {processor.py:153} INFO - Started process (PID=152993) to work on /home/ubuntu/airflow/airflow_env/lib/python3.8/site-packages/airflow/example_dags/example_task_group_decorator.py
[2022-06-27 05:31:52,143] {processor.py:641} INFO - Processing file /home/ubuntu/airflow/airflow_env/lib/python3.8/site-packages/airflow/example_dags/example_task_group_decorator.py for tasks to queue
[2022-06-27 05:31:52,144] {logging_mixin.py:115} INFO - [2022-06-27 05:31:52,144] {dagbag.py:507} INFO - Filling up the DagBag from /home/ubuntu/airflow/airflow_env/lib/python3.8/site-packages/airflow/example_dags/example_task_group_decorator.py
[2022-06-27 05:31:52,185] {processor.py:651} INFO - DAG(s) dict_keys(['example_task_group_decorator']) retrieved from /home/ubuntu/airflow/airflow_env/lib/python3.8/site-packages/airflow/example_dags/example_task_group_decorator.py
[2022-06-27 05:31:52,213] {logging_mixin.py:115} INFO - [2022-06-27 05:31:52,213] {dag.py:2379} INFO - Sync 1 DAGs
[2022-06-27 05:31:52,235] {logging_mixin.py:115} INFO - [2022-06-27 05:31:52,234] {dag.py:2927} INFO - Setting next_dagrun for example_task_group_decorator to 2022-06-26T12:31:52.234604+00:00, run_after=2022-06-27T12:31:52.234604+00:00
[2022-06-27 05:31:52,253] {processor.py:161} INFO - Processing /home/ubuntu/airflow/airflow_env/lib/python3.8/site-packages/airflow/example_dags/example_task_group_decorator.py took 0.118 seconds
[2022-06-27 05:32:38,593] {processor.py:153} INFO - Started process (PID=153035) to work on /home/ubuntu/airflow/airflow_env/lib/python3.8/site-packages/airflow/example_dags/example_task_group_decorator.py
[2022-06-27 05:32:38,595] {processor.py:641} INFO - Processing file /home/ubuntu/airflow/airflow_env/lib/python3.8/site-packages/airflow/example_dags/example_task_group_decorator.py for tasks to queue
[2022-06-27 05:32:38,595] {logging_mixin.py:115} INFO - [2022-06-27 05:32:38,595] {dagbag.py:507} INFO - Filling up the DagBag from /home/ubuntu/airflow/airflow_env/lib/python3.8/site-packages/airflow/example_dags/example_task_group_decorator.py
[2022-06-27 05:32:38,656] {processor.py:651} INFO - DAG(s) dict_keys(['example_task_group_decorator']) retrieved from /home/ubuntu/airflow/airflow_env/lib/python3.8/site-packages/airflow/example_dags/example_task_group_decorator.py
[2022-06-27 05:32:38,839] {logging_mixin.py:115} INFO - [2022-06-27 05:32:38,838] {dag.py:2379} INFO - Sync 1 DAGs
[2022-06-27 05:32:38,862] {logging_mixin.py:115} INFO - [2022-06-27 05:32:38,862] {dag.py:2927} INFO - Setting next_dagrun for example_task_group_decorator to 2022-06-26T12:32:38.862441+00:00, run_after=2022-06-27T12:32:38.862441+00:00
[2022-06-27 05:32:38,891] {processor.py:161} INFO - Processing /home/ubuntu/airflow/airflow_env/lib/python3.8/site-packages/airflow/example_dags/example_task_group_decorator.py took 0.310 seconds
[2022-06-27 05:33:25,028] {processor.py:153} INFO - Started process (PID=153071) to work on /home/ubuntu/airflow/airflow_env/lib/python3.8/site-packages/airflow/example_dags/example_task_group_decorator.py
[2022-06-27 05:33:25,029] {processor.py:641} INFO - Processing file /home/ubuntu/airflow/airflow_env/lib/python3.8/site-packages/airflow/example_dags/example_task_group_decorator.py for tasks to queue
[2022-06-27 05:33:25,030] {logging_mixin.py:115} INFO - [2022-06-27 05:33:25,030] {dagbag.py:507} INFO - Filling up the DagBag from /home/ubuntu/airflow/airflow_env/lib/python3.8/site-packages/airflow/example_dags/example_task_group_decorator.py
[2022-06-27 05:33:25,110] {processor.py:651} INFO - DAG(s) dict_keys(['example_task_group_decorator']) retrieved from /home/ubuntu/airflow/airflow_env/lib/python3.8/site-packages/airflow/example_dags/example_task_group_decorator.py
[2022-06-27 05:33:25,265] {logging_mixin.py:115} INFO - [2022-06-27 05:33:25,264] {dag.py:2379} INFO - Sync 1 DAGs
[2022-06-27 05:33:25,399] {logging_mixin.py:115} INFO - [2022-06-27 05:33:25,398] {dag.py:2927} INFO - Setting next_dagrun for example_task_group_decorator to 2022-06-26T12:33:25.397049+00:00, run_after=2022-06-27T12:33:25.397049+00:00
[2022-06-27 05:33:25,489] {processor.py:161} INFO - Processing /home/ubuntu/airflow/airflow_env/lib/python3.8/site-packages/airflow/example_dags/example_task_group_decorator.py took 0.472 seconds
[2022-06-27 05:34:15,191] {processor.py:153} INFO - Started process (PID=153112) to work on /home/ubuntu/airflow/airflow_env/lib/python3.8/site-packages/airflow/example_dags/example_task_group_decorator.py
[2022-06-27 05:34:15,198] {processor.py:641} INFO - Processing file /home/ubuntu/airflow/airflow_env/lib/python3.8/site-packages/airflow/example_dags/example_task_group_decorator.py for tasks to queue
[2022-06-27 05:34:15,200] {logging_mixin.py:115} INFO - [2022-06-27 05:34:15,199] {dagbag.py:507} INFO - Filling up the DagBag from /home/ubuntu/airflow/airflow_env/lib/python3.8/site-packages/airflow/example_dags/example_task_group_decorator.py
[2022-06-27 05:34:15,337] {processor.py:651} INFO - DAG(s) dict_keys(['example_task_group_decorator']) retrieved from /home/ubuntu/airflow/airflow_env/lib/python3.8/site-packages/airflow/example_dags/example_task_group_decorator.py
[2022-06-27 05:34:15,379] {logging_mixin.py:115} INFO - [2022-06-27 05:34:15,379] {dag.py:2379} INFO - Sync 1 DAGs
[2022-06-27 05:34:15,404] {logging_mixin.py:115} INFO - [2022-06-27 05:34:15,404] {dag.py:2927} INFO - Setting next_dagrun for example_task_group_decorator to 2022-06-26T12:34:15.403336+00:00, run_after=2022-06-27T12:34:15.403336+00:00
[2022-06-27 05:34:15,438] {processor.py:161} INFO - Processing /home/ubuntu/airflow/airflow_env/lib/python3.8/site-packages/airflow/example_dags/example_task_group_decorator.py took 0.283 seconds
[2022-06-27 05:35:03,777] {processor.py:153} INFO - Started process (PID=153153) to work on /home/ubuntu/airflow/airflow_env/lib/python3.8/site-packages/airflow/example_dags/example_task_group_decorator.py
[2022-06-27 05:35:03,778] {processor.py:641} INFO - Processing file /home/ubuntu/airflow/airflow_env/lib/python3.8/site-packages/airflow/example_dags/example_task_group_decorator.py for tasks to queue
[2022-06-27 05:35:03,779] {logging_mixin.py:115} INFO - [2022-06-27 05:35:03,779] {dagbag.py:507} INFO - Filling up the DagBag from /home/ubuntu/airflow/airflow_env/lib/python3.8/site-packages/airflow/example_dags/example_task_group_decorator.py
[2022-06-27 05:35:03,855] {processor.py:651} INFO - DAG(s) dict_keys(['example_task_group_decorator']) retrieved from /home/ubuntu/airflow/airflow_env/lib/python3.8/site-packages/airflow/example_dags/example_task_group_decorator.py
[2022-06-27 05:35:03,982] {logging_mixin.py:115} INFO - [2022-06-27 05:35:03,982] {dag.py:2379} INFO - Sync 1 DAGs
[2022-06-27 05:35:04,073] {logging_mixin.py:115} INFO - [2022-06-27 05:35:04,073] {dag.py:2927} INFO - Setting next_dagrun for example_task_group_decorator to 2022-06-26T12:35:04.072102+00:00, run_after=2022-06-27T12:35:04.072102+00:00
[2022-06-27 05:35:04,122] {processor.py:161} INFO - Processing /home/ubuntu/airflow/airflow_env/lib/python3.8/site-packages/airflow/example_dags/example_task_group_decorator.py took 0.363 seconds
[2022-06-27 05:35:56,272] {processor.py:153} INFO - Started process (PID=153199) to work on /home/ubuntu/airflow/airflow_env/lib/python3.8/site-packages/airflow/example_dags/example_task_group_decorator.py
[2022-06-27 05:35:56,274] {processor.py:641} INFO - Processing file /home/ubuntu/airflow/airflow_env/lib/python3.8/site-packages/airflow/example_dags/example_task_group_decorator.py for tasks to queue
[2022-06-27 05:35:56,275] {logging_mixin.py:115} INFO - [2022-06-27 05:35:56,275] {dagbag.py:507} INFO - Filling up the DagBag from /home/ubuntu/airflow/airflow_env/lib/python3.8/site-packages/airflow/example_dags/example_task_group_decorator.py
[2022-06-27 05:35:56,356] {processor.py:651} INFO - DAG(s) dict_keys(['example_task_group_decorator']) retrieved from /home/ubuntu/airflow/airflow_env/lib/python3.8/site-packages/airflow/example_dags/example_task_group_decorator.py
[2022-06-27 05:35:56,390] {logging_mixin.py:115} INFO - [2022-06-27 05:35:56,390] {dag.py:2379} INFO - Sync 1 DAGs
[2022-06-27 05:35:56,460] {logging_mixin.py:115} INFO - [2022-06-27 05:35:56,460] {dag.py:2927} INFO - Setting next_dagrun for example_task_group_decorator to 2022-06-26T12:35:56.460007+00:00, run_after=2022-06-27T12:35:56.460007+00:00
[2022-06-27 05:35:56,485] {processor.py:161} INFO - Processing /home/ubuntu/airflow/airflow_env/lib/python3.8/site-packages/airflow/example_dags/example_task_group_decorator.py took 0.233 seconds
[2022-06-27 05:36:47,710] {processor.py:153} INFO - Started process (PID=153248) to work on /home/ubuntu/airflow/airflow_env/lib/python3.8/site-packages/airflow/example_dags/example_task_group_decorator.py
[2022-06-27 05:36:47,711] {processor.py:641} INFO - Processing file /home/ubuntu/airflow/airflow_env/lib/python3.8/site-packages/airflow/example_dags/example_task_group_decorator.py for tasks to queue
[2022-06-27 05:36:47,712] {logging_mixin.py:115} INFO - [2022-06-27 05:36:47,712] {dagbag.py:507} INFO - Filling up the DagBag from /home/ubuntu/airflow/airflow_env/lib/python3.8/site-packages/airflow/example_dags/example_task_group_decorator.py
[2022-06-27 05:36:47,776] {processor.py:651} INFO - DAG(s) dict_keys(['example_task_group_decorator']) retrieved from /home/ubuntu/airflow/airflow_env/lib/python3.8/site-packages/airflow/example_dags/example_task_group_decorator.py
[2022-06-27 05:36:47,907] {logging_mixin.py:115} INFO - [2022-06-27 05:36:47,905] {dag.py:2379} INFO - Sync 1 DAGs
[2022-06-27 05:36:47,997] {logging_mixin.py:115} INFO - [2022-06-27 05:36:47,996] {dag.py:2927} INFO - Setting next_dagrun for example_task_group_decorator to 2022-06-26T12:36:47.995698+00:00, run_after=2022-06-27T12:36:47.995698+00:00
[2022-06-27 05:36:48,110] {processor.py:161} INFO - Processing /home/ubuntu/airflow/airflow_env/lib/python3.8/site-packages/airflow/example_dags/example_task_group_decorator.py took 0.409 seconds
[2022-06-27 05:37:40,498] {processor.py:153} INFO - Started process (PID=153287) to work on /home/ubuntu/airflow/airflow_env/lib/python3.8/site-packages/airflow/example_dags/example_task_group_decorator.py
[2022-06-27 05:37:40,500] {processor.py:641} INFO - Processing file /home/ubuntu/airflow/airflow_env/lib/python3.8/site-packages/airflow/example_dags/example_task_group_decorator.py for tasks to queue
[2022-06-27 05:37:40,502] {logging_mixin.py:115} INFO - [2022-06-27 05:37:40,502] {dagbag.py:507} INFO - Filling up the DagBag from /home/ubuntu/airflow/airflow_env/lib/python3.8/site-packages/airflow/example_dags/example_task_group_decorator.py
[2022-06-27 05:37:40,583] {processor.py:651} INFO - DAG(s) dict_keys(['example_task_group_decorator']) retrieved from /home/ubuntu/airflow/airflow_env/lib/python3.8/site-packages/airflow/example_dags/example_task_group_decorator.py
[2022-06-27 05:37:40,756] {logging_mixin.py:115} INFO - [2022-06-27 05:37:40,756] {dag.py:2379} INFO - Sync 1 DAGs
[2022-06-27 05:37:40,782] {logging_mixin.py:115} INFO - [2022-06-27 05:37:40,782] {dag.py:2927} INFO - Setting next_dagrun for example_task_group_decorator to 2022-06-26T12:37:40.775615+00:00, run_after=2022-06-27T12:37:40.775615+00:00
[2022-06-27 05:37:40,867] {processor.py:161} INFO - Processing /home/ubuntu/airflow/airflow_env/lib/python3.8/site-packages/airflow/example_dags/example_task_group_decorator.py took 0.382 seconds
[2022-06-27 05:38:30,142] {processor.py:153} INFO - Started process (PID=153326) to work on /home/ubuntu/airflow/airflow_env/lib/python3.8/site-packages/airflow/example_dags/example_task_group_decorator.py
[2022-06-27 05:38:30,144] {processor.py:641} INFO - Processing file /home/ubuntu/airflow/airflow_env/lib/python3.8/site-packages/airflow/example_dags/example_task_group_decorator.py for tasks to queue
[2022-06-27 05:38:30,144] {logging_mixin.py:115} INFO - [2022-06-27 05:38:30,144] {dagbag.py:507} INFO - Filling up the DagBag from /home/ubuntu/airflow/airflow_env/lib/python3.8/site-packages/airflow/example_dags/example_task_group_decorator.py
[2022-06-27 05:38:30,322] {processor.py:651} INFO - DAG(s) dict_keys(['example_task_group_decorator']) retrieved from /home/ubuntu/airflow/airflow_env/lib/python3.8/site-packages/airflow/example_dags/example_task_group_decorator.py
[2022-06-27 05:38:30,444] {logging_mixin.py:115} INFO - [2022-06-27 05:38:30,444] {dag.py:2379} INFO - Sync 1 DAGs
[2022-06-27 05:38:30,573] {logging_mixin.py:115} INFO - [2022-06-27 05:38:30,572] {dag.py:2927} INFO - Setting next_dagrun for example_task_group_decorator to 2022-06-26T12:38:30.571208+00:00, run_after=2022-06-27T12:38:30.571208+00:00
[2022-06-27 05:38:30,708] {processor.py:161} INFO - Processing /home/ubuntu/airflow/airflow_env/lib/python3.8/site-packages/airflow/example_dags/example_task_group_decorator.py took 0.578 seconds
[2022-06-27 05:39:11,805] {processor.py:153} INFO - Started process (PID=153362) to work on /home/ubuntu/airflow/airflow_env/lib/python3.8/site-packages/airflow/example_dags/example_task_group_decorator.py
[2022-06-27 05:39:11,807] {processor.py:641} INFO - Processing file /home/ubuntu/airflow/airflow_env/lib/python3.8/site-packages/airflow/example_dags/example_task_group_decorator.py for tasks to queue
[2022-06-27 05:39:11,808] {logging_mixin.py:115} INFO - [2022-06-27 05:39:11,808] {dagbag.py:507} INFO - Filling up the DagBag from /home/ubuntu/airflow/airflow_env/lib/python3.8/site-packages/airflow/example_dags/example_task_group_decorator.py
[2022-06-27 05:39:12,039] {processor.py:651} INFO - DAG(s) dict_keys(['example_task_group_decorator']) retrieved from /home/ubuntu/airflow/airflow_env/lib/python3.8/site-packages/airflow/example_dags/example_task_group_decorator.py
[2022-06-27 05:39:12,086] {logging_mixin.py:115} INFO - [2022-06-27 05:39:12,086] {dag.py:2379} INFO - Sync 1 DAGs
[2022-06-27 05:39:12,223] {logging_mixin.py:115} INFO - [2022-06-27 05:39:12,223] {dag.py:2927} INFO - Setting next_dagrun for example_task_group_decorator to 2022-06-26T12:39:12.222319+00:00, run_after=2022-06-27T12:39:12.222319+00:00
[2022-06-27 05:39:12,275] {processor.py:161} INFO - Processing /home/ubuntu/airflow/airflow_env/lib/python3.8/site-packages/airflow/example_dags/example_task_group_decorator.py took 0.476 seconds
