[2022-06-27 04:49:44,278] {processor.py:153} INFO - Started process (PID=150501) to work on /home/ubuntu/airflow/airflow_env/lib/python3.8/site-packages/airflow/example_dags/example_latest_only_with_trigger.py
[2022-06-27 04:49:44,281] {processor.py:641} INFO - Processing file /home/ubuntu/airflow/airflow_env/lib/python3.8/site-packages/airflow/example_dags/example_latest_only_with_trigger.py for tasks to queue
[2022-06-27 04:49:44,284] {logging_mixin.py:115} INFO - [2022-06-27 04:49:44,283] {dagbag.py:507} INFO - Filling up the DagBag from /home/ubuntu/airflow/airflow_env/lib/python3.8/site-packages/airflow/example_dags/example_latest_only_with_trigger.py
[2022-06-27 04:49:44,324] {processor.py:651} INFO - DAG(s) dict_keys(['latest_only_with_trigger']) retrieved from /home/ubuntu/airflow/airflow_env/lib/python3.8/site-packages/airflow/example_dags/example_latest_only_with_trigger.py
[2022-06-27 04:49:44,753] {logging_mixin.py:115} INFO - [2022-06-27 04:49:44,752] {manager.py:508} INFO - Created Permission View: can edit on DAG:latest_only_with_trigger
[2022-06-27 04:49:44,776] {logging_mixin.py:115} INFO - [2022-06-27 04:49:44,775] {manager.py:508} INFO - Created Permission View: can read on DAG:latest_only_with_trigger
[2022-06-27 04:49:44,791] {logging_mixin.py:115} INFO - [2022-06-27 04:49:44,791] {manager.py:508} INFO - Created Permission View: can delete on DAG:latest_only_with_trigger
[2022-06-27 04:49:44,791] {logging_mixin.py:115} INFO - [2022-06-27 04:49:44,791] {dag.py:2379} INFO - Sync 1 DAGs
[2022-06-27 04:49:44,808] {logging_mixin.py:115} INFO - [2022-06-27 04:49:44,808] {dag.py:2398} INFO - Creating ORM DAG for latest_only_with_trigger
[2022-06-27 04:49:44,826] {logging_mixin.py:115} INFO - [2022-06-27 04:49:44,825] {dag.py:2927} INFO - Setting next_dagrun for latest_only_with_trigger to 2022-06-27T07:49:44.825326+00:00, run_after=2022-06-27T11:49:44.825326+00:00
[2022-06-27 04:49:44,876] {processor.py:161} INFO - Processing /home/ubuntu/airflow/airflow_env/lib/python3.8/site-packages/airflow/example_dags/example_latest_only_with_trigger.py took 0.610 seconds
[2022-06-27 04:50:31,456] {processor.py:153} INFO - Started process (PID=150555) to work on /home/ubuntu/airflow/airflow_env/lib/python3.8/site-packages/airflow/example_dags/example_latest_only_with_trigger.py
[2022-06-27 04:50:31,470] {processor.py:641} INFO - Processing file /home/ubuntu/airflow/airflow_env/lib/python3.8/site-packages/airflow/example_dags/example_latest_only_with_trigger.py for tasks to queue
[2022-06-27 04:50:31,473] {logging_mixin.py:115} INFO - [2022-06-27 04:50:31,472] {dagbag.py:507} INFO - Filling up the DagBag from /home/ubuntu/airflow/airflow_env/lib/python3.8/site-packages/airflow/example_dags/example_latest_only_with_trigger.py
[2022-06-27 04:50:31,619] {processor.py:651} INFO - DAG(s) dict_keys(['latest_only_with_trigger']) retrieved from /home/ubuntu/airflow/airflow_env/lib/python3.8/site-packages/airflow/example_dags/example_latest_only_with_trigger.py
[2022-06-27 04:50:32,046] {logging_mixin.py:115} INFO - [2022-06-27 04:50:32,046] {dag.py:2379} INFO - Sync 1 DAGs
[2022-06-27 04:50:32,373] {logging_mixin.py:115} INFO - [2022-06-27 04:50:32,373] {dag.py:2927} INFO - Setting next_dagrun for latest_only_with_trigger to 2022-06-27T07:50:32.365923+00:00, run_after=2022-06-27T11:50:32.365923+00:00
[2022-06-27 04:50:32,464] {processor.py:161} INFO - Processing /home/ubuntu/airflow/airflow_env/lib/python3.8/site-packages/airflow/example_dags/example_latest_only_with_trigger.py took 1.142 seconds
[2022-06-27 04:51:20,404] {processor.py:153} INFO - Started process (PID=150668) to work on /home/ubuntu/airflow/airflow_env/lib/python3.8/site-packages/airflow/example_dags/example_latest_only_with_trigger.py
[2022-06-27 04:51:20,405] {processor.py:641} INFO - Processing file /home/ubuntu/airflow/airflow_env/lib/python3.8/site-packages/airflow/example_dags/example_latest_only_with_trigger.py for tasks to queue
[2022-06-27 04:51:20,407] {logging_mixin.py:115} INFO - [2022-06-27 04:51:20,406] {dagbag.py:507} INFO - Filling up the DagBag from /home/ubuntu/airflow/airflow_env/lib/python3.8/site-packages/airflow/example_dags/example_latest_only_with_trigger.py
[2022-06-27 04:51:20,419] {processor.py:651} INFO - DAG(s) dict_keys(['latest_only_with_trigger']) retrieved from /home/ubuntu/airflow/airflow_env/lib/python3.8/site-packages/airflow/example_dags/example_latest_only_with_trigger.py
[2022-06-27 04:51:20,452] {logging_mixin.py:115} INFO - [2022-06-27 04:51:20,452] {dag.py:2379} INFO - Sync 1 DAGs
[2022-06-27 04:51:20,478] {logging_mixin.py:115} INFO - [2022-06-27 04:51:20,477] {dag.py:2927} INFO - Setting next_dagrun for latest_only_with_trigger to 2022-06-27T07:51:20.477276+00:00, run_after=2022-06-27T11:51:20.477276+00:00
[2022-06-27 04:51:20,497] {processor.py:161} INFO - Processing /home/ubuntu/airflow/airflow_env/lib/python3.8/site-packages/airflow/example_dags/example_latest_only_with_trigger.py took 0.100 seconds
[2022-06-27 04:52:08,180] {processor.py:153} INFO - Started process (PID=150795) to work on /home/ubuntu/airflow/airflow_env/lib/python3.8/site-packages/airflow/example_dags/example_latest_only_with_trigger.py
[2022-06-27 04:52:08,190] {processor.py:641} INFO - Processing file /home/ubuntu/airflow/airflow_env/lib/python3.8/site-packages/airflow/example_dags/example_latest_only_with_trigger.py for tasks to queue
[2022-06-27 04:52:08,192] {logging_mixin.py:115} INFO - [2022-06-27 04:52:08,192] {dagbag.py:507} INFO - Filling up the DagBag from /home/ubuntu/airflow/airflow_env/lib/python3.8/site-packages/airflow/example_dags/example_latest_only_with_trigger.py
[2022-06-27 04:52:08,242] {processor.py:651} INFO - DAG(s) dict_keys(['latest_only_with_trigger']) retrieved from /home/ubuntu/airflow/airflow_env/lib/python3.8/site-packages/airflow/example_dags/example_latest_only_with_trigger.py
[2022-06-27 04:52:08,329] {logging_mixin.py:115} INFO - [2022-06-27 04:52:08,329] {dag.py:2379} INFO - Sync 1 DAGs
[2022-06-27 04:52:08,420] {logging_mixin.py:115} INFO - [2022-06-27 04:52:08,420] {dag.py:2927} INFO - Setting next_dagrun for latest_only_with_trigger to 2022-06-27T07:52:08.420526+00:00, run_after=2022-06-27T11:52:08.420526+00:00
[2022-06-27 04:52:08,435] {processor.py:161} INFO - Processing /home/ubuntu/airflow/airflow_env/lib/python3.8/site-packages/airflow/example_dags/example_latest_only_with_trigger.py took 0.269 seconds
[2022-06-27 04:52:53,581] {processor.py:153} INFO - Started process (PID=150837) to work on /home/ubuntu/airflow/airflow_env/lib/python3.8/site-packages/airflow/example_dags/example_latest_only_with_trigger.py
[2022-06-27 04:52:53,583] {processor.py:641} INFO - Processing file /home/ubuntu/airflow/airflow_env/lib/python3.8/site-packages/airflow/example_dags/example_latest_only_with_trigger.py for tasks to queue
[2022-06-27 04:52:53,585] {logging_mixin.py:115} INFO - [2022-06-27 04:52:53,585] {dagbag.py:507} INFO - Filling up the DagBag from /home/ubuntu/airflow/airflow_env/lib/python3.8/site-packages/airflow/example_dags/example_latest_only_with_trigger.py
[2022-06-27 04:52:53,608] {processor.py:651} INFO - DAG(s) dict_keys(['latest_only_with_trigger']) retrieved from /home/ubuntu/airflow/airflow_env/lib/python3.8/site-packages/airflow/example_dags/example_latest_only_with_trigger.py
[2022-06-27 04:52:53,660] {logging_mixin.py:115} INFO - [2022-06-27 04:52:53,660] {dag.py:2379} INFO - Sync 1 DAGs
[2022-06-27 04:52:53,702] {logging_mixin.py:115} INFO - [2022-06-27 04:52:53,702] {dag.py:2927} INFO - Setting next_dagrun for latest_only_with_trigger to 2022-06-27T07:52:53.701575+00:00, run_after=2022-06-27T11:52:53.701575+00:00
[2022-06-27 04:52:53,724] {processor.py:161} INFO - Processing /home/ubuntu/airflow/airflow_env/lib/python3.8/site-packages/airflow/example_dags/example_latest_only_with_trigger.py took 0.163 seconds
[2022-06-27 04:53:34,145] {processor.py:153} INFO - Started process (PID=150882) to work on /home/ubuntu/airflow/airflow_env/lib/python3.8/site-packages/airflow/example_dags/example_latest_only_with_trigger.py
[2022-06-27 04:53:34,151] {processor.py:641} INFO - Processing file /home/ubuntu/airflow/airflow_env/lib/python3.8/site-packages/airflow/example_dags/example_latest_only_with_trigger.py for tasks to queue
[2022-06-27 04:53:34,158] {logging_mixin.py:115} INFO - [2022-06-27 04:53:34,158] {dagbag.py:507} INFO - Filling up the DagBag from /home/ubuntu/airflow/airflow_env/lib/python3.8/site-packages/airflow/example_dags/example_latest_only_with_trigger.py
[2022-06-27 04:53:34,216] {processor.py:651} INFO - DAG(s) dict_keys(['latest_only_with_trigger']) retrieved from /home/ubuntu/airflow/airflow_env/lib/python3.8/site-packages/airflow/example_dags/example_latest_only_with_trigger.py
[2022-06-27 04:53:34,336] {logging_mixin.py:115} INFO - [2022-06-27 04:53:34,336] {dag.py:2379} INFO - Sync 1 DAGs
[2022-06-27 04:53:34,611] {logging_mixin.py:115} INFO - [2022-06-27 04:53:34,611] {dag.py:2927} INFO - Setting next_dagrun for latest_only_with_trigger to 2022-06-27T07:53:34.610663+00:00, run_after=2022-06-27T11:53:34.610663+00:00
[2022-06-27 04:53:34,673] {processor.py:161} INFO - Processing /home/ubuntu/airflow/airflow_env/lib/python3.8/site-packages/airflow/example_dags/example_latest_only_with_trigger.py took 0.592 seconds
[2022-06-27 04:54:21,915] {processor.py:153} INFO - Started process (PID=150945) to work on /home/ubuntu/airflow/airflow_env/lib/python3.8/site-packages/airflow/example_dags/example_latest_only_with_trigger.py
[2022-06-27 04:54:21,916] {processor.py:641} INFO - Processing file /home/ubuntu/airflow/airflow_env/lib/python3.8/site-packages/airflow/example_dags/example_latest_only_with_trigger.py for tasks to queue
[2022-06-27 04:54:21,917] {logging_mixin.py:115} INFO - [2022-06-27 04:54:21,917] {dagbag.py:507} INFO - Filling up the DagBag from /home/ubuntu/airflow/airflow_env/lib/python3.8/site-packages/airflow/example_dags/example_latest_only_with_trigger.py
[2022-06-27 04:54:21,932] {processor.py:651} INFO - DAG(s) dict_keys(['latest_only_with_trigger']) retrieved from /home/ubuntu/airflow/airflow_env/lib/python3.8/site-packages/airflow/example_dags/example_latest_only_with_trigger.py
[2022-06-27 04:54:21,974] {logging_mixin.py:115} INFO - [2022-06-27 04:54:21,974] {dag.py:2379} INFO - Sync 1 DAGs
[2022-06-27 04:54:22,034] {logging_mixin.py:115} INFO - [2022-06-27 04:54:22,033] {dag.py:2927} INFO - Setting next_dagrun for latest_only_with_trigger to 2022-06-27T07:54:22.032601+00:00, run_after=2022-06-27T11:54:22.032601+00:00
[2022-06-27 04:54:22,063] {processor.py:161} INFO - Processing /home/ubuntu/airflow/airflow_env/lib/python3.8/site-packages/airflow/example_dags/example_latest_only_with_trigger.py took 0.155 seconds
[2022-06-27 04:55:33,609] {processor.py:153} INFO - Started process (PID=151057) to work on /home/ubuntu/airflow/airflow_env/lib/python3.8/site-packages/airflow/example_dags/example_latest_only_with_trigger.py
[2022-06-27 04:55:33,611] {processor.py:641} INFO - Processing file /home/ubuntu/airflow/airflow_env/lib/python3.8/site-packages/airflow/example_dags/example_latest_only_with_trigger.py for tasks to queue
[2022-06-27 04:55:33,612] {logging_mixin.py:115} INFO - [2022-06-27 04:55:33,612] {dagbag.py:507} INFO - Filling up the DagBag from /home/ubuntu/airflow/airflow_env/lib/python3.8/site-packages/airflow/example_dags/example_latest_only_with_trigger.py
[2022-06-27 04:55:33,626] {processor.py:651} INFO - DAG(s) dict_keys(['latest_only_with_trigger']) retrieved from /home/ubuntu/airflow/airflow_env/lib/python3.8/site-packages/airflow/example_dags/example_latest_only_with_trigger.py
[2022-06-27 04:55:33,681] {logging_mixin.py:115} INFO - [2022-06-27 04:55:33,681] {dag.py:2379} INFO - Sync 1 DAGs
[2022-06-27 04:55:33,718] {logging_mixin.py:115} INFO - [2022-06-27 04:55:33,718] {dag.py:2927} INFO - Setting next_dagrun for latest_only_with_trigger to 2022-06-27T07:55:33.717980+00:00, run_after=2022-06-27T11:55:33.717980+00:00
[2022-06-27 04:55:33,744] {processor.py:161} INFO - Processing /home/ubuntu/airflow/airflow_env/lib/python3.8/site-packages/airflow/example_dags/example_latest_only_with_trigger.py took 0.145 seconds
[2022-06-27 04:56:24,324] {processor.py:153} INFO - Started process (PID=151145) to work on /home/ubuntu/airflow/airflow_env/lib/python3.8/site-packages/airflow/example_dags/example_latest_only_with_trigger.py
[2022-06-27 04:56:24,326] {processor.py:641} INFO - Processing file /home/ubuntu/airflow/airflow_env/lib/python3.8/site-packages/airflow/example_dags/example_latest_only_with_trigger.py for tasks to queue
[2022-06-27 04:56:24,327] {logging_mixin.py:115} INFO - [2022-06-27 04:56:24,327] {dagbag.py:507} INFO - Filling up the DagBag from /home/ubuntu/airflow/airflow_env/lib/python3.8/site-packages/airflow/example_dags/example_latest_only_with_trigger.py
[2022-06-27 04:56:24,343] {processor.py:651} INFO - DAG(s) dict_keys(['latest_only_with_trigger']) retrieved from /home/ubuntu/airflow/airflow_env/lib/python3.8/site-packages/airflow/example_dags/example_latest_only_with_trigger.py
[2022-06-27 04:56:24,494] {logging_mixin.py:115} INFO - [2022-06-27 04:56:24,494] {dag.py:2379} INFO - Sync 1 DAGs
[2022-06-27 04:56:24,584] {logging_mixin.py:115} INFO - [2022-06-27 04:56:24,584] {dag.py:2927} INFO - Setting next_dagrun for latest_only_with_trigger to 2022-06-27T07:56:24.583744+00:00, run_after=2022-06-27T11:56:24.583744+00:00
[2022-06-27 04:56:24,635] {processor.py:161} INFO - Processing /home/ubuntu/airflow/airflow_env/lib/python3.8/site-packages/airflow/example_dags/example_latest_only_with_trigger.py took 0.334 seconds
[2022-06-27 04:57:27,323] {processor.py:153} INFO - Started process (PID=151229) to work on /home/ubuntu/airflow/airflow_env/lib/python3.8/site-packages/airflow/example_dags/example_latest_only_with_trigger.py
[2022-06-27 04:57:27,345] {processor.py:641} INFO - Processing file /home/ubuntu/airflow/airflow_env/lib/python3.8/site-packages/airflow/example_dags/example_latest_only_with_trigger.py for tasks to queue
[2022-06-27 04:57:27,347] {logging_mixin.py:115} INFO - [2022-06-27 04:57:27,347] {dagbag.py:507} INFO - Filling up the DagBag from /home/ubuntu/airflow/airflow_env/lib/python3.8/site-packages/airflow/example_dags/example_latest_only_with_trigger.py
[2022-06-27 04:57:27,403] {processor.py:651} INFO - DAG(s) dict_keys(['latest_only_with_trigger']) retrieved from /home/ubuntu/airflow/airflow_env/lib/python3.8/site-packages/airflow/example_dags/example_latest_only_with_trigger.py
[2022-06-27 04:57:27,529] {logging_mixin.py:115} INFO - [2022-06-27 04:57:27,528] {dag.py:2379} INFO - Sync 1 DAGs
[2022-06-27 04:57:27,588] {logging_mixin.py:115} INFO - [2022-06-27 04:57:27,588] {dag.py:2927} INFO - Setting next_dagrun for latest_only_with_trigger to 2022-06-27T07:57:27.586899+00:00, run_after=2022-06-27T11:57:27.586899+00:00
[2022-06-27 04:57:27,621] {processor.py:161} INFO - Processing /home/ubuntu/airflow/airflow_env/lib/python3.8/site-packages/airflow/example_dags/example_latest_only_with_trigger.py took 0.322 seconds
[2022-06-27 04:58:11,437] {processor.py:153} INFO - Started process (PID=151300) to work on /home/ubuntu/airflow/airflow_env/lib/python3.8/site-packages/airflow/example_dags/example_latest_only_with_trigger.py
[2022-06-27 04:58:11,439] {processor.py:641} INFO - Processing file /home/ubuntu/airflow/airflow_env/lib/python3.8/site-packages/airflow/example_dags/example_latest_only_with_trigger.py for tasks to queue
[2022-06-27 04:58:11,442] {logging_mixin.py:115} INFO - [2022-06-27 04:58:11,440] {dagbag.py:507} INFO - Filling up the DagBag from /home/ubuntu/airflow/airflow_env/lib/python3.8/site-packages/airflow/example_dags/example_latest_only_with_trigger.py
[2022-06-27 04:58:11,467] {processor.py:651} INFO - DAG(s) dict_keys(['latest_only_with_trigger']) retrieved from /home/ubuntu/airflow/airflow_env/lib/python3.8/site-packages/airflow/example_dags/example_latest_only_with_trigger.py
[2022-06-27 04:58:11,518] {logging_mixin.py:115} INFO - [2022-06-27 04:58:11,518] {dag.py:2379} INFO - Sync 1 DAGs
[2022-06-27 04:58:11,574] {logging_mixin.py:115} INFO - [2022-06-27 04:58:11,574] {dag.py:2927} INFO - Setting next_dagrun for latest_only_with_trigger to 2022-06-27T07:58:11.569086+00:00, run_after=2022-06-27T11:58:11.569086+00:00
[2022-06-27 04:58:11,643] {processor.py:161} INFO - Processing /home/ubuntu/airflow/airflow_env/lib/python3.8/site-packages/airflow/example_dags/example_latest_only_with_trigger.py took 0.220 seconds
[2022-06-27 04:58:49,223] {processor.py:153} INFO - Started process (PID=151339) to work on /home/ubuntu/airflow/airflow_env/lib/python3.8/site-packages/airflow/example_dags/example_latest_only_with_trigger.py
[2022-06-27 04:58:49,225] {processor.py:641} INFO - Processing file /home/ubuntu/airflow/airflow_env/lib/python3.8/site-packages/airflow/example_dags/example_latest_only_with_trigger.py for tasks to queue
[2022-06-27 04:58:49,226] {logging_mixin.py:115} INFO - [2022-06-27 04:58:49,225] {dagbag.py:507} INFO - Filling up the DagBag from /home/ubuntu/airflow/airflow_env/lib/python3.8/site-packages/airflow/example_dags/example_latest_only_with_trigger.py
[2022-06-27 04:58:49,235] {processor.py:651} INFO - DAG(s) dict_keys(['latest_only_with_trigger']) retrieved from /home/ubuntu/airflow/airflow_env/lib/python3.8/site-packages/airflow/example_dags/example_latest_only_with_trigger.py
[2022-06-27 04:58:49,272] {logging_mixin.py:115} INFO - [2022-06-27 04:58:49,272] {dag.py:2379} INFO - Sync 1 DAGs
[2022-06-27 04:58:49,299] {logging_mixin.py:115} INFO - [2022-06-27 04:58:49,299] {dag.py:2927} INFO - Setting next_dagrun for latest_only_with_trigger to 2022-06-27T07:58:49.299138+00:00, run_after=2022-06-27T11:58:49.299138+00:00
[2022-06-27 04:58:49,312] {processor.py:161} INFO - Processing /home/ubuntu/airflow/airflow_env/lib/python3.8/site-packages/airflow/example_dags/example_latest_only_with_trigger.py took 0.093 seconds
[2022-06-27 04:59:23,793] {processor.py:153} INFO - Started process (PID=151373) to work on /home/ubuntu/airflow/airflow_env/lib/python3.8/site-packages/airflow/example_dags/example_latest_only_with_trigger.py
[2022-06-27 04:59:23,795] {processor.py:641} INFO - Processing file /home/ubuntu/airflow/airflow_env/lib/python3.8/site-packages/airflow/example_dags/example_latest_only_with_trigger.py for tasks to queue
[2022-06-27 04:59:23,798] {logging_mixin.py:115} INFO - [2022-06-27 04:59:23,797] {dagbag.py:507} INFO - Filling up the DagBag from /home/ubuntu/airflow/airflow_env/lib/python3.8/site-packages/airflow/example_dags/example_latest_only_with_trigger.py
[2022-06-27 04:59:23,844] {processor.py:651} INFO - DAG(s) dict_keys(['latest_only_with_trigger']) retrieved from /home/ubuntu/airflow/airflow_env/lib/python3.8/site-packages/airflow/example_dags/example_latest_only_with_trigger.py
[2022-06-27 04:59:23,992] {logging_mixin.py:115} INFO - [2022-06-27 04:59:23,991] {dag.py:2379} INFO - Sync 1 DAGs
[2022-06-27 04:59:24,068] {logging_mixin.py:115} INFO - [2022-06-27 04:59:24,065] {dag.py:2927} INFO - Setting next_dagrun for latest_only_with_trigger to 2022-06-27T07:59:24.065368+00:00, run_after=2022-06-27T11:59:24.065368+00:00
[2022-06-27 04:59:24,094] {processor.py:161} INFO - Processing /home/ubuntu/airflow/airflow_env/lib/python3.8/site-packages/airflow/example_dags/example_latest_only_with_trigger.py took 0.320 seconds
[2022-06-27 05:00:09,622] {processor.py:153} INFO - Started process (PID=151408) to work on /home/ubuntu/airflow/airflow_env/lib/python3.8/site-packages/airflow/example_dags/example_latest_only_with_trigger.py
[2022-06-27 05:00:09,624] {processor.py:641} INFO - Processing file /home/ubuntu/airflow/airflow_env/lib/python3.8/site-packages/airflow/example_dags/example_latest_only_with_trigger.py for tasks to queue
[2022-06-27 05:00:09,628] {logging_mixin.py:115} INFO - [2022-06-27 05:00:09,627] {dagbag.py:507} INFO - Filling up the DagBag from /home/ubuntu/airflow/airflow_env/lib/python3.8/site-packages/airflow/example_dags/example_latest_only_with_trigger.py
[2022-06-27 05:00:09,680] {processor.py:651} INFO - DAG(s) dict_keys(['latest_only_with_trigger']) retrieved from /home/ubuntu/airflow/airflow_env/lib/python3.8/site-packages/airflow/example_dags/example_latest_only_with_trigger.py
[2022-06-27 05:00:09,777] {logging_mixin.py:115} INFO - [2022-06-27 05:00:09,776] {dag.py:2379} INFO - Sync 1 DAGs
[2022-06-27 05:00:09,887] {logging_mixin.py:115} INFO - [2022-06-27 05:00:09,886] {dag.py:2927} INFO - Setting next_dagrun for latest_only_with_trigger to 2022-06-27T08:00:09.881786+00:00, run_after=2022-06-27T12:00:09.881786+00:00
[2022-06-27 05:00:09,940] {processor.py:161} INFO - Processing /home/ubuntu/airflow/airflow_env/lib/python3.8/site-packages/airflow/example_dags/example_latest_only_with_trigger.py took 0.337 seconds
[2022-06-27 05:02:39,117] {processor.py:153} INFO - Started process (PID=151496) to work on /home/ubuntu/airflow/airflow_env/lib/python3.8/site-packages/airflow/example_dags/example_latest_only_with_trigger.py
[2022-06-27 05:02:39,118] {processor.py:641} INFO - Processing file /home/ubuntu/airflow/airflow_env/lib/python3.8/site-packages/airflow/example_dags/example_latest_only_with_trigger.py for tasks to queue
[2022-06-27 05:02:39,123] {logging_mixin.py:115} INFO - [2022-06-27 05:02:39,122] {dagbag.py:507} INFO - Filling up the DagBag from /home/ubuntu/airflow/airflow_env/lib/python3.8/site-packages/airflow/example_dags/example_latest_only_with_trigger.py
[2022-06-27 05:02:39,192] {processor.py:651} INFO - DAG(s) dict_keys(['latest_only_with_trigger']) retrieved from /home/ubuntu/airflow/airflow_env/lib/python3.8/site-packages/airflow/example_dags/example_latest_only_with_trigger.py
[2022-06-27 05:02:39,274] {logging_mixin.py:115} INFO - [2022-06-27 05:02:39,274] {dag.py:2379} INFO - Sync 1 DAGs
[2022-06-27 05:02:39,341] {logging_mixin.py:115} INFO - [2022-06-27 05:02:39,341] {dag.py:2927} INFO - Setting next_dagrun for latest_only_with_trigger to 2022-06-27T08:02:39.340202+00:00, run_after=2022-06-27T12:02:39.340202+00:00
[2022-06-27 05:02:39,401] {processor.py:161} INFO - Processing /home/ubuntu/airflow/airflow_env/lib/python3.8/site-packages/airflow/example_dags/example_latest_only_with_trigger.py took 0.293 seconds
[2022-06-27 05:03:29,073] {processor.py:153} INFO - Started process (PID=151532) to work on /home/ubuntu/airflow/airflow_env/lib/python3.8/site-packages/airflow/example_dags/example_latest_only_with_trigger.py
[2022-06-27 05:03:29,079] {processor.py:641} INFO - Processing file /home/ubuntu/airflow/airflow_env/lib/python3.8/site-packages/airflow/example_dags/example_latest_only_with_trigger.py for tasks to queue
[2022-06-27 05:03:29,081] {logging_mixin.py:115} INFO - [2022-06-27 05:03:29,081] {dagbag.py:507} INFO - Filling up the DagBag from /home/ubuntu/airflow/airflow_env/lib/python3.8/site-packages/airflow/example_dags/example_latest_only_with_trigger.py
[2022-06-27 05:03:29,134] {processor.py:651} INFO - DAG(s) dict_keys(['latest_only_with_trigger']) retrieved from /home/ubuntu/airflow/airflow_env/lib/python3.8/site-packages/airflow/example_dags/example_latest_only_with_trigger.py
[2022-06-27 05:03:29,224] {logging_mixin.py:115} INFO - [2022-06-27 05:03:29,224] {dag.py:2379} INFO - Sync 1 DAGs
[2022-06-27 05:03:29,317] {logging_mixin.py:115} INFO - [2022-06-27 05:03:29,317] {dag.py:2927} INFO - Setting next_dagrun for latest_only_with_trigger to 2022-06-27T08:03:29.316711+00:00, run_after=2022-06-27T12:03:29.316711+00:00
[2022-06-27 05:03:29,367] {processor.py:161} INFO - Processing /home/ubuntu/airflow/airflow_env/lib/python3.8/site-packages/airflow/example_dags/example_latest_only_with_trigger.py took 0.312 seconds
[2022-06-27 05:04:16,200] {processor.py:153} INFO - Started process (PID=151573) to work on /home/ubuntu/airflow/airflow_env/lib/python3.8/site-packages/airflow/example_dags/example_latest_only_with_trigger.py
[2022-06-27 05:04:16,201] {processor.py:641} INFO - Processing file /home/ubuntu/airflow/airflow_env/lib/python3.8/site-packages/airflow/example_dags/example_latest_only_with_trigger.py for tasks to queue
[2022-06-27 05:04:16,201] {logging_mixin.py:115} INFO - [2022-06-27 05:04:16,201] {dagbag.py:507} INFO - Filling up the DagBag from /home/ubuntu/airflow/airflow_env/lib/python3.8/site-packages/airflow/example_dags/example_latest_only_with_trigger.py
[2022-06-27 05:04:16,223] {processor.py:651} INFO - DAG(s) dict_keys(['latest_only_with_trigger']) retrieved from /home/ubuntu/airflow/airflow_env/lib/python3.8/site-packages/airflow/example_dags/example_latest_only_with_trigger.py
[2022-06-27 05:04:16,281] {logging_mixin.py:115} INFO - [2022-06-27 05:04:16,281] {dag.py:2379} INFO - Sync 1 DAGs
[2022-06-27 05:04:16,400] {logging_mixin.py:115} INFO - [2022-06-27 05:04:16,400] {dag.py:2927} INFO - Setting next_dagrun for latest_only_with_trigger to 2022-06-27T08:04:16.399501+00:00, run_after=2022-06-27T12:04:16.399501+00:00
[2022-06-27 05:04:16,465] {processor.py:161} INFO - Processing /home/ubuntu/airflow/airflow_env/lib/python3.8/site-packages/airflow/example_dags/example_latest_only_with_trigger.py took 0.282 seconds
[2022-06-27 05:05:05,837] {processor.py:153} INFO - Started process (PID=151611) to work on /home/ubuntu/airflow/airflow_env/lib/python3.8/site-packages/airflow/example_dags/example_latest_only_with_trigger.py
[2022-06-27 05:05:05,838] {processor.py:641} INFO - Processing file /home/ubuntu/airflow/airflow_env/lib/python3.8/site-packages/airflow/example_dags/example_latest_only_with_trigger.py for tasks to queue
[2022-06-27 05:05:05,838] {logging_mixin.py:115} INFO - [2022-06-27 05:05:05,838] {dagbag.py:507} INFO - Filling up the DagBag from /home/ubuntu/airflow/airflow_env/lib/python3.8/site-packages/airflow/example_dags/example_latest_only_with_trigger.py
[2022-06-27 05:05:05,856] {processor.py:651} INFO - DAG(s) dict_keys(['latest_only_with_trigger']) retrieved from /home/ubuntu/airflow/airflow_env/lib/python3.8/site-packages/airflow/example_dags/example_latest_only_with_trigger.py
[2022-06-27 05:05:05,922] {logging_mixin.py:115} INFO - [2022-06-27 05:05:05,922] {dag.py:2379} INFO - Sync 1 DAGs
[2022-06-27 05:05:05,972] {logging_mixin.py:115} INFO - [2022-06-27 05:05:05,972] {dag.py:2927} INFO - Setting next_dagrun for latest_only_with_trigger to 2022-06-27T08:05:05.972174+00:00, run_after=2022-06-27T12:05:05.972174+00:00
[2022-06-27 05:05:06,007] {processor.py:161} INFO - Processing /home/ubuntu/airflow/airflow_env/lib/python3.8/site-packages/airflow/example_dags/example_latest_only_with_trigger.py took 0.187 seconds
[2022-06-27 05:05:58,732] {processor.py:153} INFO - Started process (PID=151655) to work on /home/ubuntu/airflow/airflow_env/lib/python3.8/site-packages/airflow/example_dags/example_latest_only_with_trigger.py
[2022-06-27 05:05:58,734] {processor.py:641} INFO - Processing file /home/ubuntu/airflow/airflow_env/lib/python3.8/site-packages/airflow/example_dags/example_latest_only_with_trigger.py for tasks to queue
[2022-06-27 05:05:58,736] {logging_mixin.py:115} INFO - [2022-06-27 05:05:58,735] {dagbag.py:507} INFO - Filling up the DagBag from /home/ubuntu/airflow/airflow_env/lib/python3.8/site-packages/airflow/example_dags/example_latest_only_with_trigger.py
[2022-06-27 05:05:58,769] {processor.py:651} INFO - DAG(s) dict_keys(['latest_only_with_trigger']) retrieved from /home/ubuntu/airflow/airflow_env/lib/python3.8/site-packages/airflow/example_dags/example_latest_only_with_trigger.py
[2022-06-27 05:05:58,888] {logging_mixin.py:115} INFO - [2022-06-27 05:05:58,888] {dag.py:2379} INFO - Sync 1 DAGs
[2022-06-27 05:05:58,972] {logging_mixin.py:115} INFO - [2022-06-27 05:05:58,972] {dag.py:2927} INFO - Setting next_dagrun for latest_only_with_trigger to 2022-06-27T08:05:58.961953+00:00, run_after=2022-06-27T12:05:58.961953+00:00
[2022-06-27 05:05:59,008] {processor.py:161} INFO - Processing /home/ubuntu/airflow/airflow_env/lib/python3.8/site-packages/airflow/example_dags/example_latest_only_with_trigger.py took 0.309 seconds
[2022-06-27 05:06:53,850] {processor.py:153} INFO - Started process (PID=151696) to work on /home/ubuntu/airflow/airflow_env/lib/python3.8/site-packages/airflow/example_dags/example_latest_only_with_trigger.py
[2022-06-27 05:06:53,854] {processor.py:641} INFO - Processing file /home/ubuntu/airflow/airflow_env/lib/python3.8/site-packages/airflow/example_dags/example_latest_only_with_trigger.py for tasks to queue
[2022-06-27 05:06:53,855] {logging_mixin.py:115} INFO - [2022-06-27 05:06:53,855] {dagbag.py:507} INFO - Filling up the DagBag from /home/ubuntu/airflow/airflow_env/lib/python3.8/site-packages/airflow/example_dags/example_latest_only_with_trigger.py
[2022-06-27 05:06:53,896] {processor.py:651} INFO - DAG(s) dict_keys(['latest_only_with_trigger']) retrieved from /home/ubuntu/airflow/airflow_env/lib/python3.8/site-packages/airflow/example_dags/example_latest_only_with_trigger.py
[2022-06-27 05:06:54,001] {logging_mixin.py:115} INFO - [2022-06-27 05:06:53,993] {dag.py:2379} INFO - Sync 1 DAGs
[2022-06-27 05:06:54,121] {logging_mixin.py:115} INFO - [2022-06-27 05:06:54,121] {dag.py:2927} INFO - Setting next_dagrun for latest_only_with_trigger to 2022-06-27T08:06:54.121184+00:00, run_after=2022-06-27T12:06:54.121184+00:00
[2022-06-27 05:06:54,195] {processor.py:161} INFO - Processing /home/ubuntu/airflow/airflow_env/lib/python3.8/site-packages/airflow/example_dags/example_latest_only_with_trigger.py took 0.368 seconds
[2022-06-27 05:07:49,190] {processor.py:153} INFO - Started process (PID=151736) to work on /home/ubuntu/airflow/airflow_env/lib/python3.8/site-packages/airflow/example_dags/example_latest_only_with_trigger.py
[2022-06-27 05:07:49,200] {processor.py:641} INFO - Processing file /home/ubuntu/airflow/airflow_env/lib/python3.8/site-packages/airflow/example_dags/example_latest_only_with_trigger.py for tasks to queue
[2022-06-27 05:07:49,205] {logging_mixin.py:115} INFO - [2022-06-27 05:07:49,205] {dagbag.py:507} INFO - Filling up the DagBag from /home/ubuntu/airflow/airflow_env/lib/python3.8/site-packages/airflow/example_dags/example_latest_only_with_trigger.py
[2022-06-27 05:07:49,262] {processor.py:651} INFO - DAG(s) dict_keys(['latest_only_with_trigger']) retrieved from /home/ubuntu/airflow/airflow_env/lib/python3.8/site-packages/airflow/example_dags/example_latest_only_with_trigger.py
[2022-06-27 05:07:49,357] {logging_mixin.py:115} INFO - [2022-06-27 05:07:49,357] {dag.py:2379} INFO - Sync 1 DAGs
[2022-06-27 05:07:49,437] {logging_mixin.py:115} INFO - [2022-06-27 05:07:49,437] {dag.py:2927} INFO - Setting next_dagrun for latest_only_with_trigger to 2022-06-27T08:07:49.436622+00:00, run_after=2022-06-27T12:07:49.436622+00:00
[2022-06-27 05:07:49,512] {processor.py:161} INFO - Processing /home/ubuntu/airflow/airflow_env/lib/python3.8/site-packages/airflow/example_dags/example_latest_only_with_trigger.py took 0.341 seconds
[2022-06-27 05:08:40,646] {processor.py:153} INFO - Started process (PID=151780) to work on /home/ubuntu/airflow/airflow_env/lib/python3.8/site-packages/airflow/example_dags/example_latest_only_with_trigger.py
[2022-06-27 05:08:40,652] {processor.py:641} INFO - Processing file /home/ubuntu/airflow/airflow_env/lib/python3.8/site-packages/airflow/example_dags/example_latest_only_with_trigger.py for tasks to queue
[2022-06-27 05:08:40,656] {logging_mixin.py:115} INFO - [2022-06-27 05:08:40,656] {dagbag.py:507} INFO - Filling up the DagBag from /home/ubuntu/airflow/airflow_env/lib/python3.8/site-packages/airflow/example_dags/example_latest_only_with_trigger.py
[2022-06-27 05:08:40,678] {processor.py:651} INFO - DAG(s) dict_keys(['latest_only_with_trigger']) retrieved from /home/ubuntu/airflow/airflow_env/lib/python3.8/site-packages/airflow/example_dags/example_latest_only_with_trigger.py
[2022-06-27 05:08:40,748] {logging_mixin.py:115} INFO - [2022-06-27 05:08:40,748] {dag.py:2379} INFO - Sync 1 DAGs
[2022-06-27 05:08:40,800] {logging_mixin.py:115} INFO - [2022-06-27 05:08:40,800] {dag.py:2927} INFO - Setting next_dagrun for latest_only_with_trigger to 2022-06-27T08:08:40.800204+00:00, run_after=2022-06-27T12:08:40.800204+00:00
[2022-06-27 05:08:40,855] {processor.py:161} INFO - Processing /home/ubuntu/airflow/airflow_env/lib/python3.8/site-packages/airflow/example_dags/example_latest_only_with_trigger.py took 0.234 seconds
[2022-06-27 05:09:20,913] {processor.py:153} INFO - Started process (PID=151816) to work on /home/ubuntu/airflow/airflow_env/lib/python3.8/site-packages/airflow/example_dags/example_latest_only_with_trigger.py
[2022-06-27 05:09:20,915] {processor.py:641} INFO - Processing file /home/ubuntu/airflow/airflow_env/lib/python3.8/site-packages/airflow/example_dags/example_latest_only_with_trigger.py for tasks to queue
[2022-06-27 05:09:20,921] {logging_mixin.py:115} INFO - [2022-06-27 05:09:20,921] {dagbag.py:507} INFO - Filling up the DagBag from /home/ubuntu/airflow/airflow_env/lib/python3.8/site-packages/airflow/example_dags/example_latest_only_with_trigger.py
[2022-06-27 05:09:20,945] {processor.py:651} INFO - DAG(s) dict_keys(['latest_only_with_trigger']) retrieved from /home/ubuntu/airflow/airflow_env/lib/python3.8/site-packages/airflow/example_dags/example_latest_only_with_trigger.py
[2022-06-27 05:09:20,980] {logging_mixin.py:115} INFO - [2022-06-27 05:09:20,980] {dag.py:2379} INFO - Sync 1 DAGs
[2022-06-27 05:09:21,018] {logging_mixin.py:115} INFO - [2022-06-27 05:09:21,015] {dag.py:2927} INFO - Setting next_dagrun for latest_only_with_trigger to 2022-06-27T08:09:21.013982+00:00, run_after=2022-06-27T12:09:21.013982+00:00
[2022-06-27 05:09:21,115] {processor.py:161} INFO - Processing /home/ubuntu/airflow/airflow_env/lib/python3.8/site-packages/airflow/example_dags/example_latest_only_with_trigger.py took 0.215 seconds
[2022-06-27 05:10:13,164] {processor.py:153} INFO - Started process (PID=151876) to work on /home/ubuntu/airflow/airflow_env/lib/python3.8/site-packages/airflow/example_dags/example_latest_only_with_trigger.py
[2022-06-27 05:10:13,171] {processor.py:641} INFO - Processing file /home/ubuntu/airflow/airflow_env/lib/python3.8/site-packages/airflow/example_dags/example_latest_only_with_trigger.py for tasks to queue
[2022-06-27 05:10:13,172] {logging_mixin.py:115} INFO - [2022-06-27 05:10:13,172] {dagbag.py:507} INFO - Filling up the DagBag from /home/ubuntu/airflow/airflow_env/lib/python3.8/site-packages/airflow/example_dags/example_latest_only_with_trigger.py
[2022-06-27 05:10:13,216] {processor.py:651} INFO - DAG(s) dict_keys(['latest_only_with_trigger']) retrieved from /home/ubuntu/airflow/airflow_env/lib/python3.8/site-packages/airflow/example_dags/example_latest_only_with_trigger.py
[2022-06-27 05:10:13,319] {logging_mixin.py:115} INFO - [2022-06-27 05:10:13,319] {dag.py:2379} INFO - Sync 1 DAGs
[2022-06-27 05:10:13,412] {logging_mixin.py:115} INFO - [2022-06-27 05:10:13,412] {dag.py:2927} INFO - Setting next_dagrun for latest_only_with_trigger to 2022-06-27T08:10:13.412160+00:00, run_after=2022-06-27T12:10:13.412160+00:00
[2022-06-27 05:10:13,481] {processor.py:161} INFO - Processing /home/ubuntu/airflow/airflow_env/lib/python3.8/site-packages/airflow/example_dags/example_latest_only_with_trigger.py took 0.324 seconds
[2022-06-27 05:10:56,739] {processor.py:153} INFO - Started process (PID=151918) to work on /home/ubuntu/airflow/airflow_env/lib/python3.8/site-packages/airflow/example_dags/example_latest_only_with_trigger.py
[2022-06-27 05:10:56,747] {processor.py:641} INFO - Processing file /home/ubuntu/airflow/airflow_env/lib/python3.8/site-packages/airflow/example_dags/example_latest_only_with_trigger.py for tasks to queue
[2022-06-27 05:10:56,748] {logging_mixin.py:115} INFO - [2022-06-27 05:10:56,748] {dagbag.py:507} INFO - Filling up the DagBag from /home/ubuntu/airflow/airflow_env/lib/python3.8/site-packages/airflow/example_dags/example_latest_only_with_trigger.py
[2022-06-27 05:10:56,776] {processor.py:651} INFO - DAG(s) dict_keys(['latest_only_with_trigger']) retrieved from /home/ubuntu/airflow/airflow_env/lib/python3.8/site-packages/airflow/example_dags/example_latest_only_with_trigger.py
[2022-06-27 05:10:56,874] {logging_mixin.py:115} INFO - [2022-06-27 05:10:56,874] {dag.py:2379} INFO - Sync 1 DAGs
[2022-06-27 05:10:56,933] {logging_mixin.py:115} INFO - [2022-06-27 05:10:56,933] {dag.py:2927} INFO - Setting next_dagrun for latest_only_with_trigger to 2022-06-27T08:10:56.933379+00:00, run_after=2022-06-27T12:10:56.933379+00:00
[2022-06-27 05:10:56,980] {processor.py:161} INFO - Processing /home/ubuntu/airflow/airflow_env/lib/python3.8/site-packages/airflow/example_dags/example_latest_only_with_trigger.py took 0.260 seconds
[2022-06-27 05:11:46,746] {processor.py:153} INFO - Started process (PID=151956) to work on /home/ubuntu/airflow/airflow_env/lib/python3.8/site-packages/airflow/example_dags/example_latest_only_with_trigger.py
[2022-06-27 05:11:46,748] {processor.py:641} INFO - Processing file /home/ubuntu/airflow/airflow_env/lib/python3.8/site-packages/airflow/example_dags/example_latest_only_with_trigger.py for tasks to queue
[2022-06-27 05:11:46,751] {logging_mixin.py:115} INFO - [2022-06-27 05:11:46,751] {dagbag.py:507} INFO - Filling up the DagBag from /home/ubuntu/airflow/airflow_env/lib/python3.8/site-packages/airflow/example_dags/example_latest_only_with_trigger.py
[2022-06-27 05:11:46,799] {processor.py:651} INFO - DAG(s) dict_keys(['latest_only_with_trigger']) retrieved from /home/ubuntu/airflow/airflow_env/lib/python3.8/site-packages/airflow/example_dags/example_latest_only_with_trigger.py
[2022-06-27 05:11:46,968] {logging_mixin.py:115} INFO - [2022-06-27 05:11:46,965] {dag.py:2379} INFO - Sync 1 DAGs
[2022-06-27 05:11:47,050] {logging_mixin.py:115} INFO - [2022-06-27 05:11:47,049] {dag.py:2927} INFO - Setting next_dagrun for latest_only_with_trigger to 2022-06-27T08:11:47.049239+00:00, run_after=2022-06-27T12:11:47.049239+00:00
[2022-06-27 05:11:47,214] {processor.py:161} INFO - Processing /home/ubuntu/airflow/airflow_env/lib/python3.8/site-packages/airflow/example_dags/example_latest_only_with_trigger.py took 0.493 seconds
[2022-06-27 05:12:28,333] {processor.py:153} INFO - Started process (PID=151990) to work on /home/ubuntu/airflow/airflow_env/lib/python3.8/site-packages/airflow/example_dags/example_latest_only_with_trigger.py
[2022-06-27 05:12:28,336] {processor.py:641} INFO - Processing file /home/ubuntu/airflow/airflow_env/lib/python3.8/site-packages/airflow/example_dags/example_latest_only_with_trigger.py for tasks to queue
[2022-06-27 05:12:28,337] {logging_mixin.py:115} INFO - [2022-06-27 05:12:28,337] {dagbag.py:507} INFO - Filling up the DagBag from /home/ubuntu/airflow/airflow_env/lib/python3.8/site-packages/airflow/example_dags/example_latest_only_with_trigger.py
[2022-06-27 05:12:28,370] {processor.py:651} INFO - DAG(s) dict_keys(['latest_only_with_trigger']) retrieved from /home/ubuntu/airflow/airflow_env/lib/python3.8/site-packages/airflow/example_dags/example_latest_only_with_trigger.py
[2022-06-27 05:12:28,455] {logging_mixin.py:115} INFO - [2022-06-27 05:12:28,454] {dag.py:2379} INFO - Sync 1 DAGs
[2022-06-27 05:12:28,558] {logging_mixin.py:115} INFO - [2022-06-27 05:12:28,558] {dag.py:2927} INFO - Setting next_dagrun for latest_only_with_trigger to 2022-06-27T08:12:28.558064+00:00, run_after=2022-06-27T12:12:28.558064+00:00
[2022-06-27 05:12:28,612] {processor.py:161} INFO - Processing /home/ubuntu/airflow/airflow_env/lib/python3.8/site-packages/airflow/example_dags/example_latest_only_with_trigger.py took 0.299 seconds
[2022-06-27 05:13:20,780] {processor.py:153} INFO - Started process (PID=152028) to work on /home/ubuntu/airflow/airflow_env/lib/python3.8/site-packages/airflow/example_dags/example_latest_only_with_trigger.py
[2022-06-27 05:13:20,786] {processor.py:641} INFO - Processing file /home/ubuntu/airflow/airflow_env/lib/python3.8/site-packages/airflow/example_dags/example_latest_only_with_trigger.py for tasks to queue
[2022-06-27 05:13:20,787] {logging_mixin.py:115} INFO - [2022-06-27 05:13:20,787] {dagbag.py:507} INFO - Filling up the DagBag from /home/ubuntu/airflow/airflow_env/lib/python3.8/site-packages/airflow/example_dags/example_latest_only_with_trigger.py
[2022-06-27 05:13:20,816] {processor.py:651} INFO - DAG(s) dict_keys(['latest_only_with_trigger']) retrieved from /home/ubuntu/airflow/airflow_env/lib/python3.8/site-packages/airflow/example_dags/example_latest_only_with_trigger.py
[2022-06-27 05:13:20,875] {logging_mixin.py:115} INFO - [2022-06-27 05:13:20,875] {dag.py:2379} INFO - Sync 1 DAGs
[2022-06-27 05:13:21,010] {logging_mixin.py:115} INFO - [2022-06-27 05:13:21,010] {dag.py:2927} INFO - Setting next_dagrun for latest_only_with_trigger to 2022-06-27T08:13:21.005391+00:00, run_after=2022-06-27T12:13:21.005391+00:00
[2022-06-27 05:13:21,084] {processor.py:161} INFO - Processing /home/ubuntu/airflow/airflow_env/lib/python3.8/site-packages/airflow/example_dags/example_latest_only_with_trigger.py took 0.318 seconds
[2022-06-27 05:14:14,397] {processor.py:153} INFO - Started process (PID=152073) to work on /home/ubuntu/airflow/airflow_env/lib/python3.8/site-packages/airflow/example_dags/example_latest_only_with_trigger.py
[2022-06-27 05:14:14,399] {processor.py:641} INFO - Processing file /home/ubuntu/airflow/airflow_env/lib/python3.8/site-packages/airflow/example_dags/example_latest_only_with_trigger.py for tasks to queue
[2022-06-27 05:14:14,400] {logging_mixin.py:115} INFO - [2022-06-27 05:14:14,400] {dagbag.py:507} INFO - Filling up the DagBag from /home/ubuntu/airflow/airflow_env/lib/python3.8/site-packages/airflow/example_dags/example_latest_only_with_trigger.py
[2022-06-27 05:14:14,425] {processor.py:651} INFO - DAG(s) dict_keys(['latest_only_with_trigger']) retrieved from /home/ubuntu/airflow/airflow_env/lib/python3.8/site-packages/airflow/example_dags/example_latest_only_with_trigger.py
[2022-06-27 05:14:14,478] {logging_mixin.py:115} INFO - [2022-06-27 05:14:14,478] {dag.py:2379} INFO - Sync 1 DAGs
[2022-06-27 05:14:14,549] {logging_mixin.py:115} INFO - [2022-06-27 05:14:14,549] {dag.py:2927} INFO - Setting next_dagrun for latest_only_with_trigger to 2022-06-27T08:14:14.549333+00:00, run_after=2022-06-27T12:14:14.549333+00:00
[2022-06-27 05:14:14,595] {processor.py:161} INFO - Processing /home/ubuntu/airflow/airflow_env/lib/python3.8/site-packages/airflow/example_dags/example_latest_only_with_trigger.py took 0.215 seconds
[2022-06-27 05:15:05,311] {processor.py:153} INFO - Started process (PID=152112) to work on /home/ubuntu/airflow/airflow_env/lib/python3.8/site-packages/airflow/example_dags/example_latest_only_with_trigger.py
[2022-06-27 05:15:05,317] {processor.py:641} INFO - Processing file /home/ubuntu/airflow/airflow_env/lib/python3.8/site-packages/airflow/example_dags/example_latest_only_with_trigger.py for tasks to queue
[2022-06-27 05:15:05,330] {logging_mixin.py:115} INFO - [2022-06-27 05:15:05,330] {dagbag.py:507} INFO - Filling up the DagBag from /home/ubuntu/airflow/airflow_env/lib/python3.8/site-packages/airflow/example_dags/example_latest_only_with_trigger.py
[2022-06-27 05:15:05,355] {processor.py:651} INFO - DAG(s) dict_keys(['latest_only_with_trigger']) retrieved from /home/ubuntu/airflow/airflow_env/lib/python3.8/site-packages/airflow/example_dags/example_latest_only_with_trigger.py
[2022-06-27 05:15:05,458] {logging_mixin.py:115} INFO - [2022-06-27 05:15:05,457] {dag.py:2379} INFO - Sync 1 DAGs
[2022-06-27 05:15:05,528] {logging_mixin.py:115} INFO - [2022-06-27 05:15:05,528] {dag.py:2927} INFO - Setting next_dagrun for latest_only_with_trigger to 2022-06-27T08:15:05.527410+00:00, run_after=2022-06-27T12:15:05.527410+00:00
[2022-06-27 05:15:05,579] {processor.py:161} INFO - Processing /home/ubuntu/airflow/airflow_env/lib/python3.8/site-packages/airflow/example_dags/example_latest_only_with_trigger.py took 0.298 seconds
[2022-06-27 05:15:55,631] {processor.py:153} INFO - Started process (PID=152149) to work on /home/ubuntu/airflow/airflow_env/lib/python3.8/site-packages/airflow/example_dags/example_latest_only_with_trigger.py
[2022-06-27 05:15:55,637] {processor.py:641} INFO - Processing file /home/ubuntu/airflow/airflow_env/lib/python3.8/site-packages/airflow/example_dags/example_latest_only_with_trigger.py for tasks to queue
[2022-06-27 05:15:55,640] {logging_mixin.py:115} INFO - [2022-06-27 05:15:55,639] {dagbag.py:507} INFO - Filling up the DagBag from /home/ubuntu/airflow/airflow_env/lib/python3.8/site-packages/airflow/example_dags/example_latest_only_with_trigger.py
[2022-06-27 05:15:55,703] {processor.py:651} INFO - DAG(s) dict_keys(['latest_only_with_trigger']) retrieved from /home/ubuntu/airflow/airflow_env/lib/python3.8/site-packages/airflow/example_dags/example_latest_only_with_trigger.py
[2022-06-27 05:15:55,878] {logging_mixin.py:115} INFO - [2022-06-27 05:15:55,878] {dag.py:2379} INFO - Sync 1 DAGs
[2022-06-27 05:15:55,980] {logging_mixin.py:115} INFO - [2022-06-27 05:15:55,977] {dag.py:2927} INFO - Setting next_dagrun for latest_only_with_trigger to 2022-06-27T08:15:55.977392+00:00, run_after=2022-06-27T12:15:55.977392+00:00
[2022-06-27 05:15:56,021] {processor.py:161} INFO - Processing /home/ubuntu/airflow/airflow_env/lib/python3.8/site-packages/airflow/example_dags/example_latest_only_with_trigger.py took 0.414 seconds
[2022-06-27 05:16:47,867] {processor.py:153} INFO - Started process (PID=152200) to work on /home/ubuntu/airflow/airflow_env/lib/python3.8/site-packages/airflow/example_dags/example_latest_only_with_trigger.py
[2022-06-27 05:16:47,874] {processor.py:641} INFO - Processing file /home/ubuntu/airflow/airflow_env/lib/python3.8/site-packages/airflow/example_dags/example_latest_only_with_trigger.py for tasks to queue
[2022-06-27 05:16:47,876] {logging_mixin.py:115} INFO - [2022-06-27 05:16:47,876] {dagbag.py:507} INFO - Filling up the DagBag from /home/ubuntu/airflow/airflow_env/lib/python3.8/site-packages/airflow/example_dags/example_latest_only_with_trigger.py
[2022-06-27 05:16:47,951] {processor.py:651} INFO - DAG(s) dict_keys(['latest_only_with_trigger']) retrieved from /home/ubuntu/airflow/airflow_env/lib/python3.8/site-packages/airflow/example_dags/example_latest_only_with_trigger.py
[2022-06-27 05:16:48,081] {logging_mixin.py:115} INFO - [2022-06-27 05:16:48,077] {dag.py:2379} INFO - Sync 1 DAGs
[2022-06-27 05:16:48,202] {logging_mixin.py:115} INFO - [2022-06-27 05:16:48,202] {dag.py:2927} INFO - Setting next_dagrun for latest_only_with_trigger to 2022-06-27T08:16:48.195012+00:00, run_after=2022-06-27T12:16:48.195012+00:00
[2022-06-27 05:16:48,260] {processor.py:161} INFO - Processing /home/ubuntu/airflow/airflow_env/lib/python3.8/site-packages/airflow/example_dags/example_latest_only_with_trigger.py took 0.435 seconds
[2022-06-27 05:17:39,356] {processor.py:153} INFO - Started process (PID=152243) to work on /home/ubuntu/airflow/airflow_env/lib/python3.8/site-packages/airflow/example_dags/example_latest_only_with_trigger.py
[2022-06-27 05:17:39,365] {processor.py:641} INFO - Processing file /home/ubuntu/airflow/airflow_env/lib/python3.8/site-packages/airflow/example_dags/example_latest_only_with_trigger.py for tasks to queue
[2022-06-27 05:17:39,366] {logging_mixin.py:115} INFO - [2022-06-27 05:17:39,365] {dagbag.py:507} INFO - Filling up the DagBag from /home/ubuntu/airflow/airflow_env/lib/python3.8/site-packages/airflow/example_dags/example_latest_only_with_trigger.py
[2022-06-27 05:17:39,397] {processor.py:651} INFO - DAG(s) dict_keys(['latest_only_with_trigger']) retrieved from /home/ubuntu/airflow/airflow_env/lib/python3.8/site-packages/airflow/example_dags/example_latest_only_with_trigger.py
[2022-06-27 05:17:39,472] {logging_mixin.py:115} INFO - [2022-06-27 05:17:39,472] {dag.py:2379} INFO - Sync 1 DAGs
[2022-06-27 05:17:39,523] {logging_mixin.py:115} INFO - [2022-06-27 05:17:39,523] {dag.py:2927} INFO - Setting next_dagrun for latest_only_with_trigger to 2022-06-27T08:17:39.521991+00:00, run_after=2022-06-27T12:17:39.521991+00:00
[2022-06-27 05:17:39,552] {processor.py:161} INFO - Processing /home/ubuntu/airflow/airflow_env/lib/python3.8/site-packages/airflow/example_dags/example_latest_only_with_trigger.py took 0.203 seconds
[2022-06-27 05:18:30,291] {processor.py:153} INFO - Started process (PID=152283) to work on /home/ubuntu/airflow/airflow_env/lib/python3.8/site-packages/airflow/example_dags/example_latest_only_with_trigger.py
[2022-06-27 05:18:30,298] {processor.py:641} INFO - Processing file /home/ubuntu/airflow/airflow_env/lib/python3.8/site-packages/airflow/example_dags/example_latest_only_with_trigger.py for tasks to queue
[2022-06-27 05:18:30,300] {logging_mixin.py:115} INFO - [2022-06-27 05:18:30,300] {dagbag.py:507} INFO - Filling up the DagBag from /home/ubuntu/airflow/airflow_env/lib/python3.8/site-packages/airflow/example_dags/example_latest_only_with_trigger.py
[2022-06-27 05:18:30,327] {processor.py:651} INFO - DAG(s) dict_keys(['latest_only_with_trigger']) retrieved from /home/ubuntu/airflow/airflow_env/lib/python3.8/site-packages/airflow/example_dags/example_latest_only_with_trigger.py
[2022-06-27 05:18:30,381] {logging_mixin.py:115} INFO - [2022-06-27 05:18:30,381] {dag.py:2379} INFO - Sync 1 DAGs
[2022-06-27 05:18:30,416] {logging_mixin.py:115} INFO - [2022-06-27 05:18:30,416] {dag.py:2927} INFO - Setting next_dagrun for latest_only_with_trigger to 2022-06-27T08:18:30.415963+00:00, run_after=2022-06-27T12:18:30.415963+00:00
[2022-06-27 05:18:30,442] {processor.py:161} INFO - Processing /home/ubuntu/airflow/airflow_env/lib/python3.8/site-packages/airflow/example_dags/example_latest_only_with_trigger.py took 0.175 seconds
[2022-06-27 05:19:16,674] {processor.py:153} INFO - Started process (PID=152322) to work on /home/ubuntu/airflow/airflow_env/lib/python3.8/site-packages/airflow/example_dags/example_latest_only_with_trigger.py
[2022-06-27 05:19:16,676] {processor.py:641} INFO - Processing file /home/ubuntu/airflow/airflow_env/lib/python3.8/site-packages/airflow/example_dags/example_latest_only_with_trigger.py for tasks to queue
[2022-06-27 05:19:16,678] {logging_mixin.py:115} INFO - [2022-06-27 05:19:16,678] {dagbag.py:507} INFO - Filling up the DagBag from /home/ubuntu/airflow/airflow_env/lib/python3.8/site-packages/airflow/example_dags/example_latest_only_with_trigger.py
[2022-06-27 05:19:16,708] {processor.py:651} INFO - DAG(s) dict_keys(['latest_only_with_trigger']) retrieved from /home/ubuntu/airflow/airflow_env/lib/python3.8/site-packages/airflow/example_dags/example_latest_only_with_trigger.py
[2022-06-27 05:19:16,789] {logging_mixin.py:115} INFO - [2022-06-27 05:19:16,789] {dag.py:2379} INFO - Sync 1 DAGs
[2022-06-27 05:19:16,829] {logging_mixin.py:115} INFO - [2022-06-27 05:19:16,828] {dag.py:2927} INFO - Setting next_dagrun for latest_only_with_trigger to 2022-06-27T08:19:16.828508+00:00, run_after=2022-06-27T12:19:16.828508+00:00
[2022-06-27 05:19:16,885] {processor.py:161} INFO - Processing /home/ubuntu/airflow/airflow_env/lib/python3.8/site-packages/airflow/example_dags/example_latest_only_with_trigger.py took 0.217 seconds
[2022-06-27 05:20:09,420] {processor.py:153} INFO - Started process (PID=152361) to work on /home/ubuntu/airflow/airflow_env/lib/python3.8/site-packages/airflow/example_dags/example_latest_only_with_trigger.py
[2022-06-27 05:20:09,426] {processor.py:641} INFO - Processing file /home/ubuntu/airflow/airflow_env/lib/python3.8/site-packages/airflow/example_dags/example_latest_only_with_trigger.py for tasks to queue
[2022-06-27 05:20:09,432] {logging_mixin.py:115} INFO - [2022-06-27 05:20:09,431] {dagbag.py:507} INFO - Filling up the DagBag from /home/ubuntu/airflow/airflow_env/lib/python3.8/site-packages/airflow/example_dags/example_latest_only_with_trigger.py
[2022-06-27 05:20:09,462] {processor.py:651} INFO - DAG(s) dict_keys(['latest_only_with_trigger']) retrieved from /home/ubuntu/airflow/airflow_env/lib/python3.8/site-packages/airflow/example_dags/example_latest_only_with_trigger.py
[2022-06-27 05:20:09,524] {logging_mixin.py:115} INFO - [2022-06-27 05:20:09,524] {dag.py:2379} INFO - Sync 1 DAGs
[2022-06-27 05:20:09,573] {logging_mixin.py:115} INFO - [2022-06-27 05:20:09,573] {dag.py:2927} INFO - Setting next_dagrun for latest_only_with_trigger to 2022-06-27T08:20:09.568266+00:00, run_after=2022-06-27T12:20:09.568266+00:00
[2022-06-27 05:20:09,607] {processor.py:161} INFO - Processing /home/ubuntu/airflow/airflow_env/lib/python3.8/site-packages/airflow/example_dags/example_latest_only_with_trigger.py took 0.215 seconds
[2022-06-27 05:21:00,489] {processor.py:153} INFO - Started process (PID=152407) to work on /home/ubuntu/airflow/airflow_env/lib/python3.8/site-packages/airflow/example_dags/example_latest_only_with_trigger.py
[2022-06-27 05:21:00,492] {processor.py:641} INFO - Processing file /home/ubuntu/airflow/airflow_env/lib/python3.8/site-packages/airflow/example_dags/example_latest_only_with_trigger.py for tasks to queue
[2022-06-27 05:21:00,497] {logging_mixin.py:115} INFO - [2022-06-27 05:21:00,493] {dagbag.py:507} INFO - Filling up the DagBag from /home/ubuntu/airflow/airflow_env/lib/python3.8/site-packages/airflow/example_dags/example_latest_only_with_trigger.py
[2022-06-27 05:21:00,542] {processor.py:651} INFO - DAG(s) dict_keys(['latest_only_with_trigger']) retrieved from /home/ubuntu/airflow/airflow_env/lib/python3.8/site-packages/airflow/example_dags/example_latest_only_with_trigger.py
[2022-06-27 05:21:00,628] {logging_mixin.py:115} INFO - [2022-06-27 05:21:00,628] {dag.py:2379} INFO - Sync 1 DAGs
[2022-06-27 05:21:00,805] {logging_mixin.py:115} INFO - [2022-06-27 05:21:00,805] {dag.py:2927} INFO - Setting next_dagrun for latest_only_with_trigger to 2022-06-27T08:21:00.804593+00:00, run_after=2022-06-27T12:21:00.804593+00:00
[2022-06-27 05:21:00,861] {processor.py:161} INFO - Processing /home/ubuntu/airflow/airflow_env/lib/python3.8/site-packages/airflow/example_dags/example_latest_only_with_trigger.py took 0.390 seconds
[2022-06-27 05:21:54,511] {processor.py:153} INFO - Started process (PID=152451) to work on /home/ubuntu/airflow/airflow_env/lib/python3.8/site-packages/airflow/example_dags/example_latest_only_with_trigger.py
[2022-06-27 05:21:54,517] {processor.py:641} INFO - Processing file /home/ubuntu/airflow/airflow_env/lib/python3.8/site-packages/airflow/example_dags/example_latest_only_with_trigger.py for tasks to queue
[2022-06-27 05:21:54,519] {logging_mixin.py:115} INFO - [2022-06-27 05:21:54,518] {dagbag.py:507} INFO - Filling up the DagBag from /home/ubuntu/airflow/airflow_env/lib/python3.8/site-packages/airflow/example_dags/example_latest_only_with_trigger.py
[2022-06-27 05:21:54,547] {processor.py:651} INFO - DAG(s) dict_keys(['latest_only_with_trigger']) retrieved from /home/ubuntu/airflow/airflow_env/lib/python3.8/site-packages/airflow/example_dags/example_latest_only_with_trigger.py
[2022-06-27 05:21:54,640] {logging_mixin.py:115} INFO - [2022-06-27 05:21:54,639] {dag.py:2379} INFO - Sync 1 DAGs
[2022-06-27 05:21:54,718] {logging_mixin.py:115} INFO - [2022-06-27 05:21:54,717] {dag.py:2927} INFO - Setting next_dagrun for latest_only_with_trigger to 2022-06-27T08:21:54.715531+00:00, run_after=2022-06-27T12:21:54.715531+00:00
[2022-06-27 05:21:54,800] {processor.py:161} INFO - Processing /home/ubuntu/airflow/airflow_env/lib/python3.8/site-packages/airflow/example_dags/example_latest_only_with_trigger.py took 0.318 seconds
[2022-06-27 05:22:46,991] {processor.py:153} INFO - Started process (PID=152492) to work on /home/ubuntu/airflow/airflow_env/lib/python3.8/site-packages/airflow/example_dags/example_latest_only_with_trigger.py
[2022-06-27 05:22:46,994] {processor.py:641} INFO - Processing file /home/ubuntu/airflow/airflow_env/lib/python3.8/site-packages/airflow/example_dags/example_latest_only_with_trigger.py for tasks to queue
[2022-06-27 05:22:46,996] {logging_mixin.py:115} INFO - [2022-06-27 05:22:46,996] {dagbag.py:507} INFO - Filling up the DagBag from /home/ubuntu/airflow/airflow_env/lib/python3.8/site-packages/airflow/example_dags/example_latest_only_with_trigger.py
[2022-06-27 05:22:47,038] {processor.py:651} INFO - DAG(s) dict_keys(['latest_only_with_trigger']) retrieved from /home/ubuntu/airflow/airflow_env/lib/python3.8/site-packages/airflow/example_dags/example_latest_only_with_trigger.py
[2022-06-27 05:22:47,114] {logging_mixin.py:115} INFO - [2022-06-27 05:22:47,114] {dag.py:2379} INFO - Sync 1 DAGs
[2022-06-27 05:22:47,159] {logging_mixin.py:115} INFO - [2022-06-27 05:22:47,159] {dag.py:2927} INFO - Setting next_dagrun for latest_only_with_trigger to 2022-06-27T08:22:47.159224+00:00, run_after=2022-06-27T12:22:47.159224+00:00
[2022-06-27 05:22:47,184] {processor.py:161} INFO - Processing /home/ubuntu/airflow/airflow_env/lib/python3.8/site-packages/airflow/example_dags/example_latest_only_with_trigger.py took 0.227 seconds
[2022-06-27 05:23:36,710] {processor.py:153} INFO - Started process (PID=152540) to work on /home/ubuntu/airflow/airflow_env/lib/python3.8/site-packages/airflow/example_dags/example_latest_only_with_trigger.py
[2022-06-27 05:23:36,716] {processor.py:641} INFO - Processing file /home/ubuntu/airflow/airflow_env/lib/python3.8/site-packages/airflow/example_dags/example_latest_only_with_trigger.py for tasks to queue
[2022-06-27 05:23:36,722] {logging_mixin.py:115} INFO - [2022-06-27 05:23:36,717] {dagbag.py:507} INFO - Filling up the DagBag from /home/ubuntu/airflow/airflow_env/lib/python3.8/site-packages/airflow/example_dags/example_latest_only_with_trigger.py
[2022-06-27 05:23:36,781] {processor.py:651} INFO - DAG(s) dict_keys(['latest_only_with_trigger']) retrieved from /home/ubuntu/airflow/airflow_env/lib/python3.8/site-packages/airflow/example_dags/example_latest_only_with_trigger.py
[2022-06-27 05:23:36,879] {logging_mixin.py:115} INFO - [2022-06-27 05:23:36,879] {dag.py:2379} INFO - Sync 1 DAGs
[2022-06-27 05:23:36,932] {logging_mixin.py:115} INFO - [2022-06-27 05:23:36,932] {dag.py:2927} INFO - Setting next_dagrun for latest_only_with_trigger to 2022-06-27T08:23:36.931247+00:00, run_after=2022-06-27T12:23:36.931247+00:00
[2022-06-27 05:23:36,984] {processor.py:161} INFO - Processing /home/ubuntu/airflow/airflow_env/lib/python3.8/site-packages/airflow/example_dags/example_latest_only_with_trigger.py took 0.304 seconds
[2022-06-27 05:24:25,605] {processor.py:153} INFO - Started process (PID=152578) to work on /home/ubuntu/airflow/airflow_env/lib/python3.8/site-packages/airflow/example_dags/example_latest_only_with_trigger.py
[2022-06-27 05:24:25,612] {processor.py:641} INFO - Processing file /home/ubuntu/airflow/airflow_env/lib/python3.8/site-packages/airflow/example_dags/example_latest_only_with_trigger.py for tasks to queue
[2022-06-27 05:24:25,621] {logging_mixin.py:115} INFO - [2022-06-27 05:24:25,620] {dagbag.py:507} INFO - Filling up the DagBag from /home/ubuntu/airflow/airflow_env/lib/python3.8/site-packages/airflow/example_dags/example_latest_only_with_trigger.py
[2022-06-27 05:24:25,701] {processor.py:651} INFO - DAG(s) dict_keys(['latest_only_with_trigger']) retrieved from /home/ubuntu/airflow/airflow_env/lib/python3.8/site-packages/airflow/example_dags/example_latest_only_with_trigger.py
[2022-06-27 05:24:25,832] {logging_mixin.py:115} INFO - [2022-06-27 05:24:25,832] {dag.py:2379} INFO - Sync 1 DAGs
[2022-06-27 05:24:25,944] {logging_mixin.py:115} INFO - [2022-06-27 05:24:25,944] {dag.py:2927} INFO - Setting next_dagrun for latest_only_with_trigger to 2022-06-27T08:24:25.937744+00:00, run_after=2022-06-27T12:24:25.937744+00:00
[2022-06-27 05:24:25,990] {processor.py:161} INFO - Processing /home/ubuntu/airflow/airflow_env/lib/python3.8/site-packages/airflow/example_dags/example_latest_only_with_trigger.py took 0.418 seconds
[2022-06-27 05:25:13,545] {processor.py:153} INFO - Started process (PID=152615) to work on /home/ubuntu/airflow/airflow_env/lib/python3.8/site-packages/airflow/example_dags/example_latest_only_with_trigger.py
[2022-06-27 05:25:13,550] {processor.py:641} INFO - Processing file /home/ubuntu/airflow/airflow_env/lib/python3.8/site-packages/airflow/example_dags/example_latest_only_with_trigger.py for tasks to queue
[2022-06-27 05:25:13,556] {logging_mixin.py:115} INFO - [2022-06-27 05:25:13,556] {dagbag.py:507} INFO - Filling up the DagBag from /home/ubuntu/airflow/airflow_env/lib/python3.8/site-packages/airflow/example_dags/example_latest_only_with_trigger.py
[2022-06-27 05:25:13,622] {processor.py:651} INFO - DAG(s) dict_keys(['latest_only_with_trigger']) retrieved from /home/ubuntu/airflow/airflow_env/lib/python3.8/site-packages/airflow/example_dags/example_latest_only_with_trigger.py
[2022-06-27 05:25:13,730] {logging_mixin.py:115} INFO - [2022-06-27 05:25:13,730] {dag.py:2379} INFO - Sync 1 DAGs
[2022-06-27 05:25:13,915] {logging_mixin.py:115} INFO - [2022-06-27 05:25:13,915] {dag.py:2927} INFO - Setting next_dagrun for latest_only_with_trigger to 2022-06-27T08:25:13.914446+00:00, run_after=2022-06-27T12:25:13.914446+00:00
[2022-06-27 05:25:13,961] {processor.py:161} INFO - Processing /home/ubuntu/airflow/airflow_env/lib/python3.8/site-packages/airflow/example_dags/example_latest_only_with_trigger.py took 0.432 seconds
[2022-06-27 05:26:04,941] {processor.py:153} INFO - Started process (PID=152653) to work on /home/ubuntu/airflow/airflow_env/lib/python3.8/site-packages/airflow/example_dags/example_latest_only_with_trigger.py
[2022-06-27 05:26:04,947] {processor.py:641} INFO - Processing file /home/ubuntu/airflow/airflow_env/lib/python3.8/site-packages/airflow/example_dags/example_latest_only_with_trigger.py for tasks to queue
[2022-06-27 05:26:04,955] {logging_mixin.py:115} INFO - [2022-06-27 05:26:04,955] {dagbag.py:507} INFO - Filling up the DagBag from /home/ubuntu/airflow/airflow_env/lib/python3.8/site-packages/airflow/example_dags/example_latest_only_with_trigger.py
[2022-06-27 05:26:05,007] {processor.py:651} INFO - DAG(s) dict_keys(['latest_only_with_trigger']) retrieved from /home/ubuntu/airflow/airflow_env/lib/python3.8/site-packages/airflow/example_dags/example_latest_only_with_trigger.py
[2022-06-27 05:26:05,155] {logging_mixin.py:115} INFO - [2022-06-27 05:26:05,155] {dag.py:2379} INFO - Sync 1 DAGs
[2022-06-27 05:26:05,238] {logging_mixin.py:115} INFO - [2022-06-27 05:26:05,238] {dag.py:2927} INFO - Setting next_dagrun for latest_only_with_trigger to 2022-06-27T08:26:05.237710+00:00, run_after=2022-06-27T12:26:05.237710+00:00
[2022-06-27 05:26:05,282] {processor.py:161} INFO - Processing /home/ubuntu/airflow/airflow_env/lib/python3.8/site-packages/airflow/example_dags/example_latest_only_with_trigger.py took 0.378 seconds
[2022-06-27 05:26:50,420] {processor.py:153} INFO - Started process (PID=152691) to work on /home/ubuntu/airflow/airflow_env/lib/python3.8/site-packages/airflow/example_dags/example_latest_only_with_trigger.py
[2022-06-27 05:26:50,430] {processor.py:641} INFO - Processing file /home/ubuntu/airflow/airflow_env/lib/python3.8/site-packages/airflow/example_dags/example_latest_only_with_trigger.py for tasks to queue
[2022-06-27 05:26:50,432] {logging_mixin.py:115} INFO - [2022-06-27 05:26:50,432] {dagbag.py:507} INFO - Filling up the DagBag from /home/ubuntu/airflow/airflow_env/lib/python3.8/site-packages/airflow/example_dags/example_latest_only_with_trigger.py
[2022-06-27 05:26:50,477] {processor.py:651} INFO - DAG(s) dict_keys(['latest_only_with_trigger']) retrieved from /home/ubuntu/airflow/airflow_env/lib/python3.8/site-packages/airflow/example_dags/example_latest_only_with_trigger.py
[2022-06-27 05:26:50,514] {logging_mixin.py:115} INFO - [2022-06-27 05:26:50,514] {dag.py:2379} INFO - Sync 1 DAGs
[2022-06-27 05:26:50,560] {logging_mixin.py:115} INFO - [2022-06-27 05:26:50,560] {dag.py:2927} INFO - Setting next_dagrun for latest_only_with_trigger to 2022-06-27T08:26:50.559839+00:00, run_after=2022-06-27T12:26:50.559839+00:00
[2022-06-27 05:26:50,589] {processor.py:161} INFO - Processing /home/ubuntu/airflow/airflow_env/lib/python3.8/site-packages/airflow/example_dags/example_latest_only_with_trigger.py took 0.192 seconds
[2022-06-27 05:27:38,298] {processor.py:153} INFO - Started process (PID=152749) to work on /home/ubuntu/airflow/airflow_env/lib/python3.8/site-packages/airflow/example_dags/example_latest_only_with_trigger.py
[2022-06-27 05:27:38,307] {processor.py:641} INFO - Processing file /home/ubuntu/airflow/airflow_env/lib/python3.8/site-packages/airflow/example_dags/example_latest_only_with_trigger.py for tasks to queue
[2022-06-27 05:27:38,309] {logging_mixin.py:115} INFO - [2022-06-27 05:27:38,309] {dagbag.py:507} INFO - Filling up the DagBag from /home/ubuntu/airflow/airflow_env/lib/python3.8/site-packages/airflow/example_dags/example_latest_only_with_trigger.py
[2022-06-27 05:27:38,370] {processor.py:651} INFO - DAG(s) dict_keys(['latest_only_with_trigger']) retrieved from /home/ubuntu/airflow/airflow_env/lib/python3.8/site-packages/airflow/example_dags/example_latest_only_with_trigger.py
[2022-06-27 05:27:38,437] {logging_mixin.py:115} INFO - [2022-06-27 05:27:38,437] {dag.py:2379} INFO - Sync 1 DAGs
[2022-06-27 05:27:38,531] {logging_mixin.py:115} INFO - [2022-06-27 05:27:38,531] {dag.py:2927} INFO - Setting next_dagrun for latest_only_with_trigger to 2022-06-27T08:27:38.530072+00:00, run_after=2022-06-27T12:27:38.530072+00:00
[2022-06-27 05:27:38,580] {processor.py:161} INFO - Processing /home/ubuntu/airflow/airflow_env/lib/python3.8/site-packages/airflow/example_dags/example_latest_only_with_trigger.py took 0.320 seconds
[2022-06-27 05:28:31,909] {processor.py:153} INFO - Started process (PID=152794) to work on /home/ubuntu/airflow/airflow_env/lib/python3.8/site-packages/airflow/example_dags/example_latest_only_with_trigger.py
[2022-06-27 05:28:31,910] {processor.py:641} INFO - Processing file /home/ubuntu/airflow/airflow_env/lib/python3.8/site-packages/airflow/example_dags/example_latest_only_with_trigger.py for tasks to queue
[2022-06-27 05:28:31,912] {logging_mixin.py:115} INFO - [2022-06-27 05:28:31,911] {dagbag.py:507} INFO - Filling up the DagBag from /home/ubuntu/airflow/airflow_env/lib/python3.8/site-packages/airflow/example_dags/example_latest_only_with_trigger.py
[2022-06-27 05:28:31,944] {processor.py:651} INFO - DAG(s) dict_keys(['latest_only_with_trigger']) retrieved from /home/ubuntu/airflow/airflow_env/lib/python3.8/site-packages/airflow/example_dags/example_latest_only_with_trigger.py
[2022-06-27 05:28:32,015] {logging_mixin.py:115} INFO - [2022-06-27 05:28:32,015] {dag.py:2379} INFO - Sync 1 DAGs
[2022-06-27 05:28:32,185] {logging_mixin.py:115} INFO - [2022-06-27 05:28:32,185] {dag.py:2927} INFO - Setting next_dagrun for latest_only_with_trigger to 2022-06-27T08:28:32.177795+00:00, run_after=2022-06-27T12:28:32.177795+00:00
[2022-06-27 05:28:32,245] {processor.py:161} INFO - Processing /home/ubuntu/airflow/airflow_env/lib/python3.8/site-packages/airflow/example_dags/example_latest_only_with_trigger.py took 0.350 seconds
[2022-06-27 05:29:29,246] {processor.py:153} INFO - Started process (PID=152839) to work on /home/ubuntu/airflow/airflow_env/lib/python3.8/site-packages/airflow/example_dags/example_latest_only_with_trigger.py
[2022-06-27 05:29:29,248] {processor.py:641} INFO - Processing file /home/ubuntu/airflow/airflow_env/lib/python3.8/site-packages/airflow/example_dags/example_latest_only_with_trigger.py for tasks to queue
[2022-06-27 05:29:29,249] {logging_mixin.py:115} INFO - [2022-06-27 05:29:29,249] {dagbag.py:507} INFO - Filling up the DagBag from /home/ubuntu/airflow/airflow_env/lib/python3.8/site-packages/airflow/example_dags/example_latest_only_with_trigger.py
[2022-06-27 05:29:29,287] {processor.py:651} INFO - DAG(s) dict_keys(['latest_only_with_trigger']) retrieved from /home/ubuntu/airflow/airflow_env/lib/python3.8/site-packages/airflow/example_dags/example_latest_only_with_trigger.py
[2022-06-27 05:29:29,472] {logging_mixin.py:115} INFO - [2022-06-27 05:29:29,472] {dag.py:2379} INFO - Sync 1 DAGs
[2022-06-27 05:29:29,542] {logging_mixin.py:115} INFO - [2022-06-27 05:29:29,540] {dag.py:2927} INFO - Setting next_dagrun for latest_only_with_trigger to 2022-06-27T08:29:29.539547+00:00, run_after=2022-06-27T12:29:29.539547+00:00
[2022-06-27 05:29:29,587] {processor.py:161} INFO - Processing /home/ubuntu/airflow/airflow_env/lib/python3.8/site-packages/airflow/example_dags/example_latest_only_with_trigger.py took 0.352 seconds
[2022-06-27 05:30:08,280] {processor.py:153} INFO - Started process (PID=152900) to work on /home/ubuntu/airflow/airflow_env/lib/python3.8/site-packages/airflow/example_dags/example_latest_only_with_trigger.py
[2022-06-27 05:30:08,281] {processor.py:641} INFO - Processing file /home/ubuntu/airflow/airflow_env/lib/python3.8/site-packages/airflow/example_dags/example_latest_only_with_trigger.py for tasks to queue
[2022-06-27 05:30:08,281] {logging_mixin.py:115} INFO - [2022-06-27 05:30:08,281] {dagbag.py:507} INFO - Filling up the DagBag from /home/ubuntu/airflow/airflow_env/lib/python3.8/site-packages/airflow/example_dags/example_latest_only_with_trigger.py
[2022-06-27 05:30:08,298] {processor.py:651} INFO - DAG(s) dict_keys(['latest_only_with_trigger']) retrieved from /home/ubuntu/airflow/airflow_env/lib/python3.8/site-packages/airflow/example_dags/example_latest_only_with_trigger.py
[2022-06-27 05:30:08,333] {logging_mixin.py:115} INFO - [2022-06-27 05:30:08,333] {dag.py:2379} INFO - Sync 1 DAGs
[2022-06-27 05:30:08,493] {logging_mixin.py:115} INFO - [2022-06-27 05:30:08,485] {dag.py:2927} INFO - Setting next_dagrun for latest_only_with_trigger to 2022-06-27T08:30:08.483994+00:00, run_after=2022-06-27T12:30:08.483994+00:00
[2022-06-27 05:30:08,636] {processor.py:161} INFO - Processing /home/ubuntu/airflow/airflow_env/lib/python3.8/site-packages/airflow/example_dags/example_latest_only_with_trigger.py took 0.362 seconds
[2022-06-27 05:31:01,888] {processor.py:153} INFO - Started process (PID=152941) to work on /home/ubuntu/airflow/airflow_env/lib/python3.8/site-packages/airflow/example_dags/example_latest_only_with_trigger.py
[2022-06-27 05:31:01,890] {processor.py:641} INFO - Processing file /home/ubuntu/airflow/airflow_env/lib/python3.8/site-packages/airflow/example_dags/example_latest_only_with_trigger.py for tasks to queue
[2022-06-27 05:31:01,892] {logging_mixin.py:115} INFO - [2022-06-27 05:31:01,891] {dagbag.py:507} INFO - Filling up the DagBag from /home/ubuntu/airflow/airflow_env/lib/python3.8/site-packages/airflow/example_dags/example_latest_only_with_trigger.py
[2022-06-27 05:31:01,928] {processor.py:651} INFO - DAG(s) dict_keys(['latest_only_with_trigger']) retrieved from /home/ubuntu/airflow/airflow_env/lib/python3.8/site-packages/airflow/example_dags/example_latest_only_with_trigger.py
[2022-06-27 05:31:02,019] {logging_mixin.py:115} INFO - [2022-06-27 05:31:02,019] {dag.py:2379} INFO - Sync 1 DAGs
[2022-06-27 05:31:02,203] {logging_mixin.py:115} INFO - [2022-06-27 05:31:02,197] {dag.py:2927} INFO - Setting next_dagrun for latest_only_with_trigger to 2022-06-27T08:31:02.196834+00:00, run_after=2022-06-27T12:31:02.196834+00:00
[2022-06-27 05:31:02,252] {processor.py:161} INFO - Processing /home/ubuntu/airflow/airflow_env/lib/python3.8/site-packages/airflow/example_dags/example_latest_only_with_trigger.py took 0.372 seconds
[2022-06-27 05:31:50,135] {processor.py:153} INFO - Started process (PID=152991) to work on /home/ubuntu/airflow/airflow_env/lib/python3.8/site-packages/airflow/example_dags/example_latest_only_with_trigger.py
[2022-06-27 05:31:50,136] {processor.py:641} INFO - Processing file /home/ubuntu/airflow/airflow_env/lib/python3.8/site-packages/airflow/example_dags/example_latest_only_with_trigger.py for tasks to queue
[2022-06-27 05:31:50,137] {logging_mixin.py:115} INFO - [2022-06-27 05:31:50,136] {dagbag.py:507} INFO - Filling up the DagBag from /home/ubuntu/airflow/airflow_env/lib/python3.8/site-packages/airflow/example_dags/example_latest_only_with_trigger.py
[2022-06-27 05:31:50,152] {processor.py:651} INFO - DAG(s) dict_keys(['latest_only_with_trigger']) retrieved from /home/ubuntu/airflow/airflow_env/lib/python3.8/site-packages/airflow/example_dags/example_latest_only_with_trigger.py
[2022-06-27 05:31:50,188] {logging_mixin.py:115} INFO - [2022-06-27 05:31:50,188] {dag.py:2379} INFO - Sync 1 DAGs
[2022-06-27 05:31:50,229] {logging_mixin.py:115} INFO - [2022-06-27 05:31:50,229] {dag.py:2927} INFO - Setting next_dagrun for latest_only_with_trigger to 2022-06-27T08:31:50.228564+00:00, run_after=2022-06-27T12:31:50.228564+00:00
[2022-06-27 05:31:50,249] {processor.py:161} INFO - Processing /home/ubuntu/airflow/airflow_env/lib/python3.8/site-packages/airflow/example_dags/example_latest_only_with_trigger.py took 0.119 seconds
[2022-06-27 05:32:36,240] {processor.py:153} INFO - Started process (PID=153033) to work on /home/ubuntu/airflow/airflow_env/lib/python3.8/site-packages/airflow/example_dags/example_latest_only_with_trigger.py
[2022-06-27 05:32:36,242] {processor.py:641} INFO - Processing file /home/ubuntu/airflow/airflow_env/lib/python3.8/site-packages/airflow/example_dags/example_latest_only_with_trigger.py for tasks to queue
[2022-06-27 05:32:36,244] {logging_mixin.py:115} INFO - [2022-06-27 05:32:36,244] {dagbag.py:507} INFO - Filling up the DagBag from /home/ubuntu/airflow/airflow_env/lib/python3.8/site-packages/airflow/example_dags/example_latest_only_with_trigger.py
[2022-06-27 05:32:36,264] {processor.py:651} INFO - DAG(s) dict_keys(['latest_only_with_trigger']) retrieved from /home/ubuntu/airflow/airflow_env/lib/python3.8/site-packages/airflow/example_dags/example_latest_only_with_trigger.py
[2022-06-27 05:32:36,324] {logging_mixin.py:115} INFO - [2022-06-27 05:32:36,324] {dag.py:2379} INFO - Sync 1 DAGs
[2022-06-27 05:32:36,361] {logging_mixin.py:115} INFO - [2022-06-27 05:32:36,360] {dag.py:2927} INFO - Setting next_dagrun for latest_only_with_trigger to 2022-06-27T08:32:36.360212+00:00, run_after=2022-06-27T12:32:36.360212+00:00
[2022-06-27 05:32:36,382] {processor.py:161} INFO - Processing /home/ubuntu/airflow/airflow_env/lib/python3.8/site-packages/airflow/example_dags/example_latest_only_with_trigger.py took 0.160 seconds
[2022-06-27 05:33:22,500] {processor.py:153} INFO - Started process (PID=153069) to work on /home/ubuntu/airflow/airflow_env/lib/python3.8/site-packages/airflow/example_dags/example_latest_only_with_trigger.py
[2022-06-27 05:33:22,505] {processor.py:641} INFO - Processing file /home/ubuntu/airflow/airflow_env/lib/python3.8/site-packages/airflow/example_dags/example_latest_only_with_trigger.py for tasks to queue
[2022-06-27 05:33:22,506] {logging_mixin.py:115} INFO - [2022-06-27 05:33:22,506] {dagbag.py:507} INFO - Filling up the DagBag from /home/ubuntu/airflow/airflow_env/lib/python3.8/site-packages/airflow/example_dags/example_latest_only_with_trigger.py
[2022-06-27 05:33:22,522] {processor.py:651} INFO - DAG(s) dict_keys(['latest_only_with_trigger']) retrieved from /home/ubuntu/airflow/airflow_env/lib/python3.8/site-packages/airflow/example_dags/example_latest_only_with_trigger.py
[2022-06-27 05:33:22,563] {logging_mixin.py:115} INFO - [2022-06-27 05:33:22,563] {dag.py:2379} INFO - Sync 1 DAGs
[2022-06-27 05:33:22,597] {logging_mixin.py:115} INFO - [2022-06-27 05:33:22,597] {dag.py:2927} INFO - Setting next_dagrun for latest_only_with_trigger to 2022-06-27T08:33:22.596615+00:00, run_after=2022-06-27T12:33:22.596615+00:00
[2022-06-27 05:33:22,623] {processor.py:161} INFO - Processing /home/ubuntu/airflow/airflow_env/lib/python3.8/site-packages/airflow/example_dags/example_latest_only_with_trigger.py took 0.129 seconds
[2022-06-27 05:34:12,775] {processor.py:153} INFO - Started process (PID=153110) to work on /home/ubuntu/airflow/airflow_env/lib/python3.8/site-packages/airflow/example_dags/example_latest_only_with_trigger.py
[2022-06-27 05:34:12,780] {processor.py:641} INFO - Processing file /home/ubuntu/airflow/airflow_env/lib/python3.8/site-packages/airflow/example_dags/example_latest_only_with_trigger.py for tasks to queue
[2022-06-27 05:34:12,784] {logging_mixin.py:115} INFO - [2022-06-27 05:34:12,781] {dagbag.py:507} INFO - Filling up the DagBag from /home/ubuntu/airflow/airflow_env/lib/python3.8/site-packages/airflow/example_dags/example_latest_only_with_trigger.py
[2022-06-27 05:34:12,816] {processor.py:651} INFO - DAG(s) dict_keys(['latest_only_with_trigger']) retrieved from /home/ubuntu/airflow/airflow_env/lib/python3.8/site-packages/airflow/example_dags/example_latest_only_with_trigger.py
[2022-06-27 05:34:12,916] {logging_mixin.py:115} INFO - [2022-06-27 05:34:12,916] {dag.py:2379} INFO - Sync 1 DAGs
[2022-06-27 05:34:12,981] {logging_mixin.py:115} INFO - [2022-06-27 05:34:12,980] {dag.py:2927} INFO - Setting next_dagrun for latest_only_with_trigger to 2022-06-27T08:34:12.980154+00:00, run_after=2022-06-27T12:34:12.980154+00:00
[2022-06-27 05:34:13,051] {processor.py:161} INFO - Processing /home/ubuntu/airflow/airflow_env/lib/python3.8/site-packages/airflow/example_dags/example_latest_only_with_trigger.py took 0.303 seconds
[2022-06-27 05:35:01,804] {processor.py:153} INFO - Started process (PID=153151) to work on /home/ubuntu/airflow/airflow_env/lib/python3.8/site-packages/airflow/example_dags/example_latest_only_with_trigger.py
[2022-06-27 05:35:01,811] {processor.py:641} INFO - Processing file /home/ubuntu/airflow/airflow_env/lib/python3.8/site-packages/airflow/example_dags/example_latest_only_with_trigger.py for tasks to queue
[2022-06-27 05:35:01,812] {logging_mixin.py:115} INFO - [2022-06-27 05:35:01,812] {dagbag.py:507} INFO - Filling up the DagBag from /home/ubuntu/airflow/airflow_env/lib/python3.8/site-packages/airflow/example_dags/example_latest_only_with_trigger.py
[2022-06-27 05:35:01,838] {processor.py:651} INFO - DAG(s) dict_keys(['latest_only_with_trigger']) retrieved from /home/ubuntu/airflow/airflow_env/lib/python3.8/site-packages/airflow/example_dags/example_latest_only_with_trigger.py
[2022-06-27 05:35:01,888] {logging_mixin.py:115} INFO - [2022-06-27 05:35:01,888] {dag.py:2379} INFO - Sync 1 DAGs
[2022-06-27 05:35:01,924] {logging_mixin.py:115} INFO - [2022-06-27 05:35:01,924] {dag.py:2927} INFO - Setting next_dagrun for latest_only_with_trigger to 2022-06-27T08:35:01.924375+00:00, run_after=2022-06-27T12:35:01.924375+00:00
[2022-06-27 05:35:01,962] {processor.py:161} INFO - Processing /home/ubuntu/airflow/airflow_env/lib/python3.8/site-packages/airflow/example_dags/example_latest_only_with_trigger.py took 0.176 seconds
[2022-06-27 05:35:53,209] {processor.py:153} INFO - Started process (PID=153197) to work on /home/ubuntu/airflow/airflow_env/lib/python3.8/site-packages/airflow/example_dags/example_latest_only_with_trigger.py
[2022-06-27 05:35:53,210] {processor.py:641} INFO - Processing file /home/ubuntu/airflow/airflow_env/lib/python3.8/site-packages/airflow/example_dags/example_latest_only_with_trigger.py for tasks to queue
[2022-06-27 05:35:53,215] {logging_mixin.py:115} INFO - [2022-06-27 05:35:53,215] {dagbag.py:507} INFO - Filling up the DagBag from /home/ubuntu/airflow/airflow_env/lib/python3.8/site-packages/airflow/example_dags/example_latest_only_with_trigger.py
[2022-06-27 05:35:53,268] {processor.py:651} INFO - DAG(s) dict_keys(['latest_only_with_trigger']) retrieved from /home/ubuntu/airflow/airflow_env/lib/python3.8/site-packages/airflow/example_dags/example_latest_only_with_trigger.py
[2022-06-27 05:35:53,475] {logging_mixin.py:115} INFO - [2022-06-27 05:35:53,475] {dag.py:2379} INFO - Sync 1 DAGs
[2022-06-27 05:35:53,550] {logging_mixin.py:115} INFO - [2022-06-27 05:35:53,550] {dag.py:2927} INFO - Setting next_dagrun for latest_only_with_trigger to 2022-06-27T08:35:53.549198+00:00, run_after=2022-06-27T12:35:53.549198+00:00
[2022-06-27 05:35:53,575] {processor.py:161} INFO - Processing /home/ubuntu/airflow/airflow_env/lib/python3.8/site-packages/airflow/example_dags/example_latest_only_with_trigger.py took 0.389 seconds
[2022-06-27 05:36:44,513] {processor.py:153} INFO - Started process (PID=153235) to work on /home/ubuntu/airflow/airflow_env/lib/python3.8/site-packages/airflow/example_dags/example_latest_only_with_trigger.py
[2022-06-27 05:36:44,515] {processor.py:641} INFO - Processing file /home/ubuntu/airflow/airflow_env/lib/python3.8/site-packages/airflow/example_dags/example_latest_only_with_trigger.py for tasks to queue
[2022-06-27 05:36:44,516] {logging_mixin.py:115} INFO - [2022-06-27 05:36:44,516] {dagbag.py:507} INFO - Filling up the DagBag from /home/ubuntu/airflow/airflow_env/lib/python3.8/site-packages/airflow/example_dags/example_latest_only_with_trigger.py
[2022-06-27 05:36:44,532] {processor.py:651} INFO - DAG(s) dict_keys(['latest_only_with_trigger']) retrieved from /home/ubuntu/airflow/airflow_env/lib/python3.8/site-packages/airflow/example_dags/example_latest_only_with_trigger.py
[2022-06-27 05:36:44,697] {logging_mixin.py:115} INFO - [2022-06-27 05:36:44,697] {dag.py:2379} INFO - Sync 1 DAGs
[2022-06-27 05:36:44,814] {logging_mixin.py:115} INFO - [2022-06-27 05:36:44,809] {dag.py:2927} INFO - Setting next_dagrun for latest_only_with_trigger to 2022-06-27T08:36:44.808170+00:00, run_after=2022-06-27T12:36:44.808170+00:00
[2022-06-27 05:36:44,852] {processor.py:161} INFO - Processing /home/ubuntu/airflow/airflow_env/lib/python3.8/site-packages/airflow/example_dags/example_latest_only_with_trigger.py took 0.350 seconds
[2022-06-27 05:37:25,473] {processor.py:153} INFO - Started process (PID=153276) to work on /home/ubuntu/airflow/airflow_env/lib/python3.8/site-packages/airflow/example_dags/example_latest_only_with_trigger.py
[2022-06-27 05:37:25,474] {processor.py:641} INFO - Processing file /home/ubuntu/airflow/airflow_env/lib/python3.8/site-packages/airflow/example_dags/example_latest_only_with_trigger.py for tasks to queue
[2022-06-27 05:37:25,475] {logging_mixin.py:115} INFO - [2022-06-27 05:37:25,475] {dagbag.py:507} INFO - Filling up the DagBag from /home/ubuntu/airflow/airflow_env/lib/python3.8/site-packages/airflow/example_dags/example_latest_only_with_trigger.py
[2022-06-27 05:37:25,497] {processor.py:651} INFO - DAG(s) dict_keys(['latest_only_with_trigger']) retrieved from /home/ubuntu/airflow/airflow_env/lib/python3.8/site-packages/airflow/example_dags/example_latest_only_with_trigger.py
[2022-06-27 05:37:25,542] {logging_mixin.py:115} INFO - [2022-06-27 05:37:25,542] {dag.py:2379} INFO - Sync 1 DAGs
[2022-06-27 05:37:25,584] {logging_mixin.py:115} INFO - [2022-06-27 05:37:25,583] {dag.py:2927} INFO - Setting next_dagrun for latest_only_with_trigger to 2022-06-27T08:37:25.583607+00:00, run_after=2022-06-27T12:37:25.583607+00:00
[2022-06-27 05:37:25,601] {processor.py:161} INFO - Processing /home/ubuntu/airflow/airflow_env/lib/python3.8/site-packages/airflow/example_dags/example_latest_only_with_trigger.py took 0.144 seconds
[2022-06-27 05:38:14,441] {processor.py:153} INFO - Started process (PID=153314) to work on /home/ubuntu/airflow/airflow_env/lib/python3.8/site-packages/airflow/example_dags/example_latest_only_with_trigger.py
[2022-06-27 05:38:14,443] {processor.py:641} INFO - Processing file /home/ubuntu/airflow/airflow_env/lib/python3.8/site-packages/airflow/example_dags/example_latest_only_with_trigger.py for tasks to queue
[2022-06-27 05:38:14,444] {logging_mixin.py:115} INFO - [2022-06-27 05:38:14,444] {dagbag.py:507} INFO - Filling up the DagBag from /home/ubuntu/airflow/airflow_env/lib/python3.8/site-packages/airflow/example_dags/example_latest_only_with_trigger.py
[2022-06-27 05:38:14,461] {processor.py:651} INFO - DAG(s) dict_keys(['latest_only_with_trigger']) retrieved from /home/ubuntu/airflow/airflow_env/lib/python3.8/site-packages/airflow/example_dags/example_latest_only_with_trigger.py
[2022-06-27 05:38:14,499] {logging_mixin.py:115} INFO - [2022-06-27 05:38:14,499] {dag.py:2379} INFO - Sync 1 DAGs
[2022-06-27 05:38:14,533] {logging_mixin.py:115} INFO - [2022-06-27 05:38:14,533] {dag.py:2927} INFO - Setting next_dagrun for latest_only_with_trigger to 2022-06-27T08:38:14.532626+00:00, run_after=2022-06-27T12:38:14.532626+00:00
[2022-06-27 05:38:14,560] {processor.py:161} INFO - Processing /home/ubuntu/airflow/airflow_env/lib/python3.8/site-packages/airflow/example_dags/example_latest_only_with_trigger.py took 0.131 seconds
[2022-06-27 05:39:09,206] {processor.py:153} INFO - Started process (PID=153359) to work on /home/ubuntu/airflow/airflow_env/lib/python3.8/site-packages/airflow/example_dags/example_latest_only_with_trigger.py
[2022-06-27 05:39:09,210] {processor.py:641} INFO - Processing file /home/ubuntu/airflow/airflow_env/lib/python3.8/site-packages/airflow/example_dags/example_latest_only_with_trigger.py for tasks to queue
[2022-06-27 05:39:09,213] {logging_mixin.py:115} INFO - [2022-06-27 05:39:09,212] {dagbag.py:507} INFO - Filling up the DagBag from /home/ubuntu/airflow/airflow_env/lib/python3.8/site-packages/airflow/example_dags/example_latest_only_with_trigger.py
[2022-06-27 05:39:09,293] {processor.py:651} INFO - DAG(s) dict_keys(['latest_only_with_trigger']) retrieved from /home/ubuntu/airflow/airflow_env/lib/python3.8/site-packages/airflow/example_dags/example_latest_only_with_trigger.py
[2022-06-27 05:39:09,386] {logging_mixin.py:115} INFO - [2022-06-27 05:39:09,386] {dag.py:2379} INFO - Sync 1 DAGs
[2022-06-27 05:39:09,453] {logging_mixin.py:115} INFO - [2022-06-27 05:39:09,452] {dag.py:2927} INFO - Setting next_dagrun for latest_only_with_trigger to 2022-06-27T08:39:09.449450+00:00, run_after=2022-06-27T12:39:09.449450+00:00
[2022-06-27 05:39:09,492] {processor.py:161} INFO - Processing /home/ubuntu/airflow/airflow_env/lib/python3.8/site-packages/airflow/example_dags/example_latest_only_with_trigger.py took 0.320 seconds
