[2022-06-27 04:50:02,811] {processor.py:153} INFO - Started process (PID=150525) to work on /home/ubuntu/airflow/airflow_env/lib/python3.8/site-packages/airflow/example_dags/example_branch_day_of_week_operator.py
[2022-06-27 04:50:02,813] {processor.py:641} INFO - Processing file /home/ubuntu/airflow/airflow_env/lib/python3.8/site-packages/airflow/example_dags/example_branch_day_of_week_operator.py for tasks to queue
[2022-06-27 04:50:02,815] {logging_mixin.py:115} INFO - [2022-06-27 04:50:02,815] {dagbag.py:507} INFO - Filling up the DagBag from /home/ubuntu/airflow/airflow_env/lib/python3.8/site-packages/airflow/example_dags/example_branch_day_of_week_operator.py
[2022-06-27 04:50:02,860] {processor.py:651} INFO - DAG(s) dict_keys(['example_weekday_branch_operator']) retrieved from /home/ubuntu/airflow/airflow_env/lib/python3.8/site-packages/airflow/example_dags/example_branch_day_of_week_operator.py
[2022-06-27 04:50:03,014] {logging_mixin.py:115} INFO - [2022-06-27 04:50:03,014] {manager.py:508} INFO - Created Permission View: can edit on DAG:example_weekday_branch_operator
[2022-06-27 04:50:03,026] {logging_mixin.py:115} INFO - [2022-06-27 04:50:03,026] {manager.py:508} INFO - Created Permission View: can read on DAG:example_weekday_branch_operator
[2022-06-27 04:50:03,044] {logging_mixin.py:115} INFO - [2022-06-27 04:50:03,044] {manager.py:508} INFO - Created Permission View: can delete on DAG:example_weekday_branch_operator
[2022-06-27 04:50:03,045] {logging_mixin.py:115} INFO - [2022-06-27 04:50:03,045] {dag.py:2379} INFO - Sync 1 DAGs
[2022-06-27 04:50:03,145] {logging_mixin.py:115} INFO - [2022-06-27 04:50:03,145] {dag.py:2398} INFO - Creating ORM DAG for example_weekday_branch_operator
[2022-06-27 04:50:03,204] {logging_mixin.py:115} INFO - [2022-06-27 04:50:03,204] {dag.py:2927} INFO - Setting next_dagrun for example_weekday_branch_operator to 2022-06-26T00:00:00+00:00, run_after=2022-06-27T00:00:00+00:00
[2022-06-27 04:50:03,251] {processor.py:161} INFO - Processing /home/ubuntu/airflow/airflow_env/lib/python3.8/site-packages/airflow/example_dags/example_branch_day_of_week_operator.py took 0.456 seconds
[2022-06-27 04:50:56,687] {processor.py:153} INFO - Started process (PID=150620) to work on /home/ubuntu/airflow/airflow_env/lib/python3.8/site-packages/airflow/example_dags/example_branch_day_of_week_operator.py
[2022-06-27 04:50:56,693] {processor.py:641} INFO - Processing file /home/ubuntu/airflow/airflow_env/lib/python3.8/site-packages/airflow/example_dags/example_branch_day_of_week_operator.py for tasks to queue
[2022-06-27 04:50:56,694] {logging_mixin.py:115} INFO - [2022-06-27 04:50:56,694] {dagbag.py:507} INFO - Filling up the DagBag from /home/ubuntu/airflow/airflow_env/lib/python3.8/site-packages/airflow/example_dags/example_branch_day_of_week_operator.py
[2022-06-27 04:50:56,912] {processor.py:651} INFO - DAG(s) dict_keys(['example_weekday_branch_operator']) retrieved from /home/ubuntu/airflow/airflow_env/lib/python3.8/site-packages/airflow/example_dags/example_branch_day_of_week_operator.py
[2022-06-27 04:50:57,453] {logging_mixin.py:115} INFO - [2022-06-27 04:50:57,452] {dag.py:2379} INFO - Sync 1 DAGs
[2022-06-27 04:50:57,993] {logging_mixin.py:115} INFO - [2022-06-27 04:50:57,993] {dag.py:2927} INFO - Setting next_dagrun for example_weekday_branch_operator to 2022-06-26T00:00:00+00:00, run_after=2022-06-27T00:00:00+00:00
[2022-06-27 04:50:58,216] {processor.py:161} INFO - Processing /home/ubuntu/airflow/airflow_env/lib/python3.8/site-packages/airflow/example_dags/example_branch_day_of_week_operator.py took 1.534 seconds
[2022-06-27 04:51:37,721] {processor.py:153} INFO - Started process (PID=150689) to work on /home/ubuntu/airflow/airflow_env/lib/python3.8/site-packages/airflow/example_dags/example_branch_day_of_week_operator.py
[2022-06-27 04:51:37,729] {processor.py:641} INFO - Processing file /home/ubuntu/airflow/airflow_env/lib/python3.8/site-packages/airflow/example_dags/example_branch_day_of_week_operator.py for tasks to queue
[2022-06-27 04:51:37,734] {logging_mixin.py:115} INFO - [2022-06-27 04:51:37,733] {dagbag.py:507} INFO - Filling up the DagBag from /home/ubuntu/airflow/airflow_env/lib/python3.8/site-packages/airflow/example_dags/example_branch_day_of_week_operator.py
[2022-06-27 04:51:37,791] {processor.py:651} INFO - DAG(s) dict_keys(['example_weekday_branch_operator']) retrieved from /home/ubuntu/airflow/airflow_env/lib/python3.8/site-packages/airflow/example_dags/example_branch_day_of_week_operator.py
[2022-06-27 04:51:37,845] {logging_mixin.py:115} INFO - [2022-06-27 04:51:37,845] {dag.py:2379} INFO - Sync 1 DAGs
[2022-06-27 04:51:37,971] {logging_mixin.py:115} INFO - [2022-06-27 04:51:37,965] {dag.py:2927} INFO - Setting next_dagrun for example_weekday_branch_operator to 2022-06-26T00:00:00+00:00, run_after=2022-06-27T00:00:00+00:00
[2022-06-27 04:51:38,068] {processor.py:161} INFO - Processing /home/ubuntu/airflow/airflow_env/lib/python3.8/site-packages/airflow/example_dags/example_branch_day_of_week_operator.py took 0.396 seconds
[2022-06-27 04:52:25,134] {processor.py:153} INFO - Started process (PID=150814) to work on /home/ubuntu/airflow/airflow_env/lib/python3.8/site-packages/airflow/example_dags/example_branch_day_of_week_operator.py
[2022-06-27 04:52:25,135] {processor.py:641} INFO - Processing file /home/ubuntu/airflow/airflow_env/lib/python3.8/site-packages/airflow/example_dags/example_branch_day_of_week_operator.py for tasks to queue
[2022-06-27 04:52:25,137] {logging_mixin.py:115} INFO - [2022-06-27 04:52:25,136] {dagbag.py:507} INFO - Filling up the DagBag from /home/ubuntu/airflow/airflow_env/lib/python3.8/site-packages/airflow/example_dags/example_branch_day_of_week_operator.py
[2022-06-27 04:52:25,159] {processor.py:651} INFO - DAG(s) dict_keys(['example_weekday_branch_operator']) retrieved from /home/ubuntu/airflow/airflow_env/lib/python3.8/site-packages/airflow/example_dags/example_branch_day_of_week_operator.py
[2022-06-27 04:52:25,187] {logging_mixin.py:115} INFO - [2022-06-27 04:52:25,186] {dag.py:2379} INFO - Sync 1 DAGs
[2022-06-27 04:52:25,221] {logging_mixin.py:115} INFO - [2022-06-27 04:52:25,221] {dag.py:2927} INFO - Setting next_dagrun for example_weekday_branch_operator to 2022-06-26T00:00:00+00:00, run_after=2022-06-27T00:00:00+00:00
[2022-06-27 04:52:25,257] {processor.py:161} INFO - Processing /home/ubuntu/airflow/airflow_env/lib/python3.8/site-packages/airflow/example_dags/example_branch_day_of_week_operator.py took 0.132 seconds
[2022-06-27 04:53:08,378] {processor.py:153} INFO - Started process (PID=150850) to work on /home/ubuntu/airflow/airflow_env/lib/python3.8/site-packages/airflow/example_dags/example_branch_day_of_week_operator.py
[2022-06-27 04:53:08,380] {processor.py:641} INFO - Processing file /home/ubuntu/airflow/airflow_env/lib/python3.8/site-packages/airflow/example_dags/example_branch_day_of_week_operator.py for tasks to queue
[2022-06-27 04:53:08,382] {logging_mixin.py:115} INFO - [2022-06-27 04:53:08,382] {dagbag.py:507} INFO - Filling up the DagBag from /home/ubuntu/airflow/airflow_env/lib/python3.8/site-packages/airflow/example_dags/example_branch_day_of_week_operator.py
[2022-06-27 04:53:08,428] {processor.py:651} INFO - DAG(s) dict_keys(['example_weekday_branch_operator']) retrieved from /home/ubuntu/airflow/airflow_env/lib/python3.8/site-packages/airflow/example_dags/example_branch_day_of_week_operator.py
[2022-06-27 04:53:08,482] {logging_mixin.py:115} INFO - [2022-06-27 04:53:08,482] {dag.py:2379} INFO - Sync 1 DAGs
[2022-06-27 04:53:08,547] {logging_mixin.py:115} INFO - [2022-06-27 04:53:08,547] {dag.py:2927} INFO - Setting next_dagrun for example_weekday_branch_operator to 2022-06-26T00:00:00+00:00, run_after=2022-06-27T00:00:00+00:00
[2022-06-27 04:53:08,582] {processor.py:161} INFO - Processing /home/ubuntu/airflow/airflow_env/lib/python3.8/site-packages/airflow/example_dags/example_branch_day_of_week_operator.py took 0.215 seconds
[2022-06-27 04:53:56,661] {processor.py:153} INFO - Started process (PID=150919) to work on /home/ubuntu/airflow/airflow_env/lib/python3.8/site-packages/airflow/example_dags/example_branch_day_of_week_operator.py
[2022-06-27 04:53:56,668] {processor.py:641} INFO - Processing file /home/ubuntu/airflow/airflow_env/lib/python3.8/site-packages/airflow/example_dags/example_branch_day_of_week_operator.py for tasks to queue
[2022-06-27 04:53:56,674] {logging_mixin.py:115} INFO - [2022-06-27 04:53:56,669] {dagbag.py:507} INFO - Filling up the DagBag from /home/ubuntu/airflow/airflow_env/lib/python3.8/site-packages/airflow/example_dags/example_branch_day_of_week_operator.py
[2022-06-27 04:53:56,730] {processor.py:651} INFO - DAG(s) dict_keys(['example_weekday_branch_operator']) retrieved from /home/ubuntu/airflow/airflow_env/lib/python3.8/site-packages/airflow/example_dags/example_branch_day_of_week_operator.py
[2022-06-27 04:53:56,807] {logging_mixin.py:115} INFO - [2022-06-27 04:53:56,806] {dag.py:2379} INFO - Sync 1 DAGs
[2022-06-27 04:53:56,869] {logging_mixin.py:115} INFO - [2022-06-27 04:53:56,869] {dag.py:2927} INFO - Setting next_dagrun for example_weekday_branch_operator to 2022-06-26T00:00:00+00:00, run_after=2022-06-27T00:00:00+00:00
[2022-06-27 04:53:56,903] {processor.py:161} INFO - Processing /home/ubuntu/airflow/airflow_env/lib/python3.8/site-packages/airflow/example_dags/example_branch_day_of_week_operator.py took 0.274 seconds
[2022-06-27 04:55:06,403] {processor.py:153} INFO - Started process (PID=151008) to work on /home/ubuntu/airflow/airflow_env/lib/python3.8/site-packages/airflow/example_dags/example_branch_day_of_week_operator.py
[2022-06-27 04:55:06,406] {processor.py:641} INFO - Processing file /home/ubuntu/airflow/airflow_env/lib/python3.8/site-packages/airflow/example_dags/example_branch_day_of_week_operator.py for tasks to queue
[2022-06-27 04:55:06,407] {logging_mixin.py:115} INFO - [2022-06-27 04:55:06,407] {dagbag.py:507} INFO - Filling up the DagBag from /home/ubuntu/airflow/airflow_env/lib/python3.8/site-packages/airflow/example_dags/example_branch_day_of_week_operator.py
[2022-06-27 04:55:06,432] {processor.py:651} INFO - DAG(s) dict_keys(['example_weekday_branch_operator']) retrieved from /home/ubuntu/airflow/airflow_env/lib/python3.8/site-packages/airflow/example_dags/example_branch_day_of_week_operator.py
[2022-06-27 04:55:07,036] {logging_mixin.py:115} INFO - [2022-06-27 04:55:07,036] {dag.py:2379} INFO - Sync 1 DAGs
[2022-06-27 04:55:07,396] {logging_mixin.py:115} INFO - [2022-06-27 04:55:07,396] {dag.py:2927} INFO - Setting next_dagrun for example_weekday_branch_operator to 2022-06-26T00:00:00+00:00, run_after=2022-06-27T00:00:00+00:00
[2022-06-27 04:55:07,466] {processor.py:161} INFO - Processing /home/ubuntu/airflow/airflow_env/lib/python3.8/site-packages/airflow/example_dags/example_branch_day_of_week_operator.py took 1.073 seconds
[2022-06-27 04:56:02,209] {processor.py:153} INFO - Started process (PID=151108) to work on /home/ubuntu/airflow/airflow_env/lib/python3.8/site-packages/airflow/example_dags/example_branch_day_of_week_operator.py
[2022-06-27 04:56:02,212] {processor.py:641} INFO - Processing file /home/ubuntu/airflow/airflow_env/lib/python3.8/site-packages/airflow/example_dags/example_branch_day_of_week_operator.py for tasks to queue
[2022-06-27 04:56:02,213] {logging_mixin.py:115} INFO - [2022-06-27 04:56:02,213] {dagbag.py:507} INFO - Filling up the DagBag from /home/ubuntu/airflow/airflow_env/lib/python3.8/site-packages/airflow/example_dags/example_branch_day_of_week_operator.py
[2022-06-27 04:56:02,297] {processor.py:651} INFO - DAG(s) dict_keys(['example_weekday_branch_operator']) retrieved from /home/ubuntu/airflow/airflow_env/lib/python3.8/site-packages/airflow/example_dags/example_branch_day_of_week_operator.py
[2022-06-27 04:56:02,453] {logging_mixin.py:115} INFO - [2022-06-27 04:56:02,453] {dag.py:2379} INFO - Sync 1 DAGs
[2022-06-27 04:56:02,747] {logging_mixin.py:115} INFO - [2022-06-27 04:56:02,746] {dag.py:2927} INFO - Setting next_dagrun for example_weekday_branch_operator to 2022-06-26T00:00:00+00:00, run_after=2022-06-27T00:00:00+00:00
[2022-06-27 04:56:03,065] {processor.py:161} INFO - Processing /home/ubuntu/airflow/airflow_env/lib/python3.8/site-packages/airflow/example_dags/example_branch_day_of_week_operator.py took 0.895 seconds
[2022-06-27 04:57:09,800] {processor.py:153} INFO - Started process (PID=151191) to work on /home/ubuntu/airflow/airflow_env/lib/python3.8/site-packages/airflow/example_dags/example_branch_day_of_week_operator.py
[2022-06-27 04:57:09,801] {processor.py:641} INFO - Processing file /home/ubuntu/airflow/airflow_env/lib/python3.8/site-packages/airflow/example_dags/example_branch_day_of_week_operator.py for tasks to queue
[2022-06-27 04:57:09,801] {logging_mixin.py:115} INFO - [2022-06-27 04:57:09,801] {dagbag.py:507} INFO - Filling up the DagBag from /home/ubuntu/airflow/airflow_env/lib/python3.8/site-packages/airflow/example_dags/example_branch_day_of_week_operator.py
[2022-06-27 04:57:09,926] {processor.py:651} INFO - DAG(s) dict_keys(['example_weekday_branch_operator']) retrieved from /home/ubuntu/airflow/airflow_env/lib/python3.8/site-packages/airflow/example_dags/example_branch_day_of_week_operator.py
[2022-06-27 04:57:10,431] {logging_mixin.py:115} INFO - [2022-06-27 04:57:10,430] {dag.py:2379} INFO - Sync 1 DAGs
[2022-06-27 04:57:10,968] {logging_mixin.py:115} INFO - [2022-06-27 04:57:10,968] {dag.py:2927} INFO - Setting next_dagrun for example_weekday_branch_operator to 2022-06-26T00:00:00+00:00, run_after=2022-06-27T00:00:00+00:00
[2022-06-27 04:57:11,224] {processor.py:161} INFO - Processing /home/ubuntu/airflow/airflow_env/lib/python3.8/site-packages/airflow/example_dags/example_branch_day_of_week_operator.py took 1.452 seconds
[2022-06-27 04:57:53,800] {processor.py:153} INFO - Started process (PID=151264) to work on /home/ubuntu/airflow/airflow_env/lib/python3.8/site-packages/airflow/example_dags/example_branch_day_of_week_operator.py
[2022-06-27 04:57:53,805] {processor.py:641} INFO - Processing file /home/ubuntu/airflow/airflow_env/lib/python3.8/site-packages/airflow/example_dags/example_branch_day_of_week_operator.py for tasks to queue
[2022-06-27 04:57:53,815] {logging_mixin.py:115} INFO - [2022-06-27 04:57:53,814] {dagbag.py:507} INFO - Filling up the DagBag from /home/ubuntu/airflow/airflow_env/lib/python3.8/site-packages/airflow/example_dags/example_branch_day_of_week_operator.py
[2022-06-27 04:57:53,887] {processor.py:651} INFO - DAG(s) dict_keys(['example_weekday_branch_operator']) retrieved from /home/ubuntu/airflow/airflow_env/lib/python3.8/site-packages/airflow/example_dags/example_branch_day_of_week_operator.py
[2022-06-27 04:57:53,986] {logging_mixin.py:115} INFO - [2022-06-27 04:57:53,986] {dag.py:2379} INFO - Sync 1 DAGs
[2022-06-27 04:57:54,158] {logging_mixin.py:115} INFO - [2022-06-27 04:57:54,149] {dag.py:2927} INFO - Setting next_dagrun for example_weekday_branch_operator to 2022-06-26T00:00:00+00:00, run_after=2022-06-27T00:00:00+00:00
[2022-06-27 04:57:54,250] {processor.py:161} INFO - Processing /home/ubuntu/airflow/airflow_env/lib/python3.8/site-packages/airflow/example_dags/example_branch_day_of_week_operator.py took 0.473 seconds
[2022-06-27 04:58:34,878] {processor.py:153} INFO - Started process (PID=151327) to work on /home/ubuntu/airflow/airflow_env/lib/python3.8/site-packages/airflow/example_dags/example_branch_day_of_week_operator.py
[2022-06-27 04:58:34,879] {processor.py:641} INFO - Processing file /home/ubuntu/airflow/airflow_env/lib/python3.8/site-packages/airflow/example_dags/example_branch_day_of_week_operator.py for tasks to queue
[2022-06-27 04:58:34,880] {logging_mixin.py:115} INFO - [2022-06-27 04:58:34,880] {dagbag.py:507} INFO - Filling up the DagBag from /home/ubuntu/airflow/airflow_env/lib/python3.8/site-packages/airflow/example_dags/example_branch_day_of_week_operator.py
[2022-06-27 04:58:34,894] {processor.py:651} INFO - DAG(s) dict_keys(['example_weekday_branch_operator']) retrieved from /home/ubuntu/airflow/airflow_env/lib/python3.8/site-packages/airflow/example_dags/example_branch_day_of_week_operator.py
[2022-06-27 04:58:34,925] {logging_mixin.py:115} INFO - [2022-06-27 04:58:34,925] {dag.py:2379} INFO - Sync 1 DAGs
[2022-06-27 04:58:34,949] {logging_mixin.py:115} INFO - [2022-06-27 04:58:34,949] {dag.py:2927} INFO - Setting next_dagrun for example_weekday_branch_operator to 2022-06-26T00:00:00+00:00, run_after=2022-06-27T00:00:00+00:00
[2022-06-27 04:58:34,961] {processor.py:161} INFO - Processing /home/ubuntu/airflow/airflow_env/lib/python3.8/site-packages/airflow/example_dags/example_branch_day_of_week_operator.py took 0.089 seconds
[2022-06-27 04:59:16,135] {processor.py:153} INFO - Started process (PID=151366) to work on /home/ubuntu/airflow/airflow_env/lib/python3.8/site-packages/airflow/example_dags/example_branch_day_of_week_operator.py
[2022-06-27 04:59:16,136] {processor.py:641} INFO - Processing file /home/ubuntu/airflow/airflow_env/lib/python3.8/site-packages/airflow/example_dags/example_branch_day_of_week_operator.py for tasks to queue
[2022-06-27 04:59:16,137] {logging_mixin.py:115} INFO - [2022-06-27 04:59:16,137] {dagbag.py:507} INFO - Filling up the DagBag from /home/ubuntu/airflow/airflow_env/lib/python3.8/site-packages/airflow/example_dags/example_branch_day_of_week_operator.py
[2022-06-27 04:59:16,162] {processor.py:651} INFO - DAG(s) dict_keys(['example_weekday_branch_operator']) retrieved from /home/ubuntu/airflow/airflow_env/lib/python3.8/site-packages/airflow/example_dags/example_branch_day_of_week_operator.py
[2022-06-27 04:59:16,192] {logging_mixin.py:115} INFO - [2022-06-27 04:59:16,192] {dag.py:2379} INFO - Sync 1 DAGs
[2022-06-27 04:59:16,234] {logging_mixin.py:115} INFO - [2022-06-27 04:59:16,234] {dag.py:2927} INFO - Setting next_dagrun for example_weekday_branch_operator to 2022-06-26T00:00:00+00:00, run_after=2022-06-27T00:00:00+00:00
[2022-06-27 04:59:16,258] {processor.py:161} INFO - Processing /home/ubuntu/airflow/airflow_env/lib/python3.8/site-packages/airflow/example_dags/example_branch_day_of_week_operator.py took 0.135 seconds
[2022-06-27 05:00:12,923] {processor.py:153} INFO - Started process (PID=151410) to work on /home/ubuntu/airflow/airflow_env/lib/python3.8/site-packages/airflow/example_dags/example_branch_day_of_week_operator.py
[2022-06-27 05:00:12,931] {processor.py:641} INFO - Processing file /home/ubuntu/airflow/airflow_env/lib/python3.8/site-packages/airflow/example_dags/example_branch_day_of_week_operator.py for tasks to queue
[2022-06-27 05:00:12,931] {logging_mixin.py:115} INFO - [2022-06-27 05:00:12,931] {dagbag.py:507} INFO - Filling up the DagBag from /home/ubuntu/airflow/airflow_env/lib/python3.8/site-packages/airflow/example_dags/example_branch_day_of_week_operator.py
[2022-06-27 05:00:12,951] {processor.py:651} INFO - DAG(s) dict_keys(['example_weekday_branch_operator']) retrieved from /home/ubuntu/airflow/airflow_env/lib/python3.8/site-packages/airflow/example_dags/example_branch_day_of_week_operator.py
[2022-06-27 05:00:13,032] {logging_mixin.py:115} INFO - [2022-06-27 05:00:13,032] {dag.py:2379} INFO - Sync 1 DAGs
[2022-06-27 05:00:13,131] {logging_mixin.py:115} INFO - [2022-06-27 05:00:13,130] {dag.py:2927} INFO - Setting next_dagrun for example_weekday_branch_operator to 2022-06-26T00:00:00+00:00, run_after=2022-06-27T00:00:00+00:00
[2022-06-27 05:00:13,195] {processor.py:161} INFO - Processing /home/ubuntu/airflow/airflow_env/lib/python3.8/site-packages/airflow/example_dags/example_branch_day_of_week_operator.py took 0.281 seconds
[2022-06-27 05:02:57,284] {processor.py:153} INFO - Started process (PID=151509) to work on /home/ubuntu/airflow/airflow_env/lib/python3.8/site-packages/airflow/example_dags/example_branch_day_of_week_operator.py
[2022-06-27 05:02:57,287] {processor.py:641} INFO - Processing file /home/ubuntu/airflow/airflow_env/lib/python3.8/site-packages/airflow/example_dags/example_branch_day_of_week_operator.py for tasks to queue
[2022-06-27 05:02:57,289] {logging_mixin.py:115} INFO - [2022-06-27 05:02:57,289] {dagbag.py:507} INFO - Filling up the DagBag from /home/ubuntu/airflow/airflow_env/lib/python3.8/site-packages/airflow/example_dags/example_branch_day_of_week_operator.py
[2022-06-27 05:02:57,341] {processor.py:651} INFO - DAG(s) dict_keys(['example_weekday_branch_operator']) retrieved from /home/ubuntu/airflow/airflow_env/lib/python3.8/site-packages/airflow/example_dags/example_branch_day_of_week_operator.py
[2022-06-27 05:02:57,441] {logging_mixin.py:115} INFO - [2022-06-27 05:02:57,441] {dag.py:2379} INFO - Sync 1 DAGs
[2022-06-27 05:02:57,548] {logging_mixin.py:115} INFO - [2022-06-27 05:02:57,548] {dag.py:2927} INFO - Setting next_dagrun for example_weekday_branch_operator to 2022-06-26T00:00:00+00:00, run_after=2022-06-27T00:00:00+00:00
[2022-06-27 05:02:57,590] {processor.py:161} INFO - Processing /home/ubuntu/airflow/airflow_env/lib/python3.8/site-packages/airflow/example_dags/example_branch_day_of_week_operator.py took 0.317 seconds
[2022-06-27 05:03:45,696] {processor.py:153} INFO - Started process (PID=151549) to work on /home/ubuntu/airflow/airflow_env/lib/python3.8/site-packages/airflow/example_dags/example_branch_day_of_week_operator.py
[2022-06-27 05:03:45,703] {processor.py:641} INFO - Processing file /home/ubuntu/airflow/airflow_env/lib/python3.8/site-packages/airflow/example_dags/example_branch_day_of_week_operator.py for tasks to queue
[2022-06-27 05:03:45,707] {logging_mixin.py:115} INFO - [2022-06-27 05:03:45,707] {dagbag.py:507} INFO - Filling up the DagBag from /home/ubuntu/airflow/airflow_env/lib/python3.8/site-packages/airflow/example_dags/example_branch_day_of_week_operator.py
[2022-06-27 05:03:45,795] {processor.py:651} INFO - DAG(s) dict_keys(['example_weekday_branch_operator']) retrieved from /home/ubuntu/airflow/airflow_env/lib/python3.8/site-packages/airflow/example_dags/example_branch_day_of_week_operator.py
[2022-06-27 05:03:45,888] {logging_mixin.py:115} INFO - [2022-06-27 05:03:45,888] {dag.py:2379} INFO - Sync 1 DAGs
[2022-06-27 05:03:45,948] {logging_mixin.py:115} INFO - [2022-06-27 05:03:45,948] {dag.py:2927} INFO - Setting next_dagrun for example_weekday_branch_operator to 2022-06-26T00:00:00+00:00, run_after=2022-06-27T00:00:00+00:00
[2022-06-27 05:03:46,010] {processor.py:161} INFO - Processing /home/ubuntu/airflow/airflow_env/lib/python3.8/site-packages/airflow/example_dags/example_branch_day_of_week_operator.py took 0.358 seconds
[2022-06-27 05:04:38,117] {processor.py:153} INFO - Started process (PID=151590) to work on /home/ubuntu/airflow/airflow_env/lib/python3.8/site-packages/airflow/example_dags/example_branch_day_of_week_operator.py
[2022-06-27 05:04:38,118] {processor.py:641} INFO - Processing file /home/ubuntu/airflow/airflow_env/lib/python3.8/site-packages/airflow/example_dags/example_branch_day_of_week_operator.py for tasks to queue
[2022-06-27 05:04:38,120] {logging_mixin.py:115} INFO - [2022-06-27 05:04:38,120] {dagbag.py:507} INFO - Filling up the DagBag from /home/ubuntu/airflow/airflow_env/lib/python3.8/site-packages/airflow/example_dags/example_branch_day_of_week_operator.py
[2022-06-27 05:04:38,167] {processor.py:651} INFO - DAG(s) dict_keys(['example_weekday_branch_operator']) retrieved from /home/ubuntu/airflow/airflow_env/lib/python3.8/site-packages/airflow/example_dags/example_branch_day_of_week_operator.py
[2022-06-27 05:04:38,239] {logging_mixin.py:115} INFO - [2022-06-27 05:04:38,239] {dag.py:2379} INFO - Sync 1 DAGs
[2022-06-27 05:04:38,299] {logging_mixin.py:115} INFO - [2022-06-27 05:04:38,298] {dag.py:2927} INFO - Setting next_dagrun for example_weekday_branch_operator to 2022-06-26T00:00:00+00:00, run_after=2022-06-27T00:00:00+00:00
[2022-06-27 05:04:38,329] {processor.py:161} INFO - Processing /home/ubuntu/airflow/airflow_env/lib/python3.8/site-packages/airflow/example_dags/example_branch_day_of_week_operator.py took 0.229 seconds
[2022-06-27 05:05:27,589] {processor.py:153} INFO - Started process (PID=151626) to work on /home/ubuntu/airflow/airflow_env/lib/python3.8/site-packages/airflow/example_dags/example_branch_day_of_week_operator.py
[2022-06-27 05:05:27,592] {processor.py:641} INFO - Processing file /home/ubuntu/airflow/airflow_env/lib/python3.8/site-packages/airflow/example_dags/example_branch_day_of_week_operator.py for tasks to queue
[2022-06-27 05:05:27,593] {logging_mixin.py:115} INFO - [2022-06-27 05:05:27,593] {dagbag.py:507} INFO - Filling up the DagBag from /home/ubuntu/airflow/airflow_env/lib/python3.8/site-packages/airflow/example_dags/example_branch_day_of_week_operator.py
[2022-06-27 05:05:27,628] {processor.py:651} INFO - DAG(s) dict_keys(['example_weekday_branch_operator']) retrieved from /home/ubuntu/airflow/airflow_env/lib/python3.8/site-packages/airflow/example_dags/example_branch_day_of_week_operator.py
[2022-06-27 05:05:27,685] {logging_mixin.py:115} INFO - [2022-06-27 05:05:27,685] {dag.py:2379} INFO - Sync 1 DAGs
[2022-06-27 05:05:27,788] {logging_mixin.py:115} INFO - [2022-06-27 05:05:27,788] {dag.py:2927} INFO - Setting next_dagrun for example_weekday_branch_operator to 2022-06-26T00:00:00+00:00, run_after=2022-06-27T00:00:00+00:00
[2022-06-27 05:05:27,837] {processor.py:161} INFO - Processing /home/ubuntu/airflow/airflow_env/lib/python3.8/site-packages/airflow/example_dags/example_branch_day_of_week_operator.py took 0.264 seconds
[2022-06-27 05:06:22,932] {processor.py:153} INFO - Started process (PID=151672) to work on /home/ubuntu/airflow/airflow_env/lib/python3.8/site-packages/airflow/example_dags/example_branch_day_of_week_operator.py
[2022-06-27 05:06:22,934] {processor.py:641} INFO - Processing file /home/ubuntu/airflow/airflow_env/lib/python3.8/site-packages/airflow/example_dags/example_branch_day_of_week_operator.py for tasks to queue
[2022-06-27 05:06:22,936] {logging_mixin.py:115} INFO - [2022-06-27 05:06:22,936] {dagbag.py:507} INFO - Filling up the DagBag from /home/ubuntu/airflow/airflow_env/lib/python3.8/site-packages/airflow/example_dags/example_branch_day_of_week_operator.py
[2022-06-27 05:06:22,995] {processor.py:651} INFO - DAG(s) dict_keys(['example_weekday_branch_operator']) retrieved from /home/ubuntu/airflow/airflow_env/lib/python3.8/site-packages/airflow/example_dags/example_branch_day_of_week_operator.py
[2022-06-27 05:06:23,079] {logging_mixin.py:115} INFO - [2022-06-27 05:06:23,078] {dag.py:2379} INFO - Sync 1 DAGs
[2022-06-27 05:06:23,222] {logging_mixin.py:115} INFO - [2022-06-27 05:06:23,222] {dag.py:2927} INFO - Setting next_dagrun for example_weekday_branch_operator to 2022-06-26T00:00:00+00:00, run_after=2022-06-27T00:00:00+00:00
[2022-06-27 05:06:23,289] {processor.py:161} INFO - Processing /home/ubuntu/airflow/airflow_env/lib/python3.8/site-packages/airflow/example_dags/example_branch_day_of_week_operator.py took 0.382 seconds
[2022-06-27 05:07:21,285] {processor.py:153} INFO - Started process (PID=151715) to work on /home/ubuntu/airflow/airflow_env/lib/python3.8/site-packages/airflow/example_dags/example_branch_day_of_week_operator.py
[2022-06-27 05:07:21,288] {processor.py:641} INFO - Processing file /home/ubuntu/airflow/airflow_env/lib/python3.8/site-packages/airflow/example_dags/example_branch_day_of_week_operator.py for tasks to queue
[2022-06-27 05:07:21,288] {logging_mixin.py:115} INFO - [2022-06-27 05:07:21,288] {dagbag.py:507} INFO - Filling up the DagBag from /home/ubuntu/airflow/airflow_env/lib/python3.8/site-packages/airflow/example_dags/example_branch_day_of_week_operator.py
[2022-06-27 05:07:21,324] {processor.py:651} INFO - DAG(s) dict_keys(['example_weekday_branch_operator']) retrieved from /home/ubuntu/airflow/airflow_env/lib/python3.8/site-packages/airflow/example_dags/example_branch_day_of_week_operator.py
[2022-06-27 05:07:21,493] {logging_mixin.py:115} INFO - [2022-06-27 05:07:21,489] {dag.py:2379} INFO - Sync 1 DAGs
[2022-06-27 05:07:21,572] {logging_mixin.py:115} INFO - [2022-06-27 05:07:21,572] {dag.py:2927} INFO - Setting next_dagrun for example_weekday_branch_operator to 2022-06-26T00:00:00+00:00, run_after=2022-06-27T00:00:00+00:00
[2022-06-27 05:07:21,660] {processor.py:161} INFO - Processing /home/ubuntu/airflow/airflow_env/lib/python3.8/site-packages/airflow/example_dags/example_branch_day_of_week_operator.py took 0.396 seconds
[2022-06-27 05:08:14,547] {processor.py:153} INFO - Started process (PID=151756) to work on /home/ubuntu/airflow/airflow_env/lib/python3.8/site-packages/airflow/example_dags/example_branch_day_of_week_operator.py
[2022-06-27 05:08:14,555] {processor.py:641} INFO - Processing file /home/ubuntu/airflow/airflow_env/lib/python3.8/site-packages/airflow/example_dags/example_branch_day_of_week_operator.py for tasks to queue
[2022-06-27 05:08:14,559] {logging_mixin.py:115} INFO - [2022-06-27 05:08:14,559] {dagbag.py:507} INFO - Filling up the DagBag from /home/ubuntu/airflow/airflow_env/lib/python3.8/site-packages/airflow/example_dags/example_branch_day_of_week_operator.py
[2022-06-27 05:08:14,634] {processor.py:651} INFO - DAG(s) dict_keys(['example_weekday_branch_operator']) retrieved from /home/ubuntu/airflow/airflow_env/lib/python3.8/site-packages/airflow/example_dags/example_branch_day_of_week_operator.py
[2022-06-27 05:08:14,744] {logging_mixin.py:115} INFO - [2022-06-27 05:08:14,744] {dag.py:2379} INFO - Sync 1 DAGs
[2022-06-27 05:08:14,887] {logging_mixin.py:115} INFO - [2022-06-27 05:08:14,887] {dag.py:2927} INFO - Setting next_dagrun for example_weekday_branch_operator to 2022-06-26T00:00:00+00:00, run_after=2022-06-27T00:00:00+00:00
[2022-06-27 05:08:14,945] {processor.py:161} INFO - Processing /home/ubuntu/airflow/airflow_env/lib/python3.8/site-packages/airflow/example_dags/example_branch_day_of_week_operator.py took 0.422 seconds
[2022-06-27 05:09:08,953] {processor.py:153} INFO - Started process (PID=151799) to work on /home/ubuntu/airflow/airflow_env/lib/python3.8/site-packages/airflow/example_dags/example_branch_day_of_week_operator.py
[2022-06-27 05:09:08,961] {processor.py:641} INFO - Processing file /home/ubuntu/airflow/airflow_env/lib/python3.8/site-packages/airflow/example_dags/example_branch_day_of_week_operator.py for tasks to queue
[2022-06-27 05:09:08,962] {logging_mixin.py:115} INFO - [2022-06-27 05:09:08,962] {dagbag.py:507} INFO - Filling up the DagBag from /home/ubuntu/airflow/airflow_env/lib/python3.8/site-packages/airflow/example_dags/example_branch_day_of_week_operator.py
[2022-06-27 05:09:09,014] {processor.py:651} INFO - DAG(s) dict_keys(['example_weekday_branch_operator']) retrieved from /home/ubuntu/airflow/airflow_env/lib/python3.8/site-packages/airflow/example_dags/example_branch_day_of_week_operator.py
[2022-06-27 05:09:09,151] {logging_mixin.py:115} INFO - [2022-06-27 05:09:09,150] {dag.py:2379} INFO - Sync 1 DAGs
[2022-06-27 05:09:09,216] {logging_mixin.py:115} INFO - [2022-06-27 05:09:09,213] {dag.py:2927} INFO - Setting next_dagrun for example_weekday_branch_operator to 2022-06-26T00:00:00+00:00, run_after=2022-06-27T00:00:00+00:00
[2022-06-27 05:09:09,273] {processor.py:161} INFO - Processing /home/ubuntu/airflow/airflow_env/lib/python3.8/site-packages/airflow/example_dags/example_branch_day_of_week_operator.py took 0.335 seconds
[2022-06-27 05:10:02,276] {processor.py:153} INFO - Started process (PID=151868) to work on /home/ubuntu/airflow/airflow_env/lib/python3.8/site-packages/airflow/example_dags/example_branch_day_of_week_operator.py
[2022-06-27 05:10:02,283] {processor.py:641} INFO - Processing file /home/ubuntu/airflow/airflow_env/lib/python3.8/site-packages/airflow/example_dags/example_branch_day_of_week_operator.py for tasks to queue
[2022-06-27 05:10:02,283] {logging_mixin.py:115} INFO - [2022-06-27 05:10:02,283] {dagbag.py:507} INFO - Filling up the DagBag from /home/ubuntu/airflow/airflow_env/lib/python3.8/site-packages/airflow/example_dags/example_branch_day_of_week_operator.py
[2022-06-27 05:10:02,323] {processor.py:651} INFO - DAG(s) dict_keys(['example_weekday_branch_operator']) retrieved from /home/ubuntu/airflow/airflow_env/lib/python3.8/site-packages/airflow/example_dags/example_branch_day_of_week_operator.py
[2022-06-27 05:10:02,430] {logging_mixin.py:115} INFO - [2022-06-27 05:10:02,425] {dag.py:2379} INFO - Sync 1 DAGs
[2022-06-27 05:10:02,504] {logging_mixin.py:115} INFO - [2022-06-27 05:10:02,504] {dag.py:2927} INFO - Setting next_dagrun for example_weekday_branch_operator to 2022-06-26T00:00:00+00:00, run_after=2022-06-27T00:00:00+00:00
[2022-06-27 05:10:02,565] {processor.py:161} INFO - Processing /home/ubuntu/airflow/airflow_env/lib/python3.8/site-packages/airflow/example_dags/example_branch_day_of_week_operator.py took 0.298 seconds
[2022-06-27 05:10:51,235] {processor.py:153} INFO - Started process (PID=151913) to work on /home/ubuntu/airflow/airflow_env/lib/python3.8/site-packages/airflow/example_dags/example_branch_day_of_week_operator.py
[2022-06-27 05:10:51,239] {processor.py:641} INFO - Processing file /home/ubuntu/airflow/airflow_env/lib/python3.8/site-packages/airflow/example_dags/example_branch_day_of_week_operator.py for tasks to queue
[2022-06-27 05:10:51,240] {logging_mixin.py:115} INFO - [2022-06-27 05:10:51,240] {dagbag.py:507} INFO - Filling up the DagBag from /home/ubuntu/airflow/airflow_env/lib/python3.8/site-packages/airflow/example_dags/example_branch_day_of_week_operator.py
[2022-06-27 05:10:51,269] {processor.py:651} INFO - DAG(s) dict_keys(['example_weekday_branch_operator']) retrieved from /home/ubuntu/airflow/airflow_env/lib/python3.8/site-packages/airflow/example_dags/example_branch_day_of_week_operator.py
[2022-06-27 05:10:51,316] {logging_mixin.py:115} INFO - [2022-06-27 05:10:51,316] {dag.py:2379} INFO - Sync 1 DAGs
[2022-06-27 05:10:51,350] {logging_mixin.py:115} INFO - [2022-06-27 05:10:51,349] {dag.py:2927} INFO - Setting next_dagrun for example_weekday_branch_operator to 2022-06-26T00:00:00+00:00, run_after=2022-06-27T00:00:00+00:00
[2022-06-27 05:10:51,373] {processor.py:161} INFO - Processing /home/ubuntu/airflow/airflow_env/lib/python3.8/site-packages/airflow/example_dags/example_branch_day_of_week_operator.py took 0.154 seconds
[2022-06-27 05:11:48,464] {processor.py:153} INFO - Started process (PID=151957) to work on /home/ubuntu/airflow/airflow_env/lib/python3.8/site-packages/airflow/example_dags/example_branch_day_of_week_operator.py
[2022-06-27 05:11:48,475] {processor.py:641} INFO - Processing file /home/ubuntu/airflow/airflow_env/lib/python3.8/site-packages/airflow/example_dags/example_branch_day_of_week_operator.py for tasks to queue
[2022-06-27 05:11:48,477] {logging_mixin.py:115} INFO - [2022-06-27 05:11:48,476] {dagbag.py:507} INFO - Filling up the DagBag from /home/ubuntu/airflow/airflow_env/lib/python3.8/site-packages/airflow/example_dags/example_branch_day_of_week_operator.py
[2022-06-27 05:11:48,532] {processor.py:651} INFO - DAG(s) dict_keys(['example_weekday_branch_operator']) retrieved from /home/ubuntu/airflow/airflow_env/lib/python3.8/site-packages/airflow/example_dags/example_branch_day_of_week_operator.py
[2022-06-27 05:11:48,613] {logging_mixin.py:115} INFO - [2022-06-27 05:11:48,613] {dag.py:2379} INFO - Sync 1 DAGs
[2022-06-27 05:11:48,699] {logging_mixin.py:115} INFO - [2022-06-27 05:11:48,698] {dag.py:2927} INFO - Setting next_dagrun for example_weekday_branch_operator to 2022-06-26T00:00:00+00:00, run_after=2022-06-27T00:00:00+00:00
[2022-06-27 05:11:48,742] {processor.py:161} INFO - Processing /home/ubuntu/airflow/airflow_env/lib/python3.8/site-packages/airflow/example_dags/example_branch_day_of_week_operator.py took 0.294 seconds
[2022-06-27 05:12:35,937] {processor.py:153} INFO - Started process (PID=151996) to work on /home/ubuntu/airflow/airflow_env/lib/python3.8/site-packages/airflow/example_dags/example_branch_day_of_week_operator.py
[2022-06-27 05:12:35,942] {processor.py:641} INFO - Processing file /home/ubuntu/airflow/airflow_env/lib/python3.8/site-packages/airflow/example_dags/example_branch_day_of_week_operator.py for tasks to queue
[2022-06-27 05:12:35,944] {logging_mixin.py:115} INFO - [2022-06-27 05:12:35,943] {dagbag.py:507} INFO - Filling up the DagBag from /home/ubuntu/airflow/airflow_env/lib/python3.8/site-packages/airflow/example_dags/example_branch_day_of_week_operator.py
[2022-06-27 05:12:35,977] {processor.py:651} INFO - DAG(s) dict_keys(['example_weekday_branch_operator']) retrieved from /home/ubuntu/airflow/airflow_env/lib/python3.8/site-packages/airflow/example_dags/example_branch_day_of_week_operator.py
[2022-06-27 05:12:36,054] {logging_mixin.py:115} INFO - [2022-06-27 05:12:36,054] {dag.py:2379} INFO - Sync 1 DAGs
[2022-06-27 05:12:36,148] {logging_mixin.py:115} INFO - [2022-06-27 05:12:36,148] {dag.py:2927} INFO - Setting next_dagrun for example_weekday_branch_operator to 2022-06-26T00:00:00+00:00, run_after=2022-06-27T00:00:00+00:00
[2022-06-27 05:12:36,196] {processor.py:161} INFO - Processing /home/ubuntu/airflow/airflow_env/lib/python3.8/site-packages/airflow/example_dags/example_branch_day_of_week_operator.py took 0.272 seconds
[2022-06-27 05:13:29,401] {processor.py:153} INFO - Started process (PID=152035) to work on /home/ubuntu/airflow/airflow_env/lib/python3.8/site-packages/airflow/example_dags/example_branch_day_of_week_operator.py
[2022-06-27 05:13:29,408] {processor.py:641} INFO - Processing file /home/ubuntu/airflow/airflow_env/lib/python3.8/site-packages/airflow/example_dags/example_branch_day_of_week_operator.py for tasks to queue
[2022-06-27 05:13:29,412] {logging_mixin.py:115} INFO - [2022-06-27 05:13:29,410] {dagbag.py:507} INFO - Filling up the DagBag from /home/ubuntu/airflow/airflow_env/lib/python3.8/site-packages/airflow/example_dags/example_branch_day_of_week_operator.py
[2022-06-27 05:13:29,479] {processor.py:651} INFO - DAG(s) dict_keys(['example_weekday_branch_operator']) retrieved from /home/ubuntu/airflow/airflow_env/lib/python3.8/site-packages/airflow/example_dags/example_branch_day_of_week_operator.py
[2022-06-27 05:13:29,568] {logging_mixin.py:115} INFO - [2022-06-27 05:13:29,568] {dag.py:2379} INFO - Sync 1 DAGs
[2022-06-27 05:13:29,692] {logging_mixin.py:115} INFO - [2022-06-27 05:13:29,692] {dag.py:2927} INFO - Setting next_dagrun for example_weekday_branch_operator to 2022-06-26T00:00:00+00:00, run_after=2022-06-27T00:00:00+00:00
[2022-06-27 05:13:29,802] {processor.py:161} INFO - Processing /home/ubuntu/airflow/airflow_env/lib/python3.8/site-packages/airflow/example_dags/example_branch_day_of_week_operator.py took 0.422 seconds
[2022-06-27 05:14:21,913] {processor.py:153} INFO - Started process (PID=152079) to work on /home/ubuntu/airflow/airflow_env/lib/python3.8/site-packages/airflow/example_dags/example_branch_day_of_week_operator.py
[2022-06-27 05:14:21,914] {processor.py:641} INFO - Processing file /home/ubuntu/airflow/airflow_env/lib/python3.8/site-packages/airflow/example_dags/example_branch_day_of_week_operator.py for tasks to queue
[2022-06-27 05:14:21,915] {logging_mixin.py:115} INFO - [2022-06-27 05:14:21,915] {dagbag.py:507} INFO - Filling up the DagBag from /home/ubuntu/airflow/airflow_env/lib/python3.8/site-packages/airflow/example_dags/example_branch_day_of_week_operator.py
[2022-06-27 05:14:21,946] {processor.py:651} INFO - DAG(s) dict_keys(['example_weekday_branch_operator']) retrieved from /home/ubuntu/airflow/airflow_env/lib/python3.8/site-packages/airflow/example_dags/example_branch_day_of_week_operator.py
[2022-06-27 05:14:22,029] {logging_mixin.py:115} INFO - [2022-06-27 05:14:22,025] {dag.py:2379} INFO - Sync 1 DAGs
[2022-06-27 05:14:22,107] {logging_mixin.py:115} INFO - [2022-06-27 05:14:22,104] {dag.py:2927} INFO - Setting next_dagrun for example_weekday_branch_operator to 2022-06-26T00:00:00+00:00, run_after=2022-06-27T00:00:00+00:00
[2022-06-27 05:14:22,168] {processor.py:161} INFO - Processing /home/ubuntu/airflow/airflow_env/lib/python3.8/site-packages/airflow/example_dags/example_branch_day_of_week_operator.py took 0.269 seconds
[2022-06-27 05:15:13,466] {processor.py:153} INFO - Started process (PID=152118) to work on /home/ubuntu/airflow/airflow_env/lib/python3.8/site-packages/airflow/example_dags/example_branch_day_of_week_operator.py
[2022-06-27 05:15:13,476] {processor.py:641} INFO - Processing file /home/ubuntu/airflow/airflow_env/lib/python3.8/site-packages/airflow/example_dags/example_branch_day_of_week_operator.py for tasks to queue
[2022-06-27 05:15:13,477] {logging_mixin.py:115} INFO - [2022-06-27 05:15:13,477] {dagbag.py:507} INFO - Filling up the DagBag from /home/ubuntu/airflow/airflow_env/lib/python3.8/site-packages/airflow/example_dags/example_branch_day_of_week_operator.py
[2022-06-27 05:15:13,508] {processor.py:651} INFO - DAG(s) dict_keys(['example_weekday_branch_operator']) retrieved from /home/ubuntu/airflow/airflow_env/lib/python3.8/site-packages/airflow/example_dags/example_branch_day_of_week_operator.py
[2022-06-27 05:15:13,596] {logging_mixin.py:115} INFO - [2022-06-27 05:15:13,596] {dag.py:2379} INFO - Sync 1 DAGs
[2022-06-27 05:15:13,680] {logging_mixin.py:115} INFO - [2022-06-27 05:15:13,680] {dag.py:2927} INFO - Setting next_dagrun for example_weekday_branch_operator to 2022-06-26T00:00:00+00:00, run_after=2022-06-27T00:00:00+00:00
[2022-06-27 05:15:13,738] {processor.py:161} INFO - Processing /home/ubuntu/airflow/airflow_env/lib/python3.8/site-packages/airflow/example_dags/example_branch_day_of_week_operator.py took 0.282 seconds
[2022-06-27 05:16:04,399] {processor.py:153} INFO - Started process (PID=152155) to work on /home/ubuntu/airflow/airflow_env/lib/python3.8/site-packages/airflow/example_dags/example_branch_day_of_week_operator.py
[2022-06-27 05:16:04,401] {processor.py:641} INFO - Processing file /home/ubuntu/airflow/airflow_env/lib/python3.8/site-packages/airflow/example_dags/example_branch_day_of_week_operator.py for tasks to queue
[2022-06-27 05:16:04,401] {logging_mixin.py:115} INFO - [2022-06-27 05:16:04,401] {dagbag.py:507} INFO - Filling up the DagBag from /home/ubuntu/airflow/airflow_env/lib/python3.8/site-packages/airflow/example_dags/example_branch_day_of_week_operator.py
[2022-06-27 05:16:04,429] {processor.py:651} INFO - DAG(s) dict_keys(['example_weekday_branch_operator']) retrieved from /home/ubuntu/airflow/airflow_env/lib/python3.8/site-packages/airflow/example_dags/example_branch_day_of_week_operator.py
[2022-06-27 05:16:04,537] {logging_mixin.py:115} INFO - [2022-06-27 05:16:04,536] {dag.py:2379} INFO - Sync 1 DAGs
[2022-06-27 05:16:04,734] {logging_mixin.py:115} INFO - [2022-06-27 05:16:04,725] {dag.py:2927} INFO - Setting next_dagrun for example_weekday_branch_operator to 2022-06-26T00:00:00+00:00, run_after=2022-06-27T00:00:00+00:00
[2022-06-27 05:16:04,763] {processor.py:161} INFO - Processing /home/ubuntu/airflow/airflow_env/lib/python3.8/site-packages/airflow/example_dags/example_branch_day_of_week_operator.py took 0.382 seconds
[2022-06-27 05:16:56,839] {processor.py:153} INFO - Started process (PID=152208) to work on /home/ubuntu/airflow/airflow_env/lib/python3.8/site-packages/airflow/example_dags/example_branch_day_of_week_operator.py
[2022-06-27 05:16:56,841] {processor.py:641} INFO - Processing file /home/ubuntu/airflow/airflow_env/lib/python3.8/site-packages/airflow/example_dags/example_branch_day_of_week_operator.py for tasks to queue
[2022-06-27 05:16:56,842] {logging_mixin.py:115} INFO - [2022-06-27 05:16:56,841] {dagbag.py:507} INFO - Filling up the DagBag from /home/ubuntu/airflow/airflow_env/lib/python3.8/site-packages/airflow/example_dags/example_branch_day_of_week_operator.py
[2022-06-27 05:16:56,882] {processor.py:651} INFO - DAG(s) dict_keys(['example_weekday_branch_operator']) retrieved from /home/ubuntu/airflow/airflow_env/lib/python3.8/site-packages/airflow/example_dags/example_branch_day_of_week_operator.py
[2022-06-27 05:16:56,936] {logging_mixin.py:115} INFO - [2022-06-27 05:16:56,935] {dag.py:2379} INFO - Sync 1 DAGs
[2022-06-27 05:16:57,000] {logging_mixin.py:115} INFO - [2022-06-27 05:16:57,000] {dag.py:2927} INFO - Setting next_dagrun for example_weekday_branch_operator to 2022-06-26T00:00:00+00:00, run_after=2022-06-27T00:00:00+00:00
[2022-06-27 05:16:57,066] {processor.py:161} INFO - Processing /home/ubuntu/airflow/airflow_env/lib/python3.8/site-packages/airflow/example_dags/example_branch_day_of_week_operator.py took 0.233 seconds
[2022-06-27 05:17:47,919] {processor.py:153} INFO - Started process (PID=152249) to work on /home/ubuntu/airflow/airflow_env/lib/python3.8/site-packages/airflow/example_dags/example_branch_day_of_week_operator.py
[2022-06-27 05:17:47,921] {processor.py:641} INFO - Processing file /home/ubuntu/airflow/airflow_env/lib/python3.8/site-packages/airflow/example_dags/example_branch_day_of_week_operator.py for tasks to queue
[2022-06-27 05:17:47,923] {logging_mixin.py:115} INFO - [2022-06-27 05:17:47,923] {dagbag.py:507} INFO - Filling up the DagBag from /home/ubuntu/airflow/airflow_env/lib/python3.8/site-packages/airflow/example_dags/example_branch_day_of_week_operator.py
[2022-06-27 05:17:47,947] {processor.py:651} INFO - DAG(s) dict_keys(['example_weekday_branch_operator']) retrieved from /home/ubuntu/airflow/airflow_env/lib/python3.8/site-packages/airflow/example_dags/example_branch_day_of_week_operator.py
[2022-06-27 05:17:48,002] {logging_mixin.py:115} INFO - [2022-06-27 05:17:48,002] {dag.py:2379} INFO - Sync 1 DAGs
[2022-06-27 05:17:48,110] {logging_mixin.py:115} INFO - [2022-06-27 05:17:48,109] {dag.py:2927} INFO - Setting next_dagrun for example_weekday_branch_operator to 2022-06-26T00:00:00+00:00, run_after=2022-06-27T00:00:00+00:00
[2022-06-27 05:17:48,135] {processor.py:161} INFO - Processing /home/ubuntu/airflow/airflow_env/lib/python3.8/site-packages/airflow/example_dags/example_branch_day_of_week_operator.py took 0.226 seconds
[2022-06-27 05:18:38,232] {processor.py:153} INFO - Started process (PID=152292) to work on /home/ubuntu/airflow/airflow_env/lib/python3.8/site-packages/airflow/example_dags/example_branch_day_of_week_operator.py
[2022-06-27 05:18:38,233] {processor.py:641} INFO - Processing file /home/ubuntu/airflow/airflow_env/lib/python3.8/site-packages/airflow/example_dags/example_branch_day_of_week_operator.py for tasks to queue
[2022-06-27 05:18:38,234] {logging_mixin.py:115} INFO - [2022-06-27 05:18:38,234] {dagbag.py:507} INFO - Filling up the DagBag from /home/ubuntu/airflow/airflow_env/lib/python3.8/site-packages/airflow/example_dags/example_branch_day_of_week_operator.py
[2022-06-27 05:18:38,261] {processor.py:651} INFO - DAG(s) dict_keys(['example_weekday_branch_operator']) retrieved from /home/ubuntu/airflow/airflow_env/lib/python3.8/site-packages/airflow/example_dags/example_branch_day_of_week_operator.py
[2022-06-27 05:18:38,298] {logging_mixin.py:115} INFO - [2022-06-27 05:18:38,297] {dag.py:2379} INFO - Sync 1 DAGs
[2022-06-27 05:18:38,331] {logging_mixin.py:115} INFO - [2022-06-27 05:18:38,331] {dag.py:2927} INFO - Setting next_dagrun for example_weekday_branch_operator to 2022-06-26T00:00:00+00:00, run_after=2022-06-27T00:00:00+00:00
[2022-06-27 05:18:38,350] {processor.py:161} INFO - Processing /home/ubuntu/airflow/airflow_env/lib/python3.8/site-packages/airflow/example_dags/example_branch_day_of_week_operator.py took 0.122 seconds
[2022-06-27 05:19:25,543] {processor.py:153} INFO - Started process (PID=152329) to work on /home/ubuntu/airflow/airflow_env/lib/python3.8/site-packages/airflow/example_dags/example_branch_day_of_week_operator.py
[2022-06-27 05:19:25,548] {processor.py:641} INFO - Processing file /home/ubuntu/airflow/airflow_env/lib/python3.8/site-packages/airflow/example_dags/example_branch_day_of_week_operator.py for tasks to queue
[2022-06-27 05:19:25,555] {logging_mixin.py:115} INFO - [2022-06-27 05:19:25,555] {dagbag.py:507} INFO - Filling up the DagBag from /home/ubuntu/airflow/airflow_env/lib/python3.8/site-packages/airflow/example_dags/example_branch_day_of_week_operator.py
[2022-06-27 05:19:25,626] {processor.py:651} INFO - DAG(s) dict_keys(['example_weekday_branch_operator']) retrieved from /home/ubuntu/airflow/airflow_env/lib/python3.8/site-packages/airflow/example_dags/example_branch_day_of_week_operator.py
[2022-06-27 05:19:25,730] {logging_mixin.py:115} INFO - [2022-06-27 05:19:25,721] {dag.py:2379} INFO - Sync 1 DAGs
[2022-06-27 05:19:25,851] {logging_mixin.py:115} INFO - [2022-06-27 05:19:25,851] {dag.py:2927} INFO - Setting next_dagrun for example_weekday_branch_operator to 2022-06-26T00:00:00+00:00, run_after=2022-06-27T00:00:00+00:00
[2022-06-27 05:19:25,949] {processor.py:161} INFO - Processing /home/ubuntu/airflow/airflow_env/lib/python3.8/site-packages/airflow/example_dags/example_branch_day_of_week_operator.py took 0.444 seconds
[2022-06-27 05:20:18,052] {processor.py:153} INFO - Started process (PID=152367) to work on /home/ubuntu/airflow/airflow_env/lib/python3.8/site-packages/airflow/example_dags/example_branch_day_of_week_operator.py
[2022-06-27 05:20:18,053] {processor.py:641} INFO - Processing file /home/ubuntu/airflow/airflow_env/lib/python3.8/site-packages/airflow/example_dags/example_branch_day_of_week_operator.py for tasks to queue
[2022-06-27 05:20:18,055] {logging_mixin.py:115} INFO - [2022-06-27 05:20:18,054] {dagbag.py:507} INFO - Filling up the DagBag from /home/ubuntu/airflow/airflow_env/lib/python3.8/site-packages/airflow/example_dags/example_branch_day_of_week_operator.py
[2022-06-27 05:20:18,109] {processor.py:651} INFO - DAG(s) dict_keys(['example_weekday_branch_operator']) retrieved from /home/ubuntu/airflow/airflow_env/lib/python3.8/site-packages/airflow/example_dags/example_branch_day_of_week_operator.py
[2022-06-27 05:20:18,271] {logging_mixin.py:115} INFO - [2022-06-27 05:20:18,270] {dag.py:2379} INFO - Sync 1 DAGs
[2022-06-27 05:20:18,474] {logging_mixin.py:115} INFO - [2022-06-27 05:20:18,474] {dag.py:2927} INFO - Setting next_dagrun for example_weekday_branch_operator to 2022-06-26T00:00:00+00:00, run_after=2022-06-27T00:00:00+00:00
[2022-06-27 05:20:18,513] {processor.py:161} INFO - Processing /home/ubuntu/airflow/airflow_env/lib/python3.8/site-packages/airflow/example_dags/example_branch_day_of_week_operator.py took 0.504 seconds
[2022-06-27 05:21:09,269] {processor.py:153} INFO - Started process (PID=152415) to work on /home/ubuntu/airflow/airflow_env/lib/python3.8/site-packages/airflow/example_dags/example_branch_day_of_week_operator.py
[2022-06-27 05:21:09,275] {processor.py:641} INFO - Processing file /home/ubuntu/airflow/airflow_env/lib/python3.8/site-packages/airflow/example_dags/example_branch_day_of_week_operator.py for tasks to queue
[2022-06-27 05:21:09,276] {logging_mixin.py:115} INFO - [2022-06-27 05:21:09,276] {dagbag.py:507} INFO - Filling up the DagBag from /home/ubuntu/airflow/airflow_env/lib/python3.8/site-packages/airflow/example_dags/example_branch_day_of_week_operator.py
[2022-06-27 05:21:09,331] {processor.py:651} INFO - DAG(s) dict_keys(['example_weekday_branch_operator']) retrieved from /home/ubuntu/airflow/airflow_env/lib/python3.8/site-packages/airflow/example_dags/example_branch_day_of_week_operator.py
[2022-06-27 05:21:09,446] {logging_mixin.py:115} INFO - [2022-06-27 05:21:09,446] {dag.py:2379} INFO - Sync 1 DAGs
[2022-06-27 05:21:09,564] {logging_mixin.py:115} INFO - [2022-06-27 05:21:09,564] {dag.py:2927} INFO - Setting next_dagrun for example_weekday_branch_operator to 2022-06-26T00:00:00+00:00, run_after=2022-06-27T00:00:00+00:00
[2022-06-27 05:21:09,599] {processor.py:161} INFO - Processing /home/ubuntu/airflow/airflow_env/lib/python3.8/site-packages/airflow/example_dags/example_branch_day_of_week_operator.py took 0.359 seconds
[2022-06-27 05:22:02,496] {processor.py:153} INFO - Started process (PID=152457) to work on /home/ubuntu/airflow/airflow_env/lib/python3.8/site-packages/airflow/example_dags/example_branch_day_of_week_operator.py
[2022-06-27 05:22:02,501] {processor.py:641} INFO - Processing file /home/ubuntu/airflow/airflow_env/lib/python3.8/site-packages/airflow/example_dags/example_branch_day_of_week_operator.py for tasks to queue
[2022-06-27 05:22:02,503] {logging_mixin.py:115} INFO - [2022-06-27 05:22:02,502] {dagbag.py:507} INFO - Filling up the DagBag from /home/ubuntu/airflow/airflow_env/lib/python3.8/site-packages/airflow/example_dags/example_branch_day_of_week_operator.py
[2022-06-27 05:22:02,586] {processor.py:651} INFO - DAG(s) dict_keys(['example_weekday_branch_operator']) retrieved from /home/ubuntu/airflow/airflow_env/lib/python3.8/site-packages/airflow/example_dags/example_branch_day_of_week_operator.py
[2022-06-27 05:22:02,723] {logging_mixin.py:115} INFO - [2022-06-27 05:22:02,723] {dag.py:2379} INFO - Sync 1 DAGs
[2022-06-27 05:22:02,885] {logging_mixin.py:115} INFO - [2022-06-27 05:22:02,885] {dag.py:2927} INFO - Setting next_dagrun for example_weekday_branch_operator to 2022-06-26T00:00:00+00:00, run_after=2022-06-27T00:00:00+00:00
[2022-06-27 05:22:02,942] {processor.py:161} INFO - Processing /home/ubuntu/airflow/airflow_env/lib/python3.8/site-packages/airflow/example_dags/example_branch_day_of_week_operator.py took 0.466 seconds
[2022-06-27 05:22:54,865] {processor.py:153} INFO - Started process (PID=152498) to work on /home/ubuntu/airflow/airflow_env/lib/python3.8/site-packages/airflow/example_dags/example_branch_day_of_week_operator.py
[2022-06-27 05:22:54,874] {processor.py:641} INFO - Processing file /home/ubuntu/airflow/airflow_env/lib/python3.8/site-packages/airflow/example_dags/example_branch_day_of_week_operator.py for tasks to queue
[2022-06-27 05:22:54,877] {logging_mixin.py:115} INFO - [2022-06-27 05:22:54,877] {dagbag.py:507} INFO - Filling up the DagBag from /home/ubuntu/airflow/airflow_env/lib/python3.8/site-packages/airflow/example_dags/example_branch_day_of_week_operator.py
[2022-06-27 05:22:54,953] {processor.py:651} INFO - DAG(s) dict_keys(['example_weekday_branch_operator']) retrieved from /home/ubuntu/airflow/airflow_env/lib/python3.8/site-packages/airflow/example_dags/example_branch_day_of_week_operator.py
[2022-06-27 05:22:55,091] {logging_mixin.py:115} INFO - [2022-06-27 05:22:55,091] {dag.py:2379} INFO - Sync 1 DAGs
[2022-06-27 05:22:55,181] {logging_mixin.py:115} INFO - [2022-06-27 05:22:55,181] {dag.py:2927} INFO - Setting next_dagrun for example_weekday_branch_operator to 2022-06-26T00:00:00+00:00, run_after=2022-06-27T00:00:00+00:00
[2022-06-27 05:22:55,210] {processor.py:161} INFO - Processing /home/ubuntu/airflow/airflow_env/lib/python3.8/site-packages/airflow/example_dags/example_branch_day_of_week_operator.py took 0.381 seconds
[2022-06-27 05:23:44,509] {processor.py:153} INFO - Started process (PID=152547) to work on /home/ubuntu/airflow/airflow_env/lib/python3.8/site-packages/airflow/example_dags/example_branch_day_of_week_operator.py
[2022-06-27 05:23:44,510] {processor.py:641} INFO - Processing file /home/ubuntu/airflow/airflow_env/lib/python3.8/site-packages/airflow/example_dags/example_branch_day_of_week_operator.py for tasks to queue
[2022-06-27 05:23:44,511] {logging_mixin.py:115} INFO - [2022-06-27 05:23:44,511] {dagbag.py:507} INFO - Filling up the DagBag from /home/ubuntu/airflow/airflow_env/lib/python3.8/site-packages/airflow/example_dags/example_branch_day_of_week_operator.py
[2022-06-27 05:23:44,537] {processor.py:651} INFO - DAG(s) dict_keys(['example_weekday_branch_operator']) retrieved from /home/ubuntu/airflow/airflow_env/lib/python3.8/site-packages/airflow/example_dags/example_branch_day_of_week_operator.py
[2022-06-27 05:23:44,614] {logging_mixin.py:115} INFO - [2022-06-27 05:23:44,614] {dag.py:2379} INFO - Sync 1 DAGs
[2022-06-27 05:23:44,694] {logging_mixin.py:115} INFO - [2022-06-27 05:23:44,694] {dag.py:2927} INFO - Setting next_dagrun for example_weekday_branch_operator to 2022-06-26T00:00:00+00:00, run_after=2022-06-27T00:00:00+00:00
[2022-06-27 05:23:44,730] {processor.py:161} INFO - Processing /home/ubuntu/airflow/airflow_env/lib/python3.8/site-packages/airflow/example_dags/example_branch_day_of_week_operator.py took 0.236 seconds
[2022-06-27 05:24:31,672] {processor.py:153} INFO - Started process (PID=152585) to work on /home/ubuntu/airflow/airflow_env/lib/python3.8/site-packages/airflow/example_dags/example_branch_day_of_week_operator.py
[2022-06-27 05:24:31,676] {processor.py:641} INFO - Processing file /home/ubuntu/airflow/airflow_env/lib/python3.8/site-packages/airflow/example_dags/example_branch_day_of_week_operator.py for tasks to queue
[2022-06-27 05:24:31,676] {logging_mixin.py:115} INFO - [2022-06-27 05:24:31,676] {dagbag.py:507} INFO - Filling up the DagBag from /home/ubuntu/airflow/airflow_env/lib/python3.8/site-packages/airflow/example_dags/example_branch_day_of_week_operator.py
[2022-06-27 05:24:31,692] {processor.py:651} INFO - DAG(s) dict_keys(['example_weekday_branch_operator']) retrieved from /home/ubuntu/airflow/airflow_env/lib/python3.8/site-packages/airflow/example_dags/example_branch_day_of_week_operator.py
[2022-06-27 05:24:31,747] {logging_mixin.py:115} INFO - [2022-06-27 05:24:31,747] {dag.py:2379} INFO - Sync 1 DAGs
[2022-06-27 05:24:31,782] {logging_mixin.py:115} INFO - [2022-06-27 05:24:31,782] {dag.py:2927} INFO - Setting next_dagrun for example_weekday_branch_operator to 2022-06-26T00:00:00+00:00, run_after=2022-06-27T00:00:00+00:00
[2022-06-27 05:24:31,807] {processor.py:161} INFO - Processing /home/ubuntu/airflow/airflow_env/lib/python3.8/site-packages/airflow/example_dags/example_branch_day_of_week_operator.py took 0.144 seconds
[2022-06-27 05:25:22,033] {processor.py:153} INFO - Started process (PID=152621) to work on /home/ubuntu/airflow/airflow_env/lib/python3.8/site-packages/airflow/example_dags/example_branch_day_of_week_operator.py
[2022-06-27 05:25:22,034] {processor.py:641} INFO - Processing file /home/ubuntu/airflow/airflow_env/lib/python3.8/site-packages/airflow/example_dags/example_branch_day_of_week_operator.py for tasks to queue
[2022-06-27 05:25:22,036] {logging_mixin.py:115} INFO - [2022-06-27 05:25:22,036] {dagbag.py:507} INFO - Filling up the DagBag from /home/ubuntu/airflow/airflow_env/lib/python3.8/site-packages/airflow/example_dags/example_branch_day_of_week_operator.py
[2022-06-27 05:25:22,058] {processor.py:651} INFO - DAG(s) dict_keys(['example_weekday_branch_operator']) retrieved from /home/ubuntu/airflow/airflow_env/lib/python3.8/site-packages/airflow/example_dags/example_branch_day_of_week_operator.py
[2022-06-27 05:25:22,165] {logging_mixin.py:115} INFO - [2022-06-27 05:25:22,165] {dag.py:2379} INFO - Sync 1 DAGs
[2022-06-27 05:25:22,325] {logging_mixin.py:115} INFO - [2022-06-27 05:25:22,325] {dag.py:2927} INFO - Setting next_dagrun for example_weekday_branch_operator to 2022-06-26T00:00:00+00:00, run_after=2022-06-27T00:00:00+00:00
[2022-06-27 05:25:22,387] {processor.py:161} INFO - Processing /home/ubuntu/airflow/airflow_env/lib/python3.8/site-packages/airflow/example_dags/example_branch_day_of_week_operator.py took 0.358 seconds
[2022-06-27 05:26:14,090] {processor.py:153} INFO - Started process (PID=152659) to work on /home/ubuntu/airflow/airflow_env/lib/python3.8/site-packages/airflow/example_dags/example_branch_day_of_week_operator.py
[2022-06-27 05:26:14,091] {processor.py:641} INFO - Processing file /home/ubuntu/airflow/airflow_env/lib/python3.8/site-packages/airflow/example_dags/example_branch_day_of_week_operator.py for tasks to queue
[2022-06-27 05:26:14,092] {logging_mixin.py:115} INFO - [2022-06-27 05:26:14,091] {dagbag.py:507} INFO - Filling up the DagBag from /home/ubuntu/airflow/airflow_env/lib/python3.8/site-packages/airflow/example_dags/example_branch_day_of_week_operator.py
[2022-06-27 05:26:14,111] {processor.py:651} INFO - DAG(s) dict_keys(['example_weekday_branch_operator']) retrieved from /home/ubuntu/airflow/airflow_env/lib/python3.8/site-packages/airflow/example_dags/example_branch_day_of_week_operator.py
[2022-06-27 05:26:14,158] {logging_mixin.py:115} INFO - [2022-06-27 05:26:14,158] {dag.py:2379} INFO - Sync 1 DAGs
[2022-06-27 05:26:14,219] {logging_mixin.py:115} INFO - [2022-06-27 05:26:14,219] {dag.py:2927} INFO - Setting next_dagrun for example_weekday_branch_operator to 2022-06-26T00:00:00+00:00, run_after=2022-06-27T00:00:00+00:00
[2022-06-27 05:26:14,260] {processor.py:161} INFO - Processing /home/ubuntu/airflow/airflow_env/lib/python3.8/site-packages/airflow/example_dags/example_branch_day_of_week_operator.py took 0.180 seconds
[2022-06-27 05:26:58,397] {processor.py:153} INFO - Started process (PID=152697) to work on /home/ubuntu/airflow/airflow_env/lib/python3.8/site-packages/airflow/example_dags/example_branch_day_of_week_operator.py
[2022-06-27 05:26:58,398] {processor.py:641} INFO - Processing file /home/ubuntu/airflow/airflow_env/lib/python3.8/site-packages/airflow/example_dags/example_branch_day_of_week_operator.py for tasks to queue
[2022-06-27 05:26:58,399] {logging_mixin.py:115} INFO - [2022-06-27 05:26:58,399] {dagbag.py:507} INFO - Filling up the DagBag from /home/ubuntu/airflow/airflow_env/lib/python3.8/site-packages/airflow/example_dags/example_branch_day_of_week_operator.py
[2022-06-27 05:26:58,415] {processor.py:651} INFO - DAG(s) dict_keys(['example_weekday_branch_operator']) retrieved from /home/ubuntu/airflow/airflow_env/lib/python3.8/site-packages/airflow/example_dags/example_branch_day_of_week_operator.py
[2022-06-27 05:26:58,524] {logging_mixin.py:115} INFO - [2022-06-27 05:26:58,524] {dag.py:2379} INFO - Sync 1 DAGs
[2022-06-27 05:26:58,649] {logging_mixin.py:115} INFO - [2022-06-27 05:26:58,649] {dag.py:2927} INFO - Setting next_dagrun for example_weekday_branch_operator to 2022-06-26T00:00:00+00:00, run_after=2022-06-27T00:00:00+00:00
[2022-06-27 05:26:58,672] {processor.py:161} INFO - Processing /home/ubuntu/airflow/airflow_env/lib/python3.8/site-packages/airflow/example_dags/example_branch_day_of_week_operator.py took 0.279 seconds
[2022-06-27 05:27:47,096] {processor.py:153} INFO - Started process (PID=152755) to work on /home/ubuntu/airflow/airflow_env/lib/python3.8/site-packages/airflow/example_dags/example_branch_day_of_week_operator.py
[2022-06-27 05:27:47,099] {processor.py:641} INFO - Processing file /home/ubuntu/airflow/airflow_env/lib/python3.8/site-packages/airflow/example_dags/example_branch_day_of_week_operator.py for tasks to queue
[2022-06-27 05:27:47,101] {logging_mixin.py:115} INFO - [2022-06-27 05:27:47,100] {dagbag.py:507} INFO - Filling up the DagBag from /home/ubuntu/airflow/airflow_env/lib/python3.8/site-packages/airflow/example_dags/example_branch_day_of_week_operator.py
[2022-06-27 05:27:47,163] {processor.py:651} INFO - DAG(s) dict_keys(['example_weekday_branch_operator']) retrieved from /home/ubuntu/airflow/airflow_env/lib/python3.8/site-packages/airflow/example_dags/example_branch_day_of_week_operator.py
[2022-06-27 05:27:47,243] {logging_mixin.py:115} INFO - [2022-06-27 05:27:47,243] {dag.py:2379} INFO - Sync 1 DAGs
[2022-06-27 05:27:47,340] {logging_mixin.py:115} INFO - [2022-06-27 05:27:47,340] {dag.py:2927} INFO - Setting next_dagrun for example_weekday_branch_operator to 2022-06-26T00:00:00+00:00, run_after=2022-06-27T00:00:00+00:00
[2022-06-27 05:27:47,422] {processor.py:161} INFO - Processing /home/ubuntu/airflow/airflow_env/lib/python3.8/site-packages/airflow/example_dags/example_branch_day_of_week_operator.py took 0.353 seconds
[2022-06-27 05:28:39,390] {processor.py:153} INFO - Started process (PID=152803) to work on /home/ubuntu/airflow/airflow_env/lib/python3.8/site-packages/airflow/example_dags/example_branch_day_of_week_operator.py
[2022-06-27 05:28:39,393] {processor.py:641} INFO - Processing file /home/ubuntu/airflow/airflow_env/lib/python3.8/site-packages/airflow/example_dags/example_branch_day_of_week_operator.py for tasks to queue
[2022-06-27 05:28:39,396] {logging_mixin.py:115} INFO - [2022-06-27 05:28:39,395] {dagbag.py:507} INFO - Filling up the DagBag from /home/ubuntu/airflow/airflow_env/lib/python3.8/site-packages/airflow/example_dags/example_branch_day_of_week_operator.py
[2022-06-27 05:28:39,454] {processor.py:651} INFO - DAG(s) dict_keys(['example_weekday_branch_operator']) retrieved from /home/ubuntu/airflow/airflow_env/lib/python3.8/site-packages/airflow/example_dags/example_branch_day_of_week_operator.py
[2022-06-27 05:28:39,524] {logging_mixin.py:115} INFO - [2022-06-27 05:28:39,524] {dag.py:2379} INFO - Sync 1 DAGs
[2022-06-27 05:28:39,584] {logging_mixin.py:115} INFO - [2022-06-27 05:28:39,584] {dag.py:2927} INFO - Setting next_dagrun for example_weekday_branch_operator to 2022-06-26T00:00:00+00:00, run_after=2022-06-27T00:00:00+00:00
[2022-06-27 05:28:39,616] {processor.py:161} INFO - Processing /home/ubuntu/airflow/airflow_env/lib/python3.8/site-packages/airflow/example_dags/example_branch_day_of_week_operator.py took 0.266 seconds
[2022-06-27 05:29:36,940] {processor.py:153} INFO - Started process (PID=152845) to work on /home/ubuntu/airflow/airflow_env/lib/python3.8/site-packages/airflow/example_dags/example_branch_day_of_week_operator.py
[2022-06-27 05:29:36,943] {processor.py:641} INFO - Processing file /home/ubuntu/airflow/airflow_env/lib/python3.8/site-packages/airflow/example_dags/example_branch_day_of_week_operator.py for tasks to queue
[2022-06-27 05:29:36,944] {logging_mixin.py:115} INFO - [2022-06-27 05:29:36,944] {dagbag.py:507} INFO - Filling up the DagBag from /home/ubuntu/airflow/airflow_env/lib/python3.8/site-packages/airflow/example_dags/example_branch_day_of_week_operator.py
[2022-06-27 05:29:36,970] {processor.py:651} INFO - DAG(s) dict_keys(['example_weekday_branch_operator']) retrieved from /home/ubuntu/airflow/airflow_env/lib/python3.8/site-packages/airflow/example_dags/example_branch_day_of_week_operator.py
[2022-06-27 05:29:37,026] {logging_mixin.py:115} INFO - [2022-06-27 05:29:37,026] {dag.py:2379} INFO - Sync 1 DAGs
[2022-06-27 05:29:37,088] {logging_mixin.py:115} INFO - [2022-06-27 05:29:37,087] {dag.py:2927} INFO - Setting next_dagrun for example_weekday_branch_operator to 2022-06-26T00:00:00+00:00, run_after=2022-06-27T00:00:00+00:00
[2022-06-27 05:29:37,151] {processor.py:161} INFO - Processing /home/ubuntu/airflow/airflow_env/lib/python3.8/site-packages/airflow/example_dags/example_branch_day_of_week_operator.py took 0.225 seconds
[2022-06-27 05:30:34,802] {processor.py:153} INFO - Started process (PID=152921) to work on /home/ubuntu/airflow/airflow_env/lib/python3.8/site-packages/airflow/example_dags/example_branch_day_of_week_operator.py
[2022-06-27 05:30:34,806] {processor.py:641} INFO - Processing file /home/ubuntu/airflow/airflow_env/lib/python3.8/site-packages/airflow/example_dags/example_branch_day_of_week_operator.py for tasks to queue
[2022-06-27 05:30:34,807] {logging_mixin.py:115} INFO - [2022-06-27 05:30:34,807] {dagbag.py:507} INFO - Filling up the DagBag from /home/ubuntu/airflow/airflow_env/lib/python3.8/site-packages/airflow/example_dags/example_branch_day_of_week_operator.py
[2022-06-27 05:30:34,840] {processor.py:651} INFO - DAG(s) dict_keys(['example_weekday_branch_operator']) retrieved from /home/ubuntu/airflow/airflow_env/lib/python3.8/site-packages/airflow/example_dags/example_branch_day_of_week_operator.py
[2022-06-27 05:30:34,871] {logging_mixin.py:115} INFO - [2022-06-27 05:30:34,871] {dag.py:2379} INFO - Sync 1 DAGs
[2022-06-27 05:30:34,907] {logging_mixin.py:115} INFO - [2022-06-27 05:30:34,907] {dag.py:2927} INFO - Setting next_dagrun for example_weekday_branch_operator to 2022-06-26T00:00:00+00:00, run_after=2022-06-27T00:00:00+00:00
[2022-06-27 05:30:34,928] {processor.py:161} INFO - Processing /home/ubuntu/airflow/airflow_env/lib/python3.8/site-packages/airflow/example_dags/example_branch_day_of_week_operator.py took 0.155 seconds
[2022-06-27 05:31:26,524] {processor.py:153} INFO - Started process (PID=152970) to work on /home/ubuntu/airflow/airflow_env/lib/python3.8/site-packages/airflow/example_dags/example_branch_day_of_week_operator.py
[2022-06-27 05:31:26,525] {processor.py:641} INFO - Processing file /home/ubuntu/airflow/airflow_env/lib/python3.8/site-packages/airflow/example_dags/example_branch_day_of_week_operator.py for tasks to queue
[2022-06-27 05:31:26,527] {logging_mixin.py:115} INFO - [2022-06-27 05:31:26,526] {dagbag.py:507} INFO - Filling up the DagBag from /home/ubuntu/airflow/airflow_env/lib/python3.8/site-packages/airflow/example_dags/example_branch_day_of_week_operator.py
[2022-06-27 05:31:26,544] {processor.py:651} INFO - DAG(s) dict_keys(['example_weekday_branch_operator']) retrieved from /home/ubuntu/airflow/airflow_env/lib/python3.8/site-packages/airflow/example_dags/example_branch_day_of_week_operator.py
[2022-06-27 05:31:26,590] {logging_mixin.py:115} INFO - [2022-06-27 05:31:26,585] {dag.py:2379} INFO - Sync 1 DAGs
[2022-06-27 05:31:26,647] {logging_mixin.py:115} INFO - [2022-06-27 05:31:26,647] {dag.py:2927} INFO - Setting next_dagrun for example_weekday_branch_operator to 2022-06-26T00:00:00+00:00, run_after=2022-06-27T00:00:00+00:00
[2022-06-27 05:31:26,679] {processor.py:161} INFO - Processing /home/ubuntu/airflow/airflow_env/lib/python3.8/site-packages/airflow/example_dags/example_branch_day_of_week_operator.py took 0.166 seconds
[2022-06-27 05:32:06,027] {processor.py:153} INFO - Started process (PID=153006) to work on /home/ubuntu/airflow/airflow_env/lib/python3.8/site-packages/airflow/example_dags/example_branch_day_of_week_operator.py
[2022-06-27 05:32:06,028] {processor.py:641} INFO - Processing file /home/ubuntu/airflow/airflow_env/lib/python3.8/site-packages/airflow/example_dags/example_branch_day_of_week_operator.py for tasks to queue
[2022-06-27 05:32:06,029] {logging_mixin.py:115} INFO - [2022-06-27 05:32:06,029] {dagbag.py:507} INFO - Filling up the DagBag from /home/ubuntu/airflow/airflow_env/lib/python3.8/site-packages/airflow/example_dags/example_branch_day_of_week_operator.py
[2022-06-27 05:32:06,047] {processor.py:651} INFO - DAG(s) dict_keys(['example_weekday_branch_operator']) retrieved from /home/ubuntu/airflow/airflow_env/lib/python3.8/site-packages/airflow/example_dags/example_branch_day_of_week_operator.py
[2022-06-27 05:32:06,094] {logging_mixin.py:115} INFO - [2022-06-27 05:32:06,094] {dag.py:2379} INFO - Sync 1 DAGs
[2022-06-27 05:32:06,153] {logging_mixin.py:115} INFO - [2022-06-27 05:32:06,152] {dag.py:2927} INFO - Setting next_dagrun for example_weekday_branch_operator to 2022-06-26T00:00:00+00:00, run_after=2022-06-27T00:00:00+00:00
[2022-06-27 05:32:06,186] {processor.py:161} INFO - Processing /home/ubuntu/airflow/airflow_env/lib/python3.8/site-packages/airflow/example_dags/example_branch_day_of_week_operator.py took 0.169 seconds
[2022-06-27 05:33:02,022] {processor.py:153} INFO - Started process (PID=153052) to work on /home/ubuntu/airflow/airflow_env/lib/python3.8/site-packages/airflow/example_dags/example_branch_day_of_week_operator.py
[2022-06-27 05:33:02,026] {processor.py:641} INFO - Processing file /home/ubuntu/airflow/airflow_env/lib/python3.8/site-packages/airflow/example_dags/example_branch_day_of_week_operator.py for tasks to queue
[2022-06-27 05:33:02,027] {logging_mixin.py:115} INFO - [2022-06-27 05:33:02,027] {dagbag.py:507} INFO - Filling up the DagBag from /home/ubuntu/airflow/airflow_env/lib/python3.8/site-packages/airflow/example_dags/example_branch_day_of_week_operator.py
[2022-06-27 05:33:02,048] {processor.py:651} INFO - DAG(s) dict_keys(['example_weekday_branch_operator']) retrieved from /home/ubuntu/airflow/airflow_env/lib/python3.8/site-packages/airflow/example_dags/example_branch_day_of_week_operator.py
[2022-06-27 05:33:02,116] {logging_mixin.py:115} INFO - [2022-06-27 05:33:02,116] {dag.py:2379} INFO - Sync 1 DAGs
[2022-06-27 05:33:02,166] {logging_mixin.py:115} INFO - [2022-06-27 05:33:02,165] {dag.py:2927} INFO - Setting next_dagrun for example_weekday_branch_operator to 2022-06-26T00:00:00+00:00, run_after=2022-06-27T00:00:00+00:00
[2022-06-27 05:33:02,219] {processor.py:161} INFO - Processing /home/ubuntu/airflow/airflow_env/lib/python3.8/site-packages/airflow/example_dags/example_branch_day_of_week_operator.py took 0.209 seconds
[2022-06-27 05:33:46,475] {processor.py:153} INFO - Started process (PID=153091) to work on /home/ubuntu/airflow/airflow_env/lib/python3.8/site-packages/airflow/example_dags/example_branch_day_of_week_operator.py
[2022-06-27 05:33:46,478] {processor.py:641} INFO - Processing file /home/ubuntu/airflow/airflow_env/lib/python3.8/site-packages/airflow/example_dags/example_branch_day_of_week_operator.py for tasks to queue
[2022-06-27 05:33:46,481] {logging_mixin.py:115} INFO - [2022-06-27 05:33:46,480] {dagbag.py:507} INFO - Filling up the DagBag from /home/ubuntu/airflow/airflow_env/lib/python3.8/site-packages/airflow/example_dags/example_branch_day_of_week_operator.py
[2022-06-27 05:33:46,523] {processor.py:651} INFO - DAG(s) dict_keys(['example_weekday_branch_operator']) retrieved from /home/ubuntu/airflow/airflow_env/lib/python3.8/site-packages/airflow/example_dags/example_branch_day_of_week_operator.py
[2022-06-27 05:33:46,574] {logging_mixin.py:115} INFO - [2022-06-27 05:33:46,574] {dag.py:2379} INFO - Sync 1 DAGs
[2022-06-27 05:33:46,601] {logging_mixin.py:115} INFO - [2022-06-27 05:33:46,600] {dag.py:2927} INFO - Setting next_dagrun for example_weekday_branch_operator to 2022-06-26T00:00:00+00:00, run_after=2022-06-27T00:00:00+00:00
[2022-06-27 05:33:46,639] {processor.py:161} INFO - Processing /home/ubuntu/airflow/airflow_env/lib/python3.8/site-packages/airflow/example_dags/example_branch_day_of_week_operator.py took 0.188 seconds
[2022-06-27 05:34:39,321] {processor.py:153} INFO - Started process (PID=153133) to work on /home/ubuntu/airflow/airflow_env/lib/python3.8/site-packages/airflow/example_dags/example_branch_day_of_week_operator.py
[2022-06-27 05:34:39,326] {processor.py:641} INFO - Processing file /home/ubuntu/airflow/airflow_env/lib/python3.8/site-packages/airflow/example_dags/example_branch_day_of_week_operator.py for tasks to queue
[2022-06-27 05:34:39,329] {logging_mixin.py:115} INFO - [2022-06-27 05:34:39,328] {dagbag.py:507} INFO - Filling up the DagBag from /home/ubuntu/airflow/airflow_env/lib/python3.8/site-packages/airflow/example_dags/example_branch_day_of_week_operator.py
[2022-06-27 05:34:39,372] {processor.py:651} INFO - DAG(s) dict_keys(['example_weekday_branch_operator']) retrieved from /home/ubuntu/airflow/airflow_env/lib/python3.8/site-packages/airflow/example_dags/example_branch_day_of_week_operator.py
[2022-06-27 05:34:39,438] {logging_mixin.py:115} INFO - [2022-06-27 05:34:39,438] {dag.py:2379} INFO - Sync 1 DAGs
[2022-06-27 05:34:39,489] {logging_mixin.py:115} INFO - [2022-06-27 05:34:39,488] {dag.py:2927} INFO - Setting next_dagrun for example_weekday_branch_operator to 2022-06-26T00:00:00+00:00, run_after=2022-06-27T00:00:00+00:00
[2022-06-27 05:34:39,521] {processor.py:161} INFO - Processing /home/ubuntu/airflow/airflow_env/lib/python3.8/site-packages/airflow/example_dags/example_branch_day_of_week_operator.py took 0.219 seconds
[2022-06-27 05:35:28,236] {processor.py:153} INFO - Started process (PID=153170) to work on /home/ubuntu/airflow/airflow_env/lib/python3.8/site-packages/airflow/example_dags/example_branch_day_of_week_operator.py
[2022-06-27 05:35:28,238] {processor.py:641} INFO - Processing file /home/ubuntu/airflow/airflow_env/lib/python3.8/site-packages/airflow/example_dags/example_branch_day_of_week_operator.py for tasks to queue
[2022-06-27 05:35:28,239] {logging_mixin.py:115} INFO - [2022-06-27 05:35:28,239] {dagbag.py:507} INFO - Filling up the DagBag from /home/ubuntu/airflow/airflow_env/lib/python3.8/site-packages/airflow/example_dags/example_branch_day_of_week_operator.py
[2022-06-27 05:35:28,272] {processor.py:651} INFO - DAG(s) dict_keys(['example_weekday_branch_operator']) retrieved from /home/ubuntu/airflow/airflow_env/lib/python3.8/site-packages/airflow/example_dags/example_branch_day_of_week_operator.py
[2022-06-27 05:35:28,316] {logging_mixin.py:115} INFO - [2022-06-27 05:35:28,316] {dag.py:2379} INFO - Sync 1 DAGs
[2022-06-27 05:35:28,349] {logging_mixin.py:115} INFO - [2022-06-27 05:35:28,349] {dag.py:2927} INFO - Setting next_dagrun for example_weekday_branch_operator to 2022-06-26T00:00:00+00:00, run_after=2022-06-27T00:00:00+00:00
[2022-06-27 05:35:28,370] {processor.py:161} INFO - Processing /home/ubuntu/airflow/airflow_env/lib/python3.8/site-packages/airflow/example_dags/example_branch_day_of_week_operator.py took 0.151 seconds
[2022-06-27 05:36:20,748] {processor.py:153} INFO - Started process (PID=153217) to work on /home/ubuntu/airflow/airflow_env/lib/python3.8/site-packages/airflow/example_dags/example_branch_day_of_week_operator.py
[2022-06-27 05:36:20,749] {processor.py:641} INFO - Processing file /home/ubuntu/airflow/airflow_env/lib/python3.8/site-packages/airflow/example_dags/example_branch_day_of_week_operator.py for tasks to queue
[2022-06-27 05:36:20,750] {logging_mixin.py:115} INFO - [2022-06-27 05:36:20,749] {dagbag.py:507} INFO - Filling up the DagBag from /home/ubuntu/airflow/airflow_env/lib/python3.8/site-packages/airflow/example_dags/example_branch_day_of_week_operator.py
[2022-06-27 05:36:20,765] {processor.py:651} INFO - DAG(s) dict_keys(['example_weekday_branch_operator']) retrieved from /home/ubuntu/airflow/airflow_env/lib/python3.8/site-packages/airflow/example_dags/example_branch_day_of_week_operator.py
[2022-06-27 05:36:20,797] {logging_mixin.py:115} INFO - [2022-06-27 05:36:20,797] {dag.py:2379} INFO - Sync 1 DAGs
[2022-06-27 05:36:20,824] {logging_mixin.py:115} INFO - [2022-06-27 05:36:20,824] {dag.py:2927} INFO - Setting next_dagrun for example_weekday_branch_operator to 2022-06-26T00:00:00+00:00, run_after=2022-06-27T00:00:00+00:00
[2022-06-27 05:36:20,844] {processor.py:161} INFO - Processing /home/ubuntu/airflow/airflow_env/lib/python3.8/site-packages/airflow/example_dags/example_branch_day_of_week_operator.py took 0.100 seconds
[2022-06-27 05:37:12,878] {processor.py:153} INFO - Started process (PID=153266) to work on /home/ubuntu/airflow/airflow_env/lib/python3.8/site-packages/airflow/example_dags/example_branch_day_of_week_operator.py
[2022-06-27 05:37:12,881] {processor.py:641} INFO - Processing file /home/ubuntu/airflow/airflow_env/lib/python3.8/site-packages/airflow/example_dags/example_branch_day_of_week_operator.py for tasks to queue
[2022-06-27 05:37:12,882] {logging_mixin.py:115} INFO - [2022-06-27 05:37:12,882] {dagbag.py:507} INFO - Filling up the DagBag from /home/ubuntu/airflow/airflow_env/lib/python3.8/site-packages/airflow/example_dags/example_branch_day_of_week_operator.py
[2022-06-27 05:37:12,938] {processor.py:651} INFO - DAG(s) dict_keys(['example_weekday_branch_operator']) retrieved from /home/ubuntu/airflow/airflow_env/lib/python3.8/site-packages/airflow/example_dags/example_branch_day_of_week_operator.py
[2022-06-27 05:37:13,035] {logging_mixin.py:115} INFO - [2022-06-27 05:37:13,035] {dag.py:2379} INFO - Sync 1 DAGs
[2022-06-27 05:37:13,201] {logging_mixin.py:115} INFO - [2022-06-27 05:37:13,200] {dag.py:2927} INFO - Setting next_dagrun for example_weekday_branch_operator to 2022-06-26T00:00:00+00:00, run_after=2022-06-27T00:00:00+00:00
[2022-06-27 05:37:13,302] {processor.py:161} INFO - Processing /home/ubuntu/airflow/airflow_env/lib/python3.8/site-packages/airflow/example_dags/example_branch_day_of_week_operator.py took 0.449 seconds
[2022-06-27 05:38:03,768] {processor.py:153} INFO - Started process (PID=153306) to work on /home/ubuntu/airflow/airflow_env/lib/python3.8/site-packages/airflow/example_dags/example_branch_day_of_week_operator.py
[2022-06-27 05:38:03,775] {processor.py:641} INFO - Processing file /home/ubuntu/airflow/airflow_env/lib/python3.8/site-packages/airflow/example_dags/example_branch_day_of_week_operator.py for tasks to queue
[2022-06-27 05:38:03,777] {logging_mixin.py:115} INFO - [2022-06-27 05:38:03,776] {dagbag.py:507} INFO - Filling up the DagBag from /home/ubuntu/airflow/airflow_env/lib/python3.8/site-packages/airflow/example_dags/example_branch_day_of_week_operator.py
[2022-06-27 05:38:03,806] {processor.py:651} INFO - DAG(s) dict_keys(['example_weekday_branch_operator']) retrieved from /home/ubuntu/airflow/airflow_env/lib/python3.8/site-packages/airflow/example_dags/example_branch_day_of_week_operator.py
[2022-06-27 05:38:03,844] {logging_mixin.py:115} INFO - [2022-06-27 05:38:03,844] {dag.py:2379} INFO - Sync 1 DAGs
[2022-06-27 05:38:03,937] {logging_mixin.py:115} INFO - [2022-06-27 05:38:03,937] {dag.py:2927} INFO - Setting next_dagrun for example_weekday_branch_operator to 2022-06-26T00:00:00+00:00, run_after=2022-06-27T00:00:00+00:00
[2022-06-27 05:38:03,982] {processor.py:161} INFO - Processing /home/ubuntu/airflow/airflow_env/lib/python3.8/site-packages/airflow/example_dags/example_branch_day_of_week_operator.py took 0.249 seconds
[2022-06-27 05:38:59,250] {processor.py:153} INFO - Started process (PID=153351) to work on /home/ubuntu/airflow/airflow_env/lib/python3.8/site-packages/airflow/example_dags/example_branch_day_of_week_operator.py
[2022-06-27 05:38:59,255] {processor.py:641} INFO - Processing file /home/ubuntu/airflow/airflow_env/lib/python3.8/site-packages/airflow/example_dags/example_branch_day_of_week_operator.py for tasks to queue
[2022-06-27 05:38:59,256] {logging_mixin.py:115} INFO - [2022-06-27 05:38:59,256] {dagbag.py:507} INFO - Filling up the DagBag from /home/ubuntu/airflow/airflow_env/lib/python3.8/site-packages/airflow/example_dags/example_branch_day_of_week_operator.py
[2022-06-27 05:38:59,276] {processor.py:651} INFO - DAG(s) dict_keys(['example_weekday_branch_operator']) retrieved from /home/ubuntu/airflow/airflow_env/lib/python3.8/site-packages/airflow/example_dags/example_branch_day_of_week_operator.py
[2022-06-27 05:38:59,318] {logging_mixin.py:115} INFO - [2022-06-27 05:38:59,318] {dag.py:2379} INFO - Sync 1 DAGs
[2022-06-27 05:38:59,349] {logging_mixin.py:115} INFO - [2022-06-27 05:38:59,349] {dag.py:2927} INFO - Setting next_dagrun for example_weekday_branch_operator to 2022-06-26T00:00:00+00:00, run_after=2022-06-27T00:00:00+00:00
[2022-06-27 05:38:59,372] {processor.py:161} INFO - Processing /home/ubuntu/airflow/airflow_env/lib/python3.8/site-packages/airflow/example_dags/example_branch_day_of_week_operator.py took 0.157 seconds
[2022-06-27 05:39:47,319] {processor.py:153} INFO - Started process (PID=153390) to work on /home/ubuntu/airflow/airflow_env/lib/python3.8/site-packages/airflow/example_dags/example_branch_day_of_week_operator.py
[2022-06-27 05:39:47,320] {processor.py:641} INFO - Processing file /home/ubuntu/airflow/airflow_env/lib/python3.8/site-packages/airflow/example_dags/example_branch_day_of_week_operator.py for tasks to queue
[2022-06-27 05:39:47,320] {logging_mixin.py:115} INFO - [2022-06-27 05:39:47,320] {dagbag.py:507} INFO - Filling up the DagBag from /home/ubuntu/airflow/airflow_env/lib/python3.8/site-packages/airflow/example_dags/example_branch_day_of_week_operator.py
[2022-06-27 05:39:47,342] {processor.py:651} INFO - DAG(s) dict_keys(['example_weekday_branch_operator']) retrieved from /home/ubuntu/airflow/airflow_env/lib/python3.8/site-packages/airflow/example_dags/example_branch_day_of_week_operator.py
[2022-06-27 05:39:47,527] {logging_mixin.py:115} INFO - [2022-06-27 05:39:47,527] {dag.py:2379} INFO - Sync 1 DAGs
[2022-06-27 05:39:47,593] {logging_mixin.py:115} INFO - [2022-06-27 05:39:47,592] {dag.py:2927} INFO - Setting next_dagrun for example_weekday_branch_operator to 2022-06-26T00:00:00+00:00, run_after=2022-06-27T00:00:00+00:00
[2022-06-27 05:39:47,625] {processor.py:161} INFO - Processing /home/ubuntu/airflow/airflow_env/lib/python3.8/site-packages/airflow/example_dags/example_branch_day_of_week_operator.py took 0.315 seconds
