[2022-06-27 04:49:37,567] {processor.py:153} INFO - Started process (PID=150483) to work on /home/ubuntu/airflow/airflow_env/lib/python3.8/site-packages/airflow/example_dags/example_xcomargs.py
[2022-06-27 04:49:37,568] {processor.py:641} INFO - Processing file /home/ubuntu/airflow/airflow_env/lib/python3.8/site-packages/airflow/example_dags/example_xcomargs.py for tasks to queue
[2022-06-27 04:49:37,568] {logging_mixin.py:115} INFO - [2022-06-27 04:49:37,568] {dagbag.py:507} INFO - Filling up the DagBag from /home/ubuntu/airflow/airflow_env/lib/python3.8/site-packages/airflow/example_dags/example_xcomargs.py
[2022-06-27 04:49:37,596] {processor.py:651} INFO - DAG(s) dict_keys(['example_xcom_args', 'example_xcom_args_with_operators']) retrieved from /home/ubuntu/airflow/airflow_env/lib/python3.8/site-packages/airflow/example_dags/example_xcomargs.py
[2022-06-27 04:49:37,684] {logging_mixin.py:115} INFO - [2022-06-27 04:49:37,684] {manager.py:508} INFO - Created Permission View: can edit on DAG:example_xcom_args
[2022-06-27 04:49:37,694] {logging_mixin.py:115} INFO - [2022-06-27 04:49:37,694] {manager.py:508} INFO - Created Permission View: can read on DAG:example_xcom_args
[2022-06-27 04:49:37,700] {logging_mixin.py:115} INFO - [2022-06-27 04:49:37,700] {manager.py:508} INFO - Created Permission View: can delete on DAG:example_xcom_args
[2022-06-27 04:49:37,715] {logging_mixin.py:115} INFO - [2022-06-27 04:49:37,715] {manager.py:508} INFO - Created Permission View: can edit on DAG:example_xcom_args_with_operators
[2022-06-27 04:49:37,721] {logging_mixin.py:115} INFO - [2022-06-27 04:49:37,721] {manager.py:508} INFO - Created Permission View: can read on DAG:example_xcom_args_with_operators
[2022-06-27 04:49:37,734] {logging_mixin.py:115} INFO - [2022-06-27 04:49:37,734] {manager.py:508} INFO - Created Permission View: can delete on DAG:example_xcom_args_with_operators
[2022-06-27 04:49:37,735] {logging_mixin.py:115} INFO - [2022-06-27 04:49:37,735] {dag.py:2379} INFO - Sync 2 DAGs
[2022-06-27 04:49:37,743] {logging_mixin.py:115} INFO - [2022-06-27 04:49:37,743] {dag.py:2398} INFO - Creating ORM DAG for example_xcom_args
[2022-06-27 04:49:37,744] {logging_mixin.py:115} INFO - [2022-06-27 04:49:37,744] {dag.py:2398} INFO - Creating ORM DAG for example_xcom_args_with_operators
[2022-06-27 04:49:37,756] {logging_mixin.py:115} INFO - [2022-06-27 04:49:37,756] {dag.py:2927} INFO - Setting next_dagrun for example_xcom_args to None, run_after=None
[2022-06-27 04:49:37,757] {logging_mixin.py:115} INFO - [2022-06-27 04:49:37,756] {dag.py:2927} INFO - Setting next_dagrun for example_xcom_args_with_operators to None, run_after=None
[2022-06-27 04:49:37,774] {processor.py:161} INFO - Processing /home/ubuntu/airflow/airflow_env/lib/python3.8/site-packages/airflow/example_dags/example_xcomargs.py took 0.210 seconds
[2022-06-27 04:50:24,256] {processor.py:153} INFO - Started process (PID=150546) to work on /home/ubuntu/airflow/airflow_env/lib/python3.8/site-packages/airflow/example_dags/example_xcomargs.py
[2022-06-27 04:50:24,258] {processor.py:641} INFO - Processing file /home/ubuntu/airflow/airflow_env/lib/python3.8/site-packages/airflow/example_dags/example_xcomargs.py for tasks to queue
[2022-06-27 04:50:24,260] {logging_mixin.py:115} INFO - [2022-06-27 04:50:24,260] {dagbag.py:507} INFO - Filling up the DagBag from /home/ubuntu/airflow/airflow_env/lib/python3.8/site-packages/airflow/example_dags/example_xcomargs.py
[2022-06-27 04:50:24,312] {processor.py:651} INFO - DAG(s) dict_keys(['example_xcom_args', 'example_xcom_args_with_operators']) retrieved from /home/ubuntu/airflow/airflow_env/lib/python3.8/site-packages/airflow/example_dags/example_xcomargs.py
[2022-06-27 04:50:24,414] {logging_mixin.py:115} INFO - [2022-06-27 04:50:24,414] {dag.py:2379} INFO - Sync 2 DAGs
[2022-06-27 04:50:24,441] {logging_mixin.py:115} INFO - [2022-06-27 04:50:24,441] {dag.py:2927} INFO - Setting next_dagrun for example_xcom_args to None, run_after=None
[2022-06-27 04:50:24,442] {logging_mixin.py:115} INFO - [2022-06-27 04:50:24,442] {dag.py:2927} INFO - Setting next_dagrun for example_xcom_args_with_operators to None, run_after=None
[2022-06-27 04:50:24,471] {processor.py:161} INFO - Processing /home/ubuntu/airflow/airflow_env/lib/python3.8/site-packages/airflow/example_dags/example_xcomargs.py took 0.225 seconds
[2022-06-27 04:51:15,209] {processor.py:153} INFO - Started process (PID=150663) to work on /home/ubuntu/airflow/airflow_env/lib/python3.8/site-packages/airflow/example_dags/example_xcomargs.py
[2022-06-27 04:51:15,213] {processor.py:641} INFO - Processing file /home/ubuntu/airflow/airflow_env/lib/python3.8/site-packages/airflow/example_dags/example_xcomargs.py for tasks to queue
[2022-06-27 04:51:15,215] {logging_mixin.py:115} INFO - [2022-06-27 04:51:15,214] {dagbag.py:507} INFO - Filling up the DagBag from /home/ubuntu/airflow/airflow_env/lib/python3.8/site-packages/airflow/example_dags/example_xcomargs.py
[2022-06-27 04:51:15,256] {processor.py:651} INFO - DAG(s) dict_keys(['example_xcom_args', 'example_xcom_args_with_operators']) retrieved from /home/ubuntu/airflow/airflow_env/lib/python3.8/site-packages/airflow/example_dags/example_xcomargs.py
[2022-06-27 04:51:15,328] {logging_mixin.py:115} INFO - [2022-06-27 04:51:15,328] {dag.py:2379} INFO - Sync 2 DAGs
[2022-06-27 04:51:15,395] {logging_mixin.py:115} INFO - [2022-06-27 04:51:15,395] {dag.py:2927} INFO - Setting next_dagrun for example_xcom_args to None, run_after=None
[2022-06-27 04:51:15,396] {logging_mixin.py:115} INFO - [2022-06-27 04:51:15,396] {dag.py:2927} INFO - Setting next_dagrun for example_xcom_args_with_operators to None, run_after=None
[2022-06-27 04:51:15,430] {processor.py:161} INFO - Processing /home/ubuntu/airflow/airflow_env/lib/python3.8/site-packages/airflow/example_dags/example_xcomargs.py took 0.239 seconds
[2022-06-27 04:51:54,509] {processor.py:153} INFO - Started process (PID=150779) to work on /home/ubuntu/airflow/airflow_env/lib/python3.8/site-packages/airflow/example_dags/example_xcomargs.py
[2022-06-27 04:51:54,519] {processor.py:641} INFO - Processing file /home/ubuntu/airflow/airflow_env/lib/python3.8/site-packages/airflow/example_dags/example_xcomargs.py for tasks to queue
[2022-06-27 04:51:54,521] {logging_mixin.py:115} INFO - [2022-06-27 04:51:54,520] {dagbag.py:507} INFO - Filling up the DagBag from /home/ubuntu/airflow/airflow_env/lib/python3.8/site-packages/airflow/example_dags/example_xcomargs.py
[2022-06-27 04:51:54,726] {processor.py:651} INFO - DAG(s) dict_keys(['example_xcom_args', 'example_xcom_args_with_operators']) retrieved from /home/ubuntu/airflow/airflow_env/lib/python3.8/site-packages/airflow/example_dags/example_xcomargs.py
[2022-06-27 04:51:54,830] {logging_mixin.py:115} INFO - [2022-06-27 04:51:54,829] {dag.py:2379} INFO - Sync 2 DAGs
[2022-06-27 04:51:54,922] {logging_mixin.py:115} INFO - [2022-06-27 04:51:54,922] {dag.py:2927} INFO - Setting next_dagrun for example_xcom_args to None, run_after=None
[2022-06-27 04:51:54,922] {logging_mixin.py:115} INFO - [2022-06-27 04:51:54,922] {dag.py:2927} INFO - Setting next_dagrun for example_xcom_args_with_operators to None, run_after=None
[2022-06-27 04:51:54,953] {processor.py:161} INFO - Processing /home/ubuntu/airflow/airflow_env/lib/python3.8/site-packages/airflow/example_dags/example_xcomargs.py took 0.456 seconds
[2022-06-27 04:52:40,843] {processor.py:153} INFO - Started process (PID=150827) to work on /home/ubuntu/airflow/airflow_env/lib/python3.8/site-packages/airflow/example_dags/example_xcomargs.py
[2022-06-27 04:52:40,847] {processor.py:641} INFO - Processing file /home/ubuntu/airflow/airflow_env/lib/python3.8/site-packages/airflow/example_dags/example_xcomargs.py for tasks to queue
[2022-06-27 04:52:40,848] {logging_mixin.py:115} INFO - [2022-06-27 04:52:40,848] {dagbag.py:507} INFO - Filling up the DagBag from /home/ubuntu/airflow/airflow_env/lib/python3.8/site-packages/airflow/example_dags/example_xcomargs.py
[2022-06-27 04:52:40,989] {processor.py:651} INFO - DAG(s) dict_keys(['example_xcom_args', 'example_xcom_args_with_operators']) retrieved from /home/ubuntu/airflow/airflow_env/lib/python3.8/site-packages/airflow/example_dags/example_xcomargs.py
[2022-06-27 04:52:41,110] {logging_mixin.py:115} INFO - [2022-06-27 04:52:41,110] {dag.py:2379} INFO - Sync 2 DAGs
[2022-06-27 04:52:41,185] {logging_mixin.py:115} INFO - [2022-06-27 04:52:41,185] {dag.py:2927} INFO - Setting next_dagrun for example_xcom_args to None, run_after=None
[2022-06-27 04:52:41,186] {logging_mixin.py:115} INFO - [2022-06-27 04:52:41,185] {dag.py:2927} INFO - Setting next_dagrun for example_xcom_args_with_operators to None, run_after=None
[2022-06-27 04:52:41,223] {processor.py:161} INFO - Processing /home/ubuntu/airflow/airflow_env/lib/python3.8/site-packages/airflow/example_dags/example_xcomargs.py took 0.403 seconds
[2022-06-27 04:53:21,776] {processor.py:153} INFO - Started process (PID=150868) to work on /home/ubuntu/airflow/airflow_env/lib/python3.8/site-packages/airflow/example_dags/example_xcomargs.py
[2022-06-27 04:53:21,778] {processor.py:641} INFO - Processing file /home/ubuntu/airflow/airflow_env/lib/python3.8/site-packages/airflow/example_dags/example_xcomargs.py for tasks to queue
[2022-06-27 04:53:21,779] {logging_mixin.py:115} INFO - [2022-06-27 04:53:21,779] {dagbag.py:507} INFO - Filling up the DagBag from /home/ubuntu/airflow/airflow_env/lib/python3.8/site-packages/airflow/example_dags/example_xcomargs.py
[2022-06-27 04:53:21,835] {processor.py:651} INFO - DAG(s) dict_keys(['example_xcom_args', 'example_xcom_args_with_operators']) retrieved from /home/ubuntu/airflow/airflow_env/lib/python3.8/site-packages/airflow/example_dags/example_xcomargs.py
[2022-06-27 04:53:21,880] {logging_mixin.py:115} INFO - [2022-06-27 04:53:21,880] {dag.py:2379} INFO - Sync 2 DAGs
[2022-06-27 04:53:21,905] {logging_mixin.py:115} INFO - [2022-06-27 04:53:21,905] {dag.py:2927} INFO - Setting next_dagrun for example_xcom_args to None, run_after=None
[2022-06-27 04:53:21,905] {logging_mixin.py:115} INFO - [2022-06-27 04:53:21,905] {dag.py:2927} INFO - Setting next_dagrun for example_xcom_args_with_operators to None, run_after=None
[2022-06-27 04:53:21,922] {processor.py:161} INFO - Processing /home/ubuntu/airflow/airflow_env/lib/python3.8/site-packages/airflow/example_dags/example_xcomargs.py took 0.154 seconds
[2022-06-27 04:54:12,958] {processor.py:153} INFO - Started process (PID=150933) to work on /home/ubuntu/airflow/airflow_env/lib/python3.8/site-packages/airflow/example_dags/example_xcomargs.py
[2022-06-27 04:54:12,960] {processor.py:641} INFO - Processing file /home/ubuntu/airflow/airflow_env/lib/python3.8/site-packages/airflow/example_dags/example_xcomargs.py for tasks to queue
[2022-06-27 04:54:12,962] {logging_mixin.py:115} INFO - [2022-06-27 04:54:12,961] {dagbag.py:507} INFO - Filling up the DagBag from /home/ubuntu/airflow/airflow_env/lib/python3.8/site-packages/airflow/example_dags/example_xcomargs.py
[2022-06-27 04:54:13,015] {processor.py:651} INFO - DAG(s) dict_keys(['example_xcom_args', 'example_xcom_args_with_operators']) retrieved from /home/ubuntu/airflow/airflow_env/lib/python3.8/site-packages/airflow/example_dags/example_xcomargs.py
[2022-06-27 04:54:13,043] {logging_mixin.py:115} INFO - [2022-06-27 04:54:13,043] {dag.py:2379} INFO - Sync 2 DAGs
[2022-06-27 04:54:13,086] {logging_mixin.py:115} INFO - [2022-06-27 04:54:13,086] {dag.py:2927} INFO - Setting next_dagrun for example_xcom_args to None, run_after=None
[2022-06-27 04:54:13,086] {logging_mixin.py:115} INFO - [2022-06-27 04:54:13,086] {dag.py:2927} INFO - Setting next_dagrun for example_xcom_args_with_operators to None, run_after=None
[2022-06-27 04:54:13,106] {processor.py:161} INFO - Processing /home/ubuntu/airflow/airflow_env/lib/python3.8/site-packages/airflow/example_dags/example_xcomargs.py took 0.158 seconds
[2022-06-27 04:55:24,941] {processor.py:153} INFO - Started process (PID=151023) to work on /home/ubuntu/airflow/airflow_env/lib/python3.8/site-packages/airflow/example_dags/example_xcomargs.py
[2022-06-27 04:55:24,942] {processor.py:641} INFO - Processing file /home/ubuntu/airflow/airflow_env/lib/python3.8/site-packages/airflow/example_dags/example_xcomargs.py for tasks to queue
[2022-06-27 04:55:24,943] {logging_mixin.py:115} INFO - [2022-06-27 04:55:24,943] {dagbag.py:507} INFO - Filling up the DagBag from /home/ubuntu/airflow/airflow_env/lib/python3.8/site-packages/airflow/example_dags/example_xcomargs.py
[2022-06-27 04:55:24,992] {processor.py:651} INFO - DAG(s) dict_keys(['example_xcom_args', 'example_xcom_args_with_operators']) retrieved from /home/ubuntu/airflow/airflow_env/lib/python3.8/site-packages/airflow/example_dags/example_xcomargs.py
[2022-06-27 04:55:25,068] {logging_mixin.py:115} INFO - [2022-06-27 04:55:25,068] {dag.py:2379} INFO - Sync 2 DAGs
[2022-06-27 04:55:25,200] {logging_mixin.py:115} INFO - [2022-06-27 04:55:25,200] {dag.py:2927} INFO - Setting next_dagrun for example_xcom_args to None, run_after=None
[2022-06-27 04:55:25,201] {logging_mixin.py:115} INFO - [2022-06-27 04:55:25,201] {dag.py:2927} INFO - Setting next_dagrun for example_xcom_args_with_operators to None, run_after=None
[2022-06-27 04:55:25,263] {processor.py:161} INFO - Processing /home/ubuntu/airflow/airflow_env/lib/python3.8/site-packages/airflow/example_dags/example_xcomargs.py took 0.329 seconds
[2022-06-27 04:56:15,979] {processor.py:153} INFO - Started process (PID=151118) to work on /home/ubuntu/airflow/airflow_env/lib/python3.8/site-packages/airflow/example_dags/example_xcomargs.py
[2022-06-27 04:56:15,980] {processor.py:641} INFO - Processing file /home/ubuntu/airflow/airflow_env/lib/python3.8/site-packages/airflow/example_dags/example_xcomargs.py for tasks to queue
[2022-06-27 04:56:15,981] {logging_mixin.py:115} INFO - [2022-06-27 04:56:15,981] {dagbag.py:507} INFO - Filling up the DagBag from /home/ubuntu/airflow/airflow_env/lib/python3.8/site-packages/airflow/example_dags/example_xcomargs.py
[2022-06-27 04:56:16,119] {processor.py:651} INFO - DAG(s) dict_keys(['example_xcom_args', 'example_xcom_args_with_operators']) retrieved from /home/ubuntu/airflow/airflow_env/lib/python3.8/site-packages/airflow/example_dags/example_xcomargs.py
[2022-06-27 04:56:16,218] {logging_mixin.py:115} INFO - [2022-06-27 04:56:16,217] {dag.py:2379} INFO - Sync 2 DAGs
[2022-06-27 04:56:16,424] {logging_mixin.py:115} INFO - [2022-06-27 04:56:16,424] {dag.py:2927} INFO - Setting next_dagrun for example_xcom_args to None, run_after=None
[2022-06-27 04:56:16,425] {logging_mixin.py:115} INFO - [2022-06-27 04:56:16,425] {dag.py:2927} INFO - Setting next_dagrun for example_xcom_args_with_operators to None, run_after=None
[2022-06-27 04:56:16,471] {processor.py:161} INFO - Processing /home/ubuntu/airflow/airflow_env/lib/python3.8/site-packages/airflow/example_dags/example_xcomargs.py took 0.501 seconds
[2022-06-27 04:56:59,899] {processor.py:153} INFO - Started process (PID=151178) to work on /home/ubuntu/airflow/airflow_env/lib/python3.8/site-packages/airflow/example_dags/example_xcomargs.py
[2022-06-27 04:56:59,906] {processor.py:641} INFO - Processing file /home/ubuntu/airflow/airflow_env/lib/python3.8/site-packages/airflow/example_dags/example_xcomargs.py for tasks to queue
[2022-06-27 04:56:59,907] {logging_mixin.py:115} INFO - [2022-06-27 04:56:59,907] {dagbag.py:507} INFO - Filling up the DagBag from /home/ubuntu/airflow/airflow_env/lib/python3.8/site-packages/airflow/example_dags/example_xcomargs.py
[2022-06-27 04:57:00,002] {processor.py:651} INFO - DAG(s) dict_keys(['example_xcom_args', 'example_xcom_args_with_operators']) retrieved from /home/ubuntu/airflow/airflow_env/lib/python3.8/site-packages/airflow/example_dags/example_xcomargs.py
[2022-06-27 04:57:00,301] {logging_mixin.py:115} INFO - [2022-06-27 04:57:00,301] {dag.py:2379} INFO - Sync 2 DAGs
[2022-06-27 04:57:00,651] {logging_mixin.py:115} INFO - [2022-06-27 04:57:00,651] {dag.py:2927} INFO - Setting next_dagrun for example_xcom_args to None, run_after=None
[2022-06-27 04:57:00,652] {logging_mixin.py:115} INFO - [2022-06-27 04:57:00,652] {dag.py:2927} INFO - Setting next_dagrun for example_xcom_args_with_operators to None, run_after=None
[2022-06-27 04:57:00,852] {processor.py:161} INFO - Processing /home/ubuntu/airflow/airflow_env/lib/python3.8/site-packages/airflow/example_dags/example_xcomargs.py took 0.967 seconds
[2022-06-27 04:57:48,654] {processor.py:153} INFO - Started process (PID=151250) to work on /home/ubuntu/airflow/airflow_env/lib/python3.8/site-packages/airflow/example_dags/example_xcomargs.py
[2022-06-27 04:57:48,655] {processor.py:641} INFO - Processing file /home/ubuntu/airflow/airflow_env/lib/python3.8/site-packages/airflow/example_dags/example_xcomargs.py for tasks to queue
[2022-06-27 04:57:48,657] {logging_mixin.py:115} INFO - [2022-06-27 04:57:48,657] {dagbag.py:507} INFO - Filling up the DagBag from /home/ubuntu/airflow/airflow_env/lib/python3.8/site-packages/airflow/example_dags/example_xcomargs.py
[2022-06-27 04:57:48,721] {processor.py:651} INFO - DAG(s) dict_keys(['example_xcom_args', 'example_xcom_args_with_operators']) retrieved from /home/ubuntu/airflow/airflow_env/lib/python3.8/site-packages/airflow/example_dags/example_xcomargs.py
[2022-06-27 04:57:48,764] {logging_mixin.py:115} INFO - [2022-06-27 04:57:48,764] {dag.py:2379} INFO - Sync 2 DAGs
[2022-06-27 04:57:48,809] {logging_mixin.py:115} INFO - [2022-06-27 04:57:48,809] {dag.py:2927} INFO - Setting next_dagrun for example_xcom_args to None, run_after=None
[2022-06-27 04:57:48,809] {logging_mixin.py:115} INFO - [2022-06-27 04:57:48,809] {dag.py:2927} INFO - Setting next_dagrun for example_xcom_args_with_operators to None, run_after=None
[2022-06-27 04:57:48,830] {processor.py:161} INFO - Processing /home/ubuntu/airflow/airflow_env/lib/python3.8/site-packages/airflow/example_dags/example_xcomargs.py took 0.186 seconds
[2022-06-27 04:58:30,432] {processor.py:153} INFO - Started process (PID=151320) to work on /home/ubuntu/airflow/airflow_env/lib/python3.8/site-packages/airflow/example_dags/example_xcomargs.py
[2022-06-27 04:58:30,433] {processor.py:641} INFO - Processing file /home/ubuntu/airflow/airflow_env/lib/python3.8/site-packages/airflow/example_dags/example_xcomargs.py for tasks to queue
[2022-06-27 04:58:30,434] {logging_mixin.py:115} INFO - [2022-06-27 04:58:30,434] {dagbag.py:507} INFO - Filling up the DagBag from /home/ubuntu/airflow/airflow_env/lib/python3.8/site-packages/airflow/example_dags/example_xcomargs.py
[2022-06-27 04:58:30,478] {processor.py:651} INFO - DAG(s) dict_keys(['example_xcom_args', 'example_xcom_args_with_operators']) retrieved from /home/ubuntu/airflow/airflow_env/lib/python3.8/site-packages/airflow/example_dags/example_xcomargs.py
[2022-06-27 04:58:30,508] {logging_mixin.py:115} INFO - [2022-06-27 04:58:30,508] {dag.py:2379} INFO - Sync 2 DAGs
[2022-06-27 04:58:30,544] {logging_mixin.py:115} INFO - [2022-06-27 04:58:30,544] {dag.py:2927} INFO - Setting next_dagrun for example_xcom_args to None, run_after=None
[2022-06-27 04:58:30,545] {logging_mixin.py:115} INFO - [2022-06-27 04:58:30,544] {dag.py:2927} INFO - Setting next_dagrun for example_xcom_args_with_operators to None, run_after=None
[2022-06-27 04:58:30,583] {processor.py:161} INFO - Processing /home/ubuntu/airflow/airflow_env/lib/python3.8/site-packages/airflow/example_dags/example_xcomargs.py took 0.156 seconds
[2022-06-27 04:59:13,139] {processor.py:153} INFO - Started process (PID=151362) to work on /home/ubuntu/airflow/airflow_env/lib/python3.8/site-packages/airflow/example_dags/example_xcomargs.py
[2022-06-27 04:59:13,141] {processor.py:641} INFO - Processing file /home/ubuntu/airflow/airflow_env/lib/python3.8/site-packages/airflow/example_dags/example_xcomargs.py for tasks to queue
[2022-06-27 04:59:13,142] {logging_mixin.py:115} INFO - [2022-06-27 04:59:13,142] {dagbag.py:507} INFO - Filling up the DagBag from /home/ubuntu/airflow/airflow_env/lib/python3.8/site-packages/airflow/example_dags/example_xcomargs.py
[2022-06-27 04:59:13,183] {processor.py:651} INFO - DAG(s) dict_keys(['example_xcom_args', 'example_xcom_args_with_operators']) retrieved from /home/ubuntu/airflow/airflow_env/lib/python3.8/site-packages/airflow/example_dags/example_xcomargs.py
[2022-06-27 04:59:13,219] {logging_mixin.py:115} INFO - [2022-06-27 04:59:13,219] {dag.py:2379} INFO - Sync 2 DAGs
[2022-06-27 04:59:13,240] {logging_mixin.py:115} INFO - [2022-06-27 04:59:13,240] {dag.py:2927} INFO - Setting next_dagrun for example_xcom_args to None, run_after=None
[2022-06-27 04:59:13,240] {logging_mixin.py:115} INFO - [2022-06-27 04:59:13,240] {dag.py:2927} INFO - Setting next_dagrun for example_xcom_args_with_operators to None, run_after=None
[2022-06-27 04:59:13,252] {processor.py:161} INFO - Processing /home/ubuntu/airflow/airflow_env/lib/python3.8/site-packages/airflow/example_dags/example_xcomargs.py took 0.121 seconds
[2022-06-27 05:00:02,490] {processor.py:153} INFO - Started process (PID=151403) to work on /home/ubuntu/airflow/airflow_env/lib/python3.8/site-packages/airflow/example_dags/example_xcomargs.py
[2022-06-27 05:00:02,493] {processor.py:641} INFO - Processing file /home/ubuntu/airflow/airflow_env/lib/python3.8/site-packages/airflow/example_dags/example_xcomargs.py for tasks to queue
[2022-06-27 05:00:02,496] {logging_mixin.py:115} INFO - [2022-06-27 05:00:02,495] {dagbag.py:507} INFO - Filling up the DagBag from /home/ubuntu/airflow/airflow_env/lib/python3.8/site-packages/airflow/example_dags/example_xcomargs.py
[2022-06-27 05:00:02,712] {processor.py:651} INFO - DAG(s) dict_keys(['example_xcom_args', 'example_xcom_args_with_operators']) retrieved from /home/ubuntu/airflow/airflow_env/lib/python3.8/site-packages/airflow/example_dags/example_xcomargs.py
[2022-06-27 05:00:03,195] {logging_mixin.py:115} INFO - [2022-06-27 05:00:03,195] {dag.py:2379} INFO - Sync 2 DAGs
[2022-06-27 05:00:03,314] {logging_mixin.py:115} INFO - [2022-06-27 05:00:03,314] {dag.py:2927} INFO - Setting next_dagrun for example_xcom_args to None, run_after=None
[2022-06-27 05:00:03,317] {logging_mixin.py:115} INFO - [2022-06-27 05:00:03,315] {dag.py:2927} INFO - Setting next_dagrun for example_xcom_args_with_operators to None, run_after=None
[2022-06-27 05:00:03,392] {processor.py:161} INFO - Processing /home/ubuntu/airflow/airflow_env/lib/python3.8/site-packages/airflow/example_dags/example_xcomargs.py took 0.931 seconds
[2022-06-27 05:02:32,233] {processor.py:153} INFO - Started process (PID=151491) to work on /home/ubuntu/airflow/airflow_env/lib/python3.8/site-packages/airflow/example_dags/example_xcomargs.py
[2022-06-27 05:02:32,236] {processor.py:641} INFO - Processing file /home/ubuntu/airflow/airflow_env/lib/python3.8/site-packages/airflow/example_dags/example_xcomargs.py for tasks to queue
[2022-06-27 05:02:32,237] {logging_mixin.py:115} INFO - [2022-06-27 05:02:32,237] {dagbag.py:507} INFO - Filling up the DagBag from /home/ubuntu/airflow/airflow_env/lib/python3.8/site-packages/airflow/example_dags/example_xcomargs.py
[2022-06-27 05:02:32,413] {processor.py:651} INFO - DAG(s) dict_keys(['example_xcom_args', 'example_xcom_args_with_operators']) retrieved from /home/ubuntu/airflow/airflow_env/lib/python3.8/site-packages/airflow/example_dags/example_xcomargs.py
[2022-06-27 05:02:32,621] {logging_mixin.py:115} INFO - [2022-06-27 05:02:32,621] {dag.py:2379} INFO - Sync 2 DAGs
[2022-06-27 05:02:32,692] {logging_mixin.py:115} INFO - [2022-06-27 05:02:32,692] {dag.py:2927} INFO - Setting next_dagrun for example_xcom_args to None, run_after=None
[2022-06-27 05:02:32,693] {logging_mixin.py:115} INFO - [2022-06-27 05:02:32,693] {dag.py:2927} INFO - Setting next_dagrun for example_xcom_args_with_operators to None, run_after=None
[2022-06-27 05:02:32,750] {processor.py:161} INFO - Processing /home/ubuntu/airflow/airflow_env/lib/python3.8/site-packages/airflow/example_dags/example_xcomargs.py took 0.533 seconds
[2022-06-27 05:03:22,314] {processor.py:153} INFO - Started process (PID=151527) to work on /home/ubuntu/airflow/airflow_env/lib/python3.8/site-packages/airflow/example_dags/example_xcomargs.py
[2022-06-27 05:03:22,324] {processor.py:641} INFO - Processing file /home/ubuntu/airflow/airflow_env/lib/python3.8/site-packages/airflow/example_dags/example_xcomargs.py for tasks to queue
[2022-06-27 05:03:22,335] {logging_mixin.py:115} INFO - [2022-06-27 05:03:22,335] {dagbag.py:507} INFO - Filling up the DagBag from /home/ubuntu/airflow/airflow_env/lib/python3.8/site-packages/airflow/example_dags/example_xcomargs.py
[2022-06-27 05:03:22,458] {processor.py:651} INFO - DAG(s) dict_keys(['example_xcom_args', 'example_xcom_args_with_operators']) retrieved from /home/ubuntu/airflow/airflow_env/lib/python3.8/site-packages/airflow/example_dags/example_xcomargs.py
[2022-06-27 05:03:22,792] {logging_mixin.py:115} INFO - [2022-06-27 05:03:22,791] {dag.py:2379} INFO - Sync 2 DAGs
[2022-06-27 05:03:22,870] {logging_mixin.py:115} INFO - [2022-06-27 05:03:22,869] {dag.py:2927} INFO - Setting next_dagrun for example_xcom_args to None, run_after=None
[2022-06-27 05:03:22,871] {logging_mixin.py:115} INFO - [2022-06-27 05:03:22,870] {dag.py:2927} INFO - Setting next_dagrun for example_xcom_args_with_operators to None, run_after=None
[2022-06-27 05:03:22,928] {processor.py:161} INFO - Processing /home/ubuntu/airflow/airflow_env/lib/python3.8/site-packages/airflow/example_dags/example_xcomargs.py took 0.653 seconds
[2022-06-27 05:04:09,492] {processor.py:153} INFO - Started process (PID=151567) to work on /home/ubuntu/airflow/airflow_env/lib/python3.8/site-packages/airflow/example_dags/example_xcomargs.py
[2022-06-27 05:04:09,499] {processor.py:641} INFO - Processing file /home/ubuntu/airflow/airflow_env/lib/python3.8/site-packages/airflow/example_dags/example_xcomargs.py for tasks to queue
[2022-06-27 05:04:09,501] {logging_mixin.py:115} INFO - [2022-06-27 05:04:09,500] {dagbag.py:507} INFO - Filling up the DagBag from /home/ubuntu/airflow/airflow_env/lib/python3.8/site-packages/airflow/example_dags/example_xcomargs.py
[2022-06-27 05:04:09,653] {processor.py:651} INFO - DAG(s) dict_keys(['example_xcom_args', 'example_xcom_args_with_operators']) retrieved from /home/ubuntu/airflow/airflow_env/lib/python3.8/site-packages/airflow/example_dags/example_xcomargs.py
[2022-06-27 05:04:09,882] {logging_mixin.py:115} INFO - [2022-06-27 05:04:09,882] {dag.py:2379} INFO - Sync 2 DAGs
[2022-06-27 05:04:09,925] {logging_mixin.py:115} INFO - [2022-06-27 05:04:09,925] {dag.py:2927} INFO - Setting next_dagrun for example_xcom_args to None, run_after=None
[2022-06-27 05:04:09,925] {logging_mixin.py:115} INFO - [2022-06-27 05:04:09,925] {dag.py:2927} INFO - Setting next_dagrun for example_xcom_args_with_operators to None, run_after=None
[2022-06-27 05:04:09,971] {processor.py:161} INFO - Processing /home/ubuntu/airflow/airflow_env/lib/python3.8/site-packages/airflow/example_dags/example_xcomargs.py took 0.510 seconds
[2022-06-27 05:04:48,020] {processor.py:153} INFO - Started process (PID=151597) to work on /home/ubuntu/airflow/airflow_env/lib/python3.8/site-packages/airflow/example_dags/example_xcomargs.py
[2022-06-27 05:04:48,023] {processor.py:641} INFO - Processing file /home/ubuntu/airflow/airflow_env/lib/python3.8/site-packages/airflow/example_dags/example_xcomargs.py for tasks to queue
[2022-06-27 05:04:48,025] {logging_mixin.py:115} INFO - [2022-06-27 05:04:48,025] {dagbag.py:507} INFO - Filling up the DagBag from /home/ubuntu/airflow/airflow_env/lib/python3.8/site-packages/airflow/example_dags/example_xcomargs.py
[2022-06-27 05:04:48,110] {processor.py:651} INFO - DAG(s) dict_keys(['example_xcom_args', 'example_xcom_args_with_operators']) retrieved from /home/ubuntu/airflow/airflow_env/lib/python3.8/site-packages/airflow/example_dags/example_xcomargs.py
[2022-06-27 05:04:48,333] {logging_mixin.py:115} INFO - [2022-06-27 05:04:48,333] {dag.py:2379} INFO - Sync 2 DAGs
[2022-06-27 05:04:48,387] {logging_mixin.py:115} INFO - [2022-06-27 05:04:48,387] {dag.py:2927} INFO - Setting next_dagrun for example_xcom_args to None, run_after=None
[2022-06-27 05:04:48,387] {logging_mixin.py:115} INFO - [2022-06-27 05:04:48,387] {dag.py:2927} INFO - Setting next_dagrun for example_xcom_args_with_operators to None, run_after=None
[2022-06-27 05:04:48,416] {processor.py:161} INFO - Processing /home/ubuntu/airflow/airflow_env/lib/python3.8/site-packages/airflow/example_dags/example_xcomargs.py took 0.419 seconds
[2022-06-27 05:05:38,329] {processor.py:153} INFO - Started process (PID=151634) to work on /home/ubuntu/airflow/airflow_env/lib/python3.8/site-packages/airflow/example_dags/example_xcomargs.py
[2022-06-27 05:05:38,339] {processor.py:641} INFO - Processing file /home/ubuntu/airflow/airflow_env/lib/python3.8/site-packages/airflow/example_dags/example_xcomargs.py for tasks to queue
[2022-06-27 05:05:38,341] {logging_mixin.py:115} INFO - [2022-06-27 05:05:38,341] {dagbag.py:507} INFO - Filling up the DagBag from /home/ubuntu/airflow/airflow_env/lib/python3.8/site-packages/airflow/example_dags/example_xcomargs.py
[2022-06-27 05:05:38,468] {processor.py:651} INFO - DAG(s) dict_keys(['example_xcom_args', 'example_xcom_args_with_operators']) retrieved from /home/ubuntu/airflow/airflow_env/lib/python3.8/site-packages/airflow/example_dags/example_xcomargs.py
[2022-06-27 05:05:38,792] {logging_mixin.py:115} INFO - [2022-06-27 05:05:38,792] {dag.py:2379} INFO - Sync 2 DAGs
[2022-06-27 05:05:38,873] {logging_mixin.py:115} INFO - [2022-06-27 05:05:38,872] {dag.py:2927} INFO - Setting next_dagrun for example_xcom_args to None, run_after=None
[2022-06-27 05:05:38,880] {logging_mixin.py:115} INFO - [2022-06-27 05:05:38,880] {dag.py:2927} INFO - Setting next_dagrun for example_xcom_args_with_operators to None, run_after=None
[2022-06-27 05:05:38,968] {processor.py:161} INFO - Processing /home/ubuntu/airflow/airflow_env/lib/python3.8/site-packages/airflow/example_dags/example_xcomargs.py took 0.663 seconds
[2022-06-27 05:06:31,880] {processor.py:153} INFO - Started process (PID=151678) to work on /home/ubuntu/airflow/airflow_env/lib/python3.8/site-packages/airflow/example_dags/example_xcomargs.py
[2022-06-27 05:06:31,881] {processor.py:641} INFO - Processing file /home/ubuntu/airflow/airflow_env/lib/python3.8/site-packages/airflow/example_dags/example_xcomargs.py for tasks to queue
[2022-06-27 05:06:31,883] {logging_mixin.py:115} INFO - [2022-06-27 05:06:31,883] {dagbag.py:507} INFO - Filling up the DagBag from /home/ubuntu/airflow/airflow_env/lib/python3.8/site-packages/airflow/example_dags/example_xcomargs.py
[2022-06-27 05:06:32,048] {processor.py:651} INFO - DAG(s) dict_keys(['example_xcom_args', 'example_xcom_args_with_operators']) retrieved from /home/ubuntu/airflow/airflow_env/lib/python3.8/site-packages/airflow/example_dags/example_xcomargs.py
[2022-06-27 05:06:32,128] {logging_mixin.py:115} INFO - [2022-06-27 05:06:32,128] {dag.py:2379} INFO - Sync 2 DAGs
[2022-06-27 05:06:32,216] {logging_mixin.py:115} INFO - [2022-06-27 05:06:32,212] {dag.py:2927} INFO - Setting next_dagrun for example_xcom_args to None, run_after=None
[2022-06-27 05:06:32,216] {logging_mixin.py:115} INFO - [2022-06-27 05:06:32,216] {dag.py:2927} INFO - Setting next_dagrun for example_xcom_args_with_operators to None, run_after=None
[2022-06-27 05:06:32,250] {processor.py:161} INFO - Processing /home/ubuntu/airflow/airflow_env/lib/python3.8/site-packages/airflow/example_dags/example_xcomargs.py took 0.385 seconds
[2022-06-27 05:07:11,055] {processor.py:153} INFO - Started process (PID=151708) to work on /home/ubuntu/airflow/airflow_env/lib/python3.8/site-packages/airflow/example_dags/example_xcomargs.py
[2022-06-27 05:07:11,066] {processor.py:641} INFO - Processing file /home/ubuntu/airflow/airflow_env/lib/python3.8/site-packages/airflow/example_dags/example_xcomargs.py for tasks to queue
[2022-06-27 05:07:11,068] {logging_mixin.py:115} INFO - [2022-06-27 05:07:11,068] {dagbag.py:507} INFO - Filling up the DagBag from /home/ubuntu/airflow/airflow_env/lib/python3.8/site-packages/airflow/example_dags/example_xcomargs.py
[2022-06-27 05:07:11,170] {processor.py:651} INFO - DAG(s) dict_keys(['example_xcom_args', 'example_xcom_args_with_operators']) retrieved from /home/ubuntu/airflow/airflow_env/lib/python3.8/site-packages/airflow/example_dags/example_xcomargs.py
[2022-06-27 05:07:11,420] {logging_mixin.py:115} INFO - [2022-06-27 05:07:11,420] {dag.py:2379} INFO - Sync 2 DAGs
[2022-06-27 05:07:11,593] {logging_mixin.py:115} INFO - [2022-06-27 05:07:11,593] {dag.py:2927} INFO - Setting next_dagrun for example_xcom_args to None, run_after=None
[2022-06-27 05:07:11,605] {logging_mixin.py:115} INFO - [2022-06-27 05:07:11,605] {dag.py:2927} INFO - Setting next_dagrun for example_xcom_args_with_operators to None, run_after=None
[2022-06-27 05:07:11,681] {processor.py:161} INFO - Processing /home/ubuntu/airflow/airflow_env/lib/python3.8/site-packages/airflow/example_dags/example_xcomargs.py took 0.641 seconds
[2022-06-27 05:07:47,687] {processor.py:153} INFO - Started process (PID=151735) to work on /home/ubuntu/airflow/airflow_env/lib/python3.8/site-packages/airflow/example_dags/example_xcomargs.py
[2022-06-27 05:07:47,689] {processor.py:641} INFO - Processing file /home/ubuntu/airflow/airflow_env/lib/python3.8/site-packages/airflow/example_dags/example_xcomargs.py for tasks to queue
[2022-06-27 05:07:47,690] {logging_mixin.py:115} INFO - [2022-06-27 05:07:47,690] {dagbag.py:507} INFO - Filling up the DagBag from /home/ubuntu/airflow/airflow_env/lib/python3.8/site-packages/airflow/example_dags/example_xcomargs.py
[2022-06-27 05:07:47,792] {processor.py:651} INFO - DAG(s) dict_keys(['example_xcom_args', 'example_xcom_args_with_operators']) retrieved from /home/ubuntu/airflow/airflow_env/lib/python3.8/site-packages/airflow/example_dags/example_xcomargs.py
[2022-06-27 05:07:47,904] {logging_mixin.py:115} INFO - [2022-06-27 05:07:47,904] {dag.py:2379} INFO - Sync 2 DAGs
[2022-06-27 05:07:47,974] {logging_mixin.py:115} INFO - [2022-06-27 05:07:47,974] {dag.py:2927} INFO - Setting next_dagrun for example_xcom_args to None, run_after=None
[2022-06-27 05:07:47,976] {logging_mixin.py:115} INFO - [2022-06-27 05:07:47,976] {dag.py:2927} INFO - Setting next_dagrun for example_xcom_args_with_operators to None, run_after=None
[2022-06-27 05:07:48,014] {processor.py:161} INFO - Processing /home/ubuntu/airflow/airflow_env/lib/python3.8/site-packages/airflow/example_dags/example_xcomargs.py took 0.345 seconds
[2022-06-27 05:08:39,102] {processor.py:153} INFO - Started process (PID=151779) to work on /home/ubuntu/airflow/airflow_env/lib/python3.8/site-packages/airflow/example_dags/example_xcomargs.py
[2022-06-27 05:08:39,106] {processor.py:641} INFO - Processing file /home/ubuntu/airflow/airflow_env/lib/python3.8/site-packages/airflow/example_dags/example_xcomargs.py for tasks to queue
[2022-06-27 05:08:39,108] {logging_mixin.py:115} INFO - [2022-06-27 05:08:39,108] {dagbag.py:507} INFO - Filling up the DagBag from /home/ubuntu/airflow/airflow_env/lib/python3.8/site-packages/airflow/example_dags/example_xcomargs.py
[2022-06-27 05:08:39,250] {processor.py:651} INFO - DAG(s) dict_keys(['example_xcom_args', 'example_xcom_args_with_operators']) retrieved from /home/ubuntu/airflow/airflow_env/lib/python3.8/site-packages/airflow/example_dags/example_xcomargs.py
[2022-06-27 05:08:39,336] {logging_mixin.py:115} INFO - [2022-06-27 05:08:39,336] {dag.py:2379} INFO - Sync 2 DAGs
[2022-06-27 05:08:39,409] {logging_mixin.py:115} INFO - [2022-06-27 05:08:39,409] {dag.py:2927} INFO - Setting next_dagrun for example_xcom_args to None, run_after=None
[2022-06-27 05:08:39,409] {logging_mixin.py:115} INFO - [2022-06-27 05:08:39,409] {dag.py:2927} INFO - Setting next_dagrun for example_xcom_args_with_operators to None, run_after=None
[2022-06-27 05:08:39,451] {processor.py:161} INFO - Processing /home/ubuntu/airflow/airflow_env/lib/python3.8/site-packages/airflow/example_dags/example_xcomargs.py took 0.370 seconds
[2022-06-27 05:09:17,025] {processor.py:153} INFO - Started process (PID=151813) to work on /home/ubuntu/airflow/airflow_env/lib/python3.8/site-packages/airflow/example_dags/example_xcomargs.py
[2022-06-27 05:09:17,030] {processor.py:641} INFO - Processing file /home/ubuntu/airflow/airflow_env/lib/python3.8/site-packages/airflow/example_dags/example_xcomargs.py for tasks to queue
[2022-06-27 05:09:17,039] {logging_mixin.py:115} INFO - [2022-06-27 05:09:17,038] {dagbag.py:507} INFO - Filling up the DagBag from /home/ubuntu/airflow/airflow_env/lib/python3.8/site-packages/airflow/example_dags/example_xcomargs.py
[2022-06-27 05:09:17,171] {processor.py:651} INFO - DAG(s) dict_keys(['example_xcom_args', 'example_xcom_args_with_operators']) retrieved from /home/ubuntu/airflow/airflow_env/lib/python3.8/site-packages/airflow/example_dags/example_xcomargs.py
[2022-06-27 05:09:17,447] {logging_mixin.py:115} INFO - [2022-06-27 05:09:17,447] {dag.py:2379} INFO - Sync 2 DAGs
[2022-06-27 05:09:17,591] {logging_mixin.py:115} INFO - [2022-06-27 05:09:17,591] {dag.py:2927} INFO - Setting next_dagrun for example_xcom_args to None, run_after=None
[2022-06-27 05:09:17,592] {logging_mixin.py:115} INFO - [2022-06-27 05:09:17,592] {dag.py:2927} INFO - Setting next_dagrun for example_xcom_args_with_operators to None, run_after=None
[2022-06-27 05:09:17,691] {processor.py:161} INFO - Processing /home/ubuntu/airflow/airflow_env/lib/python3.8/site-packages/airflow/example_dags/example_xcomargs.py took 0.719 seconds
[2022-06-27 05:09:53,460] {processor.py:153} INFO - Started process (PID=151854) to work on /home/ubuntu/airflow/airflow_env/lib/python3.8/site-packages/airflow/example_dags/example_xcomargs.py
[2022-06-27 05:09:53,463] {processor.py:641} INFO - Processing file /home/ubuntu/airflow/airflow_env/lib/python3.8/site-packages/airflow/example_dags/example_xcomargs.py for tasks to queue
[2022-06-27 05:09:53,470] {logging_mixin.py:115} INFO - [2022-06-27 05:09:53,465] {dagbag.py:507} INFO - Filling up the DagBag from /home/ubuntu/airflow/airflow_env/lib/python3.8/site-packages/airflow/example_dags/example_xcomargs.py
[2022-06-27 05:09:53,545] {processor.py:651} INFO - DAG(s) dict_keys(['example_xcom_args', 'example_xcom_args_with_operators']) retrieved from /home/ubuntu/airflow/airflow_env/lib/python3.8/site-packages/airflow/example_dags/example_xcomargs.py
[2022-06-27 05:09:53,621] {logging_mixin.py:115} INFO - [2022-06-27 05:09:53,621] {dag.py:2379} INFO - Sync 2 DAGs
[2022-06-27 05:09:53,713] {logging_mixin.py:115} INFO - [2022-06-27 05:09:53,713] {dag.py:2927} INFO - Setting next_dagrun for example_xcom_args to None, run_after=None
[2022-06-27 05:09:53,717] {logging_mixin.py:115} INFO - [2022-06-27 05:09:53,717] {dag.py:2927} INFO - Setting next_dagrun for example_xcom_args_with_operators to None, run_after=None
[2022-06-27 05:09:53,805] {processor.py:161} INFO - Processing /home/ubuntu/airflow/airflow_env/lib/python3.8/site-packages/airflow/example_dags/example_xcomargs.py took 0.358 seconds
[2022-06-27 05:10:42,993] {processor.py:153} INFO - Started process (PID=151907) to work on /home/ubuntu/airflow/airflow_env/lib/python3.8/site-packages/airflow/example_dags/example_xcomargs.py
[2022-06-27 05:10:42,994] {processor.py:641} INFO - Processing file /home/ubuntu/airflow/airflow_env/lib/python3.8/site-packages/airflow/example_dags/example_xcomargs.py for tasks to queue
[2022-06-27 05:10:42,995] {logging_mixin.py:115} INFO - [2022-06-27 05:10:42,995] {dagbag.py:507} INFO - Filling up the DagBag from /home/ubuntu/airflow/airflow_env/lib/python3.8/site-packages/airflow/example_dags/example_xcomargs.py
[2022-06-27 05:10:43,039] {processor.py:651} INFO - DAG(s) dict_keys(['example_xcom_args', 'example_xcom_args_with_operators']) retrieved from /home/ubuntu/airflow/airflow_env/lib/python3.8/site-packages/airflow/example_dags/example_xcomargs.py
[2022-06-27 05:10:43,067] {logging_mixin.py:115} INFO - [2022-06-27 05:10:43,067] {dag.py:2379} INFO - Sync 2 DAGs
[2022-06-27 05:10:43,134] {logging_mixin.py:115} INFO - [2022-06-27 05:10:43,134] {dag.py:2927} INFO - Setting next_dagrun for example_xcom_args to None, run_after=None
[2022-06-27 05:10:43,134] {logging_mixin.py:115} INFO - [2022-06-27 05:10:43,134] {dag.py:2927} INFO - Setting next_dagrun for example_xcom_args_with_operators to None, run_after=None
[2022-06-27 05:10:43,172] {processor.py:161} INFO - Processing /home/ubuntu/airflow/airflow_env/lib/python3.8/site-packages/airflow/example_dags/example_xcomargs.py took 0.191 seconds
[2022-06-27 05:11:25,817] {processor.py:153} INFO - Started process (PID=151940) to work on /home/ubuntu/airflow/airflow_env/lib/python3.8/site-packages/airflow/example_dags/example_xcomargs.py
[2022-06-27 05:11:25,827] {processor.py:641} INFO - Processing file /home/ubuntu/airflow/airflow_env/lib/python3.8/site-packages/airflow/example_dags/example_xcomargs.py for tasks to queue
[2022-06-27 05:11:25,832] {logging_mixin.py:115} INFO - [2022-06-27 05:11:25,829] {dagbag.py:507} INFO - Filling up the DagBag from /home/ubuntu/airflow/airflow_env/lib/python3.8/site-packages/airflow/example_dags/example_xcomargs.py
[2022-06-27 05:11:25,912] {processor.py:651} INFO - DAG(s) dict_keys(['example_xcom_args', 'example_xcom_args_with_operators']) retrieved from /home/ubuntu/airflow/airflow_env/lib/python3.8/site-packages/airflow/example_dags/example_xcomargs.py
[2022-06-27 05:11:26,077] {logging_mixin.py:115} INFO - [2022-06-27 05:11:26,077] {dag.py:2379} INFO - Sync 2 DAGs
[2022-06-27 05:11:26,119] {logging_mixin.py:115} INFO - [2022-06-27 05:11:26,119] {dag.py:2927} INFO - Setting next_dagrun for example_xcom_args to None, run_after=None
[2022-06-27 05:11:26,120] {logging_mixin.py:115} INFO - [2022-06-27 05:11:26,120] {dag.py:2927} INFO - Setting next_dagrun for example_xcom_args_with_operators to None, run_after=None
[2022-06-27 05:11:26,192] {processor.py:161} INFO - Processing /home/ubuntu/airflow/airflow_env/lib/python3.8/site-packages/airflow/example_dags/example_xcomargs.py took 0.397 seconds
[2022-06-27 05:12:06,819] {processor.py:153} INFO - Started process (PID=151972) to work on /home/ubuntu/airflow/airflow_env/lib/python3.8/site-packages/airflow/example_dags/example_xcomargs.py
[2022-06-27 05:12:06,820] {processor.py:641} INFO - Processing file /home/ubuntu/airflow/airflow_env/lib/python3.8/site-packages/airflow/example_dags/example_xcomargs.py for tasks to queue
[2022-06-27 05:12:06,821] {logging_mixin.py:115} INFO - [2022-06-27 05:12:06,821] {dagbag.py:507} INFO - Filling up the DagBag from /home/ubuntu/airflow/airflow_env/lib/python3.8/site-packages/airflow/example_dags/example_xcomargs.py
[2022-06-27 05:12:06,906] {processor.py:651} INFO - DAG(s) dict_keys(['example_xcom_args', 'example_xcom_args_with_operators']) retrieved from /home/ubuntu/airflow/airflow_env/lib/python3.8/site-packages/airflow/example_dags/example_xcomargs.py
[2022-06-27 05:12:07,106] {logging_mixin.py:115} INFO - [2022-06-27 05:12:07,106] {dag.py:2379} INFO - Sync 2 DAGs
[2022-06-27 05:12:07,187] {logging_mixin.py:115} INFO - [2022-06-27 05:12:07,187] {dag.py:2927} INFO - Setting next_dagrun for example_xcom_args to None, run_after=None
[2022-06-27 05:12:07,187] {logging_mixin.py:115} INFO - [2022-06-27 05:12:07,187] {dag.py:2927} INFO - Setting next_dagrun for example_xcom_args_with_operators to None, run_after=None
[2022-06-27 05:12:07,271] {processor.py:161} INFO - Processing /home/ubuntu/airflow/airflow_env/lib/python3.8/site-packages/airflow/example_dags/example_xcomargs.py took 0.466 seconds
[2022-06-27 05:12:46,387] {processor.py:153} INFO - Started process (PID=152003) to work on /home/ubuntu/airflow/airflow_env/lib/python3.8/site-packages/airflow/example_dags/example_xcomargs.py
[2022-06-27 05:12:46,393] {processor.py:641} INFO - Processing file /home/ubuntu/airflow/airflow_env/lib/python3.8/site-packages/airflow/example_dags/example_xcomargs.py for tasks to queue
[2022-06-27 05:12:46,394] {logging_mixin.py:115} INFO - [2022-06-27 05:12:46,394] {dagbag.py:507} INFO - Filling up the DagBag from /home/ubuntu/airflow/airflow_env/lib/python3.8/site-packages/airflow/example_dags/example_xcomargs.py
[2022-06-27 05:12:46,468] {processor.py:651} INFO - DAG(s) dict_keys(['example_xcom_args', 'example_xcom_args_with_operators']) retrieved from /home/ubuntu/airflow/airflow_env/lib/python3.8/site-packages/airflow/example_dags/example_xcomargs.py
[2022-06-27 05:12:46,568] {logging_mixin.py:115} INFO - [2022-06-27 05:12:46,567] {dag.py:2379} INFO - Sync 2 DAGs
[2022-06-27 05:12:46,652] {logging_mixin.py:115} INFO - [2022-06-27 05:12:46,652] {dag.py:2927} INFO - Setting next_dagrun for example_xcom_args to None, run_after=None
[2022-06-27 05:12:46,653] {logging_mixin.py:115} INFO - [2022-06-27 05:12:46,653] {dag.py:2927} INFO - Setting next_dagrun for example_xcom_args_with_operators to None, run_after=None
[2022-06-27 05:12:46,714] {processor.py:161} INFO - Processing /home/ubuntu/airflow/airflow_env/lib/python3.8/site-packages/airflow/example_dags/example_xcomargs.py took 0.338 seconds
[2022-06-27 05:13:39,315] {processor.py:153} INFO - Started process (PID=152045) to work on /home/ubuntu/airflow/airflow_env/lib/python3.8/site-packages/airflow/example_dags/example_xcomargs.py
[2022-06-27 05:13:39,320] {processor.py:641} INFO - Processing file /home/ubuntu/airflow/airflow_env/lib/python3.8/site-packages/airflow/example_dags/example_xcomargs.py for tasks to queue
[2022-06-27 05:13:39,322] {logging_mixin.py:115} INFO - [2022-06-27 05:13:39,321] {dagbag.py:507} INFO - Filling up the DagBag from /home/ubuntu/airflow/airflow_env/lib/python3.8/site-packages/airflow/example_dags/example_xcomargs.py
[2022-06-27 05:13:39,442] {processor.py:651} INFO - DAG(s) dict_keys(['example_xcom_args', 'example_xcom_args_with_operators']) retrieved from /home/ubuntu/airflow/airflow_env/lib/python3.8/site-packages/airflow/example_dags/example_xcomargs.py
[2022-06-27 05:13:39,521] {logging_mixin.py:115} INFO - [2022-06-27 05:13:39,521] {dag.py:2379} INFO - Sync 2 DAGs
[2022-06-27 05:13:39,574] {logging_mixin.py:115} INFO - [2022-06-27 05:13:39,573] {dag.py:2927} INFO - Setting next_dagrun for example_xcom_args to None, run_after=None
[2022-06-27 05:13:39,574] {logging_mixin.py:115} INFO - [2022-06-27 05:13:39,574] {dag.py:2927} INFO - Setting next_dagrun for example_xcom_args_with_operators to None, run_after=None
[2022-06-27 05:13:39,619] {processor.py:161} INFO - Processing /home/ubuntu/airflow/airflow_env/lib/python3.8/site-packages/airflow/example_dags/example_xcomargs.py took 0.350 seconds
[2022-06-27 05:14:30,140] {processor.py:153} INFO - Started process (PID=152085) to work on /home/ubuntu/airflow/airflow_env/lib/python3.8/site-packages/airflow/example_dags/example_xcomargs.py
[2022-06-27 05:14:30,153] {processor.py:641} INFO - Processing file /home/ubuntu/airflow/airflow_env/lib/python3.8/site-packages/airflow/example_dags/example_xcomargs.py for tasks to queue
[2022-06-27 05:14:30,159] {logging_mixin.py:115} INFO - [2022-06-27 05:14:30,158] {dagbag.py:507} INFO - Filling up the DagBag from /home/ubuntu/airflow/airflow_env/lib/python3.8/site-packages/airflow/example_dags/example_xcomargs.py
[2022-06-27 05:14:30,297] {processor.py:651} INFO - DAG(s) dict_keys(['example_xcom_args', 'example_xcom_args_with_operators']) retrieved from /home/ubuntu/airflow/airflow_env/lib/python3.8/site-packages/airflow/example_dags/example_xcomargs.py
[2022-06-27 05:14:30,525] {logging_mixin.py:115} INFO - [2022-06-27 05:14:30,525] {dag.py:2379} INFO - Sync 2 DAGs
[2022-06-27 05:14:30,590] {logging_mixin.py:115} INFO - [2022-06-27 05:14:30,590] {dag.py:2927} INFO - Setting next_dagrun for example_xcom_args to None, run_after=None
[2022-06-27 05:14:30,590] {logging_mixin.py:115} INFO - [2022-06-27 05:14:30,590] {dag.py:2927} INFO - Setting next_dagrun for example_xcom_args_with_operators to None, run_after=None
[2022-06-27 05:14:30,631] {processor.py:161} INFO - Processing /home/ubuntu/airflow/airflow_env/lib/python3.8/site-packages/airflow/example_dags/example_xcomargs.py took 0.521 seconds
[2022-06-27 05:15:21,934] {processor.py:153} INFO - Started process (PID=152125) to work on /home/ubuntu/airflow/airflow_env/lib/python3.8/site-packages/airflow/example_dags/example_xcomargs.py
[2022-06-27 05:15:21,935] {processor.py:641} INFO - Processing file /home/ubuntu/airflow/airflow_env/lib/python3.8/site-packages/airflow/example_dags/example_xcomargs.py for tasks to queue
[2022-06-27 05:15:21,935] {logging_mixin.py:115} INFO - [2022-06-27 05:15:21,935] {dagbag.py:507} INFO - Filling up the DagBag from /home/ubuntu/airflow/airflow_env/lib/python3.8/site-packages/airflow/example_dags/example_xcomargs.py
[2022-06-27 05:15:22,021] {processor.py:651} INFO - DAG(s) dict_keys(['example_xcom_args', 'example_xcom_args_with_operators']) retrieved from /home/ubuntu/airflow/airflow_env/lib/python3.8/site-packages/airflow/example_dags/example_xcomargs.py
[2022-06-27 05:15:22,105] {logging_mixin.py:115} INFO - [2022-06-27 05:15:22,105] {dag.py:2379} INFO - Sync 2 DAGs
[2022-06-27 05:15:22,163] {logging_mixin.py:115} INFO - [2022-06-27 05:15:22,163] {dag.py:2927} INFO - Setting next_dagrun for example_xcom_args to None, run_after=None
[2022-06-27 05:15:22,164] {logging_mixin.py:115} INFO - [2022-06-27 05:15:22,164] {dag.py:2927} INFO - Setting next_dagrun for example_xcom_args_with_operators to None, run_after=None
[2022-06-27 05:15:22,212] {processor.py:161} INFO - Processing /home/ubuntu/airflow/airflow_env/lib/python3.8/site-packages/airflow/example_dags/example_xcomargs.py took 0.300 seconds
[2022-06-27 05:16:13,060] {processor.py:153} INFO - Started process (PID=152173) to work on /home/ubuntu/airflow/airflow_env/lib/python3.8/site-packages/airflow/example_dags/example_xcomargs.py
[2022-06-27 05:16:13,066] {processor.py:641} INFO - Processing file /home/ubuntu/airflow/airflow_env/lib/python3.8/site-packages/airflow/example_dags/example_xcomargs.py for tasks to queue
[2022-06-27 05:16:13,068] {logging_mixin.py:115} INFO - [2022-06-27 05:16:13,067] {dagbag.py:507} INFO - Filling up the DagBag from /home/ubuntu/airflow/airflow_env/lib/python3.8/site-packages/airflow/example_dags/example_xcomargs.py
[2022-06-27 05:16:13,196] {processor.py:651} INFO - DAG(s) dict_keys(['example_xcom_args', 'example_xcom_args_with_operators']) retrieved from /home/ubuntu/airflow/airflow_env/lib/python3.8/site-packages/airflow/example_dags/example_xcomargs.py
[2022-06-27 05:16:13,412] {logging_mixin.py:115} INFO - [2022-06-27 05:16:13,412] {dag.py:2379} INFO - Sync 2 DAGs
[2022-06-27 05:16:13,516] {logging_mixin.py:115} INFO - [2022-06-27 05:16:13,515] {dag.py:2927} INFO - Setting next_dagrun for example_xcom_args to None, run_after=None
[2022-06-27 05:16:13,516] {logging_mixin.py:115} INFO - [2022-06-27 05:16:13,516] {dag.py:2927} INFO - Setting next_dagrun for example_xcom_args_with_operators to None, run_after=None
[2022-06-27 05:16:13,572] {processor.py:161} INFO - Processing /home/ubuntu/airflow/airflow_env/lib/python3.8/site-packages/airflow/example_dags/example_xcomargs.py took 0.541 seconds
[2022-06-27 05:17:03,622] {processor.py:153} INFO - Started process (PID=152216) to work on /home/ubuntu/airflow/airflow_env/lib/python3.8/site-packages/airflow/example_dags/example_xcomargs.py
[2022-06-27 05:17:03,625] {processor.py:641} INFO - Processing file /home/ubuntu/airflow/airflow_env/lib/python3.8/site-packages/airflow/example_dags/example_xcomargs.py for tasks to queue
[2022-06-27 05:17:03,626] {logging_mixin.py:115} INFO - [2022-06-27 05:17:03,626] {dagbag.py:507} INFO - Filling up the DagBag from /home/ubuntu/airflow/airflow_env/lib/python3.8/site-packages/airflow/example_dags/example_xcomargs.py
[2022-06-27 05:17:03,676] {processor.py:651} INFO - DAG(s) dict_keys(['example_xcom_args', 'example_xcom_args_with_operators']) retrieved from /home/ubuntu/airflow/airflow_env/lib/python3.8/site-packages/airflow/example_dags/example_xcomargs.py
[2022-06-27 05:17:03,758] {logging_mixin.py:115} INFO - [2022-06-27 05:17:03,758] {dag.py:2379} INFO - Sync 2 DAGs
[2022-06-27 05:17:03,793] {logging_mixin.py:115} INFO - [2022-06-27 05:17:03,793] {dag.py:2927} INFO - Setting next_dagrun for example_xcom_args to None, run_after=None
[2022-06-27 05:17:03,794] {logging_mixin.py:115} INFO - [2022-06-27 05:17:03,794] {dag.py:2927} INFO - Setting next_dagrun for example_xcom_args_with_operators to None, run_after=None
[2022-06-27 05:17:03,901] {processor.py:161} INFO - Processing /home/ubuntu/airflow/airflow_env/lib/python3.8/site-packages/airflow/example_dags/example_xcomargs.py took 0.292 seconds
[2022-06-27 05:17:55,772] {processor.py:153} INFO - Started process (PID=152255) to work on /home/ubuntu/airflow/airflow_env/lib/python3.8/site-packages/airflow/example_dags/example_xcomargs.py
[2022-06-27 05:17:55,779] {processor.py:641} INFO - Processing file /home/ubuntu/airflow/airflow_env/lib/python3.8/site-packages/airflow/example_dags/example_xcomargs.py for tasks to queue
[2022-06-27 05:17:55,786] {logging_mixin.py:115} INFO - [2022-06-27 05:17:55,786] {dagbag.py:507} INFO - Filling up the DagBag from /home/ubuntu/airflow/airflow_env/lib/python3.8/site-packages/airflow/example_dags/example_xcomargs.py
[2022-06-27 05:17:55,966] {processor.py:651} INFO - DAG(s) dict_keys(['example_xcom_args', 'example_xcom_args_with_operators']) retrieved from /home/ubuntu/airflow/airflow_env/lib/python3.8/site-packages/airflow/example_dags/example_xcomargs.py
[2022-06-27 05:17:56,118] {logging_mixin.py:115} INFO - [2022-06-27 05:17:56,117] {dag.py:2379} INFO - Sync 2 DAGs
[2022-06-27 05:17:56,176] {logging_mixin.py:115} INFO - [2022-06-27 05:17:56,176] {dag.py:2927} INFO - Setting next_dagrun for example_xcom_args to None, run_after=None
[2022-06-27 05:17:56,177] {logging_mixin.py:115} INFO - [2022-06-27 05:17:56,177] {dag.py:2927} INFO - Setting next_dagrun for example_xcom_args_with_operators to None, run_after=None
[2022-06-27 05:17:56,204] {processor.py:161} INFO - Processing /home/ubuntu/airflow/airflow_env/lib/python3.8/site-packages/airflow/example_dags/example_xcomargs.py took 0.468 seconds
[2022-06-27 05:18:45,044] {processor.py:153} INFO - Started process (PID=152297) to work on /home/ubuntu/airflow/airflow_env/lib/python3.8/site-packages/airflow/example_dags/example_xcomargs.py
[2022-06-27 05:18:45,048] {processor.py:641} INFO - Processing file /home/ubuntu/airflow/airflow_env/lib/python3.8/site-packages/airflow/example_dags/example_xcomargs.py for tasks to queue
[2022-06-27 05:18:45,050] {logging_mixin.py:115} INFO - [2022-06-27 05:18:45,050] {dagbag.py:507} INFO - Filling up the DagBag from /home/ubuntu/airflow/airflow_env/lib/python3.8/site-packages/airflow/example_dags/example_xcomargs.py
[2022-06-27 05:18:45,158] {processor.py:651} INFO - DAG(s) dict_keys(['example_xcom_args', 'example_xcom_args_with_operators']) retrieved from /home/ubuntu/airflow/airflow_env/lib/python3.8/site-packages/airflow/example_dags/example_xcomargs.py
[2022-06-27 05:18:45,224] {logging_mixin.py:115} INFO - [2022-06-27 05:18:45,224] {dag.py:2379} INFO - Sync 2 DAGs
[2022-06-27 05:18:45,252] {logging_mixin.py:115} INFO - [2022-06-27 05:18:45,252] {dag.py:2927} INFO - Setting next_dagrun for example_xcom_args to None, run_after=None
[2022-06-27 05:18:45,252] {logging_mixin.py:115} INFO - [2022-06-27 05:18:45,252] {dag.py:2927} INFO - Setting next_dagrun for example_xcom_args_with_operators to None, run_after=None
[2022-06-27 05:18:45,297] {processor.py:161} INFO - Processing /home/ubuntu/airflow/airflow_env/lib/python3.8/site-packages/airflow/example_dags/example_xcomargs.py took 0.265 seconds
[2022-06-27 05:19:33,796] {processor.py:153} INFO - Started process (PID=152335) to work on /home/ubuntu/airflow/airflow_env/lib/python3.8/site-packages/airflow/example_dags/example_xcomargs.py
[2022-06-27 05:19:33,803] {processor.py:641} INFO - Processing file /home/ubuntu/airflow/airflow_env/lib/python3.8/site-packages/airflow/example_dags/example_xcomargs.py for tasks to queue
[2022-06-27 05:19:33,805] {logging_mixin.py:115} INFO - [2022-06-27 05:19:33,805] {dagbag.py:507} INFO - Filling up the DagBag from /home/ubuntu/airflow/airflow_env/lib/python3.8/site-packages/airflow/example_dags/example_xcomargs.py
[2022-06-27 05:19:34,020] {processor.py:651} INFO - DAG(s) dict_keys(['example_xcom_args', 'example_xcom_args_with_operators']) retrieved from /home/ubuntu/airflow/airflow_env/lib/python3.8/site-packages/airflow/example_dags/example_xcomargs.py
[2022-06-27 05:19:34,087] {logging_mixin.py:115} INFO - [2022-06-27 05:19:34,086] {dag.py:2379} INFO - Sync 2 DAGs
[2022-06-27 05:19:34,123] {logging_mixin.py:115} INFO - [2022-06-27 05:19:34,123] {dag.py:2927} INFO - Setting next_dagrun for example_xcom_args to None, run_after=None
[2022-06-27 05:19:34,124] {logging_mixin.py:115} INFO - [2022-06-27 05:19:34,124] {dag.py:2927} INFO - Setting next_dagrun for example_xcom_args_with_operators to None, run_after=None
[2022-06-27 05:19:34,150] {processor.py:161} INFO - Processing /home/ubuntu/airflow/airflow_env/lib/python3.8/site-packages/airflow/example_dags/example_xcomargs.py took 0.364 seconds
[2022-06-27 05:20:25,768] {processor.py:153} INFO - Started process (PID=152373) to work on /home/ubuntu/airflow/airflow_env/lib/python3.8/site-packages/airflow/example_dags/example_xcomargs.py
[2022-06-27 05:20:25,776] {processor.py:641} INFO - Processing file /home/ubuntu/airflow/airflow_env/lib/python3.8/site-packages/airflow/example_dags/example_xcomargs.py for tasks to queue
[2022-06-27 05:20:25,779] {logging_mixin.py:115} INFO - [2022-06-27 05:20:25,778] {dagbag.py:507} INFO - Filling up the DagBag from /home/ubuntu/airflow/airflow_env/lib/python3.8/site-packages/airflow/example_dags/example_xcomargs.py
[2022-06-27 05:20:25,916] {processor.py:651} INFO - DAG(s) dict_keys(['example_xcom_args', 'example_xcom_args_with_operators']) retrieved from /home/ubuntu/airflow/airflow_env/lib/python3.8/site-packages/airflow/example_dags/example_xcomargs.py
[2022-06-27 05:20:25,979] {logging_mixin.py:115} INFO - [2022-06-27 05:20:25,979] {dag.py:2379} INFO - Sync 2 DAGs
[2022-06-27 05:20:26,046] {logging_mixin.py:115} INFO - [2022-06-27 05:20:26,046] {dag.py:2927} INFO - Setting next_dagrun for example_xcom_args to None, run_after=None
[2022-06-27 05:20:26,049] {logging_mixin.py:115} INFO - [2022-06-27 05:20:26,049] {dag.py:2927} INFO - Setting next_dagrun for example_xcom_args_with_operators to None, run_after=None
[2022-06-27 05:20:26,154] {processor.py:161} INFO - Processing /home/ubuntu/airflow/airflow_env/lib/python3.8/site-packages/airflow/example_dags/example_xcomargs.py took 0.410 seconds
[2022-06-27 05:21:17,794] {processor.py:153} INFO - Started process (PID=152421) to work on /home/ubuntu/airflow/airflow_env/lib/python3.8/site-packages/airflow/example_dags/example_xcomargs.py
[2022-06-27 05:21:17,803] {processor.py:641} INFO - Processing file /home/ubuntu/airflow/airflow_env/lib/python3.8/site-packages/airflow/example_dags/example_xcomargs.py for tasks to queue
[2022-06-27 05:21:17,804] {logging_mixin.py:115} INFO - [2022-06-27 05:21:17,804] {dagbag.py:507} INFO - Filling up the DagBag from /home/ubuntu/airflow/airflow_env/lib/python3.8/site-packages/airflow/example_dags/example_xcomargs.py
[2022-06-27 05:21:17,887] {processor.py:651} INFO - DAG(s) dict_keys(['example_xcom_args', 'example_xcom_args_with_operators']) retrieved from /home/ubuntu/airflow/airflow_env/lib/python3.8/site-packages/airflow/example_dags/example_xcomargs.py
[2022-06-27 05:21:18,055] {logging_mixin.py:115} INFO - [2022-06-27 05:21:18,054] {dag.py:2379} INFO - Sync 2 DAGs
[2022-06-27 05:21:18,115] {logging_mixin.py:115} INFO - [2022-06-27 05:21:18,115] {dag.py:2927} INFO - Setting next_dagrun for example_xcom_args to None, run_after=None
[2022-06-27 05:21:18,116] {logging_mixin.py:115} INFO - [2022-06-27 05:21:18,116] {dag.py:2927} INFO - Setting next_dagrun for example_xcom_args_with_operators to None, run_after=None
[2022-06-27 05:21:18,141] {processor.py:161} INFO - Processing /home/ubuntu/airflow/airflow_env/lib/python3.8/site-packages/airflow/example_dags/example_xcomargs.py took 0.365 seconds
[2022-06-27 05:22:11,282] {processor.py:153} INFO - Started process (PID=152463) to work on /home/ubuntu/airflow/airflow_env/lib/python3.8/site-packages/airflow/example_dags/example_xcomargs.py
[2022-06-27 05:22:11,283] {processor.py:641} INFO - Processing file /home/ubuntu/airflow/airflow_env/lib/python3.8/site-packages/airflow/example_dags/example_xcomargs.py for tasks to queue
[2022-06-27 05:22:11,284] {logging_mixin.py:115} INFO - [2022-06-27 05:22:11,284] {dagbag.py:507} INFO - Filling up the DagBag from /home/ubuntu/airflow/airflow_env/lib/python3.8/site-packages/airflow/example_dags/example_xcomargs.py
[2022-06-27 05:22:11,348] {processor.py:651} INFO - DAG(s) dict_keys(['example_xcom_args', 'example_xcom_args_with_operators']) retrieved from /home/ubuntu/airflow/airflow_env/lib/python3.8/site-packages/airflow/example_dags/example_xcomargs.py
[2022-06-27 05:22:11,510] {logging_mixin.py:115} INFO - [2022-06-27 05:22:11,509] {dag.py:2379} INFO - Sync 2 DAGs
[2022-06-27 05:22:11,555] {logging_mixin.py:115} INFO - [2022-06-27 05:22:11,555] {dag.py:2927} INFO - Setting next_dagrun for example_xcom_args to None, run_after=None
[2022-06-27 05:22:11,555] {logging_mixin.py:115} INFO - [2022-06-27 05:22:11,555] {dag.py:2927} INFO - Setting next_dagrun for example_xcom_args_with_operators to None, run_after=None
[2022-06-27 05:22:11,647] {processor.py:161} INFO - Processing /home/ubuntu/airflow/airflow_env/lib/python3.8/site-packages/airflow/example_dags/example_xcomargs.py took 0.382 seconds
[2022-06-27 05:23:03,474] {processor.py:153} INFO - Started process (PID=152505) to work on /home/ubuntu/airflow/airflow_env/lib/python3.8/site-packages/airflow/example_dags/example_xcomargs.py
[2022-06-27 05:23:03,477] {processor.py:641} INFO - Processing file /home/ubuntu/airflow/airflow_env/lib/python3.8/site-packages/airflow/example_dags/example_xcomargs.py for tasks to queue
[2022-06-27 05:23:03,480] {logging_mixin.py:115} INFO - [2022-06-27 05:23:03,480] {dagbag.py:507} INFO - Filling up the DagBag from /home/ubuntu/airflow/airflow_env/lib/python3.8/site-packages/airflow/example_dags/example_xcomargs.py
[2022-06-27 05:23:03,608] {processor.py:651} INFO - DAG(s) dict_keys(['example_xcom_args', 'example_xcom_args_with_operators']) retrieved from /home/ubuntu/airflow/airflow_env/lib/python3.8/site-packages/airflow/example_dags/example_xcomargs.py
[2022-06-27 05:23:03,670] {logging_mixin.py:115} INFO - [2022-06-27 05:23:03,670] {dag.py:2379} INFO - Sync 2 DAGs
[2022-06-27 05:23:03,731] {logging_mixin.py:115} INFO - [2022-06-27 05:23:03,731] {dag.py:2927} INFO - Setting next_dagrun for example_xcom_args to None, run_after=None
[2022-06-27 05:23:03,732] {logging_mixin.py:115} INFO - [2022-06-27 05:23:03,732] {dag.py:2927} INFO - Setting next_dagrun for example_xcom_args_with_operators to None, run_after=None
[2022-06-27 05:23:03,796] {processor.py:161} INFO - Processing /home/ubuntu/airflow/airflow_env/lib/python3.8/site-packages/airflow/example_dags/example_xcomargs.py took 0.358 seconds
[2022-06-27 05:23:51,260] {processor.py:153} INFO - Started process (PID=152552) to work on /home/ubuntu/airflow/airflow_env/lib/python3.8/site-packages/airflow/example_dags/example_xcomargs.py
[2022-06-27 05:23:51,262] {processor.py:641} INFO - Processing file /home/ubuntu/airflow/airflow_env/lib/python3.8/site-packages/airflow/example_dags/example_xcomargs.py for tasks to queue
[2022-06-27 05:23:51,266] {logging_mixin.py:115} INFO - [2022-06-27 05:23:51,266] {dagbag.py:507} INFO - Filling up the DagBag from /home/ubuntu/airflow/airflow_env/lib/python3.8/site-packages/airflow/example_dags/example_xcomargs.py
[2022-06-27 05:23:51,340] {processor.py:651} INFO - DAG(s) dict_keys(['example_xcom_args', 'example_xcom_args_with_operators']) retrieved from /home/ubuntu/airflow/airflow_env/lib/python3.8/site-packages/airflow/example_dags/example_xcomargs.py
[2022-06-27 05:23:51,388] {logging_mixin.py:115} INFO - [2022-06-27 05:23:51,388] {dag.py:2379} INFO - Sync 2 DAGs
[2022-06-27 05:23:51,454] {logging_mixin.py:115} INFO - [2022-06-27 05:23:51,454] {dag.py:2927} INFO - Setting next_dagrun for example_xcom_args to None, run_after=None
[2022-06-27 05:23:51,456] {logging_mixin.py:115} INFO - [2022-06-27 05:23:51,455] {dag.py:2927} INFO - Setting next_dagrun for example_xcom_args_with_operators to None, run_after=None
[2022-06-27 05:23:51,575] {processor.py:161} INFO - Processing /home/ubuntu/airflow/airflow_env/lib/python3.8/site-packages/airflow/example_dags/example_xcomargs.py took 0.330 seconds
[2022-06-27 05:24:38,572] {processor.py:153} INFO - Started process (PID=152590) to work on /home/ubuntu/airflow/airflow_env/lib/python3.8/site-packages/airflow/example_dags/example_xcomargs.py
[2022-06-27 05:24:38,573] {processor.py:641} INFO - Processing file /home/ubuntu/airflow/airflow_env/lib/python3.8/site-packages/airflow/example_dags/example_xcomargs.py for tasks to queue
[2022-06-27 05:24:38,573] {logging_mixin.py:115} INFO - [2022-06-27 05:24:38,573] {dagbag.py:507} INFO - Filling up the DagBag from /home/ubuntu/airflow/airflow_env/lib/python3.8/site-packages/airflow/example_dags/example_xcomargs.py
[2022-06-27 05:24:38,648] {processor.py:651} INFO - DAG(s) dict_keys(['example_xcom_args', 'example_xcom_args_with_operators']) retrieved from /home/ubuntu/airflow/airflow_env/lib/python3.8/site-packages/airflow/example_dags/example_xcomargs.py
[2022-06-27 05:24:38,704] {logging_mixin.py:115} INFO - [2022-06-27 05:24:38,704] {dag.py:2379} INFO - Sync 2 DAGs
[2022-06-27 05:24:38,759] {logging_mixin.py:115} INFO - [2022-06-27 05:24:38,758] {dag.py:2927} INFO - Setting next_dagrun for example_xcom_args to None, run_after=None
[2022-06-27 05:24:38,760] {logging_mixin.py:115} INFO - [2022-06-27 05:24:38,760] {dag.py:2927} INFO - Setting next_dagrun for example_xcom_args_with_operators to None, run_after=None
[2022-06-27 05:24:38,790] {processor.py:161} INFO - Processing /home/ubuntu/airflow/airflow_env/lib/python3.8/site-packages/airflow/example_dags/example_xcomargs.py took 0.229 seconds
[2022-06-27 05:25:31,105] {processor.py:153} INFO - Started process (PID=152627) to work on /home/ubuntu/airflow/airflow_env/lib/python3.8/site-packages/airflow/example_dags/example_xcomargs.py
[2022-06-27 05:25:31,112] {processor.py:641} INFO - Processing file /home/ubuntu/airflow/airflow_env/lib/python3.8/site-packages/airflow/example_dags/example_xcomargs.py for tasks to queue
[2022-06-27 05:25:31,113] {logging_mixin.py:115} INFO - [2022-06-27 05:25:31,113] {dagbag.py:507} INFO - Filling up the DagBag from /home/ubuntu/airflow/airflow_env/lib/python3.8/site-packages/airflow/example_dags/example_xcomargs.py
[2022-06-27 05:25:31,203] {processor.py:651} INFO - DAG(s) dict_keys(['example_xcom_args', 'example_xcom_args_with_operators']) retrieved from /home/ubuntu/airflow/airflow_env/lib/python3.8/site-packages/airflow/example_dags/example_xcomargs.py
[2022-06-27 05:25:31,334] {logging_mixin.py:115} INFO - [2022-06-27 05:25:31,333] {dag.py:2379} INFO - Sync 2 DAGs
[2022-06-27 05:25:31,383] {logging_mixin.py:115} INFO - [2022-06-27 05:25:31,383] {dag.py:2927} INFO - Setting next_dagrun for example_xcom_args to None, run_after=None
[2022-06-27 05:25:31,383] {logging_mixin.py:115} INFO - [2022-06-27 05:25:31,383] {dag.py:2927} INFO - Setting next_dagrun for example_xcom_args_with_operators to None, run_after=None
[2022-06-27 05:25:31,433] {processor.py:161} INFO - Processing /home/ubuntu/airflow/airflow_env/lib/python3.8/site-packages/airflow/example_dags/example_xcomargs.py took 0.352 seconds
[2022-06-27 05:26:19,334] {processor.py:153} INFO - Started process (PID=152665) to work on /home/ubuntu/airflow/airflow_env/lib/python3.8/site-packages/airflow/example_dags/example_xcomargs.py
[2022-06-27 05:26:19,339] {processor.py:641} INFO - Processing file /home/ubuntu/airflow/airflow_env/lib/python3.8/site-packages/airflow/example_dags/example_xcomargs.py for tasks to queue
[2022-06-27 05:26:19,341] {logging_mixin.py:115} INFO - [2022-06-27 05:26:19,340] {dagbag.py:507} INFO - Filling up the DagBag from /home/ubuntu/airflow/airflow_env/lib/python3.8/site-packages/airflow/example_dags/example_xcomargs.py
[2022-06-27 05:26:19,514] {processor.py:651} INFO - DAG(s) dict_keys(['example_xcom_args', 'example_xcom_args_with_operators']) retrieved from /home/ubuntu/airflow/airflow_env/lib/python3.8/site-packages/airflow/example_dags/example_xcomargs.py
[2022-06-27 05:26:19,690] {logging_mixin.py:115} INFO - [2022-06-27 05:26:19,690] {dag.py:2379} INFO - Sync 2 DAGs
[2022-06-27 05:26:19,724] {logging_mixin.py:115} INFO - [2022-06-27 05:26:19,724] {dag.py:2927} INFO - Setting next_dagrun for example_xcom_args to None, run_after=None
[2022-06-27 05:26:19,724] {logging_mixin.py:115} INFO - [2022-06-27 05:26:19,724] {dag.py:2927} INFO - Setting next_dagrun for example_xcom_args_with_operators to None, run_after=None
[2022-06-27 05:26:19,786] {processor.py:161} INFO - Processing /home/ubuntu/airflow/airflow_env/lib/python3.8/site-packages/airflow/example_dags/example_xcomargs.py took 0.477 seconds
[2022-06-27 05:27:04,176] {processor.py:153} INFO - Started process (PID=152702) to work on /home/ubuntu/airflow/airflow_env/lib/python3.8/site-packages/airflow/example_dags/example_xcomargs.py
[2022-06-27 05:27:04,189] {processor.py:641} INFO - Processing file /home/ubuntu/airflow/airflow_env/lib/python3.8/site-packages/airflow/example_dags/example_xcomargs.py for tasks to queue
[2022-06-27 05:27:04,191] {logging_mixin.py:115} INFO - [2022-06-27 05:27:04,191] {dagbag.py:507} INFO - Filling up the DagBag from /home/ubuntu/airflow/airflow_env/lib/python3.8/site-packages/airflow/example_dags/example_xcomargs.py
[2022-06-27 05:27:04,424] {processor.py:651} INFO - DAG(s) dict_keys(['example_xcom_args', 'example_xcom_args_with_operators']) retrieved from /home/ubuntu/airflow/airflow_env/lib/python3.8/site-packages/airflow/example_dags/example_xcomargs.py
[2022-06-27 05:27:04,499] {logging_mixin.py:115} INFO - [2022-06-27 05:27:04,499] {dag.py:2379} INFO - Sync 2 DAGs
[2022-06-27 05:27:04,526] {logging_mixin.py:115} INFO - [2022-06-27 05:27:04,526] {dag.py:2927} INFO - Setting next_dagrun for example_xcom_args to None, run_after=None
[2022-06-27 05:27:04,526] {logging_mixin.py:115} INFO - [2022-06-27 05:27:04,526] {dag.py:2927} INFO - Setting next_dagrun for example_xcom_args_with_operators to None, run_after=None
[2022-06-27 05:27:04,545] {processor.py:161} INFO - Processing /home/ubuntu/airflow/airflow_env/lib/python3.8/site-packages/airflow/example_dags/example_xcomargs.py took 0.415 seconds
[2022-06-27 05:27:55,073] {processor.py:153} INFO - Started process (PID=152761) to work on /home/ubuntu/airflow/airflow_env/lib/python3.8/site-packages/airflow/example_dags/example_xcomargs.py
[2022-06-27 05:27:55,085] {processor.py:641} INFO - Processing file /home/ubuntu/airflow/airflow_env/lib/python3.8/site-packages/airflow/example_dags/example_xcomargs.py for tasks to queue
[2022-06-27 05:27:55,087] {logging_mixin.py:115} INFO - [2022-06-27 05:27:55,086] {dagbag.py:507} INFO - Filling up the DagBag from /home/ubuntu/airflow/airflow_env/lib/python3.8/site-packages/airflow/example_dags/example_xcomargs.py
[2022-06-27 05:27:55,211] {processor.py:651} INFO - DAG(s) dict_keys(['example_xcom_args', 'example_xcom_args_with_operators']) retrieved from /home/ubuntu/airflow/airflow_env/lib/python3.8/site-packages/airflow/example_dags/example_xcomargs.py
[2022-06-27 05:27:55,511] {logging_mixin.py:115} INFO - [2022-06-27 05:27:55,511] {dag.py:2379} INFO - Sync 2 DAGs
[2022-06-27 05:27:55,566] {logging_mixin.py:115} INFO - [2022-06-27 05:27:55,566] {dag.py:2927} INFO - Setting next_dagrun for example_xcom_args to None, run_after=None
[2022-06-27 05:27:55,566] {logging_mixin.py:115} INFO - [2022-06-27 05:27:55,566] {dag.py:2927} INFO - Setting next_dagrun for example_xcom_args_with_operators to None, run_after=None
[2022-06-27 05:27:55,596] {processor.py:161} INFO - Processing /home/ubuntu/airflow/airflow_env/lib/python3.8/site-packages/airflow/example_dags/example_xcomargs.py took 0.560 seconds
[2022-06-27 05:28:48,011] {processor.py:153} INFO - Started process (PID=152809) to work on /home/ubuntu/airflow/airflow_env/lib/python3.8/site-packages/airflow/example_dags/example_xcomargs.py
[2022-06-27 05:28:48,019] {processor.py:641} INFO - Processing file /home/ubuntu/airflow/airflow_env/lib/python3.8/site-packages/airflow/example_dags/example_xcomargs.py for tasks to queue
[2022-06-27 05:28:48,020] {logging_mixin.py:115} INFO - [2022-06-27 05:28:48,020] {dagbag.py:507} INFO - Filling up the DagBag from /home/ubuntu/airflow/airflow_env/lib/python3.8/site-packages/airflow/example_dags/example_xcomargs.py
[2022-06-27 05:28:48,111] {processor.py:651} INFO - DAG(s) dict_keys(['example_xcom_args', 'example_xcom_args_with_operators']) retrieved from /home/ubuntu/airflow/airflow_env/lib/python3.8/site-packages/airflow/example_dags/example_xcomargs.py
[2022-06-27 05:28:48,160] {logging_mixin.py:115} INFO - [2022-06-27 05:28:48,159] {dag.py:2379} INFO - Sync 2 DAGs
[2022-06-27 05:28:48,257] {logging_mixin.py:115} INFO - [2022-06-27 05:28:48,256] {dag.py:2927} INFO - Setting next_dagrun for example_xcom_args to None, run_after=None
[2022-06-27 05:28:48,262] {logging_mixin.py:115} INFO - [2022-06-27 05:28:48,262] {dag.py:2927} INFO - Setting next_dagrun for example_xcom_args_with_operators to None, run_after=None
[2022-06-27 05:28:48,315] {processor.py:161} INFO - Processing /home/ubuntu/airflow/airflow_env/lib/python3.8/site-packages/airflow/example_dags/example_xcomargs.py took 0.320 seconds
[2022-06-27 05:29:25,973] {processor.py:153} INFO - Started process (PID=152837) to work on /home/ubuntu/airflow/airflow_env/lib/python3.8/site-packages/airflow/example_dags/example_xcomargs.py
[2022-06-27 05:29:25,981] {processor.py:641} INFO - Processing file /home/ubuntu/airflow/airflow_env/lib/python3.8/site-packages/airflow/example_dags/example_xcomargs.py for tasks to queue
[2022-06-27 05:29:25,987] {logging_mixin.py:115} INFO - [2022-06-27 05:29:25,987] {dagbag.py:507} INFO - Filling up the DagBag from /home/ubuntu/airflow/airflow_env/lib/python3.8/site-packages/airflow/example_dags/example_xcomargs.py
[2022-06-27 05:29:26,154] {processor.py:651} INFO - DAG(s) dict_keys(['example_xcom_args', 'example_xcom_args_with_operators']) retrieved from /home/ubuntu/airflow/airflow_env/lib/python3.8/site-packages/airflow/example_dags/example_xcomargs.py
[2022-06-27 05:29:26,207] {logging_mixin.py:115} INFO - [2022-06-27 05:29:26,207] {dag.py:2379} INFO - Sync 2 DAGs
[2022-06-27 05:29:26,257] {logging_mixin.py:115} INFO - [2022-06-27 05:29:26,257] {dag.py:2927} INFO - Setting next_dagrun for example_xcom_args to None, run_after=None
[2022-06-27 05:29:26,257] {logging_mixin.py:115} INFO - [2022-06-27 05:29:26,257] {dag.py:2927} INFO - Setting next_dagrun for example_xcom_args_with_operators to None, run_after=None
[2022-06-27 05:29:26,306] {processor.py:161} INFO - Processing /home/ubuntu/airflow/airflow_env/lib/python3.8/site-packages/airflow/example_dags/example_xcomargs.py took 0.375 seconds
[2022-06-27 05:30:04,917] {processor.py:153} INFO - Started process (PID=152898) to work on /home/ubuntu/airflow/airflow_env/lib/python3.8/site-packages/airflow/example_dags/example_xcomargs.py
[2022-06-27 05:30:04,924] {processor.py:641} INFO - Processing file /home/ubuntu/airflow/airflow_env/lib/python3.8/site-packages/airflow/example_dags/example_xcomargs.py for tasks to queue
[2022-06-27 05:30:04,930] {logging_mixin.py:115} INFO - [2022-06-27 05:30:04,929] {dagbag.py:507} INFO - Filling up the DagBag from /home/ubuntu/airflow/airflow_env/lib/python3.8/site-packages/airflow/example_dags/example_xcomargs.py
[2022-06-27 05:30:05,099] {processor.py:651} INFO - DAG(s) dict_keys(['example_xcom_args', 'example_xcom_args_with_operators']) retrieved from /home/ubuntu/airflow/airflow_env/lib/python3.8/site-packages/airflow/example_dags/example_xcomargs.py
[2022-06-27 05:30:05,275] {logging_mixin.py:115} INFO - [2022-06-27 05:30:05,275] {dag.py:2379} INFO - Sync 2 DAGs
[2022-06-27 05:30:05,312] {logging_mixin.py:115} INFO - [2022-06-27 05:30:05,312] {dag.py:2927} INFO - Setting next_dagrun for example_xcom_args to None, run_after=None
[2022-06-27 05:30:05,313] {logging_mixin.py:115} INFO - [2022-06-27 05:30:05,313] {dag.py:2927} INFO - Setting next_dagrun for example_xcom_args_with_operators to None, run_after=None
[2022-06-27 05:30:05,351] {processor.py:161} INFO - Processing /home/ubuntu/airflow/airflow_env/lib/python3.8/site-packages/airflow/example_dags/example_xcomargs.py took 0.469 seconds
[2022-06-27 05:30:41,833] {processor.py:153} INFO - Started process (PID=152927) to work on /home/ubuntu/airflow/airflow_env/lib/python3.8/site-packages/airflow/example_dags/example_xcomargs.py
[2022-06-27 05:30:41,843] {processor.py:641} INFO - Processing file /home/ubuntu/airflow/airflow_env/lib/python3.8/site-packages/airflow/example_dags/example_xcomargs.py for tasks to queue
[2022-06-27 05:30:41,848] {logging_mixin.py:115} INFO - [2022-06-27 05:30:41,845] {dagbag.py:507} INFO - Filling up the DagBag from /home/ubuntu/airflow/airflow_env/lib/python3.8/site-packages/airflow/example_dags/example_xcomargs.py
[2022-06-27 05:30:41,939] {processor.py:651} INFO - DAG(s) dict_keys(['example_xcom_args', 'example_xcom_args_with_operators']) retrieved from /home/ubuntu/airflow/airflow_env/lib/python3.8/site-packages/airflow/example_dags/example_xcomargs.py
[2022-06-27 05:30:42,006] {logging_mixin.py:115} INFO - [2022-06-27 05:30:42,005] {dag.py:2379} INFO - Sync 2 DAGs
[2022-06-27 05:30:42,088] {logging_mixin.py:115} INFO - [2022-06-27 05:30:42,088] {dag.py:2927} INFO - Setting next_dagrun for example_xcom_args to None, run_after=None
[2022-06-27 05:30:42,088] {logging_mixin.py:115} INFO - [2022-06-27 05:30:42,088] {dag.py:2927} INFO - Setting next_dagrun for example_xcom_args_with_operators to None, run_after=None
[2022-06-27 05:30:42,112] {processor.py:161} INFO - Processing /home/ubuntu/airflow/airflow_env/lib/python3.8/site-packages/airflow/example_dags/example_xcomargs.py took 0.312 seconds
[2022-06-27 05:31:32,445] {processor.py:153} INFO - Started process (PID=152976) to work on /home/ubuntu/airflow/airflow_env/lib/python3.8/site-packages/airflow/example_dags/example_xcomargs.py
[2022-06-27 05:31:32,451] {processor.py:641} INFO - Processing file /home/ubuntu/airflow/airflow_env/lib/python3.8/site-packages/airflow/example_dags/example_xcomargs.py for tasks to queue
[2022-06-27 05:31:32,452] {logging_mixin.py:115} INFO - [2022-06-27 05:31:32,452] {dagbag.py:507} INFO - Filling up the DagBag from /home/ubuntu/airflow/airflow_env/lib/python3.8/site-packages/airflow/example_dags/example_xcomargs.py
[2022-06-27 05:31:32,603] {processor.py:651} INFO - DAG(s) dict_keys(['example_xcom_args', 'example_xcom_args_with_operators']) retrieved from /home/ubuntu/airflow/airflow_env/lib/python3.8/site-packages/airflow/example_dags/example_xcomargs.py
[2022-06-27 05:31:32,651] {logging_mixin.py:115} INFO - [2022-06-27 05:31:32,651] {dag.py:2379} INFO - Sync 2 DAGs
[2022-06-27 05:31:32,793] {logging_mixin.py:115} INFO - [2022-06-27 05:31:32,793] {dag.py:2927} INFO - Setting next_dagrun for example_xcom_args to None, run_after=None
[2022-06-27 05:31:32,802] {logging_mixin.py:115} INFO - [2022-06-27 05:31:32,801] {dag.py:2927} INFO - Setting next_dagrun for example_xcom_args_with_operators to None, run_after=None
[2022-06-27 05:31:32,840] {processor.py:161} INFO - Processing /home/ubuntu/airflow/airflow_env/lib/python3.8/site-packages/airflow/example_dags/example_xcomargs.py took 0.418 seconds
[2022-06-27 05:32:13,225] {processor.py:153} INFO - Started process (PID=153011) to work on /home/ubuntu/airflow/airflow_env/lib/python3.8/site-packages/airflow/example_dags/example_xcomargs.py
[2022-06-27 05:32:13,235] {processor.py:641} INFO - Processing file /home/ubuntu/airflow/airflow_env/lib/python3.8/site-packages/airflow/example_dags/example_xcomargs.py for tasks to queue
[2022-06-27 05:32:13,236] {logging_mixin.py:115} INFO - [2022-06-27 05:32:13,236] {dagbag.py:507} INFO - Filling up the DagBag from /home/ubuntu/airflow/airflow_env/lib/python3.8/site-packages/airflow/example_dags/example_xcomargs.py
[2022-06-27 05:32:13,464] {processor.py:651} INFO - DAG(s) dict_keys(['example_xcom_args', 'example_xcom_args_with_operators']) retrieved from /home/ubuntu/airflow/airflow_env/lib/python3.8/site-packages/airflow/example_dags/example_xcomargs.py
[2022-06-27 05:32:13,736] {logging_mixin.py:115} INFO - [2022-06-27 05:32:13,736] {dag.py:2379} INFO - Sync 2 DAGs
[2022-06-27 05:32:13,786] {logging_mixin.py:115} INFO - [2022-06-27 05:32:13,786] {dag.py:2927} INFO - Setting next_dagrun for example_xcom_args to None, run_after=None
[2022-06-27 05:32:13,786] {logging_mixin.py:115} INFO - [2022-06-27 05:32:13,786] {dag.py:2927} INFO - Setting next_dagrun for example_xcom_args_with_operators to None, run_after=None
[2022-06-27 05:32:13,815] {processor.py:161} INFO - Processing /home/ubuntu/airflow/airflow_env/lib/python3.8/site-packages/airflow/example_dags/example_xcomargs.py took 0.614 seconds
[2022-06-27 05:32:53,199] {processor.py:153} INFO - Started process (PID=153045) to work on /home/ubuntu/airflow/airflow_env/lib/python3.8/site-packages/airflow/example_dags/example_xcomargs.py
[2022-06-27 05:32:53,207] {processor.py:641} INFO - Processing file /home/ubuntu/airflow/airflow_env/lib/python3.8/site-packages/airflow/example_dags/example_xcomargs.py for tasks to queue
[2022-06-27 05:32:53,209] {logging_mixin.py:115} INFO - [2022-06-27 05:32:53,209] {dagbag.py:507} INFO - Filling up the DagBag from /home/ubuntu/airflow/airflow_env/lib/python3.8/site-packages/airflow/example_dags/example_xcomargs.py
[2022-06-27 05:32:53,362] {processor.py:651} INFO - DAG(s) dict_keys(['example_xcom_args', 'example_xcom_args_with_operators']) retrieved from /home/ubuntu/airflow/airflow_env/lib/python3.8/site-packages/airflow/example_dags/example_xcomargs.py
[2022-06-27 05:32:53,473] {logging_mixin.py:115} INFO - [2022-06-27 05:32:53,473] {dag.py:2379} INFO - Sync 2 DAGs
[2022-06-27 05:32:53,491] {logging_mixin.py:115} INFO - [2022-06-27 05:32:53,491] {dag.py:2927} INFO - Setting next_dagrun for example_xcom_args to None, run_after=None
[2022-06-27 05:32:53,491] {logging_mixin.py:115} INFO - [2022-06-27 05:32:53,491] {dag.py:2927} INFO - Setting next_dagrun for example_xcom_args_with_operators to None, run_after=None
[2022-06-27 05:32:53,510] {processor.py:161} INFO - Processing /home/ubuntu/airflow/airflow_env/lib/python3.8/site-packages/airflow/example_dags/example_xcomargs.py took 0.333 seconds
[2022-06-27 05:33:37,481] {processor.py:153} INFO - Started process (PID=153084) to work on /home/ubuntu/airflow/airflow_env/lib/python3.8/site-packages/airflow/example_dags/example_xcomargs.py
[2022-06-27 05:33:37,490] {processor.py:641} INFO - Processing file /home/ubuntu/airflow/airflow_env/lib/python3.8/site-packages/airflow/example_dags/example_xcomargs.py for tasks to queue
[2022-06-27 05:33:37,492] {logging_mixin.py:115} INFO - [2022-06-27 05:33:37,492] {dagbag.py:507} INFO - Filling up the DagBag from /home/ubuntu/airflow/airflow_env/lib/python3.8/site-packages/airflow/example_dags/example_xcomargs.py
[2022-06-27 05:33:37,563] {processor.py:651} INFO - DAG(s) dict_keys(['example_xcom_args', 'example_xcom_args_with_operators']) retrieved from /home/ubuntu/airflow/airflow_env/lib/python3.8/site-packages/airflow/example_dags/example_xcomargs.py
[2022-06-27 05:33:37,793] {logging_mixin.py:115} INFO - [2022-06-27 05:33:37,793] {dag.py:2379} INFO - Sync 2 DAGs
[2022-06-27 05:33:37,816] {logging_mixin.py:115} INFO - [2022-06-27 05:33:37,815] {dag.py:2927} INFO - Setting next_dagrun for example_xcom_args to None, run_after=None
[2022-06-27 05:33:37,816] {logging_mixin.py:115} INFO - [2022-06-27 05:33:37,816] {dag.py:2927} INFO - Setting next_dagrun for example_xcom_args_with_operators to None, run_after=None
[2022-06-27 05:33:37,843] {processor.py:161} INFO - Processing /home/ubuntu/airflow/airflow_env/lib/python3.8/site-packages/airflow/example_dags/example_xcomargs.py took 0.380 seconds
[2022-06-27 05:34:30,370] {processor.py:153} INFO - Started process (PID=153126) to work on /home/ubuntu/airflow/airflow_env/lib/python3.8/site-packages/airflow/example_dags/example_xcomargs.py
[2022-06-27 05:34:30,371] {processor.py:641} INFO - Processing file /home/ubuntu/airflow/airflow_env/lib/python3.8/site-packages/airflow/example_dags/example_xcomargs.py for tasks to queue
[2022-06-27 05:34:30,372] {logging_mixin.py:115} INFO - [2022-06-27 05:34:30,372] {dagbag.py:507} INFO - Filling up the DagBag from /home/ubuntu/airflow/airflow_env/lib/python3.8/site-packages/airflow/example_dags/example_xcomargs.py
[2022-06-27 05:34:30,454] {processor.py:651} INFO - DAG(s) dict_keys(['example_xcom_args', 'example_xcom_args_with_operators']) retrieved from /home/ubuntu/airflow/airflow_env/lib/python3.8/site-packages/airflow/example_dags/example_xcomargs.py
[2022-06-27 05:34:30,487] {logging_mixin.py:115} INFO - [2022-06-27 05:34:30,487] {dag.py:2379} INFO - Sync 2 DAGs
[2022-06-27 05:34:30,531] {logging_mixin.py:115} INFO - [2022-06-27 05:34:30,531] {dag.py:2927} INFO - Setting next_dagrun for example_xcom_args to None, run_after=None
[2022-06-27 05:34:30,532] {logging_mixin.py:115} INFO - [2022-06-27 05:34:30,532] {dag.py:2927} INFO - Setting next_dagrun for example_xcom_args_with_operators to None, run_after=None
[2022-06-27 05:34:30,554] {processor.py:161} INFO - Processing /home/ubuntu/airflow/airflow_env/lib/python3.8/site-packages/airflow/example_dags/example_xcomargs.py took 0.199 seconds
[2022-06-27 05:35:18,215] {processor.py:153} INFO - Started process (PID=153163) to work on /home/ubuntu/airflow/airflow_env/lib/python3.8/site-packages/airflow/example_dags/example_xcomargs.py
[2022-06-27 05:35:18,217] {processor.py:641} INFO - Processing file /home/ubuntu/airflow/airflow_env/lib/python3.8/site-packages/airflow/example_dags/example_xcomargs.py for tasks to queue
[2022-06-27 05:35:18,218] {logging_mixin.py:115} INFO - [2022-06-27 05:35:18,218] {dagbag.py:507} INFO - Filling up the DagBag from /home/ubuntu/airflow/airflow_env/lib/python3.8/site-packages/airflow/example_dags/example_xcomargs.py
[2022-06-27 05:35:18,283] {processor.py:651} INFO - DAG(s) dict_keys(['example_xcom_args', 'example_xcom_args_with_operators']) retrieved from /home/ubuntu/airflow/airflow_env/lib/python3.8/site-packages/airflow/example_dags/example_xcomargs.py
[2022-06-27 05:35:18,405] {logging_mixin.py:115} INFO - [2022-06-27 05:35:18,405] {dag.py:2379} INFO - Sync 2 DAGs
[2022-06-27 05:35:18,456] {logging_mixin.py:115} INFO - [2022-06-27 05:35:18,456] {dag.py:2927} INFO - Setting next_dagrun for example_xcom_args to None, run_after=None
[2022-06-27 05:35:18,456] {logging_mixin.py:115} INFO - [2022-06-27 05:35:18,456] {dag.py:2927} INFO - Setting next_dagrun for example_xcom_args_with_operators to None, run_after=None
[2022-06-27 05:35:18,503] {processor.py:161} INFO - Processing /home/ubuntu/airflow/airflow_env/lib/python3.8/site-packages/airflow/example_dags/example_xcomargs.py took 0.301 seconds
[2022-06-27 05:36:10,567] {processor.py:153} INFO - Started process (PID=153210) to work on /home/ubuntu/airflow/airflow_env/lib/python3.8/site-packages/airflow/example_dags/example_xcomargs.py
[2022-06-27 05:36:10,574] {processor.py:641} INFO - Processing file /home/ubuntu/airflow/airflow_env/lib/python3.8/site-packages/airflow/example_dags/example_xcomargs.py for tasks to queue
[2022-06-27 05:36:10,575] {logging_mixin.py:115} INFO - [2022-06-27 05:36:10,575] {dagbag.py:507} INFO - Filling up the DagBag from /home/ubuntu/airflow/airflow_env/lib/python3.8/site-packages/airflow/example_dags/example_xcomargs.py
[2022-06-27 05:36:10,650] {processor.py:651} INFO - DAG(s) dict_keys(['example_xcom_args', 'example_xcom_args_with_operators']) retrieved from /home/ubuntu/airflow/airflow_env/lib/python3.8/site-packages/airflow/example_dags/example_xcomargs.py
[2022-06-27 05:36:10,702] {logging_mixin.py:115} INFO - [2022-06-27 05:36:10,701] {dag.py:2379} INFO - Sync 2 DAGs
[2022-06-27 05:36:10,808] {logging_mixin.py:115} INFO - [2022-06-27 05:36:10,808] {dag.py:2927} INFO - Setting next_dagrun for example_xcom_args to None, run_after=None
[2022-06-27 05:36:10,809] {logging_mixin.py:115} INFO - [2022-06-27 05:36:10,809] {dag.py:2927} INFO - Setting next_dagrun for example_xcom_args_with_operators to None, run_after=None
[2022-06-27 05:36:10,959] {processor.py:161} INFO - Processing /home/ubuntu/airflow/airflow_env/lib/python3.8/site-packages/airflow/example_dags/example_xcomargs.py took 0.433 seconds
[2022-06-27 05:37:03,661] {processor.py:153} INFO - Started process (PID=153259) to work on /home/ubuntu/airflow/airflow_env/lib/python3.8/site-packages/airflow/example_dags/example_xcomargs.py
[2022-06-27 05:37:03,662] {processor.py:641} INFO - Processing file /home/ubuntu/airflow/airflow_env/lib/python3.8/site-packages/airflow/example_dags/example_xcomargs.py for tasks to queue
[2022-06-27 05:37:03,669] {logging_mixin.py:115} INFO - [2022-06-27 05:37:03,664] {dagbag.py:507} INFO - Filling up the DagBag from /home/ubuntu/airflow/airflow_env/lib/python3.8/site-packages/airflow/example_dags/example_xcomargs.py
[2022-06-27 05:37:03,752] {processor.py:651} INFO - DAG(s) dict_keys(['example_xcom_args', 'example_xcom_args_with_operators']) retrieved from /home/ubuntu/airflow/airflow_env/lib/python3.8/site-packages/airflow/example_dags/example_xcomargs.py
[2022-06-27 05:37:03,784] {logging_mixin.py:115} INFO - [2022-06-27 05:37:03,784] {dag.py:2379} INFO - Sync 2 DAGs
[2022-06-27 05:37:03,805] {logging_mixin.py:115} INFO - [2022-06-27 05:37:03,805] {dag.py:2927} INFO - Setting next_dagrun for example_xcom_args to None, run_after=None
[2022-06-27 05:37:03,805] {logging_mixin.py:115} INFO - [2022-06-27 05:37:03,805] {dag.py:2927} INFO - Setting next_dagrun for example_xcom_args_with_operators to None, run_after=None
[2022-06-27 05:37:03,877] {processor.py:161} INFO - Processing /home/ubuntu/airflow/airflow_env/lib/python3.8/site-packages/airflow/example_dags/example_xcomargs.py took 0.276 seconds
[2022-06-27 05:37:54,102] {processor.py:153} INFO - Started process (PID=153299) to work on /home/ubuntu/airflow/airflow_env/lib/python3.8/site-packages/airflow/example_dags/example_xcomargs.py
[2022-06-27 05:37:54,105] {processor.py:641} INFO - Processing file /home/ubuntu/airflow/airflow_env/lib/python3.8/site-packages/airflow/example_dags/example_xcomargs.py for tasks to queue
[2022-06-27 05:37:54,106] {logging_mixin.py:115} INFO - [2022-06-27 05:37:54,106] {dagbag.py:507} INFO - Filling up the DagBag from /home/ubuntu/airflow/airflow_env/lib/python3.8/site-packages/airflow/example_dags/example_xcomargs.py
[2022-06-27 05:37:54,176] {processor.py:651} INFO - DAG(s) dict_keys(['example_xcom_args', 'example_xcom_args_with_operators']) retrieved from /home/ubuntu/airflow/airflow_env/lib/python3.8/site-packages/airflow/example_dags/example_xcomargs.py
[2022-06-27 05:37:54,285] {logging_mixin.py:115} INFO - [2022-06-27 05:37:54,285] {dag.py:2379} INFO - Sync 2 DAGs
[2022-06-27 05:37:54,337] {logging_mixin.py:115} INFO - [2022-06-27 05:37:54,337] {dag.py:2927} INFO - Setting next_dagrun for example_xcom_args to None, run_after=None
[2022-06-27 05:37:54,337] {logging_mixin.py:115} INFO - [2022-06-27 05:37:54,337] {dag.py:2927} INFO - Setting next_dagrun for example_xcom_args_with_operators to None, run_after=None
[2022-06-27 05:37:54,389] {processor.py:161} INFO - Processing /home/ubuntu/airflow/airflow_env/lib/python3.8/site-packages/airflow/example_dags/example_xcomargs.py took 0.321 seconds
[2022-06-27 05:38:49,434] {processor.py:153} INFO - Started process (PID=153344) to work on /home/ubuntu/airflow/airflow_env/lib/python3.8/site-packages/airflow/example_dags/example_xcomargs.py
[2022-06-27 05:38:49,443] {processor.py:641} INFO - Processing file /home/ubuntu/airflow/airflow_env/lib/python3.8/site-packages/airflow/example_dags/example_xcomargs.py for tasks to queue
[2022-06-27 05:38:49,445] {logging_mixin.py:115} INFO - [2022-06-27 05:38:49,445] {dagbag.py:507} INFO - Filling up the DagBag from /home/ubuntu/airflow/airflow_env/lib/python3.8/site-packages/airflow/example_dags/example_xcomargs.py
[2022-06-27 05:38:49,563] {processor.py:651} INFO - DAG(s) dict_keys(['example_xcom_args', 'example_xcom_args_with_operators']) retrieved from /home/ubuntu/airflow/airflow_env/lib/python3.8/site-packages/airflow/example_dags/example_xcomargs.py
[2022-06-27 05:38:49,682] {logging_mixin.py:115} INFO - [2022-06-27 05:38:49,681] {dag.py:2379} INFO - Sync 2 DAGs
[2022-06-27 05:38:49,708] {logging_mixin.py:115} INFO - [2022-06-27 05:38:49,708] {dag.py:2927} INFO - Setting next_dagrun for example_xcom_args to None, run_after=None
[2022-06-27 05:38:49,709] {logging_mixin.py:115} INFO - [2022-06-27 05:38:49,709] {dag.py:2927} INFO - Setting next_dagrun for example_xcom_args_with_operators to None, run_after=None
[2022-06-27 05:38:49,733] {processor.py:161} INFO - Processing /home/ubuntu/airflow/airflow_env/lib/python3.8/site-packages/airflow/example_dags/example_xcomargs.py took 0.319 seconds
[2022-06-27 05:39:26,837] {processor.py:153} INFO - Started process (PID=153373) to work on /home/ubuntu/airflow/airflow_env/lib/python3.8/site-packages/airflow/example_dags/example_xcomargs.py
[2022-06-27 05:39:26,844] {processor.py:641} INFO - Processing file /home/ubuntu/airflow/airflow_env/lib/python3.8/site-packages/airflow/example_dags/example_xcomargs.py for tasks to queue
[2022-06-27 05:39:26,850] {logging_mixin.py:115} INFO - [2022-06-27 05:39:26,850] {dagbag.py:507} INFO - Filling up the DagBag from /home/ubuntu/airflow/airflow_env/lib/python3.8/site-packages/airflow/example_dags/example_xcomargs.py
[2022-06-27 05:39:26,921] {processor.py:651} INFO - DAG(s) dict_keys(['example_xcom_args', 'example_xcom_args_with_operators']) retrieved from /home/ubuntu/airflow/airflow_env/lib/python3.8/site-packages/airflow/example_dags/example_xcomargs.py
[2022-06-27 05:39:26,958] {logging_mixin.py:115} INFO - [2022-06-27 05:39:26,958] {dag.py:2379} INFO - Sync 2 DAGs
[2022-06-27 05:39:26,992] {logging_mixin.py:115} INFO - [2022-06-27 05:39:26,992] {dag.py:2927} INFO - Setting next_dagrun for example_xcom_args to None, run_after=None
[2022-06-27 05:39:26,993] {logging_mixin.py:115} INFO - [2022-06-27 05:39:26,992] {dag.py:2927} INFO - Setting next_dagrun for example_xcom_args_with_operators to None, run_after=None
[2022-06-27 05:39:27,022] {processor.py:161} INFO - Processing /home/ubuntu/airflow/airflow_env/lib/python3.8/site-packages/airflow/example_dags/example_xcomargs.py took 0.219 seconds
