[2022-06-27 04:49:34,891] {processor.py:153} INFO - Started process (PID=150480) to work on /home/ubuntu/airflow/airflow_env/lib/python3.8/site-packages/airflow/example_dags/tutorial_etl_dag.py
[2022-06-27 04:49:34,891] {processor.py:641} INFO - Processing file /home/ubuntu/airflow/airflow_env/lib/python3.8/site-packages/airflow/example_dags/tutorial_etl_dag.py for tasks to queue
[2022-06-27 04:49:34,892] {logging_mixin.py:115} INFO - [2022-06-27 04:49:34,892] {dagbag.py:507} INFO - Filling up the DagBag from /home/ubuntu/airflow/airflow_env/lib/python3.8/site-packages/airflow/example_dags/tutorial_etl_dag.py
[2022-06-27 04:49:34,906] {processor.py:651} INFO - DAG(s) dict_keys(['tutorial_etl_dag']) retrieved from /home/ubuntu/airflow/airflow_env/lib/python3.8/site-packages/airflow/example_dags/tutorial_etl_dag.py
[2022-06-27 04:49:35,050] {logging_mixin.py:115} INFO - [2022-06-27 04:49:35,050] {manager.py:508} INFO - Created Permission View: can edit on DAG:tutorial_etl_dag
[2022-06-27 04:49:35,068] {logging_mixin.py:115} INFO - [2022-06-27 04:49:35,068] {manager.py:508} INFO - Created Permission View: can read on DAG:tutorial_etl_dag
[2022-06-27 04:49:35,075] {logging_mixin.py:115} INFO - [2022-06-27 04:49:35,075] {manager.py:508} INFO - Created Permission View: can delete on DAG:tutorial_etl_dag
[2022-06-27 04:49:35,075] {logging_mixin.py:115} INFO - [2022-06-27 04:49:35,075] {dag.py:2379} INFO - Sync 1 DAGs
[2022-06-27 04:49:35,083] {logging_mixin.py:115} INFO - [2022-06-27 04:49:35,083] {dag.py:2398} INFO - Creating ORM DAG for tutorial_etl_dag
[2022-06-27 04:49:35,094] {logging_mixin.py:115} INFO - [2022-06-27 04:49:35,094] {dag.py:2927} INFO - Setting next_dagrun for tutorial_etl_dag to None, run_after=None
[2022-06-27 04:49:35,110] {processor.py:161} INFO - Processing /home/ubuntu/airflow/airflow_env/lib/python3.8/site-packages/airflow/example_dags/tutorial_etl_dag.py took 0.226 seconds
[2022-06-27 04:50:20,991] {processor.py:153} INFO - Started process (PID=150543) to work on /home/ubuntu/airflow/airflow_env/lib/python3.8/site-packages/airflow/example_dags/tutorial_etl_dag.py
[2022-06-27 04:50:20,993] {processor.py:641} INFO - Processing file /home/ubuntu/airflow/airflow_env/lib/python3.8/site-packages/airflow/example_dags/tutorial_etl_dag.py for tasks to queue
[2022-06-27 04:50:20,995] {logging_mixin.py:115} INFO - [2022-06-27 04:50:20,994] {dagbag.py:507} INFO - Filling up the DagBag from /home/ubuntu/airflow/airflow_env/lib/python3.8/site-packages/airflow/example_dags/tutorial_etl_dag.py
[2022-06-27 04:50:21,023] {processor.py:651} INFO - DAG(s) dict_keys(['tutorial_etl_dag']) retrieved from /home/ubuntu/airflow/airflow_env/lib/python3.8/site-packages/airflow/example_dags/tutorial_etl_dag.py
[2022-06-27 04:50:21,091] {logging_mixin.py:115} INFO - [2022-06-27 04:50:21,091] {dag.py:2379} INFO - Sync 1 DAGs
[2022-06-27 04:50:21,135] {logging_mixin.py:115} INFO - [2022-06-27 04:50:21,135] {dag.py:2927} INFO - Setting next_dagrun for tutorial_etl_dag to None, run_after=None
[2022-06-27 04:50:21,157] {processor.py:161} INFO - Processing /home/ubuntu/airflow/airflow_env/lib/python3.8/site-packages/airflow/example_dags/tutorial_etl_dag.py took 0.178 seconds
[2022-06-27 04:51:11,331] {processor.py:153} INFO - Started process (PID=150660) to work on /home/ubuntu/airflow/airflow_env/lib/python3.8/site-packages/airflow/example_dags/tutorial_etl_dag.py
[2022-06-27 04:51:11,332] {processor.py:641} INFO - Processing file /home/ubuntu/airflow/airflow_env/lib/python3.8/site-packages/airflow/example_dags/tutorial_etl_dag.py for tasks to queue
[2022-06-27 04:51:11,334] {logging_mixin.py:115} INFO - [2022-06-27 04:51:11,333] {dagbag.py:507} INFO - Filling up the DagBag from /home/ubuntu/airflow/airflow_env/lib/python3.8/site-packages/airflow/example_dags/tutorial_etl_dag.py
[2022-06-27 04:51:11,360] {processor.py:651} INFO - DAG(s) dict_keys(['tutorial_etl_dag']) retrieved from /home/ubuntu/airflow/airflow_env/lib/python3.8/site-packages/airflow/example_dags/tutorial_etl_dag.py
[2022-06-27 04:51:11,394] {logging_mixin.py:115} INFO - [2022-06-27 04:51:11,394] {dag.py:2379} INFO - Sync 1 DAGs
[2022-06-27 04:51:11,423] {logging_mixin.py:115} INFO - [2022-06-27 04:51:11,423] {dag.py:2927} INFO - Setting next_dagrun for tutorial_etl_dag to None, run_after=None
[2022-06-27 04:51:11,449] {processor.py:161} INFO - Processing /home/ubuntu/airflow/airflow_env/lib/python3.8/site-packages/airflow/example_dags/tutorial_etl_dag.py took 0.138 seconds
[2022-06-27 04:51:50,533] {processor.py:153} INFO - Started process (PID=150758) to work on /home/ubuntu/airflow/airflow_env/lib/python3.8/site-packages/airflow/example_dags/tutorial_etl_dag.py
[2022-06-27 04:51:50,539] {processor.py:641} INFO - Processing file /home/ubuntu/airflow/airflow_env/lib/python3.8/site-packages/airflow/example_dags/tutorial_etl_dag.py for tasks to queue
[2022-06-27 04:51:50,554] {logging_mixin.py:115} INFO - [2022-06-27 04:51:50,549] {dagbag.py:507} INFO - Filling up the DagBag from /home/ubuntu/airflow/airflow_env/lib/python3.8/site-packages/airflow/example_dags/tutorial_etl_dag.py
[2022-06-27 04:51:50,614] {processor.py:651} INFO - DAG(s) dict_keys(['tutorial_etl_dag']) retrieved from /home/ubuntu/airflow/airflow_env/lib/python3.8/site-packages/airflow/example_dags/tutorial_etl_dag.py
[2022-06-27 04:51:50,682] {logging_mixin.py:115} INFO - [2022-06-27 04:51:50,682] {dag.py:2379} INFO - Sync 1 DAGs
[2022-06-27 04:51:50,832] {logging_mixin.py:115} INFO - [2022-06-27 04:51:50,832] {dag.py:2927} INFO - Setting next_dagrun for tutorial_etl_dag to None, run_after=None
[2022-06-27 04:51:50,903] {processor.py:161} INFO - Processing /home/ubuntu/airflow/airflow_env/lib/python3.8/site-packages/airflow/example_dags/tutorial_etl_dag.py took 0.394 seconds
[2022-06-27 04:52:36,740] {processor.py:153} INFO - Started process (PID=150824) to work on /home/ubuntu/airflow/airflow_env/lib/python3.8/site-packages/airflow/example_dags/tutorial_etl_dag.py
[2022-06-27 04:52:36,743] {processor.py:641} INFO - Processing file /home/ubuntu/airflow/airflow_env/lib/python3.8/site-packages/airflow/example_dags/tutorial_etl_dag.py for tasks to queue
[2022-06-27 04:52:36,746] {logging_mixin.py:115} INFO - [2022-06-27 04:52:36,745] {dagbag.py:507} INFO - Filling up the DagBag from /home/ubuntu/airflow/airflow_env/lib/python3.8/site-packages/airflow/example_dags/tutorial_etl_dag.py
[2022-06-27 04:52:36,785] {processor.py:651} INFO - DAG(s) dict_keys(['tutorial_etl_dag']) retrieved from /home/ubuntu/airflow/airflow_env/lib/python3.8/site-packages/airflow/example_dags/tutorial_etl_dag.py
[2022-06-27 04:52:36,844] {logging_mixin.py:115} INFO - [2022-06-27 04:52:36,843] {dag.py:2379} INFO - Sync 1 DAGs
[2022-06-27 04:52:36,889] {logging_mixin.py:115} INFO - [2022-06-27 04:52:36,889] {dag.py:2927} INFO - Setting next_dagrun for tutorial_etl_dag to None, run_after=None
[2022-06-27 04:52:36,917] {processor.py:161} INFO - Processing /home/ubuntu/airflow/airflow_env/lib/python3.8/site-packages/airflow/example_dags/tutorial_etl_dag.py took 0.195 seconds
[2022-06-27 04:53:18,578] {processor.py:153} INFO - Started process (PID=150862) to work on /home/ubuntu/airflow/airflow_env/lib/python3.8/site-packages/airflow/example_dags/tutorial_etl_dag.py
[2022-06-27 04:53:18,580] {processor.py:641} INFO - Processing file /home/ubuntu/airflow/airflow_env/lib/python3.8/site-packages/airflow/example_dags/tutorial_etl_dag.py for tasks to queue
[2022-06-27 04:53:18,582] {logging_mixin.py:115} INFO - [2022-06-27 04:53:18,581] {dagbag.py:507} INFO - Filling up the DagBag from /home/ubuntu/airflow/airflow_env/lib/python3.8/site-packages/airflow/example_dags/tutorial_etl_dag.py
[2022-06-27 04:53:18,625] {processor.py:651} INFO - DAG(s) dict_keys(['tutorial_etl_dag']) retrieved from /home/ubuntu/airflow/airflow_env/lib/python3.8/site-packages/airflow/example_dags/tutorial_etl_dag.py
[2022-06-27 04:53:18,712] {logging_mixin.py:115} INFO - [2022-06-27 04:53:18,711] {dag.py:2379} INFO - Sync 1 DAGs
[2022-06-27 04:53:18,781] {logging_mixin.py:115} INFO - [2022-06-27 04:53:18,781] {dag.py:2927} INFO - Setting next_dagrun for tutorial_etl_dag to None, run_after=None
[2022-06-27 04:53:18,843] {processor.py:161} INFO - Processing /home/ubuntu/airflow/airflow_env/lib/python3.8/site-packages/airflow/example_dags/tutorial_etl_dag.py took 0.286 seconds
[2022-06-27 04:54:08,547] {processor.py:153} INFO - Started process (PID=150929) to work on /home/ubuntu/airflow/airflow_env/lib/python3.8/site-packages/airflow/example_dags/tutorial_etl_dag.py
[2022-06-27 04:54:08,550] {processor.py:641} INFO - Processing file /home/ubuntu/airflow/airflow_env/lib/python3.8/site-packages/airflow/example_dags/tutorial_etl_dag.py for tasks to queue
[2022-06-27 04:54:08,550] {logging_mixin.py:115} INFO - [2022-06-27 04:54:08,550] {dagbag.py:507} INFO - Filling up the DagBag from /home/ubuntu/airflow/airflow_env/lib/python3.8/site-packages/airflow/example_dags/tutorial_etl_dag.py
[2022-06-27 04:54:08,574] {processor.py:651} INFO - DAG(s) dict_keys(['tutorial_etl_dag']) retrieved from /home/ubuntu/airflow/airflow_env/lib/python3.8/site-packages/airflow/example_dags/tutorial_etl_dag.py
[2022-06-27 04:54:08,722] {logging_mixin.py:115} INFO - [2022-06-27 04:54:08,722] {dag.py:2379} INFO - Sync 1 DAGs
[2022-06-27 04:54:08,840] {logging_mixin.py:115} INFO - [2022-06-27 04:54:08,839] {dag.py:2927} INFO - Setting next_dagrun for tutorial_etl_dag to None, run_after=None
[2022-06-27 04:54:08,863] {processor.py:161} INFO - Processing /home/ubuntu/airflow/airflow_env/lib/python3.8/site-packages/airflow/example_dags/tutorial_etl_dag.py took 0.335 seconds
[2022-06-27 04:54:56,652] {processor.py:153} INFO - Started process (PID=150999) to work on /home/ubuntu/airflow/airflow_env/lib/python3.8/site-packages/airflow/example_dags/tutorial_etl_dag.py
[2022-06-27 04:54:56,659] {processor.py:641} INFO - Processing file /home/ubuntu/airflow/airflow_env/lib/python3.8/site-packages/airflow/example_dags/tutorial_etl_dag.py for tasks to queue
[2022-06-27 04:54:56,660] {logging_mixin.py:115} INFO - [2022-06-27 04:54:56,660] {dagbag.py:507} INFO - Filling up the DagBag from /home/ubuntu/airflow/airflow_env/lib/python3.8/site-packages/airflow/example_dags/tutorial_etl_dag.py
[2022-06-27 04:54:56,700] {processor.py:651} INFO - DAG(s) dict_keys(['tutorial_etl_dag']) retrieved from /home/ubuntu/airflow/airflow_env/lib/python3.8/site-packages/airflow/example_dags/tutorial_etl_dag.py
[2022-06-27 04:54:56,778] {logging_mixin.py:115} INFO - [2022-06-27 04:54:56,773] {dag.py:2379} INFO - Sync 1 DAGs
[2022-06-27 04:54:57,069] {logging_mixin.py:115} INFO - [2022-06-27 04:54:57,069] {dag.py:2927} INFO - Setting next_dagrun for tutorial_etl_dag to None, run_after=None
[2022-06-27 04:54:57,433] {processor.py:161} INFO - Processing /home/ubuntu/airflow/airflow_env/lib/python3.8/site-packages/airflow/example_dags/tutorial_etl_dag.py took 0.797 seconds
[2022-06-27 04:55:53,754] {processor.py:153} INFO - Started process (PID=151077) to work on /home/ubuntu/airflow/airflow_env/lib/python3.8/site-packages/airflow/example_dags/tutorial_etl_dag.py
[2022-06-27 04:55:53,772] {processor.py:641} INFO - Processing file /home/ubuntu/airflow/airflow_env/lib/python3.8/site-packages/airflow/example_dags/tutorial_etl_dag.py for tasks to queue
[2022-06-27 04:55:53,780] {logging_mixin.py:115} INFO - [2022-06-27 04:55:53,774] {dagbag.py:507} INFO - Filling up the DagBag from /home/ubuntu/airflow/airflow_env/lib/python3.8/site-packages/airflow/example_dags/tutorial_etl_dag.py
[2022-06-27 04:55:53,825] {processor.py:651} INFO - DAG(s) dict_keys(['tutorial_etl_dag']) retrieved from /home/ubuntu/airflow/airflow_env/lib/python3.8/site-packages/airflow/example_dags/tutorial_etl_dag.py
[2022-06-27 04:55:53,922] {logging_mixin.py:115} INFO - [2022-06-27 04:55:53,922] {dag.py:2379} INFO - Sync 1 DAGs
[2022-06-27 04:55:54,096] {logging_mixin.py:115} INFO - [2022-06-27 04:55:54,096] {dag.py:2927} INFO - Setting next_dagrun for tutorial_etl_dag to None, run_after=None
[2022-06-27 04:55:54,154] {processor.py:161} INFO - Processing /home/ubuntu/airflow/airflow_env/lib/python3.8/site-packages/airflow/example_dags/tutorial_etl_dag.py took 0.445 seconds
[2022-06-27 04:56:34,251] {processor.py:153} INFO - Started process (PID=151160) to work on /home/ubuntu/airflow/airflow_env/lib/python3.8/site-packages/airflow/example_dags/tutorial_etl_dag.py
[2022-06-27 04:56:34,255] {processor.py:641} INFO - Processing file /home/ubuntu/airflow/airflow_env/lib/python3.8/site-packages/airflow/example_dags/tutorial_etl_dag.py for tasks to queue
[2022-06-27 04:56:34,257] {logging_mixin.py:115} INFO - [2022-06-27 04:56:34,257] {dagbag.py:507} INFO - Filling up the DagBag from /home/ubuntu/airflow/airflow_env/lib/python3.8/site-packages/airflow/example_dags/tutorial_etl_dag.py
[2022-06-27 04:56:34,316] {processor.py:651} INFO - DAG(s) dict_keys(['tutorial_etl_dag']) retrieved from /home/ubuntu/airflow/airflow_env/lib/python3.8/site-packages/airflow/example_dags/tutorial_etl_dag.py
[2022-06-27 04:56:34,395] {logging_mixin.py:115} INFO - [2022-06-27 04:56:34,395] {dag.py:2379} INFO - Sync 1 DAGs
[2022-06-27 04:56:34,460] {logging_mixin.py:115} INFO - [2022-06-27 04:56:34,459] {dag.py:2927} INFO - Setting next_dagrun for tutorial_etl_dag to None, run_after=None
[2022-06-27 04:56:34,524] {processor.py:161} INFO - Processing /home/ubuntu/airflow/airflow_env/lib/python3.8/site-packages/airflow/example_dags/tutorial_etl_dag.py took 0.296 seconds
[2022-06-27 04:57:23,337] {processor.py:153} INFO - Started process (PID=151223) to work on /home/ubuntu/airflow/airflow_env/lib/python3.8/site-packages/airflow/example_dags/tutorial_etl_dag.py
[2022-06-27 04:57:23,339] {processor.py:641} INFO - Processing file /home/ubuntu/airflow/airflow_env/lib/python3.8/site-packages/airflow/example_dags/tutorial_etl_dag.py for tasks to queue
[2022-06-27 04:57:23,340] {logging_mixin.py:115} INFO - [2022-06-27 04:57:23,340] {dagbag.py:507} INFO - Filling up the DagBag from /home/ubuntu/airflow/airflow_env/lib/python3.8/site-packages/airflow/example_dags/tutorial_etl_dag.py
[2022-06-27 04:57:23,363] {processor.py:651} INFO - DAG(s) dict_keys(['tutorial_etl_dag']) retrieved from /home/ubuntu/airflow/airflow_env/lib/python3.8/site-packages/airflow/example_dags/tutorial_etl_dag.py
[2022-06-27 04:57:23,441] {logging_mixin.py:115} INFO - [2022-06-27 04:57:23,441] {dag.py:2379} INFO - Sync 1 DAGs
[2022-06-27 04:57:23,508] {logging_mixin.py:115} INFO - [2022-06-27 04:57:23,508] {dag.py:2927} INFO - Setting next_dagrun for tutorial_etl_dag to None, run_after=None
[2022-06-27 04:57:23,564] {processor.py:161} INFO - Processing /home/ubuntu/airflow/airflow_env/lib/python3.8/site-packages/airflow/example_dags/tutorial_etl_dag.py took 0.249 seconds
[2022-06-27 04:58:02,429] {processor.py:153} INFO - Started process (PID=151288) to work on /home/ubuntu/airflow/airflow_env/lib/python3.8/site-packages/airflow/example_dags/tutorial_etl_dag.py
[2022-06-27 04:58:02,432] {processor.py:641} INFO - Processing file /home/ubuntu/airflow/airflow_env/lib/python3.8/site-packages/airflow/example_dags/tutorial_etl_dag.py for tasks to queue
[2022-06-27 04:58:02,435] {logging_mixin.py:115} INFO - [2022-06-27 04:58:02,435] {dagbag.py:507} INFO - Filling up the DagBag from /home/ubuntu/airflow/airflow_env/lib/python3.8/site-packages/airflow/example_dags/tutorial_etl_dag.py
[2022-06-27 04:58:02,468] {processor.py:651} INFO - DAG(s) dict_keys(['tutorial_etl_dag']) retrieved from /home/ubuntu/airflow/airflow_env/lib/python3.8/site-packages/airflow/example_dags/tutorial_etl_dag.py
[2022-06-27 04:58:02,593] {logging_mixin.py:115} INFO - [2022-06-27 04:58:02,593] {dag.py:2379} INFO - Sync 1 DAGs
[2022-06-27 04:58:02,760] {logging_mixin.py:115} INFO - [2022-06-27 04:58:02,760] {dag.py:2927} INFO - Setting next_dagrun for tutorial_etl_dag to None, run_after=None
[2022-06-27 04:58:02,821] {processor.py:161} INFO - Processing /home/ubuntu/airflow/airflow_env/lib/python3.8/site-packages/airflow/example_dags/tutorial_etl_dag.py took 0.406 seconds
[2022-06-27 04:58:42,445] {processor.py:153} INFO - Started process (PID=151333) to work on /home/ubuntu/airflow/airflow_env/lib/python3.8/site-packages/airflow/example_dags/tutorial_etl_dag.py
[2022-06-27 04:58:42,446] {processor.py:641} INFO - Processing file /home/ubuntu/airflow/airflow_env/lib/python3.8/site-packages/airflow/example_dags/tutorial_etl_dag.py for tasks to queue
[2022-06-27 04:58:42,446] {logging_mixin.py:115} INFO - [2022-06-27 04:58:42,446] {dagbag.py:507} INFO - Filling up the DagBag from /home/ubuntu/airflow/airflow_env/lib/python3.8/site-packages/airflow/example_dags/tutorial_etl_dag.py
[2022-06-27 04:58:42,459] {processor.py:651} INFO - DAG(s) dict_keys(['tutorial_etl_dag']) retrieved from /home/ubuntu/airflow/airflow_env/lib/python3.8/site-packages/airflow/example_dags/tutorial_etl_dag.py
[2022-06-27 04:58:42,490] {logging_mixin.py:115} INFO - [2022-06-27 04:58:42,490] {dag.py:2379} INFO - Sync 1 DAGs
[2022-06-27 04:58:42,517] {logging_mixin.py:115} INFO - [2022-06-27 04:58:42,517] {dag.py:2927} INFO - Setting next_dagrun for tutorial_etl_dag to None, run_after=None
[2022-06-27 04:58:42,536] {processor.py:161} INFO - Processing /home/ubuntu/airflow/airflow_env/lib/python3.8/site-packages/airflow/example_dags/tutorial_etl_dag.py took 0.108 seconds
[2022-06-27 04:59:20,930] {processor.py:153} INFO - Started process (PID=151370) to work on /home/ubuntu/airflow/airflow_env/lib/python3.8/site-packages/airflow/example_dags/tutorial_etl_dag.py
[2022-06-27 04:59:20,931] {processor.py:641} INFO - Processing file /home/ubuntu/airflow/airflow_env/lib/python3.8/site-packages/airflow/example_dags/tutorial_etl_dag.py for tasks to queue
[2022-06-27 04:59:20,932] {logging_mixin.py:115} INFO - [2022-06-27 04:59:20,932] {dagbag.py:507} INFO - Filling up the DagBag from /home/ubuntu/airflow/airflow_env/lib/python3.8/site-packages/airflow/example_dags/tutorial_etl_dag.py
[2022-06-27 04:59:20,944] {processor.py:651} INFO - DAG(s) dict_keys(['tutorial_etl_dag']) retrieved from /home/ubuntu/airflow/airflow_env/lib/python3.8/site-packages/airflow/example_dags/tutorial_etl_dag.py
[2022-06-27 04:59:20,972] {logging_mixin.py:115} INFO - [2022-06-27 04:59:20,972] {dag.py:2379} INFO - Sync 1 DAGs
[2022-06-27 04:59:20,997] {logging_mixin.py:115} INFO - [2022-06-27 04:59:20,997] {dag.py:2927} INFO - Setting next_dagrun for tutorial_etl_dag to None, run_after=None
[2022-06-27 04:59:21,017] {processor.py:161} INFO - Processing /home/ubuntu/airflow/airflow_env/lib/python3.8/site-packages/airflow/example_dags/tutorial_etl_dag.py took 0.096 seconds
[2022-06-27 05:00:01,505] {processor.py:153} INFO - Started process (PID=151402) to work on /home/ubuntu/airflow/airflow_env/lib/python3.8/site-packages/airflow/example_dags/tutorial_etl_dag.py
[2022-06-27 05:00:01,507] {processor.py:641} INFO - Processing file /home/ubuntu/airflow/airflow_env/lib/python3.8/site-packages/airflow/example_dags/tutorial_etl_dag.py for tasks to queue
[2022-06-27 05:00:01,508] {logging_mixin.py:115} INFO - [2022-06-27 05:00:01,508] {dagbag.py:507} INFO - Filling up the DagBag from /home/ubuntu/airflow/airflow_env/lib/python3.8/site-packages/airflow/example_dags/tutorial_etl_dag.py
[2022-06-27 05:00:01,527] {processor.py:651} INFO - DAG(s) dict_keys(['tutorial_etl_dag']) retrieved from /home/ubuntu/airflow/airflow_env/lib/python3.8/site-packages/airflow/example_dags/tutorial_etl_dag.py
[2022-06-27 05:00:01,616] {logging_mixin.py:115} INFO - [2022-06-27 05:00:01,616] {dag.py:2379} INFO - Sync 1 DAGs
[2022-06-27 05:00:01,745] {logging_mixin.py:115} INFO - [2022-06-27 05:00:01,745] {dag.py:2927} INFO - Setting next_dagrun for tutorial_etl_dag to None, run_after=None
[2022-06-27 05:00:01,837] {processor.py:161} INFO - Processing /home/ubuntu/airflow/airflow_env/lib/python3.8/site-packages/airflow/example_dags/tutorial_etl_dag.py took 0.340 seconds
[2022-06-27 05:02:28,007] {processor.py:153} INFO - Started process (PID=151488) to work on /home/ubuntu/airflow/airflow_env/lib/python3.8/site-packages/airflow/example_dags/tutorial_etl_dag.py
[2022-06-27 05:02:28,011] {processor.py:641} INFO - Processing file /home/ubuntu/airflow/airflow_env/lib/python3.8/site-packages/airflow/example_dags/tutorial_etl_dag.py for tasks to queue
[2022-06-27 05:02:28,012] {logging_mixin.py:115} INFO - [2022-06-27 05:02:28,011] {dagbag.py:507} INFO - Filling up the DagBag from /home/ubuntu/airflow/airflow_env/lib/python3.8/site-packages/airflow/example_dags/tutorial_etl_dag.py
[2022-06-27 05:02:28,042] {processor.py:651} INFO - DAG(s) dict_keys(['tutorial_etl_dag']) retrieved from /home/ubuntu/airflow/airflow_env/lib/python3.8/site-packages/airflow/example_dags/tutorial_etl_dag.py
[2022-06-27 05:02:28,111] {logging_mixin.py:115} INFO - [2022-06-27 05:02:28,111] {dag.py:2379} INFO - Sync 1 DAGs
[2022-06-27 05:02:28,248] {logging_mixin.py:115} INFO - [2022-06-27 05:02:28,248] {dag.py:2927} INFO - Setting next_dagrun for tutorial_etl_dag to None, run_after=None
[2022-06-27 05:02:28,311] {processor.py:161} INFO - Processing /home/ubuntu/airflow/airflow_env/lib/python3.8/site-packages/airflow/example_dags/tutorial_etl_dag.py took 0.316 seconds
[2022-06-27 05:03:18,100] {processor.py:153} INFO - Started process (PID=151524) to work on /home/ubuntu/airflow/airflow_env/lib/python3.8/site-packages/airflow/example_dags/tutorial_etl_dag.py
[2022-06-27 05:03:18,102] {processor.py:641} INFO - Processing file /home/ubuntu/airflow/airflow_env/lib/python3.8/site-packages/airflow/example_dags/tutorial_etl_dag.py for tasks to queue
[2022-06-27 05:03:18,104] {logging_mixin.py:115} INFO - [2022-06-27 05:03:18,104] {dagbag.py:507} INFO - Filling up the DagBag from /home/ubuntu/airflow/airflow_env/lib/python3.8/site-packages/airflow/example_dags/tutorial_etl_dag.py
[2022-06-27 05:03:18,138] {processor.py:651} INFO - DAG(s) dict_keys(['tutorial_etl_dag']) retrieved from /home/ubuntu/airflow/airflow_env/lib/python3.8/site-packages/airflow/example_dags/tutorial_etl_dag.py
[2022-06-27 05:03:18,200] {logging_mixin.py:115} INFO - [2022-06-27 05:03:18,200] {dag.py:2379} INFO - Sync 1 DAGs
[2022-06-27 05:03:18,294] {logging_mixin.py:115} INFO - [2022-06-27 05:03:18,294] {dag.py:2927} INFO - Setting next_dagrun for tutorial_etl_dag to None, run_after=None
[2022-06-27 05:03:18,348] {processor.py:161} INFO - Processing /home/ubuntu/airflow/airflow_env/lib/python3.8/site-packages/airflow/example_dags/tutorial_etl_dag.py took 0.269 seconds
[2022-06-27 05:03:56,325] {processor.py:153} INFO - Started process (PID=151558) to work on /home/ubuntu/airflow/airflow_env/lib/python3.8/site-packages/airflow/example_dags/tutorial_etl_dag.py
[2022-06-27 05:03:56,332] {processor.py:641} INFO - Processing file /home/ubuntu/airflow/airflow_env/lib/python3.8/site-packages/airflow/example_dags/tutorial_etl_dag.py for tasks to queue
[2022-06-27 05:03:56,340] {logging_mixin.py:115} INFO - [2022-06-27 05:03:56,340] {dagbag.py:507} INFO - Filling up the DagBag from /home/ubuntu/airflow/airflow_env/lib/python3.8/site-packages/airflow/example_dags/tutorial_etl_dag.py
[2022-06-27 05:03:56,405] {processor.py:651} INFO - DAG(s) dict_keys(['tutorial_etl_dag']) retrieved from /home/ubuntu/airflow/airflow_env/lib/python3.8/site-packages/airflow/example_dags/tutorial_etl_dag.py
[2022-06-27 05:03:56,565] {logging_mixin.py:115} INFO - [2022-06-27 05:03:56,565] {dag.py:2379} INFO - Sync 1 DAGs
[2022-06-27 05:03:56,637] {logging_mixin.py:115} INFO - [2022-06-27 05:03:56,637] {dag.py:2927} INFO - Setting next_dagrun for tutorial_etl_dag to None, run_after=None
[2022-06-27 05:03:56,713] {processor.py:161} INFO - Processing /home/ubuntu/airflow/airflow_env/lib/python3.8/site-packages/airflow/example_dags/tutorial_etl_dag.py took 0.420 seconds
[2022-06-27 05:04:43,707] {processor.py:153} INFO - Started process (PID=151594) to work on /home/ubuntu/airflow/airflow_env/lib/python3.8/site-packages/airflow/example_dags/tutorial_etl_dag.py
[2022-06-27 05:04:43,711] {processor.py:641} INFO - Processing file /home/ubuntu/airflow/airflow_env/lib/python3.8/site-packages/airflow/example_dags/tutorial_etl_dag.py for tasks to queue
[2022-06-27 05:04:43,712] {logging_mixin.py:115} INFO - [2022-06-27 05:04:43,712] {dagbag.py:507} INFO - Filling up the DagBag from /home/ubuntu/airflow/airflow_env/lib/python3.8/site-packages/airflow/example_dags/tutorial_etl_dag.py
[2022-06-27 05:04:43,749] {processor.py:651} INFO - DAG(s) dict_keys(['tutorial_etl_dag']) retrieved from /home/ubuntu/airflow/airflow_env/lib/python3.8/site-packages/airflow/example_dags/tutorial_etl_dag.py
[2022-06-27 05:04:43,820] {logging_mixin.py:115} INFO - [2022-06-27 05:04:43,819] {dag.py:2379} INFO - Sync 1 DAGs
[2022-06-27 05:04:43,937] {logging_mixin.py:115} INFO - [2022-06-27 05:04:43,937] {dag.py:2927} INFO - Setting next_dagrun for tutorial_etl_dag to None, run_after=None
[2022-06-27 05:04:44,000] {processor.py:161} INFO - Processing /home/ubuntu/airflow/airflow_env/lib/python3.8/site-packages/airflow/example_dags/tutorial_etl_dag.py took 0.314 seconds
[2022-06-27 05:05:34,321] {processor.py:153} INFO - Started process (PID=151631) to work on /home/ubuntu/airflow/airflow_env/lib/python3.8/site-packages/airflow/example_dags/tutorial_etl_dag.py
[2022-06-27 05:05:34,326] {processor.py:641} INFO - Processing file /home/ubuntu/airflow/airflow_env/lib/python3.8/site-packages/airflow/example_dags/tutorial_etl_dag.py for tasks to queue
[2022-06-27 05:05:34,327] {logging_mixin.py:115} INFO - [2022-06-27 05:05:34,327] {dagbag.py:507} INFO - Filling up the DagBag from /home/ubuntu/airflow/airflow_env/lib/python3.8/site-packages/airflow/example_dags/tutorial_etl_dag.py
[2022-06-27 05:05:34,363] {processor.py:651} INFO - DAG(s) dict_keys(['tutorial_etl_dag']) retrieved from /home/ubuntu/airflow/airflow_env/lib/python3.8/site-packages/airflow/example_dags/tutorial_etl_dag.py
[2022-06-27 05:05:34,454] {logging_mixin.py:115} INFO - [2022-06-27 05:05:34,454] {dag.py:2379} INFO - Sync 1 DAGs
[2022-06-27 05:05:34,573] {logging_mixin.py:115} INFO - [2022-06-27 05:05:34,573] {dag.py:2927} INFO - Setting next_dagrun for tutorial_etl_dag to None, run_after=None
[2022-06-27 05:05:34,637] {processor.py:161} INFO - Processing /home/ubuntu/airflow/airflow_env/lib/python3.8/site-packages/airflow/example_dags/tutorial_etl_dag.py took 0.333 seconds
[2022-06-27 05:06:10,476] {processor.py:153} INFO - Started process (PID=151664) to work on /home/ubuntu/airflow/airflow_env/lib/python3.8/site-packages/airflow/example_dags/tutorial_etl_dag.py
[2022-06-27 05:06:10,480] {processor.py:641} INFO - Processing file /home/ubuntu/airflow/airflow_env/lib/python3.8/site-packages/airflow/example_dags/tutorial_etl_dag.py for tasks to queue
[2022-06-27 05:06:10,480] {logging_mixin.py:115} INFO - [2022-06-27 05:06:10,480] {dagbag.py:507} INFO - Filling up the DagBag from /home/ubuntu/airflow/airflow_env/lib/python3.8/site-packages/airflow/example_dags/tutorial_etl_dag.py
[2022-06-27 05:06:10,550] {processor.py:651} INFO - DAG(s) dict_keys(['tutorial_etl_dag']) retrieved from /home/ubuntu/airflow/airflow_env/lib/python3.8/site-packages/airflow/example_dags/tutorial_etl_dag.py
[2022-06-27 05:06:10,632] {logging_mixin.py:115} INFO - [2022-06-27 05:06:10,632] {dag.py:2379} INFO - Sync 1 DAGs
[2022-06-27 05:06:10,681] {logging_mixin.py:115} INFO - [2022-06-27 05:06:10,681] {dag.py:2927} INFO - Setting next_dagrun for tutorial_etl_dag to None, run_after=None
[2022-06-27 05:06:10,781] {processor.py:161} INFO - Processing /home/ubuntu/airflow/airflow_env/lib/python3.8/site-packages/airflow/example_dags/tutorial_etl_dag.py took 0.327 seconds
[2022-06-27 05:06:49,014] {processor.py:153} INFO - Started process (PID=151691) to work on /home/ubuntu/airflow/airflow_env/lib/python3.8/site-packages/airflow/example_dags/tutorial_etl_dag.py
[2022-06-27 05:06:49,018] {processor.py:641} INFO - Processing file /home/ubuntu/airflow/airflow_env/lib/python3.8/site-packages/airflow/example_dags/tutorial_etl_dag.py for tasks to queue
[2022-06-27 05:06:49,019] {logging_mixin.py:115} INFO - [2022-06-27 05:06:49,019] {dagbag.py:507} INFO - Filling up the DagBag from /home/ubuntu/airflow/airflow_env/lib/python3.8/site-packages/airflow/example_dags/tutorial_etl_dag.py
[2022-06-27 05:06:49,050] {processor.py:651} INFO - DAG(s) dict_keys(['tutorial_etl_dag']) retrieved from /home/ubuntu/airflow/airflow_env/lib/python3.8/site-packages/airflow/example_dags/tutorial_etl_dag.py
[2022-06-27 05:06:49,119] {logging_mixin.py:115} INFO - [2022-06-27 05:06:49,119] {dag.py:2379} INFO - Sync 1 DAGs
[2022-06-27 05:06:49,189] {logging_mixin.py:115} INFO - [2022-06-27 05:06:49,189] {dag.py:2927} INFO - Setting next_dagrun for tutorial_etl_dag to None, run_after=None
[2022-06-27 05:06:49,227] {processor.py:161} INFO - Processing /home/ubuntu/airflow/airflow_env/lib/python3.8/site-packages/airflow/example_dags/tutorial_etl_dag.py took 0.230 seconds
[2022-06-27 05:07:27,978] {processor.py:153} INFO - Started process (PID=151720) to work on /home/ubuntu/airflow/airflow_env/lib/python3.8/site-packages/airflow/example_dags/tutorial_etl_dag.py
[2022-06-27 05:07:27,979] {processor.py:641} INFO - Processing file /home/ubuntu/airflow/airflow_env/lib/python3.8/site-packages/airflow/example_dags/tutorial_etl_dag.py for tasks to queue
[2022-06-27 05:07:27,980] {logging_mixin.py:115} INFO - [2022-06-27 05:07:27,980] {dagbag.py:507} INFO - Filling up the DagBag from /home/ubuntu/airflow/airflow_env/lib/python3.8/site-packages/airflow/example_dags/tutorial_etl_dag.py
[2022-06-27 05:07:28,044] {processor.py:651} INFO - DAG(s) dict_keys(['tutorial_etl_dag']) retrieved from /home/ubuntu/airflow/airflow_env/lib/python3.8/site-packages/airflow/example_dags/tutorial_etl_dag.py
[2022-06-27 05:07:28,134] {logging_mixin.py:115} INFO - [2022-06-27 05:07:28,134] {dag.py:2379} INFO - Sync 1 DAGs
[2022-06-27 05:07:28,270] {logging_mixin.py:115} INFO - [2022-06-27 05:07:28,270] {dag.py:2927} INFO - Setting next_dagrun for tutorial_etl_dag to None, run_after=None
[2022-06-27 05:07:28,358] {processor.py:161} INFO - Processing /home/ubuntu/airflow/airflow_env/lib/python3.8/site-packages/airflow/example_dags/tutorial_etl_dag.py took 0.410 seconds
[2022-06-27 05:08:03,425] {processor.py:153} INFO - Started process (PID=151748) to work on /home/ubuntu/airflow/airflow_env/lib/python3.8/site-packages/airflow/example_dags/tutorial_etl_dag.py
[2022-06-27 05:08:03,429] {processor.py:641} INFO - Processing file /home/ubuntu/airflow/airflow_env/lib/python3.8/site-packages/airflow/example_dags/tutorial_etl_dag.py for tasks to queue
[2022-06-27 05:08:03,435] {logging_mixin.py:115} INFO - [2022-06-27 05:08:03,435] {dagbag.py:507} INFO - Filling up the DagBag from /home/ubuntu/airflow/airflow_env/lib/python3.8/site-packages/airflow/example_dags/tutorial_etl_dag.py
[2022-06-27 05:08:03,498] {processor.py:651} INFO - DAG(s) dict_keys(['tutorial_etl_dag']) retrieved from /home/ubuntu/airflow/airflow_env/lib/python3.8/site-packages/airflow/example_dags/tutorial_etl_dag.py
[2022-06-27 05:08:03,641] {logging_mixin.py:115} INFO - [2022-06-27 05:08:03,641] {dag.py:2379} INFO - Sync 1 DAGs
[2022-06-27 05:08:03,742] {logging_mixin.py:115} INFO - [2022-06-27 05:08:03,742] {dag.py:2927} INFO - Setting next_dagrun for tutorial_etl_dag to None, run_after=None
[2022-06-27 05:08:03,784] {processor.py:161} INFO - Processing /home/ubuntu/airflow/airflow_env/lib/python3.8/site-packages/airflow/example_dags/tutorial_etl_dag.py took 0.384 seconds
[2022-06-27 05:08:37,514] {processor.py:153} INFO - Started process (PID=151778) to work on /home/ubuntu/airflow/airflow_env/lib/python3.8/site-packages/airflow/example_dags/tutorial_etl_dag.py
[2022-06-27 05:08:37,516] {processor.py:641} INFO - Processing file /home/ubuntu/airflow/airflow_env/lib/python3.8/site-packages/airflow/example_dags/tutorial_etl_dag.py for tasks to queue
[2022-06-27 05:08:37,517] {logging_mixin.py:115} INFO - [2022-06-27 05:08:37,517] {dagbag.py:507} INFO - Filling up the DagBag from /home/ubuntu/airflow/airflow_env/lib/python3.8/site-packages/airflow/example_dags/tutorial_etl_dag.py
[2022-06-27 05:08:37,561] {processor.py:651} INFO - DAG(s) dict_keys(['tutorial_etl_dag']) retrieved from /home/ubuntu/airflow/airflow_env/lib/python3.8/site-packages/airflow/example_dags/tutorial_etl_dag.py
[2022-06-27 05:08:37,659] {logging_mixin.py:115} INFO - [2022-06-27 05:08:37,658] {dag.py:2379} INFO - Sync 1 DAGs
[2022-06-27 05:08:37,740] {logging_mixin.py:115} INFO - [2022-06-27 05:08:37,740] {dag.py:2927} INFO - Setting next_dagrun for tutorial_etl_dag to None, run_after=None
[2022-06-27 05:08:37,795] {processor.py:161} INFO - Processing /home/ubuntu/airflow/airflow_env/lib/python3.8/site-packages/airflow/example_dags/tutorial_etl_dag.py took 0.303 seconds
[2022-06-27 05:09:15,368] {processor.py:153} INFO - Started process (PID=151812) to work on /home/ubuntu/airflow/airflow_env/lib/python3.8/site-packages/airflow/example_dags/tutorial_etl_dag.py
[2022-06-27 05:09:15,375] {processor.py:641} INFO - Processing file /home/ubuntu/airflow/airflow_env/lib/python3.8/site-packages/airflow/example_dags/tutorial_etl_dag.py for tasks to queue
[2022-06-27 05:09:15,383] {logging_mixin.py:115} INFO - [2022-06-27 05:09:15,382] {dagbag.py:507} INFO - Filling up the DagBag from /home/ubuntu/airflow/airflow_env/lib/python3.8/site-packages/airflow/example_dags/tutorial_etl_dag.py
[2022-06-27 05:09:15,450] {processor.py:651} INFO - DAG(s) dict_keys(['tutorial_etl_dag']) retrieved from /home/ubuntu/airflow/airflow_env/lib/python3.8/site-packages/airflow/example_dags/tutorial_etl_dag.py
[2022-06-27 05:09:15,529] {logging_mixin.py:115} INFO - [2022-06-27 05:09:15,529] {dag.py:2379} INFO - Sync 1 DAGs
[2022-06-27 05:09:15,566] {logging_mixin.py:115} INFO - [2022-06-27 05:09:15,566] {dag.py:2927} INFO - Setting next_dagrun for tutorial_etl_dag to None, run_after=None
[2022-06-27 05:09:15,604] {processor.py:161} INFO - Processing /home/ubuntu/airflow/airflow_env/lib/python3.8/site-packages/airflow/example_dags/tutorial_etl_dag.py took 0.250 seconds
[2022-06-27 05:09:51,776] {processor.py:153} INFO - Started process (PID=151852) to work on /home/ubuntu/airflow/airflow_env/lib/python3.8/site-packages/airflow/example_dags/tutorial_etl_dag.py
[2022-06-27 05:09:51,780] {processor.py:641} INFO - Processing file /home/ubuntu/airflow/airflow_env/lib/python3.8/site-packages/airflow/example_dags/tutorial_etl_dag.py for tasks to queue
[2022-06-27 05:09:51,782] {logging_mixin.py:115} INFO - [2022-06-27 05:09:51,782] {dagbag.py:507} INFO - Filling up the DagBag from /home/ubuntu/airflow/airflow_env/lib/python3.8/site-packages/airflow/example_dags/tutorial_etl_dag.py
[2022-06-27 05:09:51,837] {processor.py:651} INFO - DAG(s) dict_keys(['tutorial_etl_dag']) retrieved from /home/ubuntu/airflow/airflow_env/lib/python3.8/site-packages/airflow/example_dags/tutorial_etl_dag.py
[2022-06-27 05:09:51,985] {logging_mixin.py:115} INFO - [2022-06-27 05:09:51,985] {dag.py:2379} INFO - Sync 1 DAGs
[2022-06-27 05:09:52,080] {logging_mixin.py:115} INFO - [2022-06-27 05:09:52,079] {dag.py:2927} INFO - Setting next_dagrun for tutorial_etl_dag to None, run_after=None
[2022-06-27 05:09:52,188] {processor.py:161} INFO - Processing /home/ubuntu/airflow/airflow_env/lib/python3.8/site-packages/airflow/example_dags/tutorial_etl_dag.py took 0.439 seconds
[2022-06-27 05:10:27,680] {processor.py:153} INFO - Started process (PID=151891) to work on /home/ubuntu/airflow/airflow_env/lib/python3.8/site-packages/airflow/example_dags/tutorial_etl_dag.py
[2022-06-27 05:10:27,686] {processor.py:641} INFO - Processing file /home/ubuntu/airflow/airflow_env/lib/python3.8/site-packages/airflow/example_dags/tutorial_etl_dag.py for tasks to queue
[2022-06-27 05:10:27,687] {logging_mixin.py:115} INFO - [2022-06-27 05:10:27,687] {dagbag.py:507} INFO - Filling up the DagBag from /home/ubuntu/airflow/airflow_env/lib/python3.8/site-packages/airflow/example_dags/tutorial_etl_dag.py
[2022-06-27 05:10:27,713] {processor.py:651} INFO - DAG(s) dict_keys(['tutorial_etl_dag']) retrieved from /home/ubuntu/airflow/airflow_env/lib/python3.8/site-packages/airflow/example_dags/tutorial_etl_dag.py
[2022-06-27 05:10:27,738] {logging_mixin.py:115} INFO - [2022-06-27 05:10:27,738] {dag.py:2379} INFO - Sync 1 DAGs
[2022-06-27 05:10:27,755] {logging_mixin.py:115} INFO - [2022-06-27 05:10:27,755] {dag.py:2927} INFO - Setting next_dagrun for tutorial_etl_dag to None, run_after=None
[2022-06-27 05:10:27,789] {processor.py:161} INFO - Processing /home/ubuntu/airflow/airflow_env/lib/python3.8/site-packages/airflow/example_dags/tutorial_etl_dag.py took 0.124 seconds
[2022-06-27 05:11:09,531] {processor.py:153} INFO - Started process (PID=151928) to work on /home/ubuntu/airflow/airflow_env/lib/python3.8/site-packages/airflow/example_dags/tutorial_etl_dag.py
[2022-06-27 05:11:09,533] {processor.py:641} INFO - Processing file /home/ubuntu/airflow/airflow_env/lib/python3.8/site-packages/airflow/example_dags/tutorial_etl_dag.py for tasks to queue
[2022-06-27 05:11:09,534] {logging_mixin.py:115} INFO - [2022-06-27 05:11:09,534] {dagbag.py:507} INFO - Filling up the DagBag from /home/ubuntu/airflow/airflow_env/lib/python3.8/site-packages/airflow/example_dags/tutorial_etl_dag.py
[2022-06-27 05:11:09,559] {processor.py:651} INFO - DAG(s) dict_keys(['tutorial_etl_dag']) retrieved from /home/ubuntu/airflow/airflow_env/lib/python3.8/site-packages/airflow/example_dags/tutorial_etl_dag.py
[2022-06-27 05:11:09,712] {logging_mixin.py:115} INFO - [2022-06-27 05:11:09,712] {dag.py:2379} INFO - Sync 1 DAGs
[2022-06-27 05:11:09,784] {logging_mixin.py:115} INFO - [2022-06-27 05:11:09,784] {dag.py:2927} INFO - Setting next_dagrun for tutorial_etl_dag to None, run_after=None
[2022-06-27 05:11:09,834] {processor.py:161} INFO - Processing /home/ubuntu/airflow/airflow_env/lib/python3.8/site-packages/airflow/example_dags/tutorial_etl_dag.py took 0.316 seconds
[2022-06-27 05:12:04,399] {processor.py:153} INFO - Started process (PID=151970) to work on /home/ubuntu/airflow/airflow_env/lib/python3.8/site-packages/airflow/example_dags/tutorial_etl_dag.py
[2022-06-27 05:12:04,402] {processor.py:641} INFO - Processing file /home/ubuntu/airflow/airflow_env/lib/python3.8/site-packages/airflow/example_dags/tutorial_etl_dag.py for tasks to queue
[2022-06-27 05:12:04,403] {logging_mixin.py:115} INFO - [2022-06-27 05:12:04,403] {dagbag.py:507} INFO - Filling up the DagBag from /home/ubuntu/airflow/airflow_env/lib/python3.8/site-packages/airflow/example_dags/tutorial_etl_dag.py
[2022-06-27 05:12:04,452] {processor.py:651} INFO - DAG(s) dict_keys(['tutorial_etl_dag']) retrieved from /home/ubuntu/airflow/airflow_env/lib/python3.8/site-packages/airflow/example_dags/tutorial_etl_dag.py
[2022-06-27 05:12:04,543] {logging_mixin.py:115} INFO - [2022-06-27 05:12:04,543] {dag.py:2379} INFO - Sync 1 DAGs
[2022-06-27 05:12:04,642] {logging_mixin.py:115} INFO - [2022-06-27 05:12:04,642] {dag.py:2927} INFO - Setting next_dagrun for tutorial_etl_dag to None, run_after=None
[2022-06-27 05:12:04,693] {processor.py:161} INFO - Processing /home/ubuntu/airflow/airflow_env/lib/python3.8/site-packages/airflow/example_dags/tutorial_etl_dag.py took 0.309 seconds
[2022-06-27 05:12:43,008] {processor.py:153} INFO - Started process (PID=152001) to work on /home/ubuntu/airflow/airflow_env/lib/python3.8/site-packages/airflow/example_dags/tutorial_etl_dag.py
[2022-06-27 05:12:43,013] {processor.py:641} INFO - Processing file /home/ubuntu/airflow/airflow_env/lib/python3.8/site-packages/airflow/example_dags/tutorial_etl_dag.py for tasks to queue
[2022-06-27 05:12:43,021] {logging_mixin.py:115} INFO - [2022-06-27 05:12:43,014] {dagbag.py:507} INFO - Filling up the DagBag from /home/ubuntu/airflow/airflow_env/lib/python3.8/site-packages/airflow/example_dags/tutorial_etl_dag.py
[2022-06-27 05:12:43,064] {processor.py:651} INFO - DAG(s) dict_keys(['tutorial_etl_dag']) retrieved from /home/ubuntu/airflow/airflow_env/lib/python3.8/site-packages/airflow/example_dags/tutorial_etl_dag.py
[2022-06-27 05:12:43,160] {logging_mixin.py:115} INFO - [2022-06-27 05:12:43,160] {dag.py:2379} INFO - Sync 1 DAGs
[2022-06-27 05:12:43,254] {logging_mixin.py:115} INFO - [2022-06-27 05:12:43,254] {dag.py:2927} INFO - Setting next_dagrun for tutorial_etl_dag to None, run_after=None
[2022-06-27 05:12:43,339] {processor.py:161} INFO - Processing /home/ubuntu/airflow/airflow_env/lib/python3.8/site-packages/airflow/example_dags/tutorial_etl_dag.py took 0.366 seconds
[2022-06-27 05:13:19,069] {processor.py:153} INFO - Started process (PID=152027) to work on /home/ubuntu/airflow/airflow_env/lib/python3.8/site-packages/airflow/example_dags/tutorial_etl_dag.py
[2022-06-27 05:13:19,072] {processor.py:641} INFO - Processing file /home/ubuntu/airflow/airflow_env/lib/python3.8/site-packages/airflow/example_dags/tutorial_etl_dag.py for tasks to queue
[2022-06-27 05:13:19,080] {logging_mixin.py:115} INFO - [2022-06-27 05:13:19,080] {dagbag.py:507} INFO - Filling up the DagBag from /home/ubuntu/airflow/airflow_env/lib/python3.8/site-packages/airflow/example_dags/tutorial_etl_dag.py
[2022-06-27 05:13:19,134] {processor.py:651} INFO - DAG(s) dict_keys(['tutorial_etl_dag']) retrieved from /home/ubuntu/airflow/airflow_env/lib/python3.8/site-packages/airflow/example_dags/tutorial_etl_dag.py
[2022-06-27 05:13:19,214] {logging_mixin.py:115} INFO - [2022-06-27 05:13:19,214] {dag.py:2379} INFO - Sync 1 DAGs
[2022-06-27 05:13:19,335] {logging_mixin.py:115} INFO - [2022-06-27 05:13:19,335] {dag.py:2927} INFO - Setting next_dagrun for tutorial_etl_dag to None, run_after=None
[2022-06-27 05:13:19,446] {processor.py:161} INFO - Processing /home/ubuntu/airflow/airflow_env/lib/python3.8/site-packages/airflow/example_dags/tutorial_etl_dag.py took 0.399 seconds
[2022-06-27 05:13:54,309] {processor.py:153} INFO - Started process (PID=152057) to work on /home/ubuntu/airflow/airflow_env/lib/python3.8/site-packages/airflow/example_dags/tutorial_etl_dag.py
[2022-06-27 05:13:54,312] {processor.py:641} INFO - Processing file /home/ubuntu/airflow/airflow_env/lib/python3.8/site-packages/airflow/example_dags/tutorial_etl_dag.py for tasks to queue
[2022-06-27 05:13:54,313] {logging_mixin.py:115} INFO - [2022-06-27 05:13:54,313] {dagbag.py:507} INFO - Filling up the DagBag from /home/ubuntu/airflow/airflow_env/lib/python3.8/site-packages/airflow/example_dags/tutorial_etl_dag.py
[2022-06-27 05:13:54,339] {processor.py:651} INFO - DAG(s) dict_keys(['tutorial_etl_dag']) retrieved from /home/ubuntu/airflow/airflow_env/lib/python3.8/site-packages/airflow/example_dags/tutorial_etl_dag.py
[2022-06-27 05:13:54,411] {logging_mixin.py:115} INFO - [2022-06-27 05:13:54,411] {dag.py:2379} INFO - Sync 1 DAGs
[2022-06-27 05:13:54,515] {logging_mixin.py:115} INFO - [2022-06-27 05:13:54,515] {dag.py:2927} INFO - Setting next_dagrun for tutorial_etl_dag to None, run_after=None
[2022-06-27 05:13:54,559] {processor.py:161} INFO - Processing /home/ubuntu/airflow/airflow_env/lib/python3.8/site-packages/airflow/example_dags/tutorial_etl_dag.py took 0.270 seconds
[2022-06-27 05:14:29,485] {processor.py:153} INFO - Started process (PID=152084) to work on /home/ubuntu/airflow/airflow_env/lib/python3.8/site-packages/airflow/example_dags/tutorial_etl_dag.py
[2022-06-27 05:14:29,489] {processor.py:641} INFO - Processing file /home/ubuntu/airflow/airflow_env/lib/python3.8/site-packages/airflow/example_dags/tutorial_etl_dag.py for tasks to queue
[2022-06-27 05:14:29,491] {logging_mixin.py:115} INFO - [2022-06-27 05:14:29,491] {dagbag.py:507} INFO - Filling up the DagBag from /home/ubuntu/airflow/airflow_env/lib/python3.8/site-packages/airflow/example_dags/tutorial_etl_dag.py
[2022-06-27 05:14:29,576] {processor.py:651} INFO - DAG(s) dict_keys(['tutorial_etl_dag']) retrieved from /home/ubuntu/airflow/airflow_env/lib/python3.8/site-packages/airflow/example_dags/tutorial_etl_dag.py
[2022-06-27 05:14:29,716] {logging_mixin.py:115} INFO - [2022-06-27 05:14:29,715] {dag.py:2379} INFO - Sync 1 DAGs
[2022-06-27 05:14:29,793] {logging_mixin.py:115} INFO - [2022-06-27 05:14:29,793] {dag.py:2927} INFO - Setting next_dagrun for tutorial_etl_dag to None, run_after=None
[2022-06-27 05:14:29,836] {processor.py:161} INFO - Processing /home/ubuntu/airflow/airflow_env/lib/python3.8/site-packages/airflow/example_dags/tutorial_etl_dag.py took 0.388 seconds
[2022-06-27 05:15:19,311] {processor.py:153} INFO - Started process (PID=152123) to work on /home/ubuntu/airflow/airflow_env/lib/python3.8/site-packages/airflow/example_dags/tutorial_etl_dag.py
[2022-06-27 05:15:19,316] {processor.py:641} INFO - Processing file /home/ubuntu/airflow/airflow_env/lib/python3.8/site-packages/airflow/example_dags/tutorial_etl_dag.py for tasks to queue
[2022-06-27 05:15:19,316] {logging_mixin.py:115} INFO - [2022-06-27 05:15:19,316] {dagbag.py:507} INFO - Filling up the DagBag from /home/ubuntu/airflow/airflow_env/lib/python3.8/site-packages/airflow/example_dags/tutorial_etl_dag.py
[2022-06-27 05:15:19,349] {processor.py:651} INFO - DAG(s) dict_keys(['tutorial_etl_dag']) retrieved from /home/ubuntu/airflow/airflow_env/lib/python3.8/site-packages/airflow/example_dags/tutorial_etl_dag.py
[2022-06-27 05:15:19,415] {logging_mixin.py:115} INFO - [2022-06-27 05:15:19,415] {dag.py:2379} INFO - Sync 1 DAGs
[2022-06-27 05:15:19,505] {logging_mixin.py:115} INFO - [2022-06-27 05:15:19,505] {dag.py:2927} INFO - Setting next_dagrun for tutorial_etl_dag to None, run_after=None
[2022-06-27 05:15:19,550] {processor.py:161} INFO - Processing /home/ubuntu/airflow/airflow_env/lib/python3.8/site-packages/airflow/example_dags/tutorial_etl_dag.py took 0.265 seconds
[2022-06-27 05:16:10,465] {processor.py:153} INFO - Started process (PID=152171) to work on /home/ubuntu/airflow/airflow_env/lib/python3.8/site-packages/airflow/example_dags/tutorial_etl_dag.py
[2022-06-27 05:16:10,475] {processor.py:641} INFO - Processing file /home/ubuntu/airflow/airflow_env/lib/python3.8/site-packages/airflow/example_dags/tutorial_etl_dag.py for tasks to queue
[2022-06-27 05:16:10,477] {logging_mixin.py:115} INFO - [2022-06-27 05:16:10,476] {dagbag.py:507} INFO - Filling up the DagBag from /home/ubuntu/airflow/airflow_env/lib/python3.8/site-packages/airflow/example_dags/tutorial_etl_dag.py
[2022-06-27 05:16:10,528] {processor.py:651} INFO - DAG(s) dict_keys(['tutorial_etl_dag']) retrieved from /home/ubuntu/airflow/airflow_env/lib/python3.8/site-packages/airflow/example_dags/tutorial_etl_dag.py
[2022-06-27 05:16:10,610] {logging_mixin.py:115} INFO - [2022-06-27 05:16:10,610] {dag.py:2379} INFO - Sync 1 DAGs
[2022-06-27 05:16:10,692] {logging_mixin.py:115} INFO - [2022-06-27 05:16:10,692] {dag.py:2927} INFO - Setting next_dagrun for tutorial_etl_dag to None, run_after=None
[2022-06-27 05:16:10,745] {processor.py:161} INFO - Processing /home/ubuntu/airflow/airflow_env/lib/python3.8/site-packages/airflow/example_dags/tutorial_etl_dag.py took 0.302 seconds
[2022-06-27 05:16:45,837] {processor.py:153} INFO - Started process (PID=152198) to work on /home/ubuntu/airflow/airflow_env/lib/python3.8/site-packages/airflow/example_dags/tutorial_etl_dag.py
[2022-06-27 05:16:45,838] {processor.py:641} INFO - Processing file /home/ubuntu/airflow/airflow_env/lib/python3.8/site-packages/airflow/example_dags/tutorial_etl_dag.py for tasks to queue
[2022-06-27 05:16:45,839] {logging_mixin.py:115} INFO - [2022-06-27 05:16:45,839] {dagbag.py:507} INFO - Filling up the DagBag from /home/ubuntu/airflow/airflow_env/lib/python3.8/site-packages/airflow/example_dags/tutorial_etl_dag.py
[2022-06-27 05:16:45,858] {processor.py:651} INFO - DAG(s) dict_keys(['tutorial_etl_dag']) retrieved from /home/ubuntu/airflow/airflow_env/lib/python3.8/site-packages/airflow/example_dags/tutorial_etl_dag.py
[2022-06-27 05:16:45,903] {logging_mixin.py:115} INFO - [2022-06-27 05:16:45,903] {dag.py:2379} INFO - Sync 1 DAGs
[2022-06-27 05:16:45,994] {logging_mixin.py:115} INFO - [2022-06-27 05:16:45,994] {dag.py:2927} INFO - Setting next_dagrun for tutorial_etl_dag to None, run_after=None
[2022-06-27 05:16:46,025] {processor.py:161} INFO - Processing /home/ubuntu/airflow/airflow_env/lib/python3.8/site-packages/airflow/example_dags/tutorial_etl_dag.py took 0.199 seconds
[2022-06-27 05:17:36,862] {processor.py:153} INFO - Started process (PID=152241) to work on /home/ubuntu/airflow/airflow_env/lib/python3.8/site-packages/airflow/example_dags/tutorial_etl_dag.py
[2022-06-27 05:17:36,869] {processor.py:641} INFO - Processing file /home/ubuntu/airflow/airflow_env/lib/python3.8/site-packages/airflow/example_dags/tutorial_etl_dag.py for tasks to queue
[2022-06-27 05:17:36,870] {logging_mixin.py:115} INFO - [2022-06-27 05:17:36,870] {dagbag.py:507} INFO - Filling up the DagBag from /home/ubuntu/airflow/airflow_env/lib/python3.8/site-packages/airflow/example_dags/tutorial_etl_dag.py
[2022-06-27 05:17:36,959] {processor.py:651} INFO - DAG(s) dict_keys(['tutorial_etl_dag']) retrieved from /home/ubuntu/airflow/airflow_env/lib/python3.8/site-packages/airflow/example_dags/tutorial_etl_dag.py
[2022-06-27 05:17:37,048] {logging_mixin.py:115} INFO - [2022-06-27 05:17:37,048] {dag.py:2379} INFO - Sync 1 DAGs
[2022-06-27 05:17:37,115] {logging_mixin.py:115} INFO - [2022-06-27 05:17:37,105] {dag.py:2927} INFO - Setting next_dagrun for tutorial_etl_dag to None, run_after=None
[2022-06-27 05:17:37,187] {processor.py:161} INFO - Processing /home/ubuntu/airflow/airflow_env/lib/python3.8/site-packages/airflow/example_dags/tutorial_etl_dag.py took 0.344 seconds
[2022-06-27 05:18:11,824] {processor.py:153} INFO - Started process (PID=152269) to work on /home/ubuntu/airflow/airflow_env/lib/python3.8/site-packages/airflow/example_dags/tutorial_etl_dag.py
[2022-06-27 05:18:11,830] {processor.py:641} INFO - Processing file /home/ubuntu/airflow/airflow_env/lib/python3.8/site-packages/airflow/example_dags/tutorial_etl_dag.py for tasks to queue
[2022-06-27 05:18:11,831] {logging_mixin.py:115} INFO - [2022-06-27 05:18:11,831] {dagbag.py:507} INFO - Filling up the DagBag from /home/ubuntu/airflow/airflow_env/lib/python3.8/site-packages/airflow/example_dags/tutorial_etl_dag.py
[2022-06-27 05:18:11,879] {processor.py:651} INFO - DAG(s) dict_keys(['tutorial_etl_dag']) retrieved from /home/ubuntu/airflow/airflow_env/lib/python3.8/site-packages/airflow/example_dags/tutorial_etl_dag.py
[2022-06-27 05:18:11,966] {logging_mixin.py:115} INFO - [2022-06-27 05:18:11,966] {dag.py:2379} INFO - Sync 1 DAGs
[2022-06-27 05:18:12,016] {logging_mixin.py:115} INFO - [2022-06-27 05:18:12,016] {dag.py:2927} INFO - Setting next_dagrun for tutorial_etl_dag to None, run_after=None
[2022-06-27 05:18:12,063] {processor.py:161} INFO - Processing /home/ubuntu/airflow/airflow_env/lib/python3.8/site-packages/airflow/example_dags/tutorial_etl_dag.py took 0.280 seconds
[2022-06-27 05:19:00,669] {processor.py:153} INFO - Started process (PID=152309) to work on /home/ubuntu/airflow/airflow_env/lib/python3.8/site-packages/airflow/example_dags/tutorial_etl_dag.py
[2022-06-27 05:19:00,673] {processor.py:641} INFO - Processing file /home/ubuntu/airflow/airflow_env/lib/python3.8/site-packages/airflow/example_dags/tutorial_etl_dag.py for tasks to queue
[2022-06-27 05:19:00,675] {logging_mixin.py:115} INFO - [2022-06-27 05:19:00,675] {dagbag.py:507} INFO - Filling up the DagBag from /home/ubuntu/airflow/airflow_env/lib/python3.8/site-packages/airflow/example_dags/tutorial_etl_dag.py
[2022-06-27 05:19:00,718] {processor.py:651} INFO - DAG(s) dict_keys(['tutorial_etl_dag']) retrieved from /home/ubuntu/airflow/airflow_env/lib/python3.8/site-packages/airflow/example_dags/tutorial_etl_dag.py
[2022-06-27 05:19:00,778] {logging_mixin.py:115} INFO - [2022-06-27 05:19:00,777] {dag.py:2379} INFO - Sync 1 DAGs
[2022-06-27 05:19:00,846] {logging_mixin.py:115} INFO - [2022-06-27 05:19:00,845] {dag.py:2927} INFO - Setting next_dagrun for tutorial_etl_dag to None, run_after=None
[2022-06-27 05:19:00,865] {processor.py:161} INFO - Processing /home/ubuntu/airflow/airflow_env/lib/python3.8/site-packages/airflow/example_dags/tutorial_etl_dag.py took 0.211 seconds
[2022-06-27 05:19:50,160] {processor.py:153} INFO - Started process (PID=152347) to work on /home/ubuntu/airflow/airflow_env/lib/python3.8/site-packages/airflow/example_dags/tutorial_etl_dag.py
[2022-06-27 05:19:50,162] {processor.py:641} INFO - Processing file /home/ubuntu/airflow/airflow_env/lib/python3.8/site-packages/airflow/example_dags/tutorial_etl_dag.py for tasks to queue
[2022-06-27 05:19:50,164] {logging_mixin.py:115} INFO - [2022-06-27 05:19:50,164] {dagbag.py:507} INFO - Filling up the DagBag from /home/ubuntu/airflow/airflow_env/lib/python3.8/site-packages/airflow/example_dags/tutorial_etl_dag.py
[2022-06-27 05:19:50,201] {processor.py:651} INFO - DAG(s) dict_keys(['tutorial_etl_dag']) retrieved from /home/ubuntu/airflow/airflow_env/lib/python3.8/site-packages/airflow/example_dags/tutorial_etl_dag.py
[2022-06-27 05:19:50,247] {logging_mixin.py:115} INFO - [2022-06-27 05:19:50,247] {dag.py:2379} INFO - Sync 1 DAGs
[2022-06-27 05:19:50,276] {logging_mixin.py:115} INFO - [2022-06-27 05:19:50,276] {dag.py:2927} INFO - Setting next_dagrun for tutorial_etl_dag to None, run_after=None
[2022-06-27 05:19:50,295] {processor.py:161} INFO - Processing /home/ubuntu/airflow/airflow_env/lib/python3.8/site-packages/airflow/example_dags/tutorial_etl_dag.py took 0.155 seconds
[2022-06-27 05:20:24,442] {processor.py:153} INFO - Started process (PID=152372) to work on /home/ubuntu/airflow/airflow_env/lib/python3.8/site-packages/airflow/example_dags/tutorial_etl_dag.py
[2022-06-27 05:20:24,444] {processor.py:641} INFO - Processing file /home/ubuntu/airflow/airflow_env/lib/python3.8/site-packages/airflow/example_dags/tutorial_etl_dag.py for tasks to queue
[2022-06-27 05:20:24,446] {logging_mixin.py:115} INFO - [2022-06-27 05:20:24,446] {dagbag.py:507} INFO - Filling up the DagBag from /home/ubuntu/airflow/airflow_env/lib/python3.8/site-packages/airflow/example_dags/tutorial_etl_dag.py
[2022-06-27 05:20:24,474] {processor.py:651} INFO - DAG(s) dict_keys(['tutorial_etl_dag']) retrieved from /home/ubuntu/airflow/airflow_env/lib/python3.8/site-packages/airflow/example_dags/tutorial_etl_dag.py
[2022-06-27 05:20:24,516] {logging_mixin.py:115} INFO - [2022-06-27 05:20:24,516] {dag.py:2379} INFO - Sync 1 DAGs
[2022-06-27 05:20:24,547] {logging_mixin.py:115} INFO - [2022-06-27 05:20:24,547] {dag.py:2927} INFO - Setting next_dagrun for tutorial_etl_dag to None, run_after=None
[2022-06-27 05:20:24,572] {processor.py:161} INFO - Processing /home/ubuntu/airflow/airflow_env/lib/python3.8/site-packages/airflow/example_dags/tutorial_etl_dag.py took 0.149 seconds
[2022-06-27 05:20:59,836] {processor.py:153} INFO - Started process (PID=152406) to work on /home/ubuntu/airflow/airflow_env/lib/python3.8/site-packages/airflow/example_dags/tutorial_etl_dag.py
[2022-06-27 05:20:59,838] {processor.py:641} INFO - Processing file /home/ubuntu/airflow/airflow_env/lib/python3.8/site-packages/airflow/example_dags/tutorial_etl_dag.py for tasks to queue
[2022-06-27 05:20:59,839] {logging_mixin.py:115} INFO - [2022-06-27 05:20:59,839] {dagbag.py:507} INFO - Filling up the DagBag from /home/ubuntu/airflow/airflow_env/lib/python3.8/site-packages/airflow/example_dags/tutorial_etl_dag.py
[2022-06-27 05:20:59,882] {processor.py:651} INFO - DAG(s) dict_keys(['tutorial_etl_dag']) retrieved from /home/ubuntu/airflow/airflow_env/lib/python3.8/site-packages/airflow/example_dags/tutorial_etl_dag.py
[2022-06-27 05:20:59,932] {logging_mixin.py:115} INFO - [2022-06-27 05:20:59,931] {dag.py:2379} INFO - Sync 1 DAGs
[2022-06-27 05:21:00,097] {logging_mixin.py:115} INFO - [2022-06-27 05:21:00,096] {dag.py:2927} INFO - Setting next_dagrun for tutorial_etl_dag to None, run_after=None
[2022-06-27 05:21:00,142] {processor.py:161} INFO - Processing /home/ubuntu/airflow/airflow_env/lib/python3.8/site-packages/airflow/example_dags/tutorial_etl_dag.py took 0.330 seconds
[2022-06-27 05:21:51,607] {processor.py:153} INFO - Started process (PID=152449) to work on /home/ubuntu/airflow/airflow_env/lib/python3.8/site-packages/airflow/example_dags/tutorial_etl_dag.py
[2022-06-27 05:21:51,615] {processor.py:641} INFO - Processing file /home/ubuntu/airflow/airflow_env/lib/python3.8/site-packages/airflow/example_dags/tutorial_etl_dag.py for tasks to queue
[2022-06-27 05:21:51,617] {logging_mixin.py:115} INFO - [2022-06-27 05:21:51,616] {dagbag.py:507} INFO - Filling up the DagBag from /home/ubuntu/airflow/airflow_env/lib/python3.8/site-packages/airflow/example_dags/tutorial_etl_dag.py
[2022-06-27 05:21:51,670] {processor.py:651} INFO - DAG(s) dict_keys(['tutorial_etl_dag']) retrieved from /home/ubuntu/airflow/airflow_env/lib/python3.8/site-packages/airflow/example_dags/tutorial_etl_dag.py
[2022-06-27 05:21:51,717] {logging_mixin.py:115} INFO - [2022-06-27 05:21:51,717] {dag.py:2379} INFO - Sync 1 DAGs
[2022-06-27 05:21:51,767] {logging_mixin.py:115} INFO - [2022-06-27 05:21:51,767] {dag.py:2927} INFO - Setting next_dagrun for tutorial_etl_dag to None, run_after=None
[2022-06-27 05:21:51,806] {processor.py:161} INFO - Processing /home/ubuntu/airflow/airflow_env/lib/python3.8/site-packages/airflow/example_dags/tutorial_etl_dag.py took 0.219 seconds
[2022-06-27 05:22:26,422] {processor.py:153} INFO - Started process (PID=152478) to work on /home/ubuntu/airflow/airflow_env/lib/python3.8/site-packages/airflow/example_dags/tutorial_etl_dag.py
[2022-06-27 05:22:26,424] {processor.py:641} INFO - Processing file /home/ubuntu/airflow/airflow_env/lib/python3.8/site-packages/airflow/example_dags/tutorial_etl_dag.py for tasks to queue
[2022-06-27 05:22:26,430] {logging_mixin.py:115} INFO - [2022-06-27 05:22:26,430] {dagbag.py:507} INFO - Filling up the DagBag from /home/ubuntu/airflow/airflow_env/lib/python3.8/site-packages/airflow/example_dags/tutorial_etl_dag.py
[2022-06-27 05:22:26,456] {processor.py:651} INFO - DAG(s) dict_keys(['tutorial_etl_dag']) retrieved from /home/ubuntu/airflow/airflow_env/lib/python3.8/site-packages/airflow/example_dags/tutorial_etl_dag.py
[2022-06-27 05:22:26,565] {logging_mixin.py:115} INFO - [2022-06-27 05:22:26,565] {dag.py:2379} INFO - Sync 1 DAGs
[2022-06-27 05:22:26,624] {logging_mixin.py:115} INFO - [2022-06-27 05:22:26,623] {dag.py:2927} INFO - Setting next_dagrun for tutorial_etl_dag to None, run_after=None
[2022-06-27 05:22:26,695] {processor.py:161} INFO - Processing /home/ubuntu/airflow/airflow_env/lib/python3.8/site-packages/airflow/example_dags/tutorial_etl_dag.py took 0.283 seconds
[2022-06-27 05:23:01,859] {processor.py:153} INFO - Started process (PID=152504) to work on /home/ubuntu/airflow/airflow_env/lib/python3.8/site-packages/airflow/example_dags/tutorial_etl_dag.py
[2022-06-27 05:23:01,866] {processor.py:641} INFO - Processing file /home/ubuntu/airflow/airflow_env/lib/python3.8/site-packages/airflow/example_dags/tutorial_etl_dag.py for tasks to queue
[2022-06-27 05:23:01,872] {logging_mixin.py:115} INFO - [2022-06-27 05:23:01,872] {dagbag.py:507} INFO - Filling up the DagBag from /home/ubuntu/airflow/airflow_env/lib/python3.8/site-packages/airflow/example_dags/tutorial_etl_dag.py
[2022-06-27 05:23:01,905] {processor.py:651} INFO - DAG(s) dict_keys(['tutorial_etl_dag']) retrieved from /home/ubuntu/airflow/airflow_env/lib/python3.8/site-packages/airflow/example_dags/tutorial_etl_dag.py
[2022-06-27 05:23:01,956] {logging_mixin.py:115} INFO - [2022-06-27 05:23:01,956] {dag.py:2379} INFO - Sync 1 DAGs
[2022-06-27 05:23:02,076] {logging_mixin.py:115} INFO - [2022-06-27 05:23:02,076] {dag.py:2927} INFO - Setting next_dagrun for tutorial_etl_dag to None, run_after=None
[2022-06-27 05:23:02,145] {processor.py:161} INFO - Processing /home/ubuntu/airflow/airflow_env/lib/python3.8/site-packages/airflow/example_dags/tutorial_etl_dag.py took 0.312 seconds
[2022-06-27 05:23:49,855] {processor.py:153} INFO - Started process (PID=152551) to work on /home/ubuntu/airflow/airflow_env/lib/python3.8/site-packages/airflow/example_dags/tutorial_etl_dag.py
[2022-06-27 05:23:49,856] {processor.py:641} INFO - Processing file /home/ubuntu/airflow/airflow_env/lib/python3.8/site-packages/airflow/example_dags/tutorial_etl_dag.py for tasks to queue
[2022-06-27 05:23:49,857] {logging_mixin.py:115} INFO - [2022-06-27 05:23:49,857] {dagbag.py:507} INFO - Filling up the DagBag from /home/ubuntu/airflow/airflow_env/lib/python3.8/site-packages/airflow/example_dags/tutorial_etl_dag.py
[2022-06-27 05:23:49,877] {processor.py:651} INFO - DAG(s) dict_keys(['tutorial_etl_dag']) retrieved from /home/ubuntu/airflow/airflow_env/lib/python3.8/site-packages/airflow/example_dags/tutorial_etl_dag.py
[2022-06-27 05:23:49,927] {logging_mixin.py:115} INFO - [2022-06-27 05:23:49,927] {dag.py:2379} INFO - Sync 1 DAGs
[2022-06-27 05:23:49,990] {logging_mixin.py:115} INFO - [2022-06-27 05:23:49,990] {dag.py:2927} INFO - Setting next_dagrun for tutorial_etl_dag to None, run_after=None
[2022-06-27 05:23:50,054] {processor.py:161} INFO - Processing /home/ubuntu/airflow/airflow_env/lib/python3.8/site-packages/airflow/example_dags/tutorial_etl_dag.py took 0.208 seconds
[2022-06-27 05:24:37,089] {processor.py:153} INFO - Started process (PID=152589) to work on /home/ubuntu/airflow/airflow_env/lib/python3.8/site-packages/airflow/example_dags/tutorial_etl_dag.py
[2022-06-27 05:24:37,095] {processor.py:641} INFO - Processing file /home/ubuntu/airflow/airflow_env/lib/python3.8/site-packages/airflow/example_dags/tutorial_etl_dag.py for tasks to queue
[2022-06-27 05:24:37,096] {logging_mixin.py:115} INFO - [2022-06-27 05:24:37,096] {dagbag.py:507} INFO - Filling up the DagBag from /home/ubuntu/airflow/airflow_env/lib/python3.8/site-packages/airflow/example_dags/tutorial_etl_dag.py
[2022-06-27 05:24:37,158] {processor.py:651} INFO - DAG(s) dict_keys(['tutorial_etl_dag']) retrieved from /home/ubuntu/airflow/airflow_env/lib/python3.8/site-packages/airflow/example_dags/tutorial_etl_dag.py
[2022-06-27 05:24:37,247] {logging_mixin.py:115} INFO - [2022-06-27 05:24:37,247] {dag.py:2379} INFO - Sync 1 DAGs
[2022-06-27 05:24:37,312] {logging_mixin.py:115} INFO - [2022-06-27 05:24:37,312] {dag.py:2927} INFO - Setting next_dagrun for tutorial_etl_dag to None, run_after=None
[2022-06-27 05:24:37,348] {processor.py:161} INFO - Processing /home/ubuntu/airflow/airflow_env/lib/python3.8/site-packages/airflow/example_dags/tutorial_etl_dag.py took 0.284 seconds
[2022-06-27 05:25:27,830] {processor.py:153} INFO - Started process (PID=152625) to work on /home/ubuntu/airflow/airflow_env/lib/python3.8/site-packages/airflow/example_dags/tutorial_etl_dag.py
[2022-06-27 05:25:27,834] {processor.py:641} INFO - Processing file /home/ubuntu/airflow/airflow_env/lib/python3.8/site-packages/airflow/example_dags/tutorial_etl_dag.py for tasks to queue
[2022-06-27 05:25:27,835] {logging_mixin.py:115} INFO - [2022-06-27 05:25:27,835] {dagbag.py:507} INFO - Filling up the DagBag from /home/ubuntu/airflow/airflow_env/lib/python3.8/site-packages/airflow/example_dags/tutorial_etl_dag.py
[2022-06-27 05:25:27,871] {processor.py:651} INFO - DAG(s) dict_keys(['tutorial_etl_dag']) retrieved from /home/ubuntu/airflow/airflow_env/lib/python3.8/site-packages/airflow/example_dags/tutorial_etl_dag.py
[2022-06-27 05:25:28,018] {logging_mixin.py:115} INFO - [2022-06-27 05:25:28,018] {dag.py:2379} INFO - Sync 1 DAGs
[2022-06-27 05:25:28,068] {logging_mixin.py:115} INFO - [2022-06-27 05:25:28,068] {dag.py:2927} INFO - Setting next_dagrun for tutorial_etl_dag to None, run_after=None
[2022-06-27 05:25:28,147] {processor.py:161} INFO - Processing /home/ubuntu/airflow/airflow_env/lib/python3.8/site-packages/airflow/example_dags/tutorial_etl_dag.py took 0.330 seconds
[2022-06-27 05:26:03,674] {processor.py:153} INFO - Started process (PID=152651) to work on /home/ubuntu/airflow/airflow_env/lib/python3.8/site-packages/airflow/example_dags/tutorial_etl_dag.py
[2022-06-27 05:26:03,676] {processor.py:641} INFO - Processing file /home/ubuntu/airflow/airflow_env/lib/python3.8/site-packages/airflow/example_dags/tutorial_etl_dag.py for tasks to queue
[2022-06-27 05:26:03,681] {logging_mixin.py:115} INFO - [2022-06-27 05:26:03,681] {dagbag.py:507} INFO - Filling up the DagBag from /home/ubuntu/airflow/airflow_env/lib/python3.8/site-packages/airflow/example_dags/tutorial_etl_dag.py
[2022-06-27 05:26:03,705] {processor.py:651} INFO - DAG(s) dict_keys(['tutorial_etl_dag']) retrieved from /home/ubuntu/airflow/airflow_env/lib/python3.8/site-packages/airflow/example_dags/tutorial_etl_dag.py
[2022-06-27 05:26:03,774] {logging_mixin.py:115} INFO - [2022-06-27 05:26:03,769] {dag.py:2379} INFO - Sync 1 DAGs
[2022-06-27 05:26:03,856] {logging_mixin.py:115} INFO - [2022-06-27 05:26:03,856] {dag.py:2927} INFO - Setting next_dagrun for tutorial_etl_dag to None, run_after=None
[2022-06-27 05:26:03,947] {processor.py:161} INFO - Processing /home/ubuntu/airflow/airflow_env/lib/python3.8/site-packages/airflow/example_dags/tutorial_etl_dag.py took 0.295 seconds
[2022-06-27 05:26:48,307] {processor.py:153} INFO - Started process (PID=152687) to work on /home/ubuntu/airflow/airflow_env/lib/python3.8/site-packages/airflow/example_dags/tutorial_etl_dag.py
[2022-06-27 05:26:48,319] {processor.py:641} INFO - Processing file /home/ubuntu/airflow/airflow_env/lib/python3.8/site-packages/airflow/example_dags/tutorial_etl_dag.py for tasks to queue
[2022-06-27 05:26:48,322] {logging_mixin.py:115} INFO - [2022-06-27 05:26:48,321] {dagbag.py:507} INFO - Filling up the DagBag from /home/ubuntu/airflow/airflow_env/lib/python3.8/site-packages/airflow/example_dags/tutorial_etl_dag.py
[2022-06-27 05:26:48,435] {processor.py:651} INFO - DAG(s) dict_keys(['tutorial_etl_dag']) retrieved from /home/ubuntu/airflow/airflow_env/lib/python3.8/site-packages/airflow/example_dags/tutorial_etl_dag.py
[2022-06-27 05:26:48,534] {logging_mixin.py:115} INFO - [2022-06-27 05:26:48,534] {dag.py:2379} INFO - Sync 1 DAGs
[2022-06-27 05:26:48,580] {logging_mixin.py:115} INFO - [2022-06-27 05:26:48,579] {dag.py:2927} INFO - Setting next_dagrun for tutorial_etl_dag to None, run_after=None
[2022-06-27 05:26:48,599] {processor.py:161} INFO - Processing /home/ubuntu/airflow/airflow_env/lib/python3.8/site-packages/airflow/example_dags/tutorial_etl_dag.py took 0.324 seconds
[2022-06-27 05:27:35,877] {processor.py:153} INFO - Started process (PID=152739) to work on /home/ubuntu/airflow/airflow_env/lib/python3.8/site-packages/airflow/example_dags/tutorial_etl_dag.py
[2022-06-27 05:27:35,884] {processor.py:641} INFO - Processing file /home/ubuntu/airflow/airflow_env/lib/python3.8/site-packages/airflow/example_dags/tutorial_etl_dag.py for tasks to queue
[2022-06-27 05:27:35,885] {logging_mixin.py:115} INFO - [2022-06-27 05:27:35,885] {dagbag.py:507} INFO - Filling up the DagBag from /home/ubuntu/airflow/airflow_env/lib/python3.8/site-packages/airflow/example_dags/tutorial_etl_dag.py
[2022-06-27 05:27:35,946] {processor.py:651} INFO - DAG(s) dict_keys(['tutorial_etl_dag']) retrieved from /home/ubuntu/airflow/airflow_env/lib/python3.8/site-packages/airflow/example_dags/tutorial_etl_dag.py
[2022-06-27 05:27:36,027] {logging_mixin.py:115} INFO - [2022-06-27 05:27:36,027] {dag.py:2379} INFO - Sync 1 DAGs
[2022-06-27 05:27:36,105] {logging_mixin.py:115} INFO - [2022-06-27 05:27:36,105] {dag.py:2927} INFO - Setting next_dagrun for tutorial_etl_dag to None, run_after=None
[2022-06-27 05:27:36,164] {processor.py:161} INFO - Processing /home/ubuntu/airflow/airflow_env/lib/python3.8/site-packages/airflow/example_dags/tutorial_etl_dag.py took 0.308 seconds
[2022-06-27 05:28:28,824] {processor.py:153} INFO - Started process (PID=152791) to work on /home/ubuntu/airflow/airflow_env/lib/python3.8/site-packages/airflow/example_dags/tutorial_etl_dag.py
[2022-06-27 05:28:28,830] {processor.py:641} INFO - Processing file /home/ubuntu/airflow/airflow_env/lib/python3.8/site-packages/airflow/example_dags/tutorial_etl_dag.py for tasks to queue
[2022-06-27 05:28:28,832] {logging_mixin.py:115} INFO - [2022-06-27 05:28:28,832] {dagbag.py:507} INFO - Filling up the DagBag from /home/ubuntu/airflow/airflow_env/lib/python3.8/site-packages/airflow/example_dags/tutorial_etl_dag.py
[2022-06-27 05:28:28,869] {processor.py:651} INFO - DAG(s) dict_keys(['tutorial_etl_dag']) retrieved from /home/ubuntu/airflow/airflow_env/lib/python3.8/site-packages/airflow/example_dags/tutorial_etl_dag.py
[2022-06-27 05:28:28,952] {logging_mixin.py:115} INFO - [2022-06-27 05:28:28,952] {dag.py:2379} INFO - Sync 1 DAGs
[2022-06-27 05:28:29,093] {logging_mixin.py:115} INFO - [2022-06-27 05:28:29,093] {dag.py:2927} INFO - Setting next_dagrun for tutorial_etl_dag to None, run_after=None
[2022-06-27 05:28:29,142] {processor.py:161} INFO - Processing /home/ubuntu/airflow/airflow_env/lib/python3.8/site-packages/airflow/example_dags/tutorial_etl_dag.py took 0.339 seconds
[2022-06-27 05:29:05,950] {processor.py:153} INFO - Started process (PID=152822) to work on /home/ubuntu/airflow/airflow_env/lib/python3.8/site-packages/airflow/example_dags/tutorial_etl_dag.py
[2022-06-27 05:29:05,951] {processor.py:641} INFO - Processing file /home/ubuntu/airflow/airflow_env/lib/python3.8/site-packages/airflow/example_dags/tutorial_etl_dag.py for tasks to queue
[2022-06-27 05:29:05,954] {logging_mixin.py:115} INFO - [2022-06-27 05:29:05,953] {dagbag.py:507} INFO - Filling up the DagBag from /home/ubuntu/airflow/airflow_env/lib/python3.8/site-packages/airflow/example_dags/tutorial_etl_dag.py
[2022-06-27 05:29:05,999] {processor.py:651} INFO - DAG(s) dict_keys(['tutorial_etl_dag']) retrieved from /home/ubuntu/airflow/airflow_env/lib/python3.8/site-packages/airflow/example_dags/tutorial_etl_dag.py
[2022-06-27 05:29:06,145] {logging_mixin.py:115} INFO - [2022-06-27 05:29:06,145] {dag.py:2379} INFO - Sync 1 DAGs
[2022-06-27 05:29:06,202] {logging_mixin.py:115} INFO - [2022-06-27 05:29:06,202] {dag.py:2927} INFO - Setting next_dagrun for tutorial_etl_dag to None, run_after=None
[2022-06-27 05:29:06,245] {processor.py:161} INFO - Processing /home/ubuntu/airflow/airflow_env/lib/python3.8/site-packages/airflow/example_dags/tutorial_etl_dag.py took 0.308 seconds
[2022-06-27 05:29:45,311] {processor.py:153} INFO - Started process (PID=152875) to work on /home/ubuntu/airflow/airflow_env/lib/python3.8/site-packages/airflow/example_dags/tutorial_etl_dag.py
[2022-06-27 05:29:45,329] {processor.py:641} INFO - Processing file /home/ubuntu/airflow/airflow_env/lib/python3.8/site-packages/airflow/example_dags/tutorial_etl_dag.py for tasks to queue
[2022-06-27 05:29:45,331] {logging_mixin.py:115} INFO - [2022-06-27 05:29:45,331] {dagbag.py:507} INFO - Filling up the DagBag from /home/ubuntu/airflow/airflow_env/lib/python3.8/site-packages/airflow/example_dags/tutorial_etl_dag.py
[2022-06-27 05:29:45,392] {processor.py:651} INFO - DAG(s) dict_keys(['tutorial_etl_dag']) retrieved from /home/ubuntu/airflow/airflow_env/lib/python3.8/site-packages/airflow/example_dags/tutorial_etl_dag.py
[2022-06-27 05:29:45,482] {logging_mixin.py:115} INFO - [2022-06-27 05:29:45,482] {dag.py:2379} INFO - Sync 1 DAGs
[2022-06-27 05:29:45,583] {logging_mixin.py:115} INFO - [2022-06-27 05:29:45,583] {dag.py:2927} INFO - Setting next_dagrun for tutorial_etl_dag to None, run_after=None
[2022-06-27 05:29:45,624] {processor.py:161} INFO - Processing /home/ubuntu/airflow/airflow_env/lib/python3.8/site-packages/airflow/example_dags/tutorial_etl_dag.py took 0.339 seconds
[2022-06-27 05:30:23,383] {processor.py:153} INFO - Started process (PID=152913) to work on /home/ubuntu/airflow/airflow_env/lib/python3.8/site-packages/airflow/example_dags/tutorial_etl_dag.py
[2022-06-27 05:30:23,390] {processor.py:641} INFO - Processing file /home/ubuntu/airflow/airflow_env/lib/python3.8/site-packages/airflow/example_dags/tutorial_etl_dag.py for tasks to queue
[2022-06-27 05:30:23,392] {logging_mixin.py:115} INFO - [2022-06-27 05:30:23,392] {dagbag.py:507} INFO - Filling up the DagBag from /home/ubuntu/airflow/airflow_env/lib/python3.8/site-packages/airflow/example_dags/tutorial_etl_dag.py
[2022-06-27 05:30:23,492] {processor.py:651} INFO - DAG(s) dict_keys(['tutorial_etl_dag']) retrieved from /home/ubuntu/airflow/airflow_env/lib/python3.8/site-packages/airflow/example_dags/tutorial_etl_dag.py
[2022-06-27 05:30:23,561] {logging_mixin.py:115} INFO - [2022-06-27 05:30:23,561] {dag.py:2379} INFO - Sync 1 DAGs
[2022-06-27 05:30:23,595] {logging_mixin.py:115} INFO - [2022-06-27 05:30:23,595] {dag.py:2927} INFO - Setting next_dagrun for tutorial_etl_dag to None, run_after=None
[2022-06-27 05:30:23,673] {processor.py:161} INFO - Processing /home/ubuntu/airflow/airflow_env/lib/python3.8/site-packages/airflow/example_dags/tutorial_etl_dag.py took 0.307 seconds
[2022-06-27 05:30:59,536] {processor.py:153} INFO - Started process (PID=152939) to work on /home/ubuntu/airflow/airflow_env/lib/python3.8/site-packages/airflow/example_dags/tutorial_etl_dag.py
[2022-06-27 05:30:59,537] {processor.py:641} INFO - Processing file /home/ubuntu/airflow/airflow_env/lib/python3.8/site-packages/airflow/example_dags/tutorial_etl_dag.py for tasks to queue
[2022-06-27 05:30:59,538] {logging_mixin.py:115} INFO - [2022-06-27 05:30:59,538] {dagbag.py:507} INFO - Filling up the DagBag from /home/ubuntu/airflow/airflow_env/lib/python3.8/site-packages/airflow/example_dags/tutorial_etl_dag.py
[2022-06-27 05:30:59,556] {processor.py:651} INFO - DAG(s) dict_keys(['tutorial_etl_dag']) retrieved from /home/ubuntu/airflow/airflow_env/lib/python3.8/site-packages/airflow/example_dags/tutorial_etl_dag.py
[2022-06-27 05:30:59,591] {logging_mixin.py:115} INFO - [2022-06-27 05:30:59,591] {dag.py:2379} INFO - Sync 1 DAGs
[2022-06-27 05:30:59,718] {logging_mixin.py:115} INFO - [2022-06-27 05:30:59,718] {dag.py:2927} INFO - Setting next_dagrun for tutorial_etl_dag to None, run_after=None
[2022-06-27 05:30:59,746] {processor.py:161} INFO - Processing /home/ubuntu/airflow/airflow_env/lib/python3.8/site-packages/airflow/example_dags/tutorial_etl_dag.py took 0.220 seconds
[2022-06-27 05:31:47,686] {processor.py:153} INFO - Started process (PID=152989) to work on /home/ubuntu/airflow/airflow_env/lib/python3.8/site-packages/airflow/example_dags/tutorial_etl_dag.py
[2022-06-27 05:31:47,691] {processor.py:641} INFO - Processing file /home/ubuntu/airflow/airflow_env/lib/python3.8/site-packages/airflow/example_dags/tutorial_etl_dag.py for tasks to queue
[2022-06-27 05:31:47,691] {logging_mixin.py:115} INFO - [2022-06-27 05:31:47,691] {dagbag.py:507} INFO - Filling up the DagBag from /home/ubuntu/airflow/airflow_env/lib/python3.8/site-packages/airflow/example_dags/tutorial_etl_dag.py
[2022-06-27 05:31:47,711] {processor.py:651} INFO - DAG(s) dict_keys(['tutorial_etl_dag']) retrieved from /home/ubuntu/airflow/airflow_env/lib/python3.8/site-packages/airflow/example_dags/tutorial_etl_dag.py
[2022-06-27 05:31:47,750] {logging_mixin.py:115} INFO - [2022-06-27 05:31:47,750] {dag.py:2379} INFO - Sync 1 DAGs
[2022-06-27 05:31:47,809] {logging_mixin.py:115} INFO - [2022-06-27 05:31:47,809] {dag.py:2927} INFO - Setting next_dagrun for tutorial_etl_dag to None, run_after=None
[2022-06-27 05:31:47,836] {processor.py:161} INFO - Processing /home/ubuntu/airflow/airflow_env/lib/python3.8/site-packages/airflow/example_dags/tutorial_etl_dag.py took 0.156 seconds
[2022-06-27 05:32:23,436] {processor.py:153} INFO - Started process (PID=153022) to work on /home/ubuntu/airflow/airflow_env/lib/python3.8/site-packages/airflow/example_dags/tutorial_etl_dag.py
[2022-06-27 05:32:23,438] {processor.py:641} INFO - Processing file /home/ubuntu/airflow/airflow_env/lib/python3.8/site-packages/airflow/example_dags/tutorial_etl_dag.py for tasks to queue
[2022-06-27 05:32:23,439] {logging_mixin.py:115} INFO - [2022-06-27 05:32:23,438] {dagbag.py:507} INFO - Filling up the DagBag from /home/ubuntu/airflow/airflow_env/lib/python3.8/site-packages/airflow/example_dags/tutorial_etl_dag.py
[2022-06-27 05:32:23,456] {processor.py:651} INFO - DAG(s) dict_keys(['tutorial_etl_dag']) retrieved from /home/ubuntu/airflow/airflow_env/lib/python3.8/site-packages/airflow/example_dags/tutorial_etl_dag.py
[2022-06-27 05:32:23,563] {logging_mixin.py:115} INFO - [2022-06-27 05:32:23,563] {dag.py:2379} INFO - Sync 1 DAGs
[2022-06-27 05:32:23,728] {logging_mixin.py:115} INFO - [2022-06-27 05:32:23,727] {dag.py:2927} INFO - Setting next_dagrun for tutorial_etl_dag to None, run_after=None
[2022-06-27 05:32:23,829] {processor.py:161} INFO - Processing /home/ubuntu/airflow/airflow_env/lib/python3.8/site-packages/airflow/example_dags/tutorial_etl_dag.py took 0.403 seconds
[2022-06-27 05:33:07,656] {processor.py:153} INFO - Started process (PID=153057) to work on /home/ubuntu/airflow/airflow_env/lib/python3.8/site-packages/airflow/example_dags/tutorial_etl_dag.py
[2022-06-27 05:33:07,661] {processor.py:641} INFO - Processing file /home/ubuntu/airflow/airflow_env/lib/python3.8/site-packages/airflow/example_dags/tutorial_etl_dag.py for tasks to queue
[2022-06-27 05:33:07,663] {logging_mixin.py:115} INFO - [2022-06-27 05:33:07,663] {dagbag.py:507} INFO - Filling up the DagBag from /home/ubuntu/airflow/airflow_env/lib/python3.8/site-packages/airflow/example_dags/tutorial_etl_dag.py
[2022-06-27 05:33:07,693] {processor.py:651} INFO - DAG(s) dict_keys(['tutorial_etl_dag']) retrieved from /home/ubuntu/airflow/airflow_env/lib/python3.8/site-packages/airflow/example_dags/tutorial_etl_dag.py
[2022-06-27 05:33:07,738] {logging_mixin.py:115} INFO - [2022-06-27 05:33:07,733] {dag.py:2379} INFO - Sync 1 DAGs
[2022-06-27 05:33:07,812] {logging_mixin.py:115} INFO - [2022-06-27 05:33:07,812] {dag.py:2927} INFO - Setting next_dagrun for tutorial_etl_dag to None, run_after=None
[2022-06-27 05:33:07,856] {processor.py:161} INFO - Processing /home/ubuntu/airflow/airflow_env/lib/python3.8/site-packages/airflow/example_dags/tutorial_etl_dag.py took 0.223 seconds
[2022-06-27 05:33:53,474] {processor.py:153} INFO - Started process (PID=153096) to work on /home/ubuntu/airflow/airflow_env/lib/python3.8/site-packages/airflow/example_dags/tutorial_etl_dag.py
[2022-06-27 05:33:53,476] {processor.py:641} INFO - Processing file /home/ubuntu/airflow/airflow_env/lib/python3.8/site-packages/airflow/example_dags/tutorial_etl_dag.py for tasks to queue
[2022-06-27 05:33:53,477] {logging_mixin.py:115} INFO - [2022-06-27 05:33:53,477] {dagbag.py:507} INFO - Filling up the DagBag from /home/ubuntu/airflow/airflow_env/lib/python3.8/site-packages/airflow/example_dags/tutorial_etl_dag.py
[2022-06-27 05:33:53,494] {processor.py:651} INFO - DAG(s) dict_keys(['tutorial_etl_dag']) retrieved from /home/ubuntu/airflow/airflow_env/lib/python3.8/site-packages/airflow/example_dags/tutorial_etl_dag.py
[2022-06-27 05:33:53,550] {logging_mixin.py:115} INFO - [2022-06-27 05:33:53,550] {dag.py:2379} INFO - Sync 1 DAGs
[2022-06-27 05:33:53,592] {logging_mixin.py:115} INFO - [2022-06-27 05:33:53,592] {dag.py:2927} INFO - Setting next_dagrun for tutorial_etl_dag to None, run_after=None
[2022-06-27 05:33:53,616] {processor.py:161} INFO - Processing /home/ubuntu/airflow/airflow_env/lib/python3.8/site-packages/airflow/example_dags/tutorial_etl_dag.py took 0.153 seconds
[2022-06-27 05:34:28,693] {processor.py:153} INFO - Started process (PID=153125) to work on /home/ubuntu/airflow/airflow_env/lib/python3.8/site-packages/airflow/example_dags/tutorial_etl_dag.py
[2022-06-27 05:34:28,696] {processor.py:641} INFO - Processing file /home/ubuntu/airflow/airflow_env/lib/python3.8/site-packages/airflow/example_dags/tutorial_etl_dag.py for tasks to queue
[2022-06-27 05:34:28,702] {logging_mixin.py:115} INFO - [2022-06-27 05:34:28,702] {dagbag.py:507} INFO - Filling up the DagBag from /home/ubuntu/airflow/airflow_env/lib/python3.8/site-packages/airflow/example_dags/tutorial_etl_dag.py
[2022-06-27 05:34:28,737] {processor.py:651} INFO - DAG(s) dict_keys(['tutorial_etl_dag']) retrieved from /home/ubuntu/airflow/airflow_env/lib/python3.8/site-packages/airflow/example_dags/tutorial_etl_dag.py
[2022-06-27 05:34:28,845] {logging_mixin.py:115} INFO - [2022-06-27 05:34:28,844] {dag.py:2379} INFO - Sync 1 DAGs
[2022-06-27 05:34:29,020] {logging_mixin.py:115} INFO - [2022-06-27 05:34:29,019] {dag.py:2927} INFO - Setting next_dagrun for tutorial_etl_dag to None, run_after=None
[2022-06-27 05:34:29,067] {processor.py:161} INFO - Processing /home/ubuntu/airflow/airflow_env/lib/python3.8/site-packages/airflow/example_dags/tutorial_etl_dag.py took 0.403 seconds
[2022-06-27 05:35:16,818] {processor.py:153} INFO - Started process (PID=153162) to work on /home/ubuntu/airflow/airflow_env/lib/python3.8/site-packages/airflow/example_dags/tutorial_etl_dag.py
[2022-06-27 05:35:16,820] {processor.py:641} INFO - Processing file /home/ubuntu/airflow/airflow_env/lib/python3.8/site-packages/airflow/example_dags/tutorial_etl_dag.py for tasks to queue
[2022-06-27 05:35:16,827] {logging_mixin.py:115} INFO - [2022-06-27 05:35:16,821] {dagbag.py:507} INFO - Filling up the DagBag from /home/ubuntu/airflow/airflow_env/lib/python3.8/site-packages/airflow/example_dags/tutorial_etl_dag.py
[2022-06-27 05:35:16,867] {processor.py:651} INFO - DAG(s) dict_keys(['tutorial_etl_dag']) retrieved from /home/ubuntu/airflow/airflow_env/lib/python3.8/site-packages/airflow/example_dags/tutorial_etl_dag.py
[2022-06-27 05:35:16,919] {logging_mixin.py:115} INFO - [2022-06-27 05:35:16,918] {dag.py:2379} INFO - Sync 1 DAGs
[2022-06-27 05:35:17,035] {logging_mixin.py:115} INFO - [2022-06-27 05:35:17,035] {dag.py:2927} INFO - Setting next_dagrun for tutorial_etl_dag to None, run_after=None
[2022-06-27 05:35:17,063] {processor.py:161} INFO - Processing /home/ubuntu/airflow/airflow_env/lib/python3.8/site-packages/airflow/example_dags/tutorial_etl_dag.py took 0.265 seconds
[2022-06-27 05:35:51,986] {processor.py:153} INFO - Started process (PID=153196) to work on /home/ubuntu/airflow/airflow_env/lib/python3.8/site-packages/airflow/example_dags/tutorial_etl_dag.py
[2022-06-27 05:35:51,988] {processor.py:641} INFO - Processing file /home/ubuntu/airflow/airflow_env/lib/python3.8/site-packages/airflow/example_dags/tutorial_etl_dag.py for tasks to queue
[2022-06-27 05:35:51,989] {logging_mixin.py:115} INFO - [2022-06-27 05:35:51,989] {dagbag.py:507} INFO - Filling up the DagBag from /home/ubuntu/airflow/airflow_env/lib/python3.8/site-packages/airflow/example_dags/tutorial_etl_dag.py
[2022-06-27 05:35:52,023] {processor.py:651} INFO - DAG(s) dict_keys(['tutorial_etl_dag']) retrieved from /home/ubuntu/airflow/airflow_env/lib/python3.8/site-packages/airflow/example_dags/tutorial_etl_dag.py
[2022-06-27 05:35:52,108] {logging_mixin.py:115} INFO - [2022-06-27 05:35:52,108] {dag.py:2379} INFO - Sync 1 DAGs
[2022-06-27 05:35:52,175] {logging_mixin.py:115} INFO - [2022-06-27 05:35:52,175] {dag.py:2927} INFO - Setting next_dagrun for tutorial_etl_dag to None, run_after=None
[2022-06-27 05:35:52,226] {processor.py:161} INFO - Processing /home/ubuntu/airflow/airflow_env/lib/python3.8/site-packages/airflow/example_dags/tutorial_etl_dag.py took 0.260 seconds
[2022-06-27 05:36:26,118] {processor.py:153} INFO - Started process (PID=153221) to work on /home/ubuntu/airflow/airflow_env/lib/python3.8/site-packages/airflow/example_dags/tutorial_etl_dag.py
[2022-06-27 05:36:26,124] {processor.py:641} INFO - Processing file /home/ubuntu/airflow/airflow_env/lib/python3.8/site-packages/airflow/example_dags/tutorial_etl_dag.py for tasks to queue
[2022-06-27 05:36:26,133] {logging_mixin.py:115} INFO - [2022-06-27 05:36:26,132] {dagbag.py:507} INFO - Filling up the DagBag from /home/ubuntu/airflow/airflow_env/lib/python3.8/site-packages/airflow/example_dags/tutorial_etl_dag.py
[2022-06-27 05:36:26,211] {processor.py:651} INFO - DAG(s) dict_keys(['tutorial_etl_dag']) retrieved from /home/ubuntu/airflow/airflow_env/lib/python3.8/site-packages/airflow/example_dags/tutorial_etl_dag.py
[2022-06-27 05:36:26,299] {logging_mixin.py:115} INFO - [2022-06-27 05:36:26,298] {dag.py:2379} INFO - Sync 1 DAGs
[2022-06-27 05:36:26,377] {logging_mixin.py:115} INFO - [2022-06-27 05:36:26,377] {dag.py:2927} INFO - Setting next_dagrun for tutorial_etl_dag to None, run_after=None
[2022-06-27 05:36:26,441] {processor.py:161} INFO - Processing /home/ubuntu/airflow/airflow_env/lib/python3.8/site-packages/airflow/example_dags/tutorial_etl_dag.py took 0.360 seconds
[2022-06-27 05:37:00,709] {processor.py:153} INFO - Started process (PID=153257) to work on /home/ubuntu/airflow/airflow_env/lib/python3.8/site-packages/airflow/example_dags/tutorial_etl_dag.py
[2022-06-27 05:37:00,711] {processor.py:641} INFO - Processing file /home/ubuntu/airflow/airflow_env/lib/python3.8/site-packages/airflow/example_dags/tutorial_etl_dag.py for tasks to queue
[2022-06-27 05:37:00,713] {logging_mixin.py:115} INFO - [2022-06-27 05:37:00,712] {dagbag.py:507} INFO - Filling up the DagBag from /home/ubuntu/airflow/airflow_env/lib/python3.8/site-packages/airflow/example_dags/tutorial_etl_dag.py
[2022-06-27 05:37:00,734] {processor.py:651} INFO - DAG(s) dict_keys(['tutorial_etl_dag']) retrieved from /home/ubuntu/airflow/airflow_env/lib/python3.8/site-packages/airflow/example_dags/tutorial_etl_dag.py
[2022-06-27 05:37:00,802] {logging_mixin.py:115} INFO - [2022-06-27 05:37:00,802] {dag.py:2379} INFO - Sync 1 DAGs
[2022-06-27 05:37:00,865] {logging_mixin.py:115} INFO - [2022-06-27 05:37:00,865] {dag.py:2927} INFO - Setting next_dagrun for tutorial_etl_dag to None, run_after=None
[2022-06-27 05:37:00,897] {processor.py:161} INFO - Processing /home/ubuntu/airflow/airflow_env/lib/python3.8/site-packages/airflow/example_dags/tutorial_etl_dag.py took 0.200 seconds
[2022-06-27 05:37:36,484] {processor.py:153} INFO - Started process (PID=153284) to work on /home/ubuntu/airflow/airflow_env/lib/python3.8/site-packages/airflow/example_dags/tutorial_etl_dag.py
[2022-06-27 05:37:36,488] {processor.py:641} INFO - Processing file /home/ubuntu/airflow/airflow_env/lib/python3.8/site-packages/airflow/example_dags/tutorial_etl_dag.py for tasks to queue
[2022-06-27 05:37:36,490] {logging_mixin.py:115} INFO - [2022-06-27 05:37:36,490] {dagbag.py:507} INFO - Filling up the DagBag from /home/ubuntu/airflow/airflow_env/lib/python3.8/site-packages/airflow/example_dags/tutorial_etl_dag.py
[2022-06-27 05:37:36,533] {processor.py:651} INFO - DAG(s) dict_keys(['tutorial_etl_dag']) retrieved from /home/ubuntu/airflow/airflow_env/lib/python3.8/site-packages/airflow/example_dags/tutorial_etl_dag.py
[2022-06-27 05:37:36,584] {logging_mixin.py:115} INFO - [2022-06-27 05:37:36,584] {dag.py:2379} INFO - Sync 1 DAGs
[2022-06-27 05:37:36,633] {logging_mixin.py:115} INFO - [2022-06-27 05:37:36,633] {dag.py:2927} INFO - Setting next_dagrun for tutorial_etl_dag to None, run_after=None
[2022-06-27 05:37:36,667] {processor.py:161} INFO - Processing /home/ubuntu/airflow/airflow_env/lib/python3.8/site-packages/airflow/example_dags/tutorial_etl_dag.py took 0.212 seconds
[2022-06-27 05:38:25,516] {processor.py:153} INFO - Started process (PID=153322) to work on /home/ubuntu/airflow/airflow_env/lib/python3.8/site-packages/airflow/example_dags/tutorial_etl_dag.py
[2022-06-27 05:38:25,526] {processor.py:641} INFO - Processing file /home/ubuntu/airflow/airflow_env/lib/python3.8/site-packages/airflow/example_dags/tutorial_etl_dag.py for tasks to queue
[2022-06-27 05:38:25,528] {logging_mixin.py:115} INFO - [2022-06-27 05:38:25,528] {dagbag.py:507} INFO - Filling up the DagBag from /home/ubuntu/airflow/airflow_env/lib/python3.8/site-packages/airflow/example_dags/tutorial_etl_dag.py
[2022-06-27 05:38:25,622] {processor.py:651} INFO - DAG(s) dict_keys(['tutorial_etl_dag']) retrieved from /home/ubuntu/airflow/airflow_env/lib/python3.8/site-packages/airflow/example_dags/tutorial_etl_dag.py
[2022-06-27 05:38:25,724] {logging_mixin.py:115} INFO - [2022-06-27 05:38:25,724] {dag.py:2379} INFO - Sync 1 DAGs
[2022-06-27 05:38:25,861] {logging_mixin.py:115} INFO - [2022-06-27 05:38:25,861] {dag.py:2927} INFO - Setting next_dagrun for tutorial_etl_dag to None, run_after=None
[2022-06-27 05:38:25,914] {processor.py:161} INFO - Processing /home/ubuntu/airflow/airflow_env/lib/python3.8/site-packages/airflow/example_dags/tutorial_etl_dag.py took 0.436 seconds
[2022-06-27 05:39:03,726] {processor.py:153} INFO - Started process (PID=153355) to work on /home/ubuntu/airflow/airflow_env/lib/python3.8/site-packages/airflow/example_dags/tutorial_etl_dag.py
[2022-06-27 05:39:03,730] {processor.py:641} INFO - Processing file /home/ubuntu/airflow/airflow_env/lib/python3.8/site-packages/airflow/example_dags/tutorial_etl_dag.py for tasks to queue
[2022-06-27 05:39:03,745] {logging_mixin.py:115} INFO - [2022-06-27 05:39:03,733] {dagbag.py:507} INFO - Filling up the DagBag from /home/ubuntu/airflow/airflow_env/lib/python3.8/site-packages/airflow/example_dags/tutorial_etl_dag.py
[2022-06-27 05:39:03,852] {processor.py:651} INFO - DAG(s) dict_keys(['tutorial_etl_dag']) retrieved from /home/ubuntu/airflow/airflow_env/lib/python3.8/site-packages/airflow/example_dags/tutorial_etl_dag.py
[2022-06-27 05:39:03,891] {logging_mixin.py:115} INFO - [2022-06-27 05:39:03,891] {dag.py:2379} INFO - Sync 1 DAGs
[2022-06-27 05:39:04,033] {logging_mixin.py:115} INFO - [2022-06-27 05:39:04,033] {dag.py:2927} INFO - Setting next_dagrun for tutorial_etl_dag to None, run_after=None
[2022-06-27 05:39:04,085] {processor.py:161} INFO - Processing /home/ubuntu/airflow/airflow_env/lib/python3.8/site-packages/airflow/example_dags/tutorial_etl_dag.py took 0.429 seconds
[2022-06-27 05:39:38,037] {processor.py:153} INFO - Started process (PID=153383) to work on /home/ubuntu/airflow/airflow_env/lib/python3.8/site-packages/airflow/example_dags/tutorial_etl_dag.py
[2022-06-27 05:39:38,038] {processor.py:641} INFO - Processing file /home/ubuntu/airflow/airflow_env/lib/python3.8/site-packages/airflow/example_dags/tutorial_etl_dag.py for tasks to queue
[2022-06-27 05:39:38,039] {logging_mixin.py:115} INFO - [2022-06-27 05:39:38,038] {dagbag.py:507} INFO - Filling up the DagBag from /home/ubuntu/airflow/airflow_env/lib/python3.8/site-packages/airflow/example_dags/tutorial_etl_dag.py
[2022-06-27 05:39:38,070] {processor.py:651} INFO - DAG(s) dict_keys(['tutorial_etl_dag']) retrieved from /home/ubuntu/airflow/airflow_env/lib/python3.8/site-packages/airflow/example_dags/tutorial_etl_dag.py
[2022-06-27 05:39:38,184] {logging_mixin.py:115} INFO - [2022-06-27 05:39:38,184] {dag.py:2379} INFO - Sync 1 DAGs
[2022-06-27 05:39:38,310] {logging_mixin.py:115} INFO - [2022-06-27 05:39:38,310] {dag.py:2927} INFO - Setting next_dagrun for tutorial_etl_dag to None, run_after=None
[2022-06-27 05:39:38,375] {processor.py:161} INFO - Processing /home/ubuntu/airflow/airflow_env/lib/python3.8/site-packages/airflow/example_dags/tutorial_etl_dag.py took 0.351 seconds
