[2022-10-18 11:19:13,270] {taskinstance.py:1159} INFO - Dependencies all met for <TaskInstance: dbt_dag_bash.dbt_project manual__2022-10-18T18:19:10.537511+00:00 [queued]>
[2022-10-18 11:19:13,276] {taskinstance.py:1159} INFO - Dependencies all met for <TaskInstance: dbt_dag_bash.dbt_project manual__2022-10-18T18:19:10.537511+00:00 [queued]>
[2022-10-18 11:19:13,277] {taskinstance.py:1356} INFO - 
--------------------------------------------------------------------------------
[2022-10-18 11:19:13,277] {taskinstance.py:1357} INFO - Starting attempt 1 of 1
[2022-10-18 11:19:13,277] {taskinstance.py:1358} INFO - 
--------------------------------------------------------------------------------
[2022-10-18 11:19:13,289] {taskinstance.py:1377} INFO - Executing <Task(BashOperator): dbt_project> on 2022-10-18 18:19:10.537511+00:00
[2022-10-18 11:19:13,292] {standard_task_runner.py:52} INFO - Started process 269129 to run task
[2022-10-18 11:19:13,296] {standard_task_runner.py:79} INFO - Running: ['airflow', 'tasks', 'run', 'dbt_dag_bash', 'dbt_project', 'manual__2022-10-18T18:19:10.537511+00:00', '--job-id', '130', '--raw', '--subdir', 'DAGS_FOLDER/dbt_bashOperator.py', '--cfg-path', '/tmp/tmpilj5f74e', '--error-file', '/tmp/tmpuytnolnp']
[2022-10-18 11:19:13,296] {standard_task_runner.py:80} INFO - Job 130: Subtask dbt_project
[2022-10-18 11:19:13,335] {task_command.py:370} INFO - Running <TaskInstance: dbt_dag_bash.dbt_project manual__2022-10-18T18:19:10.537511+00:00 [running]> on host ubuntu
[2022-10-18 11:19:13,375] {taskinstance.py:1569} INFO - Exporting the following env vars:
AIRFLOW_CTX_DAG_OWNER=airflow
AIRFLOW_CTX_DAG_ID=dbt_dag_bash
AIRFLOW_CTX_TASK_ID=dbt_project
AIRFLOW_CTX_EXECUTION_DATE=2022-10-18T18:19:10.537511+00:00
AIRFLOW_CTX_TRY_NUMBER=1
AIRFLOW_CTX_DAG_RUN_ID=manual__2022-10-18T18:19:10.537511+00:00
[2022-10-18 11:19:13,376] {subprocess.py:62} INFO - Tmp dir root location: 
 /tmp
[2022-10-18 11:19:13,377] {subprocess.py:74} INFO - Running command: ['bash', '-c', 'cd /home/ubuntu/airflow/dbt_project/']
[2022-10-18 11:19:13,382] {subprocess.py:85} INFO - Output:
[2022-10-18 11:19:13,383] {subprocess.py:96} INFO - Command exited with return code 0
[2022-10-18 11:19:13,403] {taskinstance.py:1395} INFO - Marking task as SUCCESS. dag_id=dbt_dag_bash, task_id=dbt_project, execution_date=20221018T181910, start_date=20221018T181913, end_date=20221018T181913
[2022-10-18 11:19:13,431] {local_task_job.py:156} INFO - Task exited with return code 0
[2022-10-18 11:19:13,455] {local_task_job.py:273} INFO - 1 downstream tasks scheduled from follow-on schedule check
