[2022-10-13 12:18:48,949] {taskinstance.py:1159} INFO - Dependencies all met for <TaskInstance: dbt.dbt_run scheduled__2022-10-13T00:02:00+00:00 [queued]>
[2022-10-13 12:18:48,955] {taskinstance.py:1159} INFO - Dependencies all met for <TaskInstance: dbt.dbt_run scheduled__2022-10-13T00:02:00+00:00 [queued]>
[2022-10-13 12:18:48,955] {taskinstance.py:1356} INFO - 
--------------------------------------------------------------------------------
[2022-10-13 12:18:48,955] {taskinstance.py:1357} INFO - Starting attempt 1 of 1
[2022-10-13 12:18:48,955] {taskinstance.py:1358} INFO - 
--------------------------------------------------------------------------------
[2022-10-13 12:18:48,966] {taskinstance.py:1377} INFO - Executing <Task(DbtRunOperator): dbt_run> on 2022-10-13 00:02:00+00:00
[2022-10-13 12:18:48,969] {standard_task_runner.py:52} INFO - Started process 236775 to run task
[2022-10-13 12:18:48,986] {standard_task_runner.py:79} INFO - Running: ['airflow', 'tasks', 'run', 'dbt', 'dbt_run', 'scheduled__2022-10-13T00:02:00+00:00', '--job-id', '72', '--raw', '--subdir', 'DAGS_FOLDER/dbt_airflow.py', '--cfg-path', '/tmp/tmp4y5wya7_', '--error-file', '/tmp/tmpqk9e_ncm']
[2022-10-13 12:18:48,987] {standard_task_runner.py:80} INFO - Job 72: Subtask dbt_run
[2022-10-13 12:18:49,033] {task_command.py:370} INFO - Running <TaskInstance: dbt.dbt_run scheduled__2022-10-13T00:02:00+00:00 [running]> on host ubuntu
[2022-10-13 12:18:49,080] {taskinstance.py:1569} INFO - Exporting the following env vars:
AIRFLOW_CTX_DAG_OWNER=airflow
AIRFLOW_CTX_DAG_ID=dbt
AIRFLOW_CTX_TASK_ID=dbt_run
AIRFLOW_CTX_EXECUTION_DATE=2022-10-13T00:02:00+00:00
AIRFLOW_CTX_TRY_NUMBER=1
AIRFLOW_CTX_DAG_RUN_ID=scheduled__2022-10-13T00:02:00+00:00
[2022-10-13 12:18:49,081] {dbt_hook.py:117} INFO - dbt run --select Core --full-refresh
[2022-10-13 12:18:49,086] {dbt_hook.py:126} INFO - Output:
[2022-10-13 12:18:52,286] {dbt_hook.py:130} INFO - 19:18:52  Running with dbt=1.1.0
[2022-10-13 12:18:52,382] {dbt_hook.py:130} INFO - 19:18:52  Found 6 models, 5 tests, 6 snapshots, 0 analyses, 400 macros, 0 operations, 7 seed files, 2 sources, 0 exposures, 0 metrics
[2022-10-13 12:18:52,384] {dbt_hook.py:130} INFO - 19:18:52
[2022-10-13 12:18:55,400] {dbt_hook.py:130} INFO - 19:18:55  Concurrency: 2 threads (target='dev')
[2022-10-13 12:18:55,400] {dbt_hook.py:130} INFO - 19:18:55
[2022-10-13 12:18:55,408] {dbt_hook.py:130} INFO - 19:18:55  1 of 2 START incremental model DBT_HAMS71.Core_City ............................ [RUN]
[2022-10-13 12:18:55,426] {dbt_hook.py:130} INFO - 19:18:55  2 of 2 START incremental model DBT_HAMS71.Core_Transactions .................... [RUN]
[2022-10-13 12:18:57,429] {dbt_hook.py:130} INFO - 19:18:57  2 of 2 OK created incremental model DBT_HAMS71.Core_Transactions ............... [[32mSUCCESS 1[0m in 2.00s]
[2022-10-13 12:18:57,629] {dbt_hook.py:130} INFO - 19:18:57  1 of 2 OK created incremental model DBT_HAMS71.Core_City ....................... [[32mSUCCESS 1[0m in 2.22s]
[2022-10-13 12:18:57,633] {dbt_hook.py:130} INFO - 19:18:57
[2022-10-13 12:18:57,633] {dbt_hook.py:130} INFO - 19:18:57  Finished running 2 incremental models in 5.25s.
[2022-10-13 12:18:57,649] {dbt_hook.py:130} INFO - 19:18:57
[2022-10-13 12:18:57,650] {dbt_hook.py:130} INFO - 19:18:57  [32mCompleted successfully[0m
[2022-10-13 12:18:57,650] {dbt_hook.py:130} INFO - 19:18:57
[2022-10-13 12:18:57,650] {dbt_hook.py:130} INFO - 19:18:57  Done. PASS=2 WARN=0 ERROR=0 SKIP=0 TOTAL=2
[2022-10-13 12:18:59,303] {dbt_hook.py:132} INFO - Command exited with return code 0
[2022-10-13 12:18:59,315] {taskinstance.py:1395} INFO - Marking task as SUCCESS. dag_id=dbt, task_id=dbt_run, execution_date=20221013T000200, start_date=20221013T191848, end_date=20221013T191859
[2022-10-13 12:18:59,350] {local_task_job.py:156} INFO - Task exited with return code 0
[2022-10-13 12:18:59,374] {local_task_job.py:273} INFO - 1 downstream tasks scheduled from follow-on schedule check
