[2022-10-13 12:16:56,914] {taskinstance.py:1159} INFO - Dependencies all met for <TaskInstance: dbt.dbt_run scheduled__2022-10-13T00:00:00+00:00 [queued]>
[2022-10-13 12:16:56,921] {taskinstance.py:1159} INFO - Dependencies all met for <TaskInstance: dbt.dbt_run scheduled__2022-10-13T00:00:00+00:00 [queued]>
[2022-10-13 12:16:56,922] {taskinstance.py:1356} INFO - 
--------------------------------------------------------------------------------
[2022-10-13 12:16:56,922] {taskinstance.py:1357} INFO - Starting attempt 1 of 1
[2022-10-13 12:16:56,922] {taskinstance.py:1358} INFO - 
--------------------------------------------------------------------------------
[2022-10-13 12:16:56,938] {taskinstance.py:1377} INFO - Executing <Task(DbtRunOperator): dbt_run> on 2022-10-13 00:00:00+00:00
[2022-10-13 12:16:56,944] {standard_task_runner.py:52} INFO - Started process 235920 to run task
[2022-10-13 12:16:56,949] {standard_task_runner.py:79} INFO - Running: ['airflow', 'tasks', 'run', 'dbt', 'dbt_run', 'scheduled__2022-10-13T00:00:00+00:00', '--job-id', '66', '--raw', '--subdir', 'DAGS_FOLDER/dbt_airflow.py', '--cfg-path', '/tmp/tmp0f45mpvw', '--error-file', '/tmp/tmpxbjy9ak8']
[2022-10-13 12:16:56,950] {standard_task_runner.py:80} INFO - Job 66: Subtask dbt_run
[2022-10-13 12:16:57,019] {task_command.py:370} INFO - Running <TaskInstance: dbt.dbt_run scheduled__2022-10-13T00:00:00+00:00 [running]> on host ubuntu
[2022-10-13 12:16:57,099] {taskinstance.py:1569} INFO - Exporting the following env vars:
AIRFLOW_CTX_DAG_OWNER=airflow
AIRFLOW_CTX_DAG_ID=dbt
AIRFLOW_CTX_TASK_ID=dbt_run
AIRFLOW_CTX_EXECUTION_DATE=2022-10-13T00:00:00+00:00
AIRFLOW_CTX_TRY_NUMBER=1
AIRFLOW_CTX_DAG_RUN_ID=scheduled__2022-10-13T00:00:00+00:00
[2022-10-13 12:16:57,101] {dbt_hook.py:117} INFO - dbt run --select Core --full-refresh
[2022-10-13 12:16:57,112] {dbt_hook.py:126} INFO - Output:
[2022-10-13 12:17:02,035] {dbt_hook.py:130} INFO - 19:17:02  Running with dbt=1.1.0
[2022-10-13 12:17:02,157] {dbt_hook.py:130} INFO - 19:17:02  Found 6 models, 5 tests, 6 snapshots, 0 analyses, 400 macros, 0 operations, 7 seed files, 2 sources, 0 exposures, 0 metrics
[2022-10-13 12:17:02,161] {dbt_hook.py:130} INFO - 19:17:02
[2022-10-13 12:17:05,867] {dbt_hook.py:130} INFO - 19:17:05  Concurrency: 2 threads (target='dev')
[2022-10-13 12:17:05,867] {dbt_hook.py:130} INFO - 19:17:05
[2022-10-13 12:17:05,871] {dbt_hook.py:130} INFO - 19:17:05  1 of 2 START incremental model DBT_HAMS71.Core_City ............................ [RUN]
[2022-10-13 12:17:05,874] {dbt_hook.py:130} INFO - 19:17:05  2 of 2 START incremental model DBT_HAMS71.Core_Transactions .................... [RUN]
[2022-10-13 12:17:08,182] {dbt_hook.py:130} INFO - 19:17:08  2 of 2 OK created incremental model DBT_HAMS71.Core_Transactions ............... [[32mSUCCESS 1[0m in 2.31s]
[2022-10-13 12:17:08,312] {dbt_hook.py:130} INFO - 19:17:08  1 of 2 OK created incremental model DBT_HAMS71.Core_City ....................... [[32mSUCCESS 1[0m in 2.44s]
[2022-10-13 12:17:08,318] {dbt_hook.py:130} INFO - 19:17:08
[2022-10-13 12:17:08,318] {dbt_hook.py:130} INFO - 19:17:08  Finished running 2 incremental models in 6.16s.
[2022-10-13 12:17:08,335] {dbt_hook.py:130} INFO - 19:17:08
[2022-10-13 12:17:08,336] {dbt_hook.py:130} INFO - 19:17:08  [32mCompleted successfully[0m
[2022-10-13 12:17:08,336] {dbt_hook.py:130} INFO - 19:17:08
[2022-10-13 12:17:08,336] {dbt_hook.py:130} INFO - 19:17:08  Done. PASS=2 WARN=0 ERROR=0 SKIP=0 TOTAL=2
[2022-10-13 12:17:09,902] {dbt_hook.py:132} INFO - Command exited with return code 0
[2022-10-13 12:17:09,916] {taskinstance.py:1395} INFO - Marking task as SUCCESS. dag_id=dbt, task_id=dbt_run, execution_date=20221013T000000, start_date=20221013T191656, end_date=20221013T191709
[2022-10-13 12:17:09,958] {local_task_job.py:156} INFO - Task exited with return code 0
[2022-10-13 12:17:10,012] {local_task_job.py:273} INFO - 1 downstream tasks scheduled from follow-on schedule check
