[2022-10-10 04:05:20,342] {taskinstance.py:1159} INFO - Dependencies all met for <TaskInstance: dbt.dbt_run manual__2022-10-10T11:04:48.280463+00:00 [queued]>
[2022-10-10 04:05:20,350] {taskinstance.py:1159} INFO - Dependencies all met for <TaskInstance: dbt.dbt_run manual__2022-10-10T11:04:48.280463+00:00 [queued]>
[2022-10-10 04:05:20,350] {taskinstance.py:1356} INFO - 
--------------------------------------------------------------------------------
[2022-10-10 04:05:20,350] {taskinstance.py:1357} INFO - Starting attempt 1 of 1
[2022-10-10 04:05:20,351] {taskinstance.py:1358} INFO - 
--------------------------------------------------------------------------------
[2022-10-10 04:05:20,370] {taskinstance.py:1377} INFO - Executing <Task(DbtRunOperator): dbt_run> on 2022-10-10 11:04:48.280463+00:00
[2022-10-10 04:05:20,374] {standard_task_runner.py:52} INFO - Started process 194008 to run task
[2022-10-10 04:05:20,379] {standard_task_runner.py:79} INFO - Running: ['airflow', 'tasks', 'run', 'dbt', 'dbt_run', 'manual__2022-10-10T11:04:48.280463+00:00', '--job-id', '49', '--raw', '--subdir', 'DAGS_FOLDER/dbt_airflow.py', '--cfg-path', '/tmp/tmpdmdqmn89', '--error-file', '/tmp/tmpcogxf8m6']
[2022-10-10 04:05:20,380] {standard_task_runner.py:80} INFO - Job 49: Subtask dbt_run
[2022-10-10 04:05:20,457] {task_command.py:370} INFO - Running <TaskInstance: dbt.dbt_run manual__2022-10-10T11:04:48.280463+00:00 [running]> on host ubuntu
[2022-10-10 04:05:20,561] {taskinstance.py:1569} INFO - Exporting the following env vars:
AIRFLOW_CTX_DAG_OWNER=airflow
AIRFLOW_CTX_DAG_ID=dbt
AIRFLOW_CTX_TASK_ID=dbt_run
AIRFLOW_CTX_EXECUTION_DATE=2022-10-10T11:04:48.280463+00:00
AIRFLOW_CTX_TRY_NUMBER=1
AIRFLOW_CTX_DAG_RUN_ID=manual__2022-10-10T11:04:48.280463+00:00
[2022-10-10 04:05:20,564] {dbt_hook.py:117} INFO - dbt run --select Core --full-refresh
[2022-10-10 04:05:20,576] {dbt_hook.py:126} INFO - Output:
[2022-10-10 04:05:24,294] {dbt_hook.py:130} INFO - 11:05:24  Running with dbt=1.1.0
[2022-10-10 04:05:24,453] {dbt_hook.py:130} INFO - 11:05:24  Found 6 models, 5 tests, 6 snapshots, 0 analyses, 400 macros, 0 operations, 7 seed files, 2 sources, 0 exposures, 0 metrics
[2022-10-10 04:05:24,455] {dbt_hook.py:130} INFO - 11:05:24
[2022-10-10 04:05:28,008] {dbt_hook.py:130} INFO - 11:05:28  Concurrency: 2 threads (target='dev')
[2022-10-10 04:05:28,008] {dbt_hook.py:130} INFO - 11:05:28
[2022-10-10 04:05:28,012] {dbt_hook.py:130} INFO - 11:05:28  1 of 2 START incremental model DBT_HAMS71.Core_City ............................ [RUN]
[2022-10-10 04:05:28,029] {dbt_hook.py:130} INFO - 11:05:28  2 of 2 START incremental model DBT_HAMS71.Core_Transactions .................... [RUN]
[2022-10-10 04:05:30,372] {dbt_hook.py:130} INFO - 11:05:30  1 of 2 OK created incremental model DBT_HAMS71.Core_City ....................... [[32mSUCCESS 1[0m in 2.36s]
[2022-10-10 04:05:30,520] {dbt_hook.py:130} INFO - 11:05:30  2 of 2 OK created incremental model DBT_HAMS71.Core_Transactions ............... [[32mSUCCESS 1[0m in 2.49s]
[2022-10-10 04:05:30,523] {dbt_hook.py:130} INFO - 11:05:30
[2022-10-10 04:05:30,523] {dbt_hook.py:130} INFO - 11:05:30  Finished running 2 incremental models in 6.07s.
[2022-10-10 04:05:30,544] {dbt_hook.py:130} INFO - 11:05:30
[2022-10-10 04:05:30,544] {dbt_hook.py:130} INFO - 11:05:30  [32mCompleted successfully[0m
[2022-10-10 04:05:30,545] {dbt_hook.py:130} INFO - 11:05:30
[2022-10-10 04:05:30,545] {dbt_hook.py:130} INFO - 11:05:30  Done. PASS=2 WARN=0 ERROR=0 SKIP=0 TOTAL=2
[2022-10-10 04:05:32,204] {dbt_hook.py:132} INFO - Command exited with return code 0
[2022-10-10 04:05:32,249] {taskinstance.py:1395} INFO - Marking task as SUCCESS. dag_id=dbt, task_id=dbt_run, execution_date=20221010T110448, start_date=20221010T110520, end_date=20221010T110532
[2022-10-10 04:05:32,305] {local_task_job.py:156} INFO - Task exited with return code 0
[2022-10-10 04:05:32,361] {local_task_job.py:273} INFO - 1 downstream tasks scheduled from follow-on schedule check
