[2022-10-11 11:51:17,167] {taskinstance.py:1159} INFO - Dependencies all met for <TaskInstance: dbt.dbt_seed manual__2022-10-11T18:51:07.213928+00:00 [queued]>
[2022-10-11 11:51:17,188] {taskinstance.py:1159} INFO - Dependencies all met for <TaskInstance: dbt.dbt_seed manual__2022-10-11T18:51:07.213928+00:00 [queued]>
[2022-10-11 11:51:17,188] {taskinstance.py:1356} INFO - 
--------------------------------------------------------------------------------
[2022-10-11 11:51:17,188] {taskinstance.py:1357} INFO - Starting attempt 1 of 1
[2022-10-11 11:51:17,189] {taskinstance.py:1358} INFO - 
--------------------------------------------------------------------------------
[2022-10-11 11:51:17,227] {taskinstance.py:1377} INFO - Executing <Task(DbtSeedOperator): dbt_seed> on 2022-10-11 18:51:07.213928+00:00
[2022-10-11 11:51:17,233] {standard_task_runner.py:52} INFO - Started process 217415 to run task
[2022-10-11 11:51:17,244] {standard_task_runner.py:79} INFO - Running: ['airflow', 'tasks', 'run', 'dbt', 'dbt_seed', 'manual__2022-10-11T18:51:07.213928+00:00', '--job-id', '55', '--raw', '--subdir', 'DAGS_FOLDER/dbt_airflow.py', '--cfg-path', '/tmp/tmpmsgwnpld', '--error-file', '/tmp/tmp18lvop0x']
[2022-10-11 11:51:17,246] {standard_task_runner.py:80} INFO - Job 55: Subtask dbt_seed
[2022-10-11 11:51:17,340] {task_command.py:370} INFO - Running <TaskInstance: dbt.dbt_seed manual__2022-10-11T18:51:07.213928+00:00 [running]> on host ubuntu
[2022-10-11 11:51:17,421] {taskinstance.py:1569} INFO - Exporting the following env vars:
AIRFLOW_CTX_DAG_OWNER=airflow
AIRFLOW_CTX_DAG_ID=dbt
AIRFLOW_CTX_TASK_ID=dbt_seed
AIRFLOW_CTX_EXECUTION_DATE=2022-10-11T18:51:07.213928+00:00
AIRFLOW_CTX_TRY_NUMBER=1
AIRFLOW_CTX_DAG_RUN_ID=manual__2022-10-11T18:51:07.213928+00:00
[2022-10-11 11:51:17,423] {dbt_hook.py:117} INFO - dbt seed
[2022-10-11 11:51:17,431] {dbt_hook.py:126} INFO - Output:
[2022-10-11 11:51:20,464] {dbt_hook.py:130} INFO - 18:51:20  Running with dbt=1.1.0
[2022-10-11 11:51:20,598] {dbt_hook.py:130} INFO - 18:51:20  Found 6 models, 5 tests, 6 snapshots, 0 analyses, 400 macros, 0 operations, 7 seed files, 2 sources, 0 exposures, 0 metrics
[2022-10-11 11:51:20,600] {dbt_hook.py:130} INFO - 18:51:20
[2022-10-11 11:51:26,286] {dbt_hook.py:130} INFO - 18:51:26  Concurrency: 2 threads (target='dev')
[2022-10-11 11:51:26,286] {dbt_hook.py:130} INFO - 18:51:26
[2022-10-11 11:51:26,295] {dbt_hook.py:130} INFO - 18:51:26  1 of 7 START seed file DBT_HAMS71.STG_Accounts ................................. [RUN]
[2022-10-11 11:51:26,296] {dbt_hook.py:130} INFO - 18:51:26  2 of 7 START seed file DBT_HAMS71.STG_Address .................................. [RUN]
[2022-10-11 11:51:29,975] {dbt_hook.py:130} INFO - 18:51:29  2 of 7 OK loaded seed file DBT_HAMS71.STG_Address .............................. [[32mINSERT 300[0m in 3.68s]
[2022-10-11 11:51:29,976] {dbt_hook.py:130} INFO - 18:51:29  3 of 7 START seed file DBT_HAMS71.STG_Bank ..................................... [RUN]
[2022-10-11 11:51:30,795] {dbt_hook.py:130} INFO - 18:51:30  1 of 7 OK loaded seed file DBT_HAMS71.STG_Accounts ............................. [[32mINSERT 1000[0m in 4.50s]
[2022-10-11 11:51:30,796] {dbt_hook.py:130} INFO - 18:51:30  4 of 7 START seed file DBT_HAMS71.STG_Branch ................................... [RUN]
[2022-10-11 11:51:32,945] {dbt_hook.py:130} INFO - 18:51:32  3 of 7 OK loaded seed file DBT_HAMS71.STG_Bank ................................. [[32mINSERT 1000[0m in 2.97s]
[2022-10-11 11:51:32,946] {dbt_hook.py:130} INFO - 18:51:32  5 of 7 START seed file DBT_HAMS71.STG_City ..................................... [RUN]
[2022-10-11 11:51:33,895] {dbt_hook.py:130} INFO - 18:51:33  4 of 7 OK loaded seed file DBT_HAMS71.STG_Branch ............................... [[32mINSERT 1000[0m in 3.10s]
[2022-10-11 11:51:33,897] {dbt_hook.py:130} INFO - 18:51:33  6 of 7 START seed file DBT_HAMS71.STG_Contact .................................. [RUN]
[2022-10-11 11:51:36,295] {dbt_hook.py:130} INFO - 18:51:36  5 of 7 OK loaded seed file DBT_HAMS71.STG_City ................................. [[32mINSERT 300[0m in 3.35s]
[2022-10-11 11:51:36,296] {dbt_hook.py:130} INFO - 18:51:36  7 of 7 START seed file DBT_HAMS71.STG_Transactions ............................. [RUN]
[2022-10-11 11:51:37,678] {dbt_hook.py:130} INFO - 18:51:37  6 of 7 OK loaded seed file DBT_HAMS71.STG_Contact .............................. [[32mINSERT 1000[0m in 3.77s]
[2022-10-11 11:51:39,576] {dbt_hook.py:130} INFO - 18:51:39  7 of 7 OK loaded seed file DBT_HAMS71.STG_Transactions ......................... [[32mINSERT 1000[0m in 3.28s]
[2022-10-11 11:51:39,578] {dbt_hook.py:130} INFO - 18:51:39
[2022-10-11 11:51:39,579] {dbt_hook.py:130} INFO - 18:51:39  Finished running 7 seeds in 18.98s.
[2022-10-11 11:51:39,592] {dbt_hook.py:130} INFO - 18:51:39
[2022-10-11 11:51:39,592] {dbt_hook.py:130} INFO - 18:51:39  [32mCompleted successfully[0m
[2022-10-11 11:51:39,593] {dbt_hook.py:130} INFO - 18:51:39
[2022-10-11 11:51:39,593] {dbt_hook.py:130} INFO - 18:51:39  Done. PASS=7 WARN=0 ERROR=0 SKIP=0 TOTAL=7
[2022-10-11 11:51:42,646] {dbt_hook.py:132} INFO - Command exited with return code 0
[2022-10-11 11:51:42,658] {taskinstance.py:1395} INFO - Marking task as SUCCESS. dag_id=dbt, task_id=dbt_seed, execution_date=20221011T185107, start_date=20221011T185117, end_date=20221011T185142
[2022-10-11 11:51:42,696] {local_task_job.py:156} INFO - Task exited with return code 0
[2022-10-11 11:51:42,730] {local_task_job.py:273} INFO - 1 downstream tasks scheduled from follow-on schedule check
