[2022-10-17 11:02:24,943] {taskinstance.py:1159} INFO - Dependencies all met for <TaskInstance: dbt_dag_bash.dbt_seed scheduled__2022-10-16T00:00:00+00:00 [queued]>
[2022-10-17 11:02:24,952] {taskinstance.py:1159} INFO - Dependencies all met for <TaskInstance: dbt_dag_bash.dbt_seed scheduled__2022-10-16T00:00:00+00:00 [queued]>
[2022-10-17 11:02:24,952] {taskinstance.py:1356} INFO - 
--------------------------------------------------------------------------------
[2022-10-17 11:02:24,953] {taskinstance.py:1357} INFO - Starting attempt 1 of 1
[2022-10-17 11:02:24,953] {taskinstance.py:1358} INFO - 
--------------------------------------------------------------------------------
[2022-10-17 11:02:24,968] {taskinstance.py:1377} INFO - Executing <Task(BashOperator): dbt_seed> on 2022-10-16 00:00:00+00:00
[2022-10-17 11:02:24,970] {standard_task_runner.py:52} INFO - Started process 262705 to run task
[2022-10-17 11:02:24,984] {standard_task_runner.py:79} INFO - Running: ['airflow', 'tasks', 'run', 'dbt_dag_bash', 'dbt_seed', 'scheduled__2022-10-16T00:00:00+00:00', '--job-id', '115', '--raw', '--subdir', 'DAGS_FOLDER/dbt_bashOperator.py', '--cfg-path', '/tmp/tmpnco_ogbl', '--error-file', '/tmp/tmp356uq6ds']
[2022-10-17 11:02:24,984] {standard_task_runner.py:80} INFO - Job 115: Subtask dbt_seed
[2022-10-17 11:02:25,028] {task_command.py:370} INFO - Running <TaskInstance: dbt_dag_bash.dbt_seed scheduled__2022-10-16T00:00:00+00:00 [running]> on host ubuntu
[2022-10-17 11:02:25,097] {taskinstance.py:1569} INFO - Exporting the following env vars:
AIRFLOW_CTX_DAG_OWNER=airflow
AIRFLOW_CTX_DAG_ID=dbt_dag_bash
AIRFLOW_CTX_TASK_ID=dbt_seed
AIRFLOW_CTX_EXECUTION_DATE=2022-10-16T00:00:00+00:00
AIRFLOW_CTX_TRY_NUMBER=1
AIRFLOW_CTX_DAG_RUN_ID=scheduled__2022-10-16T00:00:00+00:00
[2022-10-17 11:02:25,099] {subprocess.py:62} INFO - Tmp dir root location: 
 /tmp
[2022-10-17 11:02:25,100] {subprocess.py:74} INFO - Running command: ['bash', '-c', 'cd /home/ubuntu/airflow/dbt_project/ && dbt seed --full-refresh']
[2022-10-17 11:02:25,107] {subprocess.py:85} INFO - Output:
[2022-10-17 11:02:28,505] {subprocess.py:92} INFO - 18:02:28  Running with dbt=1.1.0
[2022-10-17 11:02:28,603] {subprocess.py:92} INFO - 18:02:28  Found 6 models, 5 tests, 6 snapshots, 0 analyses, 400 macros, 0 operations, 7 seed files, 2 sources, 0 exposures, 0 metrics
[2022-10-17 11:02:28,606] {subprocess.py:92} INFO - 18:02:28
[2022-10-17 11:02:33,544] {subprocess.py:92} INFO - 18:02:33  Concurrency: 2 threads (target='dev')
[2022-10-17 11:02:33,544] {subprocess.py:92} INFO - 18:02:33
[2022-10-17 11:02:33,551] {subprocess.py:92} INFO - 18:02:33  1 of 7 START seed file DBT_HAMS71.STG_Accounts ................................. [RUN]
[2022-10-17 11:02:33,552] {subprocess.py:92} INFO - 18:02:33  2 of 7 START seed file DBT_HAMS71.STG_Address .................................. [RUN]
[2022-10-17 11:02:43,092] {subprocess.py:92} INFO - 18:02:43  2 of 7 OK loaded seed file DBT_HAMS71.STG_Address .............................. [[32mCREATE 300[0m in 9.54s]
[2022-10-17 11:02:43,093] {subprocess.py:92} INFO - 18:02:43  3 of 7 START seed file DBT_HAMS71.STG_Bank ..................................... [RUN]
[2022-10-17 11:02:44,273] {subprocess.py:92} INFO - 18:02:44  1 of 7 OK loaded seed file DBT_HAMS71.STG_Accounts ............................. [[32mCREATE 1000[0m in 10.72s]
[2022-10-17 11:02:44,276] {subprocess.py:92} INFO - 18:02:44  4 of 7 START seed file DBT_HAMS71.STG_Branch ................................... [RUN]
[2022-10-17 11:02:52,805] {subprocess.py:92} INFO - 18:02:52  3 of 7 OK loaded seed file DBT_HAMS71.STG_Bank ................................. [[32mCREATE 1000[0m in 9.71s]
[2022-10-17 11:02:52,807] {subprocess.py:92} INFO - 18:02:52  5 of 7 START seed file DBT_HAMS71.STG_City ..................................... [RUN]
[2022-10-17 11:02:54,641] {subprocess.py:92} INFO - 18:02:54  4 of 7 OK loaded seed file DBT_HAMS71.STG_Branch ............................... [[32mCREATE 1000[0m in 10.36s]
[2022-10-17 11:02:54,643] {subprocess.py:92} INFO - 18:02:54  6 of 7 START seed file DBT_HAMS71.STG_Contact .................................. [RUN]
[2022-10-17 11:03:00,704] {subprocess.py:92} INFO - 18:03:00  6 of 7 OK loaded seed file DBT_HAMS71.STG_Contact .............................. [[32mCREATE 1000[0m in 6.06s]
[2022-10-17 11:03:00,706] {subprocess.py:92} INFO - 18:03:00  7 of 7 START seed file DBT_HAMS71.STG_Transactions ............................. [RUN]
[2022-10-17 11:03:03,629] {subprocess.py:92} INFO - 18:03:03  5 of 7 OK loaded seed file DBT_HAMS71.STG_City ................................. [[32mCREATE 300[0m in 10.82s]
[2022-10-17 11:03:04,053] {subprocess.py:92} INFO - 18:03:04  7 of 7 OK loaded seed file DBT_HAMS71.STG_Transactions ......................... [[32mCREATE 1000[0m in 3.35s]
[2022-10-17 11:03:04,058] {subprocess.py:92} INFO - 18:03:04
[2022-10-17 11:03:04,058] {subprocess.py:92} INFO - 18:03:04  Finished running 7 seeds in 35.45s.
[2022-10-17 11:03:04,070] {subprocess.py:92} INFO - 18:03:04
[2022-10-17 11:03:04,070] {subprocess.py:92} INFO - 18:03:04  [32mCompleted successfully[0m
[2022-10-17 11:03:04,071] {subprocess.py:92} INFO - 18:03:04
[2022-10-17 11:03:04,071] {subprocess.py:92} INFO - 18:03:04  Done. PASS=7 WARN=0 ERROR=0 SKIP=0 TOTAL=7
[2022-10-17 11:03:05,750] {subprocess.py:96} INFO - Command exited with return code 0
[2022-10-17 11:03:05,771] {taskinstance.py:1395} INFO - Marking task as SUCCESS. dag_id=dbt_dag_bash, task_id=dbt_seed, execution_date=20221016T000000, start_date=20221017T180224, end_date=20221017T180305
[2022-10-17 11:03:05,799] {local_task_job.py:156} INFO - Task exited with return code 0
[2022-10-17 11:03:05,821] {local_task_job.py:273} INFO - 1 downstream tasks scheduled from follow-on schedule check
