[2022-10-18 00:11:45,122] {taskinstance.py:1159} INFO - Dependencies all met for <TaskInstance: dbt.dbt_run scheduled__2022-10-17T00:00:00+00:00 [queued]>
[2022-10-18 00:11:45,127] {taskinstance.py:1159} INFO - Dependencies all met for <TaskInstance: dbt.dbt_run scheduled__2022-10-17T00:00:00+00:00 [queued]>
[2022-10-18 00:11:45,128] {taskinstance.py:1356} INFO - 
--------------------------------------------------------------------------------
[2022-10-18 00:11:45,128] {taskinstance.py:1357} INFO - Starting attempt 1 of 1
[2022-10-18 00:11:45,128] {taskinstance.py:1358} INFO - 
--------------------------------------------------------------------------------
[2022-10-18 00:11:45,138] {taskinstance.py:1377} INFO - Executing <Task(DbtRunOperator): dbt_run> on 2022-10-17 00:00:00+00:00
[2022-10-18 00:11:45,142] {standard_task_runner.py:52} INFO - Started process 265269 to run task
[2022-10-18 00:11:45,146] {standard_task_runner.py:79} INFO - Running: ['airflow', 'tasks', 'run', 'dbt', 'dbt_run', 'scheduled__2022-10-17T00:00:00+00:00', '--job-id', '127', '--raw', '--subdir', 'DAGS_FOLDER/dbt_airflow.py', '--cfg-path', '/tmp/tmpilli2xh9', '--error-file', '/tmp/tmpjob0sa17']
[2022-10-18 00:11:45,147] {standard_task_runner.py:80} INFO - Job 127: Subtask dbt_run
[2022-10-18 00:11:45,190] {task_command.py:370} INFO - Running <TaskInstance: dbt.dbt_run scheduled__2022-10-17T00:00:00+00:00 [running]> on host ubuntu
[2022-10-18 00:11:45,238] {taskinstance.py:1569} INFO - Exporting the following env vars:
AIRFLOW_CTX_DAG_OWNER=airflow
AIRFLOW_CTX_DAG_ID=dbt
AIRFLOW_CTX_TASK_ID=dbt_run
AIRFLOW_CTX_EXECUTION_DATE=2022-10-17T00:00:00+00:00
AIRFLOW_CTX_TRY_NUMBER=1
AIRFLOW_CTX_DAG_RUN_ID=scheduled__2022-10-17T00:00:00+00:00
[2022-10-18 00:11:45,239] {dbt_hook.py:117} INFO - dbt run --select Core --full-refresh
[2022-10-18 00:11:45,244] {dbt_hook.py:126} INFO - Output:
[2022-10-18 00:11:47,928] {dbt_hook.py:130} INFO - 07:11:47  Running with dbt=1.1.0
[2022-10-18 00:11:48,051] {dbt_hook.py:130} INFO - 07:11:48  Found 6 models, 5 tests, 6 snapshots, 0 analyses, 400 macros, 0 operations, 7 seed files, 2 sources, 0 exposures, 0 metrics
[2022-10-18 00:11:48,053] {dbt_hook.py:130} INFO - 07:11:48
[2022-10-18 00:11:51,959] {dbt_hook.py:130} INFO - 07:11:51  Concurrency: 2 threads (target='dev')
[2022-10-18 00:11:51,960] {dbt_hook.py:130} INFO - 07:11:51
[2022-10-18 00:11:51,973] {dbt_hook.py:130} INFO - 07:11:51  1 of 2 START incremental model DBT_HAMS71.Core_City ............................ [RUN]
[2022-10-18 00:11:51,974] {dbt_hook.py:130} INFO - 07:11:51  2 of 2 START incremental model DBT_HAMS71.Core_Transactions .................... [RUN]
[2022-10-18 00:11:54,290] {dbt_hook.py:130} INFO - 07:11:54  2 of 2 OK created incremental model DBT_HAMS71.Core_Transactions ............... [[32mSUCCESS 1[0m in 2.31s]
[2022-10-18 00:11:54,291] {dbt_hook.py:130} INFO - 07:11:54  1 of 2 OK created incremental model DBT_HAMS71.Core_City ....................... [[32mSUCCESS 1[0m in 2.32s]
[2022-10-18 00:11:54,293] {dbt_hook.py:130} INFO - 07:11:54
[2022-10-18 00:11:54,294] {dbt_hook.py:130} INFO - 07:11:54  Finished running 2 incremental models in 6.24s.
[2022-10-18 00:11:54,309] {dbt_hook.py:130} INFO - 07:11:54
[2022-10-18 00:11:54,310] {dbt_hook.py:130} INFO - 07:11:54  [32mCompleted successfully[0m
[2022-10-18 00:11:54,310] {dbt_hook.py:130} INFO - 07:11:54
[2022-10-18 00:11:54,311] {dbt_hook.py:130} INFO - 07:11:54  Done. PASS=2 WARN=0 ERROR=0 SKIP=0 TOTAL=2
[2022-10-18 00:11:56,059] {dbt_hook.py:132} INFO - Command exited with return code 0
[2022-10-18 00:11:56,072] {taskinstance.py:1395} INFO - Marking task as SUCCESS. dag_id=dbt, task_id=dbt_run, execution_date=20221017T000000, start_date=20221018T071145, end_date=20221018T071156
[2022-10-18 00:11:56,120] {local_task_job.py:156} INFO - Task exited with return code 0
[2022-10-18 00:11:56,149] {local_task_job.py:273} INFO - 1 downstream tasks scheduled from follow-on schedule check
