[2022-10-16 22:38:40,441] {taskinstance.py:1159} INFO - Dependencies all met for <TaskInstance: dbt_dag_bash.dbt_project scheduled__2022-10-13T00:00:00+00:00 [queued]>
[2022-10-16 22:38:40,449] {taskinstance.py:1159} INFO - Dependencies all met for <TaskInstance: dbt_dag_bash.dbt_project scheduled__2022-10-13T00:00:00+00:00 [queued]>
[2022-10-16 22:38:40,449] {taskinstance.py:1356} INFO - 
--------------------------------------------------------------------------------
[2022-10-16 22:38:40,449] {taskinstance.py:1357} INFO - Starting attempt 1 of 1
[2022-10-16 22:38:40,449] {taskinstance.py:1358} INFO - 
--------------------------------------------------------------------------------
[2022-10-16 22:38:40,469] {taskinstance.py:1377} INFO - Executing <Task(BashOperator): dbt_project> on 2022-10-13 00:00:00+00:00
[2022-10-16 22:38:40,473] {standard_task_runner.py:52} INFO - Started process 253100 to run task
[2022-10-16 22:38:40,483] {standard_task_runner.py:79} INFO - Running: ['airflow', 'tasks', 'run', 'dbt_dag_bash', 'dbt_project', 'scheduled__2022-10-13T00:00:00+00:00', '--job-id', '95', '--raw', '--subdir', 'DAGS_FOLDER/dbt_bashOperator.py', '--cfg-path', '/tmp/tmp71wp039r', '--error-file', '/tmp/tmp5ad5ppqf']
[2022-10-16 22:38:40,484] {standard_task_runner.py:80} INFO - Job 95: Subtask dbt_project
[2022-10-16 22:38:40,764] {task_command.py:370} INFO - Running <TaskInstance: dbt_dag_bash.dbt_project scheduled__2022-10-13T00:00:00+00:00 [running]> on host ubuntu
[2022-10-16 22:38:41,257] {taskinstance.py:1569} INFO - Exporting the following env vars:
AIRFLOW_CTX_DAG_OWNER=airflow
AIRFLOW_CTX_DAG_ID=dbt_dag_bash
AIRFLOW_CTX_TASK_ID=dbt_project
AIRFLOW_CTX_EXECUTION_DATE=2022-10-13T00:00:00+00:00
AIRFLOW_CTX_TRY_NUMBER=1
AIRFLOW_CTX_DAG_RUN_ID=scheduled__2022-10-13T00:00:00+00:00
[2022-10-16 22:38:41,269] {subprocess.py:62} INFO - Tmp dir root location: 
 /tmp
[2022-10-16 22:38:41,286] {subprocess.py:74} INFO - Running command: ['bash', '-c', 'cd /home/ubuntu/airflow/dbt_project/']
[2022-10-16 22:38:41,362] {subprocess.py:85} INFO - Output:
[2022-10-16 22:38:41,372] {subprocess.py:96} INFO - Command exited with return code 0
[2022-10-16 22:38:41,490] {taskinstance.py:1395} INFO - Marking task as SUCCESS. dag_id=dbt_dag_bash, task_id=dbt_project, execution_date=20221013T000000, start_date=20221017T053840, end_date=20221017T053841
[2022-10-16 22:38:41,582] {local_task_job.py:156} INFO - Task exited with return code 0
[2022-10-16 22:38:41,692] {local_task_job.py:273} INFO - 1 downstream tasks scheduled from follow-on schedule check
